[2026-05-06T17:25:31.634+0000] {local_task_job_runner.py:123} INFO - ::group::Pre task execution logs
[2026-05-06T17:25:31.663+0000] {taskinstance.py:2614} INFO - Dependencies all met for dep_context=non-requeueable deps ti=<TaskInstance: dag_bronze_products.show_bronze_products_context manual__2026-05-06T17:25:29.381064+00:00 [queued]>
[2026-05-06T17:25:31.674+0000] {taskinstance.py:2614} INFO - Dependencies all met for dep_context=requeueable deps ti=<TaskInstance: dag_bronze_products.show_bronze_products_context manual__2026-05-06T17:25:29.381064+00:00 [queued]>
[2026-05-06T17:25:31.674+0000] {taskinstance.py:2867} INFO - Starting attempt 1 of 1
[2026-05-06T17:25:31.688+0000] {taskinstance.py:2890} INFO - Executing <Task(PythonOperator): show_bronze_products_context> on 2026-05-06 17:25:29.381064+00:00
[2026-05-06T17:25:31.696+0000] {standard_task_runner.py:104} INFO - Running: ['***', 'tasks', 'run', 'dag_bronze_products', 'show_bronze_products_context', 'manual__2026-05-06T17:25:29.381064+00:00', '--job-id', '92', '--raw', '--subdir', 'DAGS_FOLDER/dag_bronze_products.py', '--cfg-path', '/tmp/tmpzc043js5']
[2026-05-06T17:25:31.698+0000] {standard_task_runner.py:105} INFO - Job 92: Subtask show_bronze_products_context
[2026-05-06T17:25:31.700+0000] {logging_mixin.py:190} WARNING - /home/***/.local/lib/python3.12/site-packages/***/task/task_runner/standard_task_runner.py:70 DeprecationWarning: This process (pid=478) is multi-threaded, use of fork() may lead to deadlocks in the child.
[2026-05-06T17:25:31.700+0000] {standard_task_runner.py:72} INFO - Started process 479 to run task
[2026-05-06T17:25:31.762+0000] {task_command.py:467} INFO - Running <TaskInstance: dag_bronze_products.show_bronze_products_context manual__2026-05-06T17:25:29.381064+00:00 [running]> on host 7dc4cb1ea27d
[2026-05-06T17:25:31.866+0000] {taskinstance.py:3134} INFO - Exporting env vars: AIRFLOW_CTX_DAG_OWNER='***' AIRFLOW_CTX_DAG_ID='dag_bronze_products' AIRFLOW_CTX_TASK_ID='show_bronze_products_context' AIRFLOW_CTX_EXECUTION_DATE='2026-05-06T17:25:29.381064+00:00' AIRFLOW_CTX_TRY_NUMBER='1' AIRFLOW_CTX_DAG_RUN_ID='manual__2026-05-06T17:25:29.381064+00:00'
[2026-05-06T17:25:31.867+0000] {taskinstance.py:732} INFO - ::endgroup::
[2026-05-06T17:25:31.905+0000] {logging_mixin.py:190} INFO - ==================================================
[2026-05-06T17:25:31.905+0000] {logging_mixin.py:190} INFO - Retail Lakehouse - Contexto Bronze products
[2026-05-06T17:25:31.905+0000] {logging_mixin.py:190} INFO - LOCAL_RAW_DIR=./data/raw
[2026-05-06T17:25:31.905+0000] {logging_mixin.py:190} INFO - LOCAL_BRONZE_DIR=./data/bronze
[2026-05-06T17:25:31.906+0000] {logging_mixin.py:190} INFO - Objetivo: transformar raw de products em Bronze Parquet
[2026-05-06T17:25:31.906+0000] {logging_mixin.py:190} INFO - Execução real do job: container Spark
[2026-05-06T17:25:31.906+0000] {logging_mixin.py:190} INFO - ==================================================
[2026-05-06T17:25:31.906+0000] {python.py:240} INFO - Done. Returned value was: None
[2026-05-06T17:25:31.919+0000] {taskinstance.py:341} INFO - ::group::Post task execution logs
[2026-05-06T17:25:31.920+0000] {taskinstance.py:353} INFO - Marking task as SUCCESS. dag_id=dag_bronze_products, task_id=show_bronze_products_context, run_id=manual__2026-05-06T17:25:29.381064+00:00, execution_date=20260506T172529, start_date=20260506T172531, end_date=20260506T172531
[2026-05-06T17:25:31.995+0000] {local_task_job_runner.py:266} INFO - Task exited with return code 0
[2026-05-06T17:25:32.042+0000] {taskinstance.py:3901} INFO - 1 downstream tasks scheduled from follow-on schedule check
[2026-05-06T17:25:32.066+0000] {local_task_job_runner.py:245} INFO - ::endgroup::
