[2026-05-31T15:12:35.073+0000] {local_task_job_runner.py:123} INFO - ::group::Pre task execution logs
[2026-05-31T15:12:35.102+0000] {taskinstance.py:2614} INFO - Dependencies all met for dep_context=non-requeueable deps ti=<TaskInstance: dag_bronze_order_products_prior.run_bronze_order_products_prior manual__2026-05-31T15:12:31.637892+00:00 [queued]>
[2026-05-31T15:12:35.121+0000] {taskinstance.py:2614} INFO - Dependencies all met for dep_context=requeueable deps ti=<TaskInstance: dag_bronze_order_products_prior.run_bronze_order_products_prior manual__2026-05-31T15:12:31.637892+00:00 [queued]>
[2026-05-31T15:12:35.121+0000] {taskinstance.py:2867} INFO - Starting attempt 1 of 1
[2026-05-31T15:12:35.136+0000] {taskinstance.py:2890} INFO - Executing <Task(BashOperator): run_bronze_order_products_prior> on 2026-05-31 15:12:31.637892+00:00
[2026-05-31T15:12:35.147+0000] {standard_task_runner.py:104} INFO - Running: ['***', 'tasks', 'run', 'dag_bronze_order_products_prior', 'run_bronze_order_products_prior', 'manual__2026-05-31T15:12:31.637892+00:00', '--job-id', '131', '--raw', '--subdir', 'DAGS_FOLDER/dag_bronze_order_products_prior.py', '--cfg-path', '/tmp/tmpqv5btup4']
[2026-05-31T15:12:35.150+0000] {standard_task_runner.py:105} INFO - Job 131: Subtask run_bronze_order_products_prior
[2026-05-31T15:12:35.151+0000] {logging_mixin.py:190} WARNING - /home/***/.local/lib/python3.12/site-packages/***/task/task_runner/standard_task_runner.py:70 DeprecationWarning: This process (pid=484) is multi-threaded, use of fork() may lead to deadlocks in the child.
[2026-05-31T15:12:35.154+0000] {standard_task_runner.py:72} INFO - Started process 485 to run task
[2026-05-31T15:12:35.213+0000] {task_command.py:467} INFO - Running <TaskInstance: dag_bronze_order_products_prior.run_bronze_order_products_prior manual__2026-05-31T15:12:31.637892+00:00 [running]> on host 71f672a92783
[2026-05-31T15:12:35.390+0000] {taskinstance.py:3134} INFO - Exporting env vars: AIRFLOW_CTX_DAG_OWNER='***' AIRFLOW_CTX_DAG_ID='dag_bronze_order_products_prior' AIRFLOW_CTX_TASK_ID='run_bronze_order_products_prior' AIRFLOW_CTX_EXECUTION_DATE='2026-05-31T15:12:31.637892+00:00' AIRFLOW_CTX_TRY_NUMBER='1' AIRFLOW_CTX_DAG_RUN_ID='manual__2026-05-31T15:12:31.637892+00:00'
[2026-05-31T15:12:35.391+0000] {taskinstance.py:732} INFO - ::endgroup::
[2026-05-31T15:12:35.405+0000] {subprocess.py:78} INFO - Tmp dir root location: /tmp
[2026-05-31T15:12:35.406+0000] {subprocess.py:88} INFO - Running command: ['/usr/bin/bash', '-c', 'docker exec retail_lakehouse_spark spark-submit --master local[*] /opt/spark-apps/jobs/bronze/bronze_order_products_prior.py']
[2026-05-31T15:12:35.421+0000] {subprocess.py:99} INFO - Output:
[2026-05-31T15:12:35.584+0000] {subprocess.py:106} INFO - permission denied while trying to connect to the Docker daemon socket at unix:///var/run/docker.sock: Get "http://%2Fvar%2Frun%2Fdocker.sock/v1.47/containers/retail_lakehouse_spark/json": dial unix /var/run/docker.sock: connect: permission denied
[2026-05-31T15:12:35.586+0000] {subprocess.py:110} INFO - Command exited with return code 1
[2026-05-31T15:12:35.601+0000] {taskinstance.py:3313} ERROR - Task failed with exception
Traceback (most recent call last):
  File "/home/airflow/.local/lib/python3.12/site-packages/airflow/models/taskinstance.py", line 768, in _execute_task
    result = _execute_callable(context=context, **execute_callable_kwargs)
             ^^^^^^^^^^^^^^^^^^^^^^^^^^^^^^^^^^^^^^^^^^^^^^^^^^^^^^^^^^^^^
  File "/home/airflow/.local/lib/python3.12/site-packages/airflow/models/taskinstance.py", line 734, in _execute_callable
    return ExecutionCallableRunner(
           ^^^^^^^^^^^^^^^^^^^^^^^^
  File "/home/airflow/.local/lib/python3.12/site-packages/airflow/utils/operator_helpers.py", line 252, in run
    return self.func(*args, **kwargs)
           ^^^^^^^^^^^^^^^^^^^^^^^^^^
  File "/home/airflow/.local/lib/python3.12/site-packages/airflow/models/baseoperator.py", line 424, in wrapper
    return func(self, *args, **kwargs)
           ^^^^^^^^^^^^^^^^^^^^^^^^^^^
  File "/home/airflow/.local/lib/python3.12/site-packages/airflow/operators/bash.py", line 276, in execute
    raise AirflowException(
airflow.exceptions.AirflowException: Bash command failed. The command returned a non-zero exit code 1.
[2026-05-31T15:12:35.605+0000] {taskinstance.py:1226} INFO - Marking task as FAILED. dag_id=dag_bronze_order_products_prior, task_id=run_bronze_order_products_prior, run_id=manual__2026-05-31T15:12:31.637892+00:00, execution_date=20260531T151231, start_date=20260531T151235, end_date=20260531T151235
[2026-05-31T15:12:35.643+0000] {taskinstance.py:341} INFO - ::group::Post task execution logs
[2026-05-31T15:12:35.644+0000] {standard_task_runner.py:124} ERROR - Failed to execute job 131 for task run_bronze_order_products_prior (Bash command failed. The command returned a non-zero exit code 1.; 485)
Traceback (most recent call last):
  File "/home/airflow/.local/lib/python3.12/site-packages/airflow/task/task_runner/standard_task_runner.py", line 117, in _start_by_fork
    ret = args.func(args, dag=self.dag)
          ^^^^^^^^^^^^^^^^^^^^^^^^^^^^^
  File "/home/airflow/.local/lib/python3.12/site-packages/airflow/cli/cli_config.py", line 49, in command
    return func(*args, **kwargs)
           ^^^^^^^^^^^^^^^^^^^^^
  File "/home/airflow/.local/lib/python3.12/site-packages/airflow/utils/cli.py", line 116, in wrapper
    return f(*args, **kwargs)
           ^^^^^^^^^^^^^^^^^^
  File "/home/airflow/.local/lib/python3.12/site-packages/airflow/cli/commands/task_command.py", line 483, in task_run
    task_return_code = _run_task_by_selected_method(args, _dag, ti)
                       ^^^^^^^^^^^^^^^^^^^^^^^^^^^^^^^^^^^^^^^^^^^^
  File "/home/airflow/.local/lib/python3.12/site-packages/airflow/cli/commands/task_command.py", line 256, in _run_task_by_selected_method
    return _run_raw_task(args, ti)
           ^^^^^^^^^^^^^^^^^^^^^^^
  File "/home/airflow/.local/lib/python3.12/site-packages/airflow/cli/commands/task_command.py", line 341, in _run_raw_task
    return ti._run_raw_task(
           ^^^^^^^^^^^^^^^^^
  File "/home/airflow/.local/lib/python3.12/site-packages/airflow/utils/session.py", line 97, in wrapper
    return func(*args, session=session, **kwargs)
           ^^^^^^^^^^^^^^^^^^^^^^^^^^^^^^^^^^^^^^
  File "/home/airflow/.local/lib/python3.12/site-packages/airflow/models/taskinstance.py", line 3006, in _run_raw_task
    return _run_raw_task(
           ^^^^^^^^^^^^^^
  File "/home/airflow/.local/lib/python3.12/site-packages/airflow/models/taskinstance.py", line 274, in _run_raw_task
    TaskInstance._execute_task_with_callbacks(
  File "/home/airflow/.local/lib/python3.12/site-packages/airflow/models/taskinstance.py", line 3161, in _execute_task_with_callbacks
    result = self._execute_task(context, task_orig)
             ^^^^^^^^^^^^^^^^^^^^^^^^^^^^^^^^^^^^^^
  File "/home/airflow/.local/lib/python3.12/site-packages/airflow/models/taskinstance.py", line 3185, in _execute_task
    return _execute_task(self, context, task_orig)
           ^^^^^^^^^^^^^^^^^^^^^^^^^^^^^^^^^^^^^^^
  File "/home/airflow/.local/lib/python3.12/site-packages/airflow/models/taskinstance.py", line 768, in _execute_task
    result = _execute_callable(context=context, **execute_callable_kwargs)
             ^^^^^^^^^^^^^^^^^^^^^^^^^^^^^^^^^^^^^^^^^^^^^^^^^^^^^^^^^^^^^
  File "/home/airflow/.local/lib/python3.12/site-packages/airflow/models/taskinstance.py", line 734, in _execute_callable
    return ExecutionCallableRunner(
           ^^^^^^^^^^^^^^^^^^^^^^^^
  File "/home/airflow/.local/lib/python3.12/site-packages/airflow/utils/operator_helpers.py", line 252, in run
    return self.func(*args, **kwargs)
           ^^^^^^^^^^^^^^^^^^^^^^^^^^
  File "/home/airflow/.local/lib/python3.12/site-packages/airflow/models/baseoperator.py", line 424, in wrapper
    return func(self, *args, **kwargs)
           ^^^^^^^^^^^^^^^^^^^^^^^^^^^
  File "/home/airflow/.local/lib/python3.12/site-packages/airflow/operators/bash.py", line 276, in execute
    raise AirflowException(
airflow.exceptions.AirflowException: Bash command failed. The command returned a non-zero exit code 1.
[2026-05-31T15:12:35.692+0000] {local_task_job_runner.py:266} INFO - Task exited with return code 1
[2026-05-31T15:12:35.721+0000] {taskinstance.py:3901} INFO - 0 downstream tasks scheduled from follow-on schedule check
[2026-05-31T15:12:35.813+0000] {local_task_job_runner.py:245} INFO - ::endgroup::
