[2026-04-28T01:40:56.779+0000] {local_task_job_runner.py:123} INFO - ::group::Pre task execution logs
[2026-04-28T01:40:56.803+0000] {taskinstance.py:2614} INFO - Dependencies all met for dep_context=non-requeueable deps ti=<TaskInstance: dag_bronze_departments.show_bronze_departments_context manual__2026-04-28T01:40:54.421335+00:00 [queued]>
[2026-04-28T01:40:56.813+0000] {taskinstance.py:2614} INFO - Dependencies all met for dep_context=requeueable deps ti=<TaskInstance: dag_bronze_departments.show_bronze_departments_context manual__2026-04-28T01:40:54.421335+00:00 [queued]>
[2026-04-28T01:40:56.813+0000] {taskinstance.py:2867} INFO - Starting attempt 1 of 1
[2026-04-28T01:40:56.841+0000] {taskinstance.py:2890} INFO - Executing <Task(PythonOperator): show_bronze_departments_context> on 2026-04-28 01:40:54.421335+00:00
[2026-04-28T01:40:56.850+0000] {standard_task_runner.py:104} INFO - Running: ['***', 'tasks', 'run', 'dag_bronze_departments', 'show_bronze_departments_context', 'manual__2026-04-28T01:40:54.421335+00:00', '--job-id', '43', '--raw', '--subdir', 'DAGS_FOLDER/dag_bronze_departments.py', '--cfg-path', '/tmp/tmpeq72wl4v']
[2026-04-28T01:40:56.852+0000] {standard_task_runner.py:105} INFO - Job 43: Subtask show_bronze_departments_context
[2026-04-28T01:40:56.853+0000] {logging_mixin.py:190} WARNING - /home/***/.local/lib/python3.12/site-packages/***/task/task_runner/standard_task_runner.py:70 DeprecationWarning: This process (pid=321) is multi-threaded, use of fork() may lead to deadlocks in the child.
[2026-04-28T01:40:56.853+0000] {standard_task_runner.py:72} INFO - Started process 322 to run task
[2026-04-28T01:40:56.903+0000] {task_command.py:467} INFO - Running <TaskInstance: dag_bronze_departments.show_bronze_departments_context manual__2026-04-28T01:40:54.421335+00:00 [running]> on host a9d1a2616331
[2026-04-28T01:40:56.995+0000] {taskinstance.py:3134} INFO - Exporting env vars: AIRFLOW_CTX_DAG_OWNER='***' AIRFLOW_CTX_DAG_ID='dag_bronze_departments' AIRFLOW_CTX_TASK_ID='show_bronze_departments_context' AIRFLOW_CTX_EXECUTION_DATE='2026-04-28T01:40:54.421335+00:00' AIRFLOW_CTX_TRY_NUMBER='1' AIRFLOW_CTX_DAG_RUN_ID='manual__2026-04-28T01:40:54.421335+00:00'
[2026-04-28T01:40:56.996+0000] {taskinstance.py:732} INFO - ::endgroup::
[2026-04-28T01:40:57.032+0000] {logging_mixin.py:190} INFO - ==================================================
[2026-04-28T01:40:57.032+0000] {logging_mixin.py:190} INFO - Retail Lakehouse - Contexto Bronze departments
[2026-04-28T01:40:57.033+0000] {logging_mixin.py:190} INFO - LOCAL_RAW_DIR=./data/raw
[2026-04-28T01:40:57.033+0000] {logging_mixin.py:190} INFO - LOCAL_BRONZE_DIR=./data/bronze
[2026-04-28T01:40:57.033+0000] {logging_mixin.py:190} INFO - SPARK_MASTER=local[*]
[2026-04-28T01:40:57.033+0000] {logging_mixin.py:190} INFO - Objetivo: transformar raw de departments em Bronze Parquet
[2026-04-28T01:40:57.033+0000] {logging_mixin.py:190} INFO - ==================================================
[2026-04-28T01:40:57.034+0000] {python.py:240} INFO - Done. Returned value was: None
[2026-04-28T01:40:57.046+0000] {taskinstance.py:341} INFO - ::group::Post task execution logs
[2026-04-28T01:40:57.046+0000] {taskinstance.py:353} INFO - Marking task as SUCCESS. dag_id=dag_bronze_departments, task_id=show_bronze_departments_context, run_id=manual__2026-04-28T01:40:54.421335+00:00, execution_date=20260428T014054, start_date=20260428T014056, end_date=20260428T014057
[2026-04-28T01:40:57.107+0000] {local_task_job_runner.py:266} INFO - Task exited with return code 0
[2026-04-28T01:40:57.141+0000] {taskinstance.py:3901} INFO - 1 downstream tasks scheduled from follow-on schedule check
[2026-04-28T01:40:57.159+0000] {local_task_job_runner.py:245} INFO - ::endgroup::
