[2026-05-18T13:28:01.212+0000] {local_task_job_runner.py:123} INFO - ::group::Pre task execution logs
[2026-05-18T13:28:01.237+0000] {taskinstance.py:2614} INFO - Dependencies all met for dep_context=non-requeueable deps ti=<TaskInstance: dag_bronze_orders.show_bronze_orders_context manual__2026-05-18T13:27:59.055117+00:00 [queued]>
[2026-05-18T13:28:01.246+0000] {taskinstance.py:2614} INFO - Dependencies all met for dep_context=requeueable deps ti=<TaskInstance: dag_bronze_orders.show_bronze_orders_context manual__2026-05-18T13:27:59.055117+00:00 [queued]>
[2026-05-18T13:28:01.247+0000] {taskinstance.py:2867} INFO - Starting attempt 1 of 1
[2026-05-18T13:28:01.262+0000] {taskinstance.py:2890} INFO - Executing <Task(PythonOperator): show_bronze_orders_context> on 2026-05-18 13:27:59.055117+00:00
[2026-05-18T13:28:01.271+0000] {standard_task_runner.py:104} INFO - Running: ['***', 'tasks', 'run', 'dag_bronze_orders', 'show_bronze_orders_context', 'manual__2026-05-18T13:27:59.055117+00:00', '--job-id', '112', '--raw', '--subdir', 'DAGS_FOLDER/dag_bronze_orders.py', '--cfg-path', '/tmp/tmp9f41hztd']
[2026-05-18T13:28:01.273+0000] {standard_task_runner.py:105} INFO - Job 112: Subtask show_bronze_orders_context
[2026-05-18T13:28:01.274+0000] {logging_mixin.py:190} WARNING - /home/***/.local/lib/python3.12/site-packages/***/task/task_runner/standard_task_runner.py:70 DeprecationWarning: This process (pid=740) is multi-threaded, use of fork() may lead to deadlocks in the child.
[2026-05-18T13:28:01.275+0000] {standard_task_runner.py:72} INFO - Started process 741 to run task
[2026-05-18T13:28:01.325+0000] {task_command.py:467} INFO - Running <TaskInstance: dag_bronze_orders.show_bronze_orders_context manual__2026-05-18T13:27:59.055117+00:00 [running]> on host 2a11bd5bb9e9
[2026-05-18T13:28:01.419+0000] {taskinstance.py:3134} INFO - Exporting env vars: AIRFLOW_CTX_DAG_OWNER='***' AIRFLOW_CTX_DAG_ID='dag_bronze_orders' AIRFLOW_CTX_TASK_ID='show_bronze_orders_context' AIRFLOW_CTX_EXECUTION_DATE='2026-05-18T13:27:59.055117+00:00' AIRFLOW_CTX_TRY_NUMBER='1' AIRFLOW_CTX_DAG_RUN_ID='manual__2026-05-18T13:27:59.055117+00:00'
[2026-05-18T13:28:01.420+0000] {taskinstance.py:732} INFO - ::endgroup::
[2026-05-18T13:28:01.456+0000] {logging_mixin.py:190} INFO - ==================================================
[2026-05-18T13:28:01.456+0000] {logging_mixin.py:190} INFO - Retail Lakehouse - Contexto Bronze orders
[2026-05-18T13:28:01.456+0000] {logging_mixin.py:190} INFO - LOCAL_RAW_DIR=./data/raw
[2026-05-18T13:28:01.456+0000] {logging_mixin.py:190} INFO - LOCAL_BRONZE_DIR=./data/bronze
[2026-05-18T13:28:01.456+0000] {logging_mixin.py:190} INFO - Objetivo: transformar raw de orders em Bronze Parquet
[2026-05-18T13:28:01.457+0000] {logging_mixin.py:190} INFO - Execução real do job: container Spark
[2026-05-18T13:28:01.457+0000] {logging_mixin.py:190} INFO - ==================================================
[2026-05-18T13:28:01.457+0000] {python.py:240} INFO - Done. Returned value was: None
[2026-05-18T13:28:01.470+0000] {taskinstance.py:341} INFO - ::group::Post task execution logs
[2026-05-18T13:28:01.470+0000] {taskinstance.py:353} INFO - Marking task as SUCCESS. dag_id=dag_bronze_orders, task_id=show_bronze_orders_context, run_id=manual__2026-05-18T13:27:59.055117+00:00, execution_date=20260518T132759, start_date=20260518T132801, end_date=20260518T132801
[2026-05-18T13:28:01.528+0000] {local_task_job_runner.py:266} INFO - Task exited with return code 0
[2026-05-18T13:28:01.559+0000] {taskinstance.py:3901} INFO - 1 downstream tasks scheduled from follow-on schedule check
[2026-05-18T13:28:01.562+0000] {local_task_job_runner.py:245} INFO - ::endgroup::
