[2026-04-15T14:40:38.044+0000] {local_task_job_runner.py:123} INFO - ::group::Pre task execution logs
[2026-04-15T14:40:38.071+0000] {taskinstance.py:2614} INFO - Dependencies all met for dep_context=non-requeueable deps ti=<TaskInstance: dag_ingest_instacart_local.show_ingestion_context manual__2026-04-15T14:40:35.895252+00:00 [queued]>
[2026-04-15T14:40:38.081+0000] {taskinstance.py:2614} INFO - Dependencies all met for dep_context=requeueable deps ti=<TaskInstance: dag_ingest_instacart_local.show_ingestion_context manual__2026-04-15T14:40:35.895252+00:00 [queued]>
[2026-04-15T14:40:38.081+0000] {taskinstance.py:2867} INFO - Starting attempt 1 of 1
[2026-04-15T14:40:38.122+0000] {taskinstance.py:2890} INFO - Executing <Task(PythonOperator): show_ingestion_context> on 2026-04-15 14:40:35.895252+00:00
[2026-04-15T14:40:38.132+0000] {standard_task_runner.py:104} INFO - Running: ['***', 'tasks', 'run', 'dag_ingest_instacart_local', 'show_ingestion_context', 'manual__2026-04-15T14:40:35.895252+00:00', '--job-id', '21', '--raw', '--subdir', 'DAGS_FOLDER/dag_ingest_instacart_local.py', '--cfg-path', '/tmp/tmppzy5eyno']
[2026-04-15T14:40:38.134+0000] {standard_task_runner.py:105} INFO - Job 21: Subtask show_ingestion_context
[2026-04-15T14:40:38.135+0000] {logging_mixin.py:190} WARNING - /home/***/.local/lib/python3.12/site-packages/***/task/task_runner/standard_task_runner.py:70 DeprecationWarning: This process (pid=1236) is multi-threaded, use of fork() may lead to deadlocks in the child.
[2026-04-15T14:40:38.136+0000] {standard_task_runner.py:72} INFO - Started process 1237 to run task
[2026-04-15T14:40:38.191+0000] {task_command.py:467} INFO - Running <TaskInstance: dag_ingest_instacart_local.show_ingestion_context manual__2026-04-15T14:40:35.895252+00:00 [running]> on host 50721406c030
[2026-04-15T14:40:38.313+0000] {taskinstance.py:3134} INFO - Exporting env vars: AIRFLOW_CTX_DAG_OWNER='***' AIRFLOW_CTX_DAG_ID='dag_ingest_instacart_local' AIRFLOW_CTX_TASK_ID='show_ingestion_context' AIRFLOW_CTX_EXECUTION_DATE='2026-04-15T14:40:35.895252+00:00' AIRFLOW_CTX_TRY_NUMBER='1' AIRFLOW_CTX_DAG_RUN_ID='manual__2026-04-15T14:40:35.895252+00:00'
[2026-04-15T14:40:38.314+0000] {taskinstance.py:732} INFO - ::endgroup::
[2026-04-15T14:40:38.327+0000] {logging_mixin.py:190} INFO - ==================================================
[2026-04-15T14:40:38.328+0000] {logging_mixin.py:190} INFO - Retail Lakehouse - DAG de ingestão local
[2026-04-15T14:40:38.328+0000] {logging_mixin.py:190} INFO - Objetivo: copiar o dataset Instacart para a camada raw local
[2026-04-15T14:40:38.328+0000] {logging_mixin.py:190} INFO - LOCAL_SOURCE_INSTACART_DIR=./data/source/instacart
[2026-04-15T14:40:38.328+0000] {logging_mixin.py:190} INFO - LOCAL_RAW_DIR=./data/raw
[2026-04-15T14:40:38.328+0000] {logging_mixin.py:190} INFO - ==================================================
[2026-04-15T14:40:38.328+0000] {python.py:240} INFO - Done. Returned value was: None
[2026-04-15T14:40:38.341+0000] {taskinstance.py:341} INFO - ::group::Post task execution logs
[2026-04-15T14:40:38.341+0000] {taskinstance.py:353} INFO - Marking task as SUCCESS. dag_id=dag_ingest_instacart_local, task_id=show_ingestion_context, run_id=manual__2026-04-15T14:40:35.895252+00:00, execution_date=20260415T144035, start_date=20260415T144038, end_date=20260415T144038
[2026-04-15T14:40:38.391+0000] {local_task_job_runner.py:266} INFO - Task exited with return code 0
[2026-04-15T14:40:38.440+0000] {taskinstance.py:3901} INFO - 1 downstream tasks scheduled from follow-on schedule check
[2026-04-15T14:40:38.469+0000] {local_task_job_runner.py:245} INFO - ::endgroup::
