[2026-05-20T00:00:21.604+0000] {processor.py:186} INFO - Started process (PID=71454) to work on /opt/airflow/dags/dag_ingest_instacart_local.py
[2026-05-20T00:00:21.604+0000] {processor.py:914} INFO - Processing file /opt/airflow/dags/dag_ingest_instacart_local.py for tasks to queue
[2026-05-20T00:00:21.606+0000] {logging_mixin.py:190} INFO - [2026-05-20T00:00:21.606+0000] {dagbag.py:588} INFO - Filling up the DagBag from /opt/airflow/dags/dag_ingest_instacart_local.py
[2026-05-20T00:00:21.617+0000] {processor.py:925} INFO - DAG(s) 'dag_ingest_instacart_local' retrieved from /opt/airflow/dags/dag_ingest_instacart_local.py
[2026-05-20T00:00:21.649+0000] {logging_mixin.py:190} INFO - [2026-05-20T00:00:21.648+0000] {dag.py:3239} INFO - Sync 1 DAGs
[2026-05-20T00:00:21.665+0000] {logging_mixin.py:190} INFO - [2026-05-20T00:00:21.664+0000] {dag.py:4180} INFO - Setting next_dagrun for dag_ingest_instacart_local to None, run_after=None
[2026-05-20T00:00:21.711+0000] {processor.py:208} INFO - Processing /opt/airflow/dags/dag_ingest_instacart_local.py took 0.115 seconds
[2026-05-20T00:00:52.167+0000] {processor.py:186} INFO - Started process (PID=71514) to work on /opt/airflow/dags/dag_ingest_instacart_local.py
[2026-05-20T00:00:52.168+0000] {processor.py:914} INFO - Processing file /opt/airflow/dags/dag_ingest_instacart_local.py for tasks to queue
[2026-05-20T00:00:52.171+0000] {logging_mixin.py:190} INFO - [2026-05-20T00:00:52.171+0000] {dagbag.py:588} INFO - Filling up the DagBag from /opt/airflow/dags/dag_ingest_instacart_local.py
[2026-05-20T00:00:52.182+0000] {processor.py:925} INFO - DAG(s) 'dag_ingest_instacart_local' retrieved from /opt/airflow/dags/dag_ingest_instacart_local.py
[2026-05-20T00:00:52.217+0000] {logging_mixin.py:190} INFO - [2026-05-20T00:00:52.217+0000] {dag.py:3239} INFO - Sync 1 DAGs
[2026-05-20T00:00:52.236+0000] {logging_mixin.py:190} INFO - [2026-05-20T00:00:52.236+0000] {dag.py:4180} INFO - Setting next_dagrun for dag_ingest_instacart_local to None, run_after=None
[2026-05-20T00:00:52.288+0000] {processor.py:208} INFO - Processing /opt/airflow/dags/dag_ingest_instacart_local.py took 0.128 seconds
[2026-05-20T00:01:22.841+0000] {processor.py:186} INFO - Started process (PID=71574) to work on /opt/airflow/dags/dag_ingest_instacart_local.py
[2026-05-20T00:01:22.841+0000] {processor.py:914} INFO - Processing file /opt/airflow/dags/dag_ingest_instacart_local.py for tasks to queue
[2026-05-20T00:01:22.844+0000] {logging_mixin.py:190} INFO - [2026-05-20T00:01:22.843+0000] {dagbag.py:588} INFO - Filling up the DagBag from /opt/airflow/dags/dag_ingest_instacart_local.py
[2026-05-20T00:01:22.855+0000] {processor.py:925} INFO - DAG(s) 'dag_ingest_instacart_local' retrieved from /opt/airflow/dags/dag_ingest_instacart_local.py
[2026-05-20T00:01:22.889+0000] {logging_mixin.py:190} INFO - [2026-05-20T00:01:22.888+0000] {dag.py:3239} INFO - Sync 1 DAGs
[2026-05-20T00:01:22.905+0000] {logging_mixin.py:190} INFO - [2026-05-20T00:01:22.905+0000] {dag.py:4180} INFO - Setting next_dagrun for dag_ingest_instacart_local to None, run_after=None
[2026-05-20T00:01:22.950+0000] {processor.py:208} INFO - Processing /opt/airflow/dags/dag_ingest_instacart_local.py took 0.116 seconds
[2026-05-20T00:01:53.100+0000] {processor.py:186} INFO - Started process (PID=71634) to work on /opt/airflow/dags/dag_ingest_instacart_local.py
[2026-05-20T00:01:53.101+0000] {processor.py:914} INFO - Processing file /opt/airflow/dags/dag_ingest_instacart_local.py for tasks to queue
[2026-05-20T00:01:53.103+0000] {logging_mixin.py:190} INFO - [2026-05-20T00:01:53.103+0000] {dagbag.py:588} INFO - Filling up the DagBag from /opt/airflow/dags/dag_ingest_instacart_local.py
[2026-05-20T00:01:53.112+0000] {processor.py:925} INFO - DAG(s) 'dag_ingest_instacart_local' retrieved from /opt/airflow/dags/dag_ingest_instacart_local.py
[2026-05-20T00:01:53.144+0000] {logging_mixin.py:190} INFO - [2026-05-20T00:01:53.144+0000] {dag.py:3239} INFO - Sync 1 DAGs
[2026-05-20T00:01:53.159+0000] {logging_mixin.py:190} INFO - [2026-05-20T00:01:53.159+0000] {dag.py:4180} INFO - Setting next_dagrun for dag_ingest_instacart_local to None, run_after=None
[2026-05-20T00:01:53.208+0000] {processor.py:208} INFO - Processing /opt/airflow/dags/dag_ingest_instacart_local.py took 0.115 seconds
[2026-05-20T00:02:23.728+0000] {processor.py:186} INFO - Started process (PID=71694) to work on /opt/airflow/dags/dag_ingest_instacart_local.py
[2026-05-20T00:02:23.754+0000] {processor.py:914} INFO - Processing file /opt/airflow/dags/dag_ingest_instacart_local.py for tasks to queue
[2026-05-20T00:02:23.756+0000] {logging_mixin.py:190} INFO - [2026-05-20T00:02:23.756+0000] {dagbag.py:588} INFO - Filling up the DagBag from /opt/airflow/dags/dag_ingest_instacart_local.py
[2026-05-20T00:02:23.768+0000] {processor.py:925} INFO - DAG(s) 'dag_ingest_instacart_local' retrieved from /opt/airflow/dags/dag_ingest_instacart_local.py
[2026-05-20T00:02:23.804+0000] {logging_mixin.py:190} INFO - [2026-05-20T00:02:23.804+0000] {dag.py:3239} INFO - Sync 1 DAGs
[2026-05-20T00:02:23.820+0000] {logging_mixin.py:190} INFO - [2026-05-20T00:02:23.820+0000] {dag.py:4180} INFO - Setting next_dagrun for dag_ingest_instacart_local to None, run_after=None
[2026-05-20T00:02:23.846+0000] {processor.py:208} INFO - Processing /opt/airflow/dags/dag_ingest_instacart_local.py took 0.124 seconds
[2026-05-20T00:02:54.273+0000] {processor.py:186} INFO - Started process (PID=71754) to work on /opt/airflow/dags/dag_ingest_instacart_local.py
[2026-05-20T00:02:54.274+0000] {processor.py:914} INFO - Processing file /opt/airflow/dags/dag_ingest_instacart_local.py for tasks to queue
[2026-05-20T00:02:54.276+0000] {logging_mixin.py:190} INFO - [2026-05-20T00:02:54.276+0000] {dagbag.py:588} INFO - Filling up the DagBag from /opt/airflow/dags/dag_ingest_instacart_local.py
[2026-05-20T00:02:54.286+0000] {processor.py:925} INFO - DAG(s) 'dag_ingest_instacart_local' retrieved from /opt/airflow/dags/dag_ingest_instacart_local.py
[2026-05-20T00:02:54.317+0000] {logging_mixin.py:190} INFO - [2026-05-20T00:02:54.316+0000] {dag.py:3239} INFO - Sync 1 DAGs
[2026-05-20T00:02:54.334+0000] {logging_mixin.py:190} INFO - [2026-05-20T00:02:54.334+0000] {dag.py:4180} INFO - Setting next_dagrun for dag_ingest_instacart_local to None, run_after=None
[2026-05-20T00:02:54.382+0000] {processor.py:208} INFO - Processing /opt/airflow/dags/dag_ingest_instacart_local.py took 0.115 seconds
[2026-05-20T00:03:24.588+0000] {processor.py:186} INFO - Started process (PID=71814) to work on /opt/airflow/dags/dag_ingest_instacart_local.py
[2026-05-20T00:03:24.592+0000] {processor.py:914} INFO - Processing file /opt/airflow/dags/dag_ingest_instacart_local.py for tasks to queue
[2026-05-20T00:03:24.595+0000] {logging_mixin.py:190} INFO - [2026-05-20T00:03:24.594+0000] {dagbag.py:588} INFO - Filling up the DagBag from /opt/airflow/dags/dag_ingest_instacart_local.py
[2026-05-20T00:03:24.605+0000] {processor.py:925} INFO - DAG(s) 'dag_ingest_instacart_local' retrieved from /opt/airflow/dags/dag_ingest_instacart_local.py
[2026-05-20T00:03:24.643+0000] {logging_mixin.py:190} INFO - [2026-05-20T00:03:24.643+0000] {dag.py:3239} INFO - Sync 1 DAGs
[2026-05-20T00:03:24.659+0000] {logging_mixin.py:190} INFO - [2026-05-20T00:03:24.659+0000] {dag.py:4180} INFO - Setting next_dagrun for dag_ingest_instacart_local to None, run_after=None
[2026-05-20T00:03:24.681+0000] {processor.py:208} INFO - Processing /opt/airflow/dags/dag_ingest_instacart_local.py took 0.100 seconds
[2026-05-20T00:03:54.880+0000] {processor.py:186} INFO - Started process (PID=71874) to work on /opt/airflow/dags/dag_ingest_instacart_local.py
[2026-05-20T00:03:54.881+0000] {processor.py:914} INFO - Processing file /opt/airflow/dags/dag_ingest_instacart_local.py for tasks to queue
[2026-05-20T00:03:54.883+0000] {logging_mixin.py:190} INFO - [2026-05-20T00:03:54.883+0000] {dagbag.py:588} INFO - Filling up the DagBag from /opt/airflow/dags/dag_ingest_instacart_local.py
[2026-05-20T00:03:54.893+0000] {processor.py:925} INFO - DAG(s) 'dag_ingest_instacart_local' retrieved from /opt/airflow/dags/dag_ingest_instacart_local.py
[2026-05-20T00:03:54.930+0000] {logging_mixin.py:190} INFO - [2026-05-20T00:03:54.929+0000] {dag.py:3239} INFO - Sync 1 DAGs
[2026-05-20T00:03:54.946+0000] {logging_mixin.py:190} INFO - [2026-05-20T00:03:54.945+0000] {dag.py:4180} INFO - Setting next_dagrun for dag_ingest_instacart_local to None, run_after=None
[2026-05-20T00:03:54.973+0000] {processor.py:208} INFO - Processing /opt/airflow/dags/dag_ingest_instacart_local.py took 0.099 seconds
[2026-05-20T00:04:25.222+0000] {processor.py:186} INFO - Started process (PID=71932) to work on /opt/airflow/dags/dag_ingest_instacart_local.py
[2026-05-20T00:04:25.222+0000] {processor.py:914} INFO - Processing file /opt/airflow/dags/dag_ingest_instacart_local.py for tasks to queue
[2026-05-20T00:04:25.225+0000] {logging_mixin.py:190} INFO - [2026-05-20T00:04:25.225+0000] {dagbag.py:588} INFO - Filling up the DagBag from /opt/airflow/dags/dag_ingest_instacart_local.py
[2026-05-20T00:04:25.236+0000] {processor.py:925} INFO - DAG(s) 'dag_ingest_instacart_local' retrieved from /opt/airflow/dags/dag_ingest_instacart_local.py
[2026-05-20T00:04:25.278+0000] {logging_mixin.py:190} INFO - [2026-05-20T00:04:25.278+0000] {dag.py:3239} INFO - Sync 1 DAGs
[2026-05-20T00:04:25.296+0000] {logging_mixin.py:190} INFO - [2026-05-20T00:04:25.296+0000] {dag.py:4180} INFO - Setting next_dagrun for dag_ingest_instacart_local to None, run_after=None
[2026-05-20T00:04:25.316+0000] {processor.py:208} INFO - Processing /opt/airflow/dags/dag_ingest_instacart_local.py took 0.101 seconds
[2026-05-20T00:04:55.602+0000] {processor.py:186} INFO - Started process (PID=71992) to work on /opt/airflow/dags/dag_ingest_instacart_local.py
[2026-05-20T00:04:55.604+0000] {processor.py:914} INFO - Processing file /opt/airflow/dags/dag_ingest_instacart_local.py for tasks to queue
[2026-05-20T00:04:55.607+0000] {logging_mixin.py:190} INFO - [2026-05-20T00:04:55.607+0000] {dagbag.py:588} INFO - Filling up the DagBag from /opt/airflow/dags/dag_ingest_instacart_local.py
[2026-05-20T00:04:55.618+0000] {processor.py:925} INFO - DAG(s) 'dag_ingest_instacart_local' retrieved from /opt/airflow/dags/dag_ingest_instacart_local.py
[2026-05-20T00:04:55.652+0000] {logging_mixin.py:190} INFO - [2026-05-20T00:04:55.652+0000] {dag.py:3239} INFO - Sync 1 DAGs
[2026-05-20T00:04:55.669+0000] {logging_mixin.py:190} INFO - [2026-05-20T00:04:55.669+0000] {dag.py:4180} INFO - Setting next_dagrun for dag_ingest_instacart_local to None, run_after=None
[2026-05-20T00:04:55.691+0000] {processor.py:208} INFO - Processing /opt/airflow/dags/dag_ingest_instacart_local.py took 0.096 seconds
[2026-05-20T00:05:25.924+0000] {processor.py:186} INFO - Started process (PID=72054) to work on /opt/airflow/dags/dag_ingest_instacart_local.py
[2026-05-20T00:05:25.925+0000] {processor.py:914} INFO - Processing file /opt/airflow/dags/dag_ingest_instacart_local.py for tasks to queue
[2026-05-20T00:05:25.928+0000] {logging_mixin.py:190} INFO - [2026-05-20T00:05:25.927+0000] {dagbag.py:588} INFO - Filling up the DagBag from /opt/airflow/dags/dag_ingest_instacart_local.py
[2026-05-20T00:05:25.937+0000] {processor.py:925} INFO - DAG(s) 'dag_ingest_instacart_local' retrieved from /opt/airflow/dags/dag_ingest_instacart_local.py
[2026-05-20T00:05:25.970+0000] {logging_mixin.py:190} INFO - [2026-05-20T00:05:25.970+0000] {dag.py:3239} INFO - Sync 1 DAGs
[2026-05-20T00:05:25.987+0000] {logging_mixin.py:190} INFO - [2026-05-20T00:05:25.987+0000] {dag.py:4180} INFO - Setting next_dagrun for dag_ingest_instacart_local to None, run_after=None
[2026-05-20T00:05:26.014+0000] {processor.py:208} INFO - Processing /opt/airflow/dags/dag_ingest_instacart_local.py took 0.096 seconds
[2026-05-20T00:05:56.392+0000] {processor.py:186} INFO - Started process (PID=72114) to work on /opt/airflow/dags/dag_ingest_instacart_local.py
[2026-05-20T00:05:56.393+0000] {processor.py:914} INFO - Processing file /opt/airflow/dags/dag_ingest_instacart_local.py for tasks to queue
[2026-05-20T00:05:56.395+0000] {logging_mixin.py:190} INFO - [2026-05-20T00:05:56.395+0000] {dagbag.py:588} INFO - Filling up the DagBag from /opt/airflow/dags/dag_ingest_instacart_local.py
[2026-05-20T00:05:56.407+0000] {processor.py:925} INFO - DAG(s) 'dag_ingest_instacart_local' retrieved from /opt/airflow/dags/dag_ingest_instacart_local.py
[2026-05-20T00:05:56.459+0000] {logging_mixin.py:190} INFO - [2026-05-20T00:05:56.459+0000] {dag.py:3239} INFO - Sync 1 DAGs
[2026-05-20T00:05:56.477+0000] {logging_mixin.py:190} INFO - [2026-05-20T00:05:56.477+0000] {dag.py:4180} INFO - Setting next_dagrun for dag_ingest_instacart_local to None, run_after=None
[2026-05-20T00:05:56.505+0000] {processor.py:208} INFO - Processing /opt/airflow/dags/dag_ingest_instacart_local.py took 0.121 seconds
[2026-05-20T00:06:26.931+0000] {processor.py:186} INFO - Started process (PID=72174) to work on /opt/airflow/dags/dag_ingest_instacart_local.py
[2026-05-20T00:06:26.932+0000] {processor.py:914} INFO - Processing file /opt/airflow/dags/dag_ingest_instacart_local.py for tasks to queue
[2026-05-20T00:06:26.935+0000] {logging_mixin.py:190} INFO - [2026-05-20T00:06:26.934+0000] {dagbag.py:588} INFO - Filling up the DagBag from /opt/airflow/dags/dag_ingest_instacart_local.py
[2026-05-20T00:06:26.944+0000] {processor.py:925} INFO - DAG(s) 'dag_ingest_instacart_local' retrieved from /opt/airflow/dags/dag_ingest_instacart_local.py
[2026-05-20T00:06:26.979+0000] {logging_mixin.py:190} INFO - [2026-05-20T00:06:26.979+0000] {dag.py:3239} INFO - Sync 1 DAGs
[2026-05-20T00:06:26.997+0000] {logging_mixin.py:190} INFO - [2026-05-20T00:06:26.997+0000] {dag.py:4180} INFO - Setting next_dagrun for dag_ingest_instacart_local to None, run_after=None
[2026-05-20T00:06:27.025+0000] {processor.py:208} INFO - Processing /opt/airflow/dags/dag_ingest_instacart_local.py took 0.101 seconds
[2026-05-20T00:06:57.209+0000] {processor.py:186} INFO - Started process (PID=72234) to work on /opt/airflow/dags/dag_ingest_instacart_local.py
[2026-05-20T00:06:57.210+0000] {processor.py:914} INFO - Processing file /opt/airflow/dags/dag_ingest_instacart_local.py for tasks to queue
[2026-05-20T00:06:57.212+0000] {logging_mixin.py:190} INFO - [2026-05-20T00:06:57.212+0000] {dagbag.py:588} INFO - Filling up the DagBag from /opt/airflow/dags/dag_ingest_instacart_local.py
[2026-05-20T00:06:57.223+0000] {processor.py:925} INFO - DAG(s) 'dag_ingest_instacart_local' retrieved from /opt/airflow/dags/dag_ingest_instacart_local.py
[2026-05-20T00:06:57.257+0000] {logging_mixin.py:190} INFO - [2026-05-20T00:06:57.257+0000] {dag.py:3239} INFO - Sync 1 DAGs
[2026-05-20T00:06:57.273+0000] {logging_mixin.py:190} INFO - [2026-05-20T00:06:57.273+0000] {dag.py:4180} INFO - Setting next_dagrun for dag_ingest_instacart_local to None, run_after=None
[2026-05-20T00:06:57.305+0000] {processor.py:208} INFO - Processing /opt/airflow/dags/dag_ingest_instacart_local.py took 0.103 seconds
[2026-05-20T00:07:27.549+0000] {processor.py:186} INFO - Started process (PID=72294) to work on /opt/airflow/dags/dag_ingest_instacart_local.py
[2026-05-20T00:07:27.550+0000] {processor.py:914} INFO - Processing file /opt/airflow/dags/dag_ingest_instacart_local.py for tasks to queue
[2026-05-20T00:07:27.552+0000] {logging_mixin.py:190} INFO - [2026-05-20T00:07:27.552+0000] {dagbag.py:588} INFO - Filling up the DagBag from /opt/airflow/dags/dag_ingest_instacart_local.py
[2026-05-20T00:07:27.562+0000] {processor.py:925} INFO - DAG(s) 'dag_ingest_instacart_local' retrieved from /opt/airflow/dags/dag_ingest_instacart_local.py
[2026-05-20T00:07:27.599+0000] {logging_mixin.py:190} INFO - [2026-05-20T00:07:27.598+0000] {dag.py:3239} INFO - Sync 1 DAGs
[2026-05-20T00:07:27.615+0000] {logging_mixin.py:190} INFO - [2026-05-20T00:07:27.614+0000] {dag.py:4180} INFO - Setting next_dagrun for dag_ingest_instacart_local to None, run_after=None
[2026-05-20T00:07:27.639+0000] {processor.py:208} INFO - Processing /opt/airflow/dags/dag_ingest_instacart_local.py took 0.097 seconds
[2026-05-20T00:07:57.970+0000] {processor.py:186} INFO - Started process (PID=72354) to work on /opt/airflow/dags/dag_ingest_instacart_local.py
[2026-05-20T00:07:57.971+0000] {processor.py:914} INFO - Processing file /opt/airflow/dags/dag_ingest_instacart_local.py for tasks to queue
[2026-05-20T00:07:57.974+0000] {logging_mixin.py:190} INFO - [2026-05-20T00:07:57.974+0000] {dagbag.py:588} INFO - Filling up the DagBag from /opt/airflow/dags/dag_ingest_instacart_local.py
[2026-05-20T00:07:57.984+0000] {processor.py:925} INFO - DAG(s) 'dag_ingest_instacart_local' retrieved from /opt/airflow/dags/dag_ingest_instacart_local.py
[2026-05-20T00:07:58.016+0000] {logging_mixin.py:190} INFO - [2026-05-20T00:07:58.016+0000] {dag.py:3239} INFO - Sync 1 DAGs
[2026-05-20T00:07:58.030+0000] {logging_mixin.py:190} INFO - [2026-05-20T00:07:58.030+0000] {dag.py:4180} INFO - Setting next_dagrun for dag_ingest_instacart_local to None, run_after=None
[2026-05-20T00:07:58.061+0000] {processor.py:208} INFO - Processing /opt/airflow/dags/dag_ingest_instacart_local.py took 0.098 seconds
[2026-05-20T00:08:28.481+0000] {processor.py:186} INFO - Started process (PID=72414) to work on /opt/airflow/dags/dag_ingest_instacart_local.py
[2026-05-20T00:08:28.481+0000] {processor.py:914} INFO - Processing file /opt/airflow/dags/dag_ingest_instacart_local.py for tasks to queue
[2026-05-20T00:08:28.483+0000] {logging_mixin.py:190} INFO - [2026-05-20T00:08:28.483+0000] {dagbag.py:588} INFO - Filling up the DagBag from /opt/airflow/dags/dag_ingest_instacart_local.py
[2026-05-20T00:08:28.494+0000] {processor.py:925} INFO - DAG(s) 'dag_ingest_instacart_local' retrieved from /opt/airflow/dags/dag_ingest_instacart_local.py
[2026-05-20T00:08:28.525+0000] {logging_mixin.py:190} INFO - [2026-05-20T00:08:28.525+0000] {dag.py:3239} INFO - Sync 1 DAGs
[2026-05-20T00:08:28.544+0000] {logging_mixin.py:190} INFO - [2026-05-20T00:08:28.543+0000] {dag.py:4180} INFO - Setting next_dagrun for dag_ingest_instacart_local to None, run_after=None
[2026-05-20T00:08:28.564+0000] {processor.py:208} INFO - Processing /opt/airflow/dags/dag_ingest_instacart_local.py took 0.090 seconds
[2026-05-20T00:08:59.062+0000] {processor.py:186} INFO - Started process (PID=72474) to work on /opt/airflow/dags/dag_ingest_instacart_local.py
[2026-05-20T00:08:59.063+0000] {processor.py:914} INFO - Processing file /opt/airflow/dags/dag_ingest_instacart_local.py for tasks to queue
[2026-05-20T00:08:59.066+0000] {logging_mixin.py:190} INFO - [2026-05-20T00:08:59.066+0000] {dagbag.py:588} INFO - Filling up the DagBag from /opt/airflow/dags/dag_ingest_instacart_local.py
[2026-05-20T00:08:59.078+0000] {processor.py:925} INFO - DAG(s) 'dag_ingest_instacart_local' retrieved from /opt/airflow/dags/dag_ingest_instacart_local.py
[2026-05-20T00:08:59.115+0000] {logging_mixin.py:190} INFO - [2026-05-20T00:08:59.114+0000] {dag.py:3239} INFO - Sync 1 DAGs
[2026-05-20T00:08:59.133+0000] {logging_mixin.py:190} INFO - [2026-05-20T00:08:59.133+0000] {dag.py:4180} INFO - Setting next_dagrun for dag_ingest_instacart_local to None, run_after=None
[2026-05-20T00:08:59.159+0000] {processor.py:208} INFO - Processing /opt/airflow/dags/dag_ingest_instacart_local.py took 0.106 seconds
[2026-05-20T00:09:29.661+0000] {processor.py:186} INFO - Started process (PID=72534) to work on /opt/airflow/dags/dag_ingest_instacart_local.py
[2026-05-20T00:09:29.662+0000] {processor.py:914} INFO - Processing file /opt/airflow/dags/dag_ingest_instacart_local.py for tasks to queue
[2026-05-20T00:09:29.665+0000] {logging_mixin.py:190} INFO - [2026-05-20T00:09:29.665+0000] {dagbag.py:588} INFO - Filling up the DagBag from /opt/airflow/dags/dag_ingest_instacart_local.py
[2026-05-20T00:09:29.675+0000] {processor.py:925} INFO - DAG(s) 'dag_ingest_instacart_local' retrieved from /opt/airflow/dags/dag_ingest_instacart_local.py
[2026-05-20T00:09:29.709+0000] {logging_mixin.py:190} INFO - [2026-05-20T00:09:29.709+0000] {dag.py:3239} INFO - Sync 1 DAGs
[2026-05-20T00:09:29.725+0000] {logging_mixin.py:190} INFO - [2026-05-20T00:09:29.725+0000] {dag.py:4180} INFO - Setting next_dagrun for dag_ingest_instacart_local to None, run_after=None
[2026-05-20T00:09:29.777+0000] {processor.py:208} INFO - Processing /opt/airflow/dags/dag_ingest_instacart_local.py took 0.122 seconds
[2026-05-20T00:10:00.172+0000] {processor.py:186} INFO - Started process (PID=72594) to work on /opt/airflow/dags/dag_ingest_instacart_local.py
[2026-05-20T00:10:00.174+0000] {processor.py:914} INFO - Processing file /opt/airflow/dags/dag_ingest_instacart_local.py for tasks to queue
[2026-05-20T00:10:00.178+0000] {logging_mixin.py:190} INFO - [2026-05-20T00:10:00.178+0000] {dagbag.py:588} INFO - Filling up the DagBag from /opt/airflow/dags/dag_ingest_instacart_local.py
[2026-05-20T00:10:00.188+0000] {processor.py:925} INFO - DAG(s) 'dag_ingest_instacart_local' retrieved from /opt/airflow/dags/dag_ingest_instacart_local.py
[2026-05-20T00:10:00.220+0000] {logging_mixin.py:190} INFO - [2026-05-20T00:10:00.219+0000] {dag.py:3239} INFO - Sync 1 DAGs
[2026-05-20T00:10:00.238+0000] {logging_mixin.py:190} INFO - [2026-05-20T00:10:00.238+0000] {dag.py:4180} INFO - Setting next_dagrun for dag_ingest_instacart_local to None, run_after=None
[2026-05-20T00:10:00.294+0000] {processor.py:208} INFO - Processing /opt/airflow/dags/dag_ingest_instacart_local.py took 0.128 seconds
[2026-05-20T00:10:30.918+0000] {processor.py:186} INFO - Started process (PID=72654) to work on /opt/airflow/dags/dag_ingest_instacart_local.py
[2026-05-20T00:10:30.918+0000] {processor.py:914} INFO - Processing file /opt/airflow/dags/dag_ingest_instacart_local.py for tasks to queue
[2026-05-20T00:10:30.921+0000] {logging_mixin.py:190} INFO - [2026-05-20T00:10:30.921+0000] {dagbag.py:588} INFO - Filling up the DagBag from /opt/airflow/dags/dag_ingest_instacart_local.py
[2026-05-20T00:10:30.932+0000] {processor.py:925} INFO - DAG(s) 'dag_ingest_instacart_local' retrieved from /opt/airflow/dags/dag_ingest_instacart_local.py
[2026-05-20T00:10:30.968+0000] {logging_mixin.py:190} INFO - [2026-05-20T00:10:30.968+0000] {dag.py:3239} INFO - Sync 1 DAGs
[2026-05-20T00:10:30.985+0000] {logging_mixin.py:190} INFO - [2026-05-20T00:10:30.985+0000] {dag.py:4180} INFO - Setting next_dagrun for dag_ingest_instacart_local to None, run_after=None
[2026-05-20T00:10:31.041+0000] {processor.py:208} INFO - Processing /opt/airflow/dags/dag_ingest_instacart_local.py took 0.130 seconds
[2026-05-20T00:11:01.542+0000] {processor.py:186} INFO - Started process (PID=72714) to work on /opt/airflow/dags/dag_ingest_instacart_local.py
[2026-05-20T00:11:01.543+0000] {processor.py:914} INFO - Processing file /opt/airflow/dags/dag_ingest_instacart_local.py for tasks to queue
[2026-05-20T00:11:01.545+0000] {logging_mixin.py:190} INFO - [2026-05-20T00:11:01.545+0000] {dagbag.py:588} INFO - Filling up the DagBag from /opt/airflow/dags/dag_ingest_instacart_local.py
[2026-05-20T00:11:01.555+0000] {processor.py:925} INFO - DAG(s) 'dag_ingest_instacart_local' retrieved from /opt/airflow/dags/dag_ingest_instacart_local.py
[2026-05-20T00:11:01.589+0000] {logging_mixin.py:190} INFO - [2026-05-20T00:11:01.589+0000] {dag.py:3239} INFO - Sync 1 DAGs
[2026-05-20T00:11:01.605+0000] {logging_mixin.py:190} INFO - [2026-05-20T00:11:01.605+0000] {dag.py:4180} INFO - Setting next_dagrun for dag_ingest_instacart_local to None, run_after=None
[2026-05-20T00:11:01.661+0000] {processor.py:208} INFO - Processing /opt/airflow/dags/dag_ingest_instacart_local.py took 0.126 seconds
[2026-05-20T00:11:31.980+0000] {processor.py:186} INFO - Started process (PID=72774) to work on /opt/airflow/dags/dag_ingest_instacart_local.py
[2026-05-20T00:11:32.014+0000] {processor.py:914} INFO - Processing file /opt/airflow/dags/dag_ingest_instacart_local.py for tasks to queue
[2026-05-20T00:11:32.017+0000] {logging_mixin.py:190} INFO - [2026-05-20T00:11:32.017+0000] {dagbag.py:588} INFO - Filling up the DagBag from /opt/airflow/dags/dag_ingest_instacart_local.py
[2026-05-20T00:11:32.029+0000] {processor.py:925} INFO - DAG(s) 'dag_ingest_instacart_local' retrieved from /opt/airflow/dags/dag_ingest_instacart_local.py
[2026-05-20T00:11:32.063+0000] {logging_mixin.py:190} INFO - [2026-05-20T00:11:32.063+0000] {dag.py:3239} INFO - Sync 1 DAGs
[2026-05-20T00:11:32.078+0000] {logging_mixin.py:190} INFO - [2026-05-20T00:11:32.078+0000] {dag.py:4180} INFO - Setting next_dagrun for dag_ingest_instacart_local to None, run_after=None
[2026-05-20T00:11:32.098+0000] {processor.py:208} INFO - Processing /opt/airflow/dags/dag_ingest_instacart_local.py took 0.125 seconds
[2026-05-20T00:12:02.286+0000] {processor.py:186} INFO - Started process (PID=72834) to work on /opt/airflow/dags/dag_ingest_instacart_local.py
[2026-05-20T00:12:02.292+0000] {processor.py:914} INFO - Processing file /opt/airflow/dags/dag_ingest_instacart_local.py for tasks to queue
[2026-05-20T00:12:02.294+0000] {logging_mixin.py:190} INFO - [2026-05-20T00:12:02.293+0000] {dagbag.py:588} INFO - Filling up the DagBag from /opt/airflow/dags/dag_ingest_instacart_local.py
[2026-05-20T00:12:02.306+0000] {processor.py:925} INFO - DAG(s) 'dag_ingest_instacart_local' retrieved from /opt/airflow/dags/dag_ingest_instacart_local.py
[2026-05-20T00:12:02.349+0000] {logging_mixin.py:190} INFO - [2026-05-20T00:12:02.349+0000] {dag.py:3239} INFO - Sync 1 DAGs
[2026-05-20T00:12:02.369+0000] {logging_mixin.py:190} INFO - [2026-05-20T00:12:02.368+0000] {dag.py:4180} INFO - Setting next_dagrun for dag_ingest_instacart_local to None, run_after=None
[2026-05-20T00:12:02.398+0000] {processor.py:208} INFO - Processing /opt/airflow/dags/dag_ingest_instacart_local.py took 0.119 seconds
[2026-05-20T00:12:33.926+0000] {processor.py:186} INFO - Started process (PID=72894) to work on /opt/airflow/dags/dag_ingest_instacart_local.py
[2026-05-20T00:12:34.015+0000] {processor.py:914} INFO - Processing file /opt/airflow/dags/dag_ingest_instacart_local.py for tasks to queue
[2026-05-20T00:12:34.020+0000] {logging_mixin.py:190} INFO - [2026-05-20T00:12:34.018+0000] {dagbag.py:588} INFO - Filling up the DagBag from /opt/airflow/dags/dag_ingest_instacart_local.py
[2026-05-20T00:12:34.042+0000] {processor.py:925} INFO - DAG(s) 'dag_ingest_instacart_local' retrieved from /opt/airflow/dags/dag_ingest_instacart_local.py
[2026-05-20T00:12:34.117+0000] {logging_mixin.py:190} INFO - [2026-05-20T00:12:34.117+0000] {dag.py:3239} INFO - Sync 1 DAGs
[2026-05-20T00:12:34.142+0000] {logging_mixin.py:190} INFO - [2026-05-20T00:12:34.141+0000] {dag.py:4180} INFO - Setting next_dagrun for dag_ingest_instacart_local to None, run_after=None
[2026-05-20T00:12:34.249+0000] {processor.py:208} INFO - Processing /opt/airflow/dags/dag_ingest_instacart_local.py took 0.349 seconds
[2026-05-20T00:13:04.859+0000] {processor.py:186} INFO - Started process (PID=72954) to work on /opt/airflow/dags/dag_ingest_instacart_local.py
[2026-05-20T00:13:04.865+0000] {processor.py:914} INFO - Processing file /opt/airflow/dags/dag_ingest_instacart_local.py for tasks to queue
[2026-05-20T00:13:04.870+0000] {logging_mixin.py:190} INFO - [2026-05-20T00:13:04.869+0000] {dagbag.py:588} INFO - Filling up the DagBag from /opt/airflow/dags/dag_ingest_instacart_local.py
[2026-05-20T00:13:04.890+0000] {processor.py:925} INFO - DAG(s) 'dag_ingest_instacart_local' retrieved from /opt/airflow/dags/dag_ingest_instacart_local.py
[2026-05-20T00:13:04.953+0000] {logging_mixin.py:190} INFO - [2026-05-20T00:13:04.952+0000] {dag.py:3239} INFO - Sync 1 DAGs
[2026-05-20T00:13:04.970+0000] {logging_mixin.py:190} INFO - [2026-05-20T00:13:04.969+0000] {dag.py:4180} INFO - Setting next_dagrun for dag_ingest_instacart_local to None, run_after=None
[2026-05-20T00:13:05.008+0000] {processor.py:208} INFO - Processing /opt/airflow/dags/dag_ingest_instacart_local.py took 0.163 seconds
[2026-05-20T00:13:35.371+0000] {processor.py:186} INFO - Started process (PID=73014) to work on /opt/airflow/dags/dag_ingest_instacart_local.py
[2026-05-20T00:13:35.385+0000] {processor.py:914} INFO - Processing file /opt/airflow/dags/dag_ingest_instacart_local.py for tasks to queue
[2026-05-20T00:13:35.388+0000] {logging_mixin.py:190} INFO - [2026-05-20T00:13:35.388+0000] {dagbag.py:588} INFO - Filling up the DagBag from /opt/airflow/dags/dag_ingest_instacart_local.py
[2026-05-20T00:13:35.407+0000] {processor.py:925} INFO - DAG(s) 'dag_ingest_instacart_local' retrieved from /opt/airflow/dags/dag_ingest_instacart_local.py
[2026-05-20T00:13:35.483+0000] {logging_mixin.py:190} INFO - [2026-05-20T00:13:35.482+0000] {dag.py:3239} INFO - Sync 1 DAGs
[2026-05-20T00:13:35.502+0000] {logging_mixin.py:190} INFO - [2026-05-20T00:13:35.502+0000] {dag.py:4180} INFO - Setting next_dagrun for dag_ingest_instacart_local to None, run_after=None
[2026-05-20T00:13:35.611+0000] {processor.py:208} INFO - Processing /opt/airflow/dags/dag_ingest_instacart_local.py took 0.252 seconds
[2026-05-20T00:14:05.754+0000] {processor.py:186} INFO - Started process (PID=73074) to work on /opt/airflow/dags/dag_ingest_instacart_local.py
[2026-05-20T00:14:05.763+0000] {processor.py:914} INFO - Processing file /opt/airflow/dags/dag_ingest_instacart_local.py for tasks to queue
[2026-05-20T00:14:05.767+0000] {logging_mixin.py:190} INFO - [2026-05-20T00:14:05.766+0000] {dagbag.py:588} INFO - Filling up the DagBag from /opt/airflow/dags/dag_ingest_instacart_local.py
[2026-05-20T00:14:05.783+0000] {processor.py:925} INFO - DAG(s) 'dag_ingest_instacart_local' retrieved from /opt/airflow/dags/dag_ingest_instacart_local.py
[2026-05-20T00:14:05.842+0000] {logging_mixin.py:190} INFO - [2026-05-20T00:14:05.841+0000] {dag.py:3239} INFO - Sync 1 DAGs
[2026-05-20T00:14:05.863+0000] {logging_mixin.py:190} INFO - [2026-05-20T00:14:05.863+0000] {dag.py:4180} INFO - Setting next_dagrun for dag_ingest_instacart_local to None, run_after=None
[2026-05-20T00:14:05.899+0000] {processor.py:208} INFO - Processing /opt/airflow/dags/dag_ingest_instacart_local.py took 0.164 seconds
[2026-05-20T00:14:36.413+0000] {processor.py:186} INFO - Started process (PID=73134) to work on /opt/airflow/dags/dag_ingest_instacart_local.py
[2026-05-20T00:14:36.415+0000] {processor.py:914} INFO - Processing file /opt/airflow/dags/dag_ingest_instacart_local.py for tasks to queue
[2026-05-20T00:14:36.423+0000] {logging_mixin.py:190} INFO - [2026-05-20T00:14:36.422+0000] {dagbag.py:588} INFO - Filling up the DagBag from /opt/airflow/dags/dag_ingest_instacart_local.py
[2026-05-20T00:14:36.440+0000] {processor.py:925} INFO - DAG(s) 'dag_ingest_instacart_local' retrieved from /opt/airflow/dags/dag_ingest_instacart_local.py
[2026-05-20T00:14:36.491+0000] {logging_mixin.py:190} INFO - [2026-05-20T00:14:36.491+0000] {dag.py:3239} INFO - Sync 1 DAGs
[2026-05-20T00:14:36.512+0000] {logging_mixin.py:190} INFO - [2026-05-20T00:14:36.511+0000] {dag.py:4180} INFO - Setting next_dagrun for dag_ingest_instacart_local to None, run_after=None
[2026-05-20T00:14:36.547+0000] {processor.py:208} INFO - Processing /opt/airflow/dags/dag_ingest_instacart_local.py took 0.151 seconds
[2026-05-20T00:15:06.875+0000] {processor.py:186} INFO - Started process (PID=73194) to work on /opt/airflow/dags/dag_ingest_instacart_local.py
[2026-05-20T00:15:06.879+0000] {processor.py:914} INFO - Processing file /opt/airflow/dags/dag_ingest_instacart_local.py for tasks to queue
[2026-05-20T00:15:06.887+0000] {logging_mixin.py:190} INFO - [2026-05-20T00:15:06.886+0000] {dagbag.py:588} INFO - Filling up the DagBag from /opt/airflow/dags/dag_ingest_instacart_local.py
[2026-05-20T00:15:06.909+0000] {processor.py:925} INFO - DAG(s) 'dag_ingest_instacart_local' retrieved from /opt/airflow/dags/dag_ingest_instacart_local.py
[2026-05-20T00:15:06.949+0000] {logging_mixin.py:190} INFO - [2026-05-20T00:15:06.949+0000] {dag.py:3239} INFO - Sync 1 DAGs
[2026-05-20T00:15:06.965+0000] {logging_mixin.py:190} INFO - [2026-05-20T00:15:06.965+0000] {dag.py:4180} INFO - Setting next_dagrun for dag_ingest_instacart_local to None, run_after=None
[2026-05-20T00:15:06.996+0000] {processor.py:208} INFO - Processing /opt/airflow/dags/dag_ingest_instacart_local.py took 0.143 seconds
[2026-05-20T00:15:37.213+0000] {processor.py:186} INFO - Started process (PID=73254) to work on /opt/airflow/dags/dag_ingest_instacart_local.py
[2026-05-20T00:15:37.223+0000] {processor.py:914} INFO - Processing file /opt/airflow/dags/dag_ingest_instacart_local.py for tasks to queue
[2026-05-20T00:15:37.228+0000] {logging_mixin.py:190} INFO - [2026-05-20T00:15:37.227+0000] {dagbag.py:588} INFO - Filling up the DagBag from /opt/airflow/dags/dag_ingest_instacart_local.py
[2026-05-20T00:15:37.243+0000] {processor.py:925} INFO - DAG(s) 'dag_ingest_instacart_local' retrieved from /opt/airflow/dags/dag_ingest_instacart_local.py
[2026-05-20T00:15:37.305+0000] {logging_mixin.py:190} INFO - [2026-05-20T00:15:37.305+0000] {dag.py:3239} INFO - Sync 1 DAGs
[2026-05-20T00:15:37.323+0000] {logging_mixin.py:190} INFO - [2026-05-20T00:15:37.322+0000] {dag.py:4180} INFO - Setting next_dagrun for dag_ingest_instacart_local to None, run_after=None
[2026-05-20T00:15:37.349+0000] {processor.py:208} INFO - Processing /opt/airflow/dags/dag_ingest_instacart_local.py took 0.146 seconds
[2026-05-20T00:16:07.576+0000] {processor.py:186} INFO - Started process (PID=73314) to work on /opt/airflow/dags/dag_ingest_instacart_local.py
[2026-05-20T00:16:07.577+0000] {processor.py:914} INFO - Processing file /opt/airflow/dags/dag_ingest_instacart_local.py for tasks to queue
[2026-05-20T00:16:07.579+0000] {logging_mixin.py:190} INFO - [2026-05-20T00:16:07.579+0000] {dagbag.py:588} INFO - Filling up the DagBag from /opt/airflow/dags/dag_ingest_instacart_local.py
[2026-05-20T00:16:07.592+0000] {processor.py:925} INFO - DAG(s) 'dag_ingest_instacart_local' retrieved from /opt/airflow/dags/dag_ingest_instacart_local.py
[2026-05-20T00:16:07.632+0000] {logging_mixin.py:190} INFO - [2026-05-20T00:16:07.631+0000] {dag.py:3239} INFO - Sync 1 DAGs
[2026-05-20T00:16:07.655+0000] {logging_mixin.py:190} INFO - [2026-05-20T00:16:07.655+0000] {dag.py:4180} INFO - Setting next_dagrun for dag_ingest_instacart_local to None, run_after=None
[2026-05-20T00:16:07.693+0000] {processor.py:208} INFO - Processing /opt/airflow/dags/dag_ingest_instacart_local.py took 0.126 seconds
[2026-05-20T00:16:37.892+0000] {processor.py:186} INFO - Started process (PID=73374) to work on /opt/airflow/dags/dag_ingest_instacart_local.py
[2026-05-20T00:16:37.904+0000] {processor.py:914} INFO - Processing file /opt/airflow/dags/dag_ingest_instacart_local.py for tasks to queue
[2026-05-20T00:16:37.910+0000] {logging_mixin.py:190} INFO - [2026-05-20T00:16:37.908+0000] {dagbag.py:588} INFO - Filling up the DagBag from /opt/airflow/dags/dag_ingest_instacart_local.py
[2026-05-20T00:16:37.927+0000] {processor.py:925} INFO - DAG(s) 'dag_ingest_instacart_local' retrieved from /opt/airflow/dags/dag_ingest_instacart_local.py
[2026-05-20T00:16:37.994+0000] {logging_mixin.py:190} INFO - [2026-05-20T00:16:37.993+0000] {dag.py:3239} INFO - Sync 1 DAGs
[2026-05-20T00:16:38.016+0000] {logging_mixin.py:190} INFO - [2026-05-20T00:16:38.016+0000] {dag.py:4180} INFO - Setting next_dagrun for dag_ingest_instacart_local to None, run_after=None
[2026-05-20T00:16:38.043+0000] {processor.py:208} INFO - Processing /opt/airflow/dags/dag_ingest_instacart_local.py took 0.162 seconds
[2026-05-20T00:17:08.229+0000] {processor.py:186} INFO - Started process (PID=73434) to work on /opt/airflow/dags/dag_ingest_instacart_local.py
[2026-05-20T00:17:08.233+0000] {processor.py:914} INFO - Processing file /opt/airflow/dags/dag_ingest_instacart_local.py for tasks to queue
[2026-05-20T00:17:08.235+0000] {logging_mixin.py:190} INFO - [2026-05-20T00:17:08.235+0000] {dagbag.py:588} INFO - Filling up the DagBag from /opt/airflow/dags/dag_ingest_instacart_local.py
[2026-05-20T00:17:08.246+0000] {processor.py:925} INFO - DAG(s) 'dag_ingest_instacart_local' retrieved from /opt/airflow/dags/dag_ingest_instacart_local.py
[2026-05-20T00:17:08.281+0000] {logging_mixin.py:190} INFO - [2026-05-20T00:17:08.281+0000] {dag.py:3239} INFO - Sync 1 DAGs
[2026-05-20T00:17:08.300+0000] {logging_mixin.py:190} INFO - [2026-05-20T00:17:08.299+0000] {dag.py:4180} INFO - Setting next_dagrun for dag_ingest_instacart_local to None, run_after=None
[2026-05-20T00:17:08.355+0000] {processor.py:208} INFO - Processing /opt/airflow/dags/dag_ingest_instacart_local.py took 0.139 seconds
