[2026-05-20T00:00:21.437+0000] {processor.py:186} INFO - Started process (PID=71444) to work on /opt/airflow/dags/dag_prepare_instacart_source.py
[2026-05-20T00:00:21.439+0000] {processor.py:914} INFO - Processing file /opt/airflow/dags/dag_prepare_instacart_source.py for tasks to queue
[2026-05-20T00:00:21.442+0000] {logging_mixin.py:190} INFO - [2026-05-20T00:00:21.441+0000] {dagbag.py:588} INFO - Filling up the DagBag from /opt/airflow/dags/dag_prepare_instacart_source.py
[2026-05-20T00:00:21.456+0000] {processor.py:925} INFO - DAG(s) 'dag_prepare_instacart_source' retrieved from /opt/airflow/dags/dag_prepare_instacart_source.py
[2026-05-20T00:00:21.531+0000] {logging_mixin.py:190} INFO - [2026-05-20T00:00:21.531+0000] {dag.py:3239} INFO - Sync 1 DAGs
[2026-05-20T00:00:21.551+0000] {logging_mixin.py:190} INFO - [2026-05-20T00:00:21.550+0000] {dag.py:4180} INFO - Setting next_dagrun for dag_prepare_instacart_source to None, run_after=None
[2026-05-20T00:00:21.579+0000] {processor.py:208} INFO - Processing /opt/airflow/dags/dag_prepare_instacart_source.py took 0.153 seconds
[2026-05-20T00:00:51.989+0000] {processor.py:186} INFO - Started process (PID=71504) to work on /opt/airflow/dags/dag_prepare_instacart_source.py
[2026-05-20T00:00:52.014+0000] {processor.py:914} INFO - Processing file /opt/airflow/dags/dag_prepare_instacart_source.py for tasks to queue
[2026-05-20T00:00:52.018+0000] {logging_mixin.py:190} INFO - [2026-05-20T00:00:52.017+0000] {dagbag.py:588} INFO - Filling up the DagBag from /opt/airflow/dags/dag_prepare_instacart_source.py
[2026-05-20T00:00:52.030+0000] {processor.py:925} INFO - DAG(s) 'dag_prepare_instacart_source' retrieved from /opt/airflow/dags/dag_prepare_instacart_source.py
[2026-05-20T00:00:52.078+0000] {logging_mixin.py:190} INFO - [2026-05-20T00:00:52.077+0000] {dag.py:3239} INFO - Sync 1 DAGs
[2026-05-20T00:00:52.104+0000] {logging_mixin.py:190} INFO - [2026-05-20T00:00:52.104+0000] {dag.py:4180} INFO - Setting next_dagrun for dag_prepare_instacart_source to None, run_after=None
[2026-05-20T00:00:52.131+0000] {processor.py:208} INFO - Processing /opt/airflow/dags/dag_prepare_instacart_source.py took 0.156 seconds
[2026-05-20T00:01:22.653+0000] {processor.py:186} INFO - Started process (PID=71564) to work on /opt/airflow/dags/dag_prepare_instacart_source.py
[2026-05-20T00:01:22.679+0000] {processor.py:914} INFO - Processing file /opt/airflow/dags/dag_prepare_instacart_source.py for tasks to queue
[2026-05-20T00:01:22.687+0000] {logging_mixin.py:190} INFO - [2026-05-20T00:01:22.686+0000] {dagbag.py:588} INFO - Filling up the DagBag from /opt/airflow/dags/dag_prepare_instacart_source.py
[2026-05-20T00:01:22.707+0000] {processor.py:925} INFO - DAG(s) 'dag_prepare_instacart_source' retrieved from /opt/airflow/dags/dag_prepare_instacart_source.py
[2026-05-20T00:01:22.775+0000] {logging_mixin.py:190} INFO - [2026-05-20T00:01:22.775+0000] {dag.py:3239} INFO - Sync 1 DAGs
[2026-05-20T00:01:22.801+0000] {logging_mixin.py:190} INFO - [2026-05-20T00:01:22.801+0000] {dag.py:4180} INFO - Setting next_dagrun for dag_prepare_instacart_source to None, run_after=None
[2026-05-20T00:01:22.824+0000] {processor.py:208} INFO - Processing /opt/airflow/dags/dag_prepare_instacart_source.py took 0.193 seconds
[2026-05-20T00:01:52.920+0000] {processor.py:186} INFO - Started process (PID=71624) to work on /opt/airflow/dags/dag_prepare_instacart_source.py
[2026-05-20T00:01:52.936+0000] {processor.py:914} INFO - Processing file /opt/airflow/dags/dag_prepare_instacart_source.py for tasks to queue
[2026-05-20T00:01:52.940+0000] {logging_mixin.py:190} INFO - [2026-05-20T00:01:52.940+0000] {dagbag.py:588} INFO - Filling up the DagBag from /opt/airflow/dags/dag_prepare_instacart_source.py
[2026-05-20T00:01:52.950+0000] {processor.py:925} INFO - DAG(s) 'dag_prepare_instacart_source' retrieved from /opt/airflow/dags/dag_prepare_instacart_source.py
[2026-05-20T00:01:52.999+0000] {logging_mixin.py:190} INFO - [2026-05-20T00:01:52.999+0000] {dag.py:3239} INFO - Sync 1 DAGs
[2026-05-20T00:01:53.024+0000] {logging_mixin.py:190} INFO - [2026-05-20T00:01:53.024+0000] {dag.py:4180} INFO - Setting next_dagrun for dag_prepare_instacart_source to None, run_after=None
[2026-05-20T00:01:53.069+0000] {processor.py:208} INFO - Processing /opt/airflow/dags/dag_prepare_instacart_source.py took 0.159 seconds
[2026-05-20T00:02:23.552+0000] {processor.py:186} INFO - Started process (PID=71684) to work on /opt/airflow/dags/dag_prepare_instacart_source.py
[2026-05-20T00:02:23.579+0000] {processor.py:914} INFO - Processing file /opt/airflow/dags/dag_prepare_instacart_source.py for tasks to queue
[2026-05-20T00:02:23.583+0000] {logging_mixin.py:190} INFO - [2026-05-20T00:02:23.582+0000] {dagbag.py:588} INFO - Filling up the DagBag from /opt/airflow/dags/dag_prepare_instacart_source.py
[2026-05-20T00:02:23.591+0000] {processor.py:925} INFO - DAG(s) 'dag_prepare_instacart_source' retrieved from /opt/airflow/dags/dag_prepare_instacart_source.py
[2026-05-20T00:02:23.632+0000] {logging_mixin.py:190} INFO - [2026-05-20T00:02:23.632+0000] {dag.py:3239} INFO - Sync 1 DAGs
[2026-05-20T00:02:23.650+0000] {logging_mixin.py:190} INFO - [2026-05-20T00:02:23.650+0000] {dag.py:4180} INFO - Setting next_dagrun for dag_prepare_instacart_source to None, run_after=None
[2026-05-20T00:02:23.681+0000] {processor.py:208} INFO - Processing /opt/airflow/dags/dag_prepare_instacart_source.py took 0.166 seconds
[2026-05-20T00:02:54.115+0000] {processor.py:186} INFO - Started process (PID=71744) to work on /opt/airflow/dags/dag_prepare_instacart_source.py
[2026-05-20T00:02:54.121+0000] {processor.py:914} INFO - Processing file /opt/airflow/dags/dag_prepare_instacart_source.py for tasks to queue
[2026-05-20T00:02:54.127+0000] {logging_mixin.py:190} INFO - [2026-05-20T00:02:54.126+0000] {dagbag.py:588} INFO - Filling up the DagBag from /opt/airflow/dags/dag_prepare_instacart_source.py
[2026-05-20T00:02:54.139+0000] {processor.py:925} INFO - DAG(s) 'dag_prepare_instacart_source' retrieved from /opt/airflow/dags/dag_prepare_instacart_source.py
[2026-05-20T00:02:54.194+0000] {logging_mixin.py:190} INFO - [2026-05-20T00:02:54.192+0000] {dag.py:3239} INFO - Sync 1 DAGs
[2026-05-20T00:02:54.213+0000] {logging_mixin.py:190} INFO - [2026-05-20T00:02:54.213+0000] {dag.py:4180} INFO - Setting next_dagrun for dag_prepare_instacart_source to None, run_after=None
[2026-05-20T00:02:54.238+0000] {processor.py:208} INFO - Processing /opt/airflow/dags/dag_prepare_instacart_source.py took 0.139 seconds
[2026-05-20T00:03:24.412+0000] {processor.py:186} INFO - Started process (PID=71804) to work on /opt/airflow/dags/dag_prepare_instacart_source.py
[2026-05-20T00:03:24.416+0000] {processor.py:914} INFO - Processing file /opt/airflow/dags/dag_prepare_instacart_source.py for tasks to queue
[2026-05-20T00:03:24.420+0000] {logging_mixin.py:190} INFO - [2026-05-20T00:03:24.419+0000] {dagbag.py:588} INFO - Filling up the DagBag from /opt/airflow/dags/dag_prepare_instacart_source.py
[2026-05-20T00:03:24.435+0000] {processor.py:925} INFO - DAG(s) 'dag_prepare_instacart_source' retrieved from /opt/airflow/dags/dag_prepare_instacart_source.py
[2026-05-20T00:03:24.502+0000] {logging_mixin.py:190} INFO - [2026-05-20T00:03:24.502+0000] {dag.py:3239} INFO - Sync 1 DAGs
[2026-05-20T00:03:24.522+0000] {logging_mixin.py:190} INFO - [2026-05-20T00:03:24.521+0000] {dag.py:4180} INFO - Setting next_dagrun for dag_prepare_instacart_source to None, run_after=None
[2026-05-20T00:03:24.546+0000] {processor.py:208} INFO - Processing /opt/airflow/dags/dag_prepare_instacart_source.py took 0.146 seconds
[2026-05-20T00:03:54.735+0000] {processor.py:186} INFO - Started process (PID=71864) to work on /opt/airflow/dags/dag_prepare_instacart_source.py
[2026-05-20T00:03:54.740+0000] {processor.py:914} INFO - Processing file /opt/airflow/dags/dag_prepare_instacart_source.py for tasks to queue
[2026-05-20T00:03:54.742+0000] {logging_mixin.py:190} INFO - [2026-05-20T00:03:54.742+0000] {dagbag.py:588} INFO - Filling up the DagBag from /opt/airflow/dags/dag_prepare_instacart_source.py
[2026-05-20T00:03:54.752+0000] {processor.py:925} INFO - DAG(s) 'dag_prepare_instacart_source' retrieved from /opt/airflow/dags/dag_prepare_instacart_source.py
[2026-05-20T00:03:54.791+0000] {logging_mixin.py:190} INFO - [2026-05-20T00:03:54.791+0000] {dag.py:3239} INFO - Sync 1 DAGs
[2026-05-20T00:03:54.810+0000] {logging_mixin.py:190} INFO - [2026-05-20T00:03:54.810+0000] {dag.py:4180} INFO - Setting next_dagrun for dag_prepare_instacart_source to None, run_after=None
[2026-05-20T00:03:54.837+0000] {processor.py:208} INFO - Processing /opt/airflow/dags/dag_prepare_instacart_source.py took 0.114 seconds
[2026-05-20T00:04:25.052+0000] {processor.py:186} INFO - Started process (PID=71924) to work on /opt/airflow/dags/dag_prepare_instacart_source.py
[2026-05-20T00:04:25.058+0000] {processor.py:914} INFO - Processing file /opt/airflow/dags/dag_prepare_instacart_source.py for tasks to queue
[2026-05-20T00:04:25.063+0000] {logging_mixin.py:190} INFO - [2026-05-20T00:04:25.062+0000] {dagbag.py:588} INFO - Filling up the DagBag from /opt/airflow/dags/dag_prepare_instacart_source.py
[2026-05-20T00:04:25.078+0000] {processor.py:925} INFO - DAG(s) 'dag_prepare_instacart_source' retrieved from /opt/airflow/dags/dag_prepare_instacart_source.py
[2026-05-20T00:04:25.145+0000] {logging_mixin.py:190} INFO - [2026-05-20T00:04:25.144+0000] {dag.py:3239} INFO - Sync 1 DAGs
[2026-05-20T00:04:25.164+0000] {logging_mixin.py:190} INFO - [2026-05-20T00:04:25.164+0000] {dag.py:4180} INFO - Setting next_dagrun for dag_prepare_instacart_source to None, run_after=None
[2026-05-20T00:04:25.187+0000] {processor.py:208} INFO - Processing /opt/airflow/dags/dag_prepare_instacart_source.py took 0.146 seconds
[2026-05-20T00:04:55.428+0000] {processor.py:186} INFO - Started process (PID=71984) to work on /opt/airflow/dags/dag_prepare_instacart_source.py
[2026-05-20T00:04:55.482+0000] {processor.py:914} INFO - Processing file /opt/airflow/dags/dag_prepare_instacart_source.py for tasks to queue
[2026-05-20T00:04:55.484+0000] {logging_mixin.py:190} INFO - [2026-05-20T00:04:55.484+0000] {dagbag.py:588} INFO - Filling up the DagBag from /opt/airflow/dags/dag_prepare_instacart_source.py
[2026-05-20T00:04:55.492+0000] {processor.py:925} INFO - DAG(s) 'dag_prepare_instacart_source' retrieved from /opt/airflow/dags/dag_prepare_instacart_source.py
[2026-05-20T00:04:55.532+0000] {logging_mixin.py:190} INFO - [2026-05-20T00:04:55.531+0000] {dag.py:3239} INFO - Sync 1 DAGs
[2026-05-20T00:04:55.548+0000] {logging_mixin.py:190} INFO - [2026-05-20T00:04:55.548+0000] {dag.py:4180} INFO - Setting next_dagrun for dag_prepare_instacart_source to None, run_after=None
[2026-05-20T00:04:55.587+0000] {processor.py:208} INFO - Processing /opt/airflow/dags/dag_prepare_instacart_source.py took 0.168 seconds
[2026-05-20T00:05:25.727+0000] {processor.py:186} INFO - Started process (PID=72044) to work on /opt/airflow/dags/dag_prepare_instacart_source.py
[2026-05-20T00:05:25.737+0000] {processor.py:914} INFO - Processing file /opt/airflow/dags/dag_prepare_instacart_source.py for tasks to queue
[2026-05-20T00:05:25.741+0000] {logging_mixin.py:190} INFO - [2026-05-20T00:05:25.740+0000] {dagbag.py:588} INFO - Filling up the DagBag from /opt/airflow/dags/dag_prepare_instacart_source.py
[2026-05-20T00:05:25.752+0000] {processor.py:925} INFO - DAG(s) 'dag_prepare_instacart_source' retrieved from /opt/airflow/dags/dag_prepare_instacart_source.py
[2026-05-20T00:05:25.815+0000] {logging_mixin.py:190} INFO - [2026-05-20T00:05:25.815+0000] {dag.py:3239} INFO - Sync 1 DAGs
[2026-05-20T00:05:25.843+0000] {logging_mixin.py:190} INFO - [2026-05-20T00:05:25.842+0000] {dag.py:4180} INFO - Setting next_dagrun for dag_prepare_instacart_source to None, run_after=None
[2026-05-20T00:05:25.888+0000] {processor.py:208} INFO - Processing /opt/airflow/dags/dag_prepare_instacart_source.py took 0.173 seconds
[2026-05-20T00:05:56.257+0000] {processor.py:186} INFO - Started process (PID=72104) to work on /opt/airflow/dags/dag_prepare_instacart_source.py
[2026-05-20T00:05:56.259+0000] {processor.py:914} INFO - Processing file /opt/airflow/dags/dag_prepare_instacart_source.py for tasks to queue
[2026-05-20T00:05:56.263+0000] {logging_mixin.py:190} INFO - [2026-05-20T00:05:56.263+0000] {dagbag.py:588} INFO - Filling up the DagBag from /opt/airflow/dags/dag_prepare_instacart_source.py
[2026-05-20T00:05:56.272+0000] {processor.py:925} INFO - DAG(s) 'dag_prepare_instacart_source' retrieved from /opt/airflow/dags/dag_prepare_instacart_source.py
[2026-05-20T00:05:56.307+0000] {logging_mixin.py:190} INFO - [2026-05-20T00:05:56.307+0000] {dag.py:3239} INFO - Sync 1 DAGs
[2026-05-20T00:05:56.327+0000] {logging_mixin.py:190} INFO - [2026-05-20T00:05:56.327+0000] {dag.py:4180} INFO - Setting next_dagrun for dag_prepare_instacart_source to None, run_after=None
[2026-05-20T00:05:56.355+0000] {processor.py:208} INFO - Processing /opt/airflow/dags/dag_prepare_instacart_source.py took 0.105 seconds
[2026-05-20T00:06:26.781+0000] {processor.py:186} INFO - Started process (PID=72164) to work on /opt/airflow/dags/dag_prepare_instacart_source.py
[2026-05-20T00:06:26.790+0000] {processor.py:914} INFO - Processing file /opt/airflow/dags/dag_prepare_instacart_source.py for tasks to queue
[2026-05-20T00:06:26.797+0000] {logging_mixin.py:190} INFO - [2026-05-20T00:06:26.792+0000] {dagbag.py:588} INFO - Filling up the DagBag from /opt/airflow/dags/dag_prepare_instacart_source.py
[2026-05-20T00:06:26.808+0000] {processor.py:925} INFO - DAG(s) 'dag_prepare_instacart_source' retrieved from /opt/airflow/dags/dag_prepare_instacart_source.py
[2026-05-20T00:06:26.843+0000] {logging_mixin.py:190} INFO - [2026-05-20T00:06:26.842+0000] {dag.py:3239} INFO - Sync 1 DAGs
[2026-05-20T00:06:26.865+0000] {logging_mixin.py:190} INFO - [2026-05-20T00:06:26.864+0000] {dag.py:4180} INFO - Setting next_dagrun for dag_prepare_instacart_source to None, run_after=None
[2026-05-20T00:06:26.892+0000] {processor.py:208} INFO - Processing /opt/airflow/dags/dag_prepare_instacart_source.py took 0.131 seconds
[2026-05-20T00:06:57.058+0000] {processor.py:186} INFO - Started process (PID=72224) to work on /opt/airflow/dags/dag_prepare_instacart_source.py
[2026-05-20T00:06:57.059+0000] {processor.py:914} INFO - Processing file /opt/airflow/dags/dag_prepare_instacart_source.py for tasks to queue
[2026-05-20T00:06:57.061+0000] {logging_mixin.py:190} INFO - [2026-05-20T00:06:57.061+0000] {dagbag.py:588} INFO - Filling up the DagBag from /opt/airflow/dags/dag_prepare_instacart_source.py
[2026-05-20T00:06:57.072+0000] {processor.py:925} INFO - DAG(s) 'dag_prepare_instacart_source' retrieved from /opt/airflow/dags/dag_prepare_instacart_source.py
[2026-05-20T00:06:57.108+0000] {logging_mixin.py:190} INFO - [2026-05-20T00:06:57.107+0000] {dag.py:3239} INFO - Sync 1 DAGs
[2026-05-20T00:06:57.126+0000] {logging_mixin.py:190} INFO - [2026-05-20T00:06:57.126+0000] {dag.py:4180} INFO - Setting next_dagrun for dag_prepare_instacart_source to None, run_after=None
[2026-05-20T00:06:57.159+0000] {processor.py:208} INFO - Processing /opt/airflow/dags/dag_prepare_instacart_source.py took 0.108 seconds
[2026-05-20T00:07:27.401+0000] {processor.py:186} INFO - Started process (PID=72284) to work on /opt/airflow/dags/dag_prepare_instacart_source.py
[2026-05-20T00:07:27.403+0000] {processor.py:914} INFO - Processing file /opt/airflow/dags/dag_prepare_instacart_source.py for tasks to queue
[2026-05-20T00:07:27.407+0000] {logging_mixin.py:190} INFO - [2026-05-20T00:07:27.406+0000] {dagbag.py:588} INFO - Filling up the DagBag from /opt/airflow/dags/dag_prepare_instacart_source.py
[2026-05-20T00:07:27.420+0000] {processor.py:925} INFO - DAG(s) 'dag_prepare_instacart_source' retrieved from /opt/airflow/dags/dag_prepare_instacart_source.py
[2026-05-20T00:07:27.466+0000] {logging_mixin.py:190} INFO - [2026-05-20T00:07:27.466+0000] {dag.py:3239} INFO - Sync 1 DAGs
[2026-05-20T00:07:27.484+0000] {logging_mixin.py:190} INFO - [2026-05-20T00:07:27.483+0000] {dag.py:4180} INFO - Setting next_dagrun for dag_prepare_instacart_source to None, run_after=None
[2026-05-20T00:07:27.516+0000] {processor.py:208} INFO - Processing /opt/airflow/dags/dag_prepare_instacart_source.py took 0.129 seconds
[2026-05-20T00:07:57.777+0000] {processor.py:186} INFO - Started process (PID=72344) to work on /opt/airflow/dags/dag_prepare_instacart_source.py
[2026-05-20T00:07:57.804+0000] {processor.py:914} INFO - Processing file /opt/airflow/dags/dag_prepare_instacart_source.py for tasks to queue
[2026-05-20T00:07:57.808+0000] {logging_mixin.py:190} INFO - [2026-05-20T00:07:57.807+0000] {dagbag.py:588} INFO - Filling up the DagBag from /opt/airflow/dags/dag_prepare_instacart_source.py
[2026-05-20T00:07:57.819+0000] {processor.py:925} INFO - DAG(s) 'dag_prepare_instacart_source' retrieved from /opt/airflow/dags/dag_prepare_instacart_source.py
[2026-05-20T00:07:57.877+0000] {logging_mixin.py:190} INFO - [2026-05-20T00:07:57.876+0000] {dag.py:3239} INFO - Sync 1 DAGs
[2026-05-20T00:07:57.898+0000] {logging_mixin.py:190} INFO - [2026-05-20T00:07:57.897+0000] {dag.py:4180} INFO - Setting next_dagrun for dag_prepare_instacart_source to None, run_after=None
[2026-05-20T00:07:57.928+0000] {processor.py:208} INFO - Processing /opt/airflow/dags/dag_prepare_instacart_source.py took 0.162 seconds
[2026-05-20T00:08:28.325+0000] {processor.py:186} INFO - Started process (PID=72404) to work on /opt/airflow/dags/dag_prepare_instacart_source.py
[2026-05-20T00:08:28.326+0000] {processor.py:914} INFO - Processing file /opt/airflow/dags/dag_prepare_instacart_source.py for tasks to queue
[2026-05-20T00:08:28.332+0000] {logging_mixin.py:190} INFO - [2026-05-20T00:08:28.328+0000] {dagbag.py:588} INFO - Filling up the DagBag from /opt/airflow/dags/dag_prepare_instacart_source.py
[2026-05-20T00:08:28.341+0000] {processor.py:925} INFO - DAG(s) 'dag_prepare_instacart_source' retrieved from /opt/airflow/dags/dag_prepare_instacart_source.py
[2026-05-20T00:08:28.383+0000] {logging_mixin.py:190} INFO - [2026-05-20T00:08:28.383+0000] {dag.py:3239} INFO - Sync 1 DAGs
[2026-05-20T00:08:28.403+0000] {logging_mixin.py:190} INFO - [2026-05-20T00:08:28.403+0000] {dag.py:4180} INFO - Setting next_dagrun for dag_prepare_instacart_source to None, run_after=None
[2026-05-20T00:08:28.461+0000] {processor.py:208} INFO - Processing /opt/airflow/dags/dag_prepare_instacart_source.py took 0.150 seconds
[2026-05-20T00:08:58.897+0000] {processor.py:186} INFO - Started process (PID=72464) to work on /opt/airflow/dags/dag_prepare_instacart_source.py
[2026-05-20T00:08:58.908+0000] {processor.py:914} INFO - Processing file /opt/airflow/dags/dag_prepare_instacart_source.py for tasks to queue
[2026-05-20T00:08:58.910+0000] {logging_mixin.py:190} INFO - [2026-05-20T00:08:58.909+0000] {dagbag.py:588} INFO - Filling up the DagBag from /opt/airflow/dags/dag_prepare_instacart_source.py
[2026-05-20T00:08:58.923+0000] {processor.py:925} INFO - DAG(s) 'dag_prepare_instacart_source' retrieved from /opt/airflow/dags/dag_prepare_instacart_source.py
[2026-05-20T00:08:58.976+0000] {logging_mixin.py:190} INFO - [2026-05-20T00:08:58.976+0000] {dag.py:3239} INFO - Sync 1 DAGs
[2026-05-20T00:08:59.009+0000] {logging_mixin.py:190} INFO - [2026-05-20T00:08:59.008+0000] {dag.py:4180} INFO - Setting next_dagrun for dag_prepare_instacart_source to None, run_after=None
[2026-05-20T00:08:59.040+0000] {processor.py:208} INFO - Processing /opt/airflow/dags/dag_prepare_instacart_source.py took 0.151 seconds
[2026-05-20T00:09:29.465+0000] {processor.py:186} INFO - Started process (PID=72524) to work on /opt/airflow/dags/dag_prepare_instacart_source.py
[2026-05-20T00:09:29.497+0000] {processor.py:914} INFO - Processing file /opt/airflow/dags/dag_prepare_instacart_source.py for tasks to queue
[2026-05-20T00:09:29.501+0000] {logging_mixin.py:190} INFO - [2026-05-20T00:09:29.500+0000] {dagbag.py:588} INFO - Filling up the DagBag from /opt/airflow/dags/dag_prepare_instacart_source.py
[2026-05-20T00:09:29.509+0000] {processor.py:925} INFO - DAG(s) 'dag_prepare_instacart_source' retrieved from /opt/airflow/dags/dag_prepare_instacart_source.py
[2026-05-20T00:09:29.564+0000] {logging_mixin.py:190} INFO - [2026-05-20T00:09:29.564+0000] {dag.py:3239} INFO - Sync 1 DAGs
[2026-05-20T00:09:29.582+0000] {logging_mixin.py:190} INFO - [2026-05-20T00:09:29.582+0000] {dag.py:4180} INFO - Setting next_dagrun for dag_prepare_instacart_source to None, run_after=None
[2026-05-20T00:09:29.636+0000] {processor.py:208} INFO - Processing /opt/airflow/dags/dag_prepare_instacart_source.py took 0.187 seconds
[2026-05-20T00:09:59.947+0000] {processor.py:186} INFO - Started process (PID=72584) to work on /opt/airflow/dags/dag_prepare_instacart_source.py
[2026-05-20T00:09:59.980+0000] {processor.py:914} INFO - Processing file /opt/airflow/dags/dag_prepare_instacart_source.py for tasks to queue
[2026-05-20T00:09:59.983+0000] {logging_mixin.py:190} INFO - [2026-05-20T00:09:59.982+0000] {dagbag.py:588} INFO - Filling up the DagBag from /opt/airflow/dags/dag_prepare_instacart_source.py
[2026-05-20T00:10:00.003+0000] {processor.py:925} INFO - DAG(s) 'dag_prepare_instacart_source' retrieved from /opt/airflow/dags/dag_prepare_instacart_source.py
[2026-05-20T00:10:00.087+0000] {logging_mixin.py:190} INFO - [2026-05-20T00:10:00.086+0000] {dag.py:3239} INFO - Sync 1 DAGs
[2026-05-20T00:10:00.106+0000] {logging_mixin.py:190} INFO - [2026-05-20T00:10:00.106+0000] {dag.py:4180} INFO - Setting next_dagrun for dag_prepare_instacart_source to None, run_after=None
[2026-05-20T00:10:00.153+0000] {processor.py:208} INFO - Processing /opt/airflow/dags/dag_prepare_instacart_source.py took 0.219 seconds
[2026-05-20T00:10:30.744+0000] {processor.py:186} INFO - Started process (PID=72644) to work on /opt/airflow/dags/dag_prepare_instacart_source.py
[2026-05-20T00:10:30.777+0000] {processor.py:914} INFO - Processing file /opt/airflow/dags/dag_prepare_instacart_source.py for tasks to queue
[2026-05-20T00:10:30.782+0000] {logging_mixin.py:190} INFO - [2026-05-20T00:10:30.781+0000] {dagbag.py:588} INFO - Filling up the DagBag from /opt/airflow/dags/dag_prepare_instacart_source.py
[2026-05-20T00:10:30.792+0000] {processor.py:925} INFO - DAG(s) 'dag_prepare_instacart_source' retrieved from /opt/airflow/dags/dag_prepare_instacart_source.py
[2026-05-20T00:10:30.830+0000] {logging_mixin.py:190} INFO - [2026-05-20T00:10:30.830+0000] {dag.py:3239} INFO - Sync 1 DAGs
[2026-05-20T00:10:30.848+0000] {logging_mixin.py:190} INFO - [2026-05-20T00:10:30.848+0000] {dag.py:4180} INFO - Setting next_dagrun for dag_prepare_instacart_source to None, run_after=None
[2026-05-20T00:10:30.875+0000] {processor.py:208} INFO - Processing /opt/airflow/dags/dag_prepare_instacart_source.py took 0.176 seconds
[2026-05-20T00:11:01.336+0000] {processor.py:186} INFO - Started process (PID=72704) to work on /opt/airflow/dags/dag_prepare_instacart_source.py
[2026-05-20T00:11:01.372+0000] {processor.py:914} INFO - Processing file /opt/airflow/dags/dag_prepare_instacart_source.py for tasks to queue
[2026-05-20T00:11:01.377+0000] {logging_mixin.py:190} INFO - [2026-05-20T00:11:01.376+0000] {dagbag.py:588} INFO - Filling up the DagBag from /opt/airflow/dags/dag_prepare_instacart_source.py
[2026-05-20T00:11:01.393+0000] {processor.py:925} INFO - DAG(s) 'dag_prepare_instacart_source' retrieved from /opt/airflow/dags/dag_prepare_instacart_source.py
[2026-05-20T00:11:01.455+0000] {logging_mixin.py:190} INFO - [2026-05-20T00:11:01.455+0000] {dag.py:3239} INFO - Sync 1 DAGs
[2026-05-20T00:11:01.485+0000] {logging_mixin.py:190} INFO - [2026-05-20T00:11:01.485+0000] {dag.py:4180} INFO - Setting next_dagrun for dag_prepare_instacart_source to None, run_after=None
[2026-05-20T00:11:01.512+0000] {processor.py:208} INFO - Processing /opt/airflow/dags/dag_prepare_instacart_source.py took 0.185 seconds
[2026-05-20T00:11:31.714+0000] {processor.py:186} INFO - Started process (PID=72764) to work on /opt/airflow/dags/dag_prepare_instacart_source.py
[2026-05-20T00:11:31.743+0000] {processor.py:914} INFO - Processing file /opt/airflow/dags/dag_prepare_instacart_source.py for tasks to queue
[2026-05-20T00:11:31.749+0000] {logging_mixin.py:190} INFO - [2026-05-20T00:11:31.748+0000] {dagbag.py:588} INFO - Filling up the DagBag from /opt/airflow/dags/dag_prepare_instacart_source.py
[2026-05-20T00:11:31.770+0000] {processor.py:925} INFO - DAG(s) 'dag_prepare_instacart_source' retrieved from /opt/airflow/dags/dag_prepare_instacart_source.py
[2026-05-20T00:11:31.819+0000] {logging_mixin.py:190} INFO - [2026-05-20T00:11:31.819+0000] {dag.py:3239} INFO - Sync 1 DAGs
[2026-05-20T00:11:31.838+0000] {logging_mixin.py:190} INFO - [2026-05-20T00:11:31.838+0000] {dag.py:4180} INFO - Setting next_dagrun for dag_prepare_instacart_source to None, run_after=None
[2026-05-20T00:11:31.919+0000] {processor.py:208} INFO - Processing /opt/airflow/dags/dag_prepare_instacart_source.py took 0.219 seconds
[2026-05-20T00:12:02.131+0000] {processor.py:186} INFO - Started process (PID=72824) to work on /opt/airflow/dags/dag_prepare_instacart_source.py
[2026-05-20T00:12:02.135+0000] {processor.py:914} INFO - Processing file /opt/airflow/dags/dag_prepare_instacart_source.py for tasks to queue
[2026-05-20T00:12:02.137+0000] {logging_mixin.py:190} INFO - [2026-05-20T00:12:02.136+0000] {dagbag.py:588} INFO - Filling up the DagBag from /opt/airflow/dags/dag_prepare_instacart_source.py
[2026-05-20T00:12:02.145+0000] {processor.py:925} INFO - DAG(s) 'dag_prepare_instacart_source' retrieved from /opt/airflow/dags/dag_prepare_instacart_source.py
[2026-05-20T00:12:02.188+0000] {logging_mixin.py:190} INFO - [2026-05-20T00:12:02.188+0000] {dag.py:3239} INFO - Sync 1 DAGs
[2026-05-20T00:12:02.210+0000] {logging_mixin.py:190} INFO - [2026-05-20T00:12:02.210+0000] {dag.py:4180} INFO - Setting next_dagrun for dag_prepare_instacart_source to None, run_after=None
[2026-05-20T00:12:02.243+0000] {processor.py:208} INFO - Processing /opt/airflow/dags/dag_prepare_instacart_source.py took 0.120 seconds
[2026-05-20T00:12:32.876+0000] {processor.py:186} INFO - Started process (PID=72884) to work on /opt/airflow/dags/dag_prepare_instacart_source.py
[2026-05-20T00:12:32.965+0000] {processor.py:914} INFO - Processing file /opt/airflow/dags/dag_prepare_instacart_source.py for tasks to queue
[2026-05-20T00:12:32.967+0000] {logging_mixin.py:190} INFO - [2026-05-20T00:12:32.967+0000] {dagbag.py:588} INFO - Filling up the DagBag from /opt/airflow/dags/dag_prepare_instacart_source.py
[2026-05-20T00:12:32.980+0000] {processor.py:925} INFO - DAG(s) 'dag_prepare_instacart_source' retrieved from /opt/airflow/dags/dag_prepare_instacart_source.py
[2026-05-20T00:12:33.031+0000] {logging_mixin.py:190} INFO - [2026-05-20T00:12:33.031+0000] {dag.py:3239} INFO - Sync 1 DAGs
[2026-05-20T00:12:33.069+0000] {logging_mixin.py:190} INFO - [2026-05-20T00:12:33.069+0000] {dag.py:4180} INFO - Setting next_dagrun for dag_prepare_instacart_source to None, run_after=None
[2026-05-20T00:12:33.177+0000] {processor.py:208} INFO - Processing /opt/airflow/dags/dag_prepare_instacart_source.py took 0.318 seconds
[2026-05-20T00:13:03.277+0000] {processor.py:186} INFO - Started process (PID=72944) to work on /opt/airflow/dags/dag_prepare_instacart_source.py
[2026-05-20T00:13:03.630+0000] {processor.py:914} INFO - Processing file /opt/airflow/dags/dag_prepare_instacart_source.py for tasks to queue
[2026-05-20T00:13:03.641+0000] {logging_mixin.py:190} INFO - [2026-05-20T00:13:03.639+0000] {dagbag.py:588} INFO - Filling up the DagBag from /opt/airflow/dags/dag_prepare_instacart_source.py
[2026-05-20T00:13:03.678+0000] {processor.py:925} INFO - DAG(s) 'dag_prepare_instacart_source' retrieved from /opt/airflow/dags/dag_prepare_instacart_source.py
[2026-05-20T00:13:03.740+0000] {logging_mixin.py:190} INFO - [2026-05-20T00:13:03.740+0000] {dag.py:3239} INFO - Sync 1 DAGs
[2026-05-20T00:13:03.757+0000] {logging_mixin.py:190} INFO - [2026-05-20T00:13:03.757+0000] {dag.py:4180} INFO - Setting next_dagrun for dag_prepare_instacart_source to None, run_after=None
[2026-05-20T00:13:03.783+0000] {processor.py:208} INFO - Processing /opt/airflow/dags/dag_prepare_instacart_source.py took 0.515 seconds
[2026-05-20T00:13:34.005+0000] {processor.py:186} INFO - Started process (PID=73004) to work on /opt/airflow/dags/dag_prepare_instacart_source.py
[2026-05-20T00:13:34.095+0000] {processor.py:914} INFO - Processing file /opt/airflow/dags/dag_prepare_instacart_source.py for tasks to queue
[2026-05-20T00:13:34.098+0000] {logging_mixin.py:190} INFO - [2026-05-20T00:13:34.097+0000] {dagbag.py:588} INFO - Filling up the DagBag from /opt/airflow/dags/dag_prepare_instacart_source.py
[2026-05-20T00:13:34.113+0000] {processor.py:925} INFO - DAG(s) 'dag_prepare_instacart_source' retrieved from /opt/airflow/dags/dag_prepare_instacart_source.py
[2026-05-20T00:13:34.170+0000] {logging_mixin.py:190} INFO - [2026-05-20T00:13:34.169+0000] {dag.py:3239} INFO - Sync 1 DAGs
[2026-05-20T00:13:34.198+0000] {logging_mixin.py:190} INFO - [2026-05-20T00:13:34.198+0000] {dag.py:4180} INFO - Setting next_dagrun for dag_prepare_instacart_source to None, run_after=None
[2026-05-20T00:13:34.309+0000] {processor.py:208} INFO - Processing /opt/airflow/dags/dag_prepare_instacart_source.py took 0.315 seconds
[2026-05-20T00:14:04.564+0000] {processor.py:186} INFO - Started process (PID=73064) to work on /opt/airflow/dags/dag_prepare_instacart_source.py
[2026-05-20T00:14:04.565+0000] {processor.py:914} INFO - Processing file /opt/airflow/dags/dag_prepare_instacart_source.py for tasks to queue
[2026-05-20T00:14:04.567+0000] {logging_mixin.py:190} INFO - [2026-05-20T00:14:04.567+0000] {dagbag.py:588} INFO - Filling up the DagBag from /opt/airflow/dags/dag_prepare_instacart_source.py
[2026-05-20T00:14:04.574+0000] {processor.py:925} INFO - DAG(s) 'dag_prepare_instacart_source' retrieved from /opt/airflow/dags/dag_prepare_instacart_source.py
[2026-05-20T00:14:04.604+0000] {logging_mixin.py:190} INFO - [2026-05-20T00:14:04.604+0000] {dag.py:3239} INFO - Sync 1 DAGs
[2026-05-20T00:14:04.620+0000] {logging_mixin.py:190} INFO - [2026-05-20T00:14:04.620+0000] {dag.py:4180} INFO - Setting next_dagrun for dag_prepare_instacart_source to None, run_after=None
[2026-05-20T00:14:04.646+0000] {processor.py:208} INFO - Processing /opt/airflow/dags/dag_prepare_instacart_source.py took 0.089 seconds
[2026-05-20T00:14:35.213+0000] {processor.py:186} INFO - Started process (PID=73122) to work on /opt/airflow/dags/dag_prepare_instacart_source.py
[2026-05-20T00:14:35.222+0000] {processor.py:914} INFO - Processing file /opt/airflow/dags/dag_prepare_instacart_source.py for tasks to queue
[2026-05-20T00:14:35.225+0000] {logging_mixin.py:190} INFO - [2026-05-20T00:14:35.224+0000] {dagbag.py:588} INFO - Filling up the DagBag from /opt/airflow/dags/dag_prepare_instacart_source.py
[2026-05-20T00:14:35.233+0000] {processor.py:925} INFO - DAG(s) 'dag_prepare_instacart_source' retrieved from /opt/airflow/dags/dag_prepare_instacart_source.py
[2026-05-20T00:14:35.270+0000] {logging_mixin.py:190} INFO - [2026-05-20T00:14:35.270+0000] {dag.py:3239} INFO - Sync 1 DAGs
[2026-05-20T00:14:35.290+0000] {logging_mixin.py:190} INFO - [2026-05-20T00:14:35.289+0000] {dag.py:4180} INFO - Setting next_dagrun for dag_prepare_instacart_source to None, run_after=None
[2026-05-20T00:14:35.339+0000] {processor.py:208} INFO - Processing /opt/airflow/dags/dag_prepare_instacart_source.py took 0.135 seconds
[2026-05-20T00:15:05.645+0000] {processor.py:186} INFO - Started process (PID=73184) to work on /opt/airflow/dags/dag_prepare_instacart_source.py
[2026-05-20T00:15:05.647+0000] {processor.py:914} INFO - Processing file /opt/airflow/dags/dag_prepare_instacart_source.py for tasks to queue
[2026-05-20T00:15:05.650+0000] {logging_mixin.py:190} INFO - [2026-05-20T00:15:05.649+0000] {dagbag.py:588} INFO - Filling up the DagBag from /opt/airflow/dags/dag_prepare_instacart_source.py
[2026-05-20T00:15:05.661+0000] {processor.py:925} INFO - DAG(s) 'dag_prepare_instacart_source' retrieved from /opt/airflow/dags/dag_prepare_instacart_source.py
[2026-05-20T00:15:05.716+0000] {logging_mixin.py:190} INFO - [2026-05-20T00:15:05.713+0000] {dag.py:3239} INFO - Sync 1 DAGs
[2026-05-20T00:15:05.742+0000] {logging_mixin.py:190} INFO - [2026-05-20T00:15:05.742+0000] {dag.py:4180} INFO - Setting next_dagrun for dag_prepare_instacart_source to None, run_after=None
[2026-05-20T00:15:05.783+0000] {processor.py:208} INFO - Processing /opt/airflow/dags/dag_prepare_instacart_source.py took 0.148 seconds
[2026-05-20T00:15:36.043+0000] {processor.py:186} INFO - Started process (PID=73244) to work on /opt/airflow/dags/dag_prepare_instacart_source.py
[2026-05-20T00:15:36.044+0000] {processor.py:914} INFO - Processing file /opt/airflow/dags/dag_prepare_instacart_source.py for tasks to queue
[2026-05-20T00:15:36.047+0000] {logging_mixin.py:190} INFO - [2026-05-20T00:15:36.047+0000] {dagbag.py:588} INFO - Filling up the DagBag from /opt/airflow/dags/dag_prepare_instacart_source.py
[2026-05-20T00:15:36.055+0000] {processor.py:925} INFO - DAG(s) 'dag_prepare_instacart_source' retrieved from /opt/airflow/dags/dag_prepare_instacart_source.py
[2026-05-20T00:15:36.102+0000] {logging_mixin.py:190} INFO - [2026-05-20T00:15:36.102+0000] {dag.py:3239} INFO - Sync 1 DAGs
[2026-05-20T00:15:36.120+0000] {logging_mixin.py:190} INFO - [2026-05-20T00:15:36.119+0000] {dag.py:4180} INFO - Setting next_dagrun for dag_prepare_instacart_source to None, run_after=None
[2026-05-20T00:15:36.143+0000] {processor.py:208} INFO - Processing /opt/airflow/dags/dag_prepare_instacart_source.py took 0.106 seconds
[2026-05-20T00:16:06.432+0000] {processor.py:186} INFO - Started process (PID=73304) to work on /opt/airflow/dags/dag_prepare_instacart_source.py
[2026-05-20T00:16:06.434+0000] {processor.py:914} INFO - Processing file /opt/airflow/dags/dag_prepare_instacart_source.py for tasks to queue
[2026-05-20T00:16:06.436+0000] {logging_mixin.py:190} INFO - [2026-05-20T00:16:06.435+0000] {dagbag.py:588} INFO - Filling up the DagBag from /opt/airflow/dags/dag_prepare_instacart_source.py
[2026-05-20T00:16:06.443+0000] {processor.py:925} INFO - DAG(s) 'dag_prepare_instacart_source' retrieved from /opt/airflow/dags/dag_prepare_instacart_source.py
[2026-05-20T00:16:06.480+0000] {logging_mixin.py:190} INFO - [2026-05-20T00:16:06.480+0000] {dag.py:3239} INFO - Sync 1 DAGs
[2026-05-20T00:16:06.502+0000] {logging_mixin.py:190} INFO - [2026-05-20T00:16:06.502+0000] {dag.py:4180} INFO - Setting next_dagrun for dag_prepare_instacart_source to None, run_after=None
[2026-05-20T00:16:06.532+0000] {processor.py:208} INFO - Processing /opt/airflow/dags/dag_prepare_instacart_source.py took 0.107 seconds
[2026-05-20T00:16:36.732+0000] {processor.py:186} INFO - Started process (PID=73364) to work on /opt/airflow/dags/dag_prepare_instacart_source.py
[2026-05-20T00:16:36.733+0000] {processor.py:914} INFO - Processing file /opt/airflow/dags/dag_prepare_instacart_source.py for tasks to queue
[2026-05-20T00:16:36.735+0000] {logging_mixin.py:190} INFO - [2026-05-20T00:16:36.735+0000] {dagbag.py:588} INFO - Filling up the DagBag from /opt/airflow/dags/dag_prepare_instacart_source.py
[2026-05-20T00:16:36.742+0000] {processor.py:925} INFO - DAG(s) 'dag_prepare_instacart_source' retrieved from /opt/airflow/dags/dag_prepare_instacart_source.py
[2026-05-20T00:16:36.782+0000] {logging_mixin.py:190} INFO - [2026-05-20T00:16:36.781+0000] {dag.py:3239} INFO - Sync 1 DAGs
[2026-05-20T00:16:36.801+0000] {logging_mixin.py:190} INFO - [2026-05-20T00:16:36.800+0000] {dag.py:4180} INFO - Setting next_dagrun for dag_prepare_instacart_source to None, run_after=None
[2026-05-20T00:16:36.834+0000] {processor.py:208} INFO - Processing /opt/airflow/dags/dag_prepare_instacart_source.py took 0.109 seconds
[2026-05-20T00:17:07.026+0000] {processor.py:186} INFO - Started process (PID=73422) to work on /opt/airflow/dags/dag_prepare_instacart_source.py
[2026-05-20T00:17:07.027+0000] {processor.py:914} INFO - Processing file /opt/airflow/dags/dag_prepare_instacart_source.py for tasks to queue
[2026-05-20T00:17:07.029+0000] {logging_mixin.py:190} INFO - [2026-05-20T00:17:07.029+0000] {dagbag.py:588} INFO - Filling up the DagBag from /opt/airflow/dags/dag_prepare_instacart_source.py
[2026-05-20T00:17:07.036+0000] {processor.py:925} INFO - DAG(s) 'dag_prepare_instacart_source' retrieved from /opt/airflow/dags/dag_prepare_instacart_source.py
[2026-05-20T00:17:07.071+0000] {logging_mixin.py:190} INFO - [2026-05-20T00:17:07.070+0000] {dag.py:3239} INFO - Sync 1 DAGs
[2026-05-20T00:17:07.091+0000] {logging_mixin.py:190} INFO - [2026-05-20T00:17:07.090+0000] {dag.py:4180} INFO - Setting next_dagrun for dag_prepare_instacart_source to None, run_after=None
[2026-05-20T00:17:07.114+0000] {processor.py:208} INFO - Processing /opt/airflow/dags/dag_prepare_instacart_source.py took 0.095 seconds
