[2026-05-20T00:00:19.636+0000] {processor.py:186} INFO - Started process (PID=71407) to work on /opt/airflow/dags/dag_bronze_orders.py
[2026-05-20T00:00:19.637+0000] {processor.py:914} INFO - Processing file /opt/airflow/dags/dag_bronze_orders.py for tasks to queue
[2026-05-20T00:00:19.640+0000] {logging_mixin.py:190} INFO - [2026-05-20T00:00:19.639+0000] {dagbag.py:588} INFO - Filling up the DagBag from /opt/airflow/dags/dag_bronze_orders.py
[2026-05-20T00:00:19.651+0000] {processor.py:925} INFO - DAG(s) 'dag_bronze_orders' retrieved from /opt/airflow/dags/dag_bronze_orders.py
[2026-05-20T00:00:19.700+0000] {logging_mixin.py:190} INFO - [2026-05-20T00:00:19.700+0000] {dag.py:3239} INFO - Sync 1 DAGs
[2026-05-20T00:00:19.718+0000] {logging_mixin.py:190} INFO - [2026-05-20T00:00:19.718+0000] {dag.py:4180} INFO - Setting next_dagrun for dag_bronze_orders to None, run_after=None
[2026-05-20T00:00:19.782+0000] {processor.py:208} INFO - Processing /opt/airflow/dags/dag_bronze_orders.py took 0.165 seconds
[2026-05-20T00:00:50.172+0000] {processor.py:186} INFO - Started process (PID=71467) to work on /opt/airflow/dags/dag_bronze_orders.py
[2026-05-20T00:00:50.197+0000] {processor.py:914} INFO - Processing file /opt/airflow/dags/dag_bronze_orders.py for tasks to queue
[2026-05-20T00:00:50.199+0000] {logging_mixin.py:190} INFO - [2026-05-20T00:00:50.198+0000] {dagbag.py:588} INFO - Filling up the DagBag from /opt/airflow/dags/dag_bronze_orders.py
[2026-05-20T00:00:50.206+0000] {processor.py:925} INFO - DAG(s) 'dag_bronze_orders' retrieved from /opt/airflow/dags/dag_bronze_orders.py
[2026-05-20T00:00:50.244+0000] {logging_mixin.py:190} INFO - [2026-05-20T00:00:50.244+0000] {dag.py:3239} INFO - Sync 1 DAGs
[2026-05-20T00:00:50.266+0000] {logging_mixin.py:190} INFO - [2026-05-20T00:00:50.266+0000] {dag.py:4180} INFO - Setting next_dagrun for dag_bronze_orders to None, run_after=None
[2026-05-20T00:00:50.288+0000] {processor.py:208} INFO - Processing /opt/airflow/dags/dag_bronze_orders.py took 0.125 seconds
[2026-05-20T00:01:20.794+0000] {processor.py:186} INFO - Started process (PID=71527) to work on /opt/airflow/dags/dag_bronze_orders.py
[2026-05-20T00:01:20.804+0000] {processor.py:914} INFO - Processing file /opt/airflow/dags/dag_bronze_orders.py for tasks to queue
[2026-05-20T00:01:20.809+0000] {logging_mixin.py:190} INFO - [2026-05-20T00:01:20.808+0000] {dagbag.py:588} INFO - Filling up the DagBag from /opt/airflow/dags/dag_bronze_orders.py
[2026-05-20T00:01:20.829+0000] {processor.py:925} INFO - DAG(s) 'dag_bronze_orders' retrieved from /opt/airflow/dags/dag_bronze_orders.py
[2026-05-20T00:01:20.905+0000] {logging_mixin.py:190} INFO - [2026-05-20T00:01:20.904+0000] {dag.py:3239} INFO - Sync 1 DAGs
[2026-05-20T00:01:20.929+0000] {logging_mixin.py:190} INFO - [2026-05-20T00:01:20.928+0000] {dag.py:4180} INFO - Setting next_dagrun for dag_bronze_orders to None, run_after=None
[2026-05-20T00:01:20.978+0000] {processor.py:208} INFO - Processing /opt/airflow/dags/dag_bronze_orders.py took 0.227 seconds
[2026-05-20T00:01:51.369+0000] {processor.py:186} INFO - Started process (PID=71587) to work on /opt/airflow/dags/dag_bronze_orders.py
[2026-05-20T00:01:51.382+0000] {processor.py:914} INFO - Processing file /opt/airflow/dags/dag_bronze_orders.py for tasks to queue
[2026-05-20T00:01:51.386+0000] {logging_mixin.py:190} INFO - [2026-05-20T00:01:51.385+0000] {dagbag.py:588} INFO - Filling up the DagBag from /opt/airflow/dags/dag_bronze_orders.py
[2026-05-20T00:01:51.400+0000] {processor.py:925} INFO - DAG(s) 'dag_bronze_orders' retrieved from /opt/airflow/dags/dag_bronze_orders.py
[2026-05-20T00:01:51.439+0000] {logging_mixin.py:190} INFO - [2026-05-20T00:01:51.438+0000] {dag.py:3239} INFO - Sync 1 DAGs
[2026-05-20T00:01:51.456+0000] {logging_mixin.py:190} INFO - [2026-05-20T00:01:51.456+0000] {dag.py:4180} INFO - Setting next_dagrun for dag_bronze_orders to None, run_after=None
[2026-05-20T00:01:51.477+0000] {processor.py:208} INFO - Processing /opt/airflow/dags/dag_bronze_orders.py took 0.126 seconds
[2026-05-20T00:02:21.598+0000] {processor.py:186} INFO - Started process (PID=71647) to work on /opt/airflow/dags/dag_bronze_orders.py
[2026-05-20T00:02:21.612+0000] {processor.py:914} INFO - Processing file /opt/airflow/dags/dag_bronze_orders.py for tasks to queue
[2026-05-20T00:02:21.619+0000] {logging_mixin.py:190} INFO - [2026-05-20T00:02:21.618+0000] {dagbag.py:588} INFO - Filling up the DagBag from /opt/airflow/dags/dag_bronze_orders.py
[2026-05-20T00:02:21.632+0000] {processor.py:925} INFO - DAG(s) 'dag_bronze_orders' retrieved from /opt/airflow/dags/dag_bronze_orders.py
[2026-05-20T00:02:21.687+0000] {logging_mixin.py:190} INFO - [2026-05-20T00:02:21.687+0000] {dag.py:3239} INFO - Sync 1 DAGs
[2026-05-20T00:02:21.707+0000] {logging_mixin.py:190} INFO - [2026-05-20T00:02:21.707+0000] {dag.py:4180} INFO - Setting next_dagrun for dag_bronze_orders to None, run_after=None
[2026-05-20T00:02:21.727+0000] {processor.py:208} INFO - Processing /opt/airflow/dags/dag_bronze_orders.py took 0.140 seconds
[2026-05-20T00:02:52.254+0000] {processor.py:186} INFO - Started process (PID=71707) to work on /opt/airflow/dags/dag_bronze_orders.py
[2026-05-20T00:02:52.263+0000] {processor.py:914} INFO - Processing file /opt/airflow/dags/dag_bronze_orders.py for tasks to queue
[2026-05-20T00:02:52.265+0000] {logging_mixin.py:190} INFO - [2026-05-20T00:02:52.265+0000] {dagbag.py:588} INFO - Filling up the DagBag from /opt/airflow/dags/dag_bronze_orders.py
[2026-05-20T00:02:52.278+0000] {processor.py:925} INFO - DAG(s) 'dag_bronze_orders' retrieved from /opt/airflow/dags/dag_bronze_orders.py
[2026-05-20T00:02:52.327+0000] {logging_mixin.py:190} INFO - [2026-05-20T00:02:52.327+0000] {dag.py:3239} INFO - Sync 1 DAGs
[2026-05-20T00:02:52.350+0000] {logging_mixin.py:190} INFO - [2026-05-20T00:02:52.350+0000] {dag.py:4180} INFO - Setting next_dagrun for dag_bronze_orders to None, run_after=None
[2026-05-20T00:02:52.383+0000] {processor.py:208} INFO - Processing /opt/airflow/dags/dag_bronze_orders.py took 0.139 seconds
[2026-05-20T00:03:22.768+0000] {processor.py:186} INFO - Started process (PID=71767) to work on /opt/airflow/dags/dag_bronze_orders.py
[2026-05-20T00:03:22.773+0000] {processor.py:914} INFO - Processing file /opt/airflow/dags/dag_bronze_orders.py for tasks to queue
[2026-05-20T00:03:22.776+0000] {logging_mixin.py:190} INFO - [2026-05-20T00:03:22.776+0000] {dagbag.py:588} INFO - Filling up the DagBag from /opt/airflow/dags/dag_bronze_orders.py
[2026-05-20T00:03:22.786+0000] {processor.py:925} INFO - DAG(s) 'dag_bronze_orders' retrieved from /opt/airflow/dags/dag_bronze_orders.py
[2026-05-20T00:03:22.822+0000] {logging_mixin.py:190} INFO - [2026-05-20T00:03:22.822+0000] {dag.py:3239} INFO - Sync 1 DAGs
[2026-05-20T00:03:22.839+0000] {logging_mixin.py:190} INFO - [2026-05-20T00:03:22.839+0000] {dag.py:4180} INFO - Setting next_dagrun for dag_bronze_orders to None, run_after=None
[2026-05-20T00:03:22.863+0000] {processor.py:208} INFO - Processing /opt/airflow/dags/dag_bronze_orders.py took 0.101 seconds
[2026-05-20T00:03:53.143+0000] {processor.py:186} INFO - Started process (PID=71827) to work on /opt/airflow/dags/dag_bronze_orders.py
[2026-05-20T00:03:53.145+0000] {processor.py:914} INFO - Processing file /opt/airflow/dags/dag_bronze_orders.py for tasks to queue
[2026-05-20T00:03:53.149+0000] {logging_mixin.py:190} INFO - [2026-05-20T00:03:53.148+0000] {dagbag.py:588} INFO - Filling up the DagBag from /opt/airflow/dags/dag_bronze_orders.py
[2026-05-20T00:03:53.164+0000] {processor.py:925} INFO - DAG(s) 'dag_bronze_orders' retrieved from /opt/airflow/dags/dag_bronze_orders.py
[2026-05-20T00:03:53.216+0000] {logging_mixin.py:190} INFO - [2026-05-20T00:03:53.215+0000] {dag.py:3239} INFO - Sync 1 DAGs
[2026-05-20T00:03:53.238+0000] {logging_mixin.py:190} INFO - [2026-05-20T00:03:53.238+0000] {dag.py:4180} INFO - Setting next_dagrun for dag_bronze_orders to None, run_after=None
[2026-05-20T00:03:53.269+0000] {processor.py:208} INFO - Processing /opt/airflow/dags/dag_bronze_orders.py took 0.140 seconds
[2026-05-20T00:04:23.492+0000] {processor.py:186} INFO - Started process (PID=71887) to work on /opt/airflow/dags/dag_bronze_orders.py
[2026-05-20T00:04:23.495+0000] {processor.py:914} INFO - Processing file /opt/airflow/dags/dag_bronze_orders.py for tasks to queue
[2026-05-20T00:04:23.497+0000] {logging_mixin.py:190} INFO - [2026-05-20T00:04:23.497+0000] {dagbag.py:588} INFO - Filling up the DagBag from /opt/airflow/dags/dag_bronze_orders.py
[2026-05-20T00:04:23.513+0000] {processor.py:925} INFO - DAG(s) 'dag_bronze_orders' retrieved from /opt/airflow/dags/dag_bronze_orders.py
[2026-05-20T00:04:23.556+0000] {logging_mixin.py:190} INFO - [2026-05-20T00:04:23.556+0000] {dag.py:3239} INFO - Sync 1 DAGs
[2026-05-20T00:04:23.577+0000] {logging_mixin.py:190} INFO - [2026-05-20T00:04:23.576+0000] {dag.py:4180} INFO - Setting next_dagrun for dag_bronze_orders to None, run_after=None
[2026-05-20T00:04:23.619+0000] {processor.py:208} INFO - Processing /opt/airflow/dags/dag_bronze_orders.py took 0.136 seconds
[2026-05-20T00:04:53.718+0000] {processor.py:186} INFO - Started process (PID=71947) to work on /opt/airflow/dags/dag_bronze_orders.py
[2026-05-20T00:04:53.719+0000] {processor.py:914} INFO - Processing file /opt/airflow/dags/dag_bronze_orders.py for tasks to queue
[2026-05-20T00:04:53.723+0000] {logging_mixin.py:190} INFO - [2026-05-20T00:04:53.723+0000] {dagbag.py:588} INFO - Filling up the DagBag from /opt/airflow/dags/dag_bronze_orders.py
[2026-05-20T00:04:53.732+0000] {processor.py:925} INFO - DAG(s) 'dag_bronze_orders' retrieved from /opt/airflow/dags/dag_bronze_orders.py
[2026-05-20T00:04:53.773+0000] {logging_mixin.py:190} INFO - [2026-05-20T00:04:53.773+0000] {dag.py:3239} INFO - Sync 1 DAGs
[2026-05-20T00:04:53.794+0000] {logging_mixin.py:190} INFO - [2026-05-20T00:04:53.794+0000] {dag.py:4180} INFO - Setting next_dagrun for dag_bronze_orders to None, run_after=None
[2026-05-20T00:04:53.818+0000] {processor.py:208} INFO - Processing /opt/airflow/dags/dag_bronze_orders.py took 0.109 seconds
[2026-05-20T00:05:24.104+0000] {processor.py:186} INFO - Started process (PID=72007) to work on /opt/airflow/dags/dag_bronze_orders.py
[2026-05-20T00:05:24.115+0000] {processor.py:914} INFO - Processing file /opt/airflow/dags/dag_bronze_orders.py for tasks to queue
[2026-05-20T00:05:24.117+0000] {logging_mixin.py:190} INFO - [2026-05-20T00:05:24.117+0000] {dagbag.py:588} INFO - Filling up the DagBag from /opt/airflow/dags/dag_bronze_orders.py
[2026-05-20T00:05:24.127+0000] {processor.py:925} INFO - DAG(s) 'dag_bronze_orders' retrieved from /opt/airflow/dags/dag_bronze_orders.py
[2026-05-20T00:05:24.173+0000] {logging_mixin.py:190} INFO - [2026-05-20T00:05:24.172+0000] {dag.py:3239} INFO - Sync 1 DAGs
[2026-05-20T00:05:24.196+0000] {logging_mixin.py:190} INFO - [2026-05-20T00:05:24.195+0000] {dag.py:4180} INFO - Setting next_dagrun for dag_bronze_orders to None, run_after=None
[2026-05-20T00:05:24.222+0000] {processor.py:208} INFO - Processing /opt/airflow/dags/dag_bronze_orders.py took 0.129 seconds
[2026-05-20T00:05:54.490+0000] {processor.py:186} INFO - Started process (PID=72067) to work on /opt/airflow/dags/dag_bronze_orders.py
[2026-05-20T00:05:54.499+0000] {processor.py:914} INFO - Processing file /opt/airflow/dags/dag_bronze_orders.py for tasks to queue
[2026-05-20T00:05:54.504+0000] {logging_mixin.py:190} INFO - [2026-05-20T00:05:54.504+0000] {dagbag.py:588} INFO - Filling up the DagBag from /opt/airflow/dags/dag_bronze_orders.py
[2026-05-20T00:05:54.525+0000] {processor.py:925} INFO - DAG(s) 'dag_bronze_orders' retrieved from /opt/airflow/dags/dag_bronze_orders.py
[2026-05-20T00:05:54.578+0000] {logging_mixin.py:190} INFO - [2026-05-20T00:05:54.577+0000] {dag.py:3239} INFO - Sync 1 DAGs
[2026-05-20T00:05:54.600+0000] {logging_mixin.py:190} INFO - [2026-05-20T00:05:54.600+0000] {dag.py:4180} INFO - Setting next_dagrun for dag_bronze_orders to None, run_after=None
[2026-05-20T00:05:54.632+0000] {processor.py:208} INFO - Processing /opt/airflow/dags/dag_bronze_orders.py took 0.157 seconds
[2026-05-20T00:06:24.981+0000] {processor.py:186} INFO - Started process (PID=72127) to work on /opt/airflow/dags/dag_bronze_orders.py
[2026-05-20T00:06:24.994+0000] {processor.py:914} INFO - Processing file /opt/airflow/dags/dag_bronze_orders.py for tasks to queue
[2026-05-20T00:06:25.000+0000] {logging_mixin.py:190} INFO - [2026-05-20T00:06:24.998+0000] {dagbag.py:588} INFO - Filling up the DagBag from /opt/airflow/dags/dag_bronze_orders.py
[2026-05-20T00:06:25.010+0000] {processor.py:925} INFO - DAG(s) 'dag_bronze_orders' retrieved from /opt/airflow/dags/dag_bronze_orders.py
[2026-05-20T00:06:25.055+0000] {logging_mixin.py:190} INFO - [2026-05-20T00:06:25.055+0000] {dag.py:3239} INFO - Sync 1 DAGs
[2026-05-20T00:06:25.077+0000] {logging_mixin.py:190} INFO - [2026-05-20T00:06:25.076+0000] {dag.py:4180} INFO - Setting next_dagrun for dag_bronze_orders to None, run_after=None
[2026-05-20T00:06:25.104+0000] {processor.py:208} INFO - Processing /opt/airflow/dags/dag_bronze_orders.py took 0.131 seconds
[2026-05-20T00:06:55.479+0000] {processor.py:186} INFO - Started process (PID=72187) to work on /opt/airflow/dags/dag_bronze_orders.py
[2026-05-20T00:06:55.482+0000] {processor.py:914} INFO - Processing file /opt/airflow/dags/dag_bronze_orders.py for tasks to queue
[2026-05-20T00:06:55.487+0000] {logging_mixin.py:190} INFO - [2026-05-20T00:06:55.487+0000] {dagbag.py:588} INFO - Filling up the DagBag from /opt/airflow/dags/dag_bronze_orders.py
[2026-05-20T00:06:55.502+0000] {processor.py:925} INFO - DAG(s) 'dag_bronze_orders' retrieved from /opt/airflow/dags/dag_bronze_orders.py
[2026-05-20T00:06:55.543+0000] {logging_mixin.py:190} INFO - [2026-05-20T00:06:55.543+0000] {dag.py:3239} INFO - Sync 1 DAGs
[2026-05-20T00:06:55.561+0000] {logging_mixin.py:190} INFO - [2026-05-20T00:06:55.561+0000] {dag.py:4180} INFO - Setting next_dagrun for dag_bronze_orders to None, run_after=None
[2026-05-20T00:06:55.591+0000] {processor.py:208} INFO - Processing /opt/airflow/dags/dag_bronze_orders.py took 0.124 seconds
[2026-05-20T00:07:25.723+0000] {processor.py:186} INFO - Started process (PID=72247) to work on /opt/airflow/dags/dag_bronze_orders.py
[2026-05-20T00:07:25.732+0000] {processor.py:914} INFO - Processing file /opt/airflow/dags/dag_bronze_orders.py for tasks to queue
[2026-05-20T00:07:25.735+0000] {logging_mixin.py:190} INFO - [2026-05-20T00:07:25.734+0000] {dagbag.py:588} INFO - Filling up the DagBag from /opt/airflow/dags/dag_bronze_orders.py
[2026-05-20T00:07:25.746+0000] {processor.py:925} INFO - DAG(s) 'dag_bronze_orders' retrieved from /opt/airflow/dags/dag_bronze_orders.py
[2026-05-20T00:07:25.807+0000] {logging_mixin.py:190} INFO - [2026-05-20T00:07:25.807+0000] {dag.py:3239} INFO - Sync 1 DAGs
[2026-05-20T00:07:25.825+0000] {logging_mixin.py:190} INFO - [2026-05-20T00:07:25.824+0000] {dag.py:4180} INFO - Setting next_dagrun for dag_bronze_orders to None, run_after=None
[2026-05-20T00:07:25.845+0000] {processor.py:208} INFO - Processing /opt/airflow/dags/dag_bronze_orders.py took 0.135 seconds
[2026-05-20T00:07:56.059+0000] {processor.py:186} INFO - Started process (PID=72307) to work on /opt/airflow/dags/dag_bronze_orders.py
[2026-05-20T00:07:56.067+0000] {processor.py:914} INFO - Processing file /opt/airflow/dags/dag_bronze_orders.py for tasks to queue
[2026-05-20T00:07:56.073+0000] {logging_mixin.py:190} INFO - [2026-05-20T00:07:56.073+0000] {dagbag.py:588} INFO - Filling up the DagBag from /opt/airflow/dags/dag_bronze_orders.py
[2026-05-20T00:07:56.093+0000] {processor.py:925} INFO - DAG(s) 'dag_bronze_orders' retrieved from /opt/airflow/dags/dag_bronze_orders.py
[2026-05-20T00:07:56.143+0000] {logging_mixin.py:190} INFO - [2026-05-20T00:07:56.143+0000] {dag.py:3239} INFO - Sync 1 DAGs
[2026-05-20T00:07:56.160+0000] {logging_mixin.py:190} INFO - [2026-05-20T00:07:56.160+0000] {dag.py:4180} INFO - Setting next_dagrun for dag_bronze_orders to None, run_after=None
[2026-05-20T00:07:56.187+0000] {processor.py:208} INFO - Processing /opt/airflow/dags/dag_bronze_orders.py took 0.139 seconds
[2026-05-20T00:08:26.529+0000] {processor.py:186} INFO - Started process (PID=72367) to work on /opt/airflow/dags/dag_bronze_orders.py
[2026-05-20T00:08:26.530+0000] {processor.py:914} INFO - Processing file /opt/airflow/dags/dag_bronze_orders.py for tasks to queue
[2026-05-20T00:08:26.533+0000] {logging_mixin.py:190} INFO - [2026-05-20T00:08:26.532+0000] {dagbag.py:588} INFO - Filling up the DagBag from /opt/airflow/dags/dag_bronze_orders.py
[2026-05-20T00:08:26.541+0000] {processor.py:925} INFO - DAG(s) 'dag_bronze_orders' retrieved from /opt/airflow/dags/dag_bronze_orders.py
[2026-05-20T00:08:26.578+0000] {logging_mixin.py:190} INFO - [2026-05-20T00:08:26.578+0000] {dag.py:3239} INFO - Sync 1 DAGs
[2026-05-20T00:08:26.597+0000] {logging_mixin.py:190} INFO - [2026-05-20T00:08:26.597+0000] {dag.py:4180} INFO - Setting next_dagrun for dag_bronze_orders to None, run_after=None
[2026-05-20T00:08:26.633+0000] {processor.py:208} INFO - Processing /opt/airflow/dags/dag_bronze_orders.py took 0.113 seconds
[2026-05-20T00:08:56.990+0000] {processor.py:186} INFO - Started process (PID=72427) to work on /opt/airflow/dags/dag_bronze_orders.py
[2026-05-20T00:08:56.997+0000] {processor.py:914} INFO - Processing file /opt/airflow/dags/dag_bronze_orders.py for tasks to queue
[2026-05-20T00:08:57.002+0000] {logging_mixin.py:190} INFO - [2026-05-20T00:08:57.001+0000] {dagbag.py:588} INFO - Filling up the DagBag from /opt/airflow/dags/dag_bronze_orders.py
[2026-05-20T00:08:57.011+0000] {processor.py:925} INFO - DAG(s) 'dag_bronze_orders' retrieved from /opt/airflow/dags/dag_bronze_orders.py
[2026-05-20T00:08:57.056+0000] {logging_mixin.py:190} INFO - [2026-05-20T00:08:57.056+0000] {dag.py:3239} INFO - Sync 1 DAGs
[2026-05-20T00:08:57.083+0000] {logging_mixin.py:190} INFO - [2026-05-20T00:08:57.083+0000] {dag.py:4180} INFO - Setting next_dagrun for dag_bronze_orders to None, run_after=None
[2026-05-20T00:08:57.122+0000] {processor.py:208} INFO - Processing /opt/airflow/dags/dag_bronze_orders.py took 0.141 seconds
[2026-05-20T00:09:27.618+0000] {processor.py:186} INFO - Started process (PID=72487) to work on /opt/airflow/dags/dag_bronze_orders.py
[2026-05-20T00:09:27.622+0000] {processor.py:914} INFO - Processing file /opt/airflow/dags/dag_bronze_orders.py for tasks to queue
[2026-05-20T00:09:27.629+0000] {logging_mixin.py:190} INFO - [2026-05-20T00:09:27.628+0000] {dagbag.py:588} INFO - Filling up the DagBag from /opt/airflow/dags/dag_bronze_orders.py
[2026-05-20T00:09:27.642+0000] {processor.py:925} INFO - DAG(s) 'dag_bronze_orders' retrieved from /opt/airflow/dags/dag_bronze_orders.py
[2026-05-20T00:09:27.677+0000] {logging_mixin.py:190} INFO - [2026-05-20T00:09:27.677+0000] {dag.py:3239} INFO - Sync 1 DAGs
[2026-05-20T00:09:27.694+0000] {logging_mixin.py:190} INFO - [2026-05-20T00:09:27.693+0000] {dag.py:4180} INFO - Setting next_dagrun for dag_bronze_orders to None, run_after=None
[2026-05-20T00:09:27.717+0000] {processor.py:208} INFO - Processing /opt/airflow/dags/dag_bronze_orders.py took 0.112 seconds
[2026-05-20T00:09:58.206+0000] {processor.py:186} INFO - Started process (PID=72547) to work on /opt/airflow/dags/dag_bronze_orders.py
[2026-05-20T00:09:58.219+0000] {processor.py:914} INFO - Processing file /opt/airflow/dags/dag_bronze_orders.py for tasks to queue
[2026-05-20T00:09:58.223+0000] {logging_mixin.py:190} INFO - [2026-05-20T00:09:58.223+0000] {dagbag.py:588} INFO - Filling up the DagBag from /opt/airflow/dags/dag_bronze_orders.py
[2026-05-20T00:09:58.238+0000] {processor.py:925} INFO - DAG(s) 'dag_bronze_orders' retrieved from /opt/airflow/dags/dag_bronze_orders.py
[2026-05-20T00:09:58.293+0000] {logging_mixin.py:190} INFO - [2026-05-20T00:09:58.293+0000] {dag.py:3239} INFO - Sync 1 DAGs
[2026-05-20T00:09:58.313+0000] {logging_mixin.py:190} INFO - [2026-05-20T00:09:58.312+0000] {dag.py:4180} INFO - Setting next_dagrun for dag_bronze_orders to None, run_after=None
[2026-05-20T00:09:58.335+0000] {processor.py:208} INFO - Processing /opt/airflow/dags/dag_bronze_orders.py took 0.148 seconds
[2026-05-20T00:10:28.766+0000] {processor.py:186} INFO - Started process (PID=72607) to work on /opt/airflow/dags/dag_bronze_orders.py
[2026-05-20T00:10:28.791+0000] {processor.py:914} INFO - Processing file /opt/airflow/dags/dag_bronze_orders.py for tasks to queue
[2026-05-20T00:10:28.793+0000] {logging_mixin.py:190} INFO - [2026-05-20T00:10:28.792+0000] {dagbag.py:588} INFO - Filling up the DagBag from /opt/airflow/dags/dag_bronze_orders.py
[2026-05-20T00:10:28.802+0000] {processor.py:925} INFO - DAG(s) 'dag_bronze_orders' retrieved from /opt/airflow/dags/dag_bronze_orders.py
[2026-05-20T00:10:28.840+0000] {logging_mixin.py:190} INFO - [2026-05-20T00:10:28.839+0000] {dag.py:3239} INFO - Sync 1 DAGs
[2026-05-20T00:10:28.856+0000] {logging_mixin.py:190} INFO - [2026-05-20T00:10:28.856+0000] {dag.py:4180} INFO - Setting next_dagrun for dag_bronze_orders to None, run_after=None
[2026-05-20T00:10:28.881+0000] {processor.py:208} INFO - Processing /opt/airflow/dags/dag_bronze_orders.py took 0.124 seconds
[2026-05-20T00:10:59.527+0000] {processor.py:186} INFO - Started process (PID=72667) to work on /opt/airflow/dags/dag_bronze_orders.py
[2026-05-20T00:10:59.550+0000] {processor.py:914} INFO - Processing file /opt/airflow/dags/dag_bronze_orders.py for tasks to queue
[2026-05-20T00:10:59.552+0000] {logging_mixin.py:190} INFO - [2026-05-20T00:10:59.552+0000] {dagbag.py:588} INFO - Filling up the DagBag from /opt/airflow/dags/dag_bronze_orders.py
[2026-05-20T00:10:59.566+0000] {processor.py:925} INFO - DAG(s) 'dag_bronze_orders' retrieved from /opt/airflow/dags/dag_bronze_orders.py
[2026-05-20T00:10:59.607+0000] {logging_mixin.py:190} INFO - [2026-05-20T00:10:59.607+0000] {dag.py:3239} INFO - Sync 1 DAGs
[2026-05-20T00:10:59.626+0000] {logging_mixin.py:190} INFO - [2026-05-20T00:10:59.625+0000] {dag.py:4180} INFO - Setting next_dagrun for dag_bronze_orders to None, run_after=None
[2026-05-20T00:10:59.651+0000] {processor.py:208} INFO - Processing /opt/airflow/dags/dag_bronze_orders.py took 0.131 seconds
[2026-05-20T00:11:30.107+0000] {processor.py:186} INFO - Started process (PID=72727) to work on /opt/airflow/dags/dag_bronze_orders.py
[2026-05-20T00:11:30.135+0000] {processor.py:914} INFO - Processing file /opt/airflow/dags/dag_bronze_orders.py for tasks to queue
[2026-05-20T00:11:30.138+0000] {logging_mixin.py:190} INFO - [2026-05-20T00:11:30.137+0000] {dagbag.py:588} INFO - Filling up the DagBag from /opt/airflow/dags/dag_bronze_orders.py
[2026-05-20T00:11:30.151+0000] {processor.py:925} INFO - DAG(s) 'dag_bronze_orders' retrieved from /opt/airflow/dags/dag_bronze_orders.py
[2026-05-20T00:11:30.225+0000] {logging_mixin.py:190} INFO - [2026-05-20T00:11:30.225+0000] {dag.py:3239} INFO - Sync 1 DAGs
[2026-05-20T00:11:30.250+0000] {logging_mixin.py:190} INFO - [2026-05-20T00:11:30.250+0000] {dag.py:4180} INFO - Setting next_dagrun for dag_bronze_orders to None, run_after=None
[2026-05-20T00:11:30.277+0000] {processor.py:208} INFO - Processing /opt/airflow/dags/dag_bronze_orders.py took 0.180 seconds
[2026-05-20T00:12:00.531+0000] {processor.py:186} INFO - Started process (PID=72787) to work on /opt/airflow/dags/dag_bronze_orders.py
[2026-05-20T00:12:00.532+0000] {processor.py:914} INFO - Processing file /opt/airflow/dags/dag_bronze_orders.py for tasks to queue
[2026-05-20T00:12:00.536+0000] {logging_mixin.py:190} INFO - [2026-05-20T00:12:00.535+0000] {dagbag.py:588} INFO - Filling up the DagBag from /opt/airflow/dags/dag_bronze_orders.py
[2026-05-20T00:12:00.545+0000] {processor.py:925} INFO - DAG(s) 'dag_bronze_orders' retrieved from /opt/airflow/dags/dag_bronze_orders.py
[2026-05-20T00:12:00.586+0000] {logging_mixin.py:190} INFO - [2026-05-20T00:12:00.586+0000] {dag.py:3239} INFO - Sync 1 DAGs
[2026-05-20T00:12:00.607+0000] {logging_mixin.py:190} INFO - [2026-05-20T00:12:00.606+0000] {dag.py:4180} INFO - Setting next_dagrun for dag_bronze_orders to None, run_after=None
[2026-05-20T00:12:00.643+0000] {processor.py:208} INFO - Processing /opt/airflow/dags/dag_bronze_orders.py took 0.121 seconds
[2026-05-20T00:12:30.864+0000] {processor.py:186} INFO - Started process (PID=72847) to work on /opt/airflow/dags/dag_bronze_orders.py
[2026-05-20T00:12:30.871+0000] {processor.py:914} INFO - Processing file /opt/airflow/dags/dag_bronze_orders.py for tasks to queue
[2026-05-20T00:12:30.874+0000] {logging_mixin.py:190} INFO - [2026-05-20T00:12:30.873+0000] {dagbag.py:588} INFO - Filling up the DagBag from /opt/airflow/dags/dag_bronze_orders.py
[2026-05-20T00:12:30.885+0000] {processor.py:925} INFO - DAG(s) 'dag_bronze_orders' retrieved from /opt/airflow/dags/dag_bronze_orders.py
[2026-05-20T00:12:30.924+0000] {logging_mixin.py:190} INFO - [2026-05-20T00:12:30.924+0000] {dag.py:3239} INFO - Sync 1 DAGs
[2026-05-20T00:12:30.944+0000] {logging_mixin.py:190} INFO - [2026-05-20T00:12:30.943+0000] {dag.py:4180} INFO - Setting next_dagrun for dag_bronze_orders to None, run_after=None
[2026-05-20T00:12:30.966+0000] {processor.py:208} INFO - Processing /opt/airflow/dags/dag_bronze_orders.py took 0.111 seconds
[2026-05-20T00:13:01.633+0000] {processor.py:186} INFO - Started process (PID=72907) to work on /opt/airflow/dags/dag_bronze_orders.py
[2026-05-20T00:13:01.708+0000] {processor.py:914} INFO - Processing file /opt/airflow/dags/dag_bronze_orders.py for tasks to queue
[2026-05-20T00:13:01.711+0000] {logging_mixin.py:190} INFO - [2026-05-20T00:13:01.710+0000] {dagbag.py:588} INFO - Filling up the DagBag from /opt/airflow/dags/dag_bronze_orders.py
[2026-05-20T00:13:01.723+0000] {processor.py:925} INFO - DAG(s) 'dag_bronze_orders' retrieved from /opt/airflow/dags/dag_bronze_orders.py
[2026-05-20T00:13:01.776+0000] {logging_mixin.py:190} INFO - [2026-05-20T00:13:01.776+0000] {dag.py:3239} INFO - Sync 1 DAGs
[2026-05-20T00:13:01.804+0000] {logging_mixin.py:190} INFO - [2026-05-20T00:13:01.803+0000] {dag.py:4180} INFO - Setting next_dagrun for dag_bronze_orders to None, run_after=None
[2026-05-20T00:13:01.932+0000] {processor.py:208} INFO - Processing /opt/airflow/dags/dag_bronze_orders.py took 0.308 seconds
[2026-05-20T00:13:32.465+0000] {processor.py:186} INFO - Started process (PID=72967) to work on /opt/airflow/dags/dag_bronze_orders.py
[2026-05-20T00:13:32.534+0000] {processor.py:914} INFO - Processing file /opt/airflow/dags/dag_bronze_orders.py for tasks to queue
[2026-05-20T00:13:32.539+0000] {logging_mixin.py:190} INFO - [2026-05-20T00:13:32.539+0000] {dagbag.py:588} INFO - Filling up the DagBag from /opt/airflow/dags/dag_bronze_orders.py
[2026-05-20T00:13:32.558+0000] {processor.py:925} INFO - DAG(s) 'dag_bronze_orders' retrieved from /opt/airflow/dags/dag_bronze_orders.py
[2026-05-20T00:13:32.636+0000] {logging_mixin.py:190} INFO - [2026-05-20T00:13:32.635+0000] {dag.py:3239} INFO - Sync 1 DAGs
[2026-05-20T00:13:32.662+0000] {logging_mixin.py:190} INFO - [2026-05-20T00:13:32.661+0000] {dag.py:4180} INFO - Setting next_dagrun for dag_bronze_orders to None, run_after=None
[2026-05-20T00:13:32.771+0000] {processor.py:208} INFO - Processing /opt/airflow/dags/dag_bronze_orders.py took 0.320 seconds
[2026-05-20T00:14:02.906+0000] {processor.py:186} INFO - Started process (PID=73027) to work on /opt/airflow/dags/dag_bronze_orders.py
[2026-05-20T00:14:02.913+0000] {processor.py:914} INFO - Processing file /opt/airflow/dags/dag_bronze_orders.py for tasks to queue
[2026-05-20T00:14:02.916+0000] {logging_mixin.py:190} INFO - [2026-05-20T00:14:02.915+0000] {dagbag.py:588} INFO - Filling up the DagBag from /opt/airflow/dags/dag_bronze_orders.py
[2026-05-20T00:14:02.929+0000] {processor.py:925} INFO - DAG(s) 'dag_bronze_orders' retrieved from /opt/airflow/dags/dag_bronze_orders.py
[2026-05-20T00:14:02.987+0000] {logging_mixin.py:190} INFO - [2026-05-20T00:14:02.987+0000] {dag.py:3239} INFO - Sync 1 DAGs
[2026-05-20T00:14:03.007+0000] {logging_mixin.py:190} INFO - [2026-05-20T00:14:03.007+0000] {dag.py:4180} INFO - Setting next_dagrun for dag_bronze_orders to None, run_after=None
[2026-05-20T00:14:03.029+0000] {processor.py:208} INFO - Processing /opt/airflow/dags/dag_bronze_orders.py took 0.134 seconds
[2026-05-20T00:14:33.317+0000] {processor.py:186} INFO - Started process (PID=73087) to work on /opt/airflow/dags/dag_bronze_orders.py
[2026-05-20T00:14:33.324+0000] {processor.py:914} INFO - Processing file /opt/airflow/dags/dag_bronze_orders.py for tasks to queue
[2026-05-20T00:14:33.326+0000] {logging_mixin.py:190} INFO - [2026-05-20T00:14:33.326+0000] {dagbag.py:588} INFO - Filling up the DagBag from /opt/airflow/dags/dag_bronze_orders.py
[2026-05-20T00:14:33.337+0000] {processor.py:925} INFO - DAG(s) 'dag_bronze_orders' retrieved from /opt/airflow/dags/dag_bronze_orders.py
[2026-05-20T00:14:33.372+0000] {logging_mixin.py:190} INFO - [2026-05-20T00:14:33.371+0000] {dag.py:3239} INFO - Sync 1 DAGs
[2026-05-20T00:14:33.388+0000] {logging_mixin.py:190} INFO - [2026-05-20T00:14:33.387+0000] {dag.py:4180} INFO - Setting next_dagrun for dag_bronze_orders to None, run_after=None
[2026-05-20T00:14:33.424+0000] {processor.py:208} INFO - Processing /opt/airflow/dags/dag_bronze_orders.py took 0.117 seconds
[2026-05-20T00:15:03.993+0000] {processor.py:186} INFO - Started process (PID=73147) to work on /opt/airflow/dags/dag_bronze_orders.py
[2026-05-20T00:15:04.000+0000] {processor.py:914} INFO - Processing file /opt/airflow/dags/dag_bronze_orders.py for tasks to queue
[2026-05-20T00:15:04.011+0000] {logging_mixin.py:190} INFO - [2026-05-20T00:15:04.010+0000] {dagbag.py:588} INFO - Filling up the DagBag from /opt/airflow/dags/dag_bronze_orders.py
[2026-05-20T00:15:04.026+0000] {processor.py:925} INFO - DAG(s) 'dag_bronze_orders' retrieved from /opt/airflow/dags/dag_bronze_orders.py
[2026-05-20T00:15:04.062+0000] {logging_mixin.py:190} INFO - [2026-05-20T00:15:04.062+0000] {dag.py:3239} INFO - Sync 1 DAGs
[2026-05-20T00:15:04.080+0000] {logging_mixin.py:190} INFO - [2026-05-20T00:15:04.079+0000] {dag.py:4180} INFO - Setting next_dagrun for dag_bronze_orders to None, run_after=None
[2026-05-20T00:15:04.108+0000] {processor.py:208} INFO - Processing /opt/airflow/dags/dag_bronze_orders.py took 0.130 seconds
[2026-05-20T00:15:34.449+0000] {processor.py:186} INFO - Started process (PID=73207) to work on /opt/airflow/dags/dag_bronze_orders.py
[2026-05-20T00:15:34.452+0000] {processor.py:914} INFO - Processing file /opt/airflow/dags/dag_bronze_orders.py for tasks to queue
[2026-05-20T00:15:34.455+0000] {logging_mixin.py:190} INFO - [2026-05-20T00:15:34.454+0000] {dagbag.py:588} INFO - Filling up the DagBag from /opt/airflow/dags/dag_bronze_orders.py
[2026-05-20T00:15:34.469+0000] {processor.py:925} INFO - DAG(s) 'dag_bronze_orders' retrieved from /opt/airflow/dags/dag_bronze_orders.py
[2026-05-20T00:15:34.510+0000] {logging_mixin.py:190} INFO - [2026-05-20T00:15:34.509+0000] {dag.py:3239} INFO - Sync 1 DAGs
[2026-05-20T00:15:34.527+0000] {logging_mixin.py:190} INFO - [2026-05-20T00:15:34.527+0000] {dag.py:4180} INFO - Setting next_dagrun for dag_bronze_orders to None, run_after=None
[2026-05-20T00:15:34.552+0000] {processor.py:208} INFO - Processing /opt/airflow/dags/dag_bronze_orders.py took 0.118 seconds
[2026-05-20T00:16:04.855+0000] {processor.py:186} INFO - Started process (PID=73267) to work on /opt/airflow/dags/dag_bronze_orders.py
[2026-05-20T00:16:04.857+0000] {processor.py:914} INFO - Processing file /opt/airflow/dags/dag_bronze_orders.py for tasks to queue
[2026-05-20T00:16:04.860+0000] {logging_mixin.py:190} INFO - [2026-05-20T00:16:04.860+0000] {dagbag.py:588} INFO - Filling up the DagBag from /opt/airflow/dags/dag_bronze_orders.py
[2026-05-20T00:16:04.869+0000] {processor.py:925} INFO - DAG(s) 'dag_bronze_orders' retrieved from /opt/airflow/dags/dag_bronze_orders.py
[2026-05-20T00:16:04.905+0000] {logging_mixin.py:190} INFO - [2026-05-20T00:16:04.905+0000] {dag.py:3239} INFO - Sync 1 DAGs
[2026-05-20T00:16:04.922+0000] {logging_mixin.py:190} INFO - [2026-05-20T00:16:04.921+0000] {dag.py:4180} INFO - Setting next_dagrun for dag_bronze_orders to None, run_after=None
[2026-05-20T00:16:04.945+0000] {processor.py:208} INFO - Processing /opt/airflow/dags/dag_bronze_orders.py took 0.097 seconds
[2026-05-20T00:16:35.070+0000] {processor.py:186} INFO - Started process (PID=73327) to work on /opt/airflow/dags/dag_bronze_orders.py
[2026-05-20T00:16:35.072+0000] {processor.py:914} INFO - Processing file /opt/airflow/dags/dag_bronze_orders.py for tasks to queue
[2026-05-20T00:16:35.076+0000] {logging_mixin.py:190} INFO - [2026-05-20T00:16:35.075+0000] {dagbag.py:588} INFO - Filling up the DagBag from /opt/airflow/dags/dag_bronze_orders.py
[2026-05-20T00:16:35.090+0000] {processor.py:925} INFO - DAG(s) 'dag_bronze_orders' retrieved from /opt/airflow/dags/dag_bronze_orders.py
[2026-05-20T00:16:35.140+0000] {logging_mixin.py:190} INFO - [2026-05-20T00:16:35.139+0000] {dag.py:3239} INFO - Sync 1 DAGs
[2026-05-20T00:16:35.157+0000] {logging_mixin.py:190} INFO - [2026-05-20T00:16:35.157+0000] {dag.py:4180} INFO - Setting next_dagrun for dag_bronze_orders to None, run_after=None
[2026-05-20T00:16:35.186+0000] {processor.py:208} INFO - Processing /opt/airflow/dags/dag_bronze_orders.py took 0.126 seconds
[2026-05-20T00:17:05.483+0000] {processor.py:186} INFO - Started process (PID=73387) to work on /opt/airflow/dags/dag_bronze_orders.py
[2026-05-20T00:17:05.486+0000] {processor.py:914} INFO - Processing file /opt/airflow/dags/dag_bronze_orders.py for tasks to queue
[2026-05-20T00:17:05.492+0000] {logging_mixin.py:190} INFO - [2026-05-20T00:17:05.490+0000] {dagbag.py:588} INFO - Filling up the DagBag from /opt/airflow/dags/dag_bronze_orders.py
[2026-05-20T00:17:05.514+0000] {processor.py:925} INFO - DAG(s) 'dag_bronze_orders' retrieved from /opt/airflow/dags/dag_bronze_orders.py
[2026-05-20T00:17:05.596+0000] {logging_mixin.py:190} INFO - [2026-05-20T00:17:05.596+0000] {dag.py:3239} INFO - Sync 1 DAGs
[2026-05-20T00:17:05.643+0000] {logging_mixin.py:190} INFO - [2026-05-20T00:17:05.643+0000] {dag.py:4180} INFO - Setting next_dagrun for dag_bronze_orders to None, run_after=None
[2026-05-20T00:17:05.685+0000] {processor.py:208} INFO - Processing /opt/airflow/dags/dag_bronze_orders.py took 0.223 seconds
