[2026-05-20T00:00:21.625+0000] {processor.py:186} INFO - Started process (PID=71457) to work on /opt/airflow/dags/dag_hello_world.py
[2026-05-20T00:00:21.626+0000] {processor.py:914} INFO - Processing file /opt/airflow/dags/dag_hello_world.py for tasks to queue
[2026-05-20T00:00:21.630+0000] {logging_mixin.py:190} INFO - [2026-05-20T00:00:21.630+0000] {dagbag.py:588} INFO - Filling up the DagBag from /opt/airflow/dags/dag_hello_world.py
[2026-05-20T00:00:21.641+0000] {processor.py:925} INFO - DAG(s) 'dag_hello_world' retrieved from /opt/airflow/dags/dag_hello_world.py
[2026-05-20T00:00:21.681+0000] {logging_mixin.py:190} INFO - [2026-05-20T00:00:21.681+0000] {dag.py:3239} INFO - Sync 1 DAGs
[2026-05-20T00:00:21.700+0000] {logging_mixin.py:190} INFO - [2026-05-20T00:00:21.699+0000] {dag.py:4180} INFO - Setting next_dagrun for dag_hello_world to None, run_after=None
[2026-05-20T00:00:21.733+0000] {processor.py:208} INFO - Processing /opt/airflow/dags/dag_hello_world.py took 0.118 seconds
[2026-05-20T00:00:52.327+0000] {processor.py:186} INFO - Started process (PID=71519) to work on /opt/airflow/dags/dag_hello_world.py
[2026-05-20T00:00:52.328+0000] {processor.py:914} INFO - Processing file /opt/airflow/dags/dag_hello_world.py for tasks to queue
[2026-05-20T00:00:52.332+0000] {logging_mixin.py:190} INFO - [2026-05-20T00:00:52.331+0000] {dagbag.py:588} INFO - Filling up the DagBag from /opt/airflow/dags/dag_hello_world.py
[2026-05-20T00:00:52.339+0000] {processor.py:925} INFO - DAG(s) 'dag_hello_world' retrieved from /opt/airflow/dags/dag_hello_world.py
[2026-05-20T00:00:52.372+0000] {logging_mixin.py:190} INFO - [2026-05-20T00:00:52.372+0000] {dag.py:3239} INFO - Sync 1 DAGs
[2026-05-20T00:00:52.390+0000] {logging_mixin.py:190} INFO - [2026-05-20T00:00:52.390+0000] {dag.py:4180} INFO - Setting next_dagrun for dag_hello_world to None, run_after=None
[2026-05-20T00:00:52.439+0000] {processor.py:208} INFO - Processing /opt/airflow/dags/dag_hello_world.py took 0.119 seconds
[2026-05-20T00:01:22.857+0000] {processor.py:186} INFO - Started process (PID=71577) to work on /opt/airflow/dags/dag_hello_world.py
[2026-05-20T00:01:22.858+0000] {processor.py:914} INFO - Processing file /opt/airflow/dags/dag_hello_world.py for tasks to queue
[2026-05-20T00:01:22.860+0000] {logging_mixin.py:190} INFO - [2026-05-20T00:01:22.859+0000] {dagbag.py:588} INFO - Filling up the DagBag from /opt/airflow/dags/dag_hello_world.py
[2026-05-20T00:01:22.869+0000] {processor.py:925} INFO - DAG(s) 'dag_hello_world' retrieved from /opt/airflow/dags/dag_hello_world.py
[2026-05-20T00:01:22.901+0000] {logging_mixin.py:190} INFO - [2026-05-20T00:01:22.901+0000] {dag.py:3239} INFO - Sync 1 DAGs
[2026-05-20T00:01:22.919+0000] {logging_mixin.py:190} INFO - [2026-05-20T00:01:22.918+0000] {dag.py:4180} INFO - Setting next_dagrun for dag_hello_world to None, run_after=None
[2026-05-20T00:01:22.962+0000] {processor.py:208} INFO - Processing /opt/airflow/dags/dag_hello_world.py took 0.111 seconds
[2026-05-20T00:01:53.257+0000] {processor.py:186} INFO - Started process (PID=71639) to work on /opt/airflow/dags/dag_hello_world.py
[2026-05-20T00:01:53.283+0000] {processor.py:914} INFO - Processing file /opt/airflow/dags/dag_hello_world.py for tasks to queue
[2026-05-20T00:01:53.286+0000] {logging_mixin.py:190} INFO - [2026-05-20T00:01:53.286+0000] {dagbag.py:588} INFO - Filling up the DagBag from /opt/airflow/dags/dag_hello_world.py
[2026-05-20T00:01:53.298+0000] {processor.py:925} INFO - DAG(s) 'dag_hello_world' retrieved from /opt/airflow/dags/dag_hello_world.py
[2026-05-20T00:01:53.350+0000] {logging_mixin.py:190} INFO - [2026-05-20T00:01:53.350+0000] {dag.py:3239} INFO - Sync 1 DAGs
[2026-05-20T00:01:53.376+0000] {logging_mixin.py:190} INFO - [2026-05-20T00:01:53.376+0000] {dag.py:4180} INFO - Setting next_dagrun for dag_hello_world to None, run_after=None
[2026-05-20T00:01:53.410+0000] {processor.py:208} INFO - Processing /opt/airflow/dags/dag_hello_world.py took 0.164 seconds
[2026-05-20T00:02:23.880+0000] {processor.py:186} INFO - Started process (PID=71699) to work on /opt/airflow/dags/dag_hello_world.py
[2026-05-20T00:02:23.881+0000] {processor.py:914} INFO - Processing file /opt/airflow/dags/dag_hello_world.py for tasks to queue
[2026-05-20T00:02:23.883+0000] {logging_mixin.py:190} INFO - [2026-05-20T00:02:23.882+0000] {dagbag.py:588} INFO - Filling up the DagBag from /opt/airflow/dags/dag_hello_world.py
[2026-05-20T00:02:23.891+0000] {processor.py:925} INFO - DAG(s) 'dag_hello_world' retrieved from /opt/airflow/dags/dag_hello_world.py
[2026-05-20T00:02:23.927+0000] {logging_mixin.py:190} INFO - [2026-05-20T00:02:23.927+0000] {dag.py:3239} INFO - Sync 1 DAGs
[2026-05-20T00:02:23.945+0000] {logging_mixin.py:190} INFO - [2026-05-20T00:02:23.944+0000] {dag.py:4180} INFO - Setting next_dagrun for dag_hello_world to None, run_after=None
[2026-05-20T00:02:23.992+0000] {processor.py:208} INFO - Processing /opt/airflow/dags/dag_hello_world.py took 0.119 seconds
[2026-05-20T00:02:54.412+0000] {processor.py:186} INFO - Started process (PID=71759) to work on /opt/airflow/dags/dag_hello_world.py
[2026-05-20T00:02:54.413+0000] {processor.py:914} INFO - Processing file /opt/airflow/dags/dag_hello_world.py for tasks to queue
[2026-05-20T00:02:54.416+0000] {logging_mixin.py:190} INFO - [2026-05-20T00:02:54.415+0000] {dagbag.py:588} INFO - Filling up the DagBag from /opt/airflow/dags/dag_hello_world.py
[2026-05-20T00:02:54.423+0000] {processor.py:925} INFO - DAG(s) 'dag_hello_world' retrieved from /opt/airflow/dags/dag_hello_world.py
[2026-05-20T00:02:54.456+0000] {logging_mixin.py:190} INFO - [2026-05-20T00:02:54.456+0000] {dag.py:3239} INFO - Sync 1 DAGs
[2026-05-20T00:02:54.473+0000] {logging_mixin.py:190} INFO - [2026-05-20T00:02:54.473+0000] {dag.py:4180} INFO - Setting next_dagrun for dag_hello_world to None, run_after=None
[2026-05-20T00:02:54.529+0000] {processor.py:208} INFO - Processing /opt/airflow/dags/dag_hello_world.py took 0.123 seconds
[2026-05-20T00:03:24.718+0000] {processor.py:186} INFO - Started process (PID=71819) to work on /opt/airflow/dags/dag_hello_world.py
[2026-05-20T00:03:24.719+0000] {processor.py:914} INFO - Processing file /opt/airflow/dags/dag_hello_world.py for tasks to queue
[2026-05-20T00:03:24.721+0000] {logging_mixin.py:190} INFO - [2026-05-20T00:03:24.720+0000] {dagbag.py:588} INFO - Filling up the DagBag from /opt/airflow/dags/dag_hello_world.py
[2026-05-20T00:03:24.729+0000] {processor.py:925} INFO - DAG(s) 'dag_hello_world' retrieved from /opt/airflow/dags/dag_hello_world.py
[2026-05-20T00:03:24.761+0000] {logging_mixin.py:190} INFO - [2026-05-20T00:03:24.761+0000] {dag.py:3239} INFO - Sync 1 DAGs
[2026-05-20T00:03:24.778+0000] {logging_mixin.py:190} INFO - [2026-05-20T00:03:24.778+0000] {dag.py:4180} INFO - Setting next_dagrun for dag_hello_world to None, run_after=None
[2026-05-20T00:03:24.802+0000] {processor.py:208} INFO - Processing /opt/airflow/dags/dag_hello_world.py took 0.091 seconds
[2026-05-20T00:03:55.004+0000] {processor.py:186} INFO - Started process (PID=71879) to work on /opt/airflow/dags/dag_hello_world.py
[2026-05-20T00:03:55.005+0000] {processor.py:914} INFO - Processing file /opt/airflow/dags/dag_hello_world.py for tasks to queue
[2026-05-20T00:03:55.006+0000] {logging_mixin.py:190} INFO - [2026-05-20T00:03:55.006+0000] {dagbag.py:588} INFO - Filling up the DagBag from /opt/airflow/dags/dag_hello_world.py
[2026-05-20T00:03:55.015+0000] {processor.py:925} INFO - DAG(s) 'dag_hello_world' retrieved from /opt/airflow/dags/dag_hello_world.py
[2026-05-20T00:03:55.047+0000] {logging_mixin.py:190} INFO - [2026-05-20T00:03:55.046+0000] {dag.py:3239} INFO - Sync 1 DAGs
[2026-05-20T00:03:55.063+0000] {logging_mixin.py:190} INFO - [2026-05-20T00:03:55.063+0000] {dag.py:4180} INFO - Setting next_dagrun for dag_hello_world to None, run_after=None
[2026-05-20T00:03:55.089+0000] {processor.py:208} INFO - Processing /opt/airflow/dags/dag_hello_world.py took 0.091 seconds
[2026-05-20T00:04:25.263+0000] {processor.py:186} INFO - Started process (PID=71937) to work on /opt/airflow/dags/dag_hello_world.py
[2026-05-20T00:04:25.264+0000] {processor.py:914} INFO - Processing file /opt/airflow/dags/dag_hello_world.py for tasks to queue
[2026-05-20T00:04:25.267+0000] {logging_mixin.py:190} INFO - [2026-05-20T00:04:25.267+0000] {dagbag.py:588} INFO - Filling up the DagBag from /opt/airflow/dags/dag_hello_world.py
[2026-05-20T00:04:25.275+0000] {processor.py:925} INFO - DAG(s) 'dag_hello_world' retrieved from /opt/airflow/dags/dag_hello_world.py
[2026-05-20T00:04:25.308+0000] {logging_mixin.py:190} INFO - [2026-05-20T00:04:25.308+0000] {dag.py:3239} INFO - Sync 1 DAGs
[2026-05-20T00:04:25.331+0000] {logging_mixin.py:190} INFO - [2026-05-20T00:04:25.331+0000] {dag.py:4180} INFO - Setting next_dagrun for dag_hello_world to None, run_after=None
[2026-05-20T00:04:25.354+0000] {processor.py:208} INFO - Processing /opt/airflow/dags/dag_hello_world.py took 0.096 seconds
[2026-05-20T00:04:55.650+0000] {processor.py:186} INFO - Started process (PID=71997) to work on /opt/airflow/dags/dag_hello_world.py
[2026-05-20T00:04:55.651+0000] {processor.py:914} INFO - Processing file /opt/airflow/dags/dag_hello_world.py for tasks to queue
[2026-05-20T00:04:55.654+0000] {logging_mixin.py:190} INFO - [2026-05-20T00:04:55.654+0000] {dagbag.py:588} INFO - Filling up the DagBag from /opt/airflow/dags/dag_hello_world.py
[2026-05-20T00:04:55.668+0000] {processor.py:925} INFO - DAG(s) 'dag_hello_world' retrieved from /opt/airflow/dags/dag_hello_world.py
[2026-05-20T00:04:55.709+0000] {logging_mixin.py:190} INFO - [2026-05-20T00:04:55.709+0000] {dag.py:3239} INFO - Sync 1 DAGs
[2026-05-20T00:04:55.730+0000] {logging_mixin.py:190} INFO - [2026-05-20T00:04:55.730+0000] {dag.py:4180} INFO - Setting next_dagrun for dag_hello_world to None, run_after=None
[2026-05-20T00:04:55.758+0000] {processor.py:208} INFO - Processing /opt/airflow/dags/dag_hello_world.py took 0.123 seconds
[2026-05-20T00:05:26.046+0000] {processor.py:186} INFO - Started process (PID=72059) to work on /opt/airflow/dags/dag_hello_world.py
[2026-05-20T00:05:26.047+0000] {processor.py:914} INFO - Processing file /opt/airflow/dags/dag_hello_world.py for tasks to queue
[2026-05-20T00:05:26.050+0000] {logging_mixin.py:190} INFO - [2026-05-20T00:05:26.050+0000] {dagbag.py:588} INFO - Filling up the DagBag from /opt/airflow/dags/dag_hello_world.py
[2026-05-20T00:05:26.059+0000] {processor.py:925} INFO - DAG(s) 'dag_hello_world' retrieved from /opt/airflow/dags/dag_hello_world.py
[2026-05-20T00:05:26.102+0000] {logging_mixin.py:190} INFO - [2026-05-20T00:05:26.101+0000] {dag.py:3239} INFO - Sync 1 DAGs
[2026-05-20T00:05:26.117+0000] {logging_mixin.py:190} INFO - [2026-05-20T00:05:26.116+0000] {dag.py:4180} INFO - Setting next_dagrun for dag_hello_world to None, run_after=None
[2026-05-20T00:05:26.146+0000] {processor.py:208} INFO - Processing /opt/airflow/dags/dag_hello_world.py took 0.107 seconds
[2026-05-20T00:05:56.404+0000] {processor.py:186} INFO - Started process (PID=72117) to work on /opt/airflow/dags/dag_hello_world.py
[2026-05-20T00:05:56.405+0000] {processor.py:914} INFO - Processing file /opt/airflow/dags/dag_hello_world.py for tasks to queue
[2026-05-20T00:05:56.407+0000] {logging_mixin.py:190} INFO - [2026-05-20T00:05:56.407+0000] {dagbag.py:588} INFO - Filling up the DagBag from /opt/airflow/dags/dag_hello_world.py
[2026-05-20T00:05:56.416+0000] {processor.py:925} INFO - DAG(s) 'dag_hello_world' retrieved from /opt/airflow/dags/dag_hello_world.py
[2026-05-20T00:05:56.462+0000] {logging_mixin.py:190} INFO - [2026-05-20T00:05:56.461+0000] {dag.py:3239} INFO - Sync 1 DAGs
[2026-05-20T00:05:56.481+0000] {logging_mixin.py:190} INFO - [2026-05-20T00:05:56.481+0000] {dag.py:4180} INFO - Setting next_dagrun for dag_hello_world to None, run_after=None
[2026-05-20T00:05:56.518+0000] {processor.py:208} INFO - Processing /opt/airflow/dags/dag_hello_world.py took 0.120 seconds
[2026-05-20T00:06:27.061+0000] {processor.py:186} INFO - Started process (PID=72179) to work on /opt/airflow/dags/dag_hello_world.py
[2026-05-20T00:06:27.063+0000] {processor.py:914} INFO - Processing file /opt/airflow/dags/dag_hello_world.py for tasks to queue
[2026-05-20T00:06:27.066+0000] {logging_mixin.py:190} INFO - [2026-05-20T00:06:27.065+0000] {dagbag.py:588} INFO - Filling up the DagBag from /opt/airflow/dags/dag_hello_world.py
[2026-05-20T00:06:27.073+0000] {processor.py:925} INFO - DAG(s) 'dag_hello_world' retrieved from /opt/airflow/dags/dag_hello_world.py
[2026-05-20T00:06:27.103+0000] {logging_mixin.py:190} INFO - [2026-05-20T00:06:27.103+0000] {dag.py:3239} INFO - Sync 1 DAGs
[2026-05-20T00:06:27.119+0000] {logging_mixin.py:190} INFO - [2026-05-20T00:06:27.119+0000] {dag.py:4180} INFO - Setting next_dagrun for dag_hello_world to None, run_after=None
[2026-05-20T00:06:27.148+0000] {processor.py:208} INFO - Processing /opt/airflow/dags/dag_hello_world.py took 0.093 seconds
[2026-05-20T00:06:57.340+0000] {processor.py:186} INFO - Started process (PID=72239) to work on /opt/airflow/dags/dag_hello_world.py
[2026-05-20T00:06:57.341+0000] {processor.py:914} INFO - Processing file /opt/airflow/dags/dag_hello_world.py for tasks to queue
[2026-05-20T00:06:57.343+0000] {logging_mixin.py:190} INFO - [2026-05-20T00:06:57.343+0000] {dagbag.py:588} INFO - Filling up the DagBag from /opt/airflow/dags/dag_hello_world.py
[2026-05-20T00:06:57.351+0000] {processor.py:925} INFO - DAG(s) 'dag_hello_world' retrieved from /opt/airflow/dags/dag_hello_world.py
[2026-05-20T00:06:57.383+0000] {logging_mixin.py:190} INFO - [2026-05-20T00:06:57.383+0000] {dag.py:3239} INFO - Sync 1 DAGs
[2026-05-20T00:06:57.400+0000] {logging_mixin.py:190} INFO - [2026-05-20T00:06:57.400+0000] {dag.py:4180} INFO - Setting next_dagrun for dag_hello_world to None, run_after=None
[2026-05-20T00:06:57.431+0000] {processor.py:208} INFO - Processing /opt/airflow/dags/dag_hello_world.py took 0.099 seconds
[2026-05-20T00:07:27.575+0000] {processor.py:186} INFO - Started process (PID=72297) to work on /opt/airflow/dags/dag_hello_world.py
[2026-05-20T00:07:27.578+0000] {processor.py:914} INFO - Processing file /opt/airflow/dags/dag_hello_world.py for tasks to queue
[2026-05-20T00:07:27.580+0000] {logging_mixin.py:190} INFO - [2026-05-20T00:07:27.580+0000] {dagbag.py:588} INFO - Filling up the DagBag from /opt/airflow/dags/dag_hello_world.py
[2026-05-20T00:07:27.590+0000] {processor.py:925} INFO - DAG(s) 'dag_hello_world' retrieved from /opt/airflow/dags/dag_hello_world.py
[2026-05-20T00:07:27.626+0000] {logging_mixin.py:190} INFO - [2026-05-20T00:07:27.626+0000] {dag.py:3239} INFO - Sync 1 DAGs
[2026-05-20T00:07:27.645+0000] {logging_mixin.py:190} INFO - [2026-05-20T00:07:27.644+0000] {dag.py:4180} INFO - Setting next_dagrun for dag_hello_world to None, run_after=None
[2026-05-20T00:07:27.664+0000] {processor.py:208} INFO - Processing /opt/airflow/dags/dag_hello_world.py took 0.098 seconds
[2026-05-20T00:07:58.092+0000] {processor.py:186} INFO - Started process (PID=72359) to work on /opt/airflow/dags/dag_hello_world.py
[2026-05-20T00:07:58.092+0000] {processor.py:914} INFO - Processing file /opt/airflow/dags/dag_hello_world.py for tasks to queue
[2026-05-20T00:07:58.095+0000] {logging_mixin.py:190} INFO - [2026-05-20T00:07:58.095+0000] {dagbag.py:588} INFO - Filling up the DagBag from /opt/airflow/dags/dag_hello_world.py
[2026-05-20T00:07:58.103+0000] {processor.py:925} INFO - DAG(s) 'dag_hello_world' retrieved from /opt/airflow/dags/dag_hello_world.py
[2026-05-20T00:07:58.136+0000] {logging_mixin.py:190} INFO - [2026-05-20T00:07:58.136+0000] {dag.py:3239} INFO - Sync 1 DAGs
[2026-05-20T00:07:58.153+0000] {logging_mixin.py:190} INFO - [2026-05-20T00:07:58.153+0000] {dag.py:4180} INFO - Setting next_dagrun for dag_hello_world to None, run_after=None
[2026-05-20T00:07:58.187+0000] {processor.py:208} INFO - Processing /opt/airflow/dags/dag_hello_world.py took 0.101 seconds
[2026-05-20T00:08:28.500+0000] {processor.py:186} INFO - Started process (PID=72417) to work on /opt/airflow/dags/dag_hello_world.py
[2026-05-20T00:08:28.502+0000] {processor.py:914} INFO - Processing file /opt/airflow/dags/dag_hello_world.py for tasks to queue
[2026-05-20T00:08:28.504+0000] {logging_mixin.py:190} INFO - [2026-05-20T00:08:28.504+0000] {dagbag.py:588} INFO - Filling up the DagBag from /opt/airflow/dags/dag_hello_world.py
[2026-05-20T00:08:28.513+0000] {processor.py:925} INFO - DAG(s) 'dag_hello_world' retrieved from /opt/airflow/dags/dag_hello_world.py
[2026-05-20T00:08:28.551+0000] {logging_mixin.py:190} INFO - [2026-05-20T00:08:28.551+0000] {dag.py:3239} INFO - Sync 1 DAGs
[2026-05-20T00:08:28.569+0000] {logging_mixin.py:190} INFO - [2026-05-20T00:08:28.568+0000] {dag.py:4180} INFO - Setting next_dagrun for dag_hello_world to None, run_after=None
[2026-05-20T00:08:28.590+0000] {processor.py:208} INFO - Processing /opt/airflow/dags/dag_hello_world.py took 0.101 seconds
[2026-05-20T00:08:59.087+0000] {processor.py:186} INFO - Started process (PID=72477) to work on /opt/airflow/dags/dag_hello_world.py
[2026-05-20T00:08:59.089+0000] {processor.py:914} INFO - Processing file /opt/airflow/dags/dag_hello_world.py for tasks to queue
[2026-05-20T00:08:59.093+0000] {logging_mixin.py:190} INFO - [2026-05-20T00:08:59.093+0000] {dagbag.py:588} INFO - Filling up the DagBag from /opt/airflow/dags/dag_hello_world.py
[2026-05-20T00:08:59.108+0000] {processor.py:925} INFO - DAG(s) 'dag_hello_world' retrieved from /opt/airflow/dags/dag_hello_world.py
[2026-05-20T00:08:59.176+0000] {logging_mixin.py:190} INFO - [2026-05-20T00:08:59.175+0000] {dag.py:3239} INFO - Sync 1 DAGs
[2026-05-20T00:08:59.202+0000] {logging_mixin.py:190} INFO - [2026-05-20T00:08:59.202+0000] {dag.py:4180} INFO - Setting next_dagrun for dag_hello_world to None, run_after=None
[2026-05-20T00:08:59.224+0000] {processor.py:208} INFO - Processing /opt/airflow/dags/dag_hello_world.py took 0.148 seconds
[2026-05-20T00:09:29.812+0000] {processor.py:186} INFO - Started process (PID=72539) to work on /opt/airflow/dags/dag_hello_world.py
[2026-05-20T00:09:29.813+0000] {processor.py:914} INFO - Processing file /opt/airflow/dags/dag_hello_world.py for tasks to queue
[2026-05-20T00:09:29.815+0000] {logging_mixin.py:190} INFO - [2026-05-20T00:09:29.815+0000] {dagbag.py:588} INFO - Filling up the DagBag from /opt/airflow/dags/dag_hello_world.py
[2026-05-20T00:09:29.823+0000] {processor.py:925} INFO - DAG(s) 'dag_hello_world' retrieved from /opt/airflow/dags/dag_hello_world.py
[2026-05-20T00:09:29.858+0000] {logging_mixin.py:190} INFO - [2026-05-20T00:09:29.857+0000] {dag.py:3239} INFO - Sync 1 DAGs
[2026-05-20T00:09:29.874+0000] {logging_mixin.py:190} INFO - [2026-05-20T00:09:29.874+0000] {dag.py:4180} INFO - Setting next_dagrun for dag_hello_world to None, run_after=None
[2026-05-20T00:09:29.927+0000] {processor.py:208} INFO - Processing /opt/airflow/dags/dag_hello_world.py took 0.123 seconds
[2026-05-20T00:10:00.188+0000] {processor.py:186} INFO - Started process (PID=72597) to work on /opt/airflow/dags/dag_hello_world.py
[2026-05-20T00:10:00.189+0000] {processor.py:914} INFO - Processing file /opt/airflow/dags/dag_hello_world.py for tasks to queue
[2026-05-20T00:10:00.192+0000] {logging_mixin.py:190} INFO - [2026-05-20T00:10:00.192+0000] {dagbag.py:588} INFO - Filling up the DagBag from /opt/airflow/dags/dag_hello_world.py
[2026-05-20T00:10:00.200+0000] {processor.py:925} INFO - DAG(s) 'dag_hello_world' retrieved from /opt/airflow/dags/dag_hello_world.py
[2026-05-20T00:10:00.251+0000] {logging_mixin.py:190} INFO - [2026-05-20T00:10:00.251+0000] {dag.py:3239} INFO - Sync 1 DAGs
[2026-05-20T00:10:00.269+0000] {logging_mixin.py:190} INFO - [2026-05-20T00:10:00.269+0000] {dag.py:4180} INFO - Setting next_dagrun for dag_hello_world to None, run_after=None
[2026-05-20T00:10:00.304+0000] {processor.py:208} INFO - Processing /opt/airflow/dags/dag_hello_world.py took 0.122 seconds
[2026-05-20T00:10:31.079+0000] {processor.py:186} INFO - Started process (PID=72659) to work on /opt/airflow/dags/dag_hello_world.py
[2026-05-20T00:10:31.081+0000] {processor.py:914} INFO - Processing file /opt/airflow/dags/dag_hello_world.py for tasks to queue
[2026-05-20T00:10:31.084+0000] {logging_mixin.py:190} INFO - [2026-05-20T00:10:31.083+0000] {dagbag.py:588} INFO - Filling up the DagBag from /opt/airflow/dags/dag_hello_world.py
[2026-05-20T00:10:31.091+0000] {processor.py:925} INFO - DAG(s) 'dag_hello_world' retrieved from /opt/airflow/dags/dag_hello_world.py
[2026-05-20T00:10:31.126+0000] {logging_mixin.py:190} INFO - [2026-05-20T00:10:31.126+0000] {dag.py:3239} INFO - Sync 1 DAGs
[2026-05-20T00:10:31.144+0000] {logging_mixin.py:190} INFO - [2026-05-20T00:10:31.143+0000] {dag.py:4180} INFO - Setting next_dagrun for dag_hello_world to None, run_after=None
[2026-05-20T00:10:31.171+0000] {processor.py:208} INFO - Processing /opt/airflow/dags/dag_hello_world.py took 0.101 seconds
[2026-05-20T00:11:01.695+0000] {processor.py:186} INFO - Started process (PID=72719) to work on /opt/airflow/dags/dag_hello_world.py
[2026-05-20T00:11:01.696+0000] {processor.py:914} INFO - Processing file /opt/airflow/dags/dag_hello_world.py for tasks to queue
[2026-05-20T00:11:01.698+0000] {logging_mixin.py:190} INFO - [2026-05-20T00:11:01.698+0000] {dagbag.py:588} INFO - Filling up the DagBag from /opt/airflow/dags/dag_hello_world.py
[2026-05-20T00:11:01.706+0000] {processor.py:925} INFO - DAG(s) 'dag_hello_world' retrieved from /opt/airflow/dags/dag_hello_world.py
[2026-05-20T00:11:01.743+0000] {logging_mixin.py:190} INFO - [2026-05-20T00:11:01.742+0000] {dag.py:3239} INFO - Sync 1 DAGs
[2026-05-20T00:11:01.760+0000] {logging_mixin.py:190} INFO - [2026-05-20T00:11:01.760+0000] {dag.py:4180} INFO - Setting next_dagrun for dag_hello_world to None, run_after=None
[2026-05-20T00:11:01.818+0000] {processor.py:208} INFO - Processing /opt/airflow/dags/dag_hello_world.py took 0.130 seconds
[2026-05-20T00:11:32.128+0000] {processor.py:186} INFO - Started process (PID=72779) to work on /opt/airflow/dags/dag_hello_world.py
[2026-05-20T00:11:32.129+0000] {processor.py:914} INFO - Processing file /opt/airflow/dags/dag_hello_world.py for tasks to queue
[2026-05-20T00:11:32.131+0000] {logging_mixin.py:190} INFO - [2026-05-20T00:11:32.131+0000] {dagbag.py:588} INFO - Filling up the DagBag from /opt/airflow/dags/dag_hello_world.py
[2026-05-20T00:11:32.138+0000] {processor.py:925} INFO - DAG(s) 'dag_hello_world' retrieved from /opt/airflow/dags/dag_hello_world.py
[2026-05-20T00:11:32.170+0000] {logging_mixin.py:190} INFO - [2026-05-20T00:11:32.170+0000] {dag.py:3239} INFO - Sync 1 DAGs
[2026-05-20T00:11:32.185+0000] {logging_mixin.py:190} INFO - [2026-05-20T00:11:32.185+0000] {dag.py:4180} INFO - Setting next_dagrun for dag_hello_world to None, run_after=None
[2026-05-20T00:11:32.239+0000] {processor.py:208} INFO - Processing /opt/airflow/dags/dag_hello_world.py took 0.117 seconds
[2026-05-20T00:12:02.304+0000] {processor.py:186} INFO - Started process (PID=72837) to work on /opt/airflow/dags/dag_hello_world.py
[2026-05-20T00:12:02.309+0000] {processor.py:914} INFO - Processing file /opt/airflow/dags/dag_hello_world.py for tasks to queue
[2026-05-20T00:12:02.312+0000] {logging_mixin.py:190} INFO - [2026-05-20T00:12:02.311+0000] {dagbag.py:588} INFO - Filling up the DagBag from /opt/airflow/dags/dag_hello_world.py
[2026-05-20T00:12:02.321+0000] {processor.py:925} INFO - DAG(s) 'dag_hello_world' retrieved from /opt/airflow/dags/dag_hello_world.py
[2026-05-20T00:12:02.364+0000] {logging_mixin.py:190} INFO - [2026-05-20T00:12:02.364+0000] {dag.py:3239} INFO - Sync 1 DAGs
[2026-05-20T00:12:02.384+0000] {logging_mixin.py:190} INFO - [2026-05-20T00:12:02.384+0000] {dag.py:4180} INFO - Setting next_dagrun for dag_hello_world to None, run_after=None
[2026-05-20T00:12:02.418+0000] {processor.py:208} INFO - Processing /opt/airflow/dags/dag_hello_world.py took 0.121 seconds
[2026-05-20T00:12:33.936+0000] {processor.py:186} INFO - Started process (PID=72897) to work on /opt/airflow/dags/dag_hello_world.py
[2026-05-20T00:12:34.015+0000] {processor.py:914} INFO - Processing file /opt/airflow/dags/dag_hello_world.py for tasks to queue
[2026-05-20T00:12:34.020+0000] {logging_mixin.py:190} INFO - [2026-05-20T00:12:34.019+0000] {dagbag.py:588} INFO - Filling up the DagBag from /opt/airflow/dags/dag_hello_world.py
[2026-05-20T00:12:34.036+0000] {processor.py:925} INFO - DAG(s) 'dag_hello_world' retrieved from /opt/airflow/dags/dag_hello_world.py
[2026-05-20T00:12:34.120+0000] {logging_mixin.py:190} INFO - [2026-05-20T00:12:34.120+0000] {dag.py:3239} INFO - Sync 1 DAGs
[2026-05-20T00:12:34.145+0000] {logging_mixin.py:190} INFO - [2026-05-20T00:12:34.144+0000] {dag.py:4180} INFO - Setting next_dagrun for dag_hello_world to None, run_after=None
[2026-05-20T00:12:34.251+0000] {processor.py:208} INFO - Processing /opt/airflow/dags/dag_hello_world.py took 0.329 seconds
[2026-05-20T00:13:04.869+0000] {processor.py:186} INFO - Started process (PID=72957) to work on /opt/airflow/dags/dag_hello_world.py
[2026-05-20T00:13:04.878+0000] {processor.py:914} INFO - Processing file /opt/airflow/dags/dag_hello_world.py for tasks to queue
[2026-05-20T00:13:04.884+0000] {logging_mixin.py:190} INFO - [2026-05-20T00:13:04.883+0000] {dagbag.py:588} INFO - Filling up the DagBag from /opt/airflow/dags/dag_hello_world.py
[2026-05-20T00:13:04.898+0000] {processor.py:925} INFO - DAG(s) 'dag_hello_world' retrieved from /opt/airflow/dags/dag_hello_world.py
[2026-05-20T00:13:04.958+0000] {logging_mixin.py:190} INFO - [2026-05-20T00:13:04.958+0000] {dag.py:3239} INFO - Sync 1 DAGs
[2026-05-20T00:13:04.976+0000] {logging_mixin.py:190} INFO - [2026-05-20T00:13:04.975+0000] {dag.py:4180} INFO - Setting next_dagrun for dag_hello_world to None, run_after=None
[2026-05-20T00:13:05.073+0000] {processor.py:208} INFO - Processing /opt/airflow/dags/dag_hello_world.py took 0.216 seconds
[2026-05-20T00:13:35.387+0000] {processor.py:186} INFO - Started process (PID=73017) to work on /opt/airflow/dags/dag_hello_world.py
[2026-05-20T00:13:35.389+0000] {processor.py:914} INFO - Processing file /opt/airflow/dags/dag_hello_world.py for tasks to queue
[2026-05-20T00:13:35.392+0000] {logging_mixin.py:190} INFO - [2026-05-20T00:13:35.391+0000] {dagbag.py:588} INFO - Filling up the DagBag from /opt/airflow/dags/dag_hello_world.py
[2026-05-20T00:13:35.407+0000] {processor.py:925} INFO - DAG(s) 'dag_hello_world' retrieved from /opt/airflow/dags/dag_hello_world.py
[2026-05-20T00:13:35.477+0000] {logging_mixin.py:190} INFO - [2026-05-20T00:13:35.477+0000] {dag.py:3239} INFO - Sync 1 DAGs
[2026-05-20T00:13:35.498+0000] {logging_mixin.py:190} INFO - [2026-05-20T00:13:35.497+0000] {dag.py:4180} INFO - Setting next_dagrun for dag_hello_world to None, run_after=None
[2026-05-20T00:13:35.611+0000] {processor.py:208} INFO - Processing /opt/airflow/dags/dag_hello_world.py took 0.236 seconds
[2026-05-20T00:14:05.765+0000] {processor.py:186} INFO - Started process (PID=73077) to work on /opt/airflow/dags/dag_hello_world.py
[2026-05-20T00:14:05.775+0000] {processor.py:914} INFO - Processing file /opt/airflow/dags/dag_hello_world.py for tasks to queue
[2026-05-20T00:14:05.777+0000] {logging_mixin.py:190} INFO - [2026-05-20T00:14:05.777+0000] {dagbag.py:588} INFO - Filling up the DagBag from /opt/airflow/dags/dag_hello_world.py
[2026-05-20T00:14:05.787+0000] {processor.py:925} INFO - DAG(s) 'dag_hello_world' retrieved from /opt/airflow/dags/dag_hello_world.py
[2026-05-20T00:14:05.831+0000] {logging_mixin.py:190} INFO - [2026-05-20T00:14:05.831+0000] {dag.py:3239} INFO - Sync 1 DAGs
[2026-05-20T00:14:05.850+0000] {logging_mixin.py:190} INFO - [2026-05-20T00:14:05.849+0000] {dag.py:4180} INFO - Setting next_dagrun for dag_hello_world to None, run_after=None
[2026-05-20T00:14:05.885+0000] {processor.py:208} INFO - Processing /opt/airflow/dags/dag_hello_world.py took 0.129 seconds
[2026-05-20T00:14:36.417+0000] {processor.py:186} INFO - Started process (PID=73137) to work on /opt/airflow/dags/dag_hello_world.py
[2026-05-20T00:14:36.419+0000] {processor.py:914} INFO - Processing file /opt/airflow/dags/dag_hello_world.py for tasks to queue
[2026-05-20T00:14:36.422+0000] {logging_mixin.py:190} INFO - [2026-05-20T00:14:36.422+0000] {dagbag.py:588} INFO - Filling up the DagBag from /opt/airflow/dags/dag_hello_world.py
[2026-05-20T00:14:36.435+0000] {processor.py:925} INFO - DAG(s) 'dag_hello_world' retrieved from /opt/airflow/dags/dag_hello_world.py
[2026-05-20T00:14:36.487+0000] {logging_mixin.py:190} INFO - [2026-05-20T00:14:36.486+0000] {dag.py:3239} INFO - Sync 1 DAGs
[2026-05-20T00:14:36.504+0000] {logging_mixin.py:190} INFO - [2026-05-20T00:14:36.504+0000] {dag.py:4180} INFO - Setting next_dagrun for dag_hello_world to None, run_after=None
[2026-05-20T00:14:36.534+0000] {processor.py:208} INFO - Processing /opt/airflow/dags/dag_hello_world.py took 0.128 seconds
[2026-05-20T00:15:06.909+0000] {processor.py:186} INFO - Started process (PID=73197) to work on /opt/airflow/dags/dag_hello_world.py
[2026-05-20T00:15:06.910+0000] {processor.py:914} INFO - Processing file /opt/airflow/dags/dag_hello_world.py for tasks to queue
[2026-05-20T00:15:06.914+0000] {logging_mixin.py:190} INFO - [2026-05-20T00:15:06.913+0000] {dagbag.py:588} INFO - Filling up the DagBag from /opt/airflow/dags/dag_hello_world.py
[2026-05-20T00:15:06.927+0000] {processor.py:925} INFO - DAG(s) 'dag_hello_world' retrieved from /opt/airflow/dags/dag_hello_world.py
[2026-05-20T00:15:06.965+0000] {logging_mixin.py:190} INFO - [2026-05-20T00:15:06.964+0000] {dag.py:3239} INFO - Sync 1 DAGs
[2026-05-20T00:15:06.982+0000] {logging_mixin.py:190} INFO - [2026-05-20T00:15:06.981+0000] {dag.py:4180} INFO - Setting next_dagrun for dag_hello_world to None, run_after=None
[2026-05-20T00:15:07.011+0000] {processor.py:208} INFO - Processing /opt/airflow/dags/dag_hello_world.py took 0.121 seconds
[2026-05-20T00:15:37.225+0000] {processor.py:186} INFO - Started process (PID=73257) to work on /opt/airflow/dags/dag_hello_world.py
[2026-05-20T00:15:37.236+0000] {processor.py:914} INFO - Processing file /opt/airflow/dags/dag_hello_world.py for tasks to queue
[2026-05-20T00:15:37.241+0000] {logging_mixin.py:190} INFO - [2026-05-20T00:15:37.240+0000] {dagbag.py:588} INFO - Filling up the DagBag from /opt/airflow/dags/dag_hello_world.py
[2026-05-20T00:15:37.253+0000] {processor.py:925} INFO - DAG(s) 'dag_hello_world' retrieved from /opt/airflow/dags/dag_hello_world.py
[2026-05-20T00:15:37.312+0000] {logging_mixin.py:190} INFO - [2026-05-20T00:15:37.312+0000] {dag.py:3239} INFO - Sync 1 DAGs
[2026-05-20T00:15:37.329+0000] {logging_mixin.py:190} INFO - [2026-05-20T00:15:37.329+0000] {dag.py:4180} INFO - Setting next_dagrun for dag_hello_world to None, run_after=None
[2026-05-20T00:15:37.355+0000] {processor.py:208} INFO - Processing /opt/airflow/dags/dag_hello_world.py took 0.140 seconds
[2026-05-20T00:16:07.587+0000] {processor.py:186} INFO - Started process (PID=73317) to work on /opt/airflow/dags/dag_hello_world.py
[2026-05-20T00:16:07.588+0000] {processor.py:914} INFO - Processing file /opt/airflow/dags/dag_hello_world.py for tasks to queue
[2026-05-20T00:16:07.590+0000] {logging_mixin.py:190} INFO - [2026-05-20T00:16:07.590+0000] {dagbag.py:588} INFO - Filling up the DagBag from /opt/airflow/dags/dag_hello_world.py
[2026-05-20T00:16:07.599+0000] {processor.py:925} INFO - DAG(s) 'dag_hello_world' retrieved from /opt/airflow/dags/dag_hello_world.py
[2026-05-20T00:16:07.675+0000] {logging_mixin.py:190} INFO - [2026-05-20T00:16:07.675+0000] {dag.py:3239} INFO - Sync 1 DAGs
[2026-05-20T00:16:07.695+0000] {logging_mixin.py:190} INFO - [2026-05-20T00:16:07.694+0000] {dag.py:4180} INFO - Setting next_dagrun for dag_hello_world to None, run_after=None
[2026-05-20T00:16:07.716+0000] {processor.py:208} INFO - Processing /opt/airflow/dags/dag_hello_world.py took 0.136 seconds
[2026-05-20T00:16:37.910+0000] {processor.py:186} INFO - Started process (PID=73377) to work on /opt/airflow/dags/dag_hello_world.py
[2026-05-20T00:16:37.917+0000] {processor.py:914} INFO - Processing file /opt/airflow/dags/dag_hello_world.py for tasks to queue
[2026-05-20T00:16:37.921+0000] {logging_mixin.py:190} INFO - [2026-05-20T00:16:37.920+0000] {dagbag.py:588} INFO - Filling up the DagBag from /opt/airflow/dags/dag_hello_world.py
[2026-05-20T00:16:37.933+0000] {processor.py:925} INFO - DAG(s) 'dag_hello_world' retrieved from /opt/airflow/dags/dag_hello_world.py
[2026-05-20T00:16:38.004+0000] {logging_mixin.py:190} INFO - [2026-05-20T00:16:38.003+0000] {dag.py:3239} INFO - Sync 1 DAGs
[2026-05-20T00:16:38.025+0000] {logging_mixin.py:190} INFO - [2026-05-20T00:16:38.025+0000] {dag.py:4180} INFO - Setting next_dagrun for dag_hello_world to None, run_after=None
[2026-05-20T00:16:38.054+0000] {processor.py:208} INFO - Processing /opt/airflow/dags/dag_hello_world.py took 0.155 seconds
[2026-05-20T00:17:08.234+0000] {processor.py:186} INFO - Started process (PID=73437) to work on /opt/airflow/dags/dag_hello_world.py
[2026-05-20T00:17:08.235+0000] {processor.py:914} INFO - Processing file /opt/airflow/dags/dag_hello_world.py for tasks to queue
[2026-05-20T00:17:08.237+0000] {logging_mixin.py:190} INFO - [2026-05-20T00:17:08.237+0000] {dagbag.py:588} INFO - Filling up the DagBag from /opt/airflow/dags/dag_hello_world.py
[2026-05-20T00:17:08.246+0000] {processor.py:925} INFO - DAG(s) 'dag_hello_world' retrieved from /opt/airflow/dags/dag_hello_world.py
[2026-05-20T00:17:08.280+0000] {logging_mixin.py:190} INFO - [2026-05-20T00:17:08.280+0000] {dag.py:3239} INFO - Sync 1 DAGs
[2026-05-20T00:17:08.298+0000] {logging_mixin.py:190} INFO - [2026-05-20T00:17:08.298+0000] {dag.py:4180} INFO - Setting next_dagrun for dag_hello_world to None, run_after=None
[2026-05-20T00:17:08.336+0000] {processor.py:208} INFO - Processing /opt/airflow/dags/dag_hello_world.py took 0.110 seconds
