[2026-05-20T00:00:20.279+0000] {processor.py:186} INFO - Started process (PID=71437) to work on /opt/airflow/dags/dag_bronze_departments.py
[2026-05-20T00:00:20.280+0000] {processor.py:914} INFO - Processing file /opt/airflow/dags/dag_bronze_departments.py for tasks to queue
[2026-05-20T00:00:20.282+0000] {logging_mixin.py:190} INFO - [2026-05-20T00:00:20.281+0000] {dagbag.py:588} INFO - Filling up the DagBag from /opt/airflow/dags/dag_bronze_departments.py
[2026-05-20T00:00:20.294+0000] {processor.py:925} INFO - DAG(s) 'dag_bronze_departments' retrieved from /opt/airflow/dags/dag_bronze_departments.py
[2026-05-20T00:00:20.332+0000] {logging_mixin.py:190} INFO - [2026-05-20T00:00:20.332+0000] {dag.py:3239} INFO - Sync 1 DAGs
[2026-05-20T00:00:20.351+0000] {logging_mixin.py:190} INFO - [2026-05-20T00:00:20.350+0000] {dag.py:4180} INFO - Setting next_dagrun for dag_bronze_departments to None, run_after=None
[2026-05-20T00:00:20.397+0000] {processor.py:208} INFO - Processing /opt/airflow/dags/dag_bronze_departments.py took 0.127 seconds
[2026-05-20T00:00:50.805+0000] {processor.py:186} INFO - Started process (PID=71497) to work on /opt/airflow/dags/dag_bronze_departments.py
[2026-05-20T00:00:50.806+0000] {processor.py:914} INFO - Processing file /opt/airflow/dags/dag_bronze_departments.py for tasks to queue
[2026-05-20T00:00:50.809+0000] {logging_mixin.py:190} INFO - [2026-05-20T00:00:50.808+0000] {dagbag.py:588} INFO - Filling up the DagBag from /opt/airflow/dags/dag_bronze_departments.py
[2026-05-20T00:00:50.818+0000] {processor.py:925} INFO - DAG(s) 'dag_bronze_departments' retrieved from /opt/airflow/dags/dag_bronze_departments.py
[2026-05-20T00:00:50.863+0000] {logging_mixin.py:190} INFO - [2026-05-20T00:00:50.863+0000] {dag.py:3239} INFO - Sync 1 DAGs
[2026-05-20T00:00:50.883+0000] {logging_mixin.py:190} INFO - [2026-05-20T00:00:50.883+0000] {dag.py:4180} INFO - Setting next_dagrun for dag_bronze_departments to None, run_after=None
[2026-05-20T00:00:50.940+0000] {processor.py:208} INFO - Processing /opt/airflow/dags/dag_bronze_departments.py took 0.143 seconds
[2026-05-20T00:01:21.476+0000] {processor.py:186} INFO - Started process (PID=71557) to work on /opt/airflow/dags/dag_bronze_departments.py
[2026-05-20T00:01:21.477+0000] {processor.py:914} INFO - Processing file /opt/airflow/dags/dag_bronze_departments.py for tasks to queue
[2026-05-20T00:01:21.479+0000] {logging_mixin.py:190} INFO - [2026-05-20T00:01:21.478+0000] {dagbag.py:588} INFO - Filling up the DagBag from /opt/airflow/dags/dag_bronze_departments.py
[2026-05-20T00:01:21.489+0000] {processor.py:925} INFO - DAG(s) 'dag_bronze_departments' retrieved from /opt/airflow/dags/dag_bronze_departments.py
[2026-05-20T00:01:21.528+0000] {logging_mixin.py:190} INFO - [2026-05-20T00:01:21.528+0000] {dag.py:3239} INFO - Sync 1 DAGs
[2026-05-20T00:01:21.544+0000] {logging_mixin.py:190} INFO - [2026-05-20T00:01:21.544+0000] {dag.py:4180} INFO - Setting next_dagrun for dag_bronze_departments to None, run_after=None
[2026-05-20T00:01:21.591+0000] {processor.py:208} INFO - Processing /opt/airflow/dags/dag_bronze_departments.py took 0.122 seconds
[2026-05-20T00:01:51.799+0000] {processor.py:186} INFO - Started process (PID=71617) to work on /opt/airflow/dags/dag_bronze_departments.py
[2026-05-20T00:01:51.801+0000] {processor.py:914} INFO - Processing file /opt/airflow/dags/dag_bronze_departments.py for tasks to queue
[2026-05-20T00:01:51.804+0000] {logging_mixin.py:190} INFO - [2026-05-20T00:01:51.803+0000] {dagbag.py:588} INFO - Filling up the DagBag from /opt/airflow/dags/dag_bronze_departments.py
[2026-05-20T00:01:51.815+0000] {processor.py:925} INFO - DAG(s) 'dag_bronze_departments' retrieved from /opt/airflow/dags/dag_bronze_departments.py
[2026-05-20T00:01:51.857+0000] {logging_mixin.py:190} INFO - [2026-05-20T00:01:51.856+0000] {dag.py:3239} INFO - Sync 1 DAGs
[2026-05-20T00:01:51.878+0000] {logging_mixin.py:190} INFO - [2026-05-20T00:01:51.877+0000] {dag.py:4180} INFO - Setting next_dagrun for dag_bronze_departments to None, run_after=None
[2026-05-20T00:01:51.898+0000] {processor.py:208} INFO - Processing /opt/airflow/dags/dag_bronze_departments.py took 0.105 seconds
[2026-05-20T00:02:22.449+0000] {processor.py:186} INFO - Started process (PID=71679) to work on /opt/airflow/dags/dag_bronze_departments.py
[2026-05-20T00:02:22.450+0000] {processor.py:914} INFO - Processing file /opt/airflow/dags/dag_bronze_departments.py for tasks to queue
[2026-05-20T00:02:22.452+0000] {logging_mixin.py:190} INFO - [2026-05-20T00:02:22.452+0000] {dagbag.py:588} INFO - Filling up the DagBag from /opt/airflow/dags/dag_bronze_departments.py
[2026-05-20T00:02:22.461+0000] {processor.py:925} INFO - DAG(s) 'dag_bronze_departments' retrieved from /opt/airflow/dags/dag_bronze_departments.py
[2026-05-20T00:02:22.492+0000] {logging_mixin.py:190} INFO - [2026-05-20T00:02:22.492+0000] {dag.py:3239} INFO - Sync 1 DAGs
[2026-05-20T00:02:22.516+0000] {logging_mixin.py:190} INFO - [2026-05-20T00:02:22.516+0000] {dag.py:4180} INFO - Setting next_dagrun for dag_bronze_departments to None, run_after=None
[2026-05-20T00:02:22.561+0000] {processor.py:208} INFO - Processing /opt/airflow/dags/dag_bronze_departments.py took 0.119 seconds
[2026-05-20T00:02:53.077+0000] {processor.py:186} INFO - Started process (PID=71739) to work on /opt/airflow/dags/dag_bronze_departments.py
[2026-05-20T00:02:53.078+0000] {processor.py:914} INFO - Processing file /opt/airflow/dags/dag_bronze_departments.py for tasks to queue
[2026-05-20T00:02:53.080+0000] {logging_mixin.py:190} INFO - [2026-05-20T00:02:53.079+0000] {dagbag.py:588} INFO - Filling up the DagBag from /opt/airflow/dags/dag_bronze_departments.py
[2026-05-20T00:02:53.089+0000] {processor.py:925} INFO - DAG(s) 'dag_bronze_departments' retrieved from /opt/airflow/dags/dag_bronze_departments.py
[2026-05-20T00:02:53.125+0000] {logging_mixin.py:190} INFO - [2026-05-20T00:02:53.125+0000] {dag.py:3239} INFO - Sync 1 DAGs
[2026-05-20T00:02:53.142+0000] {logging_mixin.py:190} INFO - [2026-05-20T00:02:53.141+0000] {dag.py:4180} INFO - Setting next_dagrun for dag_bronze_departments to None, run_after=None
[2026-05-20T00:02:53.190+0000] {processor.py:208} INFO - Processing /opt/airflow/dags/dag_bronze_departments.py took 0.119 seconds
[2026-05-20T00:03:23.267+0000] {processor.py:186} INFO - Started process (PID=71797) to work on /opt/airflow/dags/dag_bronze_departments.py
[2026-05-20T00:03:23.268+0000] {processor.py:914} INFO - Processing file /opt/airflow/dags/dag_bronze_departments.py for tasks to queue
[2026-05-20T00:03:23.272+0000] {logging_mixin.py:190} INFO - [2026-05-20T00:03:23.272+0000] {dagbag.py:588} INFO - Filling up the DagBag from /opt/airflow/dags/dag_bronze_departments.py
[2026-05-20T00:03:23.281+0000] {processor.py:925} INFO - DAG(s) 'dag_bronze_departments' retrieved from /opt/airflow/dags/dag_bronze_departments.py
[2026-05-20T00:03:23.325+0000] {logging_mixin.py:190} INFO - [2026-05-20T00:03:23.325+0000] {dag.py:3239} INFO - Sync 1 DAGs
[2026-05-20T00:03:23.344+0000] {logging_mixin.py:190} INFO - [2026-05-20T00:03:23.343+0000] {dag.py:4180} INFO - Setting next_dagrun for dag_bronze_departments to None, run_after=None
[2026-05-20T00:03:23.367+0000] {processor.py:208} INFO - Processing /opt/airflow/dags/dag_bronze_departments.py took 0.105 seconds
[2026-05-20T00:03:53.668+0000] {processor.py:186} INFO - Started process (PID=71859) to work on /opt/airflow/dags/dag_bronze_departments.py
[2026-05-20T00:03:53.669+0000] {processor.py:914} INFO - Processing file /opt/airflow/dags/dag_bronze_departments.py for tasks to queue
[2026-05-20T00:03:53.671+0000] {logging_mixin.py:190} INFO - [2026-05-20T00:03:53.670+0000] {dagbag.py:588} INFO - Filling up the DagBag from /opt/airflow/dags/dag_bronze_departments.py
[2026-05-20T00:03:53.678+0000] {processor.py:925} INFO - DAG(s) 'dag_bronze_departments' retrieved from /opt/airflow/dags/dag_bronze_departments.py
[2026-05-20T00:03:53.718+0000] {logging_mixin.py:190} INFO - [2026-05-20T00:03:53.718+0000] {dag.py:3239} INFO - Sync 1 DAGs
[2026-05-20T00:03:53.735+0000] {logging_mixin.py:190} INFO - [2026-05-20T00:03:53.735+0000] {dag.py:4180} INFO - Setting next_dagrun for dag_bronze_departments to None, run_after=None
[2026-05-20T00:03:53.758+0000] {processor.py:208} INFO - Processing /opt/airflow/dags/dag_bronze_departments.py took 0.096 seconds
[2026-05-20T00:04:24.018+0000] {processor.py:186} INFO - Started process (PID=71919) to work on /opt/airflow/dags/dag_bronze_departments.py
[2026-05-20T00:04:24.019+0000] {processor.py:914} INFO - Processing file /opt/airflow/dags/dag_bronze_departments.py for tasks to queue
[2026-05-20T00:04:24.022+0000] {logging_mixin.py:190} INFO - [2026-05-20T00:04:24.022+0000] {dagbag.py:588} INFO - Filling up the DagBag from /opt/airflow/dags/dag_bronze_departments.py
[2026-05-20T00:04:24.030+0000] {processor.py:925} INFO - DAG(s) 'dag_bronze_departments' retrieved from /opt/airflow/dags/dag_bronze_departments.py
[2026-05-20T00:04:24.062+0000] {logging_mixin.py:190} INFO - [2026-05-20T00:04:24.062+0000] {dag.py:3239} INFO - Sync 1 DAGs
[2026-05-20T00:04:24.077+0000] {logging_mixin.py:190} INFO - [2026-05-20T00:04:24.077+0000] {dag.py:4180} INFO - Setting next_dagrun for dag_bronze_departments to None, run_after=None
[2026-05-20T00:04:24.103+0000] {processor.py:208} INFO - Processing /opt/airflow/dags/dag_bronze_departments.py took 0.090 seconds
[2026-05-20T00:04:54.254+0000] {processor.py:186} INFO - Started process (PID=71977) to work on /opt/airflow/dags/dag_bronze_departments.py
[2026-05-20T00:04:54.255+0000] {processor.py:914} INFO - Processing file /opt/airflow/dags/dag_bronze_departments.py for tasks to queue
[2026-05-20T00:04:54.257+0000] {logging_mixin.py:190} INFO - [2026-05-20T00:04:54.257+0000] {dagbag.py:588} INFO - Filling up the DagBag from /opt/airflow/dags/dag_bronze_departments.py
[2026-05-20T00:04:54.268+0000] {processor.py:925} INFO - DAG(s) 'dag_bronze_departments' retrieved from /opt/airflow/dags/dag_bronze_departments.py
[2026-05-20T00:04:54.307+0000] {logging_mixin.py:190} INFO - [2026-05-20T00:04:54.307+0000] {dag.py:3239} INFO - Sync 1 DAGs
[2026-05-20T00:04:54.326+0000] {logging_mixin.py:190} INFO - [2026-05-20T00:04:54.325+0000] {dag.py:4180} INFO - Setting next_dagrun for dag_bronze_departments to None, run_after=None
[2026-05-20T00:04:54.348+0000] {processor.py:208} INFO - Processing /opt/airflow/dags/dag_bronze_departments.py took 0.100 seconds
[2026-05-20T00:05:24.692+0000] {processor.py:186} INFO - Started process (PID=72039) to work on /opt/airflow/dags/dag_bronze_departments.py
[2026-05-20T00:05:24.693+0000] {processor.py:914} INFO - Processing file /opt/airflow/dags/dag_bronze_departments.py for tasks to queue
[2026-05-20T00:05:24.695+0000] {logging_mixin.py:190} INFO - [2026-05-20T00:05:24.695+0000] {dagbag.py:588} INFO - Filling up the DagBag from /opt/airflow/dags/dag_bronze_departments.py
[2026-05-20T00:05:24.704+0000] {processor.py:925} INFO - DAG(s) 'dag_bronze_departments' retrieved from /opt/airflow/dags/dag_bronze_departments.py
[2026-05-20T00:05:24.742+0000] {logging_mixin.py:190} INFO - [2026-05-20T00:05:24.741+0000] {dag.py:3239} INFO - Sync 1 DAGs
[2026-05-20T00:05:24.758+0000] {logging_mixin.py:190} INFO - [2026-05-20T00:05:24.757+0000] {dag.py:4180} INFO - Setting next_dagrun for dag_bronze_departments to None, run_after=None
[2026-05-20T00:05:24.786+0000] {processor.py:208} INFO - Processing /opt/airflow/dags/dag_bronze_departments.py took 0.100 seconds
[2026-05-20T00:05:55.104+0000] {processor.py:186} INFO - Started process (PID=72097) to work on /opt/airflow/dags/dag_bronze_departments.py
[2026-05-20T00:05:55.111+0000] {processor.py:914} INFO - Processing file /opt/airflow/dags/dag_bronze_departments.py for tasks to queue
[2026-05-20T00:05:55.114+0000] {logging_mixin.py:190} INFO - [2026-05-20T00:05:55.114+0000] {dagbag.py:588} INFO - Filling up the DagBag from /opt/airflow/dags/dag_bronze_departments.py
[2026-05-20T00:05:55.123+0000] {processor.py:925} INFO - DAG(s) 'dag_bronze_departments' retrieved from /opt/airflow/dags/dag_bronze_departments.py
[2026-05-20T00:05:55.172+0000] {logging_mixin.py:190} INFO - [2026-05-20T00:05:55.171+0000] {dag.py:3239} INFO - Sync 1 DAGs
[2026-05-20T00:05:55.191+0000] {logging_mixin.py:190} INFO - [2026-05-20T00:05:55.191+0000] {dag.py:4180} INFO - Setting next_dagrun for dag_bronze_departments to None, run_after=None
[2026-05-20T00:05:55.213+0000] {processor.py:208} INFO - Processing /opt/airflow/dags/dag_bronze_departments.py took 0.127 seconds
[2026-05-20T00:06:25.701+0000] {processor.py:186} INFO - Started process (PID=72159) to work on /opt/airflow/dags/dag_bronze_departments.py
[2026-05-20T00:06:25.710+0000] {processor.py:914} INFO - Processing file /opt/airflow/dags/dag_bronze_departments.py for tasks to queue
[2026-05-20T00:06:25.713+0000] {logging_mixin.py:190} INFO - [2026-05-20T00:06:25.712+0000] {dagbag.py:588} INFO - Filling up the DagBag from /opt/airflow/dags/dag_bronze_departments.py
[2026-05-20T00:06:25.730+0000] {processor.py:925} INFO - DAG(s) 'dag_bronze_departments' retrieved from /opt/airflow/dags/dag_bronze_departments.py
[2026-05-20T00:06:25.766+0000] {logging_mixin.py:190} INFO - [2026-05-20T00:06:25.765+0000] {dag.py:3239} INFO - Sync 1 DAGs
[2026-05-20T00:06:25.782+0000] {logging_mixin.py:190} INFO - [2026-05-20T00:06:25.782+0000] {dag.py:4180} INFO - Setting next_dagrun for dag_bronze_departments to None, run_after=None
[2026-05-20T00:06:25.806+0000] {processor.py:208} INFO - Processing /opt/airflow/dags/dag_bronze_departments.py took 0.115 seconds
[2026-05-20T00:06:56.046+0000] {processor.py:186} INFO - Started process (PID=72217) to work on /opt/airflow/dags/dag_bronze_departments.py
[2026-05-20T00:06:56.047+0000] {processor.py:914} INFO - Processing file /opt/airflow/dags/dag_bronze_departments.py for tasks to queue
[2026-05-20T00:06:56.049+0000] {logging_mixin.py:190} INFO - [2026-05-20T00:06:56.049+0000] {dagbag.py:588} INFO - Filling up the DagBag from /opt/airflow/dags/dag_bronze_departments.py
[2026-05-20T00:06:56.057+0000] {processor.py:925} INFO - DAG(s) 'dag_bronze_departments' retrieved from /opt/airflow/dags/dag_bronze_departments.py
[2026-05-20T00:06:56.094+0000] {logging_mixin.py:190} INFO - [2026-05-20T00:06:56.094+0000] {dag.py:3239} INFO - Sync 1 DAGs
[2026-05-20T00:06:56.118+0000] {logging_mixin.py:190} INFO - [2026-05-20T00:06:56.118+0000] {dag.py:4180} INFO - Setting next_dagrun for dag_bronze_departments to None, run_after=None
[2026-05-20T00:06:56.147+0000] {processor.py:208} INFO - Processing /opt/airflow/dags/dag_bronze_departments.py took 0.109 seconds
[2026-05-20T00:07:26.271+0000] {processor.py:186} INFO - Started process (PID=72277) to work on /opt/airflow/dags/dag_bronze_departments.py
[2026-05-20T00:07:26.272+0000] {processor.py:914} INFO - Processing file /opt/airflow/dags/dag_bronze_departments.py for tasks to queue
[2026-05-20T00:07:26.274+0000] {logging_mixin.py:190} INFO - [2026-05-20T00:07:26.273+0000] {dagbag.py:588} INFO - Filling up the DagBag from /opt/airflow/dags/dag_bronze_departments.py
[2026-05-20T00:07:26.282+0000] {processor.py:925} INFO - DAG(s) 'dag_bronze_departments' retrieved from /opt/airflow/dags/dag_bronze_departments.py
[2026-05-20T00:07:26.322+0000] {logging_mixin.py:190} INFO - [2026-05-20T00:07:26.322+0000] {dag.py:3239} INFO - Sync 1 DAGs
[2026-05-20T00:07:26.339+0000] {logging_mixin.py:190} INFO - [2026-05-20T00:07:26.339+0000] {dag.py:4180} INFO - Setting next_dagrun for dag_bronze_departments to None, run_after=None
[2026-05-20T00:07:26.362+0000] {processor.py:208} INFO - Processing /opt/airflow/dags/dag_bronze_departments.py took 0.100 seconds
[2026-05-20T00:07:56.618+0000] {processor.py:186} INFO - Started process (PID=72337) to work on /opt/airflow/dags/dag_bronze_departments.py
[2026-05-20T00:07:56.619+0000] {processor.py:914} INFO - Processing file /opt/airflow/dags/dag_bronze_departments.py for tasks to queue
[2026-05-20T00:07:56.623+0000] {logging_mixin.py:190} INFO - [2026-05-20T00:07:56.623+0000] {dagbag.py:588} INFO - Filling up the DagBag from /opt/airflow/dags/dag_bronze_departments.py
[2026-05-20T00:07:56.632+0000] {processor.py:925} INFO - DAG(s) 'dag_bronze_departments' retrieved from /opt/airflow/dags/dag_bronze_departments.py
[2026-05-20T00:07:56.682+0000] {logging_mixin.py:190} INFO - [2026-05-20T00:07:56.682+0000] {dag.py:3239} INFO - Sync 1 DAGs
[2026-05-20T00:07:56.703+0000] {logging_mixin.py:190} INFO - [2026-05-20T00:07:56.703+0000] {dag.py:4180} INFO - Setting next_dagrun for dag_bronze_departments to None, run_after=None
[2026-05-20T00:07:56.729+0000] {processor.py:208} INFO - Processing /opt/airflow/dags/dag_bronze_departments.py took 0.121 seconds
[2026-05-20T00:08:27.109+0000] {processor.py:186} INFO - Started process (PID=72397) to work on /opt/airflow/dags/dag_bronze_departments.py
[2026-05-20T00:08:27.110+0000] {processor.py:914} INFO - Processing file /opt/airflow/dags/dag_bronze_departments.py for tasks to queue
[2026-05-20T00:08:27.112+0000] {logging_mixin.py:190} INFO - [2026-05-20T00:08:27.112+0000] {dagbag.py:588} INFO - Filling up the DagBag from /opt/airflow/dags/dag_bronze_departments.py
[2026-05-20T00:08:27.132+0000] {processor.py:925} INFO - DAG(s) 'dag_bronze_departments' retrieved from /opt/airflow/dags/dag_bronze_departments.py
[2026-05-20T00:08:27.168+0000] {logging_mixin.py:190} INFO - [2026-05-20T00:08:27.168+0000] {dag.py:3239} INFO - Sync 1 DAGs
[2026-05-20T00:08:27.186+0000] {logging_mixin.py:190} INFO - [2026-05-20T00:08:27.186+0000] {dag.py:4180} INFO - Setting next_dagrun for dag_bronze_departments to None, run_after=None
[2026-05-20T00:08:27.216+0000] {processor.py:208} INFO - Processing /opt/airflow/dags/dag_bronze_departments.py took 0.116 seconds
[2026-05-20T00:08:57.877+0000] {processor.py:186} INFO - Started process (PID=72459) to work on /opt/airflow/dags/dag_bronze_departments.py
[2026-05-20T00:08:57.889+0000] {processor.py:914} INFO - Processing file /opt/airflow/dags/dag_bronze_departments.py for tasks to queue
[2026-05-20T00:08:57.891+0000] {logging_mixin.py:190} INFO - [2026-05-20T00:08:57.891+0000] {dagbag.py:588} INFO - Filling up the DagBag from /opt/airflow/dags/dag_bronze_departments.py
[2026-05-20T00:08:57.900+0000] {processor.py:925} INFO - DAG(s) 'dag_bronze_departments' retrieved from /opt/airflow/dags/dag_bronze_departments.py
[2026-05-20T00:08:57.935+0000] {logging_mixin.py:190} INFO - [2026-05-20T00:08:57.935+0000] {dag.py:3239} INFO - Sync 1 DAGs
[2026-05-20T00:08:57.952+0000] {logging_mixin.py:190} INFO - [2026-05-20T00:08:57.952+0000] {dag.py:4180} INFO - Setting next_dagrun for dag_bronze_departments to None, run_after=None
[2026-05-20T00:08:57.972+0000] {processor.py:208} INFO - Processing /opt/airflow/dags/dag_bronze_departments.py took 0.103 seconds
[2026-05-20T00:09:28.392+0000] {processor.py:186} INFO - Started process (PID=72519) to work on /opt/airflow/dags/dag_bronze_departments.py
[2026-05-20T00:09:28.393+0000] {processor.py:914} INFO - Processing file /opt/airflow/dags/dag_bronze_departments.py for tasks to queue
[2026-05-20T00:09:28.396+0000] {logging_mixin.py:190} INFO - [2026-05-20T00:09:28.396+0000] {dagbag.py:588} INFO - Filling up the DagBag from /opt/airflow/dags/dag_bronze_departments.py
[2026-05-20T00:09:28.405+0000] {processor.py:925} INFO - DAG(s) 'dag_bronze_departments' retrieved from /opt/airflow/dags/dag_bronze_departments.py
[2026-05-20T00:09:28.440+0000] {logging_mixin.py:190} INFO - [2026-05-20T00:09:28.440+0000] {dag.py:3239} INFO - Sync 1 DAGs
[2026-05-20T00:09:28.456+0000] {logging_mixin.py:190} INFO - [2026-05-20T00:09:28.456+0000] {dag.py:4180} INFO - Setting next_dagrun for dag_bronze_departments to None, run_after=None
[2026-05-20T00:09:28.532+0000] {processor.py:208} INFO - Processing /opt/airflow/dags/dag_bronze_departments.py took 0.147 seconds
[2026-05-20T00:09:58.914+0000] {processor.py:186} INFO - Started process (PID=72579) to work on /opt/airflow/dags/dag_bronze_departments.py
[2026-05-20T00:09:58.915+0000] {processor.py:914} INFO - Processing file /opt/airflow/dags/dag_bronze_departments.py for tasks to queue
[2026-05-20T00:09:58.917+0000] {logging_mixin.py:190} INFO - [2026-05-20T00:09:58.917+0000] {dagbag.py:588} INFO - Filling up the DagBag from /opt/airflow/dags/dag_bronze_departments.py
[2026-05-20T00:09:58.925+0000] {processor.py:925} INFO - DAG(s) 'dag_bronze_departments' retrieved from /opt/airflow/dags/dag_bronze_departments.py
[2026-05-20T00:09:58.956+0000] {logging_mixin.py:190} INFO - [2026-05-20T00:09:58.956+0000] {dag.py:3239} INFO - Sync 1 DAGs
[2026-05-20T00:09:58.972+0000] {logging_mixin.py:190} INFO - [2026-05-20T00:09:58.971+0000] {dag.py:4180} INFO - Setting next_dagrun for dag_bronze_departments to None, run_after=None
[2026-05-20T00:09:59.022+0000] {processor.py:208} INFO - Processing /opt/airflow/dags/dag_bronze_departments.py took 0.116 seconds
[2026-05-20T00:10:29.645+0000] {processor.py:186} INFO - Started process (PID=72639) to work on /opt/airflow/dags/dag_bronze_departments.py
[2026-05-20T00:10:29.646+0000] {processor.py:914} INFO - Processing file /opt/airflow/dags/dag_bronze_departments.py for tasks to queue
[2026-05-20T00:10:29.650+0000] {logging_mixin.py:190} INFO - [2026-05-20T00:10:29.648+0000] {dagbag.py:588} INFO - Filling up the DagBag from /opt/airflow/dags/dag_bronze_departments.py
[2026-05-20T00:10:29.659+0000] {processor.py:925} INFO - DAG(s) 'dag_bronze_departments' retrieved from /opt/airflow/dags/dag_bronze_departments.py
[2026-05-20T00:10:29.695+0000] {logging_mixin.py:190} INFO - [2026-05-20T00:10:29.695+0000] {dag.py:3239} INFO - Sync 1 DAGs
[2026-05-20T00:10:29.712+0000] {logging_mixin.py:190} INFO - [2026-05-20T00:10:29.712+0000] {dag.py:4180} INFO - Setting next_dagrun for dag_bronze_departments to None, run_after=None
[2026-05-20T00:10:29.766+0000] {processor.py:208} INFO - Processing /opt/airflow/dags/dag_bronze_departments.py took 0.128 seconds
[2026-05-20T00:11:00.313+0000] {processor.py:186} INFO - Started process (PID=72699) to work on /opt/airflow/dags/dag_bronze_departments.py
[2026-05-20T00:11:00.314+0000] {processor.py:914} INFO - Processing file /opt/airflow/dags/dag_bronze_departments.py for tasks to queue
[2026-05-20T00:11:00.316+0000] {logging_mixin.py:190} INFO - [2026-05-20T00:11:00.316+0000] {dagbag.py:588} INFO - Filling up the DagBag from /opt/airflow/dags/dag_bronze_departments.py
[2026-05-20T00:11:00.325+0000] {processor.py:925} INFO - DAG(s) 'dag_bronze_departments' retrieved from /opt/airflow/dags/dag_bronze_departments.py
[2026-05-20T00:11:00.365+0000] {logging_mixin.py:190} INFO - [2026-05-20T00:11:00.365+0000] {dag.py:3239} INFO - Sync 1 DAGs
[2026-05-20T00:11:00.382+0000] {logging_mixin.py:190} INFO - [2026-05-20T00:11:00.382+0000] {dag.py:4180} INFO - Setting next_dagrun for dag_bronze_departments to None, run_after=None
[2026-05-20T00:11:00.435+0000] {processor.py:208} INFO - Processing /opt/airflow/dags/dag_bronze_departments.py took 0.130 seconds
[2026-05-20T00:11:30.581+0000] {processor.py:186} INFO - Started process (PID=72757) to work on /opt/airflow/dags/dag_bronze_departments.py
[2026-05-20T00:11:30.582+0000] {processor.py:914} INFO - Processing file /opt/airflow/dags/dag_bronze_departments.py for tasks to queue
[2026-05-20T00:11:30.585+0000] {logging_mixin.py:190} INFO - [2026-05-20T00:11:30.584+0000] {dagbag.py:588} INFO - Filling up the DagBag from /opt/airflow/dags/dag_bronze_departments.py
[2026-05-20T00:11:30.592+0000] {processor.py:925} INFO - DAG(s) 'dag_bronze_departments' retrieved from /opt/airflow/dags/dag_bronze_departments.py
[2026-05-20T00:11:30.625+0000] {logging_mixin.py:190} INFO - [2026-05-20T00:11:30.625+0000] {dag.py:3239} INFO - Sync 1 DAGs
[2026-05-20T00:11:30.644+0000] {logging_mixin.py:190} INFO - [2026-05-20T00:11:30.644+0000] {dag.py:4180} INFO - Setting next_dagrun for dag_bronze_departments to None, run_after=None
[2026-05-20T00:11:30.667+0000] {processor.py:208} INFO - Processing /opt/airflow/dags/dag_bronze_departments.py took 0.093 seconds
[2026-05-20T00:12:00.976+0000] {processor.py:186} INFO - Started process (PID=72817) to work on /opt/airflow/dags/dag_bronze_departments.py
[2026-05-20T00:12:00.983+0000] {processor.py:914} INFO - Processing file /opt/airflow/dags/dag_bronze_departments.py for tasks to queue
[2026-05-20T00:12:00.985+0000] {logging_mixin.py:190} INFO - [2026-05-20T00:12:00.985+0000] {dagbag.py:588} INFO - Filling up the DagBag from /opt/airflow/dags/dag_bronze_departments.py
[2026-05-20T00:12:00.994+0000] {processor.py:925} INFO - DAG(s) 'dag_bronze_departments' retrieved from /opt/airflow/dags/dag_bronze_departments.py
[2026-05-20T00:12:01.046+0000] {logging_mixin.py:190} INFO - [2026-05-20T00:12:01.046+0000] {dag.py:3239} INFO - Sync 1 DAGs
[2026-05-20T00:12:01.070+0000] {logging_mixin.py:190} INFO - [2026-05-20T00:12:01.070+0000] {dag.py:4180} INFO - Setting next_dagrun for dag_bronze_departments to None, run_after=None
[2026-05-20T00:12:01.106+0000] {processor.py:208} INFO - Processing /opt/airflow/dags/dag_bronze_departments.py took 0.138 seconds
[2026-05-20T00:12:31.831+0000] {processor.py:186} INFO - Started process (PID=72879) to work on /opt/airflow/dags/dag_bronze_departments.py
[2026-05-20T00:12:31.920+0000] {processor.py:914} INFO - Processing file /opt/airflow/dags/dag_bronze_departments.py for tasks to queue
[2026-05-20T00:12:31.924+0000] {logging_mixin.py:190} INFO - [2026-05-20T00:12:31.923+0000] {dagbag.py:588} INFO - Filling up the DagBag from /opt/airflow/dags/dag_bronze_departments.py
[2026-05-20T00:12:31.940+0000] {processor.py:925} INFO - DAG(s) 'dag_bronze_departments' retrieved from /opt/airflow/dags/dag_bronze_departments.py
[2026-05-20T00:12:32.005+0000] {logging_mixin.py:190} INFO - [2026-05-20T00:12:32.004+0000] {dag.py:3239} INFO - Sync 1 DAGs
[2026-05-20T00:12:32.036+0000] {logging_mixin.py:190} INFO - [2026-05-20T00:12:32.036+0000] {dag.py:4180} INFO - Setting next_dagrun for dag_bronze_departments to None, run_after=None
[2026-05-20T00:12:32.159+0000] {processor.py:208} INFO - Processing /opt/airflow/dags/dag_bronze_departments.py took 0.337 seconds
[2026-05-20T00:13:02.905+0000] {processor.py:186} INFO - Started process (PID=72937) to work on /opt/airflow/dags/dag_bronze_departments.py
[2026-05-20T00:13:02.985+0000] {processor.py:914} INFO - Processing file /opt/airflow/dags/dag_bronze_departments.py for tasks to queue
[2026-05-20T00:13:02.990+0000] {logging_mixin.py:190} INFO - [2026-05-20T00:13:02.989+0000] {dagbag.py:588} INFO - Filling up the DagBag from /opt/airflow/dags/dag_bronze_departments.py
[2026-05-20T00:13:03.006+0000] {processor.py:925} INFO - DAG(s) 'dag_bronze_departments' retrieved from /opt/airflow/dags/dag_bronze_departments.py
[2026-05-20T00:13:03.063+0000] {logging_mixin.py:190} INFO - [2026-05-20T00:13:03.063+0000] {dag.py:3239} INFO - Sync 1 DAGs
[2026-05-20T00:13:03.097+0000] {logging_mixin.py:190} INFO - [2026-05-20T00:13:03.097+0000] {dag.py:4180} INFO - Setting next_dagrun for dag_bronze_departments to None, run_after=None
[2026-05-20T00:13:03.227+0000] {processor.py:208} INFO - Processing /opt/airflow/dags/dag_bronze_departments.py took 0.335 seconds
[2026-05-20T00:13:33.648+0000] {processor.py:186} INFO - Started process (PID=72997) to work on /opt/airflow/dags/dag_bronze_departments.py
[2026-05-20T00:13:33.736+0000] {processor.py:914} INFO - Processing file /opt/airflow/dags/dag_bronze_departments.py for tasks to queue
[2026-05-20T00:13:33.740+0000] {logging_mixin.py:190} INFO - [2026-05-20T00:13:33.739+0000] {dagbag.py:588} INFO - Filling up the DagBag from /opt/airflow/dags/dag_bronze_departments.py
[2026-05-20T00:13:33.755+0000] {processor.py:925} INFO - DAG(s) 'dag_bronze_departments' retrieved from /opt/airflow/dags/dag_bronze_departments.py
[2026-05-20T00:13:33.808+0000] {logging_mixin.py:190} INFO - [2026-05-20T00:13:33.807+0000] {dag.py:3239} INFO - Sync 1 DAGs
[2026-05-20T00:13:33.837+0000] {logging_mixin.py:190} INFO - [2026-05-20T00:13:33.837+0000] {dag.py:4180} INFO - Setting next_dagrun for dag_bronze_departments to None, run_after=None
[2026-05-20T00:13:33.958+0000] {processor.py:208} INFO - Processing /opt/airflow/dags/dag_bronze_departments.py took 0.322 seconds
[2026-05-20T00:14:04.424+0000] {processor.py:186} INFO - Started process (PID=73057) to work on /opt/airflow/dags/dag_bronze_departments.py
[2026-05-20T00:14:04.426+0000] {processor.py:914} INFO - Processing file /opt/airflow/dags/dag_bronze_departments.py for tasks to queue
[2026-05-20T00:14:04.428+0000] {logging_mixin.py:190} INFO - [2026-05-20T00:14:04.427+0000] {dagbag.py:588} INFO - Filling up the DagBag from /opt/airflow/dags/dag_bronze_departments.py
[2026-05-20T00:14:04.438+0000] {processor.py:925} INFO - DAG(s) 'dag_bronze_departments' retrieved from /opt/airflow/dags/dag_bronze_departments.py
[2026-05-20T00:14:04.488+0000] {logging_mixin.py:190} INFO - [2026-05-20T00:14:04.487+0000] {dag.py:3239} INFO - Sync 1 DAGs
[2026-05-20T00:14:04.504+0000] {logging_mixin.py:190} INFO - [2026-05-20T00:14:04.503+0000] {dag.py:4180} INFO - Setting next_dagrun for dag_bronze_departments to None, run_after=None
[2026-05-20T00:14:04.540+0000] {processor.py:208} INFO - Processing /opt/airflow/dags/dag_bronze_departments.py took 0.122 seconds
[2026-05-20T00:14:34.804+0000] {processor.py:186} INFO - Started process (PID=73117) to work on /opt/airflow/dags/dag_bronze_departments.py
[2026-05-20T00:14:35.128+0000] {processor.py:914} INFO - Processing file /opt/airflow/dags/dag_bronze_departments.py for tasks to queue
[2026-05-20T00:14:35.135+0000] {logging_mixin.py:190} INFO - [2026-05-20T00:14:35.133+0000] {dagbag.py:588} INFO - Filling up the DagBag from /opt/airflow/dags/dag_bronze_departments.py
[2026-05-20T00:14:35.153+0000] {processor.py:925} INFO - DAG(s) 'dag_bronze_departments' retrieved from /opt/airflow/dags/dag_bronze_departments.py
[2026-05-20T00:14:35.216+0000] {logging_mixin.py:190} INFO - [2026-05-20T00:14:35.215+0000] {dag.py:3239} INFO - Sync 1 DAGs
[2026-05-20T00:14:35.235+0000] {logging_mixin.py:190} INFO - [2026-05-20T00:14:35.234+0000] {dag.py:4180} INFO - Setting next_dagrun for dag_bronze_departments to None, run_after=None
[2026-05-20T00:14:35.260+0000] {processor.py:208} INFO - Processing /opt/airflow/dags/dag_bronze_departments.py took 0.465 seconds
[2026-05-20T00:15:05.509+0000] {processor.py:186} INFO - Started process (PID=73177) to work on /opt/airflow/dags/dag_bronze_departments.py
[2026-05-20T00:15:05.510+0000] {processor.py:914} INFO - Processing file /opt/airflow/dags/dag_bronze_departments.py for tasks to queue
[2026-05-20T00:15:05.512+0000] {logging_mixin.py:190} INFO - [2026-05-20T00:15:05.512+0000] {dagbag.py:588} INFO - Filling up the DagBag from /opt/airflow/dags/dag_bronze_departments.py
[2026-05-20T00:15:05.522+0000] {processor.py:925} INFO - DAG(s) 'dag_bronze_departments' retrieved from /opt/airflow/dags/dag_bronze_departments.py
[2026-05-20T00:15:05.569+0000] {logging_mixin.py:190} INFO - [2026-05-20T00:15:05.569+0000] {dag.py:3239} INFO - Sync 1 DAGs
[2026-05-20T00:15:05.589+0000] {logging_mixin.py:190} INFO - [2026-05-20T00:15:05.589+0000] {dag.py:4180} INFO - Setting next_dagrun for dag_bronze_departments to None, run_after=None
[2026-05-20T00:15:05.621+0000] {processor.py:208} INFO - Processing /opt/airflow/dags/dag_bronze_departments.py took 0.121 seconds
[2026-05-20T00:15:35.914+0000] {processor.py:186} INFO - Started process (PID=73237) to work on /opt/airflow/dags/dag_bronze_departments.py
[2026-05-20T00:15:35.915+0000] {processor.py:914} INFO - Processing file /opt/airflow/dags/dag_bronze_departments.py for tasks to queue
[2026-05-20T00:15:35.918+0000] {logging_mixin.py:190} INFO - [2026-05-20T00:15:35.918+0000] {dagbag.py:588} INFO - Filling up the DagBag from /opt/airflow/dags/dag_bronze_departments.py
[2026-05-20T00:15:35.926+0000] {processor.py:925} INFO - DAG(s) 'dag_bronze_departments' retrieved from /opt/airflow/dags/dag_bronze_departments.py
[2026-05-20T00:15:35.964+0000] {logging_mixin.py:190} INFO - [2026-05-20T00:15:35.964+0000] {dag.py:3239} INFO - Sync 1 DAGs
[2026-05-20T00:15:35.982+0000] {logging_mixin.py:190} INFO - [2026-05-20T00:15:35.982+0000] {dag.py:4180} INFO - Setting next_dagrun for dag_bronze_departments to None, run_after=None
[2026-05-20T00:15:36.020+0000] {processor.py:208} INFO - Processing /opt/airflow/dags/dag_bronze_departments.py took 0.113 seconds
[2026-05-20T00:16:06.309+0000] {processor.py:186} INFO - Started process (PID=73297) to work on /opt/airflow/dags/dag_bronze_departments.py
[2026-05-20T00:16:06.310+0000] {processor.py:914} INFO - Processing file /opt/airflow/dags/dag_bronze_departments.py for tasks to queue
[2026-05-20T00:16:06.312+0000] {logging_mixin.py:190} INFO - [2026-05-20T00:16:06.312+0000] {dagbag.py:588} INFO - Filling up the DagBag from /opt/airflow/dags/dag_bronze_departments.py
[2026-05-20T00:16:06.322+0000] {processor.py:925} INFO - DAG(s) 'dag_bronze_departments' retrieved from /opt/airflow/dags/dag_bronze_departments.py
[2026-05-20T00:16:06.363+0000] {logging_mixin.py:190} INFO - [2026-05-20T00:16:06.362+0000] {dag.py:3239} INFO - Sync 1 DAGs
[2026-05-20T00:16:06.383+0000] {logging_mixin.py:190} INFO - [2026-05-20T00:16:06.382+0000] {dag.py:4180} INFO - Setting next_dagrun for dag_bronze_departments to None, run_after=None
[2026-05-20T00:16:06.415+0000] {processor.py:208} INFO - Processing /opt/airflow/dags/dag_bronze_departments.py took 0.116 seconds
[2026-05-20T00:16:36.587+0000] {processor.py:186} INFO - Started process (PID=73357) to work on /opt/airflow/dags/dag_bronze_departments.py
[2026-05-20T00:16:36.587+0000] {processor.py:914} INFO - Processing file /opt/airflow/dags/dag_bronze_departments.py for tasks to queue
[2026-05-20T00:16:36.594+0000] {logging_mixin.py:190} INFO - [2026-05-20T00:16:36.594+0000] {dagbag.py:588} INFO - Filling up the DagBag from /opt/airflow/dags/dag_bronze_departments.py
[2026-05-20T00:16:36.602+0000] {processor.py:925} INFO - DAG(s) 'dag_bronze_departments' retrieved from /opt/airflow/dags/dag_bronze_departments.py
[2026-05-20T00:16:36.647+0000] {logging_mixin.py:190} INFO - [2026-05-20T00:16:36.646+0000] {dag.py:3239} INFO - Sync 1 DAGs
[2026-05-20T00:16:36.663+0000] {logging_mixin.py:190} INFO - [2026-05-20T00:16:36.663+0000] {dag.py:4180} INFO - Setting next_dagrun for dag_bronze_departments to None, run_after=None
[2026-05-20T00:16:36.705+0000] {processor.py:208} INFO - Processing /opt/airflow/dags/dag_bronze_departments.py took 0.124 seconds
[2026-05-20T00:17:07.001+0000] {processor.py:186} INFO - Started process (PID=73417) to work on /opt/airflow/dags/dag_bronze_departments.py
[2026-05-20T00:17:07.001+0000] {processor.py:914} INFO - Processing file /opt/airflow/dags/dag_bronze_departments.py for tasks to queue
[2026-05-20T00:17:07.003+0000] {logging_mixin.py:190} INFO - [2026-05-20T00:17:07.003+0000] {dagbag.py:588} INFO - Filling up the DagBag from /opt/airflow/dags/dag_bronze_departments.py
[2026-05-20T00:17:07.010+0000] {processor.py:925} INFO - DAG(s) 'dag_bronze_departments' retrieved from /opt/airflow/dags/dag_bronze_departments.py
[2026-05-20T00:17:07.042+0000] {logging_mixin.py:190} INFO - [2026-05-20T00:17:07.042+0000] {dag.py:3239} INFO - Sync 1 DAGs
[2026-05-20T00:17:07.057+0000] {logging_mixin.py:190} INFO - [2026-05-20T00:17:07.057+0000] {dag.py:4180} INFO - Setting next_dagrun for dag_bronze_departments to None, run_after=None
[2026-05-20T00:17:07.079+0000] {processor.py:208} INFO - Processing /opt/airflow/dags/dag_bronze_departments.py took 0.086 seconds
