[2026-05-31T15:27:31.781+0000] {local_task_job_runner.py:123} INFO - ::group::Pre task execution logs
[2026-05-31T15:27:31.808+0000] {taskinstance.py:2614} INFO - Dependencies all met for dep_context=non-requeueable deps ti=<TaskInstance: dag_bronze_order_products_prior.run_bronze_order_products_prior manual__2026-05-31T15:27:28.141425+00:00 [queued]>
[2026-05-31T15:27:31.818+0000] {taskinstance.py:2614} INFO - Dependencies all met for dep_context=requeueable deps ti=<TaskInstance: dag_bronze_order_products_prior.run_bronze_order_products_prior manual__2026-05-31T15:27:28.141425+00:00 [queued]>
[2026-05-31T15:27:31.818+0000] {taskinstance.py:2867} INFO - Starting attempt 1 of 1
[2026-05-31T15:27:31.857+0000] {taskinstance.py:2890} INFO - Executing <Task(BashOperator): run_bronze_order_products_prior> on 2026-05-31 15:27:28.141425+00:00
[2026-05-31T15:27:31.867+0000] {standard_task_runner.py:104} INFO - Running: ['***', 'tasks', 'run', 'dag_bronze_order_products_prior', 'run_bronze_order_products_prior', 'manual__2026-05-31T15:27:28.141425+00:00', '--job-id', '134', '--raw', '--subdir', 'DAGS_FOLDER/dag_bronze_order_products_prior.py', '--cfg-path', '/tmp/tmpf5v8yd6y']
[2026-05-31T15:27:31.870+0000] {standard_task_runner.py:105} INFO - Job 134: Subtask run_bronze_order_products_prior
[2026-05-31T15:27:31.870+0000] {logging_mixin.py:190} WARNING - /home/***/.local/lib/python3.12/site-packages/***/task/task_runner/standard_task_runner.py:70 DeprecationWarning: This process (pid=601) is multi-threaded, use of fork() may lead to deadlocks in the child.
[2026-05-31T15:27:31.870+0000] {standard_task_runner.py:72} INFO - Started process 602 to run task
[2026-05-31T15:27:31.931+0000] {task_command.py:467} INFO - Running <TaskInstance: dag_bronze_order_products_prior.run_bronze_order_products_prior manual__2026-05-31T15:27:28.141425+00:00 [running]> on host 71f672a92783
[2026-05-31T15:27:32.029+0000] {taskinstance.py:3134} INFO - Exporting env vars: AIRFLOW_CTX_DAG_OWNER='***' AIRFLOW_CTX_DAG_ID='dag_bronze_order_products_prior' AIRFLOW_CTX_TASK_ID='run_bronze_order_products_prior' AIRFLOW_CTX_EXECUTION_DATE='2026-05-31T15:27:28.141425+00:00' AIRFLOW_CTX_TRY_NUMBER='1' AIRFLOW_CTX_DAG_RUN_ID='manual__2026-05-31T15:27:28.141425+00:00'
[2026-05-31T15:27:32.030+0000] {taskinstance.py:732} INFO - ::endgroup::
[2026-05-31T15:27:32.045+0000] {subprocess.py:78} INFO - Tmp dir root location: /tmp
[2026-05-31T15:27:32.046+0000] {subprocess.py:88} INFO - Running command: ['/usr/bin/bash', '-c', 'docker exec retail_lakehouse_spark /opt/spark/bin/spark-submit --master local[*] /opt/spark-apps/jobs/bronze/bronze_order_products_prior.py']
[2026-05-31T15:27:32.059+0000] {subprocess.py:99} INFO - Output:
[2026-05-31T15:27:34.880+0000] {subprocess.py:106} INFO - ==================================================
[2026-05-31T15:27:34.881+0000] {subprocess.py:106} INFO - Retail Lakehouse - Bronze de order_products_prior
[2026-05-31T15:27:34.881+0000] {subprocess.py:106} INFO - ==================================================
[2026-05-31T15:27:34.958+0000] {subprocess.py:106} INFO - 26/05/31 15:27:34 INFO SparkContext: Running Spark version 3.5.1
[2026-05-31T15:27:34.960+0000] {subprocess.py:106} INFO - 26/05/31 15:27:34 INFO SparkContext: OS info Linux, 6.17.9-76061709-generic, amd64
[2026-05-31T15:27:34.961+0000] {subprocess.py:106} INFO - 26/05/31 15:27:34 INFO SparkContext: Java version 11.0.22
[2026-05-31T15:27:35.027+0000] {subprocess.py:106} INFO - 26/05/31 15:27:35 WARN NativeCodeLoader: Unable to load native-hadoop library for your platform... using builtin-java classes where applicable
[2026-05-31T15:27:35.134+0000] {subprocess.py:106} INFO - 26/05/31 15:27:35 INFO ResourceUtils: ==============================================================
[2026-05-31T15:27:35.135+0000] {subprocess.py:106} INFO - 26/05/31 15:27:35 INFO ResourceUtils: No custom resources configured for spark.driver.
[2026-05-31T15:27:35.136+0000] {subprocess.py:106} INFO - 26/05/31 15:27:35 INFO ResourceUtils: ==============================================================
[2026-05-31T15:27:35.137+0000] {subprocess.py:106} INFO - 26/05/31 15:27:35 INFO SparkContext: Submitted application: retail-lakehouse-bronze-order-products-prior
[2026-05-31T15:27:35.165+0000] {subprocess.py:106} INFO - 26/05/31 15:27:35 INFO ResourceProfile: Default ResourceProfile created, executor resources: Map(cores -> name: cores, amount: 1, script: , vendor: , memory -> name: memory, amount: 1024, script: , vendor: , offHeap -> name: offHeap, amount: 0, script: , vendor: ), task resources: Map(cpus -> name: cpus, amount: 1.0)
[2026-05-31T15:27:35.179+0000] {subprocess.py:106} INFO - 26/05/31 15:27:35 INFO ResourceProfile: Limiting resource is cpu
[2026-05-31T15:27:35.181+0000] {subprocess.py:106} INFO - 26/05/31 15:27:35 INFO ResourceProfileManager: Added ResourceProfile id: 0
[2026-05-31T15:27:35.247+0000] {subprocess.py:106} INFO - 26/05/31 15:27:35 INFO SecurityManager: Changing view acls to: spark
[2026-05-31T15:27:35.248+0000] {subprocess.py:106} INFO - 26/05/31 15:27:35 INFO SecurityManager: Changing modify acls to: spark
[2026-05-31T15:27:35.249+0000] {subprocess.py:106} INFO - 26/05/31 15:27:35 INFO SecurityManager: Changing view acls groups to:
[2026-05-31T15:27:35.250+0000] {subprocess.py:106} INFO - 26/05/31 15:27:35 INFO SecurityManager: Changing modify acls groups to:
[2026-05-31T15:27:35.251+0000] {subprocess.py:106} INFO - 26/05/31 15:27:35 INFO SecurityManager: SecurityManager: authentication disabled; ui acls disabled; users with view permissions: spark; groups with view permissions: EMPTY; users with modify permissions: spark; groups with modify permissions: EMPTY
[2026-05-31T15:27:35.614+0000] {subprocess.py:106} INFO - 26/05/31 15:27:35 INFO Utils: Successfully started service 'sparkDriver' on port 39273.
[2026-05-31T15:27:35.651+0000] {subprocess.py:106} INFO - 26/05/31 15:27:35 INFO SparkEnv: Registering MapOutputTracker
[2026-05-31T15:27:35.704+0000] {subprocess.py:106} INFO - 26/05/31 15:27:35 INFO SparkEnv: Registering BlockManagerMaster
[2026-05-31T15:27:35.732+0000] {subprocess.py:106} INFO - 26/05/31 15:27:35 INFO BlockManagerMasterEndpoint: Using org.apache.spark.storage.DefaultTopologyMapper for getting topology information
[2026-05-31T15:27:35.734+0000] {subprocess.py:106} INFO - 26/05/31 15:27:35 INFO BlockManagerMasterEndpoint: BlockManagerMasterEndpoint up
[2026-05-31T15:27:35.740+0000] {subprocess.py:106} INFO - 26/05/31 15:27:35 INFO SparkEnv: Registering BlockManagerMasterHeartbeat
[2026-05-31T15:27:35.766+0000] {subprocess.py:106} INFO - 26/05/31 15:27:35 INFO DiskBlockManager: Created local directory at /tmp/blockmgr-ad93db5d-0db9-47cd-8876-3eda6d2cf015
[2026-05-31T15:27:35.785+0000] {subprocess.py:106} INFO - 26/05/31 15:27:35 INFO MemoryStore: MemoryStore started with capacity 434.4 MiB
[2026-05-31T15:27:35.810+0000] {subprocess.py:106} INFO - 26/05/31 15:27:35 INFO SparkEnv: Registering OutputCommitCoordinator
[2026-05-31T15:27:35.972+0000] {subprocess.py:106} INFO - 26/05/31 15:27:35 INFO JettyUtils: Start Jetty 0.0.0.0:4040 for SparkUI
[2026-05-31T15:27:36.063+0000] {subprocess.py:106} INFO - 26/05/31 15:27:36 INFO Utils: Successfully started service 'SparkUI' on port 4040.
[2026-05-31T15:27:36.208+0000] {subprocess.py:106} INFO - 26/05/31 15:27:36 INFO Executor: Starting executor ID driver on host 3784657b4992
[2026-05-31T15:27:36.209+0000] {subprocess.py:106} INFO - 26/05/31 15:27:36 INFO Executor: OS info Linux, 6.17.9-76061709-generic, amd64
[2026-05-31T15:27:36.209+0000] {subprocess.py:106} INFO - 26/05/31 15:27:36 INFO Executor: Java version 11.0.22
[2026-05-31T15:27:36.220+0000] {subprocess.py:106} INFO - 26/05/31 15:27:36 INFO Executor: Starting executor with user classpath (userClassPathFirst = false): ''
[2026-05-31T15:27:36.221+0000] {subprocess.py:106} INFO - 26/05/31 15:27:36 INFO Executor: Created or updated repl class loader org.apache.spark.util.MutableURLClassLoader@1e30f483 for default.
[2026-05-31T15:27:36.251+0000] {subprocess.py:106} INFO - 26/05/31 15:27:36 INFO Utils: Successfully started service 'org.apache.spark.network.netty.NettyBlockTransferService' on port 34281.
[2026-05-31T15:27:36.252+0000] {subprocess.py:106} INFO - 26/05/31 15:27:36 INFO NettyBlockTransferService: Server created on 3784657b4992:34281
[2026-05-31T15:27:36.255+0000] {subprocess.py:106} INFO - 26/05/31 15:27:36 INFO BlockManager: Using org.apache.spark.storage.RandomBlockReplicationPolicy for block replication policy
[2026-05-31T15:27:36.262+0000] {subprocess.py:106} INFO - 26/05/31 15:27:36 INFO BlockManagerMaster: Registering BlockManager BlockManagerId(driver, 3784657b4992, 34281, None)
[2026-05-31T15:27:36.267+0000] {subprocess.py:106} INFO - 26/05/31 15:27:36 INFO BlockManagerMasterEndpoint: Registering block manager 3784657b4992:34281 with 434.4 MiB RAM, BlockManagerId(driver, 3784657b4992, 34281, None)
[2026-05-31T15:27:36.270+0000] {subprocess.py:106} INFO - 26/05/31 15:27:36 INFO BlockManagerMaster: Registered BlockManager BlockManagerId(driver, 3784657b4992, 34281, None)
[2026-05-31T15:27:36.273+0000] {subprocess.py:106} INFO - 26/05/31 15:27:36 INFO BlockManager: Initialized BlockManager: BlockManagerId(driver, 3784657b4992, 34281, None)
[2026-05-31T15:27:36.864+0000] {subprocess.py:106} INFO - ==================================================
[2026-05-31T15:27:36.865+0000] {subprocess.py:106} INFO - Leitura da raw de order_products_prior
[2026-05-31T15:27:36.865+0000] {subprocess.py:106} INFO - ==================================================
[2026-05-31T15:27:36.865+0000] {subprocess.py:106} INFO - Arquivo de entrada: /data/raw/instacart/order_products_prior/ingestion_date=2026-04-15/order_products__prior.csv
[2026-05-31T15:27:43.116+0000] {subprocess.py:106} INFO - Schema lido da raw:
[2026-05-31T15:27:43.118+0000] {subprocess.py:106} INFO - root
[2026-05-31T15:27:43.118+0000] {subprocess.py:106} INFO -  |-- order_id: string (nullable = true)
[2026-05-31T15:27:43.119+0000] {subprocess.py:106} INFO -  |-- product_id: string (nullable = true)
[2026-05-31T15:27:43.119+0000] {subprocess.py:106} INFO -  |-- add_to_cart_order: string (nullable = true)
[2026-05-31T15:27:43.119+0000] {subprocess.py:106} INFO -  |-- reordered: string (nullable = true)
[2026-05-31T15:27:43.119+0000] {subprocess.py:106} INFO - 
[2026-05-31T15:27:43.119+0000] {subprocess.py:106} INFO - ==================================================
[2026-05-31T15:27:43.120+0000] {subprocess.py:106} INFO - Transformação Bronze de order_products_prior
[2026-05-31T15:27:43.120+0000] {subprocess.py:106} INFO - ==================================================
[2026-05-31T15:27:43.371+0000] {subprocess.py:106} INFO - Schema após transformação Bronze:
[2026-05-31T15:27:43.374+0000] {subprocess.py:106} INFO - root
[2026-05-31T15:27:43.374+0000] {subprocess.py:106} INFO -  |-- order_id: integer (nullable = true)
[2026-05-31T15:27:43.374+0000] {subprocess.py:106} INFO -  |-- product_id: integer (nullable = true)
[2026-05-31T15:27:43.375+0000] {subprocess.py:106} INFO -  |-- add_to_cart_order: integer (nullable = true)
[2026-05-31T15:27:43.375+0000] {subprocess.py:106} INFO -  |-- reordered: integer (nullable = true)
[2026-05-31T15:27:43.375+0000] {subprocess.py:106} INFO -  |-- source_file_name: string (nullable = false)
[2026-05-31T15:27:43.375+0000] {subprocess.py:106} INFO -  |-- raw_ingestion_date: string (nullable = false)
[2026-05-31T15:27:43.375+0000] {subprocess.py:106} INFO -  |-- bronze_processed_at: timestamp (nullable = false)
[2026-05-31T15:27:43.375+0000] {subprocess.py:106} INFO - 
[2026-05-31T15:27:43.376+0000] {subprocess.py:106} INFO - ==================================================
[2026-05-31T15:27:43.376+0000] {subprocess.py:106} INFO - Escrita da Bronze de order_products_prior
[2026-05-31T15:27:43.376+0000] {subprocess.py:106} INFO - ==================================================
[2026-05-31T15:27:43.376+0000] {subprocess.py:106} INFO - Diretório de saída: /data/bronze/instacart/order_products_prior/ingestion_date=2026-04-15
[2026-05-31T15:28:26.697+0000] {subprocess.py:106} INFO - [OK] Bronze de order_products_prior escrita com sucesso em Parquet.
[2026-05-31T15:28:26.697+0000] {subprocess.py:106} INFO - ==================================================
[2026-05-31T15:28:26.699+0000] {subprocess.py:106} INFO - Resumo da Bronze de order_products_prior
[2026-05-31T15:28:26.699+0000] {subprocess.py:106} INFO - ==================================================
[2026-05-31T15:28:43.766+0000] {subprocess.py:106} INFO - Total de registros: 32434489
[2026-05-31T15:28:43.767+0000] {subprocess.py:106} INFO - Diretório final: /data/bronze/instacart/order_products_prior/ingestion_date=2026-04-15
[2026-05-31T15:28:43.767+0000] {subprocess.py:106} INFO - Prévia dos dados:
[2026-05-31T15:28:44.086+0000] {subprocess.py:106} INFO - +--------+----------+-----------------+---------+---------------------------------------------------------------------------------------------------+------------------+--------------------------+
[2026-05-31T15:28:44.087+0000] {subprocess.py:106} INFO - |order_id|product_id|add_to_cart_order|reordered|source_file_name                                                                                   |raw_ingestion_date|bronze_processed_at       |
[2026-05-31T15:28:44.087+0000] {subprocess.py:106} INFO - +--------+----------+-----------------+---------+---------------------------------------------------------------------------------------------------+------------------+--------------------------+
[2026-05-31T15:28:44.087+0000] {subprocess.py:106} INFO - |2       |33120     |1                |1        |file:///data/raw/instacart/order_products_prior/ingestion_date=2026-04-15/order_products__prior.csv|2026-04-15        |2026-05-31 15:28:43.827109|
[2026-05-31T15:28:44.087+0000] {subprocess.py:106} INFO - |2       |28985     |2                |1        |file:///data/raw/instacart/order_products_prior/ingestion_date=2026-04-15/order_products__prior.csv|2026-04-15        |2026-05-31 15:28:43.827109|
[2026-05-31T15:28:44.088+0000] {subprocess.py:106} INFO - |2       |9327      |3                |0        |file:///data/raw/instacart/order_products_prior/ingestion_date=2026-04-15/order_products__prior.csv|2026-04-15        |2026-05-31 15:28:43.827109|
[2026-05-31T15:28:44.088+0000] {subprocess.py:106} INFO - |2       |45918     |4                |1        |file:///data/raw/instacart/order_products_prior/ingestion_date=2026-04-15/order_products__prior.csv|2026-04-15        |2026-05-31 15:28:43.827109|
[2026-05-31T15:28:44.088+0000] {subprocess.py:106} INFO - |2       |30035     |5                |0        |file:///data/raw/instacart/order_products_prior/ingestion_date=2026-04-15/order_products__prior.csv|2026-04-15        |2026-05-31 15:28:43.827109|
[2026-05-31T15:28:44.088+0000] {subprocess.py:106} INFO - |2       |17794     |6                |1        |file:///data/raw/instacart/order_products_prior/ingestion_date=2026-04-15/order_products__prior.csv|2026-04-15        |2026-05-31 15:28:43.827109|
[2026-05-31T15:28:44.088+0000] {subprocess.py:106} INFO - |2       |40141     |7                |1        |file:///data/raw/instacart/order_products_prior/ingestion_date=2026-04-15/order_products__prior.csv|2026-04-15        |2026-05-31 15:28:43.827109|
[2026-05-31T15:28:44.088+0000] {subprocess.py:106} INFO - |2       |1819      |8                |1        |file:///data/raw/instacart/order_products_prior/ingestion_date=2026-04-15/order_products__prior.csv|2026-04-15        |2026-05-31 15:28:43.827109|
[2026-05-31T15:28:44.089+0000] {subprocess.py:106} INFO - |2       |43668     |9                |0        |file:///data/raw/instacart/order_products_prior/ingestion_date=2026-04-15/order_products__prior.csv|2026-04-15        |2026-05-31 15:28:43.827109|
[2026-05-31T15:28:44.089+0000] {subprocess.py:106} INFO - |3       |33754     |1                |1        |file:///data/raw/instacart/order_products_prior/ingestion_date=2026-04-15/order_products__prior.csv|2026-04-15        |2026-05-31 15:28:43.827109|
[2026-05-31T15:28:44.089+0000] {subprocess.py:106} INFO - |3       |24838     |2                |1        |file:///data/raw/instacart/order_products_prior/ingestion_date=2026-04-15/order_products__prior.csv|2026-04-15        |2026-05-31 15:28:43.827109|
[2026-05-31T15:28:44.090+0000] {subprocess.py:106} INFO - |3       |17704     |3                |1        |file:///data/raw/instacart/order_products_prior/ingestion_date=2026-04-15/order_products__prior.csv|2026-04-15        |2026-05-31 15:28:43.827109|
[2026-05-31T15:28:44.091+0000] {subprocess.py:106} INFO - |3       |21903     |4                |1        |file:///data/raw/instacart/order_products_prior/ingestion_date=2026-04-15/order_products__prior.csv|2026-04-15        |2026-05-31 15:28:43.827109|
[2026-05-31T15:28:44.091+0000] {subprocess.py:106} INFO - |3       |17668     |5                |1        |file:///data/raw/instacart/order_products_prior/ingestion_date=2026-04-15/order_products__prior.csv|2026-04-15        |2026-05-31 15:28:43.827109|
[2026-05-31T15:28:44.091+0000] {subprocess.py:106} INFO - |3       |46667     |6                |1        |file:///data/raw/instacart/order_products_prior/ingestion_date=2026-04-15/order_products__prior.csv|2026-04-15        |2026-05-31 15:28:43.827109|
[2026-05-31T15:28:44.092+0000] {subprocess.py:106} INFO - |3       |17461     |7                |1        |file:///data/raw/instacart/order_products_prior/ingestion_date=2026-04-15/order_products__prior.csv|2026-04-15        |2026-05-31 15:28:43.827109|
[2026-05-31T15:28:44.092+0000] {subprocess.py:106} INFO - |3       |32665     |8                |1        |file:///data/raw/instacart/order_products_prior/ingestion_date=2026-04-15/order_products__prior.csv|2026-04-15        |2026-05-31 15:28:43.827109|
[2026-05-31T15:28:44.092+0000] {subprocess.py:106} INFO - |4       |46842     |1                |0        |file:///data/raw/instacart/order_products_prior/ingestion_date=2026-04-15/order_products__prior.csv|2026-04-15        |2026-05-31 15:28:43.827109|
[2026-05-31T15:28:44.093+0000] {subprocess.py:106} INFO - |4       |26434     |2                |1        |file:///data/raw/instacart/order_products_prior/ingestion_date=2026-04-15/order_products__prior.csv|2026-04-15        |2026-05-31 15:28:43.827109|
[2026-05-31T15:28:44.093+0000] {subprocess.py:106} INFO - |4       |39758     |3                |1        |file:///data/raw/instacart/order_products_prior/ingestion_date=2026-04-15/order_products__prior.csv|2026-04-15        |2026-05-31 15:28:43.827109|
[2026-05-31T15:28:44.093+0000] {subprocess.py:106} INFO - +--------+----------+-----------------+---------+---------------------------------------------------------------------------------------------------+------------------+--------------------------+
[2026-05-31T15:28:44.093+0000] {subprocess.py:106} INFO - only showing top 20 rows
[2026-05-31T15:28:44.093+0000] {subprocess.py:106} INFO - 
[2026-05-31T15:28:44.093+0000] {subprocess.py:106} INFO - [OK] Job Bronze de order_products_prior concluído com sucesso.
[2026-05-31T15:28:44.723+0000] {subprocess.py:110} INFO - Command exited with return code 0
[2026-05-31T15:28:44.757+0000] {taskinstance.py:341} INFO - ::group::Post task execution logs
[2026-05-31T15:28:44.758+0000] {taskinstance.py:353} INFO - Marking task as SUCCESS. dag_id=dag_bronze_order_products_prior, task_id=run_bronze_order_products_prior, run_id=manual__2026-05-31T15:27:28.141425+00:00, execution_date=20260531T152728, start_date=20260531T152731, end_date=20260531T152844
[2026-05-31T15:28:44.819+0000] {local_task_job_runner.py:266} INFO - Task exited with return code 0
[2026-05-31T15:28:44.840+0000] {taskinstance.py:3901} INFO - 0 downstream tasks scheduled from follow-on schedule check
[2026-05-31T15:28:44.843+0000] {local_task_job_runner.py:245} INFO - ::endgroup::
