[2026-05-18T15:51:31.931+0000] {local_task_job_runner.py:123} INFO - ::group::Pre task execution logs
[2026-05-18T15:51:31.965+0000] {taskinstance.py:2614} INFO - Dependencies all met for dep_context=non-requeueable deps ti=<TaskInstance: dag_bronze_orders.show_bronze_orders_context manual__2026-05-18T15:51:30.425724+00:00 [queued]>
[2026-05-18T15:51:31.981+0000] {taskinstance.py:2614} INFO - Dependencies all met for dep_context=requeueable deps ti=<TaskInstance: dag_bronze_orders.show_bronze_orders_context manual__2026-05-18T15:51:30.425724+00:00 [queued]>
[2026-05-18T15:51:31.982+0000] {taskinstance.py:2867} INFO - Starting attempt 1 of 1
[2026-05-18T15:51:32.025+0000] {taskinstance.py:2890} INFO - Executing <Task(PythonOperator): show_bronze_orders_context> on 2026-05-18 15:51:30.425724+00:00
[2026-05-18T15:51:32.042+0000] {logging_mixin.py:190} WARNING - /home/***/.local/lib/python3.12/site-packages/***/task/task_runner/standard_task_runner.py:70 DeprecationWarning: This process (pid=3537) is multi-threaded, use of fork() may lead to deadlocks in the child.
[2026-05-18T15:51:32.039+0000] {standard_task_runner.py:104} INFO - Running: ['***', 'tasks', 'run', 'dag_bronze_orders', 'show_bronze_orders_context', 'manual__2026-05-18T15:51:30.425724+00:00', '--job-id', '118', '--raw', '--subdir', 'DAGS_FOLDER/dag_bronze_orders.py', '--cfg-path', '/tmp/tmpra_4dav3']
[2026-05-18T15:51:32.043+0000] {standard_task_runner.py:72} INFO - Started process 3538 to run task
[2026-05-18T15:51:32.043+0000] {standard_task_runner.py:105} INFO - Job 118: Subtask show_bronze_orders_context
[2026-05-18T15:51:32.109+0000] {task_command.py:467} INFO - Running <TaskInstance: dag_bronze_orders.show_bronze_orders_context manual__2026-05-18T15:51:30.425724+00:00 [running]> on host 2a11bd5bb9e9
[2026-05-18T15:51:32.209+0000] {taskinstance.py:3134} INFO - Exporting env vars: AIRFLOW_CTX_DAG_OWNER='***' AIRFLOW_CTX_DAG_ID='dag_bronze_orders' AIRFLOW_CTX_TASK_ID='show_bronze_orders_context' AIRFLOW_CTX_EXECUTION_DATE='2026-05-18T15:51:30.425724+00:00' AIRFLOW_CTX_TRY_NUMBER='1' AIRFLOW_CTX_DAG_RUN_ID='manual__2026-05-18T15:51:30.425724+00:00'
[2026-05-18T15:51:32.210+0000] {taskinstance.py:732} INFO - ::endgroup::
[2026-05-18T15:51:32.233+0000] {logging_mixin.py:190} INFO - ==================================================
[2026-05-18T15:51:32.233+0000] {logging_mixin.py:190} INFO - Retail Lakehouse - Contexto Bronze orders
[2026-05-18T15:51:32.233+0000] {logging_mixin.py:190} INFO - LOCAL_RAW_DIR=./data/raw
[2026-05-18T15:51:32.234+0000] {logging_mixin.py:190} INFO - LOCAL_BRONZE_DIR=./data/bronze
[2026-05-18T15:51:32.234+0000] {logging_mixin.py:190} INFO - Objetivo: transformar raw de orders em Bronze Parquet
[2026-05-18T15:51:32.234+0000] {logging_mixin.py:190} INFO - Execução real do job: container Spark
[2026-05-18T15:51:32.234+0000] {logging_mixin.py:190} INFO - ==================================================
[2026-05-18T15:51:32.234+0000] {python.py:240} INFO - Done. Returned value was: None
[2026-05-18T15:51:32.247+0000] {taskinstance.py:341} INFO - ::group::Post task execution logs
[2026-05-18T15:51:32.247+0000] {taskinstance.py:353} INFO - Marking task as SUCCESS. dag_id=dag_bronze_orders, task_id=show_bronze_orders_context, run_id=manual__2026-05-18T15:51:30.425724+00:00, execution_date=20260518T155130, start_date=20260518T155131, end_date=20260518T155132
[2026-05-18T15:51:32.299+0000] {local_task_job_runner.py:266} INFO - Task exited with return code 0
[2026-05-18T15:51:32.332+0000] {taskinstance.py:3901} INFO - 1 downstream tasks scheduled from follow-on schedule check
[2026-05-18T15:51:32.348+0000] {local_task_job_runner.py:245} INFO - ::endgroup::
