[2026-04-28T13:25:07.834+0000] {local_task_job_runner.py:123} INFO - ::group::Pre task execution logs
[2026-04-28T13:25:07.875+0000] {taskinstance.py:2614} INFO - Dependencies all met for dep_context=non-requeueable deps ti=<TaskInstance: dag_bronze_departments.run_bronze_departments manual__2026-04-28T13:25:04.946730+00:00 [queued]>
[2026-04-28T13:25:07.890+0000] {taskinstance.py:2614} INFO - Dependencies all met for dep_context=requeueable deps ti=<TaskInstance: dag_bronze_departments.run_bronze_departments manual__2026-04-28T13:25:04.946730+00:00 [queued]>
[2026-04-28T13:25:07.891+0000] {taskinstance.py:2867} INFO - Starting attempt 1 of 1
[2026-04-28T13:25:07.916+0000] {taskinstance.py:2890} INFO - Executing <Task(BashOperator): run_bronze_departments> on 2026-04-28 13:25:04.946730+00:00
[2026-04-28T13:25:07.925+0000] {standard_task_runner.py:104} INFO - Running: ['***', 'tasks', 'run', 'dag_bronze_departments', 'run_bronze_departments', 'manual__2026-04-28T13:25:04.946730+00:00', '--job-id', '59', '--raw', '--subdir', 'DAGS_FOLDER/dag_bronze_departments.py', '--cfg-path', '/tmp/tmpgj_alaem']
[2026-04-28T13:25:07.927+0000] {standard_task_runner.py:105} INFO - Job 59: Subtask run_bronze_departments
[2026-04-28T13:25:07.928+0000] {logging_mixin.py:190} WARNING - /home/***/.local/lib/python3.12/site-packages/***/task/task_runner/standard_task_runner.py:70 DeprecationWarning: This process (pid=571) is multi-threaded, use of fork() may lead to deadlocks in the child.
[2026-04-28T13:25:07.928+0000] {standard_task_runner.py:72} INFO - Started process 572 to run task
[2026-04-28T13:25:07.985+0000] {task_command.py:467} INFO - Running <TaskInstance: dag_bronze_departments.run_bronze_departments manual__2026-04-28T13:25:04.946730+00:00 [running]> on host 43ecec4d0ee8
[2026-04-28T13:25:08.076+0000] {taskinstance.py:3134} INFO - Exporting env vars: AIRFLOW_CTX_DAG_OWNER='***' AIRFLOW_CTX_DAG_ID='dag_bronze_departments' AIRFLOW_CTX_TASK_ID='run_bronze_departments' AIRFLOW_CTX_EXECUTION_DATE='2026-04-28T13:25:04.946730+00:00' AIRFLOW_CTX_TRY_NUMBER='1' AIRFLOW_CTX_DAG_RUN_ID='manual__2026-04-28T13:25:04.946730+00:00'
[2026-04-28T13:25:08.076+0000] {taskinstance.py:732} INFO - ::endgroup::
[2026-04-28T13:25:08.091+0000] {subprocess.py:78} INFO - Tmp dir root location: /tmp
[2026-04-28T13:25:08.092+0000] {subprocess.py:88} INFO - Running command: ['/usr/bin/bash', '-c', 'docker exec retail_lakehouse_spark /opt/spark/bin/spark-submit --master local[*] /opt/spark-apps/jobs/bronze/bronze_departments.py']
[2026-04-28T13:25:08.104+0000] {subprocess.py:99} INFO - Output:
[2026-04-28T13:25:11.634+0000] {subprocess.py:106} INFO - ==================================================
[2026-04-28T13:25:11.634+0000] {subprocess.py:106} INFO - Retail Lakehouse - Bronze de departments
[2026-04-28T13:25:11.634+0000] {subprocess.py:106} INFO - ==================================================
[2026-04-28T13:25:11.635+0000] {subprocess.py:106} INFO - Traceback (most recent call last):
[2026-04-28T13:25:11.636+0000] {subprocess.py:106} INFO -   File "/opt/spark-apps/jobs/bronze/bronze_departments.py", line 198, in <module>
[2026-04-28T13:25:11.636+0000] {subprocess.py:106} INFO -     run_bronze_departments()
[2026-04-28T13:25:11.636+0000] {subprocess.py:106} INFO -   File "/opt/spark-apps/jobs/bronze/bronze_departments.py", line 171, in run_bronze_departments
[2026-04-28T13:25:11.636+0000] {subprocess.py:106} INFO -     latest_raw_partition = find_latest_raw_partition(raw_entity_dir)
[2026-04-28T13:25:11.636+0000] {subprocess.py:106} INFO -   File "/opt/spark-apps/jobs/bronze/bronze_departments.py", line 45, in find_latest_raw_partition
[2026-04-28T13:25:11.637+0000] {subprocess.py:106} INFO -     raise FileNotFoundError(f"Diretório da entidade raw não encontrado: {entity_dir}")
[2026-04-28T13:25:11.637+0000] {subprocess.py:106} INFO - FileNotFoundError: Diretório da entidade raw não encontrado: /opt/data/raw/instacart/departments
[2026-04-28T13:25:11.672+0000] {subprocess.py:106} INFO - 26/04/28 13:25:11 INFO ShutdownHookManager: Shutdown hook called
[2026-04-28T13:25:11.675+0000] {subprocess.py:106} INFO - 26/04/28 13:25:11 INFO ShutdownHookManager: Deleting directory /tmp/spark-4ad70ad9-90ad-4ad7-8852-0ae35686f3ee
[2026-04-28T13:25:11.717+0000] {subprocess.py:110} INFO - Command exited with return code 1
[2026-04-28T13:25:11.731+0000] {taskinstance.py:3313} ERROR - Task failed with exception
Traceback (most recent call last):
  File "/home/airflow/.local/lib/python3.12/site-packages/airflow/models/taskinstance.py", line 768, in _execute_task
    result = _execute_callable(context=context, **execute_callable_kwargs)
             ^^^^^^^^^^^^^^^^^^^^^^^^^^^^^^^^^^^^^^^^^^^^^^^^^^^^^^^^^^^^^
  File "/home/airflow/.local/lib/python3.12/site-packages/airflow/models/taskinstance.py", line 734, in _execute_callable
    return ExecutionCallableRunner(
           ^^^^^^^^^^^^^^^^^^^^^^^^
  File "/home/airflow/.local/lib/python3.12/site-packages/airflow/utils/operator_helpers.py", line 252, in run
    return self.func(*args, **kwargs)
           ^^^^^^^^^^^^^^^^^^^^^^^^^^
  File "/home/airflow/.local/lib/python3.12/site-packages/airflow/models/baseoperator.py", line 424, in wrapper
    return func(self, *args, **kwargs)
           ^^^^^^^^^^^^^^^^^^^^^^^^^^^
  File "/home/airflow/.local/lib/python3.12/site-packages/airflow/operators/bash.py", line 276, in execute
    raise AirflowException(
airflow.exceptions.AirflowException: Bash command failed. The command returned a non-zero exit code 1.
[2026-04-28T13:25:11.735+0000] {taskinstance.py:1226} INFO - Marking task as FAILED. dag_id=dag_bronze_departments, task_id=run_bronze_departments, run_id=manual__2026-04-28T13:25:04.946730+00:00, execution_date=20260428T132504, start_date=20260428T132507, end_date=20260428T132511
[2026-04-28T13:25:11.767+0000] {taskinstance.py:341} INFO - ::group::Post task execution logs
[2026-04-28T13:25:11.768+0000] {standard_task_runner.py:124} ERROR - Failed to execute job 59 for task run_bronze_departments (Bash command failed. The command returned a non-zero exit code 1.; 572)
Traceback (most recent call last):
  File "/home/airflow/.local/lib/python3.12/site-packages/airflow/task/task_runner/standard_task_runner.py", line 117, in _start_by_fork
    ret = args.func(args, dag=self.dag)
          ^^^^^^^^^^^^^^^^^^^^^^^^^^^^^
  File "/home/airflow/.local/lib/python3.12/site-packages/airflow/cli/cli_config.py", line 49, in command
    return func(*args, **kwargs)
           ^^^^^^^^^^^^^^^^^^^^^
  File "/home/airflow/.local/lib/python3.12/site-packages/airflow/utils/cli.py", line 116, in wrapper
    return f(*args, **kwargs)
           ^^^^^^^^^^^^^^^^^^
  File "/home/airflow/.local/lib/python3.12/site-packages/airflow/cli/commands/task_command.py", line 483, in task_run
    task_return_code = _run_task_by_selected_method(args, _dag, ti)
                       ^^^^^^^^^^^^^^^^^^^^^^^^^^^^^^^^^^^^^^^^^^^^
  File "/home/airflow/.local/lib/python3.12/site-packages/airflow/cli/commands/task_command.py", line 256, in _run_task_by_selected_method
    return _run_raw_task(args, ti)
           ^^^^^^^^^^^^^^^^^^^^^^^
  File "/home/airflow/.local/lib/python3.12/site-packages/airflow/cli/commands/task_command.py", line 341, in _run_raw_task
    return ti._run_raw_task(
           ^^^^^^^^^^^^^^^^^
  File "/home/airflow/.local/lib/python3.12/site-packages/airflow/utils/session.py", line 97, in wrapper
    return func(*args, session=session, **kwargs)
           ^^^^^^^^^^^^^^^^^^^^^^^^^^^^^^^^^^^^^^
  File "/home/airflow/.local/lib/python3.12/site-packages/airflow/models/taskinstance.py", line 3006, in _run_raw_task
    return _run_raw_task(
           ^^^^^^^^^^^^^^
  File "/home/airflow/.local/lib/python3.12/site-packages/airflow/models/taskinstance.py", line 274, in _run_raw_task
    TaskInstance._execute_task_with_callbacks(
  File "/home/airflow/.local/lib/python3.12/site-packages/airflow/models/taskinstance.py", line 3161, in _execute_task_with_callbacks
    result = self._execute_task(context, task_orig)
             ^^^^^^^^^^^^^^^^^^^^^^^^^^^^^^^^^^^^^^
  File "/home/airflow/.local/lib/python3.12/site-packages/airflow/models/taskinstance.py", line 3185, in _execute_task
    return _execute_task(self, context, task_orig)
           ^^^^^^^^^^^^^^^^^^^^^^^^^^^^^^^^^^^^^^^
  File "/home/airflow/.local/lib/python3.12/site-packages/airflow/models/taskinstance.py", line 768, in _execute_task
    result = _execute_callable(context=context, **execute_callable_kwargs)
             ^^^^^^^^^^^^^^^^^^^^^^^^^^^^^^^^^^^^^^^^^^^^^^^^^^^^^^^^^^^^^
  File "/home/airflow/.local/lib/python3.12/site-packages/airflow/models/taskinstance.py", line 734, in _execute_callable
    return ExecutionCallableRunner(
           ^^^^^^^^^^^^^^^^^^^^^^^^
  File "/home/airflow/.local/lib/python3.12/site-packages/airflow/utils/operator_helpers.py", line 252, in run
    return self.func(*args, **kwargs)
           ^^^^^^^^^^^^^^^^^^^^^^^^^^
  File "/home/airflow/.local/lib/python3.12/site-packages/airflow/models/baseoperator.py", line 424, in wrapper
    return func(self, *args, **kwargs)
           ^^^^^^^^^^^^^^^^^^^^^^^^^^^
  File "/home/airflow/.local/lib/python3.12/site-packages/airflow/operators/bash.py", line 276, in execute
    raise AirflowException(
airflow.exceptions.AirflowException: Bash command failed. The command returned a non-zero exit code 1.
[2026-04-28T13:25:11.794+0000] {local_task_job_runner.py:266} INFO - Task exited with return code 1
[2026-04-28T13:25:11.823+0000] {taskinstance.py:3901} INFO - 0 downstream tasks scheduled from follow-on schedule check
[2026-04-28T13:25:11.838+0000] {local_task_job_runner.py:245} INFO - ::endgroup::
