[2026-04-28T13:48:15.942+0000] {local_task_job_runner.py:123} INFO - ::group::Pre task execution logs
[2026-04-28T13:48:15.968+0000] {taskinstance.py:2614} INFO - Dependencies all met for dep_context=non-requeueable deps ti=<TaskInstance: dag_bronze_departments.run_bronze_departments manual__2026-04-28T13:25:04.946730+00:00 [queued]>
[2026-04-28T13:48:15.979+0000] {taskinstance.py:2614} INFO - Dependencies all met for dep_context=requeueable deps ti=<TaskInstance: dag_bronze_departments.run_bronze_departments manual__2026-04-28T13:25:04.946730+00:00 [queued]>
[2026-04-28T13:48:15.979+0000] {taskinstance.py:2867} INFO - Starting attempt 2 of 2
[2026-04-28T13:48:16.004+0000] {taskinstance.py:2890} INFO - Executing <Task(BashOperator): run_bronze_departments> on 2026-04-28 13:25:04.946730+00:00
[2026-04-28T13:48:16.013+0000] {standard_task_runner.py:104} INFO - Running: ['***', 'tasks', 'run', 'dag_bronze_departments', 'run_bronze_departments', 'manual__2026-04-28T13:25:04.946730+00:00', '--job-id', '60', '--raw', '--subdir', 'DAGS_FOLDER/dag_bronze_departments.py', '--cfg-path', '/tmp/tmps_u523vk']
[2026-04-28T13:48:16.015+0000] {standard_task_runner.py:105} INFO - Job 60: Subtask run_bronze_departments
[2026-04-28T13:48:16.016+0000] {logging_mixin.py:190} WARNING - /home/***/.local/lib/python3.12/site-packages/***/task/task_runner/standard_task_runner.py:70 DeprecationWarning: This process (pid=1957) is multi-threaded, use of fork() may lead to deadlocks in the child.
[2026-04-28T13:48:16.017+0000] {standard_task_runner.py:72} INFO - Started process 1958 to run task
[2026-04-28T13:48:16.095+0000] {task_command.py:467} INFO - Running <TaskInstance: dag_bronze_departments.run_bronze_departments manual__2026-04-28T13:25:04.946730+00:00 [running]> on host 43ecec4d0ee8
[2026-04-28T13:48:16.195+0000] {taskinstance.py:3134} INFO - Exporting env vars: AIRFLOW_CTX_DAG_OWNER='***' AIRFLOW_CTX_DAG_ID='dag_bronze_departments' AIRFLOW_CTX_TASK_ID='run_bronze_departments' AIRFLOW_CTX_EXECUTION_DATE='2026-04-28T13:25:04.946730+00:00' AIRFLOW_CTX_TRY_NUMBER='2' AIRFLOW_CTX_DAG_RUN_ID='manual__2026-04-28T13:25:04.946730+00:00'
[2026-04-28T13:48:16.196+0000] {taskinstance.py:732} INFO - ::endgroup::
[2026-04-28T13:48:16.211+0000] {subprocess.py:78} INFO - Tmp dir root location: /tmp
[2026-04-28T13:48:16.211+0000] {subprocess.py:88} INFO - Running command: ['/usr/bin/bash', '-c', 'docker exec retail_lakehouse_spark /opt/spark/bin/spark-submit --master local[*] /opt/spark-apps/jobs/bronze/bronze_departments.py']
[2026-04-28T13:48:16.224+0000] {subprocess.py:99} INFO - Output:
[2026-04-28T13:48:19.233+0000] {subprocess.py:106} INFO - ==================================================
[2026-04-28T13:48:19.249+0000] {subprocess.py:106} INFO - Retail Lakehouse - Bronze de departments
[2026-04-28T13:48:19.250+0000] {subprocess.py:106} INFO - ==================================================
[2026-04-28T13:48:19.250+0000] {subprocess.py:106} INFO - RAW DIR resolvido: /data/raw
[2026-04-28T13:48:19.251+0000] {subprocess.py:106} INFO - BRONZE DIR resolvido: /data/bronze
[2026-04-28T13:48:19.300+0000] {subprocess.py:106} INFO - 26/04/28 13:48:19 INFO SparkContext: Running Spark version 3.5.1
[2026-04-28T13:48:19.302+0000] {subprocess.py:106} INFO - 26/04/28 13:48:19 INFO SparkContext: OS info Linux, 6.17.9-76061709-generic, amd64
[2026-04-28T13:48:19.304+0000] {subprocess.py:106} INFO - 26/04/28 13:48:19 INFO SparkContext: Java version 11.0.22
[2026-04-28T13:48:19.363+0000] {subprocess.py:106} INFO - 26/04/28 13:48:19 WARN NativeCodeLoader: Unable to load native-hadoop library for your platform... using builtin-java classes where applicable
[2026-04-28T13:48:19.507+0000] {subprocess.py:106} INFO - 26/04/28 13:48:19 INFO ResourceUtils: ==============================================================
[2026-04-28T13:48:19.507+0000] {subprocess.py:106} INFO - 26/04/28 13:48:19 INFO ResourceUtils: No custom resources configured for spark.driver.
[2026-04-28T13:48:19.508+0000] {subprocess.py:106} INFO - 26/04/28 13:48:19 INFO ResourceUtils: ==============================================================
[2026-04-28T13:48:19.508+0000] {subprocess.py:106} INFO - 26/04/28 13:48:19 INFO SparkContext: Submitted application: retail-lakehouse-spark-bronze-departments
[2026-04-28T13:48:19.547+0000] {subprocess.py:106} INFO - 26/04/28 13:48:19 INFO ResourceProfile: Default ResourceProfile created, executor resources: Map(cores -> name: cores, amount: 1, script: , vendor: , memory -> name: memory, amount: 1024, script: , vendor: , offHeap -> name: offHeap, amount: 0, script: , vendor: ), task resources: Map(cpus -> name: cpus, amount: 1.0)
[2026-04-28T13:48:19.566+0000] {subprocess.py:106} INFO - 26/04/28 13:48:19 INFO ResourceProfile: Limiting resource is cpu
[2026-04-28T13:48:19.567+0000] {subprocess.py:106} INFO - 26/04/28 13:48:19 INFO ResourceProfileManager: Added ResourceProfile id: 0
[2026-04-28T13:48:19.637+0000] {subprocess.py:106} INFO - 26/04/28 13:48:19 INFO SecurityManager: Changing view acls to: spark
[2026-04-28T13:48:19.639+0000] {subprocess.py:106} INFO - 26/04/28 13:48:19 INFO SecurityManager: Changing modify acls to: spark
[2026-04-28T13:48:19.639+0000] {subprocess.py:106} INFO - 26/04/28 13:48:19 INFO SecurityManager: Changing view acls groups to:
[2026-04-28T13:48:19.639+0000] {subprocess.py:106} INFO - 26/04/28 13:48:19 INFO SecurityManager: Changing modify acls groups to:
[2026-04-28T13:48:19.640+0000] {subprocess.py:106} INFO - 26/04/28 13:48:19 INFO SecurityManager: SecurityManager: authentication disabled; ui acls disabled; users with view permissions: spark; groups with view permissions: EMPTY; users with modify permissions: spark; groups with modify permissions: EMPTY
[2026-04-28T13:48:19.903+0000] {subprocess.py:106} INFO - 26/04/28 13:48:19 INFO Utils: Successfully started service 'sparkDriver' on port 42423.
[2026-04-28T13:48:19.933+0000] {subprocess.py:106} INFO - 26/04/28 13:48:19 INFO SparkEnv: Registering MapOutputTracker
[2026-04-28T13:48:19.973+0000] {subprocess.py:106} INFO - 26/04/28 13:48:19 INFO SparkEnv: Registering BlockManagerMaster
[2026-04-28T13:48:19.997+0000] {subprocess.py:106} INFO - 26/04/28 13:48:19 INFO BlockManagerMasterEndpoint: Using org.apache.spark.storage.DefaultTopologyMapper for getting topology information
[2026-04-28T13:48:19.999+0000] {subprocess.py:106} INFO - 26/04/28 13:48:19 INFO BlockManagerMasterEndpoint: BlockManagerMasterEndpoint up
[2026-04-28T13:48:20.002+0000] {subprocess.py:106} INFO - 26/04/28 13:48:20 INFO SparkEnv: Registering BlockManagerMasterHeartbeat
[2026-04-28T13:48:20.026+0000] {subprocess.py:106} INFO - 26/04/28 13:48:20 INFO DiskBlockManager: Created local directory at /tmp/blockmgr-b7dbb7ab-ca77-4f79-9243-3a383e4d29d1
[2026-04-28T13:48:20.044+0000] {subprocess.py:106} INFO - 26/04/28 13:48:20 INFO MemoryStore: MemoryStore started with capacity 434.4 MiB
[2026-04-28T13:48:20.066+0000] {subprocess.py:106} INFO - 26/04/28 13:48:20 INFO SparkEnv: Registering OutputCommitCoordinator
[2026-04-28T13:48:20.235+0000] {subprocess.py:106} INFO - 26/04/28 13:48:20 INFO JettyUtils: Start Jetty 0.0.0.0:4040 for SparkUI
[2026-04-28T13:48:20.319+0000] {subprocess.py:106} INFO - 26/04/28 13:48:20 INFO Utils: Successfully started service 'SparkUI' on port 4040.
[2026-04-28T13:48:20.423+0000] {subprocess.py:106} INFO - 26/04/28 13:48:20 INFO Executor: Starting executor ID driver on host dcdf014cf707
[2026-04-28T13:48:20.424+0000] {subprocess.py:106} INFO - 26/04/28 13:48:20 INFO Executor: OS info Linux, 6.17.9-76061709-generic, amd64
[2026-04-28T13:48:20.424+0000] {subprocess.py:106} INFO - 26/04/28 13:48:20 INFO Executor: Java version 11.0.22
[2026-04-28T13:48:20.433+0000] {subprocess.py:106} INFO - 26/04/28 13:48:20 INFO Executor: Starting executor with user classpath (userClassPathFirst = false): ''
[2026-04-28T13:48:20.433+0000] {subprocess.py:106} INFO - 26/04/28 13:48:20 INFO Executor: Created or updated repl class loader org.apache.spark.util.MutableURLClassLoader@20453c3e for default.
[2026-04-28T13:48:20.472+0000] {subprocess.py:106} INFO - 26/04/28 13:48:20 INFO Utils: Successfully started service 'org.apache.spark.network.netty.NettyBlockTransferService' on port 44825.
[2026-04-28T13:48:20.475+0000] {subprocess.py:106} INFO - 26/04/28 13:48:20 INFO NettyBlockTransferService: Server created on dcdf014cf707:44825
[2026-04-28T13:48:20.475+0000] {subprocess.py:106} INFO - 26/04/28 13:48:20 INFO BlockManager: Using org.apache.spark.storage.RandomBlockReplicationPolicy for block replication policy
[2026-04-28T13:48:20.483+0000] {subprocess.py:106} INFO - 26/04/28 13:48:20 INFO BlockManagerMaster: Registering BlockManager BlockManagerId(driver, dcdf014cf707, 44825, None)
[2026-04-28T13:48:20.487+0000] {subprocess.py:106} INFO - 26/04/28 13:48:20 INFO BlockManagerMasterEndpoint: Registering block manager dcdf014cf707:44825 with 434.4 MiB RAM, BlockManagerId(driver, dcdf014cf707, 44825, None)
[2026-04-28T13:48:20.490+0000] {subprocess.py:106} INFO - 26/04/28 13:48:20 INFO BlockManagerMaster: Registered BlockManager BlockManagerId(driver, dcdf014cf707, 44825, None)
[2026-04-28T13:48:20.491+0000] {subprocess.py:106} INFO - 26/04/28 13:48:20 INFO BlockManager: Initialized BlockManager: BlockManagerId(driver, dcdf014cf707, 44825, None)
[2026-04-28T13:48:20.910+0000] {subprocess.py:106} INFO - ==================================================
[2026-04-28T13:48:20.911+0000] {subprocess.py:106} INFO - Leitura da raw de departments
[2026-04-28T13:48:20.912+0000] {subprocess.py:106} INFO - ==================================================
[2026-04-28T13:48:20.912+0000] {subprocess.py:106} INFO - Arquivo de entrada: /data/raw/instacart/departments/ingestion_date=2026-04-15/departments.csv
[2026-04-28T13:48:26.127+0000] {subprocess.py:106} INFO - Schema lido da raw:
[2026-04-28T13:48:26.133+0000] {subprocess.py:106} INFO - root
[2026-04-28T13:48:26.134+0000] {subprocess.py:106} INFO -  |-- department_id: string (nullable = true)
[2026-04-28T13:48:26.134+0000] {subprocess.py:106} INFO -  |-- department: string (nullable = true)
[2026-04-28T13:48:26.135+0000] {subprocess.py:106} INFO - 
[2026-04-28T13:48:26.135+0000] {subprocess.py:106} INFO - ==================================================
[2026-04-28T13:48:26.135+0000] {subprocess.py:106} INFO - Transformação Bronze de departments
[2026-04-28T13:48:26.135+0000] {subprocess.py:106} INFO - ==================================================
[2026-04-28T13:48:26.306+0000] {subprocess.py:106} INFO - Schema após transformação Bronze:
[2026-04-28T13:48:26.307+0000] {subprocess.py:106} INFO - root
[2026-04-28T13:48:26.307+0000] {subprocess.py:106} INFO -  |-- department_id: integer (nullable = true)
[2026-04-28T13:48:26.307+0000] {subprocess.py:106} INFO -  |-- department: string (nullable = true)
[2026-04-28T13:48:26.307+0000] {subprocess.py:106} INFO -  |-- source_file_name: string (nullable = false)
[2026-04-28T13:48:26.308+0000] {subprocess.py:106} INFO -  |-- raw_ingestion_date: string (nullable = false)
[2026-04-28T13:48:26.308+0000] {subprocess.py:106} INFO -  |-- bronze_processed_at: timestamp (nullable = false)
[2026-04-28T13:48:26.309+0000] {subprocess.py:106} INFO - 
[2026-04-28T13:48:26.309+0000] {subprocess.py:106} INFO - ==================================================
[2026-04-28T13:48:26.309+0000] {subprocess.py:106} INFO - Escrita da Bronze de departments
[2026-04-28T13:48:26.310+0000] {subprocess.py:106} INFO - ==================================================
[2026-04-28T13:48:26.310+0000] {subprocess.py:106} INFO - Diretório de saída: /data/bronze/instacart/departments/ingestion_date=2026-04-15
[2026-04-28T13:48:27.643+0000] {subprocess.py:106} INFO - [OK] Bronze escrita com sucesso em Parquet.
[2026-04-28T13:48:27.643+0000] {subprocess.py:106} INFO - ==================================================
[2026-04-28T13:48:27.643+0000] {subprocess.py:106} INFO - Resumo da Bronze de departments
[2026-04-28T13:48:27.644+0000] {subprocess.py:106} INFO - ==================================================
[2026-04-28T13:48:28.239+0000] {subprocess.py:106} INFO - Total de registros: 21
[2026-04-28T13:48:28.240+0000] {subprocess.py:106} INFO - Diretório final: /data/bronze/instacart/departments/ingestion_date=2026-04-15
[2026-04-28T13:48:28.240+0000] {subprocess.py:106} INFO - Prévia dos dados:
[2026-04-28T13:48:28.492+0000] {subprocess.py:106} INFO - +-------------+---------------+--------------------------------------------------------------------------------+------------------+-------------------------+
[2026-04-28T13:48:28.492+0000] {subprocess.py:106} INFO - |department_id|department     |source_file_name                                                                |raw_ingestion_date|bronze_processed_at      |
[2026-04-28T13:48:28.492+0000] {subprocess.py:106} INFO - +-------------+---------------+--------------------------------------------------------------------------------+------------------+-------------------------+
[2026-04-28T13:48:28.493+0000] {subprocess.py:106} INFO - |1            |frozen         |file:///data/raw/instacart/departments/ingestion_date=2026-04-15/departments.csv|2026-04-15        |2026-04-28 13:48:28.27087|
[2026-04-28T13:48:28.493+0000] {subprocess.py:106} INFO - |2            |other          |file:///data/raw/instacart/departments/ingestion_date=2026-04-15/departments.csv|2026-04-15        |2026-04-28 13:48:28.27087|
[2026-04-28T13:48:28.493+0000] {subprocess.py:106} INFO - |3            |bakery         |file:///data/raw/instacart/departments/ingestion_date=2026-04-15/departments.csv|2026-04-15        |2026-04-28 13:48:28.27087|
[2026-04-28T13:48:28.494+0000] {subprocess.py:106} INFO - |4            |produce        |file:///data/raw/instacart/departments/ingestion_date=2026-04-15/departments.csv|2026-04-15        |2026-04-28 13:48:28.27087|
[2026-04-28T13:48:28.494+0000] {subprocess.py:106} INFO - |5            |alcohol        |file:///data/raw/instacart/departments/ingestion_date=2026-04-15/departments.csv|2026-04-15        |2026-04-28 13:48:28.27087|
[2026-04-28T13:48:28.494+0000] {subprocess.py:106} INFO - |6            |international  |file:///data/raw/instacart/departments/ingestion_date=2026-04-15/departments.csv|2026-04-15        |2026-04-28 13:48:28.27087|
[2026-04-28T13:48:28.494+0000] {subprocess.py:106} INFO - |7            |beverages      |file:///data/raw/instacart/departments/ingestion_date=2026-04-15/departments.csv|2026-04-15        |2026-04-28 13:48:28.27087|
[2026-04-28T13:48:28.494+0000] {subprocess.py:106} INFO - |8            |pets           |file:///data/raw/instacart/departments/ingestion_date=2026-04-15/departments.csv|2026-04-15        |2026-04-28 13:48:28.27087|
[2026-04-28T13:48:28.494+0000] {subprocess.py:106} INFO - |9            |dry goods pasta|file:///data/raw/instacart/departments/ingestion_date=2026-04-15/departments.csv|2026-04-15        |2026-04-28 13:48:28.27087|
[2026-04-28T13:48:28.495+0000] {subprocess.py:106} INFO - |10           |bulk           |file:///data/raw/instacart/departments/ingestion_date=2026-04-15/departments.csv|2026-04-15        |2026-04-28 13:48:28.27087|
[2026-04-28T13:48:28.495+0000] {subprocess.py:106} INFO - |11           |personal care  |file:///data/raw/instacart/departments/ingestion_date=2026-04-15/departments.csv|2026-04-15        |2026-04-28 13:48:28.27087|
[2026-04-28T13:48:28.495+0000] {subprocess.py:106} INFO - |12           |meat seafood   |file:///data/raw/instacart/departments/ingestion_date=2026-04-15/departments.csv|2026-04-15        |2026-04-28 13:48:28.27087|
[2026-04-28T13:48:28.495+0000] {subprocess.py:106} INFO - |13           |pantry         |file:///data/raw/instacart/departments/ingestion_date=2026-04-15/departments.csv|2026-04-15        |2026-04-28 13:48:28.27087|
[2026-04-28T13:48:28.495+0000] {subprocess.py:106} INFO - |14           |breakfast      |file:///data/raw/instacart/departments/ingestion_date=2026-04-15/departments.csv|2026-04-15        |2026-04-28 13:48:28.27087|
[2026-04-28T13:48:28.495+0000] {subprocess.py:106} INFO - |15           |canned goods   |file:///data/raw/instacart/departments/ingestion_date=2026-04-15/departments.csv|2026-04-15        |2026-04-28 13:48:28.27087|
[2026-04-28T13:48:28.496+0000] {subprocess.py:106} INFO - |16           |dairy eggs     |file:///data/raw/instacart/departments/ingestion_date=2026-04-15/departments.csv|2026-04-15        |2026-04-28 13:48:28.27087|
[2026-04-28T13:48:28.496+0000] {subprocess.py:106} INFO - |17           |household      |file:///data/raw/instacart/departments/ingestion_date=2026-04-15/departments.csv|2026-04-15        |2026-04-28 13:48:28.27087|
[2026-04-28T13:48:28.496+0000] {subprocess.py:106} INFO - |18           |babies         |file:///data/raw/instacart/departments/ingestion_date=2026-04-15/departments.csv|2026-04-15        |2026-04-28 13:48:28.27087|
[2026-04-28T13:48:28.496+0000] {subprocess.py:106} INFO - |19           |snacks         |file:///data/raw/instacart/departments/ingestion_date=2026-04-15/departments.csv|2026-04-15        |2026-04-28 13:48:28.27087|
[2026-04-28T13:48:28.496+0000] {subprocess.py:106} INFO - |20           |deli           |file:///data/raw/instacart/departments/ingestion_date=2026-04-15/departments.csv|2026-04-15        |2026-04-28 13:48:28.27087|
[2026-04-28T13:48:28.496+0000] {subprocess.py:106} INFO - +-------------+---------------+--------------------------------------------------------------------------------+------------------+-------------------------+
[2026-04-28T13:48:28.497+0000] {subprocess.py:106} INFO - only showing top 20 rows
[2026-04-28T13:48:28.497+0000] {subprocess.py:106} INFO - 
[2026-04-28T13:48:28.497+0000] {subprocess.py:106} INFO - [OK] Job Bronze de departments concluído com sucesso.
[2026-04-28T13:48:28.899+0000] {subprocess.py:110} INFO - Command exited with return code 0
[2026-04-28T13:48:28.932+0000] {taskinstance.py:341} INFO - ::group::Post task execution logs
[2026-04-28T13:48:28.933+0000] {taskinstance.py:353} INFO - Marking task as SUCCESS. dag_id=dag_bronze_departments, task_id=run_bronze_departments, run_id=manual__2026-04-28T13:25:04.946730+00:00, execution_date=20260428T132504, start_date=20260428T134815, end_date=20260428T134828
[2026-04-28T13:48:28.985+0000] {local_task_job_runner.py:266} INFO - Task exited with return code 0
[2026-04-28T13:48:29.005+0000] {taskinstance.py:3901} INFO - 0 downstream tasks scheduled from follow-on schedule check
[2026-04-28T13:48:29.007+0000] {local_task_job_runner.py:245} INFO - ::endgroup::
