[2026-04-28T13:06:29.350+0000] {local_task_job_runner.py:123} INFO - ::group::Pre task execution logs
[2026-04-28T13:06:29.378+0000] {taskinstance.py:2614} INFO - Dependencies all met for dep_context=non-requeueable deps ti=<TaskInstance: dag_bronze_departments.show_bronze_departments_context manual__2026-04-28T12:09:19.680662+00:00 [queued]>
[2026-04-28T13:06:29.389+0000] {taskinstance.py:2614} INFO - Dependencies all met for dep_context=requeueable deps ti=<TaskInstance: dag_bronze_departments.show_bronze_departments_context manual__2026-04-28T12:09:19.680662+00:00 [queued]>
[2026-04-28T13:06:29.389+0000] {taskinstance.py:2867} INFO - Starting attempt 2 of 2
[2026-04-28T13:06:29.423+0000] {taskinstance.py:2890} INFO - Executing <Task(PythonOperator): show_bronze_departments_context> on 2026-04-28 12:09:19.680662+00:00
[2026-04-28T13:06:29.432+0000] {standard_task_runner.py:104} INFO - Running: ['***', 'tasks', 'run', 'dag_bronze_departments', 'show_bronze_departments_context', 'manual__2026-04-28T12:09:19.680662+00:00', '--job-id', '53', '--raw', '--subdir', 'DAGS_FOLDER/dag_bronze_departments.py', '--cfg-path', '/tmp/tmp_4x4cr3x']
[2026-04-28T13:06:29.434+0000] {standard_task_runner.py:105} INFO - Job 53: Subtask show_bronze_departments_context
[2026-04-28T13:06:29.435+0000] {logging_mixin.py:190} WARNING - /home/***/.local/lib/python3.12/site-packages/***/task/task_runner/standard_task_runner.py:70 DeprecationWarning: This process (pid=1630) is multi-threaded, use of fork() may lead to deadlocks in the child.
[2026-04-28T13:06:29.436+0000] {standard_task_runner.py:72} INFO - Started process 1631 to run task
[2026-04-28T13:06:29.496+0000] {task_command.py:467} INFO - Running <TaskInstance: dag_bronze_departments.show_bronze_departments_context manual__2026-04-28T12:09:19.680662+00:00 [running]> on host 43ecec4d0ee8
[2026-04-28T13:06:29.587+0000] {taskinstance.py:3134} INFO - Exporting env vars: AIRFLOW_CTX_DAG_OWNER='***' AIRFLOW_CTX_DAG_ID='dag_bronze_departments' AIRFLOW_CTX_TASK_ID='show_bronze_departments_context' AIRFLOW_CTX_EXECUTION_DATE='2026-04-28T12:09:19.680662+00:00' AIRFLOW_CTX_TRY_NUMBER='2' AIRFLOW_CTX_DAG_RUN_ID='manual__2026-04-28T12:09:19.680662+00:00'
[2026-04-28T13:06:29.588+0000] {taskinstance.py:732} INFO - ::endgroup::
[2026-04-28T13:06:29.603+0000] {logging_mixin.py:190} INFO - ==================================================
[2026-04-28T13:06:29.603+0000] {logging_mixin.py:190} INFO - Retail Lakehouse - Contexto Bronze departments
[2026-04-28T13:06:29.604+0000] {logging_mixin.py:190} INFO - LOCAL_RAW_DIR=./data/raw
[2026-04-28T13:06:29.604+0000] {logging_mixin.py:190} INFO - LOCAL_BRONZE_DIR=./data/bronze
[2026-04-28T13:06:29.604+0000] {logging_mixin.py:190} INFO - SPARK_MASTER=local[*]
[2026-04-28T13:06:29.604+0000] {logging_mixin.py:190} INFO - Objetivo: transformar raw de departments em Bronze Parquet
[2026-04-28T13:06:29.604+0000] {logging_mixin.py:190} INFO - Execução atual: spark-submit via container Spark
[2026-04-28T13:06:29.605+0000] {logging_mixin.py:190} INFO - ==================================================
[2026-04-28T13:06:29.605+0000] {python.py:240} INFO - Done. Returned value was: None
[2026-04-28T13:06:29.617+0000] {taskinstance.py:341} INFO - ::group::Post task execution logs
[2026-04-28T13:06:29.618+0000] {taskinstance.py:353} INFO - Marking task as SUCCESS. dag_id=dag_bronze_departments, task_id=show_bronze_departments_context, run_id=manual__2026-04-28T12:09:19.680662+00:00, execution_date=20260428T120919, start_date=20260428T130629, end_date=20260428T130629
[2026-04-28T13:06:29.691+0000] {local_task_job_runner.py:266} INFO - Task exited with return code 0
[2026-04-28T13:06:29.723+0000] {taskinstance.py:3901} INFO - 1 downstream tasks scheduled from follow-on schedule check
[2026-04-28T13:06:29.743+0000] {local_task_job_runner.py:245} INFO - ::endgroup::
