[2026-04-24T13:24:45.775+0000] {local_task_job_runner.py:123} INFO - ::group::Pre task execution logs
[2026-04-24T13:24:45.804+0000] {taskinstance.py:2614} INFO - Dependencies all met for dep_context=non-requeueable deps ti=<TaskInstance: dag_bronze_departments.run_bronze_departments manual__2026-04-24T13:24:42.520037+00:00 [queued]>
[2026-04-24T13:24:45.814+0000] {taskinstance.py:2614} INFO - Dependencies all met for dep_context=requeueable deps ti=<TaskInstance: dag_bronze_departments.run_bronze_departments manual__2026-04-24T13:24:42.520037+00:00 [queued]>
[2026-04-24T13:24:45.814+0000] {taskinstance.py:2867} INFO - Starting attempt 1 of 1
[2026-04-24T13:24:45.852+0000] {taskinstance.py:2890} INFO - Executing <Task(BashOperator): run_bronze_departments> on 2026-04-24 13:24:42.520037+00:00
[2026-04-24T13:24:45.861+0000] {standard_task_runner.py:104} INFO - Running: ['***', 'tasks', 'run', 'dag_bronze_departments', 'run_bronze_departments', 'manual__2026-04-24T13:24:42.520037+00:00', '--job-id', '41', '--raw', '--subdir', 'DAGS_FOLDER/dag_bronze_departments.py', '--cfg-path', '/tmp/tmpkwesrmpx']
[2026-04-24T13:24:45.864+0000] {standard_task_runner.py:105} INFO - Job 41: Subtask run_bronze_departments
[2026-04-24T13:24:45.865+0000] {logging_mixin.py:190} WARNING - /home/***/.local/lib/python3.12/site-packages/***/task/task_runner/standard_task_runner.py:70 DeprecationWarning: This process (pid=1261) is multi-threaded, use of fork() may lead to deadlocks in the child.
[2026-04-24T13:24:45.865+0000] {standard_task_runner.py:72} INFO - Started process 1262 to run task
[2026-04-24T13:24:45.922+0000] {task_command.py:467} INFO - Running <TaskInstance: dag_bronze_departments.run_bronze_departments manual__2026-04-24T13:24:42.520037+00:00 [running]> on host cca395aae7e7
[2026-04-24T13:24:46.018+0000] {taskinstance.py:3134} INFO - Exporting env vars: AIRFLOW_CTX_DAG_OWNER='***' AIRFLOW_CTX_DAG_ID='dag_bronze_departments' AIRFLOW_CTX_TASK_ID='run_bronze_departments' AIRFLOW_CTX_EXECUTION_DATE='2026-04-24T13:24:42.520037+00:00' AIRFLOW_CTX_TRY_NUMBER='1' AIRFLOW_CTX_DAG_RUN_ID='manual__2026-04-24T13:24:42.520037+00:00'
[2026-04-24T13:24:46.019+0000] {taskinstance.py:732} INFO - ::endgroup::
[2026-04-24T13:24:46.035+0000] {subprocess.py:78} INFO - Tmp dir root location: /tmp
[2026-04-24T13:24:46.035+0000] {subprocess.py:88} INFO - Running command: ['/usr/bin/bash', '-c', 'spark-submit --master spark://spark:7077 /opt/***/spark/jobs/bronze/bronze_departments.py']
[2026-04-24T13:24:46.050+0000] {subprocess.py:99} INFO - Output:
[2026-04-24T13:24:46.115+0000] {subprocess.py:106} INFO - /home/***/.local/lib/python3.12/site-packages/pyspark/bin/load-spark-env.sh: line 68: ps: command not found
[2026-04-24T13:24:46.117+0000] {subprocess.py:106} INFO - JAVA_HOME is not set
[2026-04-24T13:24:46.117+0000] {subprocess.py:110} INFO - Command exited with return code 1
[2026-04-24T13:24:46.139+0000] {taskinstance.py:3313} ERROR - Task failed with exception
Traceback (most recent call last):
  File "/home/airflow/.local/lib/python3.12/site-packages/airflow/models/taskinstance.py", line 768, in _execute_task
    result = _execute_callable(context=context, **execute_callable_kwargs)
             ^^^^^^^^^^^^^^^^^^^^^^^^^^^^^^^^^^^^^^^^^^^^^^^^^^^^^^^^^^^^^
  File "/home/airflow/.local/lib/python3.12/site-packages/airflow/models/taskinstance.py", line 734, in _execute_callable
    return ExecutionCallableRunner(
           ^^^^^^^^^^^^^^^^^^^^^^^^
  File "/home/airflow/.local/lib/python3.12/site-packages/airflow/utils/operator_helpers.py", line 252, in run
    return self.func(*args, **kwargs)
           ^^^^^^^^^^^^^^^^^^^^^^^^^^
  File "/home/airflow/.local/lib/python3.12/site-packages/airflow/models/baseoperator.py", line 424, in wrapper
    return func(self, *args, **kwargs)
           ^^^^^^^^^^^^^^^^^^^^^^^^^^^
  File "/home/airflow/.local/lib/python3.12/site-packages/airflow/operators/bash.py", line 276, in execute
    raise AirflowException(
airflow.exceptions.AirflowException: Bash command failed. The command returned a non-zero exit code 1.
[2026-04-24T13:24:46.143+0000] {taskinstance.py:1226} INFO - Marking task as FAILED. dag_id=dag_bronze_departments, task_id=run_bronze_departments, run_id=manual__2026-04-24T13:24:42.520037+00:00, execution_date=20260424T132442, start_date=20260424T132445, end_date=20260424T132446
[2026-04-24T13:24:46.190+0000] {taskinstance.py:341} INFO - ::group::Post task execution logs
[2026-04-24T13:24:46.191+0000] {standard_task_runner.py:124} ERROR - Failed to execute job 41 for task run_bronze_departments (Bash command failed. The command returned a non-zero exit code 1.; 1262)
Traceback (most recent call last):
  File "/home/airflow/.local/lib/python3.12/site-packages/airflow/task/task_runner/standard_task_runner.py", line 117, in _start_by_fork
    ret = args.func(args, dag=self.dag)
          ^^^^^^^^^^^^^^^^^^^^^^^^^^^^^
  File "/home/airflow/.local/lib/python3.12/site-packages/airflow/cli/cli_config.py", line 49, in command
    return func(*args, **kwargs)
           ^^^^^^^^^^^^^^^^^^^^^
  File "/home/airflow/.local/lib/python3.12/site-packages/airflow/utils/cli.py", line 116, in wrapper
    return f(*args, **kwargs)
           ^^^^^^^^^^^^^^^^^^
  File "/home/airflow/.local/lib/python3.12/site-packages/airflow/cli/commands/task_command.py", line 483, in task_run
    task_return_code = _run_task_by_selected_method(args, _dag, ti)
                       ^^^^^^^^^^^^^^^^^^^^^^^^^^^^^^^^^^^^^^^^^^^^
  File "/home/airflow/.local/lib/python3.12/site-packages/airflow/cli/commands/task_command.py", line 256, in _run_task_by_selected_method
    return _run_raw_task(args, ti)
           ^^^^^^^^^^^^^^^^^^^^^^^
  File "/home/airflow/.local/lib/python3.12/site-packages/airflow/cli/commands/task_command.py", line 341, in _run_raw_task
    return ti._run_raw_task(
           ^^^^^^^^^^^^^^^^^
  File "/home/airflow/.local/lib/python3.12/site-packages/airflow/utils/session.py", line 97, in wrapper
    return func(*args, session=session, **kwargs)
           ^^^^^^^^^^^^^^^^^^^^^^^^^^^^^^^^^^^^^^
  File "/home/airflow/.local/lib/python3.12/site-packages/airflow/models/taskinstance.py", line 3006, in _run_raw_task
    return _run_raw_task(
           ^^^^^^^^^^^^^^
  File "/home/airflow/.local/lib/python3.12/site-packages/airflow/models/taskinstance.py", line 274, in _run_raw_task
    TaskInstance._execute_task_with_callbacks(
  File "/home/airflow/.local/lib/python3.12/site-packages/airflow/models/taskinstance.py", line 3161, in _execute_task_with_callbacks
    result = self._execute_task(context, task_orig)
             ^^^^^^^^^^^^^^^^^^^^^^^^^^^^^^^^^^^^^^
  File "/home/airflow/.local/lib/python3.12/site-packages/airflow/models/taskinstance.py", line 3185, in _execute_task
    return _execute_task(self, context, task_orig)
           ^^^^^^^^^^^^^^^^^^^^^^^^^^^^^^^^^^^^^^^
  File "/home/airflow/.local/lib/python3.12/site-packages/airflow/models/taskinstance.py", line 768, in _execute_task
    result = _execute_callable(context=context, **execute_callable_kwargs)
             ^^^^^^^^^^^^^^^^^^^^^^^^^^^^^^^^^^^^^^^^^^^^^^^^^^^^^^^^^^^^^
  File "/home/airflow/.local/lib/python3.12/site-packages/airflow/models/taskinstance.py", line 734, in _execute_callable
    return ExecutionCallableRunner(
           ^^^^^^^^^^^^^^^^^^^^^^^^
  File "/home/airflow/.local/lib/python3.12/site-packages/airflow/utils/operator_helpers.py", line 252, in run
    return self.func(*args, **kwargs)
           ^^^^^^^^^^^^^^^^^^^^^^^^^^
  File "/home/airflow/.local/lib/python3.12/site-packages/airflow/models/baseoperator.py", line 424, in wrapper
    return func(self, *args, **kwargs)
           ^^^^^^^^^^^^^^^^^^^^^^^^^^^
  File "/home/airflow/.local/lib/python3.12/site-packages/airflow/operators/bash.py", line 276, in execute
    raise AirflowException(
airflow.exceptions.AirflowException: Bash command failed. The command returned a non-zero exit code 1.
[2026-04-24T13:24:46.205+0000] {local_task_job_runner.py:266} INFO - Task exited with return code 1
[2026-04-24T13:24:46.233+0000] {taskinstance.py:3901} INFO - 0 downstream tasks scheduled from follow-on schedule check
[2026-04-24T13:24:46.238+0000] {local_task_job_runner.py:245} INFO - ::endgroup::
