[2026-05-06T17:59:37.218+0000] {local_task_job_runner.py:123} INFO - ::group::Pre task execution logs
[2026-05-06T17:59:37.244+0000] {taskinstance.py:2614} INFO - Dependencies all met for dep_context=non-requeueable deps ti=<TaskInstance: dag_bronze_products.run_bronze_products manual__2026-05-06T17:59:34.544461+00:00 [queued]>
[2026-05-06T17:59:37.255+0000] {taskinstance.py:2614} INFO - Dependencies all met for dep_context=requeueable deps ti=<TaskInstance: dag_bronze_products.run_bronze_products manual__2026-05-06T17:59:34.544461+00:00 [queued]>
[2026-05-06T17:59:37.255+0000] {taskinstance.py:2867} INFO - Starting attempt 1 of 1
[2026-05-06T17:59:37.289+0000] {taskinstance.py:2890} INFO - Executing <Task(BashOperator): run_bronze_products> on 2026-05-06 17:59:34.544461+00:00
[2026-05-06T17:59:37.297+0000] {standard_task_runner.py:104} INFO - Running: ['***', 'tasks', 'run', 'dag_bronze_products', 'run_bronze_products', 'manual__2026-05-06T17:59:34.544461+00:00', '--job-id', '96', '--raw', '--subdir', 'DAGS_FOLDER/dag_bronze_products.py', '--cfg-path', '/tmp/tmpxq39o243']
[2026-05-06T17:59:37.299+0000] {standard_task_runner.py:105} INFO - Job 96: Subtask run_bronze_products
[2026-05-06T17:59:37.300+0000] {logging_mixin.py:190} WARNING - /home/***/.local/lib/python3.12/site-packages/***/task/task_runner/standard_task_runner.py:70 DeprecationWarning: This process (pid=2445) is multi-threaded, use of fork() may lead to deadlocks in the child.
[2026-05-06T17:59:37.301+0000] {standard_task_runner.py:72} INFO - Started process 2446 to run task
[2026-05-06T17:59:37.354+0000] {task_command.py:467} INFO - Running <TaskInstance: dag_bronze_products.run_bronze_products manual__2026-05-06T17:59:34.544461+00:00 [running]> on host 7dc4cb1ea27d
[2026-05-06T17:59:37.460+0000] {taskinstance.py:3134} INFO - Exporting env vars: AIRFLOW_CTX_DAG_OWNER='***' AIRFLOW_CTX_DAG_ID='dag_bronze_products' AIRFLOW_CTX_TASK_ID='run_bronze_products' AIRFLOW_CTX_EXECUTION_DATE='2026-05-06T17:59:34.544461+00:00' AIRFLOW_CTX_TRY_NUMBER='1' AIRFLOW_CTX_DAG_RUN_ID='manual__2026-05-06T17:59:34.544461+00:00'
[2026-05-06T17:59:37.460+0000] {taskinstance.py:732} INFO - ::endgroup::
[2026-05-06T17:59:37.475+0000] {subprocess.py:78} INFO - Tmp dir root location: /tmp
[2026-05-06T17:59:37.476+0000] {subprocess.py:88} INFO - Running command: ['/usr/bin/bash', '-c', 'docker exec retail_lakehouse_spark /opt/spark/bin/spark-submit --master local[*] /opt/spark-apps/jobs/bronze/bronze_products.py']
[2026-05-06T17:59:37.490+0000] {subprocess.py:99} INFO - Output:
[2026-05-06T17:59:40.218+0000] {subprocess.py:106} INFO - ==================================================
[2026-05-06T17:59:40.218+0000] {subprocess.py:106} INFO - Retail Lakehouse - Bronze de products
[2026-05-06T17:59:40.219+0000] {subprocess.py:106} INFO - ==================================================
[2026-05-06T17:59:40.287+0000] {subprocess.py:106} INFO - 26/05/06 17:59:40 INFO SparkContext: Running Spark version 3.5.1
[2026-05-06T17:59:40.289+0000] {subprocess.py:106} INFO - 26/05/06 17:59:40 INFO SparkContext: OS info Linux, 6.17.9-76061709-generic, amd64
[2026-05-06T17:59:40.289+0000] {subprocess.py:106} INFO - 26/05/06 17:59:40 INFO SparkContext: Java version 11.0.22
[2026-05-06T17:59:40.345+0000] {subprocess.py:106} INFO - 26/05/06 17:59:40 WARN NativeCodeLoader: Unable to load native-hadoop library for your platform... using builtin-java classes where applicable
[2026-05-06T17:59:40.430+0000] {subprocess.py:106} INFO - 26/05/06 17:59:40 INFO ResourceUtils: ==============================================================
[2026-05-06T17:59:40.431+0000] {subprocess.py:106} INFO - 26/05/06 17:59:40 INFO ResourceUtils: No custom resources configured for spark.driver.
[2026-05-06T17:59:40.432+0000] {subprocess.py:106} INFO - 26/05/06 17:59:40 INFO ResourceUtils: ==============================================================
[2026-05-06T17:59:40.432+0000] {subprocess.py:106} INFO - 26/05/06 17:59:40 INFO SparkContext: Submitted application: retail-lakehouse-bronze-products
[2026-05-06T17:59:40.455+0000] {subprocess.py:106} INFO - 26/05/06 17:59:40 INFO ResourceProfile: Default ResourceProfile created, executor resources: Map(cores -> name: cores, amount: 1, script: , vendor: , memory -> name: memory, amount: 1024, script: , vendor: , offHeap -> name: offHeap, amount: 0, script: , vendor: ), task resources: Map(cpus -> name: cpus, amount: 1.0)
[2026-05-06T17:59:40.468+0000] {subprocess.py:106} INFO - 26/05/06 17:59:40 INFO ResourceProfile: Limiting resource is cpu
[2026-05-06T17:59:40.469+0000] {subprocess.py:106} INFO - 26/05/06 17:59:40 INFO ResourceProfileManager: Added ResourceProfile id: 0
[2026-05-06T17:59:40.531+0000] {subprocess.py:106} INFO - 26/05/06 17:59:40 INFO SecurityManager: Changing view acls to: spark
[2026-05-06T17:59:40.532+0000] {subprocess.py:106} INFO - 26/05/06 17:59:40 INFO SecurityManager: Changing modify acls to: spark
[2026-05-06T17:59:40.532+0000] {subprocess.py:106} INFO - 26/05/06 17:59:40 INFO SecurityManager: Changing view acls groups to:
[2026-05-06T17:59:40.533+0000] {subprocess.py:106} INFO - 26/05/06 17:59:40 INFO SecurityManager: Changing modify acls groups to:
[2026-05-06T17:59:40.533+0000] {subprocess.py:106} INFO - 26/05/06 17:59:40 INFO SecurityManager: SecurityManager: authentication disabled; ui acls disabled; users with view permissions: spark; groups with view permissions: EMPTY; users with modify permissions: spark; groups with modify permissions: EMPTY
[2026-05-06T17:59:40.757+0000] {subprocess.py:106} INFO - 26/05/06 17:59:40 INFO Utils: Successfully started service 'sparkDriver' on port 39961.
[2026-05-06T17:59:40.804+0000] {subprocess.py:106} INFO - 26/05/06 17:59:40 INFO SparkEnv: Registering MapOutputTracker
[2026-05-06T17:59:40.853+0000] {subprocess.py:106} INFO - 26/05/06 17:59:40 INFO SparkEnv: Registering BlockManagerMaster
[2026-05-06T17:59:40.881+0000] {subprocess.py:106} INFO - 26/05/06 17:59:40 INFO BlockManagerMasterEndpoint: Using org.apache.spark.storage.DefaultTopologyMapper for getting topology information
[2026-05-06T17:59:40.882+0000] {subprocess.py:106} INFO - 26/05/06 17:59:40 INFO BlockManagerMasterEndpoint: BlockManagerMasterEndpoint up
[2026-05-06T17:59:40.885+0000] {subprocess.py:106} INFO - 26/05/06 17:59:40 INFO SparkEnv: Registering BlockManagerMasterHeartbeat
[2026-05-06T17:59:40.919+0000] {subprocess.py:106} INFO - 26/05/06 17:59:40 INFO DiskBlockManager: Created local directory at /tmp/blockmgr-f1d6bc08-bf98-4f99-aa24-d6580083cf70
[2026-05-06T17:59:40.940+0000] {subprocess.py:106} INFO - 26/05/06 17:59:40 INFO MemoryStore: MemoryStore started with capacity 434.4 MiB
[2026-05-06T17:59:40.957+0000] {subprocess.py:106} INFO - 26/05/06 17:59:40 INFO SparkEnv: Registering OutputCommitCoordinator
[2026-05-06T17:59:41.101+0000] {subprocess.py:106} INFO - 26/05/06 17:59:41 INFO JettyUtils: Start Jetty 0.0.0.0:4040 for SparkUI
[2026-05-06T17:59:41.170+0000] {subprocess.py:106} INFO - 26/05/06 17:59:41 INFO Utils: Successfully started service 'SparkUI' on port 4040.
[2026-05-06T17:59:41.297+0000] {subprocess.py:106} INFO - 26/05/06 17:59:41 INFO Executor: Starting executor ID driver on host 913e3d4e4257
[2026-05-06T17:59:41.299+0000] {subprocess.py:106} INFO - 26/05/06 17:59:41 INFO Executor: OS info Linux, 6.17.9-76061709-generic, amd64
[2026-05-06T17:59:41.299+0000] {subprocess.py:106} INFO - 26/05/06 17:59:41 INFO Executor: Java version 11.0.22
[2026-05-06T17:59:41.306+0000] {subprocess.py:106} INFO - 26/05/06 17:59:41 INFO Executor: Starting executor with user classpath (userClassPathFirst = false): ''
[2026-05-06T17:59:41.307+0000] {subprocess.py:106} INFO - 26/05/06 17:59:41 INFO Executor: Created or updated repl class loader org.apache.spark.util.MutableURLClassLoader@6132cf3c for default.
[2026-05-06T17:59:41.331+0000] {subprocess.py:106} INFO - 26/05/06 17:59:41 INFO Utils: Successfully started service 'org.apache.spark.network.netty.NettyBlockTransferService' on port 45173.
[2026-05-06T17:59:41.332+0000] {subprocess.py:106} INFO - 26/05/06 17:59:41 INFO NettyBlockTransferService: Server created on 913e3d4e4257:45173
[2026-05-06T17:59:41.333+0000] {subprocess.py:106} INFO - 26/05/06 17:59:41 INFO BlockManager: Using org.apache.spark.storage.RandomBlockReplicationPolicy for block replication policy
[2026-05-06T17:59:41.341+0000] {subprocess.py:106} INFO - 26/05/06 17:59:41 INFO BlockManagerMaster: Registering BlockManager BlockManagerId(driver, 913e3d4e4257, 45173, None)
[2026-05-06T17:59:41.345+0000] {subprocess.py:106} INFO - 26/05/06 17:59:41 INFO BlockManagerMasterEndpoint: Registering block manager 913e3d4e4257:45173 with 434.4 MiB RAM, BlockManagerId(driver, 913e3d4e4257, 45173, None)
[2026-05-06T17:59:41.347+0000] {subprocess.py:106} INFO - 26/05/06 17:59:41 INFO BlockManagerMaster: Registered BlockManager BlockManagerId(driver, 913e3d4e4257, 45173, None)
[2026-05-06T17:59:41.349+0000] {subprocess.py:106} INFO - 26/05/06 17:59:41 INFO BlockManager: Initialized BlockManager: BlockManagerId(driver, 913e3d4e4257, 45173, None)
[2026-05-06T17:59:41.770+0000] {subprocess.py:106} INFO - ==================================================
[2026-05-06T17:59:41.770+0000] {subprocess.py:106} INFO - Leitura da raw de products
[2026-05-06T17:59:41.770+0000] {subprocess.py:106} INFO - ==================================================
[2026-05-06T17:59:41.771+0000] {subprocess.py:106} INFO - Arquivo de entrada: /data/raw/instacart/products/ingestion_date=2026-04-15/products.csv
[2026-05-06T17:59:47.216+0000] {subprocess.py:106} INFO - Schema lido da raw:
[2026-05-06T17:59:47.220+0000] {subprocess.py:106} INFO - root
[2026-05-06T17:59:47.223+0000] {subprocess.py:106} INFO -  |-- product_id: string (nullable = true)
[2026-05-06T17:59:47.223+0000] {subprocess.py:106} INFO -  |-- product_name: string (nullable = true)
[2026-05-06T17:59:47.224+0000] {subprocess.py:106} INFO -  |-- aisle_id: string (nullable = true)
[2026-05-06T17:59:47.224+0000] {subprocess.py:106} INFO -  |-- department_id: string (nullable = true)
[2026-05-06T17:59:47.226+0000] {subprocess.py:106} INFO - 
[2026-05-06T17:59:47.226+0000] {subprocess.py:106} INFO - ==================================================
[2026-05-06T17:59:47.227+0000] {subprocess.py:106} INFO - Transformação Bronze de products
[2026-05-06T17:59:47.228+0000] {subprocess.py:106} INFO - ==================================================
[2026-05-06T17:59:47.442+0000] {subprocess.py:106} INFO - Schema após transformação Bronze:
[2026-05-06T17:59:47.443+0000] {subprocess.py:106} INFO - root
[2026-05-06T17:59:47.444+0000] {subprocess.py:106} INFO -  |-- product_id: integer (nullable = true)
[2026-05-06T17:59:47.444+0000] {subprocess.py:106} INFO -  |-- product_name: string (nullable = true)
[2026-05-06T17:59:47.446+0000] {subprocess.py:106} INFO -  |-- aisle_id: integer (nullable = true)
[2026-05-06T17:59:47.446+0000] {subprocess.py:106} INFO -  |-- department_id: integer (nullable = true)
[2026-05-06T17:59:47.446+0000] {subprocess.py:106} INFO -  |-- source_file_name: string (nullable = false)
[2026-05-06T17:59:47.447+0000] {subprocess.py:106} INFO -  |-- raw_ingestion_date: string (nullable = false)
[2026-05-06T17:59:47.447+0000] {subprocess.py:106} INFO -  |-- bronze_processed_at: timestamp (nullable = false)
[2026-05-06T17:59:47.447+0000] {subprocess.py:106} INFO - 
[2026-05-06T17:59:47.447+0000] {subprocess.py:106} INFO - ==================================================
[2026-05-06T17:59:47.449+0000] {subprocess.py:106} INFO - Escrita da Bronze de products
[2026-05-06T17:59:47.450+0000] {subprocess.py:106} INFO - ==================================================
[2026-05-06T17:59:47.450+0000] {subprocess.py:106} INFO - Diretório de saída: /data/bronze/instacart/products/ingestion_date=2026-04-15
[2026-05-06T17:59:49.838+0000] {subprocess.py:106} INFO - [OK] Bronze de products escrita com sucesso em Parquet.
[2026-05-06T17:59:49.840+0000] {subprocess.py:106} INFO - ==================================================
[2026-05-06T17:59:49.841+0000] {subprocess.py:106} INFO - Resumo da Bronze de products
[2026-05-06T17:59:49.841+0000] {subprocess.py:106} INFO - ==================================================
[2026-05-06T17:59:50.566+0000] {subprocess.py:106} INFO - Total de registros: 49688
[2026-05-06T17:59:50.567+0000] {subprocess.py:106} INFO - Diretório final: /data/bronze/instacart/products/ingestion_date=2026-04-15
[2026-05-06T17:59:50.568+0000] {subprocess.py:106} INFO - Prévia dos dados:
[2026-05-06T17:59:50.788+0000] {subprocess.py:106} INFO - +----------+-----------------------------------------------------------------+--------+-------------+--------------------------------------------------------------------------+------------------+--------------------------+
[2026-05-06T17:59:50.789+0000] {subprocess.py:106} INFO - |product_id|product_name                                                     |aisle_id|department_id|source_file_name                                                          |raw_ingestion_date|bronze_processed_at       |
[2026-05-06T17:59:50.789+0000] {subprocess.py:106} INFO - +----------+-----------------------------------------------------------------+--------+-------------+--------------------------------------------------------------------------+------------------+--------------------------+
[2026-05-06T17:59:50.790+0000] {subprocess.py:106} INFO - |1         |Chocolate Sandwich Cookies                                       |61      |19           |file:///data/raw/instacart/products/ingestion_date=2026-04-15/products.csv|2026-04-15        |2026-05-06 17:59:50.598767|
[2026-05-06T17:59:50.790+0000] {subprocess.py:106} INFO - |2         |All-Seasons Salt                                                 |104     |13           |file:///data/raw/instacart/products/ingestion_date=2026-04-15/products.csv|2026-04-15        |2026-05-06 17:59:50.598767|
[2026-05-06T17:59:50.790+0000] {subprocess.py:106} INFO - |3         |Robust Golden Unsweetened Oolong Tea                             |94      |7            |file:///data/raw/instacart/products/ingestion_date=2026-04-15/products.csv|2026-04-15        |2026-05-06 17:59:50.598767|
[2026-05-06T17:59:50.790+0000] {subprocess.py:106} INFO - |4         |Smart Ones Classic Favorites Mini Rigatoni With Vodka Cream Sauce|38      |1            |file:///data/raw/instacart/products/ingestion_date=2026-04-15/products.csv|2026-04-15        |2026-05-06 17:59:50.598767|
[2026-05-06T17:59:50.792+0000] {subprocess.py:106} INFO - |5         |Green Chile Anytime Sauce                                        |5       |13           |file:///data/raw/instacart/products/ingestion_date=2026-04-15/products.csv|2026-04-15        |2026-05-06 17:59:50.598767|
[2026-05-06T17:59:50.792+0000] {subprocess.py:106} INFO - |6         |Dry Nose Oil                                                     |11      |11           |file:///data/raw/instacart/products/ingestion_date=2026-04-15/products.csv|2026-04-15        |2026-05-06 17:59:50.598767|
[2026-05-06T17:59:50.793+0000] {subprocess.py:106} INFO - |7         |Pure Coconut Water With Orange                                   |98      |7            |file:///data/raw/instacart/products/ingestion_date=2026-04-15/products.csv|2026-04-15        |2026-05-06 17:59:50.598767|
[2026-05-06T17:59:50.794+0000] {subprocess.py:106} INFO - |8         |Cut Russet Potatoes Steam N' Mash                                |116     |1            |file:///data/raw/instacart/products/ingestion_date=2026-04-15/products.csv|2026-04-15        |2026-05-06 17:59:50.598767|
[2026-05-06T17:59:50.794+0000] {subprocess.py:106} INFO - |9         |Light Strawberry Blueberry Yogurt                                |120     |16           |file:///data/raw/instacart/products/ingestion_date=2026-04-15/products.csv|2026-04-15        |2026-05-06 17:59:50.598767|
[2026-05-06T17:59:50.795+0000] {subprocess.py:106} INFO - |10        |Sparkling Orange Juice & Prickly Pear Beverage                   |115     |7            |file:///data/raw/instacart/products/ingestion_date=2026-04-15/products.csv|2026-04-15        |2026-05-06 17:59:50.598767|
[2026-05-06T17:59:50.795+0000] {subprocess.py:106} INFO - |11        |Peach Mango Juice                                                |31      |7            |file:///data/raw/instacart/products/ingestion_date=2026-04-15/products.csv|2026-04-15        |2026-05-06 17:59:50.598767|
[2026-05-06T17:59:50.796+0000] {subprocess.py:106} INFO - |12        |Chocolate Fudge Layer Cake                                       |119     |1            |file:///data/raw/instacart/products/ingestion_date=2026-04-15/products.csv|2026-04-15        |2026-05-06 17:59:50.598767|
[2026-05-06T17:59:50.797+0000] {subprocess.py:106} INFO - |13        |Saline Nasal Mist                                                |11      |11           |file:///data/raw/instacart/products/ingestion_date=2026-04-15/products.csv|2026-04-15        |2026-05-06 17:59:50.598767|
[2026-05-06T17:59:50.799+0000] {subprocess.py:106} INFO - |14        |Fresh Scent Dishwasher Cleaner                                   |74      |17           |file:///data/raw/instacart/products/ingestion_date=2026-04-15/products.csv|2026-04-15        |2026-05-06 17:59:50.598767|
[2026-05-06T17:59:50.800+0000] {subprocess.py:106} INFO - |15        |Overnight Diapers Size 6                                         |56      |18           |file:///data/raw/instacart/products/ingestion_date=2026-04-15/products.csv|2026-04-15        |2026-05-06 17:59:50.598767|
[2026-05-06T17:59:50.800+0000] {subprocess.py:106} INFO - |16        |Mint Chocolate Flavored Syrup                                    |103     |19           |file:///data/raw/instacart/products/ingestion_date=2026-04-15/products.csv|2026-04-15        |2026-05-06 17:59:50.598767|
[2026-05-06T17:59:50.800+0000] {subprocess.py:106} INFO - |17        |Rendered Duck Fat                                                |35      |12           |file:///data/raw/instacart/products/ingestion_date=2026-04-15/products.csv|2026-04-15        |2026-05-06 17:59:50.598767|
[2026-05-06T17:59:50.801+0000] {subprocess.py:106} INFO - |18        |Pizza for One Suprema  Frozen Pizza                              |79      |1            |file:///data/raw/instacart/products/ingestion_date=2026-04-15/products.csv|2026-04-15        |2026-05-06 17:59:50.598767|
[2026-05-06T17:59:50.801+0000] {subprocess.py:106} INFO - |19        |Gluten Free Quinoa Three Cheese & Mushroom Blend                 |63      |9            |file:///data/raw/instacart/products/ingestion_date=2026-04-15/products.csv|2026-04-15        |2026-05-06 17:59:50.598767|
[2026-05-06T17:59:50.803+0000] {subprocess.py:106} INFO - |20        |Pomegranate Cranberry & Aloe Vera Enrich Drink                   |98      |7            |file:///data/raw/instacart/products/ingestion_date=2026-04-15/products.csv|2026-04-15        |2026-05-06 17:59:50.598767|
[2026-05-06T17:59:50.803+0000] {subprocess.py:106} INFO - +----------+-----------------------------------------------------------------+--------+-------------+--------------------------------------------------------------------------+------------------+--------------------------+
[2026-05-06T17:59:50.804+0000] {subprocess.py:106} INFO - only showing top 20 rows
[2026-05-06T17:59:50.805+0000] {subprocess.py:106} INFO - 
[2026-05-06T17:59:50.805+0000] {subprocess.py:106} INFO - [OK] Job Bronze de products concluído com sucesso.
[2026-05-06T17:59:51.228+0000] {subprocess.py:110} INFO - Command exited with return code 0
[2026-05-06T17:59:51.260+0000] {taskinstance.py:341} INFO - ::group::Post task execution logs
[2026-05-06T17:59:51.260+0000] {taskinstance.py:353} INFO - Marking task as SUCCESS. dag_id=dag_bronze_products, task_id=run_bronze_products, run_id=manual__2026-05-06T17:59:34.544461+00:00, execution_date=20260506T175934, start_date=20260506T175937, end_date=20260506T175951
[2026-05-06T17:59:51.333+0000] {local_task_job_runner.py:266} INFO - Task exited with return code 0
[2026-05-06T17:59:51.356+0000] {taskinstance.py:3901} INFO - 0 downstream tasks scheduled from follow-on schedule check
[2026-05-06T17:59:51.378+0000] {local_task_job_runner.py:245} INFO - ::endgroup::
