[2026-05-06T17:59:36.015+0000] {local_task_job_runner.py:123} INFO - ::group::Pre task execution logs
[2026-05-06T17:59:36.041+0000] {taskinstance.py:2614} INFO - Dependencies all met for dep_context=non-requeueable deps ti=<TaskInstance: dag_bronze_products.show_bronze_products_context manual__2026-05-06T17:59:34.544461+00:00 [queued]>
[2026-05-06T17:59:36.052+0000] {taskinstance.py:2614} INFO - Dependencies all met for dep_context=requeueable deps ti=<TaskInstance: dag_bronze_products.show_bronze_products_context manual__2026-05-06T17:59:34.544461+00:00 [queued]>
[2026-05-06T17:59:36.053+0000] {taskinstance.py:2867} INFO - Starting attempt 1 of 1
[2026-05-06T17:59:36.087+0000] {taskinstance.py:2890} INFO - Executing <Task(PythonOperator): show_bronze_products_context> on 2026-05-06 17:59:34.544461+00:00
[2026-05-06T17:59:36.097+0000] {standard_task_runner.py:104} INFO - Running: ['***', 'tasks', 'run', 'dag_bronze_products', 'show_bronze_products_context', 'manual__2026-05-06T17:59:34.544461+00:00', '--job-id', '95', '--raw', '--subdir', 'DAGS_FOLDER/dag_bronze_products.py', '--cfg-path', '/tmp/tmpgn2dhj_w']
[2026-05-06T17:59:36.099+0000] {standard_task_runner.py:105} INFO - Job 95: Subtask show_bronze_products_context
[2026-05-06T17:59:36.101+0000] {logging_mixin.py:190} WARNING - /home/***/.local/lib/python3.12/site-packages/***/task/task_runner/standard_task_runner.py:70 DeprecationWarning: This process (pid=2442) is multi-threaded, use of fork() may lead to deadlocks in the child.
[2026-05-06T17:59:36.102+0000] {standard_task_runner.py:72} INFO - Started process 2443 to run task
[2026-05-06T17:59:36.155+0000] {task_command.py:467} INFO - Running <TaskInstance: dag_bronze_products.show_bronze_products_context manual__2026-05-06T17:59:34.544461+00:00 [running]> on host 7dc4cb1ea27d
[2026-05-06T17:59:36.265+0000] {taskinstance.py:3134} INFO - Exporting env vars: AIRFLOW_CTX_DAG_OWNER='***' AIRFLOW_CTX_DAG_ID='dag_bronze_products' AIRFLOW_CTX_TASK_ID='show_bronze_products_context' AIRFLOW_CTX_EXECUTION_DATE='2026-05-06T17:59:34.544461+00:00' AIRFLOW_CTX_TRY_NUMBER='1' AIRFLOW_CTX_DAG_RUN_ID='manual__2026-05-06T17:59:34.544461+00:00'
[2026-05-06T17:59:36.266+0000] {taskinstance.py:732} INFO - ::endgroup::
[2026-05-06T17:59:36.282+0000] {logging_mixin.py:190} INFO - ==================================================
[2026-05-06T17:59:36.282+0000] {logging_mixin.py:190} INFO - Retail Lakehouse - Contexto Bronze products
[2026-05-06T17:59:36.282+0000] {logging_mixin.py:190} INFO - LOCAL_RAW_DIR=./data/raw
[2026-05-06T17:59:36.282+0000] {logging_mixin.py:190} INFO - LOCAL_BRONZE_DIR=./data/bronze
[2026-05-06T17:59:36.282+0000] {logging_mixin.py:190} INFO - Objetivo: transformar raw de products em Bronze Parquet
[2026-05-06T17:59:36.283+0000] {logging_mixin.py:190} INFO - Execução real do job: container Spark
[2026-05-06T17:59:36.283+0000] {logging_mixin.py:190} INFO - ==================================================
[2026-05-06T17:59:36.283+0000] {python.py:240} INFO - Done. Returned value was: None
[2026-05-06T17:59:36.296+0000] {taskinstance.py:341} INFO - ::group::Post task execution logs
[2026-05-06T17:59:36.296+0000] {taskinstance.py:353} INFO - Marking task as SUCCESS. dag_id=dag_bronze_products, task_id=show_bronze_products_context, run_id=manual__2026-05-06T17:59:34.544461+00:00, execution_date=20260506T175934, start_date=20260506T175936, end_date=20260506T175936
[2026-05-06T17:59:36.356+0000] {local_task_job_runner.py:266} INFO - Task exited with return code 0
[2026-05-06T17:59:36.388+0000] {taskinstance.py:3901} INFO - 1 downstream tasks scheduled from follow-on schedule check
[2026-05-06T17:59:36.409+0000] {local_task_job_runner.py:245} INFO - ::endgroup::
