[2026-04-15T15:17:07.837+0000] {local_task_job_runner.py:123} INFO - ::group::Pre task execution logs
[2026-04-15T15:17:07.878+0000] {taskinstance.py:2614} INFO - Dependencies all met for dep_context=non-requeueable deps ti=<TaskInstance: dag_ingest_instacart_local.ingest_instacart_to_local_raw manual__2026-04-15T15:17:04.100015+00:00 [queued]>
[2026-04-15T15:17:07.891+0000] {taskinstance.py:2614} INFO - Dependencies all met for dep_context=requeueable deps ti=<TaskInstance: dag_ingest_instacart_local.ingest_instacart_to_local_raw manual__2026-04-15T15:17:04.100015+00:00 [queued]>
[2026-04-15T15:17:07.891+0000] {taskinstance.py:2867} INFO - Starting attempt 1 of 1
[2026-04-15T15:17:08.218+0000] {taskinstance.py:2890} INFO - Executing <Task(PythonOperator): ingest_instacart_to_local_raw> on 2026-04-15 15:17:04.100015+00:00
[2026-04-15T15:17:08.239+0000] {standard_task_runner.py:104} INFO - Running: ['***', 'tasks', 'run', 'dag_ingest_instacart_local', 'ingest_instacart_to_local_raw', 'manual__2026-04-15T15:17:04.100015+00:00', '--job-id', '28', '--raw', '--subdir', 'DAGS_FOLDER/dag_ingest_instacart_local.py', '--cfg-path', '/tmp/tmph7bkftvx']
[2026-04-15T15:17:08.247+0000] {standard_task_runner.py:105} INFO - Job 28: Subtask ingest_instacart_to_local_raw
[2026-04-15T15:17:08.250+0000] {logging_mixin.py:190} WARNING - /home/***/.local/lib/python3.12/site-packages/***/task/task_runner/standard_task_runner.py:70 DeprecationWarning: This process (pid=299) is multi-threaded, use of fork() may lead to deadlocks in the child.
[2026-04-15T15:17:08.253+0000] {standard_task_runner.py:72} INFO - Started process 300 to run task
[2026-04-15T15:17:08.329+0000] {task_command.py:467} INFO - Running <TaskInstance: dag_ingest_instacart_local.ingest_instacart_to_local_raw manual__2026-04-15T15:17:04.100015+00:00 [running]> on host cb1b6ff48ed9
[2026-04-15T15:17:08.466+0000] {taskinstance.py:3134} INFO - Exporting env vars: AIRFLOW_CTX_DAG_OWNER='***' AIRFLOW_CTX_DAG_ID='dag_ingest_instacart_local' AIRFLOW_CTX_TASK_ID='ingest_instacart_to_local_raw' AIRFLOW_CTX_EXECUTION_DATE='2026-04-15T15:17:04.100015+00:00' AIRFLOW_CTX_TRY_NUMBER='1' AIRFLOW_CTX_DAG_RUN_ID='manual__2026-04-15T15:17:04.100015+00:00'
[2026-04-15T15:17:08.466+0000] {taskinstance.py:732} INFO - ::endgroup::
[2026-04-15T15:17:08.481+0000] {logging_mixin.py:190} INFO - ==================================================
[2026-04-15T15:17:08.481+0000] {logging_mixin.py:190} INFO - Retail Lakehouse - Ingestão local para camada raw
[2026-04-15T15:17:08.481+0000] {logging_mixin.py:190} INFO - ==================================================
[2026-04-15T15:17:08.482+0000] {logging_mixin.py:190} INFO - ==================================================
[2026-04-15T15:17:08.482+0000] {logging_mixin.py:190} INFO - Validação dos arquivos de origem do Instacart
[2026-04-15T15:17:08.482+0000] {logging_mixin.py:190} INFO - ==================================================
[2026-04-15T15:17:08.482+0000] {logging_mixin.py:190} INFO - Diretório de origem: /opt/***/data/source/instacart
[2026-04-15T15:17:08.483+0000] {logging_mixin.py:190} INFO - [OK] Arquivo encontrado: orders.csv
[2026-04-15T15:17:08.483+0000] {logging_mixin.py:190} INFO - [OK] Arquivo encontrado: products.csv
[2026-04-15T15:17:08.483+0000] {logging_mixin.py:190} INFO - [OK] Arquivo encontrado: departments.csv
[2026-04-15T15:17:08.483+0000] {logging_mixin.py:190} INFO - [OK] Arquivo encontrado: aisles.csv
[2026-04-15T15:17:08.483+0000] {logging_mixin.py:190} INFO - [OK] Arquivo encontrado: order_products__prior.csv
[2026-04-15T15:17:08.484+0000] {logging_mixin.py:190} INFO - [OK] Arquivo encontrado: order_products__train.csv
[2026-04-15T15:17:08.484+0000] {logging_mixin.py:190} INFO - Todos os arquivos obrigatórios foram encontrados.
[2026-04-15T15:17:08.484+0000] {logging_mixin.py:190} INFO - ==================================================
[2026-04-15T15:17:08.484+0000] {logging_mixin.py:190} INFO - Cópia dos arquivos para a camada raw local
[2026-04-15T15:17:08.484+0000] {logging_mixin.py:190} INFO - ==================================================
[2026-04-15T15:17:08.519+0000] {logging_mixin.py:190} INFO - [COPIADO] /opt/***/data/source/instacart/orders.csv -> /opt/***/data/raw/instacart/orders/ingestion_date=2026-04-15/orders.csv
[2026-04-15T15:17:08.521+0000] {logging_mixin.py:190} INFO - [COPIADO] /opt/***/data/source/instacart/products.csv -> /opt/***/data/raw/instacart/products/ingestion_date=2026-04-15/products.csv
[2026-04-15T15:17:08.521+0000] {logging_mixin.py:190} INFO - [COPIADO] /opt/***/data/source/instacart/departments.csv -> /opt/***/data/raw/instacart/departments/ingestion_date=2026-04-15/departments.csv
[2026-04-15T15:17:08.522+0000] {logging_mixin.py:190} INFO - [COPIADO] /opt/***/data/source/instacart/aisles.csv -> /opt/***/data/raw/instacart/aisles/ingestion_date=2026-04-15/aisles.csv
[2026-04-15T15:17:10.392+0000] {logging_mixin.py:190} INFO - [COPIADO] /opt/***/data/source/instacart/order_products__prior.csv -> /opt/***/data/raw/instacart/order_products_prior/ingestion_date=2026-04-15/order_products__prior.csv
[2026-04-15T15:17:11.176+0000] {logging_mixin.py:190} INFO - [COPIADO] /opt/***/data/source/instacart/order_products__train.csv -> /opt/***/data/raw/instacart/order_products_train/ingestion_date=2026-04-15/order_products__train.csv
[2026-04-15T15:17:11.176+0000] {logging_mixin.py:190} INFO - Cópia concluída com sucesso.
[2026-04-15T15:17:11.176+0000] {logging_mixin.py:190} INFO - ==================================================
[2026-04-15T15:17:11.176+0000] {logging_mixin.py:190} INFO - Resumo da ingestão local para raw
[2026-04-15T15:17:11.177+0000] {logging_mixin.py:190} INFO - ==================================================
[2026-04-15T15:17:11.177+0000] {logging_mixin.py:190} INFO - Data de ingestão: 2026-04-15
[2026-04-15T15:17:11.177+0000] {logging_mixin.py:190} INFO - Total de arquivos copiados: 6
[2026-04-15T15:17:11.177+0000] {logging_mixin.py:190} INFO - - /opt/***/data/raw/instacart/orders/ingestion_date=2026-04-15/orders.csv | tamanho=108968645 bytes
[2026-04-15T15:17:11.177+0000] {logging_mixin.py:190} INFO - - /opt/***/data/raw/instacart/products/ingestion_date=2026-04-15/products.csv | tamanho=2166953 bytes
[2026-04-15T15:17:11.177+0000] {logging_mixin.py:190} INFO - - /opt/***/data/raw/instacart/departments/ingestion_date=2026-04-15/departments.csv | tamanho=270 bytes
[2026-04-15T15:17:11.178+0000] {logging_mixin.py:190} INFO - - /opt/***/data/raw/instacart/aisles/ingestion_date=2026-04-15/aisles.csv | tamanho=2603 bytes
[2026-04-15T15:17:11.178+0000] {logging_mixin.py:190} INFO - - /opt/***/data/raw/instacart/order_products_prior/ingestion_date=2026-04-15/order_products__prior.csv | tamanho=577550706 bytes
[2026-04-15T15:17:11.178+0000] {logging_mixin.py:190} INFO - - /opt/***/data/raw/instacart/order_products_train/ingestion_date=2026-04-15/order_products__train.csv | tamanho=24680147 bytes
[2026-04-15T15:17:11.178+0000] {logging_mixin.py:190} INFO - Ingestão local concluída com sucesso.
[2026-04-15T15:17:11.179+0000] {python.py:240} INFO - Done. Returned value was: None
[2026-04-15T15:17:11.194+0000] {taskinstance.py:341} INFO - ::group::Post task execution logs
[2026-04-15T15:17:11.194+0000] {taskinstance.py:353} INFO - Marking task as SUCCESS. dag_id=dag_ingest_instacart_local, task_id=ingest_instacart_to_local_raw, run_id=manual__2026-04-15T15:17:04.100015+00:00, execution_date=20260415T151704, start_date=20260415T151707, end_date=20260415T151711
[2026-04-15T15:17:12.130+0000] {local_task_job_runner.py:266} INFO - Task exited with return code 0
[2026-04-15T15:17:12.159+0000] {taskinstance.py:3901} INFO - 0 downstream tasks scheduled from follow-on schedule check
[2026-04-15T15:17:12.292+0000] {local_task_job_runner.py:245} INFO - ::endgroup::
