[2026-04-15T15:15:50.849+0000] {local_task_job_runner.py:123} INFO - ::group::Pre task execution logs
[2026-04-15T15:15:50.874+0000] {taskinstance.py:2614} INFO - Dependencies all met for dep_context=non-requeueable deps ti=<TaskInstance: dag_prepare_instacart_source.show_prepare_source_context manual__2026-04-15T15:15:48.963998+00:00 [queued]>
[2026-04-15T15:15:50.883+0000] {taskinstance.py:2614} INFO - Dependencies all met for dep_context=requeueable deps ti=<TaskInstance: dag_prepare_instacart_source.show_prepare_source_context manual__2026-04-15T15:15:48.963998+00:00 [queued]>
[2026-04-15T15:15:50.884+0000] {taskinstance.py:2867} INFO - Starting attempt 1 of 1
[2026-04-15T15:15:50.905+0000] {taskinstance.py:2890} INFO - Executing <Task(PythonOperator): show_prepare_source_context> on 2026-04-15 15:15:48.963998+00:00
[2026-04-15T15:15:50.914+0000] {standard_task_runner.py:104} INFO - Running: ['***', 'tasks', 'run', 'dag_prepare_instacart_source', 'show_prepare_source_context', 'manual__2026-04-15T15:15:48.963998+00:00', '--job-id', '25', '--raw', '--subdir', 'DAGS_FOLDER/dag_prepare_instacart_source.py', '--cfg-path', '/tmp/tmpz5di7__j']
[2026-04-15T15:15:50.916+0000] {standard_task_runner.py:105} INFO - Job 25: Subtask show_prepare_source_context
[2026-04-15T15:15:50.917+0000] {logging_mixin.py:190} WARNING - /home/***/.local/lib/python3.12/site-packages/***/task/task_runner/standard_task_runner.py:70 DeprecationWarning: This process (pid=259) is multi-threaded, use of fork() may lead to deadlocks in the child.
[2026-04-15T15:15:50.917+0000] {standard_task_runner.py:72} INFO - Started process 260 to run task
[2026-04-15T15:15:50.968+0000] {task_command.py:467} INFO - Running <TaskInstance: dag_prepare_instacart_source.show_prepare_source_context manual__2026-04-15T15:15:48.963998+00:00 [running]> on host cb1b6ff48ed9
[2026-04-15T15:15:51.060+0000] {taskinstance.py:3134} INFO - Exporting env vars: AIRFLOW_CTX_DAG_OWNER='***' AIRFLOW_CTX_DAG_ID='dag_prepare_instacart_source' AIRFLOW_CTX_TASK_ID='show_prepare_source_context' AIRFLOW_CTX_EXECUTION_DATE='2026-04-15T15:15:48.963998+00:00' AIRFLOW_CTX_TRY_NUMBER='1' AIRFLOW_CTX_DAG_RUN_ID='manual__2026-04-15T15:15:48.963998+00:00'
[2026-04-15T15:15:51.061+0000] {taskinstance.py:732} INFO - ::endgroup::
[2026-04-15T15:15:51.097+0000] {logging_mixin.py:190} INFO - ==================================================
[2026-04-15T15:15:51.097+0000] {logging_mixin.py:190} INFO - Retail Lakehouse - Preparação da origem via Kaggle
[2026-04-15T15:15:51.097+0000] {logging_mixin.py:190} INFO - KAGGLE_DATASET=psparks/instacart-market-basket-analysis
[2026-04-15T15:15:51.097+0000] {logging_mixin.py:190} INFO - LOCAL_SOURCE_INSTACART_DIR=./data/source/instacart
[2026-04-15T15:15:51.097+0000] {logging_mixin.py:190} INFO - ==================================================
[2026-04-15T15:15:51.098+0000] {python.py:240} INFO - Done. Returned value was: None
[2026-04-15T15:15:51.110+0000] {taskinstance.py:341} INFO - ::group::Post task execution logs
[2026-04-15T15:15:51.111+0000] {taskinstance.py:353} INFO - Marking task as SUCCESS. dag_id=dag_prepare_instacart_source, task_id=show_prepare_source_context, run_id=manual__2026-04-15T15:15:48.963998+00:00, execution_date=20260415T151548, start_date=20260415T151550, end_date=20260415T151551
[2026-04-15T15:15:51.172+0000] {local_task_job_runner.py:266} INFO - Task exited with return code 0
[2026-04-15T15:15:51.203+0000] {taskinstance.py:3901} INFO - 1 downstream tasks scheduled from follow-on schedule check
[2026-04-15T15:15:51.214+0000] {local_task_job_runner.py:245} INFO - ::endgroup::
