[2026-05-04T18:46:15.356+0000] {local_task_job_runner.py:123} INFO - ::group::Pre task execution logs
[2026-05-04T18:46:15.383+0000] {taskinstance.py:2614} INFO - Dependencies all met for dep_context=non-requeueable deps ti=<TaskInstance: dag_bronze_aisles.run_bronze_aisles manual__2026-05-04T18:46:12.127971+00:00 [queued]>
[2026-05-04T18:46:15.395+0000] {taskinstance.py:2614} INFO - Dependencies all met for dep_context=requeueable deps ti=<TaskInstance: dag_bronze_aisles.run_bronze_aisles manual__2026-05-04T18:46:12.127971+00:00 [queued]>
[2026-05-04T18:46:15.395+0000] {taskinstance.py:2867} INFO - Starting attempt 1 of 1
[2026-05-04T18:46:15.410+0000] {taskinstance.py:2890} INFO - Executing <Task(BashOperator): run_bronze_aisles> on 2026-05-04 18:46:12.127971+00:00
[2026-05-04T18:46:15.419+0000] {standard_task_runner.py:104} INFO - Running: ['***', 'tasks', 'run', 'dag_bronze_aisles', 'run_bronze_aisles', 'manual__2026-05-04T18:46:12.127971+00:00', '--job-id', '82', '--raw', '--subdir', 'DAGS_FOLDER/dag_bronze_aisles.py', '--cfg-path', '/tmp/tmpiwhf2dhp']
[2026-05-04T18:46:15.421+0000] {standard_task_runner.py:105} INFO - Job 82: Subtask run_bronze_aisles
[2026-05-04T18:46:15.422+0000] {logging_mixin.py:190} WARNING - /home/***/.local/lib/python3.12/site-packages/***/task/task_runner/standard_task_runner.py:70 DeprecationWarning: This process (pid=301) is multi-threaded, use of fork() may lead to deadlocks in the child.
[2026-05-04T18:46:15.423+0000] {standard_task_runner.py:72} INFO - Started process 302 to run task
[2026-05-04T18:46:15.478+0000] {task_command.py:467} INFO - Running <TaskInstance: dag_bronze_aisles.run_bronze_aisles manual__2026-05-04T18:46:12.127971+00:00 [running]> on host 94d99d2c01a4
[2026-05-04T18:46:15.598+0000] {taskinstance.py:3134} INFO - Exporting env vars: AIRFLOW_CTX_DAG_OWNER='***' AIRFLOW_CTX_DAG_ID='dag_bronze_aisles' AIRFLOW_CTX_TASK_ID='run_bronze_aisles' AIRFLOW_CTX_EXECUTION_DATE='2026-05-04T18:46:12.127971+00:00' AIRFLOW_CTX_TRY_NUMBER='1' AIRFLOW_CTX_DAG_RUN_ID='manual__2026-05-04T18:46:12.127971+00:00'
[2026-05-04T18:46:15.599+0000] {taskinstance.py:732} INFO - ::endgroup::
[2026-05-04T18:46:15.614+0000] {subprocess.py:78} INFO - Tmp dir root location: /tmp
[2026-05-04T18:46:15.615+0000] {subprocess.py:88} INFO - Running command: ['/usr/bin/bash', '-c', 'docker exec retail_lakehouse_spark /opt/spark/bin/spark-submit --master local[*] /opt/spark-apps/jobs/bronze/bronze_aisles.py']
[2026-05-04T18:46:15.628+0000] {subprocess.py:99} INFO - Output:
[2026-05-04T18:46:19.358+0000] {subprocess.py:106} INFO - ==================================================
[2026-05-04T18:46:19.359+0000] {subprocess.py:106} INFO - Retail Lakehouse - Bronze de aisles
[2026-05-04T18:46:19.359+0000] {subprocess.py:106} INFO - ==================================================
[2026-05-04T18:46:19.439+0000] {subprocess.py:106} INFO - 26/05/04 18:46:19 INFO SparkContext: Running Spark version 3.5.1
[2026-05-04T18:46:19.442+0000] {subprocess.py:106} INFO - 26/05/04 18:46:19 INFO SparkContext: OS info Linux, 6.17.9-76061709-generic, amd64
[2026-05-04T18:46:19.443+0000] {subprocess.py:106} INFO - 26/05/04 18:46:19 INFO SparkContext: Java version 11.0.22
[2026-05-04T18:46:19.539+0000] {subprocess.py:106} INFO - 26/05/04 18:46:19 WARN NativeCodeLoader: Unable to load native-hadoop library for your platform... using builtin-java classes where applicable
[2026-05-04T18:46:19.656+0000] {subprocess.py:106} INFO - 26/05/04 18:46:19 INFO ResourceUtils: ==============================================================
[2026-05-04T18:46:19.659+0000] {subprocess.py:106} INFO - 26/05/04 18:46:19 INFO ResourceUtils: No custom resources configured for spark.driver.
[2026-05-04T18:46:19.660+0000] {subprocess.py:106} INFO - 26/05/04 18:46:19 INFO ResourceUtils: ==============================================================
[2026-05-04T18:46:19.660+0000] {subprocess.py:106} INFO - 26/05/04 18:46:19 INFO SparkContext: Submitted application: retail-lakehouse-spark-bronze-aisles
[2026-05-04T18:46:19.693+0000] {subprocess.py:106} INFO - 26/05/04 18:46:19 INFO ResourceProfile: Default ResourceProfile created, executor resources: Map(cores -> name: cores, amount: 1, script: , vendor: , memory -> name: memory, amount: 1024, script: , vendor: , offHeap -> name: offHeap, amount: 0, script: , vendor: ), task resources: Map(cpus -> name: cpus, amount: 1.0)
[2026-05-04T18:46:19.711+0000] {subprocess.py:106} INFO - 26/05/04 18:46:19 INFO ResourceProfile: Limiting resource is cpu
[2026-05-04T18:46:19.712+0000] {subprocess.py:106} INFO - 26/05/04 18:46:19 INFO ResourceProfileManager: Added ResourceProfile id: 0
[2026-05-04T18:46:19.796+0000] {subprocess.py:106} INFO - 26/05/04 18:46:19 INFO SecurityManager: Changing view acls to: spark
[2026-05-04T18:46:19.798+0000] {subprocess.py:106} INFO - 26/05/04 18:46:19 INFO SecurityManager: Changing modify acls to: spark
[2026-05-04T18:46:19.798+0000] {subprocess.py:106} INFO - 26/05/04 18:46:19 INFO SecurityManager: Changing view acls groups to:
[2026-05-04T18:46:19.800+0000] {subprocess.py:106} INFO - 26/05/04 18:46:19 INFO SecurityManager: Changing modify acls groups to:
[2026-05-04T18:46:19.800+0000] {subprocess.py:106} INFO - 26/05/04 18:46:19 INFO SecurityManager: SecurityManager: authentication disabled; ui acls disabled; users with view permissions: spark; groups with view permissions: EMPTY; users with modify permissions: spark; groups with modify permissions: EMPTY
[2026-05-04T18:46:20.132+0000] {subprocess.py:106} INFO - 26/05/04 18:46:20 INFO Utils: Successfully started service 'sparkDriver' on port 39265.
[2026-05-04T18:46:20.173+0000] {subprocess.py:106} INFO - 26/05/04 18:46:20 INFO SparkEnv: Registering MapOutputTracker
[2026-05-04T18:46:20.226+0000] {subprocess.py:106} INFO - 26/05/04 18:46:20 INFO SparkEnv: Registering BlockManagerMaster
[2026-05-04T18:46:20.262+0000] {subprocess.py:106} INFO - 26/05/04 18:46:20 INFO BlockManagerMasterEndpoint: Using org.apache.spark.storage.DefaultTopologyMapper for getting topology information
[2026-05-04T18:46:20.265+0000] {subprocess.py:106} INFO - 26/05/04 18:46:20 INFO BlockManagerMasterEndpoint: BlockManagerMasterEndpoint up
[2026-05-04T18:46:20.271+0000] {subprocess.py:106} INFO - 26/05/04 18:46:20 INFO SparkEnv: Registering BlockManagerMasterHeartbeat
[2026-05-04T18:46:20.308+0000] {subprocess.py:106} INFO - 26/05/04 18:46:20 INFO DiskBlockManager: Created local directory at /tmp/blockmgr-dd37ecd7-b800-45eb-99cf-5fc45945160c
[2026-05-04T18:46:20.330+0000] {subprocess.py:106} INFO - 26/05/04 18:46:20 INFO MemoryStore: MemoryStore started with capacity 434.4 MiB
[2026-05-04T18:46:20.353+0000] {subprocess.py:106} INFO - 26/05/04 18:46:20 INFO SparkEnv: Registering OutputCommitCoordinator
[2026-05-04T18:46:20.552+0000] {subprocess.py:106} INFO - 26/05/04 18:46:20 INFO JettyUtils: Start Jetty 0.0.0.0:4040 for SparkUI
[2026-05-04T18:46:20.647+0000] {subprocess.py:106} INFO - 26/05/04 18:46:20 INFO Utils: Successfully started service 'SparkUI' on port 4040.
[2026-05-04T18:46:20.756+0000] {subprocess.py:106} INFO - 26/05/04 18:46:20 INFO Executor: Starting executor ID driver on host 22e30bdf8ea1
[2026-05-04T18:46:20.756+0000] {subprocess.py:106} INFO - 26/05/04 18:46:20 INFO Executor: OS info Linux, 6.17.9-76061709-generic, amd64
[2026-05-04T18:46:20.757+0000] {subprocess.py:106} INFO - 26/05/04 18:46:20 INFO Executor: Java version 11.0.22
[2026-05-04T18:46:20.765+0000] {subprocess.py:106} INFO - 26/05/04 18:46:20 INFO Executor: Starting executor with user classpath (userClassPathFirst = false): ''
[2026-05-04T18:46:20.767+0000] {subprocess.py:106} INFO - 26/05/04 18:46:20 INFO Executor: Created or updated repl class loader org.apache.spark.util.MutableURLClassLoader@4eac4c0 for default.
[2026-05-04T18:46:20.800+0000] {subprocess.py:106} INFO - 26/05/04 18:46:20 INFO Utils: Successfully started service 'org.apache.spark.network.netty.NettyBlockTransferService' on port 43655.
[2026-05-04T18:46:20.801+0000] {subprocess.py:106} INFO - 26/05/04 18:46:20 INFO NettyBlockTransferService: Server created on 22e30bdf8ea1:43655
[2026-05-04T18:46:20.804+0000] {subprocess.py:106} INFO - 26/05/04 18:46:20 INFO BlockManager: Using org.apache.spark.storage.RandomBlockReplicationPolicy for block replication policy
[2026-05-04T18:46:20.814+0000] {subprocess.py:106} INFO - 26/05/04 18:46:20 INFO BlockManagerMaster: Registering BlockManager BlockManagerId(driver, 22e30bdf8ea1, 43655, None)
[2026-05-04T18:46:20.818+0000] {subprocess.py:106} INFO - 26/05/04 18:46:20 INFO BlockManagerMasterEndpoint: Registering block manager 22e30bdf8ea1:43655 with 434.4 MiB RAM, BlockManagerId(driver, 22e30bdf8ea1, 43655, None)
[2026-05-04T18:46:20.823+0000] {subprocess.py:106} INFO - 26/05/04 18:46:20 INFO BlockManagerMaster: Registered BlockManager BlockManagerId(driver, 22e30bdf8ea1, 43655, None)
[2026-05-04T18:46:20.825+0000] {subprocess.py:106} INFO - 26/05/04 18:46:20 INFO BlockManager: Initialized BlockManager: BlockManagerId(driver, 22e30bdf8ea1, 43655, None)
[2026-05-04T18:46:21.265+0000] {subprocess.py:106} INFO - ==================================================
[2026-05-04T18:46:21.265+0000] {subprocess.py:106} INFO - Leitura da raw de aisles
[2026-05-04T18:46:21.266+0000] {subprocess.py:106} INFO - ==================================================
[2026-05-04T18:46:21.266+0000] {subprocess.py:106} INFO - Arquivo de entrada: /data/raw/instacart/aisles/ingestion_date=2026-04-15/aisles.csv
[2026-05-04T18:46:26.987+0000] {subprocess.py:106} INFO - Schema lido da raw:
[2026-05-04T18:46:26.990+0000] {subprocess.py:106} INFO - root
[2026-05-04T18:46:26.990+0000] {subprocess.py:106} INFO -  |-- aisle_id: string (nullable = true)
[2026-05-04T18:46:26.991+0000] {subprocess.py:106} INFO -  |-- aisle: string (nullable = true)
[2026-05-04T18:46:26.991+0000] {subprocess.py:106} INFO - 
[2026-05-04T18:46:26.991+0000] {subprocess.py:106} INFO - ==================================================
[2026-05-04T18:46:26.991+0000] {subprocess.py:106} INFO - Transformação Bronze de aisles
[2026-05-04T18:46:26.991+0000] {subprocess.py:106} INFO - ==================================================
[2026-05-04T18:46:27.153+0000] {subprocess.py:106} INFO - Schema após transformação Bronze:
[2026-05-04T18:46:27.153+0000] {subprocess.py:106} INFO - root
[2026-05-04T18:46:27.153+0000] {subprocess.py:106} INFO -  |-- aisle_id: integer (nullable = true)
[2026-05-04T18:46:27.154+0000] {subprocess.py:106} INFO -  |-- aisle: string (nullable = true)
[2026-05-04T18:46:27.154+0000] {subprocess.py:106} INFO -  |-- source_file_name: string (nullable = false)
[2026-05-04T18:46:27.154+0000] {subprocess.py:106} INFO -  |-- raw_ingestion_date: string (nullable = false)
[2026-05-04T18:46:27.154+0000] {subprocess.py:106} INFO -  |-- bronze_processed_at: timestamp (nullable = false)
[2026-05-04T18:46:27.154+0000] {subprocess.py:106} INFO - 
[2026-05-04T18:46:27.155+0000] {subprocess.py:106} INFO - ==================================================
[2026-05-04T18:46:27.155+0000] {subprocess.py:106} INFO - Escrita da Bronze de aisles
[2026-05-04T18:46:27.155+0000] {subprocess.py:106} INFO - ==================================================
[2026-05-04T18:46:27.155+0000] {subprocess.py:106} INFO - Diretório de saída: /data/bronze/instacart/aisles/ingestion_date=2026-04-15
[2026-05-04T18:46:28.983+0000] {subprocess.py:106} INFO - [OK] Bronze de aisles escrita com sucesso em Parquet.
[2026-05-04T18:46:28.983+0000] {subprocess.py:106} INFO - ==================================================
[2026-05-04T18:46:28.983+0000] {subprocess.py:106} INFO - Resumo da Bronze de aisles
[2026-05-04T18:46:28.985+0000] {subprocess.py:106} INFO - ==================================================
[2026-05-04T18:46:29.539+0000] {subprocess.py:106} INFO - Total de registros: 134
[2026-05-04T18:46:29.540+0000] {subprocess.py:106} INFO - Diretório final: /data/bronze/instacart/aisles/ingestion_date=2026-04-15
[2026-05-04T18:46:29.540+0000] {subprocess.py:106} INFO - Prévia dos dados:
[2026-05-04T18:46:29.760+0000] {subprocess.py:106} INFO - +--------+----------------------------+----------------------------------------------------------------------+------------------+--------------------------+
[2026-05-04T18:46:29.760+0000] {subprocess.py:106} INFO - |aisle_id|aisle                       |source_file_name                                                      |raw_ingestion_date|bronze_processed_at       |
[2026-05-04T18:46:29.762+0000] {subprocess.py:106} INFO - +--------+----------------------------+----------------------------------------------------------------------+------------------+--------------------------+
[2026-05-04T18:46:29.763+0000] {subprocess.py:106} INFO - |1       |prepared soups salads       |file:///data/raw/instacart/aisles/ingestion_date=2026-04-15/aisles.csv|2026-04-15        |2026-05-04 18:46:29.571191|
[2026-05-04T18:46:29.765+0000] {subprocess.py:106} INFO - |2       |specialty cheeses           |file:///data/raw/instacart/aisles/ingestion_date=2026-04-15/aisles.csv|2026-04-15        |2026-05-04 18:46:29.571191|
[2026-05-04T18:46:29.765+0000] {subprocess.py:106} INFO - |3       |energy granola bars         |file:///data/raw/instacart/aisles/ingestion_date=2026-04-15/aisles.csv|2026-04-15        |2026-05-04 18:46:29.571191|
[2026-05-04T18:46:29.765+0000] {subprocess.py:106} INFO - |4       |instant foods               |file:///data/raw/instacart/aisles/ingestion_date=2026-04-15/aisles.csv|2026-04-15        |2026-05-04 18:46:29.571191|
[2026-05-04T18:46:29.766+0000] {subprocess.py:106} INFO - |5       |marinades meat preparation  |file:///data/raw/instacart/aisles/ingestion_date=2026-04-15/aisles.csv|2026-04-15        |2026-05-04 18:46:29.571191|
[2026-05-04T18:46:29.766+0000] {subprocess.py:106} INFO - |6       |other                       |file:///data/raw/instacart/aisles/ingestion_date=2026-04-15/aisles.csv|2026-04-15        |2026-05-04 18:46:29.571191|
[2026-05-04T18:46:29.767+0000] {subprocess.py:106} INFO - |7       |packaged meat               |file:///data/raw/instacart/aisles/ingestion_date=2026-04-15/aisles.csv|2026-04-15        |2026-05-04 18:46:29.571191|
[2026-05-04T18:46:29.768+0000] {subprocess.py:106} INFO - |8       |bakery desserts             |file:///data/raw/instacart/aisles/ingestion_date=2026-04-15/aisles.csv|2026-04-15        |2026-05-04 18:46:29.571191|
[2026-05-04T18:46:29.768+0000] {subprocess.py:106} INFO - |9       |pasta sauce                 |file:///data/raw/instacart/aisles/ingestion_date=2026-04-15/aisles.csv|2026-04-15        |2026-05-04 18:46:29.571191|
[2026-05-04T18:46:29.770+0000] {subprocess.py:106} INFO - |10      |kitchen supplies            |file:///data/raw/instacart/aisles/ingestion_date=2026-04-15/aisles.csv|2026-04-15        |2026-05-04 18:46:29.571191|
[2026-05-04T18:46:29.771+0000] {subprocess.py:106} INFO - |11      |cold flu allergy            |file:///data/raw/instacart/aisles/ingestion_date=2026-04-15/aisles.csv|2026-04-15        |2026-05-04 18:46:29.571191|
[2026-05-04T18:46:29.771+0000] {subprocess.py:106} INFO - |12      |fresh pasta                 |file:///data/raw/instacart/aisles/ingestion_date=2026-04-15/aisles.csv|2026-04-15        |2026-05-04 18:46:29.571191|
[2026-05-04T18:46:29.772+0000] {subprocess.py:106} INFO - |13      |prepared meals              |file:///data/raw/instacart/aisles/ingestion_date=2026-04-15/aisles.csv|2026-04-15        |2026-05-04 18:46:29.571191|
[2026-05-04T18:46:29.772+0000] {subprocess.py:106} INFO - |14      |tofu meat alternatives      |file:///data/raw/instacart/aisles/ingestion_date=2026-04-15/aisles.csv|2026-04-15        |2026-05-04 18:46:29.571191|
[2026-05-04T18:46:29.773+0000] {subprocess.py:106} INFO - |15      |packaged seafood            |file:///data/raw/instacart/aisles/ingestion_date=2026-04-15/aisles.csv|2026-04-15        |2026-05-04 18:46:29.571191|
[2026-05-04T18:46:29.773+0000] {subprocess.py:106} INFO - |16      |fresh herbs                 |file:///data/raw/instacart/aisles/ingestion_date=2026-04-15/aisles.csv|2026-04-15        |2026-05-04 18:46:29.571191|
[2026-05-04T18:46:29.774+0000] {subprocess.py:106} INFO - |17      |baking ingredients          |file:///data/raw/instacart/aisles/ingestion_date=2026-04-15/aisles.csv|2026-04-15        |2026-05-04 18:46:29.571191|
[2026-05-04T18:46:29.774+0000] {subprocess.py:106} INFO - |18      |bulk dried fruits vegetables|file:///data/raw/instacart/aisles/ingestion_date=2026-04-15/aisles.csv|2026-04-15        |2026-05-04 18:46:29.571191|
[2026-05-04T18:46:29.775+0000] {subprocess.py:106} INFO - |19      |oils vinegars               |file:///data/raw/instacart/aisles/ingestion_date=2026-04-15/aisles.csv|2026-04-15        |2026-05-04 18:46:29.571191|
[2026-05-04T18:46:29.775+0000] {subprocess.py:106} INFO - |20      |oral hygiene                |file:///data/raw/instacart/aisles/ingestion_date=2026-04-15/aisles.csv|2026-04-15        |2026-05-04 18:46:29.571191|
[2026-05-04T18:46:29.775+0000] {subprocess.py:106} INFO - +--------+----------------------------+----------------------------------------------------------------------+------------------+--------------------------+
[2026-05-04T18:46:29.776+0000] {subprocess.py:106} INFO - only showing top 20 rows
[2026-05-04T18:46:29.776+0000] {subprocess.py:106} INFO - 
[2026-05-04T18:46:29.777+0000] {subprocess.py:106} INFO - [OK] Job Bronze de aisles concluído com sucesso.
[2026-05-04T18:46:30.245+0000] {subprocess.py:110} INFO - Command exited with return code 0
[2026-05-04T18:46:30.277+0000] {taskinstance.py:341} INFO - ::group::Post task execution logs
[2026-05-04T18:46:30.277+0000] {taskinstance.py:353} INFO - Marking task as SUCCESS. dag_id=dag_bronze_aisles, task_id=run_bronze_aisles, run_id=manual__2026-05-04T18:46:12.127971+00:00, execution_date=20260504T184612, start_date=20260504T184615, end_date=20260504T184630
[2026-05-04T18:46:30.322+0000] {local_task_job_runner.py:266} INFO - Task exited with return code 0
[2026-05-04T18:46:30.343+0000] {taskinstance.py:3901} INFO - 0 downstream tasks scheduled from follow-on schedule check
[2026-05-04T18:46:30.344+0000] {local_task_job_runner.py:245} INFO - ::endgroup::
