[2026-06-04T19:47:02.827+0000] {local_task_job_runner.py:123} INFO - ::group::Pre task execution logs
[2026-06-04T19:47:02.857+0000] {taskinstance.py:2614} INFO - Dependencies all met for dep_context=non-requeueable deps ti=<TaskInstance: dag_silver_products_enriched.show_silver_products_enriched_context manual__2026-06-04T19:47:00.947217+00:00 [queued]>
[2026-06-04T19:47:02.869+0000] {taskinstance.py:2614} INFO - Dependencies all met for dep_context=requeueable deps ti=<TaskInstance: dag_silver_products_enriched.show_silver_products_enriched_context manual__2026-06-04T19:47:00.947217+00:00 [queued]>
[2026-06-04T19:47:02.869+0000] {taskinstance.py:2867} INFO - Starting attempt 1 of 1
[2026-06-04T19:47:02.910+0000] {taskinstance.py:2890} INFO - Executing <Task(PythonOperator): show_silver_products_enriched_context> on 2026-06-04 19:47:00.947217+00:00
[2026-06-04T19:47:02.919+0000] {standard_task_runner.py:104} INFO - Running: ['***', 'tasks', 'run', 'dag_silver_products_enriched', 'show_silver_products_enriched_context', 'manual__2026-06-04T19:47:00.947217+00:00', '--job-id', '148', '--raw', '--subdir', 'DAGS_FOLDER/dag_silver_products_enriched.py', '--cfg-path', '/tmp/tmp_eyo3qhx']
[2026-06-04T19:47:02.921+0000] {standard_task_runner.py:105} INFO - Job 148: Subtask show_silver_products_enriched_context
[2026-06-04T19:47:02.923+0000] {logging_mixin.py:190} WARNING - /home/***/.local/lib/python3.12/site-packages/***/task/task_runner/standard_task_runner.py:70 DeprecationWarning: This process (pid=1258) is multi-threaded, use of fork() may lead to deadlocks in the child.
[2026-06-04T19:47:02.924+0000] {standard_task_runner.py:72} INFO - Started process 1259 to run task
[2026-06-04T19:47:03.008+0000] {task_command.py:467} INFO - Running <TaskInstance: dag_silver_products_enriched.show_silver_products_enriched_context manual__2026-06-04T19:47:00.947217+00:00 [running]> on host 71f672a92783
[2026-06-04T19:47:03.115+0000] {taskinstance.py:3134} INFO - Exporting env vars: AIRFLOW_CTX_DAG_OWNER='***' AIRFLOW_CTX_DAG_ID='dag_silver_products_enriched' AIRFLOW_CTX_TASK_ID='show_silver_products_enriched_context' AIRFLOW_CTX_EXECUTION_DATE='2026-06-04T19:47:00.947217+00:00' AIRFLOW_CTX_TRY_NUMBER='1' AIRFLOW_CTX_DAG_RUN_ID='manual__2026-06-04T19:47:00.947217+00:00'
[2026-06-04T19:47:03.115+0000] {taskinstance.py:732} INFO - ::endgroup::
[2026-06-04T19:47:03.137+0000] {logging_mixin.py:190} INFO - ==================================================
[2026-06-04T19:47:03.137+0000] {logging_mixin.py:190} INFO - Retail Lakehouse - Contexto Silver products_enriched
[2026-06-04T19:47:03.137+0000] {logging_mixin.py:190} INFO - LOCAL_BRONZE_DIR=./data/bronze
[2026-06-04T19:47:03.138+0000] {logging_mixin.py:190} INFO - LOCAL_SILVER_DIR=./data/silver
[2026-06-04T19:47:03.138+0000] {logging_mixin.py:190} INFO - Objetivo: enriquecer products com aisles e departments
[2026-06-04T19:47:03.138+0000] {logging_mixin.py:190} INFO - Execução real do job: container Spark
[2026-06-04T19:47:03.138+0000] {logging_mixin.py:190} INFO - ==================================================
[2026-06-04T19:47:03.138+0000] {python.py:240} INFO - Done. Returned value was: None
[2026-06-04T19:47:03.152+0000] {taskinstance.py:341} INFO - ::group::Post task execution logs
[2026-06-04T19:47:03.152+0000] {taskinstance.py:353} INFO - Marking task as SUCCESS. dag_id=dag_silver_products_enriched, task_id=show_silver_products_enriched_context, run_id=manual__2026-06-04T19:47:00.947217+00:00, execution_date=20260604T194700, start_date=20260604T194702, end_date=20260604T194703
[2026-06-04T19:47:03.219+0000] {local_task_job_runner.py:266} INFO - Task exited with return code 0
[2026-06-04T19:47:03.251+0000] {taskinstance.py:3901} INFO - 1 downstream tasks scheduled from follow-on schedule check
[2026-06-04T19:47:03.275+0000] {local_task_job_runner.py:245} INFO - ::endgroup::
