[2026-04-15T15:59:36.296+0000] {local_task_job_runner.py:123} INFO - ::group::Pre task execution logs
[2026-04-15T15:59:36.324+0000] {taskinstance.py:2614} INFO - Dependencies all met for dep_context=non-requeueable deps ti=<TaskInstance: dag_ingest_instacart_local.ingest_instacart_to_local_raw manual__2026-04-15T15:59:34.541265+00:00 [queued]>
[2026-04-15T15:59:36.338+0000] {taskinstance.py:2614} INFO - Dependencies all met for dep_context=requeueable deps ti=<TaskInstance: dag_ingest_instacart_local.ingest_instacart_to_local_raw manual__2026-04-15T15:59:34.541265+00:00 [queued]>
[2026-04-15T15:59:36.338+0000] {taskinstance.py:2867} INFO - Starting attempt 1 of 1
[2026-04-15T15:59:36.432+0000] {taskinstance.py:2890} INFO - Executing <Task(PythonOperator): ingest_instacart_to_local_raw> on 2026-04-15 15:59:34.541265+00:00
[2026-04-15T15:59:36.441+0000] {standard_task_runner.py:104} INFO - Running: ['***', 'tasks', 'run', 'dag_ingest_instacart_local', 'ingest_instacart_to_local_raw', 'manual__2026-04-15T15:59:34.541265+00:00', '--job-id', '36', '--raw', '--subdir', 'DAGS_FOLDER/dag_ingest_instacart_local.py', '--cfg-path', '/tmp/tmplz6ofhw8']
[2026-04-15T15:59:36.443+0000] {standard_task_runner.py:105} INFO - Job 36: Subtask ingest_instacart_to_local_raw
[2026-04-15T15:59:36.444+0000] {logging_mixin.py:190} WARNING - /home/***/.local/lib/python3.12/site-packages/***/task/task_runner/standard_task_runner.py:70 DeprecationWarning: This process (pid=248) is multi-threaded, use of fork() may lead to deadlocks in the child.
[2026-04-15T15:59:36.445+0000] {standard_task_runner.py:72} INFO - Started process 249 to run task
[2026-04-15T15:59:36.500+0000] {task_command.py:467} INFO - Running <TaskInstance: dag_ingest_instacart_local.ingest_instacart_to_local_raw manual__2026-04-15T15:59:34.541265+00:00 [running]> on host cb91fb8ef273
[2026-04-15T15:59:36.683+0000] {taskinstance.py:3134} INFO - Exporting env vars: AIRFLOW_CTX_DAG_OWNER='***' AIRFLOW_CTX_DAG_ID='dag_ingest_instacart_local' AIRFLOW_CTX_TASK_ID='ingest_instacart_to_local_raw' AIRFLOW_CTX_EXECUTION_DATE='2026-04-15T15:59:34.541265+00:00' AIRFLOW_CTX_TRY_NUMBER='1' AIRFLOW_CTX_DAG_RUN_ID='manual__2026-04-15T15:59:34.541265+00:00'
[2026-04-15T15:59:36.685+0000] {taskinstance.py:732} INFO - ::endgroup::
[2026-04-15T15:59:36.728+0000] {logging_mixin.py:190} INFO - ==================================================
[2026-04-15T15:59:36.728+0000] {logging_mixin.py:190} INFO - Retail Lakehouse - Ingestão local para camada raw
[2026-04-15T15:59:36.728+0000] {logging_mixin.py:190} INFO - ==================================================
[2026-04-15T15:59:36.729+0000] {logging_mixin.py:190} INFO - ==================================================
[2026-04-15T15:59:36.729+0000] {logging_mixin.py:190} INFO - Validação dos arquivos de origem do Instacart
[2026-04-15T15:59:36.729+0000] {logging_mixin.py:190} INFO - ==================================================
[2026-04-15T15:59:36.730+0000] {logging_mixin.py:190} INFO - Diretório de origem: /opt/***/data/source/instacart
[2026-04-15T15:59:36.730+0000] {logging_mixin.py:190} INFO - [OK] Arquivo encontrado: orders.csv
[2026-04-15T15:59:36.730+0000] {logging_mixin.py:190} INFO - [OK] Arquivo encontrado: products.csv
[2026-04-15T15:59:36.730+0000] {logging_mixin.py:190} INFO - [OK] Arquivo encontrado: departments.csv
[2026-04-15T15:59:36.731+0000] {logging_mixin.py:190} INFO - [OK] Arquivo encontrado: aisles.csv
[2026-04-15T15:59:36.731+0000] {logging_mixin.py:190} INFO - [OK] Arquivo encontrado: order_products__prior.csv
[2026-04-15T15:59:36.731+0000] {logging_mixin.py:190} INFO - [OK] Arquivo encontrado: order_products__train.csv
[2026-04-15T15:59:36.732+0000] {logging_mixin.py:190} INFO - Todos os arquivos obrigatórios foram encontrados.
[2026-04-15T15:59:36.732+0000] {logging_mixin.py:190} INFO - ==================================================
[2026-04-15T15:59:36.732+0000] {logging_mixin.py:190} INFO - Cópia dos arquivos para a camada raw local
[2026-04-15T15:59:36.732+0000] {logging_mixin.py:190} INFO - ==================================================
[2026-04-15T15:59:37.854+0000] {logging_mixin.py:190} INFO - [COPIADO] /opt/***/data/source/instacart/orders.csv -> /opt/***/data/raw/instacart/orders/ingestion_date=2026-04-15/orders.csv
[2026-04-15T15:59:37.888+0000] {logging_mixin.py:190} INFO - [COPIADO] /opt/***/data/source/instacart/products.csv -> /opt/***/data/raw/instacart/products/ingestion_date=2026-04-15/products.csv
[2026-04-15T15:59:37.888+0000] {logging_mixin.py:190} INFO - [COPIADO] /opt/***/data/source/instacart/departments.csv -> /opt/***/data/raw/instacart/departments/ingestion_date=2026-04-15/departments.csv
[2026-04-15T15:59:37.889+0000] {logging_mixin.py:190} INFO - [COPIADO] /opt/***/data/source/instacart/aisles.csv -> /opt/***/data/raw/instacart/aisles/ingestion_date=2026-04-15/aisles.csv
[2026-04-15T15:59:41.165+0000] {logging_mixin.py:190} INFO - [COPIADO] /opt/***/data/source/instacart/order_products__prior.csv -> /opt/***/data/raw/instacart/order_products_prior/ingestion_date=2026-04-15/order_products__prior.csv
[2026-04-15T15:59:41.227+0000] {logging_mixin.py:190} INFO - [COPIADO] /opt/***/data/source/instacart/order_products__train.csv -> /opt/***/data/raw/instacart/order_products_train/ingestion_date=2026-04-15/order_products__train.csv
[2026-04-15T15:59:41.227+0000] {logging_mixin.py:190} INFO - Cópia concluída com sucesso.
[2026-04-15T15:59:41.227+0000] {logging_mixin.py:190} INFO - ==================================================
[2026-04-15T15:59:41.228+0000] {logging_mixin.py:190} INFO - Resumo da ingestão local para raw
[2026-04-15T15:59:41.228+0000] {logging_mixin.py:190} INFO - ==================================================
[2026-04-15T15:59:41.228+0000] {logging_mixin.py:190} INFO - Data de ingestão: 2026-04-15
[2026-04-15T15:59:41.228+0000] {logging_mixin.py:190} INFO - Total de arquivos copiados: 6
[2026-04-15T15:59:41.228+0000] {logging_mixin.py:190} INFO - - /opt/***/data/raw/instacart/orders/ingestion_date=2026-04-15/orders.csv | tamanho=108968645 bytes
[2026-04-15T15:59:41.229+0000] {logging_mixin.py:190} INFO - - /opt/***/data/raw/instacart/products/ingestion_date=2026-04-15/products.csv | tamanho=2166953 bytes
[2026-04-15T15:59:41.229+0000] {logging_mixin.py:190} INFO - - /opt/***/data/raw/instacart/departments/ingestion_date=2026-04-15/departments.csv | tamanho=270 bytes
[2026-04-15T15:59:41.229+0000] {logging_mixin.py:190} INFO - - /opt/***/data/raw/instacart/aisles/ingestion_date=2026-04-15/aisles.csv | tamanho=2603 bytes
[2026-04-15T15:59:41.229+0000] {logging_mixin.py:190} INFO - - /opt/***/data/raw/instacart/order_products_prior/ingestion_date=2026-04-15/order_products__prior.csv | tamanho=577550706 bytes
[2026-04-15T15:59:41.229+0000] {logging_mixin.py:190} INFO - - /opt/***/data/raw/instacart/order_products_train/ingestion_date=2026-04-15/order_products__train.csv | tamanho=24680147 bytes
[2026-04-15T15:59:41.229+0000] {logging_mixin.py:190} INFO - Ingestão local concluída com sucesso.
[2026-04-15T15:59:41.230+0000] {python.py:240} INFO - Done. Returned value was: None
[2026-04-15T15:59:41.243+0000] {taskinstance.py:341} INFO - ::group::Post task execution logs
[2026-04-15T15:59:41.243+0000] {taskinstance.py:353} INFO - Marking task as SUCCESS. dag_id=dag_ingest_instacart_local, task_id=ingest_instacart_to_local_raw, run_id=manual__2026-04-15T15:59:34.541265+00:00, execution_date=20260415T155934, start_date=20260415T155936, end_date=20260415T155941
[2026-04-15T15:59:41.556+0000] {local_task_job_runner.py:266} INFO - Task exited with return code 0
[2026-04-15T15:59:41.579+0000] {taskinstance.py:3901} INFO - 0 downstream tasks scheduled from follow-on schedule check
[2026-04-15T15:59:41.581+0000] {local_task_job_runner.py:245} INFO - ::endgroup::
