[2026-04-13T18:19:42.792+0000] {local_task_job_runner.py:123} INFO - ::group::Pre task execution logs
[2026-04-13T18:19:42.822+0000] {taskinstance.py:2614} INFO - Dependencies all met for dep_context=non-requeueable deps ti=<TaskInstance: dag_hello_world.show_project_context manual__2026-04-13T18:19:40.948714+00:00 [queued]>
[2026-04-13T18:19:42.831+0000] {taskinstance.py:2614} INFO - Dependencies all met for dep_context=requeueable deps ti=<TaskInstance: dag_hello_world.show_project_context manual__2026-04-13T18:19:40.948714+00:00 [queued]>
[2026-04-13T18:19:42.831+0000] {taskinstance.py:2867} INFO - Starting attempt 1 of 1
[2026-04-13T18:19:42.861+0000] {taskinstance.py:2890} INFO - Executing <Task(PythonOperator): show_project_context> on 2026-04-13 18:19:40.948714+00:00
[2026-04-13T18:19:42.869+0000] {standard_task_runner.py:104} INFO - Running: ['***', 'tasks', 'run', 'dag_hello_world', 'show_project_context', 'manual__2026-04-13T18:19:40.948714+00:00', '--job-id', '4', '--raw', '--subdir', 'DAGS_FOLDER/dag_hello_world.py', '--cfg-path', '/tmp/tmpbbaolfe0']
[2026-04-13T18:19:42.870+0000] {standard_task_runner.py:105} INFO - Job 4: Subtask show_project_context
[2026-04-13T18:19:42.872+0000] {logging_mixin.py:190} WARNING - /home/***/.local/lib/python3.12/site-packages/***/task/task_runner/standard_task_runner.py:70 DeprecationWarning: This process (pid=174) is multi-threaded, use of fork() may lead to deadlocks in the child.
[2026-04-13T18:19:42.872+0000] {standard_task_runner.py:72} INFO - Started process 175 to run task
[2026-04-13T18:19:42.921+0000] {task_command.py:467} INFO - Running <TaskInstance: dag_hello_world.show_project_context manual__2026-04-13T18:19:40.948714+00:00 [running]> on host bede126cee20
[2026-04-13T18:19:43.009+0000] {taskinstance.py:3134} INFO - Exporting env vars: AIRFLOW_CTX_DAG_OWNER='***' AIRFLOW_CTX_DAG_ID='dag_hello_world' AIRFLOW_CTX_TASK_ID='show_project_context' AIRFLOW_CTX_EXECUTION_DATE='2026-04-13T18:19:40.948714+00:00' AIRFLOW_CTX_TRY_NUMBER='1' AIRFLOW_CTX_DAG_RUN_ID='manual__2026-04-13T18:19:40.948714+00:00'
[2026-04-13T18:19:43.010+0000] {taskinstance.py:732} INFO - ::endgroup::
[2026-04-13T18:19:43.048+0000] {logging_mixin.py:190} INFO - ==============================================
[2026-04-13T18:19:43.048+0000] {logging_mixin.py:190} INFO - Retail Lakehouse - DAG de validação inicial
[2026-04-13T18:19:43.048+0000] {logging_mixin.py:190} INFO - Objetivo: confirmar que o Airflow está funcional
[2026-04-13T18:19:43.049+0000] {logging_mixin.py:190} INFO - Ambiente local: OK
[2026-04-13T18:19:43.049+0000] {logging_mixin.py:190} INFO - Scheduler: executando
[2026-04-13T18:19:43.049+0000] {logging_mixin.py:190} INFO - Webserver: executando
[2026-04-13T18:19:43.049+0000] {logging_mixin.py:190} INFO - Task Python: executada com sucesso
[2026-04-13T18:19:43.049+0000] {logging_mixin.py:190} INFO - ==============================================
[2026-04-13T18:19:43.049+0000] {python.py:240} INFO - Done. Returned value was: None
[2026-04-13T18:19:43.061+0000] {taskinstance.py:341} INFO - ::group::Post task execution logs
[2026-04-13T18:19:43.061+0000] {taskinstance.py:353} INFO - Marking task as SUCCESS. dag_id=dag_hello_world, task_id=show_project_context, run_id=manual__2026-04-13T18:19:40.948714+00:00, execution_date=20260413T181940, start_date=20260413T181942, end_date=20260413T181943
[2026-04-13T18:19:43.127+0000] {local_task_job_runner.py:266} INFO - Task exited with return code 0
[2026-04-13T18:19:43.190+0000] {taskinstance.py:3901} INFO - 1 downstream tasks scheduled from follow-on schedule check
[2026-04-13T18:19:43.211+0000] {local_task_job_runner.py:245} INFO - ::endgroup::
