[2026-06-17T01:15:25.857+0000] {processor.py:186} INFO - Started process (PID=287) to work on /opt/airflow/dags/dag_bronze_products.py
[2026-06-17T01:15:25.858+0000] {processor.py:914} INFO - Processing file /opt/airflow/dags/dag_bronze_products.py for tasks to queue
[2026-06-17T01:15:25.860+0000] {logging_mixin.py:190} INFO - [2026-06-17T01:15:25.860+0000] {dagbag.py:588} INFO - Filling up the DagBag from /opt/airflow/dags/dag_bronze_products.py
[2026-06-17T01:15:25.876+0000] {processor.py:925} INFO - DAG(s) 'dag_bronze_products' retrieved from /opt/airflow/dags/dag_bronze_products.py
[2026-06-17T01:15:25.928+0000] {logging_mixin.py:190} INFO - [2026-06-17T01:15:25.928+0000] {dag.py:3239} INFO - Sync 1 DAGs
[2026-06-17T01:15:25.946+0000] {logging_mixin.py:190} INFO - [2026-06-17T01:15:25.946+0000] {dag.py:4180} INFO - Setting next_dagrun for dag_bronze_products to None, run_after=None
[2026-06-17T01:15:25.977+0000] {processor.py:208} INFO - Processing /opt/airflow/dags/dag_bronze_products.py took 0.126 seconds
[2026-06-17T01:15:56.935+0000] {processor.py:186} INFO - Started process (PID=409) to work on /opt/airflow/dags/dag_bronze_products.py
[2026-06-17T01:15:56.936+0000] {processor.py:914} INFO - Processing file /opt/airflow/dags/dag_bronze_products.py for tasks to queue
[2026-06-17T01:15:56.938+0000] {logging_mixin.py:190} INFO - [2026-06-17T01:15:56.938+0000] {dagbag.py:588} INFO - Filling up the DagBag from /opt/airflow/dags/dag_bronze_products.py
[2026-06-17T01:15:56.947+0000] {processor.py:925} INFO - DAG(s) 'dag_bronze_products' retrieved from /opt/airflow/dags/dag_bronze_products.py
[2026-06-17T01:15:56.986+0000] {logging_mixin.py:190} INFO - [2026-06-17T01:15:56.985+0000] {dag.py:3239} INFO - Sync 1 DAGs
[2026-06-17T01:15:57.003+0000] {logging_mixin.py:190} INFO - [2026-06-17T01:15:57.002+0000] {dag.py:4180} INFO - Setting next_dagrun for dag_bronze_products to None, run_after=None
[2026-06-17T01:15:57.039+0000] {processor.py:208} INFO - Processing /opt/airflow/dags/dag_bronze_products.py took 0.113 seconds
[2026-06-17T01:16:27.072+0000] {processor.py:186} INFO - Started process (PID=529) to work on /opt/airflow/dags/dag_bronze_products.py
[2026-06-17T01:16:27.073+0000] {processor.py:914} INFO - Processing file /opt/airflow/dags/dag_bronze_products.py for tasks to queue
[2026-06-17T01:16:27.078+0000] {logging_mixin.py:190} INFO - [2026-06-17T01:16:27.077+0000] {dagbag.py:588} INFO - Filling up the DagBag from /opt/airflow/dags/dag_bronze_products.py
[2026-06-17T01:16:27.085+0000] {processor.py:925} INFO - DAG(s) 'dag_bronze_products' retrieved from /opt/airflow/dags/dag_bronze_products.py
[2026-06-17T01:16:27.116+0000] {logging_mixin.py:190} INFO - [2026-06-17T01:16:27.115+0000] {dag.py:3239} INFO - Sync 1 DAGs
[2026-06-17T01:16:27.130+0000] {logging_mixin.py:190} INFO - [2026-06-17T01:16:27.130+0000] {dag.py:4180} INFO - Setting next_dagrun for dag_bronze_products to None, run_after=None
[2026-06-17T01:16:27.148+0000] {processor.py:208} INFO - Processing /opt/airflow/dags/dag_bronze_products.py took 0.081 seconds
[2026-06-17T01:16:57.935+0000] {processor.py:186} INFO - Started process (PID=647) to work on /opt/airflow/dags/dag_bronze_products.py
[2026-06-17T01:16:57.936+0000] {processor.py:914} INFO - Processing file /opt/airflow/dags/dag_bronze_products.py for tasks to queue
[2026-06-17T01:16:57.938+0000] {logging_mixin.py:190} INFO - [2026-06-17T01:16:57.938+0000] {dagbag.py:588} INFO - Filling up the DagBag from /opt/airflow/dags/dag_bronze_products.py
[2026-06-17T01:16:57.946+0000] {processor.py:925} INFO - DAG(s) 'dag_bronze_products' retrieved from /opt/airflow/dags/dag_bronze_products.py
[2026-06-17T01:16:57.976+0000] {logging_mixin.py:190} INFO - [2026-06-17T01:16:57.976+0000] {dag.py:3239} INFO - Sync 1 DAGs
[2026-06-17T01:16:57.991+0000] {logging_mixin.py:190} INFO - [2026-06-17T01:16:57.991+0000] {dag.py:4180} INFO - Setting next_dagrun for dag_bronze_products to None, run_after=None
[2026-06-17T01:16:58.009+0000] {processor.py:208} INFO - Processing /opt/airflow/dags/dag_bronze_products.py took 0.080 seconds
[2026-06-17T01:17:28.986+0000] {processor.py:186} INFO - Started process (PID=769) to work on /opt/airflow/dags/dag_bronze_products.py
[2026-06-17T01:17:28.986+0000] {processor.py:914} INFO - Processing file /opt/airflow/dags/dag_bronze_products.py for tasks to queue
[2026-06-17T01:17:28.989+0000] {logging_mixin.py:190} INFO - [2026-06-17T01:17:28.988+0000] {dagbag.py:588} INFO - Filling up the DagBag from /opt/airflow/dags/dag_bronze_products.py
[2026-06-17T01:17:28.996+0000] {processor.py:925} INFO - DAG(s) 'dag_bronze_products' retrieved from /opt/airflow/dags/dag_bronze_products.py
[2026-06-17T01:17:29.033+0000] {logging_mixin.py:190} INFO - [2026-06-17T01:17:29.032+0000] {dag.py:3239} INFO - Sync 1 DAGs
[2026-06-17T01:17:29.048+0000] {logging_mixin.py:190} INFO - [2026-06-17T01:17:29.048+0000] {dag.py:4180} INFO - Setting next_dagrun for dag_bronze_products to None, run_after=None
[2026-06-17T01:17:29.067+0000] {processor.py:208} INFO - Processing /opt/airflow/dags/dag_bronze_products.py took 0.087 seconds
[2026-06-17T01:18:00.082+0000] {processor.py:186} INFO - Started process (PID=887) to work on /opt/airflow/dags/dag_bronze_products.py
[2026-06-17T01:18:00.083+0000] {processor.py:914} INFO - Processing file /opt/airflow/dags/dag_bronze_products.py for tasks to queue
[2026-06-17T01:18:00.085+0000] {logging_mixin.py:190} INFO - [2026-06-17T01:18:00.084+0000] {dagbag.py:588} INFO - Filling up the DagBag from /opt/airflow/dags/dag_bronze_products.py
[2026-06-17T01:18:00.093+0000] {processor.py:925} INFO - DAG(s) 'dag_bronze_products' retrieved from /opt/airflow/dags/dag_bronze_products.py
[2026-06-17T01:18:00.129+0000] {logging_mixin.py:190} INFO - [2026-06-17T01:18:00.129+0000] {dag.py:3239} INFO - Sync 1 DAGs
[2026-06-17T01:18:00.145+0000] {logging_mixin.py:190} INFO - [2026-06-17T01:18:00.145+0000] {dag.py:4180} INFO - Setting next_dagrun for dag_bronze_products to None, run_after=None
[2026-06-17T01:18:00.167+0000] {processor.py:208} INFO - Processing /opt/airflow/dags/dag_bronze_products.py took 0.093 seconds
[2026-06-17T01:18:31.146+0000] {processor.py:186} INFO - Started process (PID=1009) to work on /opt/airflow/dags/dag_bronze_products.py
[2026-06-17T01:18:31.147+0000] {processor.py:914} INFO - Processing file /opt/airflow/dags/dag_bronze_products.py for tasks to queue
[2026-06-17T01:18:31.149+0000] {logging_mixin.py:190} INFO - [2026-06-17T01:18:31.149+0000] {dagbag.py:588} INFO - Filling up the DagBag from /opt/airflow/dags/dag_bronze_products.py
[2026-06-17T01:18:31.159+0000] {processor.py:925} INFO - DAG(s) 'dag_bronze_products' retrieved from /opt/airflow/dags/dag_bronze_products.py
[2026-06-17T01:18:31.229+0000] {logging_mixin.py:190} INFO - [2026-06-17T01:18:31.229+0000] {dag.py:3239} INFO - Sync 1 DAGs
[2026-06-17T01:18:31.248+0000] {logging_mixin.py:190} INFO - [2026-06-17T01:18:31.248+0000] {dag.py:4180} INFO - Setting next_dagrun for dag_bronze_products to None, run_after=None
[2026-06-17T01:18:31.269+0000] {processor.py:208} INFO - Processing /opt/airflow/dags/dag_bronze_products.py took 0.130 seconds
[2026-06-17T01:19:01.359+0000] {processor.py:186} INFO - Started process (PID=1129) to work on /opt/airflow/dags/dag_bronze_products.py
[2026-06-17T01:19:01.359+0000] {processor.py:914} INFO - Processing file /opt/airflow/dags/dag_bronze_products.py for tasks to queue
[2026-06-17T01:19:01.361+0000] {logging_mixin.py:190} INFO - [2026-06-17T01:19:01.361+0000] {dagbag.py:588} INFO - Filling up the DagBag from /opt/airflow/dags/dag_bronze_products.py
[2026-06-17T01:19:01.368+0000] {processor.py:925} INFO - DAG(s) 'dag_bronze_products' retrieved from /opt/airflow/dags/dag_bronze_products.py
[2026-06-17T01:19:01.398+0000] {logging_mixin.py:190} INFO - [2026-06-17T01:19:01.397+0000] {dag.py:3239} INFO - Sync 1 DAGs
[2026-06-17T01:19:01.412+0000] {logging_mixin.py:190} INFO - [2026-06-17T01:19:01.411+0000] {dag.py:4180} INFO - Setting next_dagrun for dag_bronze_products to None, run_after=None
[2026-06-17T01:19:01.434+0000] {processor.py:208} INFO - Processing /opt/airflow/dags/dag_bronze_products.py took 0.081 seconds
[2026-06-17T01:19:31.575+0000] {processor.py:186} INFO - Started process (PID=1249) to work on /opt/airflow/dags/dag_bronze_products.py
[2026-06-17T01:19:31.576+0000] {processor.py:914} INFO - Processing file /opt/airflow/dags/dag_bronze_products.py for tasks to queue
[2026-06-17T01:19:31.578+0000] {logging_mixin.py:190} INFO - [2026-06-17T01:19:31.578+0000] {dagbag.py:588} INFO - Filling up the DagBag from /opt/airflow/dags/dag_bronze_products.py
[2026-06-17T01:19:31.585+0000] {processor.py:925} INFO - DAG(s) 'dag_bronze_products' retrieved from /opt/airflow/dags/dag_bronze_products.py
[2026-06-17T01:19:31.616+0000] {logging_mixin.py:190} INFO - [2026-06-17T01:19:31.616+0000] {dag.py:3239} INFO - Sync 1 DAGs
[2026-06-17T01:19:31.632+0000] {logging_mixin.py:190} INFO - [2026-06-17T01:19:31.632+0000] {dag.py:4180} INFO - Setting next_dagrun for dag_bronze_products to None, run_after=None
[2026-06-17T01:19:31.650+0000] {processor.py:208} INFO - Processing /opt/airflow/dags/dag_bronze_products.py took 0.080 seconds
[2026-06-17T01:20:01.861+0000] {processor.py:186} INFO - Started process (PID=1369) to work on /opt/airflow/dags/dag_bronze_products.py
[2026-06-17T01:20:01.862+0000] {processor.py:914} INFO - Processing file /opt/airflow/dags/dag_bronze_products.py for tasks to queue
[2026-06-17T01:20:01.864+0000] {logging_mixin.py:190} INFO - [2026-06-17T01:20:01.863+0000] {dagbag.py:588} INFO - Filling up the DagBag from /opt/airflow/dags/dag_bronze_products.py
[2026-06-17T01:20:01.877+0000] {processor.py:925} INFO - DAG(s) 'dag_bronze_products' retrieved from /opt/airflow/dags/dag_bronze_products.py
[2026-06-17T01:20:01.912+0000] {logging_mixin.py:190} INFO - [2026-06-17T01:20:01.912+0000] {dag.py:3239} INFO - Sync 1 DAGs
[2026-06-17T01:20:01.929+0000] {logging_mixin.py:190} INFO - [2026-06-17T01:20:01.929+0000] {dag.py:4180} INFO - Setting next_dagrun for dag_bronze_products to None, run_after=None
[2026-06-17T01:20:01.975+0000] {processor.py:208} INFO - Processing /opt/airflow/dags/dag_bronze_products.py took 0.121 seconds
[2026-06-17T01:20:32.399+0000] {processor.py:186} INFO - Started process (PID=1487) to work on /opt/airflow/dags/dag_bronze_products.py
[2026-06-17T01:20:32.404+0000] {processor.py:914} INFO - Processing file /opt/airflow/dags/dag_bronze_products.py for tasks to queue
[2026-06-17T01:20:32.406+0000] {logging_mixin.py:190} INFO - [2026-06-17T01:20:32.405+0000] {dagbag.py:588} INFO - Filling up the DagBag from /opt/airflow/dags/dag_bronze_products.py
[2026-06-17T01:20:32.413+0000] {processor.py:925} INFO - DAG(s) 'dag_bronze_products' retrieved from /opt/airflow/dags/dag_bronze_products.py
[2026-06-17T01:20:32.449+0000] {logging_mixin.py:190} INFO - [2026-06-17T01:20:32.449+0000] {dag.py:3239} INFO - Sync 1 DAGs
[2026-06-17T01:20:32.473+0000] {logging_mixin.py:190} INFO - [2026-06-17T01:20:32.472+0000] {dag.py:4180} INFO - Setting next_dagrun for dag_bronze_products to None, run_after=None
[2026-06-17T01:20:32.519+0000] {processor.py:208} INFO - Processing /opt/airflow/dags/dag_bronze_products.py took 0.126 seconds
[2026-06-17T01:21:03.881+0000] {processor.py:186} INFO - Started process (PID=1607) to work on /opt/airflow/dags/dag_bronze_products.py
[2026-06-17T01:21:03.882+0000] {processor.py:914} INFO - Processing file /opt/airflow/dags/dag_bronze_products.py for tasks to queue
[2026-06-17T01:21:03.883+0000] {logging_mixin.py:190} INFO - [2026-06-17T01:21:03.883+0000] {dagbag.py:588} INFO - Filling up the DagBag from /opt/airflow/dags/dag_bronze_products.py
[2026-06-17T01:21:03.892+0000] {processor.py:925} INFO - DAG(s) 'dag_bronze_products' retrieved from /opt/airflow/dags/dag_bronze_products.py
[2026-06-17T01:21:03.926+0000] {logging_mixin.py:190} INFO - [2026-06-17T01:21:03.926+0000] {dag.py:3239} INFO - Sync 1 DAGs
[2026-06-17T01:21:03.943+0000] {logging_mixin.py:190} INFO - [2026-06-17T01:21:03.942+0000] {dag.py:4180} INFO - Setting next_dagrun for dag_bronze_products to None, run_after=None
[2026-06-17T01:21:03.963+0000] {processor.py:208} INFO - Processing /opt/airflow/dags/dag_bronze_products.py took 0.088 seconds
[2026-06-17T01:21:34.851+0000] {processor.py:186} INFO - Started process (PID=1729) to work on /opt/airflow/dags/dag_bronze_products.py
[2026-06-17T01:21:34.852+0000] {processor.py:914} INFO - Processing file /opt/airflow/dags/dag_bronze_products.py for tasks to queue
[2026-06-17T01:21:34.854+0000] {logging_mixin.py:190} INFO - [2026-06-17T01:21:34.854+0000] {dagbag.py:588} INFO - Filling up the DagBag from /opt/airflow/dags/dag_bronze_products.py
[2026-06-17T01:21:34.861+0000] {processor.py:925} INFO - DAG(s) 'dag_bronze_products' retrieved from /opt/airflow/dags/dag_bronze_products.py
[2026-06-17T01:21:34.892+0000] {logging_mixin.py:190} INFO - [2026-06-17T01:21:34.892+0000] {dag.py:3239} INFO - Sync 1 DAGs
[2026-06-17T01:21:34.907+0000] {logging_mixin.py:190} INFO - [2026-06-17T01:21:34.907+0000] {dag.py:4180} INFO - Setting next_dagrun for dag_bronze_products to None, run_after=None
[2026-06-17T01:21:34.932+0000] {processor.py:208} INFO - Processing /opt/airflow/dags/dag_bronze_products.py took 0.087 seconds
