[2026-06-17T01:15:26.503+0000] {processor.py:186} INFO - Started process (PID=327) to work on /opt/airflow/dags/dag_hello_world.py
[2026-06-17T01:15:26.504+0000] {processor.py:914} INFO - Processing file /opt/airflow/dags/dag_hello_world.py for tasks to queue
[2026-06-17T01:15:26.507+0000] {logging_mixin.py:190} INFO - [2026-06-17T01:15:26.506+0000] {dagbag.py:588} INFO - Filling up the DagBag from /opt/airflow/dags/dag_hello_world.py
[2026-06-17T01:15:26.515+0000] {processor.py:925} INFO - DAG(s) 'dag_hello_world' retrieved from /opt/airflow/dags/dag_hello_world.py
[2026-06-17T01:15:26.553+0000] {logging_mixin.py:190} INFO - [2026-06-17T01:15:26.553+0000] {dag.py:3239} INFO - Sync 1 DAGs
[2026-06-17T01:15:26.572+0000] {logging_mixin.py:190} INFO - [2026-06-17T01:15:26.571+0000] {dag.py:4180} INFO - Setting next_dagrun for dag_hello_world to None, run_after=None
[2026-06-17T01:15:26.591+0000] {processor.py:208} INFO - Processing /opt/airflow/dags/dag_hello_world.py took 0.094 seconds
[2026-06-17T01:15:57.637+0000] {processor.py:186} INFO - Started process (PID=448) to work on /opt/airflow/dags/dag_hello_world.py
[2026-06-17T01:15:57.640+0000] {processor.py:914} INFO - Processing file /opt/airflow/dags/dag_hello_world.py for tasks to queue
[2026-06-17T01:15:57.642+0000] {logging_mixin.py:190} INFO - [2026-06-17T01:15:57.642+0000] {dagbag.py:588} INFO - Filling up the DagBag from /opt/airflow/dags/dag_hello_world.py
[2026-06-17T01:15:57.653+0000] {processor.py:925} INFO - DAG(s) 'dag_hello_world' retrieved from /opt/airflow/dags/dag_hello_world.py
[2026-06-17T01:15:57.691+0000] {logging_mixin.py:190} INFO - [2026-06-17T01:15:57.690+0000] {dag.py:3239} INFO - Sync 1 DAGs
[2026-06-17T01:15:57.707+0000] {logging_mixin.py:190} INFO - [2026-06-17T01:15:57.707+0000] {dag.py:4180} INFO - Setting next_dagrun for dag_hello_world to None, run_after=None
[2026-06-17T01:15:57.745+0000] {processor.py:208} INFO - Processing /opt/airflow/dags/dag_hello_world.py took 0.114 seconds
[2026-06-17T01:16:28.659+0000] {processor.py:186} INFO - Started process (PID=569) to work on /opt/airflow/dags/dag_hello_world.py
[2026-06-17T01:16:28.660+0000] {processor.py:914} INFO - Processing file /opt/airflow/dags/dag_hello_world.py for tasks to queue
[2026-06-17T01:16:28.662+0000] {logging_mixin.py:190} INFO - [2026-06-17T01:16:28.662+0000] {dagbag.py:588} INFO - Filling up the DagBag from /opt/airflow/dags/dag_hello_world.py
[2026-06-17T01:16:28.668+0000] {processor.py:925} INFO - DAG(s) 'dag_hello_world' retrieved from /opt/airflow/dags/dag_hello_world.py
[2026-06-17T01:16:28.696+0000] {logging_mixin.py:190} INFO - [2026-06-17T01:16:28.696+0000] {dag.py:3239} INFO - Sync 1 DAGs
[2026-06-17T01:16:28.710+0000] {logging_mixin.py:190} INFO - [2026-06-17T01:16:28.710+0000] {dag.py:4180} INFO - Setting next_dagrun for dag_hello_world to None, run_after=None
[2026-06-17T01:16:28.744+0000] {processor.py:208} INFO - Processing /opt/airflow/dags/dag_hello_world.py took 0.090 seconds
[2026-06-17T01:16:59.442+0000] {processor.py:186} INFO - Started process (PID=687) to work on /opt/airflow/dags/dag_hello_world.py
[2026-06-17T01:16:59.443+0000] {processor.py:914} INFO - Processing file /opt/airflow/dags/dag_hello_world.py for tasks to queue
[2026-06-17T01:16:59.445+0000] {logging_mixin.py:190} INFO - [2026-06-17T01:16:59.444+0000] {dagbag.py:588} INFO - Filling up the DagBag from /opt/airflow/dags/dag_hello_world.py
[2026-06-17T01:16:59.453+0000] {processor.py:925} INFO - DAG(s) 'dag_hello_world' retrieved from /opt/airflow/dags/dag_hello_world.py
[2026-06-17T01:16:59.484+0000] {logging_mixin.py:190} INFO - [2026-06-17T01:16:59.484+0000] {dag.py:3239} INFO - Sync 1 DAGs
[2026-06-17T01:16:59.499+0000] {logging_mixin.py:190} INFO - [2026-06-17T01:16:59.499+0000] {dag.py:4180} INFO - Setting next_dagrun for dag_hello_world to None, run_after=None
[2026-06-17T01:16:59.543+0000] {processor.py:208} INFO - Processing /opt/airflow/dags/dag_hello_world.py took 0.107 seconds
[2026-06-17T01:17:30.502+0000] {processor.py:186} INFO - Started process (PID=809) to work on /opt/airflow/dags/dag_hello_world.py
[2026-06-17T01:17:30.503+0000] {processor.py:914} INFO - Processing file /opt/airflow/dags/dag_hello_world.py for tasks to queue
[2026-06-17T01:17:30.505+0000] {logging_mixin.py:190} INFO - [2026-06-17T01:17:30.504+0000] {dagbag.py:588} INFO - Filling up the DagBag from /opt/airflow/dags/dag_hello_world.py
[2026-06-17T01:17:30.512+0000] {processor.py:925} INFO - DAG(s) 'dag_hello_world' retrieved from /opt/airflow/dags/dag_hello_world.py
[2026-06-17T01:17:30.540+0000] {logging_mixin.py:190} INFO - [2026-06-17T01:17:30.540+0000] {dag.py:3239} INFO - Sync 1 DAGs
[2026-06-17T01:17:30.554+0000] {logging_mixin.py:190} INFO - [2026-06-17T01:17:30.554+0000] {dag.py:4180} INFO - Setting next_dagrun for dag_hello_world to None, run_after=None
[2026-06-17T01:17:30.589+0000] {processor.py:208} INFO - Processing /opt/airflow/dags/dag_hello_world.py took 0.092 seconds
[2026-06-17T01:18:00.629+0000] {processor.py:186} INFO - Started process (PID=927) to work on /opt/airflow/dags/dag_hello_world.py
[2026-06-17T01:18:00.630+0000] {processor.py:914} INFO - Processing file /opt/airflow/dags/dag_hello_world.py for tasks to queue
[2026-06-17T01:18:00.632+0000] {logging_mixin.py:190} INFO - [2026-06-17T01:18:00.632+0000] {dagbag.py:588} INFO - Filling up the DagBag from /opt/airflow/dags/dag_hello_world.py
[2026-06-17T01:18:00.641+0000] {processor.py:925} INFO - DAG(s) 'dag_hello_world' retrieved from /opt/airflow/dags/dag_hello_world.py
[2026-06-17T01:18:00.673+0000] {logging_mixin.py:190} INFO - [2026-06-17T01:18:00.672+0000] {dag.py:3239} INFO - Sync 1 DAGs
[2026-06-17T01:18:00.689+0000] {logging_mixin.py:190} INFO - [2026-06-17T01:18:00.689+0000] {dag.py:4180} INFO - Setting next_dagrun for dag_hello_world to None, run_after=None
[2026-06-17T01:18:00.730+0000] {processor.py:208} INFO - Processing /opt/airflow/dags/dag_hello_world.py took 0.108 seconds
[2026-06-17T01:18:31.666+0000] {processor.py:186} INFO - Started process (PID=1047) to work on /opt/airflow/dags/dag_hello_world.py
[2026-06-17T01:18:31.667+0000] {processor.py:914} INFO - Processing file /opt/airflow/dags/dag_hello_world.py for tasks to queue
[2026-06-17T01:18:31.669+0000] {logging_mixin.py:190} INFO - [2026-06-17T01:18:31.669+0000] {dagbag.py:588} INFO - Filling up the DagBag from /opt/airflow/dags/dag_hello_world.py
[2026-06-17T01:18:31.677+0000] {processor.py:925} INFO - DAG(s) 'dag_hello_world' retrieved from /opt/airflow/dags/dag_hello_world.py
[2026-06-17T01:18:31.712+0000] {logging_mixin.py:190} INFO - [2026-06-17T01:18:31.712+0000] {dag.py:3239} INFO - Sync 1 DAGs
[2026-06-17T01:18:31.729+0000] {logging_mixin.py:190} INFO - [2026-06-17T01:18:31.729+0000] {dag.py:4180} INFO - Setting next_dagrun for dag_hello_world to None, run_after=None
[2026-06-17T01:18:31.771+0000] {processor.py:208} INFO - Processing /opt/airflow/dags/dag_hello_world.py took 0.111 seconds
[2026-06-17T01:19:01.842+0000] {processor.py:186} INFO - Started process (PID=1167) to work on /opt/airflow/dags/dag_hello_world.py
[2026-06-17T01:19:01.843+0000] {processor.py:914} INFO - Processing file /opt/airflow/dags/dag_hello_world.py for tasks to queue
[2026-06-17T01:19:01.845+0000] {logging_mixin.py:190} INFO - [2026-06-17T01:19:01.845+0000] {dagbag.py:588} INFO - Filling up the DagBag from /opt/airflow/dags/dag_hello_world.py
[2026-06-17T01:19:01.852+0000] {processor.py:925} INFO - DAG(s) 'dag_hello_world' retrieved from /opt/airflow/dags/dag_hello_world.py
[2026-06-17T01:19:01.885+0000] {logging_mixin.py:190} INFO - [2026-06-17T01:19:01.885+0000] {dag.py:3239} INFO - Sync 1 DAGs
[2026-06-17T01:19:01.900+0000] {logging_mixin.py:190} INFO - [2026-06-17T01:19:01.900+0000] {dag.py:4180} INFO - Setting next_dagrun for dag_hello_world to None, run_after=None
[2026-06-17T01:19:01.951+0000] {processor.py:208} INFO - Processing /opt/airflow/dags/dag_hello_world.py took 0.115 seconds
[2026-06-17T01:19:32.063+0000] {processor.py:186} INFO - Started process (PID=1287) to work on /opt/airflow/dags/dag_hello_world.py
[2026-06-17T01:19:32.064+0000] {processor.py:914} INFO - Processing file /opt/airflow/dags/dag_hello_world.py for tasks to queue
[2026-06-17T01:19:32.066+0000] {logging_mixin.py:190} INFO - [2026-06-17T01:19:32.066+0000] {dagbag.py:588} INFO - Filling up the DagBag from /opt/airflow/dags/dag_hello_world.py
[2026-06-17T01:19:32.073+0000] {processor.py:925} INFO - DAG(s) 'dag_hello_world' retrieved from /opt/airflow/dags/dag_hello_world.py
[2026-06-17T01:19:32.104+0000] {logging_mixin.py:190} INFO - [2026-06-17T01:19:32.104+0000] {dag.py:3239} INFO - Sync 1 DAGs
[2026-06-17T01:19:32.118+0000] {logging_mixin.py:190} INFO - [2026-06-17T01:19:32.118+0000] {dag.py:4180} INFO - Setting next_dagrun for dag_hello_world to None, run_after=None
[2026-06-17T01:19:32.138+0000] {processor.py:208} INFO - Processing /opt/airflow/dags/dag_hello_world.py took 0.081 seconds
[2026-06-17T01:20:02.789+0000] {processor.py:186} INFO - Started process (PID=1409) to work on /opt/airflow/dags/dag_hello_world.py
[2026-06-17T01:20:02.790+0000] {processor.py:914} INFO - Processing file /opt/airflow/dags/dag_hello_world.py for tasks to queue
[2026-06-17T01:20:02.792+0000] {logging_mixin.py:190} INFO - [2026-06-17T01:20:02.792+0000] {dagbag.py:588} INFO - Filling up the DagBag from /opt/airflow/dags/dag_hello_world.py
[2026-06-17T01:20:02.799+0000] {processor.py:925} INFO - DAG(s) 'dag_hello_world' retrieved from /opt/airflow/dags/dag_hello_world.py
[2026-06-17T01:20:02.832+0000] {logging_mixin.py:190} INFO - [2026-06-17T01:20:02.832+0000] {dag.py:3239} INFO - Sync 1 DAGs
[2026-06-17T01:20:02.847+0000] {logging_mixin.py:190} INFO - [2026-06-17T01:20:02.847+0000] {dag.py:4180} INFO - Setting next_dagrun for dag_hello_world to None, run_after=None
[2026-06-17T01:20:02.890+0000] {processor.py:208} INFO - Processing /opt/airflow/dags/dag_hello_world.py took 0.107 seconds
[2026-06-17T01:20:33.005+0000] {processor.py:186} INFO - Started process (PID=1527) to work on /opt/airflow/dags/dag_hello_world.py
[2026-06-17T01:20:33.016+0000] {processor.py:914} INFO - Processing file /opt/airflow/dags/dag_hello_world.py for tasks to queue
[2026-06-17T01:20:33.018+0000] {logging_mixin.py:190} INFO - [2026-06-17T01:20:33.018+0000] {dagbag.py:588} INFO - Filling up the DagBag from /opt/airflow/dags/dag_hello_world.py
[2026-06-17T01:20:33.025+0000] {processor.py:925} INFO - DAG(s) 'dag_hello_world' retrieved from /opt/airflow/dags/dag_hello_world.py
[2026-06-17T01:20:33.055+0000] {logging_mixin.py:190} INFO - [2026-06-17T01:20:33.055+0000] {dag.py:3239} INFO - Sync 1 DAGs
[2026-06-17T01:20:33.071+0000] {logging_mixin.py:190} INFO - [2026-06-17T01:20:33.071+0000] {dag.py:4180} INFO - Setting next_dagrun for dag_hello_world to None, run_after=None
[2026-06-17T01:20:33.102+0000] {processor.py:208} INFO - Processing /opt/airflow/dags/dag_hello_world.py took 0.103 seconds
[2026-06-17T01:21:04.335+0000] {processor.py:186} INFO - Started process (PID=1647) to work on /opt/airflow/dags/dag_hello_world.py
[2026-06-17T01:21:04.336+0000] {processor.py:914} INFO - Processing file /opt/airflow/dags/dag_hello_world.py for tasks to queue
[2026-06-17T01:21:04.339+0000] {logging_mixin.py:190} INFO - [2026-06-17T01:21:04.338+0000] {dagbag.py:588} INFO - Filling up the DagBag from /opt/airflow/dags/dag_hello_world.py
[2026-06-17T01:21:04.346+0000] {processor.py:925} INFO - DAG(s) 'dag_hello_world' retrieved from /opt/airflow/dags/dag_hello_world.py
[2026-06-17T01:21:04.378+0000] {logging_mixin.py:190} INFO - [2026-06-17T01:21:04.378+0000] {dag.py:3239} INFO - Sync 1 DAGs
[2026-06-17T01:21:04.393+0000] {logging_mixin.py:190} INFO - [2026-06-17T01:21:04.393+0000] {dag.py:4180} INFO - Setting next_dagrun for dag_hello_world to None, run_after=None
[2026-06-17T01:21:04.411+0000] {processor.py:208} INFO - Processing /opt/airflow/dags/dag_hello_world.py took 0.081 seconds
[2026-06-17T01:21:35.323+0000] {processor.py:186} INFO - Started process (PID=1769) to work on /opt/airflow/dags/dag_hello_world.py
[2026-06-17T01:21:35.324+0000] {processor.py:914} INFO - Processing file /opt/airflow/dags/dag_hello_world.py for tasks to queue
[2026-06-17T01:21:35.326+0000] {logging_mixin.py:190} INFO - [2026-06-17T01:21:35.326+0000] {dagbag.py:588} INFO - Filling up the DagBag from /opt/airflow/dags/dag_hello_world.py
[2026-06-17T01:21:35.334+0000] {processor.py:925} INFO - DAG(s) 'dag_hello_world' retrieved from /opt/airflow/dags/dag_hello_world.py
[2026-06-17T01:21:35.363+0000] {logging_mixin.py:190} INFO - [2026-06-17T01:21:35.363+0000] {dag.py:3239} INFO - Sync 1 DAGs
[2026-06-17T01:21:35.378+0000] {logging_mixin.py:190} INFO - [2026-06-17T01:21:35.378+0000] {dag.py:4180} INFO - Setting next_dagrun for dag_hello_world to None, run_after=None
[2026-06-17T01:21:35.406+0000] {processor.py:208} INFO - Processing /opt/airflow/dags/dag_hello_world.py took 0.088 seconds
