[2026-06-17T01:15:26.038+0000] {processor.py:186} INFO - Started process (PID=297) to work on /opt/airflow/dags/dag_bronze_aisles.py
[2026-06-17T01:15:26.039+0000] {processor.py:914} INFO - Processing file /opt/airflow/dags/dag_bronze_aisles.py for tasks to queue
[2026-06-17T01:15:26.043+0000] {logging_mixin.py:190} INFO - [2026-06-17T01:15:26.042+0000] {dagbag.py:588} INFO - Filling up the DagBag from /opt/airflow/dags/dag_bronze_aisles.py
[2026-06-17T01:15:26.066+0000] {processor.py:925} INFO - DAG(s) 'dag_bronze_aisles' retrieved from /opt/airflow/dags/dag_bronze_aisles.py
[2026-06-17T01:15:26.123+0000] {logging_mixin.py:190} INFO - [2026-06-17T01:15:26.123+0000] {dag.py:3239} INFO - Sync 1 DAGs
[2026-06-17T01:15:26.146+0000] {logging_mixin.py:190} INFO - [2026-06-17T01:15:26.146+0000] {dag.py:4180} INFO - Setting next_dagrun for dag_bronze_aisles to None, run_after=None
[2026-06-17T01:15:26.180+0000] {processor.py:208} INFO - Processing /opt/airflow/dags/dag_bronze_aisles.py took 0.148 seconds
[2026-06-17T01:15:57.076+0000] {processor.py:186} INFO - Started process (PID=418) to work on /opt/airflow/dags/dag_bronze_aisles.py
[2026-06-17T01:15:57.077+0000] {processor.py:914} INFO - Processing file /opt/airflow/dags/dag_bronze_aisles.py for tasks to queue
[2026-06-17T01:15:57.083+0000] {logging_mixin.py:190} INFO - [2026-06-17T01:15:57.079+0000] {dagbag.py:588} INFO - Filling up the DagBag from /opt/airflow/dags/dag_bronze_aisles.py
[2026-06-17T01:15:57.093+0000] {processor.py:925} INFO - DAG(s) 'dag_bronze_aisles' retrieved from /opt/airflow/dags/dag_bronze_aisles.py
[2026-06-17T01:15:57.147+0000] {logging_mixin.py:190} INFO - [2026-06-17T01:15:57.147+0000] {dag.py:3239} INFO - Sync 1 DAGs
[2026-06-17T01:15:57.178+0000] {logging_mixin.py:190} INFO - [2026-06-17T01:15:57.178+0000] {dag.py:4180} INFO - Setting next_dagrun for dag_bronze_aisles to None, run_after=None
[2026-06-17T01:15:57.212+0000] {processor.py:208} INFO - Processing /opt/airflow/dags/dag_bronze_aisles.py took 0.143 seconds
[2026-06-17T01:16:27.299+0000] {processor.py:186} INFO - Started process (PID=539) to work on /opt/airflow/dags/dag_bronze_aisles.py
[2026-06-17T01:16:27.299+0000] {processor.py:914} INFO - Processing file /opt/airflow/dags/dag_bronze_aisles.py for tasks to queue
[2026-06-17T01:16:27.304+0000] {logging_mixin.py:190} INFO - [2026-06-17T01:16:27.303+0000] {dagbag.py:588} INFO - Filling up the DagBag from /opt/airflow/dags/dag_bronze_aisles.py
[2026-06-17T01:16:27.311+0000] {processor.py:925} INFO - DAG(s) 'dag_bronze_aisles' retrieved from /opt/airflow/dags/dag_bronze_aisles.py
[2026-06-17T01:16:27.345+0000] {logging_mixin.py:190} INFO - [2026-06-17T01:16:27.345+0000] {dag.py:3239} INFO - Sync 1 DAGs
[2026-06-17T01:16:27.360+0000] {logging_mixin.py:190} INFO - [2026-06-17T01:16:27.360+0000] {dag.py:4180} INFO - Setting next_dagrun for dag_bronze_aisles to None, run_after=None
[2026-06-17T01:16:27.380+0000] {processor.py:208} INFO - Processing /opt/airflow/dags/dag_bronze_aisles.py took 0.087 seconds
[2026-06-17T01:16:58.043+0000] {processor.py:186} INFO - Started process (PID=657) to work on /opt/airflow/dags/dag_bronze_aisles.py
[2026-06-17T01:16:58.044+0000] {processor.py:914} INFO - Processing file /opt/airflow/dags/dag_bronze_aisles.py for tasks to queue
[2026-06-17T01:16:58.046+0000] {logging_mixin.py:190} INFO - [2026-06-17T01:16:58.046+0000] {dagbag.py:588} INFO - Filling up the DagBag from /opt/airflow/dags/dag_bronze_aisles.py
[2026-06-17T01:16:58.053+0000] {processor.py:925} INFO - DAG(s) 'dag_bronze_aisles' retrieved from /opt/airflow/dags/dag_bronze_aisles.py
[2026-06-17T01:16:58.086+0000] {logging_mixin.py:190} INFO - [2026-06-17T01:16:58.085+0000] {dag.py:3239} INFO - Sync 1 DAGs
[2026-06-17T01:16:58.100+0000] {logging_mixin.py:190} INFO - [2026-06-17T01:16:58.100+0000] {dag.py:4180} INFO - Setting next_dagrun for dag_bronze_aisles to None, run_after=None
[2026-06-17T01:16:58.118+0000] {processor.py:208} INFO - Processing /opt/airflow/dags/dag_bronze_aisles.py took 0.081 seconds
[2026-06-17T01:17:29.100+0000] {processor.py:186} INFO - Started process (PID=779) to work on /opt/airflow/dags/dag_bronze_aisles.py
[2026-06-17T01:17:29.101+0000] {processor.py:914} INFO - Processing file /opt/airflow/dags/dag_bronze_aisles.py for tasks to queue
[2026-06-17T01:17:29.103+0000] {logging_mixin.py:190} INFO - [2026-06-17T01:17:29.103+0000] {dagbag.py:588} INFO - Filling up the DagBag from /opt/airflow/dags/dag_bronze_aisles.py
[2026-06-17T01:17:29.111+0000] {processor.py:925} INFO - DAG(s) 'dag_bronze_aisles' retrieved from /opt/airflow/dags/dag_bronze_aisles.py
[2026-06-17T01:17:29.141+0000] {logging_mixin.py:190} INFO - [2026-06-17T01:17:29.140+0000] {dag.py:3239} INFO - Sync 1 DAGs
[2026-06-17T01:17:29.155+0000] {logging_mixin.py:190} INFO - [2026-06-17T01:17:29.155+0000] {dag.py:4180} INFO - Setting next_dagrun for dag_bronze_aisles to None, run_after=None
[2026-06-17T01:17:29.173+0000] {processor.py:208} INFO - Processing /opt/airflow/dags/dag_bronze_aisles.py took 0.079 seconds
[2026-06-17T01:18:00.208+0000] {processor.py:186} INFO - Started process (PID=897) to work on /opt/airflow/dags/dag_bronze_aisles.py
[2026-06-17T01:18:00.209+0000] {processor.py:914} INFO - Processing file /opt/airflow/dags/dag_bronze_aisles.py for tasks to queue
[2026-06-17T01:18:00.211+0000] {logging_mixin.py:190} INFO - [2026-06-17T01:18:00.211+0000] {dagbag.py:588} INFO - Filling up the DagBag from /opt/airflow/dags/dag_bronze_aisles.py
[2026-06-17T01:18:00.220+0000] {processor.py:925} INFO - DAG(s) 'dag_bronze_aisles' retrieved from /opt/airflow/dags/dag_bronze_aisles.py
[2026-06-17T01:18:00.251+0000] {logging_mixin.py:190} INFO - [2026-06-17T01:18:00.250+0000] {dag.py:3239} INFO - Sync 1 DAGs
[2026-06-17T01:18:00.266+0000] {logging_mixin.py:190} INFO - [2026-06-17T01:18:00.266+0000] {dag.py:4180} INFO - Setting next_dagrun for dag_bronze_aisles to None, run_after=None
[2026-06-17T01:18:00.286+0000] {processor.py:208} INFO - Processing /opt/airflow/dags/dag_bronze_aisles.py took 0.084 seconds
[2026-06-17T01:18:31.303+0000] {processor.py:186} INFO - Started process (PID=1017) to work on /opt/airflow/dags/dag_bronze_aisles.py
[2026-06-17T01:18:31.304+0000] {processor.py:914} INFO - Processing file /opt/airflow/dags/dag_bronze_aisles.py for tasks to queue
[2026-06-17T01:18:31.306+0000] {logging_mixin.py:190} INFO - [2026-06-17T01:18:31.306+0000] {dagbag.py:588} INFO - Filling up the DagBag from /opt/airflow/dags/dag_bronze_aisles.py
[2026-06-17T01:18:31.314+0000] {processor.py:925} INFO - DAG(s) 'dag_bronze_aisles' retrieved from /opt/airflow/dags/dag_bronze_aisles.py
[2026-06-17T01:18:31.347+0000] {logging_mixin.py:190} INFO - [2026-06-17T01:18:31.347+0000] {dag.py:3239} INFO - Sync 1 DAGs
[2026-06-17T01:18:31.364+0000] {logging_mixin.py:190} INFO - [2026-06-17T01:18:31.363+0000] {dag.py:4180} INFO - Setting next_dagrun for dag_bronze_aisles to None, run_after=None
[2026-06-17T01:18:31.385+0000] {processor.py:208} INFO - Processing /opt/airflow/dags/dag_bronze_aisles.py took 0.088 seconds
[2026-06-17T01:19:01.464+0000] {processor.py:186} INFO - Started process (PID=1139) to work on /opt/airflow/dags/dag_bronze_aisles.py
[2026-06-17T01:19:01.465+0000] {processor.py:914} INFO - Processing file /opt/airflow/dags/dag_bronze_aisles.py for tasks to queue
[2026-06-17T01:19:01.466+0000] {logging_mixin.py:190} INFO - [2026-06-17T01:19:01.466+0000] {dagbag.py:588} INFO - Filling up the DagBag from /opt/airflow/dags/dag_bronze_aisles.py
[2026-06-17T01:19:01.474+0000] {processor.py:925} INFO - DAG(s) 'dag_bronze_aisles' retrieved from /opt/airflow/dags/dag_bronze_aisles.py
[2026-06-17T01:19:01.505+0000] {logging_mixin.py:190} INFO - [2026-06-17T01:19:01.504+0000] {dag.py:3239} INFO - Sync 1 DAGs
[2026-06-17T01:19:01.519+0000] {logging_mixin.py:190} INFO - [2026-06-17T01:19:01.519+0000] {dag.py:4180} INFO - Setting next_dagrun for dag_bronze_aisles to None, run_after=None
[2026-06-17T01:19:01.536+0000] {processor.py:208} INFO - Processing /opt/airflow/dags/dag_bronze_aisles.py took 0.078 seconds
[2026-06-17T01:19:31.682+0000] {processor.py:186} INFO - Started process (PID=1259) to work on /opt/airflow/dags/dag_bronze_aisles.py
[2026-06-17T01:19:31.682+0000] {processor.py:914} INFO - Processing file /opt/airflow/dags/dag_bronze_aisles.py for tasks to queue
[2026-06-17T01:19:31.685+0000] {logging_mixin.py:190} INFO - [2026-06-17T01:19:31.685+0000] {dagbag.py:588} INFO - Filling up the DagBag from /opt/airflow/dags/dag_bronze_aisles.py
[2026-06-17T01:19:31.692+0000] {processor.py:925} INFO - DAG(s) 'dag_bronze_aisles' retrieved from /opt/airflow/dags/dag_bronze_aisles.py
[2026-06-17T01:19:31.723+0000] {logging_mixin.py:190} INFO - [2026-06-17T01:19:31.722+0000] {dag.py:3239} INFO - Sync 1 DAGs
[2026-06-17T01:19:31.737+0000] {logging_mixin.py:190} INFO - [2026-06-17T01:19:31.737+0000] {dag.py:4180} INFO - Setting next_dagrun for dag_bronze_aisles to None, run_after=None
[2026-06-17T01:19:31.755+0000] {processor.py:208} INFO - Processing /opt/airflow/dags/dag_bronze_aisles.py took 0.079 seconds
[2026-06-17T01:20:02.161+0000] {processor.py:186} INFO - Started process (PID=1379) to work on /opt/airflow/dags/dag_bronze_aisles.py
[2026-06-17T01:20:02.162+0000] {processor.py:914} INFO - Processing file /opt/airflow/dags/dag_bronze_aisles.py for tasks to queue
[2026-06-17T01:20:02.165+0000] {logging_mixin.py:190} INFO - [2026-06-17T01:20:02.164+0000] {dagbag.py:588} INFO - Filling up the DagBag from /opt/airflow/dags/dag_bronze_aisles.py
[2026-06-17T01:20:02.172+0000] {processor.py:925} INFO - DAG(s) 'dag_bronze_aisles' retrieved from /opt/airflow/dags/dag_bronze_aisles.py
[2026-06-17T01:20:02.209+0000] {logging_mixin.py:190} INFO - [2026-06-17T01:20:02.209+0000] {dag.py:3239} INFO - Sync 1 DAGs
[2026-06-17T01:20:02.239+0000] {logging_mixin.py:190} INFO - [2026-06-17T01:20:02.239+0000] {dag.py:4180} INFO - Setting next_dagrun for dag_bronze_aisles to None, run_after=None
[2026-06-17T01:20:02.283+0000] {processor.py:208} INFO - Processing /opt/airflow/dags/dag_bronze_aisles.py took 0.127 seconds
[2026-06-17T01:20:32.563+0000] {processor.py:186} INFO - Started process (PID=1497) to work on /opt/airflow/dags/dag_bronze_aisles.py
[2026-06-17T01:20:32.569+0000] {processor.py:914} INFO - Processing file /opt/airflow/dags/dag_bronze_aisles.py for tasks to queue
[2026-06-17T01:20:32.572+0000] {logging_mixin.py:190} INFO - [2026-06-17T01:20:32.571+0000] {dagbag.py:588} INFO - Filling up the DagBag from /opt/airflow/dags/dag_bronze_aisles.py
[2026-06-17T01:20:32.579+0000] {processor.py:925} INFO - DAG(s) 'dag_bronze_aisles' retrieved from /opt/airflow/dags/dag_bronze_aisles.py
[2026-06-17T01:20:32.612+0000] {logging_mixin.py:190} INFO - [2026-06-17T01:20:32.612+0000] {dag.py:3239} INFO - Sync 1 DAGs
[2026-06-17T01:20:32.627+0000] {logging_mixin.py:190} INFO - [2026-06-17T01:20:32.627+0000] {dag.py:4180} INFO - Setting next_dagrun for dag_bronze_aisles to None, run_after=None
[2026-06-17T01:20:32.665+0000] {processor.py:208} INFO - Processing /opt/airflow/dags/dag_bronze_aisles.py took 0.108 seconds
[2026-06-17T01:21:03.998+0000] {processor.py:186} INFO - Started process (PID=1617) to work on /opt/airflow/dags/dag_bronze_aisles.py
[2026-06-17T01:21:03.999+0000] {processor.py:914} INFO - Processing file /opt/airflow/dags/dag_bronze_aisles.py for tasks to queue
[2026-06-17T01:21:04.001+0000] {logging_mixin.py:190} INFO - [2026-06-17T01:21:04.000+0000] {dagbag.py:588} INFO - Filling up the DagBag from /opt/airflow/dags/dag_bronze_aisles.py
[2026-06-17T01:21:04.008+0000] {processor.py:925} INFO - DAG(s) 'dag_bronze_aisles' retrieved from /opt/airflow/dags/dag_bronze_aisles.py
[2026-06-17T01:21:04.040+0000] {logging_mixin.py:190} INFO - [2026-06-17T01:21:04.040+0000] {dag.py:3239} INFO - Sync 1 DAGs
[2026-06-17T01:21:04.055+0000] {logging_mixin.py:190} INFO - [2026-06-17T01:21:04.055+0000] {dag.py:4180} INFO - Setting next_dagrun for dag_bronze_aisles to None, run_after=None
[2026-06-17T01:21:04.076+0000] {processor.py:208} INFO - Processing /opt/airflow/dags/dag_bronze_aisles.py took 0.084 seconds
[2026-06-17T01:21:34.969+0000] {processor.py:186} INFO - Started process (PID=1739) to work on /opt/airflow/dags/dag_bronze_aisles.py
[2026-06-17T01:21:34.970+0000] {processor.py:914} INFO - Processing file /opt/airflow/dags/dag_bronze_aisles.py for tasks to queue
[2026-06-17T01:21:34.972+0000] {logging_mixin.py:190} INFO - [2026-06-17T01:21:34.971+0000] {dagbag.py:588} INFO - Filling up the DagBag from /opt/airflow/dags/dag_bronze_aisles.py
[2026-06-17T01:21:34.980+0000] {processor.py:925} INFO - DAG(s) 'dag_bronze_aisles' retrieved from /opt/airflow/dags/dag_bronze_aisles.py
[2026-06-17T01:21:35.010+0000] {logging_mixin.py:190} INFO - [2026-06-17T01:21:35.010+0000] {dag.py:3239} INFO - Sync 1 DAGs
[2026-06-17T01:21:35.028+0000] {logging_mixin.py:190} INFO - [2026-06-17T01:21:35.027+0000] {dag.py:4180} INFO - Setting next_dagrun for dag_bronze_aisles to None, run_after=None
[2026-06-17T01:21:35.048+0000] {processor.py:208} INFO - Processing /opt/airflow/dags/dag_bronze_aisles.py took 0.085 seconds
