[2026-06-17T01:15:26.268+0000] {processor.py:186} INFO - Started process (PID=312) to work on /opt/airflow/dags/dag_prepare_instacart_source.py
[2026-06-17T01:15:26.268+0000] {processor.py:914} INFO - Processing file /opt/airflow/dags/dag_prepare_instacart_source.py for tasks to queue
[2026-06-17T01:15:26.271+0000] {logging_mixin.py:190} INFO - [2026-06-17T01:15:26.270+0000] {dagbag.py:588} INFO - Filling up the DagBag from /opt/airflow/dags/dag_prepare_instacart_source.py
[2026-06-17T01:15:26.278+0000] {processor.py:925} INFO - DAG(s) 'dag_prepare_instacart_source' retrieved from /opt/airflow/dags/dag_prepare_instacart_source.py
[2026-06-17T01:15:26.316+0000] {logging_mixin.py:190} INFO - [2026-06-17T01:15:26.316+0000] {dag.py:3239} INFO - Sync 1 DAGs
[2026-06-17T01:15:26.337+0000] {logging_mixin.py:190} INFO - [2026-06-17T01:15:26.337+0000] {dag.py:4180} INFO - Setting next_dagrun for dag_prepare_instacart_source to None, run_after=None
[2026-06-17T01:15:26.367+0000] {processor.py:208} INFO - Processing /opt/airflow/dags/dag_prepare_instacart_source.py took 0.105 seconds
[2026-06-17T01:15:57.285+0000] {processor.py:186} INFO - Started process (PID=432) to work on /opt/airflow/dags/dag_prepare_instacart_source.py
[2026-06-17T01:15:57.286+0000] {processor.py:914} INFO - Processing file /opt/airflow/dags/dag_prepare_instacart_source.py for tasks to queue
[2026-06-17T01:15:57.288+0000] {logging_mixin.py:190} INFO - [2026-06-17T01:15:57.287+0000] {dagbag.py:588} INFO - Filling up the DagBag from /opt/airflow/dags/dag_prepare_instacart_source.py
[2026-06-17T01:15:57.298+0000] {processor.py:925} INFO - DAG(s) 'dag_prepare_instacart_source' retrieved from /opt/airflow/dags/dag_prepare_instacart_source.py
[2026-06-17T01:15:57.366+0000] {logging_mixin.py:190} INFO - [2026-06-17T01:15:57.365+0000] {dag.py:3239} INFO - Sync 1 DAGs
[2026-06-17T01:15:57.412+0000] {logging_mixin.py:190} INFO - [2026-06-17T01:15:57.412+0000] {dag.py:4180} INFO - Setting next_dagrun for dag_prepare_instacart_source to None, run_after=None
[2026-06-17T01:15:57.442+0000] {processor.py:208} INFO - Processing /opt/airflow/dags/dag_prepare_instacart_source.py took 0.164 seconds
[2026-06-17T01:16:28.438+0000] {processor.py:186} INFO - Started process (PID=552) to work on /opt/airflow/dags/dag_prepare_instacart_source.py
[2026-06-17T01:16:28.439+0000] {processor.py:914} INFO - Processing file /opt/airflow/dags/dag_prepare_instacart_source.py for tasks to queue
[2026-06-17T01:16:28.444+0000] {logging_mixin.py:190} INFO - [2026-06-17T01:16:28.443+0000] {dagbag.py:588} INFO - Filling up the DagBag from /opt/airflow/dags/dag_prepare_instacart_source.py
[2026-06-17T01:16:28.450+0000] {processor.py:925} INFO - DAG(s) 'dag_prepare_instacart_source' retrieved from /opt/airflow/dags/dag_prepare_instacart_source.py
[2026-06-17T01:16:28.480+0000] {logging_mixin.py:190} INFO - [2026-06-17T01:16:28.480+0000] {dag.py:3239} INFO - Sync 1 DAGs
[2026-06-17T01:16:28.495+0000] {logging_mixin.py:190} INFO - [2026-06-17T01:16:28.495+0000] {dag.py:4180} INFO - Setting next_dagrun for dag_prepare_instacart_source to None, run_after=None
[2026-06-17T01:16:28.536+0000] {processor.py:208} INFO - Processing /opt/airflow/dags/dag_prepare_instacart_source.py took 0.104 seconds
[2026-06-17T01:16:59.193+0000] {processor.py:186} INFO - Started process (PID=672) to work on /opt/airflow/dags/dag_prepare_instacart_source.py
[2026-06-17T01:16:59.202+0000] {processor.py:914} INFO - Processing file /opt/airflow/dags/dag_prepare_instacart_source.py for tasks to queue
[2026-06-17T01:16:59.205+0000] {logging_mixin.py:190} INFO - [2026-06-17T01:16:59.204+0000] {dagbag.py:588} INFO - Filling up the DagBag from /opt/airflow/dags/dag_prepare_instacart_source.py
[2026-06-17T01:16:59.212+0000] {processor.py:925} INFO - DAG(s) 'dag_prepare_instacart_source' retrieved from /opt/airflow/dags/dag_prepare_instacart_source.py
[2026-06-17T01:16:59.246+0000] {logging_mixin.py:190} INFO - [2026-06-17T01:16:59.245+0000] {dag.py:3239} INFO - Sync 1 DAGs
[2026-06-17T01:16:59.260+0000] {logging_mixin.py:190} INFO - [2026-06-17T01:16:59.260+0000] {dag.py:4180} INFO - Setting next_dagrun for dag_prepare_instacart_source to None, run_after=None
[2026-06-17T01:16:59.280+0000] {processor.py:208} INFO - Processing /opt/airflow/dags/dag_prepare_instacart_source.py took 0.093 seconds
[2026-06-17T01:17:30.249+0000] {processor.py:186} INFO - Started process (PID=792) to work on /opt/airflow/dags/dag_prepare_instacart_source.py
[2026-06-17T01:17:30.259+0000] {processor.py:914} INFO - Processing file /opt/airflow/dags/dag_prepare_instacart_source.py for tasks to queue
[2026-06-17T01:17:30.261+0000] {logging_mixin.py:190} INFO - [2026-06-17T01:17:30.261+0000] {dagbag.py:588} INFO - Filling up the DagBag from /opt/airflow/dags/dag_prepare_instacart_source.py
[2026-06-17T01:17:30.268+0000] {processor.py:925} INFO - DAG(s) 'dag_prepare_instacart_source' retrieved from /opt/airflow/dags/dag_prepare_instacart_source.py
[2026-06-17T01:17:30.298+0000] {logging_mixin.py:190} INFO - [2026-06-17T01:17:30.298+0000] {dag.py:3239} INFO - Sync 1 DAGs
[2026-06-17T01:17:30.313+0000] {logging_mixin.py:190} INFO - [2026-06-17T01:17:30.313+0000] {dag.py:4180} INFO - Setting next_dagrun for dag_prepare_instacart_source to None, run_after=None
[2026-06-17T01:17:30.334+0000] {processor.py:208} INFO - Processing /opt/airflow/dags/dag_prepare_instacart_source.py took 0.092 seconds
[2026-06-17T01:18:00.406+0000] {processor.py:186} INFO - Started process (PID=912) to work on /opt/airflow/dags/dag_prepare_instacart_source.py
[2026-06-17T01:18:00.407+0000] {processor.py:914} INFO - Processing file /opt/airflow/dags/dag_prepare_instacart_source.py for tasks to queue
[2026-06-17T01:18:00.409+0000] {logging_mixin.py:190} INFO - [2026-06-17T01:18:00.409+0000] {dagbag.py:588} INFO - Filling up the DagBag from /opt/airflow/dags/dag_prepare_instacart_source.py
[2026-06-17T01:18:00.416+0000] {processor.py:925} INFO - DAG(s) 'dag_prepare_instacart_source' retrieved from /opt/airflow/dags/dag_prepare_instacart_source.py
[2026-06-17T01:18:00.447+0000] {logging_mixin.py:190} INFO - [2026-06-17T01:18:00.447+0000] {dag.py:3239} INFO - Sync 1 DAGs
[2026-06-17T01:18:00.463+0000] {logging_mixin.py:190} INFO - [2026-06-17T01:18:00.462+0000] {dag.py:4180} INFO - Setting next_dagrun for dag_prepare_instacart_source to None, run_after=None
[2026-06-17T01:18:00.507+0000] {processor.py:208} INFO - Processing /opt/airflow/dags/dag_prepare_instacart_source.py took 0.107 seconds
[2026-06-17T01:18:31.466+0000] {processor.py:186} INFO - Started process (PID=1032) to work on /opt/airflow/dags/dag_prepare_instacart_source.py
[2026-06-17T01:18:31.467+0000] {processor.py:914} INFO - Processing file /opt/airflow/dags/dag_prepare_instacart_source.py for tasks to queue
[2026-06-17T01:18:31.470+0000] {logging_mixin.py:190} INFO - [2026-06-17T01:18:31.470+0000] {dagbag.py:588} INFO - Filling up the DagBag from /opt/airflow/dags/dag_prepare_instacart_source.py
[2026-06-17T01:18:31.479+0000] {processor.py:925} INFO - DAG(s) 'dag_prepare_instacart_source' retrieved from /opt/airflow/dags/dag_prepare_instacart_source.py
[2026-06-17T01:18:31.515+0000] {logging_mixin.py:190} INFO - [2026-06-17T01:18:31.515+0000] {dag.py:3239} INFO - Sync 1 DAGs
[2026-06-17T01:18:31.532+0000] {logging_mixin.py:190} INFO - [2026-06-17T01:18:31.531+0000] {dag.py:4180} INFO - Setting next_dagrun for dag_prepare_instacart_source to None, run_after=None
[2026-06-17T01:18:31.559+0000] {processor.py:208} INFO - Processing /opt/airflow/dags/dag_prepare_instacart_source.py took 0.100 seconds
[2026-06-17T01:19:01.692+0000] {processor.py:186} INFO - Started process (PID=1154) to work on /opt/airflow/dags/dag_prepare_instacart_source.py
[2026-06-17T01:19:01.693+0000] {processor.py:914} INFO - Processing file /opt/airflow/dags/dag_prepare_instacart_source.py for tasks to queue
[2026-06-17T01:19:01.696+0000] {logging_mixin.py:190} INFO - [2026-06-17T01:19:01.695+0000] {dagbag.py:588} INFO - Filling up the DagBag from /opt/airflow/dags/dag_prepare_instacart_source.py
[2026-06-17T01:19:01.704+0000] {processor.py:925} INFO - DAG(s) 'dag_prepare_instacart_source' retrieved from /opt/airflow/dags/dag_prepare_instacart_source.py
[2026-06-17T01:19:01.736+0000] {logging_mixin.py:190} INFO - [2026-06-17T01:19:01.736+0000] {dag.py:3239} INFO - Sync 1 DAGs
[2026-06-17T01:19:01.752+0000] {logging_mixin.py:190} INFO - [2026-06-17T01:19:01.752+0000] {dag.py:4180} INFO - Setting next_dagrun for dag_prepare_instacart_source to None, run_after=None
[2026-06-17T01:19:01.796+0000] {processor.py:208} INFO - Processing /opt/airflow/dags/dag_prepare_instacart_source.py took 0.111 seconds
[2026-06-17T01:19:31.914+0000] {processor.py:186} INFO - Started process (PID=1274) to work on /opt/airflow/dags/dag_prepare_instacart_source.py
[2026-06-17T01:19:31.915+0000] {processor.py:914} INFO - Processing file /opt/airflow/dags/dag_prepare_instacart_source.py for tasks to queue
[2026-06-17T01:19:31.917+0000] {logging_mixin.py:190} INFO - [2026-06-17T01:19:31.917+0000] {dagbag.py:588} INFO - Filling up the DagBag from /opt/airflow/dags/dag_prepare_instacart_source.py
[2026-06-17T01:19:31.925+0000] {processor.py:925} INFO - DAG(s) 'dag_prepare_instacart_source' retrieved from /opt/airflow/dags/dag_prepare_instacart_source.py
[2026-06-17T01:19:31.957+0000] {logging_mixin.py:190} INFO - [2026-06-17T01:19:31.957+0000] {dag.py:3239} INFO - Sync 1 DAGs
[2026-06-17T01:19:31.972+0000] {logging_mixin.py:190} INFO - [2026-06-17T01:19:31.972+0000] {dag.py:4180} INFO - Setting next_dagrun for dag_prepare_instacart_source to None, run_after=None
[2026-06-17T01:19:32.016+0000] {processor.py:208} INFO - Processing /opt/airflow/dags/dag_prepare_instacart_source.py took 0.107 seconds
[2026-06-17T01:20:02.354+0000] {processor.py:186} INFO - Started process (PID=1392) to work on /opt/airflow/dags/dag_prepare_instacart_source.py
[2026-06-17T01:20:02.355+0000] {processor.py:914} INFO - Processing file /opt/airflow/dags/dag_prepare_instacart_source.py for tasks to queue
[2026-06-17T01:20:02.363+0000] {logging_mixin.py:190} INFO - [2026-06-17T01:20:02.362+0000] {dagbag.py:588} INFO - Filling up the DagBag from /opt/airflow/dags/dag_prepare_instacart_source.py
[2026-06-17T01:20:02.384+0000] {processor.py:925} INFO - DAG(s) 'dag_prepare_instacart_source' retrieved from /opt/airflow/dags/dag_prepare_instacart_source.py
[2026-06-17T01:20:02.461+0000] {logging_mixin.py:190} INFO - [2026-06-17T01:20:02.461+0000] {dag.py:3239} INFO - Sync 1 DAGs
[2026-06-17T01:20:02.484+0000] {logging_mixin.py:190} INFO - [2026-06-17T01:20:02.483+0000] {dag.py:4180} INFO - Setting next_dagrun for dag_prepare_instacart_source to None, run_after=None
[2026-06-17T01:20:02.545+0000] {processor.py:208} INFO - Processing /opt/airflow/dags/dag_prepare_instacart_source.py took 0.199 seconds
[2026-06-17T01:20:32.813+0000] {processor.py:186} INFO - Started process (PID=1512) to work on /opt/airflow/dags/dag_prepare_instacart_source.py
[2026-06-17T01:20:32.837+0000] {processor.py:914} INFO - Processing file /opt/airflow/dags/dag_prepare_instacart_source.py for tasks to queue
[2026-06-17T01:20:32.839+0000] {logging_mixin.py:190} INFO - [2026-06-17T01:20:32.839+0000] {dagbag.py:588} INFO - Filling up the DagBag from /opt/airflow/dags/dag_prepare_instacart_source.py
[2026-06-17T01:20:32.846+0000] {processor.py:925} INFO - DAG(s) 'dag_prepare_instacart_source' retrieved from /opt/airflow/dags/dag_prepare_instacart_source.py
[2026-06-17T01:20:32.877+0000] {logging_mixin.py:190} INFO - [2026-06-17T01:20:32.877+0000] {dag.py:3239} INFO - Sync 1 DAGs
[2026-06-17T01:20:32.898+0000] {logging_mixin.py:190} INFO - [2026-06-17T01:20:32.898+0000] {dag.py:4180} INFO - Setting next_dagrun for dag_prepare_instacart_source to None, run_after=None
[2026-06-17T01:20:32.929+0000] {processor.py:208} INFO - Processing /opt/airflow/dags/dag_prepare_instacart_source.py took 0.122 seconds
[2026-06-17T01:21:04.193+0000] {processor.py:186} INFO - Started process (PID=1632) to work on /opt/airflow/dags/dag_prepare_instacart_source.py
[2026-06-17T01:21:04.194+0000] {processor.py:914} INFO - Processing file /opt/airflow/dags/dag_prepare_instacart_source.py for tasks to queue
[2026-06-17T01:21:04.196+0000] {logging_mixin.py:190} INFO - [2026-06-17T01:21:04.195+0000] {dagbag.py:588} INFO - Filling up the DagBag from /opt/airflow/dags/dag_prepare_instacart_source.py
[2026-06-17T01:21:04.205+0000] {processor.py:925} INFO - DAG(s) 'dag_prepare_instacart_source' retrieved from /opt/airflow/dags/dag_prepare_instacart_source.py
[2026-06-17T01:21:04.236+0000] {logging_mixin.py:190} INFO - [2026-06-17T01:21:04.235+0000] {dag.py:3239} INFO - Sync 1 DAGs
[2026-06-17T01:21:04.251+0000] {logging_mixin.py:190} INFO - [2026-06-17T01:21:04.250+0000] {dag.py:4180} INFO - Setting next_dagrun for dag_prepare_instacart_source to None, run_after=None
[2026-06-17T01:21:04.270+0000] {processor.py:208} INFO - Processing /opt/airflow/dags/dag_prepare_instacart_source.py took 0.085 seconds
[2026-06-17T01:21:35.107+0000] {processor.py:186} INFO - Started process (PID=1752) to work on /opt/airflow/dags/dag_prepare_instacart_source.py
[2026-06-17T01:21:35.108+0000] {processor.py:914} INFO - Processing file /opt/airflow/dags/dag_prepare_instacart_source.py for tasks to queue
[2026-06-17T01:21:35.110+0000] {logging_mixin.py:190} INFO - [2026-06-17T01:21:35.110+0000] {dagbag.py:588} INFO - Filling up the DagBag from /opt/airflow/dags/dag_prepare_instacart_source.py
[2026-06-17T01:21:35.118+0000] {processor.py:925} INFO - DAG(s) 'dag_prepare_instacart_source' retrieved from /opt/airflow/dags/dag_prepare_instacart_source.py
[2026-06-17T01:21:35.150+0000] {logging_mixin.py:190} INFO - [2026-06-17T01:21:35.150+0000] {dag.py:3239} INFO - Sync 1 DAGs
[2026-06-17T01:21:35.166+0000] {logging_mixin.py:190} INFO - [2026-06-17T01:21:35.165+0000] {dag.py:4180} INFO - Setting next_dagrun for dag_prepare_instacart_source to None, run_after=None
[2026-06-17T01:21:35.187+0000] {processor.py:208} INFO - Processing /opt/airflow/dags/dag_prepare_instacart_source.py took 0.087 seconds
