[2026-06-17T01:15:25.691+0000] {processor.py:186} INFO - Started process (PID=277) to work on /opt/airflow/dags/dag_bronze_orders.py
[2026-06-17T01:15:25.692+0000] {processor.py:914} INFO - Processing file /opt/airflow/dags/dag_bronze_orders.py for tasks to queue
[2026-06-17T01:15:25.694+0000] {logging_mixin.py:190} INFO - [2026-06-17T01:15:25.693+0000] {dagbag.py:588} INFO - Filling up the DagBag from /opt/airflow/dags/dag_bronze_orders.py
[2026-06-17T01:15:25.704+0000] {processor.py:925} INFO - DAG(s) 'dag_bronze_orders' retrieved from /opt/airflow/dags/dag_bronze_orders.py
[2026-06-17T01:15:25.744+0000] {logging_mixin.py:190} INFO - [2026-06-17T01:15:25.743+0000] {dag.py:3239} INFO - Sync 1 DAGs
[2026-06-17T01:15:25.762+0000] {logging_mixin.py:190} INFO - [2026-06-17T01:15:25.762+0000] {dag.py:4180} INFO - Setting next_dagrun for dag_bronze_orders to None, run_after=None
[2026-06-17T01:15:25.784+0000] {processor.py:208} INFO - Processing /opt/airflow/dags/dag_bronze_orders.py took 0.107 seconds
[2026-06-17T01:15:56.642+0000] {processor.py:186} INFO - Started process (PID=397) to work on /opt/airflow/dags/dag_bronze_orders.py
[2026-06-17T01:15:56.643+0000] {processor.py:914} INFO - Processing file /opt/airflow/dags/dag_bronze_orders.py for tasks to queue
[2026-06-17T01:15:56.646+0000] {logging_mixin.py:190} INFO - [2026-06-17T01:15:56.645+0000] {dagbag.py:588} INFO - Filling up the DagBag from /opt/airflow/dags/dag_bronze_orders.py
[2026-06-17T01:15:56.653+0000] {processor.py:925} INFO - DAG(s) 'dag_bronze_orders' retrieved from /opt/airflow/dags/dag_bronze_orders.py
[2026-06-17T01:15:56.698+0000] {logging_mixin.py:190} INFO - [2026-06-17T01:15:56.697+0000] {dag.py:3239} INFO - Sync 1 DAGs
[2026-06-17T01:15:56.714+0000] {logging_mixin.py:190} INFO - [2026-06-17T01:15:56.714+0000] {dag.py:4180} INFO - Setting next_dagrun for dag_bronze_orders to None, run_after=None
[2026-06-17T01:15:56.738+0000] {processor.py:208} INFO - Processing /opt/airflow/dags/dag_bronze_orders.py took 0.103 seconds
[2026-06-17T01:16:26.855+0000] {processor.py:186} INFO - Started process (PID=517) to work on /opt/airflow/dags/dag_bronze_orders.py
[2026-06-17T01:16:26.857+0000] {processor.py:914} INFO - Processing file /opt/airflow/dags/dag_bronze_orders.py for tasks to queue
[2026-06-17T01:16:26.861+0000] {logging_mixin.py:190} INFO - [2026-06-17T01:16:26.861+0000] {dagbag.py:588} INFO - Filling up the DagBag from /opt/airflow/dags/dag_bronze_orders.py
[2026-06-17T01:16:26.868+0000] {processor.py:925} INFO - DAG(s) 'dag_bronze_orders' retrieved from /opt/airflow/dags/dag_bronze_orders.py
[2026-06-17T01:16:26.900+0000] {logging_mixin.py:190} INFO - [2026-06-17T01:16:26.900+0000] {dag.py:3239} INFO - Sync 1 DAGs
[2026-06-17T01:16:26.916+0000] {logging_mixin.py:190} INFO - [2026-06-17T01:16:26.915+0000] {dag.py:4180} INFO - Setting next_dagrun for dag_bronze_orders to None, run_after=None
[2026-06-17T01:16:26.938+0000] {processor.py:208} INFO - Processing /opt/airflow/dags/dag_bronze_orders.py took 0.088 seconds
[2026-06-17T01:16:57.822+0000] {processor.py:186} INFO - Started process (PID=637) to work on /opt/airflow/dags/dag_bronze_orders.py
[2026-06-17T01:16:57.823+0000] {processor.py:914} INFO - Processing file /opt/airflow/dags/dag_bronze_orders.py for tasks to queue
[2026-06-17T01:16:57.825+0000] {logging_mixin.py:190} INFO - [2026-06-17T01:16:57.825+0000] {dagbag.py:588} INFO - Filling up the DagBag from /opt/airflow/dags/dag_bronze_orders.py
[2026-06-17T01:16:57.833+0000] {processor.py:925} INFO - DAG(s) 'dag_bronze_orders' retrieved from /opt/airflow/dags/dag_bronze_orders.py
[2026-06-17T01:16:57.866+0000] {logging_mixin.py:190} INFO - [2026-06-17T01:16:57.866+0000] {dag.py:3239} INFO - Sync 1 DAGs
[2026-06-17T01:16:57.882+0000] {logging_mixin.py:190} INFO - [2026-06-17T01:16:57.882+0000] {dag.py:4180} INFO - Setting next_dagrun for dag_bronze_orders to None, run_after=None
[2026-06-17T01:16:57.902+0000] {processor.py:208} INFO - Processing /opt/airflow/dags/dag_bronze_orders.py took 0.086 seconds
[2026-06-17T01:17:28.853+0000] {processor.py:186} INFO - Started process (PID=759) to work on /opt/airflow/dags/dag_bronze_orders.py
[2026-06-17T01:17:28.854+0000] {processor.py:914} INFO - Processing file /opt/airflow/dags/dag_bronze_orders.py for tasks to queue
[2026-06-17T01:17:28.856+0000] {logging_mixin.py:190} INFO - [2026-06-17T01:17:28.856+0000] {dagbag.py:588} INFO - Filling up the DagBag from /opt/airflow/dags/dag_bronze_orders.py
[2026-06-17T01:17:28.864+0000] {processor.py:925} INFO - DAG(s) 'dag_bronze_orders' retrieved from /opt/airflow/dags/dag_bronze_orders.py
[2026-06-17T01:17:28.898+0000] {logging_mixin.py:190} INFO - [2026-06-17T01:17:28.897+0000] {dag.py:3239} INFO - Sync 1 DAGs
[2026-06-17T01:17:28.916+0000] {logging_mixin.py:190} INFO - [2026-06-17T01:17:28.916+0000] {dag.py:4180} INFO - Setting next_dagrun for dag_bronze_orders to None, run_after=None
[2026-06-17T01:17:28.954+0000] {processor.py:208} INFO - Processing /opt/airflow/dags/dag_bronze_orders.py took 0.106 seconds
[2026-06-17T01:17:59.964+0000] {processor.py:186} INFO - Started process (PID=877) to work on /opt/airflow/dags/dag_bronze_orders.py
[2026-06-17T01:17:59.965+0000] {processor.py:914} INFO - Processing file /opt/airflow/dags/dag_bronze_orders.py for tasks to queue
[2026-06-17T01:17:59.967+0000] {logging_mixin.py:190} INFO - [2026-06-17T01:17:59.966+0000] {dagbag.py:588} INFO - Filling up the DagBag from /opt/airflow/dags/dag_bronze_orders.py
[2026-06-17T01:17:59.974+0000] {processor.py:925} INFO - DAG(s) 'dag_bronze_orders' retrieved from /opt/airflow/dags/dag_bronze_orders.py
[2026-06-17T01:18:00.007+0000] {logging_mixin.py:190} INFO - [2026-06-17T01:18:00.007+0000] {dag.py:3239} INFO - Sync 1 DAGs
[2026-06-17T01:18:00.026+0000] {logging_mixin.py:190} INFO - [2026-06-17T01:18:00.026+0000] {dag.py:4180} INFO - Setting next_dagrun for dag_bronze_orders to None, run_after=None
[2026-06-17T01:18:00.046+0000] {processor.py:208} INFO - Processing /opt/airflow/dags/dag_bronze_orders.py took 0.088 seconds
[2026-06-17T01:18:31.011+0000] {processor.py:186} INFO - Started process (PID=999) to work on /opt/airflow/dags/dag_bronze_orders.py
[2026-06-17T01:18:31.013+0000] {processor.py:914} INFO - Processing file /opt/airflow/dags/dag_bronze_orders.py for tasks to queue
[2026-06-17T01:18:31.016+0000] {logging_mixin.py:190} INFO - [2026-06-17T01:18:31.015+0000] {dagbag.py:588} INFO - Filling up the DagBag from /opt/airflow/dags/dag_bronze_orders.py
[2026-06-17T01:18:31.024+0000] {processor.py:925} INFO - DAG(s) 'dag_bronze_orders' retrieved from /opt/airflow/dags/dag_bronze_orders.py
[2026-06-17T01:18:31.058+0000] {logging_mixin.py:190} INFO - [2026-06-17T01:18:31.057+0000] {dag.py:3239} INFO - Sync 1 DAGs
[2026-06-17T01:18:31.074+0000] {logging_mixin.py:190} INFO - [2026-06-17T01:18:31.074+0000] {dag.py:4180} INFO - Setting next_dagrun for dag_bronze_orders to None, run_after=None
[2026-06-17T01:18:31.096+0000] {processor.py:208} INFO - Processing /opt/airflow/dags/dag_bronze_orders.py took 0.091 seconds
[2026-06-17T01:19:01.232+0000] {processor.py:186} INFO - Started process (PID=1119) to work on /opt/airflow/dags/dag_bronze_orders.py
[2026-06-17T01:19:01.233+0000] {processor.py:914} INFO - Processing file /opt/airflow/dags/dag_bronze_orders.py for tasks to queue
[2026-06-17T01:19:01.235+0000] {logging_mixin.py:190} INFO - [2026-06-17T01:19:01.235+0000] {dagbag.py:588} INFO - Filling up the DagBag from /opt/airflow/dags/dag_bronze_orders.py
[2026-06-17T01:19:01.242+0000] {processor.py:925} INFO - DAG(s) 'dag_bronze_orders' retrieved from /opt/airflow/dags/dag_bronze_orders.py
[2026-06-17T01:19:01.273+0000] {logging_mixin.py:190} INFO - [2026-06-17T01:19:01.272+0000] {dag.py:3239} INFO - Sync 1 DAGs
[2026-06-17T01:19:01.287+0000] {logging_mixin.py:190} INFO - [2026-06-17T01:19:01.287+0000] {dag.py:4180} INFO - Setting next_dagrun for dag_bronze_orders to None, run_after=None
[2026-06-17T01:19:01.328+0000] {processor.py:208} INFO - Processing /opt/airflow/dags/dag_bronze_orders.py took 0.101 seconds
[2026-06-17T01:19:31.448+0000] {processor.py:186} INFO - Started process (PID=1239) to work on /opt/airflow/dags/dag_bronze_orders.py
[2026-06-17T01:19:31.449+0000] {processor.py:914} INFO - Processing file /opt/airflow/dags/dag_bronze_orders.py for tasks to queue
[2026-06-17T01:19:31.452+0000] {logging_mixin.py:190} INFO - [2026-06-17T01:19:31.451+0000] {dagbag.py:588} INFO - Filling up the DagBag from /opt/airflow/dags/dag_bronze_orders.py
[2026-06-17T01:19:31.459+0000] {processor.py:925} INFO - DAG(s) 'dag_bronze_orders' retrieved from /opt/airflow/dags/dag_bronze_orders.py
[2026-06-17T01:19:31.490+0000] {logging_mixin.py:190} INFO - [2026-06-17T01:19:31.489+0000] {dag.py:3239} INFO - Sync 1 DAGs
[2026-06-17T01:19:31.504+0000] {logging_mixin.py:190} INFO - [2026-06-17T01:19:31.504+0000] {dag.py:4180} INFO - Setting next_dagrun for dag_bronze_orders to None, run_after=None
[2026-06-17T01:19:31.545+0000] {processor.py:208} INFO - Processing /opt/airflow/dags/dag_bronze_orders.py took 0.102 seconds
[2026-06-17T01:20:01.709+0000] {processor.py:186} INFO - Started process (PID=1359) to work on /opt/airflow/dags/dag_bronze_orders.py
[2026-06-17T01:20:01.710+0000] {processor.py:914} INFO - Processing file /opt/airflow/dags/dag_bronze_orders.py for tasks to queue
[2026-06-17T01:20:01.712+0000] {logging_mixin.py:190} INFO - [2026-06-17T01:20:01.711+0000] {dagbag.py:588} INFO - Filling up the DagBag from /opt/airflow/dags/dag_bronze_orders.py
[2026-06-17T01:20:01.719+0000] {processor.py:925} INFO - DAG(s) 'dag_bronze_orders' retrieved from /opt/airflow/dags/dag_bronze_orders.py
[2026-06-17T01:20:01.751+0000] {logging_mixin.py:190} INFO - [2026-06-17T01:20:01.751+0000] {dag.py:3239} INFO - Sync 1 DAGs
[2026-06-17T01:20:01.768+0000] {logging_mixin.py:190} INFO - [2026-06-17T01:20:01.768+0000] {dag.py:4180} INFO - Setting next_dagrun for dag_bronze_orders to None, run_after=None
[2026-06-17T01:20:01.818+0000] {processor.py:208} INFO - Processing /opt/airflow/dags/dag_bronze_orders.py took 0.115 seconds
[2026-06-17T01:20:32.264+0000] {processor.py:186} INFO - Started process (PID=1477) to work on /opt/airflow/dags/dag_bronze_orders.py
[2026-06-17T01:20:32.274+0000] {processor.py:914} INFO - Processing file /opt/airflow/dags/dag_bronze_orders.py for tasks to queue
[2026-06-17T01:20:32.276+0000] {logging_mixin.py:190} INFO - [2026-06-17T01:20:32.276+0000] {dagbag.py:588} INFO - Filling up the DagBag from /opt/airflow/dags/dag_bronze_orders.py
[2026-06-17T01:20:32.284+0000] {processor.py:925} INFO - DAG(s) 'dag_bronze_orders' retrieved from /opt/airflow/dags/dag_bronze_orders.py
[2026-06-17T01:20:32.316+0000] {logging_mixin.py:190} INFO - [2026-06-17T01:20:32.316+0000] {dag.py:3239} INFO - Sync 1 DAGs
[2026-06-17T01:20:32.331+0000] {logging_mixin.py:190} INFO - [2026-06-17T01:20:32.330+0000] {dag.py:4180} INFO - Setting next_dagrun for dag_bronze_orders to None, run_after=None
[2026-06-17T01:20:32.367+0000] {processor.py:208} INFO - Processing /opt/airflow/dags/dag_bronze_orders.py took 0.109 seconds
[2026-06-17T01:21:03.758+0000] {processor.py:186} INFO - Started process (PID=1597) to work on /opt/airflow/dags/dag_bronze_orders.py
[2026-06-17T01:21:03.759+0000] {processor.py:914} INFO - Processing file /opt/airflow/dags/dag_bronze_orders.py for tasks to queue
[2026-06-17T01:21:03.761+0000] {logging_mixin.py:190} INFO - [2026-06-17T01:21:03.761+0000] {dagbag.py:588} INFO - Filling up the DagBag from /opt/airflow/dags/dag_bronze_orders.py
[2026-06-17T01:21:03.768+0000] {processor.py:925} INFO - DAG(s) 'dag_bronze_orders' retrieved from /opt/airflow/dags/dag_bronze_orders.py
[2026-06-17T01:21:03.798+0000] {logging_mixin.py:190} INFO - [2026-06-17T01:21:03.797+0000] {dag.py:3239} INFO - Sync 1 DAGs
[2026-06-17T01:21:03.813+0000] {logging_mixin.py:190} INFO - [2026-06-17T01:21:03.812+0000] {dag.py:4180} INFO - Setting next_dagrun for dag_bronze_orders to None, run_after=None
[2026-06-17T01:21:03.849+0000] {processor.py:208} INFO - Processing /opt/airflow/dags/dag_bronze_orders.py took 0.096 seconds
[2026-06-17T01:21:34.739+0000] {processor.py:186} INFO - Started process (PID=1718) to work on /opt/airflow/dags/dag_bronze_orders.py
[2026-06-17T01:21:34.740+0000] {processor.py:914} INFO - Processing file /opt/airflow/dags/dag_bronze_orders.py for tasks to queue
[2026-06-17T01:21:34.742+0000] {logging_mixin.py:190} INFO - [2026-06-17T01:21:34.742+0000] {dagbag.py:588} INFO - Filling up the DagBag from /opt/airflow/dags/dag_bronze_orders.py
[2026-06-17T01:21:34.750+0000] {processor.py:925} INFO - DAG(s) 'dag_bronze_orders' retrieved from /opt/airflow/dags/dag_bronze_orders.py
[2026-06-17T01:21:34.782+0000] {logging_mixin.py:190} INFO - [2026-06-17T01:21:34.782+0000] {dag.py:3239} INFO - Sync 1 DAGs
[2026-06-17T01:21:34.798+0000] {logging_mixin.py:190} INFO - [2026-06-17T01:21:34.798+0000] {dag.py:4180} INFO - Setting next_dagrun for dag_bronze_orders to None, run_after=None
[2026-06-17T01:21:34.819+0000] {processor.py:208} INFO - Processing /opt/airflow/dags/dag_bronze_orders.py took 0.086 seconds
