[2026-06-17T01:15:25.545+0000] {processor.py:186} INFO - Started process (PID=269) to work on /opt/airflow/dags/dag_bronze_order_products_prior.py
[2026-06-17T01:15:25.546+0000] {processor.py:914} INFO - Processing file /opt/airflow/dags/dag_bronze_order_products_prior.py for tasks to queue
[2026-06-17T01:15:25.548+0000] {logging_mixin.py:190} INFO - [2026-06-17T01:15:25.548+0000] {dagbag.py:588} INFO - Filling up the DagBag from /opt/airflow/dags/dag_bronze_order_products_prior.py
[2026-06-17T01:15:25.559+0000] {processor.py:925} INFO - DAG(s) 'dag_bronze_order_products_prior' retrieved from /opt/airflow/dags/dag_bronze_order_products_prior.py
[2026-06-17T01:15:25.600+0000] {logging_mixin.py:190} INFO - [2026-06-17T01:15:25.599+0000] {dag.py:3239} INFO - Sync 1 DAGs
[2026-06-17T01:15:25.615+0000] {logging_mixin.py:190} INFO - [2026-06-17T01:15:25.615+0000] {dag.py:4180} INFO - Setting next_dagrun for dag_bronze_order_products_prior to None, run_after=None
[2026-06-17T01:15:25.637+0000] {processor.py:208} INFO - Processing /opt/airflow/dags/dag_bronze_order_products_prior.py took 0.098 seconds
[2026-06-17T01:15:56.460+0000] {processor.py:186} INFO - Started process (PID=387) to work on /opt/airflow/dags/dag_bronze_order_products_prior.py
[2026-06-17T01:15:56.461+0000] {processor.py:914} INFO - Processing file /opt/airflow/dags/dag_bronze_order_products_prior.py for tasks to queue
[2026-06-17T01:15:56.469+0000] {logging_mixin.py:190} INFO - [2026-06-17T01:15:56.469+0000] {dagbag.py:588} INFO - Filling up the DagBag from /opt/airflow/dags/dag_bronze_order_products_prior.py
[2026-06-17T01:15:56.479+0000] {processor.py:925} INFO - DAG(s) 'dag_bronze_order_products_prior' retrieved from /opt/airflow/dags/dag_bronze_order_products_prior.py
[2026-06-17T01:15:56.531+0000] {logging_mixin.py:190} INFO - [2026-06-17T01:15:56.531+0000] {dag.py:3239} INFO - Sync 1 DAGs
[2026-06-17T01:15:56.567+0000] {logging_mixin.py:190} INFO - [2026-06-17T01:15:56.567+0000] {dag.py:4180} INFO - Setting next_dagrun for dag_bronze_order_products_prior to None, run_after=None
[2026-06-17T01:15:56.594+0000] {processor.py:208} INFO - Processing /opt/airflow/dags/dag_bronze_order_products_prior.py took 0.141 seconds
[2026-06-17T01:16:26.723+0000] {processor.py:186} INFO - Started process (PID=507) to work on /opt/airflow/dags/dag_bronze_order_products_prior.py
[2026-06-17T01:16:26.724+0000] {processor.py:914} INFO - Processing file /opt/airflow/dags/dag_bronze_order_products_prior.py for tasks to queue
[2026-06-17T01:16:26.726+0000] {logging_mixin.py:190} INFO - [2026-06-17T01:16:26.726+0000] {dagbag.py:588} INFO - Filling up the DagBag from /opt/airflow/dags/dag_bronze_order_products_prior.py
[2026-06-17T01:16:26.736+0000] {processor.py:925} INFO - DAG(s) 'dag_bronze_order_products_prior' retrieved from /opt/airflow/dags/dag_bronze_order_products_prior.py
[2026-06-17T01:16:26.768+0000] {logging_mixin.py:190} INFO - [2026-06-17T01:16:26.768+0000] {dag.py:3239} INFO - Sync 1 DAGs
[2026-06-17T01:16:26.783+0000] {logging_mixin.py:190} INFO - [2026-06-17T01:16:26.783+0000] {dag.py:4180} INFO - Setting next_dagrun for dag_bronze_order_products_prior to None, run_after=None
[2026-06-17T01:16:26.824+0000] {processor.py:208} INFO - Processing /opt/airflow/dags/dag_bronze_order_products_prior.py took 0.106 seconds
[2026-06-17T01:16:57.705+0000] {processor.py:186} INFO - Started process (PID=627) to work on /opt/airflow/dags/dag_bronze_order_products_prior.py
[2026-06-17T01:16:57.706+0000] {processor.py:914} INFO - Processing file /opt/airflow/dags/dag_bronze_order_products_prior.py for tasks to queue
[2026-06-17T01:16:57.708+0000] {logging_mixin.py:190} INFO - [2026-06-17T01:16:57.708+0000] {dagbag.py:588} INFO - Filling up the DagBag from /opt/airflow/dags/dag_bronze_order_products_prior.py
[2026-06-17T01:16:57.716+0000] {processor.py:925} INFO - DAG(s) 'dag_bronze_order_products_prior' retrieved from /opt/airflow/dags/dag_bronze_order_products_prior.py
[2026-06-17T01:16:57.751+0000] {logging_mixin.py:190} INFO - [2026-06-17T01:16:57.750+0000] {dag.py:3239} INFO - Sync 1 DAGs
[2026-06-17T01:16:57.769+0000] {logging_mixin.py:190} INFO - [2026-06-17T01:16:57.769+0000] {dag.py:4180} INFO - Setting next_dagrun for dag_bronze_order_products_prior to None, run_after=None
[2026-06-17T01:16:57.787+0000] {processor.py:208} INFO - Processing /opt/airflow/dags/dag_bronze_order_products_prior.py took 0.088 seconds
[2026-06-17T01:17:28.728+0000] {processor.py:186} INFO - Started process (PID=749) to work on /opt/airflow/dags/dag_bronze_order_products_prior.py
[2026-06-17T01:17:28.729+0000] {processor.py:914} INFO - Processing file /opt/airflow/dags/dag_bronze_order_products_prior.py for tasks to queue
[2026-06-17T01:17:28.731+0000] {logging_mixin.py:190} INFO - [2026-06-17T01:17:28.731+0000] {dagbag.py:588} INFO - Filling up the DagBag from /opt/airflow/dags/dag_bronze_order_products_prior.py
[2026-06-17T01:17:28.738+0000] {processor.py:925} INFO - DAG(s) 'dag_bronze_order_products_prior' retrieved from /opt/airflow/dags/dag_bronze_order_products_prior.py
[2026-06-17T01:17:28.771+0000] {logging_mixin.py:190} INFO - [2026-06-17T01:17:28.770+0000] {dag.py:3239} INFO - Sync 1 DAGs
[2026-06-17T01:17:28.785+0000] {logging_mixin.py:190} INFO - [2026-06-17T01:17:28.785+0000] {dag.py:4180} INFO - Setting next_dagrun for dag_bronze_order_products_prior to None, run_after=None
[2026-06-17T01:17:28.821+0000] {processor.py:208} INFO - Processing /opt/airflow/dags/dag_bronze_order_products_prior.py took 0.098 seconds
[2026-06-17T01:17:59.853+0000] {processor.py:186} INFO - Started process (PID=867) to work on /opt/airflow/dags/dag_bronze_order_products_prior.py
[2026-06-17T01:17:59.854+0000] {processor.py:914} INFO - Processing file /opt/airflow/dags/dag_bronze_order_products_prior.py for tasks to queue
[2026-06-17T01:17:59.856+0000] {logging_mixin.py:190} INFO - [2026-06-17T01:17:59.856+0000] {dagbag.py:588} INFO - Filling up the DagBag from /opt/airflow/dags/dag_bronze_order_products_prior.py
[2026-06-17T01:17:59.864+0000] {processor.py:925} INFO - DAG(s) 'dag_bronze_order_products_prior' retrieved from /opt/airflow/dags/dag_bronze_order_products_prior.py
[2026-06-17T01:17:59.895+0000] {logging_mixin.py:190} INFO - [2026-06-17T01:17:59.895+0000] {dag.py:3239} INFO - Sync 1 DAGs
[2026-06-17T01:17:59.914+0000] {logging_mixin.py:190} INFO - [2026-06-17T01:17:59.914+0000] {dag.py:4180} INFO - Setting next_dagrun for dag_bronze_order_products_prior to None, run_after=None
[2026-06-17T01:17:59.933+0000] {processor.py:208} INFO - Processing /opt/airflow/dags/dag_bronze_order_products_prior.py took 0.085 seconds
[2026-06-17T01:18:30.713+0000] {processor.py:186} INFO - Started process (PID=987) to work on /opt/airflow/dags/dag_bronze_order_products_prior.py
[2026-06-17T01:18:30.714+0000] {processor.py:914} INFO - Processing file /opt/airflow/dags/dag_bronze_order_products_prior.py for tasks to queue
[2026-06-17T01:18:30.719+0000] {logging_mixin.py:190} INFO - [2026-06-17T01:18:30.719+0000] {dagbag.py:588} INFO - Filling up the DagBag from /opt/airflow/dags/dag_bronze_order_products_prior.py
[2026-06-17T01:18:30.730+0000] {processor.py:925} INFO - DAG(s) 'dag_bronze_order_products_prior' retrieved from /opt/airflow/dags/dag_bronze_order_products_prior.py
[2026-06-17T01:18:30.776+0000] {logging_mixin.py:190} INFO - [2026-06-17T01:18:30.775+0000] {dag.py:3239} INFO - Sync 1 DAGs
[2026-06-17T01:18:30.799+0000] {logging_mixin.py:190} INFO - [2026-06-17T01:18:30.798+0000] {dag.py:4180} INFO - Setting next_dagrun for dag_bronze_order_products_prior to None, run_after=None
[2026-06-17T01:18:30.842+0000] {processor.py:208} INFO - Processing /opt/airflow/dags/dag_bronze_order_products_prior.py took 0.147 seconds
[2026-06-17T01:19:00.980+0000] {processor.py:186} INFO - Started process (PID=1109) to work on /opt/airflow/dags/dag_bronze_order_products_prior.py
[2026-06-17T01:19:00.981+0000] {processor.py:914} INFO - Processing file /opt/airflow/dags/dag_bronze_order_products_prior.py for tasks to queue
[2026-06-17T01:19:00.983+0000] {logging_mixin.py:190} INFO - [2026-06-17T01:19:00.983+0000] {dagbag.py:588} INFO - Filling up the DagBag from /opt/airflow/dags/dag_bronze_order_products_prior.py
[2026-06-17T01:19:00.991+0000] {processor.py:925} INFO - DAG(s) 'dag_bronze_order_products_prior' retrieved from /opt/airflow/dags/dag_bronze_order_products_prior.py
[2026-06-17T01:19:01.020+0000] {logging_mixin.py:190} INFO - [2026-06-17T01:19:01.020+0000] {dag.py:3239} INFO - Sync 1 DAGs
[2026-06-17T01:19:01.034+0000] {logging_mixin.py:190} INFO - [2026-06-17T01:19:01.034+0000] {dag.py:4180} INFO - Setting next_dagrun for dag_bronze_order_products_prior to None, run_after=None
[2026-06-17T01:19:01.075+0000] {processor.py:208} INFO - Processing /opt/airflow/dags/dag_bronze_order_products_prior.py took 0.100 seconds
[2026-06-17T01:19:31.195+0000] {processor.py:186} INFO - Started process (PID=1227) to work on /opt/airflow/dags/dag_bronze_order_products_prior.py
[2026-06-17T01:19:31.196+0000] {processor.py:914} INFO - Processing file /opt/airflow/dags/dag_bronze_order_products_prior.py for tasks to queue
[2026-06-17T01:19:31.198+0000] {logging_mixin.py:190} INFO - [2026-06-17T01:19:31.198+0000] {dagbag.py:588} INFO - Filling up the DagBag from /opt/airflow/dags/dag_bronze_order_products_prior.py
[2026-06-17T01:19:31.206+0000] {processor.py:925} INFO - DAG(s) 'dag_bronze_order_products_prior' retrieved from /opt/airflow/dags/dag_bronze_order_products_prior.py
[2026-06-17T01:19:31.237+0000] {logging_mixin.py:190} INFO - [2026-06-17T01:19:31.237+0000] {dag.py:3239} INFO - Sync 1 DAGs
[2026-06-17T01:19:31.251+0000] {logging_mixin.py:190} INFO - [2026-06-17T01:19:31.251+0000] {dag.py:4180} INFO - Setting next_dagrun for dag_bronze_order_products_prior to None, run_after=None
[2026-06-17T01:19:31.302+0000] {processor.py:208} INFO - Processing /opt/airflow/dags/dag_bronze_order_products_prior.py took 0.114 seconds
[2026-06-17T01:20:01.386+0000] {processor.py:186} INFO - Started process (PID=1347) to work on /opt/airflow/dags/dag_bronze_order_products_prior.py
[2026-06-17T01:20:01.387+0000] {processor.py:914} INFO - Processing file /opt/airflow/dags/dag_bronze_order_products_prior.py for tasks to queue
[2026-06-17T01:20:01.389+0000] {logging_mixin.py:190} INFO - [2026-06-17T01:20:01.389+0000] {dagbag.py:588} INFO - Filling up the DagBag from /opt/airflow/dags/dag_bronze_order_products_prior.py
[2026-06-17T01:20:01.407+0000] {processor.py:925} INFO - DAG(s) 'dag_bronze_order_products_prior' retrieved from /opt/airflow/dags/dag_bronze_order_products_prior.py
[2026-06-17T01:20:01.478+0000] {logging_mixin.py:190} INFO - [2026-06-17T01:20:01.477+0000] {dag.py:3239} INFO - Sync 1 DAGs
[2026-06-17T01:20:01.497+0000] {logging_mixin.py:190} INFO - [2026-06-17T01:20:01.497+0000] {dag.py:4180} INFO - Setting next_dagrun for dag_bronze_order_products_prior to None, run_after=None
[2026-06-17T01:20:01.537+0000] {processor.py:208} INFO - Processing /opt/airflow/dags/dag_bronze_order_products_prior.py took 0.157 seconds
[2026-06-17T01:20:32.131+0000] {processor.py:186} INFO - Started process (PID=1467) to work on /opt/airflow/dags/dag_bronze_order_products_prior.py
[2026-06-17T01:20:32.134+0000] {processor.py:914} INFO - Processing file /opt/airflow/dags/dag_bronze_order_products_prior.py for tasks to queue
[2026-06-17T01:20:32.136+0000] {logging_mixin.py:190} INFO - [2026-06-17T01:20:32.136+0000] {dagbag.py:588} INFO - Filling up the DagBag from /opt/airflow/dags/dag_bronze_order_products_prior.py
[2026-06-17T01:20:32.144+0000] {processor.py:925} INFO - DAG(s) 'dag_bronze_order_products_prior' retrieved from /opt/airflow/dags/dag_bronze_order_products_prior.py
[2026-06-17T01:20:32.176+0000] {logging_mixin.py:190} INFO - [2026-06-17T01:20:32.176+0000] {dag.py:3239} INFO - Sync 1 DAGs
[2026-06-17T01:20:32.191+0000] {logging_mixin.py:190} INFO - [2026-06-17T01:20:32.191+0000] {dag.py:4180} INFO - Setting next_dagrun for dag_bronze_order_products_prior to None, run_after=None
[2026-06-17T01:20:32.232+0000] {processor.py:208} INFO - Processing /opt/airflow/dags/dag_bronze_order_products_prior.py took 0.109 seconds
[2026-06-17T01:21:03.642+0000] {processor.py:186} INFO - Started process (PID=1589) to work on /opt/airflow/dags/dag_bronze_order_products_prior.py
[2026-06-17T01:21:03.643+0000] {processor.py:914} INFO - Processing file /opt/airflow/dags/dag_bronze_order_products_prior.py for tasks to queue
[2026-06-17T01:21:03.645+0000] {logging_mixin.py:190} INFO - [2026-06-17T01:21:03.645+0000] {dagbag.py:588} INFO - Filling up the DagBag from /opt/airflow/dags/dag_bronze_order_products_prior.py
[2026-06-17T01:21:03.653+0000] {processor.py:925} INFO - DAG(s) 'dag_bronze_order_products_prior' retrieved from /opt/airflow/dags/dag_bronze_order_products_prior.py
[2026-06-17T01:21:03.684+0000] {logging_mixin.py:190} INFO - [2026-06-17T01:21:03.684+0000] {dag.py:3239} INFO - Sync 1 DAGs
[2026-06-17T01:21:03.698+0000] {logging_mixin.py:190} INFO - [2026-06-17T01:21:03.698+0000] {dag.py:4180} INFO - Setting next_dagrun for dag_bronze_order_products_prior to None, run_after=None
[2026-06-17T01:21:03.722+0000] {processor.py:208} INFO - Processing /opt/airflow/dags/dag_bronze_order_products_prior.py took 0.085 seconds
[2026-06-17T01:21:34.622+0000] {processor.py:186} INFO - Started process (PID=1709) to work on /opt/airflow/dags/dag_bronze_order_products_prior.py
[2026-06-17T01:21:34.623+0000] {processor.py:914} INFO - Processing file /opt/airflow/dags/dag_bronze_order_products_prior.py for tasks to queue
[2026-06-17T01:21:34.625+0000] {logging_mixin.py:190} INFO - [2026-06-17T01:21:34.624+0000] {dagbag.py:588} INFO - Filling up the DagBag from /opt/airflow/dags/dag_bronze_order_products_prior.py
[2026-06-17T01:21:34.632+0000] {processor.py:925} INFO - DAG(s) 'dag_bronze_order_products_prior' retrieved from /opt/airflow/dags/dag_bronze_order_products_prior.py
[2026-06-17T01:21:34.666+0000] {logging_mixin.py:190} INFO - [2026-06-17T01:21:34.665+0000] {dag.py:3239} INFO - Sync 1 DAGs
[2026-06-17T01:21:34.680+0000] {logging_mixin.py:190} INFO - [2026-06-17T01:21:34.680+0000] {dag.py:4180} INFO - Setting next_dagrun for dag_bronze_order_products_prior to None, run_after=None
[2026-06-17T01:21:34.704+0000] {processor.py:208} INFO - Processing /opt/airflow/dags/dag_bronze_order_products_prior.py took 0.088 seconds
