[2026-06-17T01:15:26.223+0000] {processor.py:186} INFO - Started process (PID=307) to work on /opt/airflow/dags/dag_bronze_departments.py
[2026-06-17T01:15:26.223+0000] {processor.py:914} INFO - Processing file /opt/airflow/dags/dag_bronze_departments.py for tasks to queue
[2026-06-17T01:15:26.226+0000] {logging_mixin.py:190} INFO - [2026-06-17T01:15:26.225+0000] {dagbag.py:588} INFO - Filling up the DagBag from /opt/airflow/dags/dag_bronze_departments.py
[2026-06-17T01:15:26.234+0000] {processor.py:925} INFO - DAG(s) 'dag_bronze_departments' retrieved from /opt/airflow/dags/dag_bronze_departments.py
[2026-06-17T01:15:26.267+0000] {logging_mixin.py:190} INFO - [2026-06-17T01:15:26.267+0000] {dag.py:3239} INFO - Sync 1 DAGs
[2026-06-17T01:15:26.283+0000] {logging_mixin.py:190} INFO - [2026-06-17T01:15:26.283+0000] {dag.py:4180} INFO - Setting next_dagrun for dag_bronze_departments to None, run_after=None
[2026-06-17T01:15:26.308+0000] {processor.py:208} INFO - Processing /opt/airflow/dags/dag_bronze_departments.py took 0.092 seconds
[2026-06-17T01:15:57.257+0000] {processor.py:186} INFO - Started process (PID=427) to work on /opt/airflow/dags/dag_bronze_departments.py
[2026-06-17T01:15:57.258+0000] {processor.py:914} INFO - Processing file /opt/airflow/dags/dag_bronze_departments.py for tasks to queue
[2026-06-17T01:15:57.261+0000] {logging_mixin.py:190} INFO - [2026-06-17T01:15:57.261+0000] {dagbag.py:588} INFO - Filling up the DagBag from /opt/airflow/dags/dag_bronze_departments.py
[2026-06-17T01:15:57.270+0000] {processor.py:925} INFO - DAG(s) 'dag_bronze_departments' retrieved from /opt/airflow/dags/dag_bronze_departments.py
[2026-06-17T01:15:57.308+0000] {logging_mixin.py:190} INFO - [2026-06-17T01:15:57.308+0000] {dag.py:3239} INFO - Sync 1 DAGs
[2026-06-17T01:15:57.341+0000] {logging_mixin.py:190} INFO - [2026-06-17T01:15:57.341+0000] {dag.py:4180} INFO - Setting next_dagrun for dag_bronze_departments to None, run_after=None
[2026-06-17T01:15:57.393+0000] {processor.py:208} INFO - Processing /opt/airflow/dags/dag_bronze_departments.py took 0.143 seconds
[2026-06-17T01:16:28.430+0000] {processor.py:186} INFO - Started process (PID=549) to work on /opt/airflow/dags/dag_bronze_departments.py
[2026-06-17T01:16:28.431+0000] {processor.py:914} INFO - Processing file /opt/airflow/dags/dag_bronze_departments.py for tasks to queue
[2026-06-17T01:16:28.436+0000] {logging_mixin.py:190} INFO - [2026-06-17T01:16:28.436+0000] {dagbag.py:588} INFO - Filling up the DagBag from /opt/airflow/dags/dag_bronze_departments.py
[2026-06-17T01:16:28.444+0000] {processor.py:925} INFO - DAG(s) 'dag_bronze_departments' retrieved from /opt/airflow/dags/dag_bronze_departments.py
[2026-06-17T01:16:28.474+0000] {logging_mixin.py:190} INFO - [2026-06-17T01:16:28.473+0000] {dag.py:3239} INFO - Sync 1 DAGs
[2026-06-17T01:16:28.488+0000] {logging_mixin.py:190} INFO - [2026-06-17T01:16:28.488+0000] {dag.py:4180} INFO - Setting next_dagrun for dag_bronze_departments to None, run_after=None
[2026-06-17T01:16:28.521+0000] {processor.py:208} INFO - Processing /opt/airflow/dags/dag_bronze_departments.py took 0.101 seconds
[2026-06-17T01:16:59.185+0000] {processor.py:186} INFO - Started process (PID=669) to work on /opt/airflow/dags/dag_bronze_departments.py
[2026-06-17T01:16:59.202+0000] {processor.py:914} INFO - Processing file /opt/airflow/dags/dag_bronze_departments.py for tasks to queue
[2026-06-17T01:16:59.205+0000] {logging_mixin.py:190} INFO - [2026-06-17T01:16:59.204+0000] {dagbag.py:588} INFO - Filling up the DagBag from /opt/airflow/dags/dag_bronze_departments.py
[2026-06-17T01:16:59.212+0000] {processor.py:925} INFO - DAG(s) 'dag_bronze_departments' retrieved from /opt/airflow/dags/dag_bronze_departments.py
[2026-06-17T01:16:59.246+0000] {logging_mixin.py:190} INFO - [2026-06-17T01:16:59.245+0000] {dag.py:3239} INFO - Sync 1 DAGs
[2026-06-17T01:16:59.260+0000] {logging_mixin.py:190} INFO - [2026-06-17T01:16:59.260+0000] {dag.py:4180} INFO - Setting next_dagrun for dag_bronze_departments to None, run_after=None
[2026-06-17T01:16:59.280+0000] {processor.py:208} INFO - Processing /opt/airflow/dags/dag_bronze_departments.py took 0.104 seconds
[2026-06-17T01:17:30.241+0000] {processor.py:186} INFO - Started process (PID=789) to work on /opt/airflow/dags/dag_bronze_departments.py
[2026-06-17T01:17:30.259+0000] {processor.py:914} INFO - Processing file /opt/airflow/dags/dag_bronze_departments.py for tasks to queue
[2026-06-17T01:17:30.261+0000] {logging_mixin.py:190} INFO - [2026-06-17T01:17:30.261+0000] {dagbag.py:588} INFO - Filling up the DagBag from /opt/airflow/dags/dag_bronze_departments.py
[2026-06-17T01:17:30.268+0000] {processor.py:925} INFO - DAG(s) 'dag_bronze_departments' retrieved from /opt/airflow/dags/dag_bronze_departments.py
[2026-06-17T01:17:30.298+0000] {logging_mixin.py:190} INFO - [2026-06-17T01:17:30.298+0000] {dag.py:3239} INFO - Sync 1 DAGs
[2026-06-17T01:17:30.313+0000] {logging_mixin.py:190} INFO - [2026-06-17T01:17:30.313+0000] {dag.py:4180} INFO - Setting next_dagrun for dag_bronze_departments to None, run_after=None
[2026-06-17T01:17:30.334+0000] {processor.py:208} INFO - Processing /opt/airflow/dags/dag_bronze_departments.py took 0.102 seconds
[2026-06-17T01:18:00.399+0000] {processor.py:186} INFO - Started process (PID=909) to work on /opt/airflow/dags/dag_bronze_departments.py
[2026-06-17T01:18:00.400+0000] {processor.py:914} INFO - Processing file /opt/airflow/dags/dag_bronze_departments.py for tasks to queue
[2026-06-17T01:18:00.402+0000] {logging_mixin.py:190} INFO - [2026-06-17T01:18:00.401+0000] {dagbag.py:588} INFO - Filling up the DagBag from /opt/airflow/dags/dag_bronze_departments.py
[2026-06-17T01:18:00.410+0000] {processor.py:925} INFO - DAG(s) 'dag_bronze_departments' retrieved from /opt/airflow/dags/dag_bronze_departments.py
[2026-06-17T01:18:00.439+0000] {logging_mixin.py:190} INFO - [2026-06-17T01:18:00.439+0000] {dag.py:3239} INFO - Sync 1 DAGs
[2026-06-17T01:18:00.456+0000] {logging_mixin.py:190} INFO - [2026-06-17T01:18:00.455+0000] {dag.py:4180} INFO - Setting next_dagrun for dag_bronze_departments to None, run_after=None
[2026-06-17T01:18:00.493+0000] {processor.py:208} INFO - Processing /opt/airflow/dags/dag_bronze_departments.py took 0.100 seconds
[2026-06-17T01:18:31.424+0000] {processor.py:186} INFO - Started process (PID=1027) to work on /opt/airflow/dags/dag_bronze_departments.py
[2026-06-17T01:18:31.425+0000] {processor.py:914} INFO - Processing file /opt/airflow/dags/dag_bronze_departments.py for tasks to queue
[2026-06-17T01:18:31.427+0000] {logging_mixin.py:190} INFO - [2026-06-17T01:18:31.427+0000] {dagbag.py:588} INFO - Filling up the DagBag from /opt/airflow/dags/dag_bronze_departments.py
[2026-06-17T01:18:31.435+0000] {processor.py:925} INFO - DAG(s) 'dag_bronze_departments' retrieved from /opt/airflow/dags/dag_bronze_departments.py
[2026-06-17T01:18:31.468+0000] {logging_mixin.py:190} INFO - [2026-06-17T01:18:31.468+0000] {dag.py:3239} INFO - Sync 1 DAGs
[2026-06-17T01:18:31.484+0000] {logging_mixin.py:190} INFO - [2026-06-17T01:18:31.484+0000] {dag.py:4180} INFO - Setting next_dagrun for dag_bronze_departments to None, run_after=None
[2026-06-17T01:18:31.506+0000] {processor.py:208} INFO - Processing /opt/airflow/dags/dag_bronze_departments.py took 0.088 seconds
[2026-06-17T01:19:01.568+0000] {processor.py:186} INFO - Started process (PID=1149) to work on /opt/airflow/dags/dag_bronze_departments.py
[2026-06-17T01:19:01.569+0000] {processor.py:914} INFO - Processing file /opt/airflow/dags/dag_bronze_departments.py for tasks to queue
[2026-06-17T01:19:01.571+0000] {logging_mixin.py:190} INFO - [2026-06-17T01:19:01.571+0000] {dagbag.py:588} INFO - Filling up the DagBag from /opt/airflow/dags/dag_bronze_departments.py
[2026-06-17T01:19:01.578+0000] {processor.py:925} INFO - DAG(s) 'dag_bronze_departments' retrieved from /opt/airflow/dags/dag_bronze_departments.py
[2026-06-17T01:19:01.606+0000] {logging_mixin.py:190} INFO - [2026-06-17T01:19:01.606+0000] {dag.py:3239} INFO - Sync 1 DAGs
[2026-06-17T01:19:01.620+0000] {logging_mixin.py:190} INFO - [2026-06-17T01:19:01.619+0000] {dag.py:4180} INFO - Setting next_dagrun for dag_bronze_departments to None, run_after=None
[2026-06-17T01:19:01.660+0000] {processor.py:208} INFO - Processing /opt/airflow/dags/dag_bronze_departments.py took 0.098 seconds
[2026-06-17T01:19:31.786+0000] {processor.py:186} INFO - Started process (PID=1269) to work on /opt/airflow/dags/dag_bronze_departments.py
[2026-06-17T01:19:31.787+0000] {processor.py:914} INFO - Processing file /opt/airflow/dags/dag_bronze_departments.py for tasks to queue
[2026-06-17T01:19:31.789+0000] {logging_mixin.py:190} INFO - [2026-06-17T01:19:31.788+0000] {dagbag.py:588} INFO - Filling up the DagBag from /opt/airflow/dags/dag_bronze_departments.py
[2026-06-17T01:19:31.796+0000] {processor.py:925} INFO - DAG(s) 'dag_bronze_departments' retrieved from /opt/airflow/dags/dag_bronze_departments.py
[2026-06-17T01:19:31.824+0000] {logging_mixin.py:190} INFO - [2026-06-17T01:19:31.823+0000] {dag.py:3239} INFO - Sync 1 DAGs
[2026-06-17T01:19:31.838+0000] {logging_mixin.py:190} INFO - [2026-06-17T01:19:31.838+0000] {dag.py:4180} INFO - Setting next_dagrun for dag_bronze_departments to None, run_after=None
[2026-06-17T01:19:31.887+0000] {processor.py:208} INFO - Processing /opt/airflow/dags/dag_bronze_departments.py took 0.107 seconds
[2026-06-17T01:20:02.328+0000] {processor.py:186} INFO - Started process (PID=1388) to work on /opt/airflow/dags/dag_bronze_departments.py
[2026-06-17T01:20:02.329+0000] {processor.py:914} INFO - Processing file /opt/airflow/dags/dag_bronze_departments.py for tasks to queue
[2026-06-17T01:20:02.331+0000] {logging_mixin.py:190} INFO - [2026-06-17T01:20:02.331+0000] {dagbag.py:588} INFO - Filling up the DagBag from /opt/airflow/dags/dag_bronze_departments.py
[2026-06-17T01:20:02.343+0000] {processor.py:925} INFO - DAG(s) 'dag_bronze_departments' retrieved from /opt/airflow/dags/dag_bronze_departments.py
[2026-06-17T01:20:02.420+0000] {logging_mixin.py:190} INFO - [2026-06-17T01:20:02.419+0000] {dag.py:3239} INFO - Sync 1 DAGs
[2026-06-17T01:20:02.454+0000] {logging_mixin.py:190} INFO - [2026-06-17T01:20:02.454+0000] {dag.py:4180} INFO - Setting next_dagrun for dag_bronze_departments to None, run_after=None
[2026-06-17T01:20:02.514+0000] {processor.py:208} INFO - Processing /opt/airflow/dags/dag_bronze_departments.py took 0.193 seconds
[2026-06-17T01:20:32.697+0000] {processor.py:186} INFO - Started process (PID=1507) to work on /opt/airflow/dags/dag_bronze_departments.py
[2026-06-17T01:20:32.711+0000] {processor.py:914} INFO - Processing file /opt/airflow/dags/dag_bronze_departments.py for tasks to queue
[2026-06-17T01:20:32.713+0000] {logging_mixin.py:190} INFO - [2026-06-17T01:20:32.713+0000] {dagbag.py:588} INFO - Filling up the DagBag from /opt/airflow/dags/dag_bronze_departments.py
[2026-06-17T01:20:32.721+0000] {processor.py:925} INFO - DAG(s) 'dag_bronze_departments' retrieved from /opt/airflow/dags/dag_bronze_departments.py
[2026-06-17T01:20:32.754+0000] {logging_mixin.py:190} INFO - [2026-06-17T01:20:32.754+0000] {dag.py:3239} INFO - Sync 1 DAGs
[2026-06-17T01:20:32.768+0000] {logging_mixin.py:190} INFO - [2026-06-17T01:20:32.768+0000] {dag.py:4180} INFO - Setting next_dagrun for dag_bronze_departments to None, run_after=None
[2026-06-17T01:20:32.828+0000] {processor.py:208} INFO - Processing /opt/airflow/dags/dag_bronze_departments.py took 0.138 seconds
[2026-06-17T01:21:04.109+0000] {processor.py:186} INFO - Started process (PID=1627) to work on /opt/airflow/dags/dag_bronze_departments.py
[2026-06-17T01:21:04.110+0000] {processor.py:914} INFO - Processing file /opt/airflow/dags/dag_bronze_departments.py for tasks to queue
[2026-06-17T01:21:04.111+0000] {logging_mixin.py:190} INFO - [2026-06-17T01:21:04.111+0000] {dagbag.py:588} INFO - Filling up the DagBag from /opt/airflow/dags/dag_bronze_departments.py
[2026-06-17T01:21:04.119+0000] {processor.py:925} INFO - DAG(s) 'dag_bronze_departments' retrieved from /opt/airflow/dags/dag_bronze_departments.py
[2026-06-17T01:21:04.153+0000] {logging_mixin.py:190} INFO - [2026-06-17T01:21:04.153+0000] {dag.py:3239} INFO - Sync 1 DAGs
[2026-06-17T01:21:04.169+0000] {logging_mixin.py:190} INFO - [2026-06-17T01:21:04.169+0000] {dag.py:4180} INFO - Setting next_dagrun for dag_bronze_departments to None, run_after=None
[2026-06-17T01:21:04.192+0000] {processor.py:208} INFO - Processing /opt/airflow/dags/dag_bronze_departments.py took 0.089 seconds
[2026-06-17T01:21:35.081+0000] {processor.py:186} INFO - Started process (PID=1747) to work on /opt/airflow/dags/dag_bronze_departments.py
[2026-06-17T01:21:35.082+0000] {processor.py:914} INFO - Processing file /opt/airflow/dags/dag_bronze_departments.py for tasks to queue
[2026-06-17T01:21:35.084+0000] {logging_mixin.py:190} INFO - [2026-06-17T01:21:35.084+0000] {dagbag.py:588} INFO - Filling up the DagBag from /opt/airflow/dags/dag_bronze_departments.py
[2026-06-17T01:21:35.092+0000] {processor.py:925} INFO - DAG(s) 'dag_bronze_departments' retrieved from /opt/airflow/dags/dag_bronze_departments.py
[2026-06-17T01:21:35.130+0000] {logging_mixin.py:190} INFO - [2026-06-17T01:21:35.130+0000] {dag.py:3239} INFO - Sync 1 DAGs
[2026-06-17T01:21:35.147+0000] {logging_mixin.py:190} INFO - [2026-06-17T01:21:35.146+0000] {dag.py:4180} INFO - Setting next_dagrun for dag_bronze_departments to None, run_after=None
[2026-06-17T01:21:35.168+0000] {processor.py:208} INFO - Processing /opt/airflow/dags/dag_bronze_departments.py took 0.093 seconds
