[2026-06-17T01:15:24.682+0000] {processor.py:186} INFO - Started process (PID=229) to work on /opt/airflow/dags/dag_silver_order_items_prior_enriched.py
[2026-06-17T01:15:24.683+0000] {processor.py:914} INFO - Processing file /opt/airflow/dags/dag_silver_order_items_prior_enriched.py for tasks to queue
[2026-06-17T01:15:24.685+0000] {logging_mixin.py:190} INFO - [2026-06-17T01:15:24.685+0000] {dagbag.py:588} INFO - Filling up the DagBag from /opt/airflow/dags/dag_silver_order_items_prior_enriched.py
[2026-06-17T01:15:24.693+0000] {processor.py:925} INFO - DAG(s) 'dag_silver_order_items_prior_enriched' retrieved from /opt/airflow/dags/dag_silver_order_items_prior_enriched.py
[2026-06-17T01:15:24.741+0000] {logging_mixin.py:190} INFO - [2026-06-17T01:15:24.741+0000] {dag.py:3239} INFO - Sync 1 DAGs
[2026-06-17T01:15:24.762+0000] {logging_mixin.py:190} INFO - [2026-06-17T01:15:24.761+0000] {dag.py:4180} INFO - Setting next_dagrun for dag_silver_order_items_prior_enriched to None, run_after=None
[2026-06-17T01:15:24.803+0000] {processor.py:208} INFO - Processing /opt/airflow/dags/dag_silver_order_items_prior_enriched.py took 0.131 seconds
[2026-06-17T01:15:54.985+0000] {processor.py:186} INFO - Started process (PID=347) to work on /opt/airflow/dags/dag_silver_order_items_prior_enriched.py
[2026-06-17T01:15:54.985+0000] {processor.py:914} INFO - Processing file /opt/airflow/dags/dag_silver_order_items_prior_enriched.py for tasks to queue
[2026-06-17T01:15:54.987+0000] {logging_mixin.py:190} INFO - [2026-06-17T01:15:54.987+0000] {dagbag.py:588} INFO - Filling up the DagBag from /opt/airflow/dags/dag_silver_order_items_prior_enriched.py
[2026-06-17T01:15:54.995+0000] {processor.py:925} INFO - DAG(s) 'dag_silver_order_items_prior_enriched' retrieved from /opt/airflow/dags/dag_silver_order_items_prior_enriched.py
[2026-06-17T01:15:55.024+0000] {logging_mixin.py:190} INFO - [2026-06-17T01:15:55.024+0000] {dag.py:3239} INFO - Sync 1 DAGs
[2026-06-17T01:15:55.043+0000] {logging_mixin.py:190} INFO - [2026-06-17T01:15:55.043+0000] {dag.py:4180} INFO - Setting next_dagrun for dag_silver_order_items_prior_enriched to None, run_after=None
[2026-06-17T01:15:55.062+0000] {processor.py:208} INFO - Processing /opt/airflow/dags/dag_silver_order_items_prior_enriched.py took 0.083 seconds
[2026-06-17T01:16:25.112+0000] {processor.py:186} INFO - Started process (PID=467) to work on /opt/airflow/dags/dag_silver_order_items_prior_enriched.py
[2026-06-17T01:16:25.113+0000] {processor.py:914} INFO - Processing file /opt/airflow/dags/dag_silver_order_items_prior_enriched.py for tasks to queue
[2026-06-17T01:16:25.115+0000] {logging_mixin.py:190} INFO - [2026-06-17T01:16:25.115+0000] {dagbag.py:588} INFO - Filling up the DagBag from /opt/airflow/dags/dag_silver_order_items_prior_enriched.py
[2026-06-17T01:16:25.125+0000] {processor.py:925} INFO - DAG(s) 'dag_silver_order_items_prior_enriched' retrieved from /opt/airflow/dags/dag_silver_order_items_prior_enriched.py
[2026-06-17T01:16:25.156+0000] {logging_mixin.py:190} INFO - [2026-06-17T01:16:25.155+0000] {dag.py:3239} INFO - Sync 1 DAGs
[2026-06-17T01:16:25.171+0000] {logging_mixin.py:190} INFO - [2026-06-17T01:16:25.171+0000] {dag.py:4180} INFO - Setting next_dagrun for dag_silver_order_items_prior_enriched to None, run_after=None
[2026-06-17T01:16:25.191+0000] {processor.py:208} INFO - Processing /opt/airflow/dags/dag_silver_order_items_prior_enriched.py took 0.084 seconds
[2026-06-17T01:16:56.188+0000] {processor.py:186} INFO - Started process (PID=587) to work on /opt/airflow/dags/dag_silver_order_items_prior_enriched.py
[2026-06-17T01:16:56.189+0000] {processor.py:914} INFO - Processing file /opt/airflow/dags/dag_silver_order_items_prior_enriched.py for tasks to queue
[2026-06-17T01:16:56.191+0000] {logging_mixin.py:190} INFO - [2026-06-17T01:16:56.191+0000] {dagbag.py:588} INFO - Filling up the DagBag from /opt/airflow/dags/dag_silver_order_items_prior_enriched.py
[2026-06-17T01:16:56.200+0000] {processor.py:925} INFO - DAG(s) 'dag_silver_order_items_prior_enriched' retrieved from /opt/airflow/dags/dag_silver_order_items_prior_enriched.py
[2026-06-17T01:16:56.231+0000] {logging_mixin.py:190} INFO - [2026-06-17T01:16:56.231+0000] {dag.py:3239} INFO - Sync 1 DAGs
[2026-06-17T01:16:56.246+0000] {logging_mixin.py:190} INFO - [2026-06-17T01:16:56.245+0000] {dag.py:4180} INFO - Setting next_dagrun for dag_silver_order_items_prior_enriched to None, run_after=None
[2026-06-17T01:16:56.286+0000] {processor.py:208} INFO - Processing /opt/airflow/dags/dag_silver_order_items_prior_enriched.py took 0.104 seconds
[2026-06-17T01:17:27.217+0000] {processor.py:186} INFO - Started process (PID=709) to work on /opt/airflow/dags/dag_silver_order_items_prior_enriched.py
[2026-06-17T01:17:27.218+0000] {processor.py:914} INFO - Processing file /opt/airflow/dags/dag_silver_order_items_prior_enriched.py for tasks to queue
[2026-06-17T01:17:27.220+0000] {logging_mixin.py:190} INFO - [2026-06-17T01:17:27.219+0000] {dagbag.py:588} INFO - Filling up the DagBag from /opt/airflow/dags/dag_silver_order_items_prior_enriched.py
[2026-06-17T01:17:27.227+0000] {processor.py:925} INFO - DAG(s) 'dag_silver_order_items_prior_enriched' retrieved from /opt/airflow/dags/dag_silver_order_items_prior_enriched.py
[2026-06-17T01:17:27.258+0000] {logging_mixin.py:190} INFO - [2026-06-17T01:17:27.257+0000] {dag.py:3239} INFO - Sync 1 DAGs
[2026-06-17T01:17:27.273+0000] {logging_mixin.py:190} INFO - [2026-06-17T01:17:27.272+0000] {dag.py:4180} INFO - Setting next_dagrun for dag_silver_order_items_prior_enriched to None, run_after=None
[2026-06-17T01:17:27.308+0000] {processor.py:208} INFO - Processing /opt/airflow/dags/dag_silver_order_items_prior_enriched.py took 0.097 seconds
[2026-06-17T01:17:58.122+0000] {processor.py:186} INFO - Started process (PID=829) to work on /opt/airflow/dags/dag_silver_order_items_prior_enriched.py
[2026-06-17T01:17:58.123+0000] {processor.py:914} INFO - Processing file /opt/airflow/dags/dag_silver_order_items_prior_enriched.py for tasks to queue
[2026-06-17T01:17:58.129+0000] {logging_mixin.py:190} INFO - [2026-06-17T01:17:58.128+0000] {dagbag.py:588} INFO - Filling up the DagBag from /opt/airflow/dags/dag_silver_order_items_prior_enriched.py
[2026-06-17T01:17:58.149+0000] {processor.py:925} INFO - DAG(s) 'dag_silver_order_items_prior_enriched' retrieved from /opt/airflow/dags/dag_silver_order_items_prior_enriched.py
[2026-06-17T01:17:58.204+0000] {logging_mixin.py:190} INFO - [2026-06-17T01:17:58.203+0000] {dag.py:3239} INFO - Sync 1 DAGs
[2026-06-17T01:17:58.230+0000] {logging_mixin.py:190} INFO - [2026-06-17T01:17:58.229+0000] {dag.py:4180} INFO - Setting next_dagrun for dag_silver_order_items_prior_enriched to None, run_after=None
[2026-06-17T01:17:58.274+0000] {processor.py:208} INFO - Processing /opt/airflow/dags/dag_silver_order_items_prior_enriched.py took 0.158 seconds
[2026-06-17T01:18:29.197+0000] {processor.py:186} INFO - Started process (PID=949) to work on /opt/airflow/dags/dag_silver_order_items_prior_enriched.py
[2026-06-17T01:18:29.198+0000] {processor.py:914} INFO - Processing file /opt/airflow/dags/dag_silver_order_items_prior_enriched.py for tasks to queue
[2026-06-17T01:18:29.202+0000] {logging_mixin.py:190} INFO - [2026-06-17T01:18:29.202+0000] {dagbag.py:588} INFO - Filling up the DagBag from /opt/airflow/dags/dag_silver_order_items_prior_enriched.py
[2026-06-17T01:18:29.211+0000] {processor.py:925} INFO - DAG(s) 'dag_silver_order_items_prior_enriched' retrieved from /opt/airflow/dags/dag_silver_order_items_prior_enriched.py
[2026-06-17T01:18:29.247+0000] {logging_mixin.py:190} INFO - [2026-06-17T01:18:29.247+0000] {dag.py:3239} INFO - Sync 1 DAGs
[2026-06-17T01:18:29.265+0000] {logging_mixin.py:190} INFO - [2026-06-17T01:18:29.265+0000] {dag.py:4180} INFO - Setting next_dagrun for dag_silver_order_items_prior_enriched to None, run_after=None
[2026-06-17T01:18:29.309+0000] {processor.py:208} INFO - Processing /opt/airflow/dags/dag_silver_order_items_prior_enriched.py took 0.118 seconds
[2026-06-17T01:19:00.235+0000] {processor.py:186} INFO - Started process (PID=1069) to work on /opt/airflow/dags/dag_silver_order_items_prior_enriched.py
[2026-06-17T01:19:00.237+0000] {processor.py:914} INFO - Processing file /opt/airflow/dags/dag_silver_order_items_prior_enriched.py for tasks to queue
[2026-06-17T01:19:00.240+0000] {logging_mixin.py:190} INFO - [2026-06-17T01:19:00.240+0000] {dagbag.py:588} INFO - Filling up the DagBag from /opt/airflow/dags/dag_silver_order_items_prior_enriched.py
[2026-06-17T01:19:00.259+0000] {processor.py:925} INFO - DAG(s) 'dag_silver_order_items_prior_enriched' retrieved from /opt/airflow/dags/dag_silver_order_items_prior_enriched.py
[2026-06-17T01:19:00.337+0000] {logging_mixin.py:190} INFO - [2026-06-17T01:19:00.336+0000] {dag.py:3239} INFO - Sync 1 DAGs
[2026-06-17T01:19:00.378+0000] {logging_mixin.py:190} INFO - [2026-06-17T01:19:00.378+0000] {dag.py:4180} INFO - Setting next_dagrun for dag_silver_order_items_prior_enriched to None, run_after=None
[2026-06-17T01:19:00.420+0000] {processor.py:208} INFO - Processing /opt/airflow/dags/dag_silver_order_items_prior_enriched.py took 0.196 seconds
[2026-06-17T01:19:30.563+0000] {processor.py:186} INFO - Started process (PID=1189) to work on /opt/airflow/dags/dag_silver_order_items_prior_enriched.py
[2026-06-17T01:19:30.587+0000] {processor.py:914} INFO - Processing file /opt/airflow/dags/dag_silver_order_items_prior_enriched.py for tasks to queue
[2026-06-17T01:19:30.589+0000] {logging_mixin.py:190} INFO - [2026-06-17T01:19:30.589+0000] {dagbag.py:588} INFO - Filling up the DagBag from /opt/airflow/dags/dag_silver_order_items_prior_enriched.py
[2026-06-17T01:19:30.597+0000] {processor.py:925} INFO - DAG(s) 'dag_silver_order_items_prior_enriched' retrieved from /opt/airflow/dags/dag_silver_order_items_prior_enriched.py
[2026-06-17T01:19:30.632+0000] {logging_mixin.py:190} INFO - [2026-06-17T01:19:30.632+0000] {dag.py:3239} INFO - Sync 1 DAGs
[2026-06-17T01:19:30.646+0000] {logging_mixin.py:190} INFO - [2026-06-17T01:19:30.646+0000] {dag.py:4180} INFO - Setting next_dagrun for dag_silver_order_items_prior_enriched to None, run_after=None
[2026-06-17T01:19:30.688+0000] {processor.py:208} INFO - Processing /opt/airflow/dags/dag_silver_order_items_prior_enriched.py took 0.134 seconds
[2026-06-17T01:20:00.772+0000] {processor.py:186} INFO - Started process (PID=1309) to work on /opt/airflow/dags/dag_silver_order_items_prior_enriched.py
[2026-06-17T01:20:00.773+0000] {processor.py:914} INFO - Processing file /opt/airflow/dags/dag_silver_order_items_prior_enriched.py for tasks to queue
[2026-06-17T01:20:00.775+0000] {logging_mixin.py:190} INFO - [2026-06-17T01:20:00.775+0000] {dagbag.py:588} INFO - Filling up the DagBag from /opt/airflow/dags/dag_silver_order_items_prior_enriched.py
[2026-06-17T01:20:00.783+0000] {processor.py:925} INFO - DAG(s) 'dag_silver_order_items_prior_enriched' retrieved from /opt/airflow/dags/dag_silver_order_items_prior_enriched.py
[2026-06-17T01:20:00.815+0000] {logging_mixin.py:190} INFO - [2026-06-17T01:20:00.814+0000] {dag.py:3239} INFO - Sync 1 DAGs
[2026-06-17T01:20:00.834+0000] {logging_mixin.py:190} INFO - [2026-06-17T01:20:00.834+0000] {dag.py:4180} INFO - Setting next_dagrun for dag_silver_order_items_prior_enriched to None, run_after=None
[2026-06-17T01:20:00.856+0000] {processor.py:208} INFO - Processing /opt/airflow/dags/dag_silver_order_items_prior_enriched.py took 0.090 seconds
[2026-06-17T01:20:31.422+0000] {processor.py:186} INFO - Started process (PID=1427) to work on /opt/airflow/dags/dag_silver_order_items_prior_enriched.py
[2026-06-17T01:20:31.441+0000] {processor.py:914} INFO - Processing file /opt/airflow/dags/dag_silver_order_items_prior_enriched.py for tasks to queue
[2026-06-17T01:20:31.444+0000] {logging_mixin.py:190} INFO - [2026-06-17T01:20:31.444+0000] {dagbag.py:588} INFO - Filling up the DagBag from /opt/airflow/dags/dag_silver_order_items_prior_enriched.py
[2026-06-17T01:20:31.454+0000] {processor.py:925} INFO - DAG(s) 'dag_silver_order_items_prior_enriched' retrieved from /opt/airflow/dags/dag_silver_order_items_prior_enriched.py
[2026-06-17T01:20:31.488+0000] {logging_mixin.py:190} INFO - [2026-06-17T01:20:31.488+0000] {dag.py:3239} INFO - Sync 1 DAGs
[2026-06-17T01:20:31.504+0000] {logging_mixin.py:190} INFO - [2026-06-17T01:20:31.504+0000] {dag.py:4180} INFO - Setting next_dagrun for dag_silver_order_items_prior_enriched to None, run_after=None
[2026-06-17T01:20:31.546+0000] {processor.py:208} INFO - Processing /opt/airflow/dags/dag_silver_order_items_prior_enriched.py took 0.130 seconds
[2026-06-17T01:21:02.084+0000] {processor.py:186} INFO - Started process (PID=1549) to work on /opt/airflow/dags/dag_silver_order_items_prior_enriched.py
[2026-06-17T01:21:02.085+0000] {processor.py:914} INFO - Processing file /opt/airflow/dags/dag_silver_order_items_prior_enriched.py for tasks to queue
[2026-06-17T01:21:02.088+0000] {logging_mixin.py:190} INFO - [2026-06-17T01:21:02.087+0000] {dagbag.py:588} INFO - Filling up the DagBag from /opt/airflow/dags/dag_silver_order_items_prior_enriched.py
[2026-06-17T01:21:02.099+0000] {processor.py:925} INFO - DAG(s) 'dag_silver_order_items_prior_enriched' retrieved from /opt/airflow/dags/dag_silver_order_items_prior_enriched.py
[2026-06-17T01:21:02.137+0000] {logging_mixin.py:190} INFO - [2026-06-17T01:21:02.137+0000] {dag.py:3239} INFO - Sync 1 DAGs
[2026-06-17T01:21:02.154+0000] {logging_mixin.py:190} INFO - [2026-06-17T01:21:02.154+0000] {dag.py:4180} INFO - Setting next_dagrun for dag_silver_order_items_prior_enriched to None, run_after=None
[2026-06-17T01:21:02.265+0000] {processor.py:208} INFO - Processing /opt/airflow/dags/dag_silver_order_items_prior_enriched.py took 0.190 seconds
[2026-06-17T01:21:32.903+0000] {processor.py:186} INFO - Started process (PID=1667) to work on /opt/airflow/dags/dag_silver_order_items_prior_enriched.py
[2026-06-17T01:21:32.904+0000] {processor.py:914} INFO - Processing file /opt/airflow/dags/dag_silver_order_items_prior_enriched.py for tasks to queue
[2026-06-17T01:21:32.907+0000] {logging_mixin.py:190} INFO - [2026-06-17T01:21:32.906+0000] {dagbag.py:588} INFO - Filling up the DagBag from /opt/airflow/dags/dag_silver_order_items_prior_enriched.py
[2026-06-17T01:21:32.914+0000] {processor.py:925} INFO - DAG(s) 'dag_silver_order_items_prior_enriched' retrieved from /opt/airflow/dags/dag_silver_order_items_prior_enriched.py
[2026-06-17T01:21:32.948+0000] {logging_mixin.py:190} INFO - [2026-06-17T01:21:32.947+0000] {dag.py:3239} INFO - Sync 1 DAGs
[2026-06-17T01:21:32.964+0000] {logging_mixin.py:190} INFO - [2026-06-17T01:21:32.963+0000] {dag.py:4180} INFO - Setting next_dagrun for dag_silver_order_items_prior_enriched to None, run_after=None
[2026-06-17T01:21:32.985+0000] {processor.py:208} INFO - Processing /opt/airflow/dags/dag_silver_order_items_prior_enriched.py took 0.088 seconds
