[2026-06-17T01:15:24.859+0000] {processor.py:186} INFO - Started process (PID=239) to work on /opt/airflow/dags/dag_silver_orders_clean.py
[2026-06-17T01:15:24.860+0000] {processor.py:914} INFO - Processing file /opt/airflow/dags/dag_silver_orders_clean.py for tasks to queue
[2026-06-17T01:15:24.862+0000] {logging_mixin.py:190} INFO - [2026-06-17T01:15:24.862+0000] {dagbag.py:588} INFO - Filling up the DagBag from /opt/airflow/dags/dag_silver_orders_clean.py
[2026-06-17T01:15:24.871+0000] {processor.py:925} INFO - DAG(s) 'dag_silver_orders_clean' retrieved from /opt/airflow/dags/dag_silver_orders_clean.py
[2026-06-17T01:15:24.904+0000] {logging_mixin.py:190} INFO - [2026-06-17T01:15:24.904+0000] {dag.py:3239} INFO - Sync 1 DAGs
[2026-06-17T01:15:24.922+0000] {logging_mixin.py:190} INFO - [2026-06-17T01:15:24.922+0000] {dag.py:4180} INFO - Setting next_dagrun for dag_silver_orders_clean to None, run_after=None
[2026-06-17T01:15:24.969+0000] {processor.py:208} INFO - Processing /opt/airflow/dags/dag_silver_orders_clean.py took 0.117 seconds
[2026-06-17T01:15:55.094+0000] {processor.py:186} INFO - Started process (PID=357) to work on /opt/airflow/dags/dag_silver_orders_clean.py
[2026-06-17T01:15:55.095+0000] {processor.py:914} INFO - Processing file /opt/airflow/dags/dag_silver_orders_clean.py for tasks to queue
[2026-06-17T01:15:55.097+0000] {logging_mixin.py:190} INFO - [2026-06-17T01:15:55.097+0000] {dagbag.py:588} INFO - Filling up the DagBag from /opt/airflow/dags/dag_silver_orders_clean.py
[2026-06-17T01:15:55.105+0000] {processor.py:925} INFO - DAG(s) 'dag_silver_orders_clean' retrieved from /opt/airflow/dags/dag_silver_orders_clean.py
[2026-06-17T01:15:55.136+0000] {logging_mixin.py:190} INFO - [2026-06-17T01:15:55.136+0000] {dag.py:3239} INFO - Sync 1 DAGs
[2026-06-17T01:15:55.155+0000] {logging_mixin.py:190} INFO - [2026-06-17T01:15:55.154+0000] {dag.py:4180} INFO - Setting next_dagrun for dag_silver_orders_clean to None, run_after=None
[2026-06-17T01:15:55.175+0000] {processor.py:208} INFO - Processing /opt/airflow/dags/dag_silver_orders_clean.py took 0.087 seconds
[2026-06-17T01:16:25.225+0000] {processor.py:186} INFO - Started process (PID=477) to work on /opt/airflow/dags/dag_silver_orders_clean.py
[2026-06-17T01:16:25.225+0000] {processor.py:914} INFO - Processing file /opt/airflow/dags/dag_silver_orders_clean.py for tasks to queue
[2026-06-17T01:16:25.227+0000] {logging_mixin.py:190} INFO - [2026-06-17T01:16:25.227+0000] {dagbag.py:588} INFO - Filling up the DagBag from /opt/airflow/dags/dag_silver_orders_clean.py
[2026-06-17T01:16:25.237+0000] {processor.py:925} INFO - DAG(s) 'dag_silver_orders_clean' retrieved from /opt/airflow/dags/dag_silver_orders_clean.py
[2026-06-17T01:16:25.270+0000] {logging_mixin.py:190} INFO - [2026-06-17T01:16:25.270+0000] {dag.py:3239} INFO - Sync 1 DAGs
[2026-06-17T01:16:25.286+0000] {logging_mixin.py:190} INFO - [2026-06-17T01:16:25.285+0000] {dag.py:4180} INFO - Setting next_dagrun for dag_silver_orders_clean to None, run_after=None
[2026-06-17T01:16:25.307+0000] {processor.py:208} INFO - Processing /opt/airflow/dags/dag_silver_orders_clean.py took 0.089 seconds
[2026-06-17T01:16:56.318+0000] {processor.py:186} INFO - Started process (PID=597) to work on /opt/airflow/dags/dag_silver_orders_clean.py
[2026-06-17T01:16:56.319+0000] {processor.py:914} INFO - Processing file /opt/airflow/dags/dag_silver_orders_clean.py for tasks to queue
[2026-06-17T01:16:56.320+0000] {logging_mixin.py:190} INFO - [2026-06-17T01:16:56.320+0000] {dagbag.py:588} INFO - Filling up the DagBag from /opt/airflow/dags/dag_silver_orders_clean.py
[2026-06-17T01:16:56.329+0000] {processor.py:925} INFO - DAG(s) 'dag_silver_orders_clean' retrieved from /opt/airflow/dags/dag_silver_orders_clean.py
[2026-06-17T01:16:56.361+0000] {logging_mixin.py:190} INFO - [2026-06-17T01:16:56.361+0000] {dag.py:3239} INFO - Sync 1 DAGs
[2026-06-17T01:16:56.376+0000] {logging_mixin.py:190} INFO - [2026-06-17T01:16:56.376+0000] {dag.py:4180} INFO - Setting next_dagrun for dag_silver_orders_clean to None, run_after=None
[2026-06-17T01:16:56.398+0000] {processor.py:208} INFO - Processing /opt/airflow/dags/dag_silver_orders_clean.py took 0.086 seconds
[2026-06-17T01:17:27.339+0000] {processor.py:186} INFO - Started process (PID=719) to work on /opt/airflow/dags/dag_silver_orders_clean.py
[2026-06-17T01:17:27.340+0000] {processor.py:914} INFO - Processing file /opt/airflow/dags/dag_silver_orders_clean.py for tasks to queue
[2026-06-17T01:17:27.342+0000] {logging_mixin.py:190} INFO - [2026-06-17T01:17:27.341+0000] {dagbag.py:588} INFO - Filling up the DagBag from /opt/airflow/dags/dag_silver_orders_clean.py
[2026-06-17T01:17:27.349+0000] {processor.py:925} INFO - DAG(s) 'dag_silver_orders_clean' retrieved from /opt/airflow/dags/dag_silver_orders_clean.py
[2026-06-17T01:17:27.380+0000] {logging_mixin.py:190} INFO - [2026-06-17T01:17:27.380+0000] {dag.py:3239} INFO - Sync 1 DAGs
[2026-06-17T01:17:27.394+0000] {logging_mixin.py:190} INFO - [2026-06-17T01:17:27.394+0000] {dag.py:4180} INFO - Setting next_dagrun for dag_silver_orders_clean to None, run_after=None
[2026-06-17T01:17:27.414+0000] {processor.py:208} INFO - Processing /opt/airflow/dags/dag_silver_orders_clean.py took 0.082 seconds
[2026-06-17T01:17:58.298+0000] {processor.py:186} INFO - Started process (PID=839) to work on /opt/airflow/dags/dag_silver_orders_clean.py
[2026-06-17T01:17:58.299+0000] {processor.py:914} INFO - Processing file /opt/airflow/dags/dag_silver_orders_clean.py for tasks to queue
[2026-06-17T01:17:58.302+0000] {logging_mixin.py:190} INFO - [2026-06-17T01:17:58.301+0000] {dagbag.py:588} INFO - Filling up the DagBag from /opt/airflow/dags/dag_silver_orders_clean.py
[2026-06-17T01:17:58.311+0000] {processor.py:925} INFO - DAG(s) 'dag_silver_orders_clean' retrieved from /opt/airflow/dags/dag_silver_orders_clean.py
[2026-06-17T01:17:58.347+0000] {logging_mixin.py:190} INFO - [2026-06-17T01:17:58.346+0000] {dag.py:3239} INFO - Sync 1 DAGs
[2026-06-17T01:17:58.362+0000] {logging_mixin.py:190} INFO - [2026-06-17T01:17:58.362+0000] {dag.py:4180} INFO - Setting next_dagrun for dag_silver_orders_clean to None, run_after=None
[2026-06-17T01:17:58.399+0000] {processor.py:208} INFO - Processing /opt/airflow/dags/dag_silver_orders_clean.py took 0.107 seconds
[2026-06-17T01:18:29.343+0000] {processor.py:186} INFO - Started process (PID=959) to work on /opt/airflow/dags/dag_silver_orders_clean.py
[2026-06-17T01:18:29.344+0000] {processor.py:914} INFO - Processing file /opt/airflow/dags/dag_silver_orders_clean.py for tasks to queue
[2026-06-17T01:18:29.346+0000] {logging_mixin.py:190} INFO - [2026-06-17T01:18:29.346+0000] {dagbag.py:588} INFO - Filling up the DagBag from /opt/airflow/dags/dag_silver_orders_clean.py
[2026-06-17T01:18:29.354+0000] {processor.py:925} INFO - DAG(s) 'dag_silver_orders_clean' retrieved from /opt/airflow/dags/dag_silver_orders_clean.py
[2026-06-17T01:18:29.384+0000] {logging_mixin.py:190} INFO - [2026-06-17T01:18:29.384+0000] {dag.py:3239} INFO - Sync 1 DAGs
[2026-06-17T01:18:29.399+0000] {logging_mixin.py:190} INFO - [2026-06-17T01:18:29.399+0000] {dag.py:4180} INFO - Setting next_dagrun for dag_silver_orders_clean to None, run_after=None
[2026-06-17T01:18:29.426+0000] {processor.py:208} INFO - Processing /opt/airflow/dags/dag_silver_orders_clean.py took 0.089 seconds
[2026-06-17T01:19:00.468+0000] {processor.py:186} INFO - Started process (PID=1079) to work on /opt/airflow/dags/dag_silver_orders_clean.py
[2026-06-17T01:19:00.492+0000] {processor.py:914} INFO - Processing file /opt/airflow/dags/dag_silver_orders_clean.py for tasks to queue
[2026-06-17T01:19:00.495+0000] {logging_mixin.py:190} INFO - [2026-06-17T01:19:00.495+0000] {dagbag.py:588} INFO - Filling up the DagBag from /opt/airflow/dags/dag_silver_orders_clean.py
[2026-06-17T01:19:00.507+0000] {processor.py:925} INFO - DAG(s) 'dag_silver_orders_clean' retrieved from /opt/airflow/dags/dag_silver_orders_clean.py
[2026-06-17T01:19:00.555+0000] {logging_mixin.py:190} INFO - [2026-06-17T01:19:00.555+0000] {dag.py:3239} INFO - Sync 1 DAGs
[2026-06-17T01:19:00.578+0000] {logging_mixin.py:190} INFO - [2026-06-17T01:19:00.578+0000] {dag.py:4180} INFO - Setting next_dagrun for dag_silver_orders_clean to None, run_after=None
[2026-06-17T01:19:00.599+0000] {processor.py:208} INFO - Processing /opt/airflow/dags/dag_silver_orders_clean.py took 0.141 seconds
[2026-06-17T01:19:30.715+0000] {processor.py:186} INFO - Started process (PID=1199) to work on /opt/airflow/dags/dag_silver_orders_clean.py
[2026-06-17T01:19:30.716+0000] {processor.py:914} INFO - Processing file /opt/airflow/dags/dag_silver_orders_clean.py for tasks to queue
[2026-06-17T01:19:30.718+0000] {logging_mixin.py:190} INFO - [2026-06-17T01:19:30.718+0000] {dagbag.py:588} INFO - Filling up the DagBag from /opt/airflow/dags/dag_silver_orders_clean.py
[2026-06-17T01:19:30.725+0000] {processor.py:925} INFO - DAG(s) 'dag_silver_orders_clean' retrieved from /opt/airflow/dags/dag_silver_orders_clean.py
[2026-06-17T01:19:30.754+0000] {logging_mixin.py:190} INFO - [2026-06-17T01:19:30.753+0000] {dag.py:3239} INFO - Sync 1 DAGs
[2026-06-17T01:19:30.767+0000] {logging_mixin.py:190} INFO - [2026-06-17T01:19:30.767+0000] {dag.py:4180} INFO - Setting next_dagrun for dag_silver_orders_clean to None, run_after=None
[2026-06-17T01:19:30.808+0000] {processor.py:208} INFO - Processing /opt/airflow/dags/dag_silver_orders_clean.py took 0.098 seconds
[2026-06-17T01:20:00.889+0000] {processor.py:186} INFO - Started process (PID=1319) to work on /opt/airflow/dags/dag_silver_orders_clean.py
[2026-06-17T01:20:00.890+0000] {processor.py:914} INFO - Processing file /opt/airflow/dags/dag_silver_orders_clean.py for tasks to queue
[2026-06-17T01:20:00.892+0000] {logging_mixin.py:190} INFO - [2026-06-17T01:20:00.892+0000] {dagbag.py:588} INFO - Filling up the DagBag from /opt/airflow/dags/dag_silver_orders_clean.py
[2026-06-17T01:20:00.900+0000] {processor.py:925} INFO - DAG(s) 'dag_silver_orders_clean' retrieved from /opt/airflow/dags/dag_silver_orders_clean.py
[2026-06-17T01:20:00.932+0000] {logging_mixin.py:190} INFO - [2026-06-17T01:20:00.932+0000] {dag.py:3239} INFO - Sync 1 DAGs
[2026-06-17T01:20:00.948+0000] {logging_mixin.py:190} INFO - [2026-06-17T01:20:00.948+0000] {dag.py:4180} INFO - Setting next_dagrun for dag_silver_orders_clean to None, run_after=None
[2026-06-17T01:20:00.993+0000] {processor.py:208} INFO - Processing /opt/airflow/dags/dag_silver_orders_clean.py took 0.109 seconds
[2026-06-17T01:20:31.587+0000] {processor.py:186} INFO - Started process (PID=1437) to work on /opt/airflow/dags/dag_silver_orders_clean.py
[2026-06-17T01:20:31.607+0000] {processor.py:914} INFO - Processing file /opt/airflow/dags/dag_silver_orders_clean.py for tasks to queue
[2026-06-17T01:20:31.609+0000] {logging_mixin.py:190} INFO - [2026-06-17T01:20:31.609+0000] {dagbag.py:588} INFO - Filling up the DagBag from /opt/airflow/dags/dag_silver_orders_clean.py
[2026-06-17T01:20:31.617+0000] {processor.py:925} INFO - DAG(s) 'dag_silver_orders_clean' retrieved from /opt/airflow/dags/dag_silver_orders_clean.py
[2026-06-17T01:20:31.647+0000] {logging_mixin.py:190} INFO - [2026-06-17T01:20:31.647+0000] {dag.py:3239} INFO - Sync 1 DAGs
[2026-06-17T01:20:31.662+0000] {logging_mixin.py:190} INFO - [2026-06-17T01:20:31.662+0000] {dag.py:4180} INFO - Setting next_dagrun for dag_silver_orders_clean to None, run_after=None
[2026-06-17T01:20:31.715+0000] {processor.py:208} INFO - Processing /opt/airflow/dags/dag_silver_orders_clean.py took 0.134 seconds
[2026-06-17T01:21:02.300+0000] {processor.py:186} INFO - Started process (PID=1559) to work on /opt/airflow/dags/dag_silver_orders_clean.py
[2026-06-17T01:21:02.385+0000] {processor.py:914} INFO - Processing file /opt/airflow/dags/dag_silver_orders_clean.py for tasks to queue
[2026-06-17T01:21:02.389+0000] {logging_mixin.py:190} INFO - [2026-06-17T01:21:02.388+0000] {dagbag.py:588} INFO - Filling up the DagBag from /opt/airflow/dags/dag_silver_orders_clean.py
[2026-06-17T01:21:02.404+0000] {processor.py:925} INFO - DAG(s) 'dag_silver_orders_clean' retrieved from /opt/airflow/dags/dag_silver_orders_clean.py
[2026-06-17T01:21:02.448+0000] {logging_mixin.py:190} INFO - [2026-06-17T01:21:02.448+0000] {dag.py:3239} INFO - Sync 1 DAGs
[2026-06-17T01:21:02.462+0000] {logging_mixin.py:190} INFO - [2026-06-17T01:21:02.462+0000] {dag.py:4180} INFO - Setting next_dagrun for dag_silver_orders_clean to None, run_after=None
[2026-06-17T01:21:02.593+0000] {processor.py:208} INFO - Processing /opt/airflow/dags/dag_silver_orders_clean.py took 0.299 seconds
[2026-06-17T01:21:33.035+0000] {processor.py:186} INFO - Started process (PID=1677) to work on /opt/airflow/dags/dag_silver_orders_clean.py
[2026-06-17T01:21:33.036+0000] {processor.py:914} INFO - Processing file /opt/airflow/dags/dag_silver_orders_clean.py for tasks to queue
[2026-06-17T01:21:33.040+0000] {logging_mixin.py:190} INFO - [2026-06-17T01:21:33.039+0000] {dagbag.py:588} INFO - Filling up the DagBag from /opt/airflow/dags/dag_silver_orders_clean.py
[2026-06-17T01:21:33.049+0000] {processor.py:925} INFO - DAG(s) 'dag_silver_orders_clean' retrieved from /opt/airflow/dags/dag_silver_orders_clean.py
[2026-06-17T01:21:33.085+0000] {logging_mixin.py:190} INFO - [2026-06-17T01:21:33.085+0000] {dag.py:3239} INFO - Sync 1 DAGs
[2026-06-17T01:21:33.114+0000] {logging_mixin.py:190} INFO - [2026-06-17T01:21:33.113+0000] {dag.py:4180} INFO - Setting next_dagrun for dag_silver_orders_clean to None, run_after=None
[2026-06-17T01:21:33.136+0000] {processor.py:208} INFO - Processing /opt/airflow/dags/dag_silver_orders_clean.py took 0.107 seconds
