[2026-06-17T01:15:26.405+0000] {processor.py:186} INFO - Started process (PID=322) to work on /opt/airflow/dags/dag_ingest_instacart_local.py
[2026-06-17T01:15:26.406+0000] {processor.py:914} INFO - Processing file /opt/airflow/dags/dag_ingest_instacart_local.py for tasks to queue
[2026-06-17T01:15:26.408+0000] {logging_mixin.py:190} INFO - [2026-06-17T01:15:26.408+0000] {dagbag.py:588} INFO - Filling up the DagBag from /opt/airflow/dags/dag_ingest_instacart_local.py
[2026-06-17T01:15:26.420+0000] {processor.py:925} INFO - DAG(s) 'dag_ingest_instacart_local' retrieved from /opt/airflow/dags/dag_ingest_instacart_local.py
[2026-06-17T01:15:26.454+0000] {logging_mixin.py:190} INFO - [2026-06-17T01:15:26.453+0000] {dag.py:3239} INFO - Sync 1 DAGs
[2026-06-17T01:15:26.479+0000] {logging_mixin.py:190} INFO - [2026-06-17T01:15:26.479+0000] {dag.py:4180} INFO - Setting next_dagrun for dag_ingest_instacart_local to None, run_after=None
[2026-06-17T01:15:26.499+0000] {processor.py:208} INFO - Processing /opt/airflow/dags/dag_ingest_instacart_local.py took 0.100 seconds
[2026-06-17T01:15:57.489+0000] {processor.py:186} INFO - Started process (PID=442) to work on /opt/airflow/dags/dag_ingest_instacart_local.py
[2026-06-17T01:15:57.490+0000] {processor.py:914} INFO - Processing file /opt/airflow/dags/dag_ingest_instacart_local.py for tasks to queue
[2026-06-17T01:15:57.492+0000] {logging_mixin.py:190} INFO - [2026-06-17T01:15:57.492+0000] {dagbag.py:588} INFO - Filling up the DagBag from /opt/airflow/dags/dag_ingest_instacart_local.py
[2026-06-17T01:15:57.505+0000] {processor.py:925} INFO - DAG(s) 'dag_ingest_instacart_local' retrieved from /opt/airflow/dags/dag_ingest_instacart_local.py
[2026-06-17T01:15:57.540+0000] {logging_mixin.py:190} INFO - [2026-06-17T01:15:57.540+0000] {dag.py:3239} INFO - Sync 1 DAGs
[2026-06-17T01:15:57.556+0000] {logging_mixin.py:190} INFO - [2026-06-17T01:15:57.556+0000] {dag.py:4180} INFO - Setting next_dagrun for dag_ingest_instacart_local to None, run_after=None
[2026-06-17T01:15:57.591+0000] {processor.py:208} INFO - Processing /opt/airflow/dags/dag_ingest_instacart_local.py took 0.110 seconds
[2026-06-17T01:16:28.568+0000] {processor.py:186} INFO - Started process (PID=562) to work on /opt/airflow/dags/dag_ingest_instacart_local.py
[2026-06-17T01:16:28.569+0000] {processor.py:914} INFO - Processing file /opt/airflow/dags/dag_ingest_instacart_local.py for tasks to queue
[2026-06-17T01:16:28.570+0000] {logging_mixin.py:190} INFO - [2026-06-17T01:16:28.570+0000] {dagbag.py:588} INFO - Filling up the DagBag from /opt/airflow/dags/dag_ingest_instacart_local.py
[2026-06-17T01:16:28.579+0000] {processor.py:925} INFO - DAG(s) 'dag_ingest_instacart_local' retrieved from /opt/airflow/dags/dag_ingest_instacart_local.py
[2026-06-17T01:16:28.609+0000] {logging_mixin.py:190} INFO - [2026-06-17T01:16:28.609+0000] {dag.py:3239} INFO - Sync 1 DAGs
[2026-06-17T01:16:28.624+0000] {logging_mixin.py:190} INFO - [2026-06-17T01:16:28.624+0000] {dag.py:4180} INFO - Setting next_dagrun for dag_ingest_instacart_local to None, run_after=None
[2026-06-17T01:16:28.643+0000] {processor.py:208} INFO - Processing /opt/airflow/dags/dag_ingest_instacart_local.py took 0.081 seconds
[2026-06-17T01:16:59.433+0000] {processor.py:186} INFO - Started process (PID=684) to work on /opt/airflow/dags/dag_ingest_instacart_local.py
[2026-06-17T01:16:59.434+0000] {processor.py:914} INFO - Processing file /opt/airflow/dags/dag_ingest_instacart_local.py for tasks to queue
[2026-06-17T01:16:59.436+0000] {logging_mixin.py:190} INFO - [2026-06-17T01:16:59.436+0000] {dagbag.py:588} INFO - Filling up the DagBag from /opt/airflow/dags/dag_ingest_instacart_local.py
[2026-06-17T01:16:59.445+0000] {processor.py:925} INFO - DAG(s) 'dag_ingest_instacart_local' retrieved from /opt/airflow/dags/dag_ingest_instacart_local.py
[2026-06-17T01:16:59.477+0000] {logging_mixin.py:190} INFO - [2026-06-17T01:16:59.477+0000] {dag.py:3239} INFO - Sync 1 DAGs
[2026-06-17T01:16:59.493+0000] {logging_mixin.py:190} INFO - [2026-06-17T01:16:59.492+0000] {dag.py:4180} INFO - Setting next_dagrun for dag_ingest_instacart_local to None, run_after=None
[2026-06-17T01:16:59.530+0000] {processor.py:208} INFO - Processing /opt/airflow/dags/dag_ingest_instacart_local.py took 0.103 seconds
[2026-06-17T01:17:30.371+0000] {processor.py:186} INFO - Started process (PID=802) to work on /opt/airflow/dags/dag_ingest_instacart_local.py
[2026-06-17T01:17:30.372+0000] {processor.py:914} INFO - Processing file /opt/airflow/dags/dag_ingest_instacart_local.py for tasks to queue
[2026-06-17T01:17:30.377+0000] {logging_mixin.py:190} INFO - [2026-06-17T01:17:30.376+0000] {dagbag.py:588} INFO - Filling up the DagBag from /opt/airflow/dags/dag_ingest_instacart_local.py
[2026-06-17T01:17:30.390+0000] {processor.py:925} INFO - DAG(s) 'dag_ingest_instacart_local' retrieved from /opt/airflow/dags/dag_ingest_instacart_local.py
[2026-06-17T01:17:30.431+0000] {logging_mixin.py:190} INFO - [2026-06-17T01:17:30.431+0000] {dag.py:3239} INFO - Sync 1 DAGs
[2026-06-17T01:17:30.448+0000] {logging_mixin.py:190} INFO - [2026-06-17T01:17:30.447+0000] {dag.py:4180} INFO - Setting next_dagrun for dag_ingest_instacart_local to None, run_after=None
[2026-06-17T01:17:30.486+0000] {processor.py:208} INFO - Processing /opt/airflow/dags/dag_ingest_instacart_local.py took 0.120 seconds
[2026-06-17T01:18:00.540+0000] {processor.py:186} INFO - Started process (PID=922) to work on /opt/airflow/dags/dag_ingest_instacart_local.py
[2026-06-17T01:18:00.541+0000] {processor.py:914} INFO - Processing file /opt/airflow/dags/dag_ingest_instacart_local.py for tasks to queue
[2026-06-17T01:18:00.543+0000] {logging_mixin.py:190} INFO - [2026-06-17T01:18:00.543+0000] {dagbag.py:588} INFO - Filling up the DagBag from /opt/airflow/dags/dag_ingest_instacart_local.py
[2026-06-17T01:18:00.552+0000] {processor.py:925} INFO - DAG(s) 'dag_ingest_instacart_local' retrieved from /opt/airflow/dags/dag_ingest_instacart_local.py
[2026-06-17T01:18:00.582+0000] {logging_mixin.py:190} INFO - [2026-06-17T01:18:00.582+0000] {dag.py:3239} INFO - Sync 1 DAGs
[2026-06-17T01:18:00.597+0000] {logging_mixin.py:190} INFO - [2026-06-17T01:18:00.597+0000] {dag.py:4180} INFO - Setting next_dagrun for dag_ingest_instacart_local to None, run_after=None
[2026-06-17T01:18:00.616+0000] {processor.py:208} INFO - Processing /opt/airflow/dags/dag_ingest_instacart_local.py took 0.082 seconds
[2026-06-17T01:18:31.598+0000] {processor.py:186} INFO - Started process (PID=1042) to work on /opt/airflow/dags/dag_ingest_instacart_local.py
[2026-06-17T01:18:31.598+0000] {processor.py:914} INFO - Processing file /opt/airflow/dags/dag_ingest_instacart_local.py for tasks to queue
[2026-06-17T01:18:31.600+0000] {logging_mixin.py:190} INFO - [2026-06-17T01:18:31.600+0000] {dagbag.py:588} INFO - Filling up the DagBag from /opt/airflow/dags/dag_ingest_instacart_local.py
[2026-06-17T01:18:31.612+0000] {processor.py:925} INFO - DAG(s) 'dag_ingest_instacart_local' retrieved from /opt/airflow/dags/dag_ingest_instacart_local.py
[2026-06-17T01:18:31.649+0000] {logging_mixin.py:190} INFO - [2026-06-17T01:18:31.649+0000] {dag.py:3239} INFO - Sync 1 DAGs
[2026-06-17T01:18:31.667+0000] {logging_mixin.py:190} INFO - [2026-06-17T01:18:31.667+0000] {dag.py:4180} INFO - Setting next_dagrun for dag_ingest_instacart_local to None, run_after=None
[2026-06-17T01:18:31.692+0000] {processor.py:208} INFO - Processing /opt/airflow/dags/dag_ingest_instacart_local.py took 0.102 seconds
[2026-06-17T01:19:01.828+0000] {processor.py:186} INFO - Started process (PID=1164) to work on /opt/airflow/dags/dag_ingest_instacart_local.py
[2026-06-17T01:19:01.829+0000] {processor.py:914} INFO - Processing file /opt/airflow/dags/dag_ingest_instacart_local.py for tasks to queue
[2026-06-17T01:19:01.831+0000] {logging_mixin.py:190} INFO - [2026-06-17T01:19:01.831+0000] {dagbag.py:588} INFO - Filling up the DagBag from /opt/airflow/dags/dag_ingest_instacart_local.py
[2026-06-17T01:19:01.841+0000] {processor.py:925} INFO - DAG(s) 'dag_ingest_instacart_local' retrieved from /opt/airflow/dags/dag_ingest_instacart_local.py
[2026-06-17T01:19:01.873+0000] {logging_mixin.py:190} INFO - [2026-06-17T01:19:01.873+0000] {dag.py:3239} INFO - Sync 1 DAGs
[2026-06-17T01:19:01.888+0000] {logging_mixin.py:190} INFO - [2026-06-17T01:19:01.888+0000] {dag.py:4180} INFO - Setting next_dagrun for dag_ingest_instacart_local to None, run_after=None
[2026-06-17T01:19:01.936+0000] {processor.py:208} INFO - Processing /opt/airflow/dags/dag_ingest_instacart_local.py took 0.114 seconds
[2026-06-17T01:19:32.047+0000] {processor.py:186} INFO - Started process (PID=1284) to work on /opt/airflow/dags/dag_ingest_instacart_local.py
[2026-06-17T01:19:32.048+0000] {processor.py:914} INFO - Processing file /opt/airflow/dags/dag_ingest_instacart_local.py for tasks to queue
[2026-06-17T01:19:32.049+0000] {logging_mixin.py:190} INFO - [2026-06-17T01:19:32.049+0000] {dagbag.py:588} INFO - Filling up the DagBag from /opt/airflow/dags/dag_ingest_instacart_local.py
[2026-06-17T01:19:32.059+0000] {processor.py:925} INFO - DAG(s) 'dag_ingest_instacart_local' retrieved from /opt/airflow/dags/dag_ingest_instacart_local.py
[2026-06-17T01:19:32.088+0000] {logging_mixin.py:190} INFO - [2026-06-17T01:19:32.088+0000] {dag.py:3239} INFO - Sync 1 DAGs
[2026-06-17T01:19:32.103+0000] {logging_mixin.py:190} INFO - [2026-06-17T01:19:32.103+0000] {dag.py:4180} INFO - Setting next_dagrun for dag_ingest_instacart_local to None, run_after=None
[2026-06-17T01:19:32.122+0000] {processor.py:208} INFO - Processing /opt/airflow/dags/dag_ingest_instacart_local.py took 0.081 seconds
[2026-06-17T01:20:02.615+0000] {processor.py:186} INFO - Started process (PID=1402) to work on /opt/airflow/dags/dag_ingest_instacart_local.py
[2026-06-17T01:20:02.615+0000] {processor.py:914} INFO - Processing file /opt/airflow/dags/dag_ingest_instacart_local.py for tasks to queue
[2026-06-17T01:20:02.618+0000] {logging_mixin.py:190} INFO - [2026-06-17T01:20:02.618+0000] {dagbag.py:588} INFO - Filling up the DagBag from /opt/airflow/dags/dag_ingest_instacart_local.py
[2026-06-17T01:20:02.628+0000] {processor.py:925} INFO - DAG(s) 'dag_ingest_instacart_local' retrieved from /opt/airflow/dags/dag_ingest_instacart_local.py
[2026-06-17T01:20:02.681+0000] {logging_mixin.py:190} INFO - [2026-06-17T01:20:02.681+0000] {dag.py:3239} INFO - Sync 1 DAGs
[2026-06-17T01:20:02.699+0000] {logging_mixin.py:190} INFO - [2026-06-17T01:20:02.699+0000] {dag.py:4180} INFO - Setting next_dagrun for dag_ingest_instacart_local to None, run_after=None
[2026-06-17T01:20:02.744+0000] {processor.py:208} INFO - Processing /opt/airflow/dags/dag_ingest_instacart_local.py took 0.135 seconds
[2026-06-17T01:20:32.961+0000] {processor.py:186} INFO - Started process (PID=1522) to work on /opt/airflow/dags/dag_ingest_instacart_local.py
[2026-06-17T01:20:32.973+0000] {processor.py:914} INFO - Processing file /opt/airflow/dags/dag_ingest_instacart_local.py for tasks to queue
[2026-06-17T01:20:32.976+0000] {logging_mixin.py:190} INFO - [2026-06-17T01:20:32.976+0000] {dagbag.py:588} INFO - Filling up the DagBag from /opt/airflow/dags/dag_ingest_instacart_local.py
[2026-06-17T01:20:32.985+0000] {processor.py:925} INFO - DAG(s) 'dag_ingest_instacart_local' retrieved from /opt/airflow/dags/dag_ingest_instacart_local.py
[2026-06-17T01:20:33.015+0000] {logging_mixin.py:190} INFO - [2026-06-17T01:20:33.015+0000] {dag.py:3239} INFO - Sync 1 DAGs
[2026-06-17T01:20:33.030+0000] {logging_mixin.py:190} INFO - [2026-06-17T01:20:33.030+0000] {dag.py:4180} INFO - Setting next_dagrun for dag_ingest_instacart_local to None, run_after=None
[2026-06-17T01:20:33.063+0000] {processor.py:208} INFO - Processing /opt/airflow/dags/dag_ingest_instacart_local.py took 0.108 seconds
[2026-06-17T01:21:04.301+0000] {processor.py:186} INFO - Started process (PID=1642) to work on /opt/airflow/dags/dag_ingest_instacart_local.py
[2026-06-17T01:21:04.302+0000] {processor.py:914} INFO - Processing file /opt/airflow/dags/dag_ingest_instacart_local.py for tasks to queue
[2026-06-17T01:21:04.304+0000] {logging_mixin.py:190} INFO - [2026-06-17T01:21:04.304+0000] {dagbag.py:588} INFO - Filling up the DagBag from /opt/airflow/dags/dag_ingest_instacart_local.py
[2026-06-17T01:21:04.313+0000] {processor.py:925} INFO - DAG(s) 'dag_ingest_instacart_local' retrieved from /opt/airflow/dags/dag_ingest_instacart_local.py
[2026-06-17T01:21:04.344+0000] {logging_mixin.py:190} INFO - [2026-06-17T01:21:04.344+0000] {dag.py:3239} INFO - Sync 1 DAGs
[2026-06-17T01:21:04.359+0000] {logging_mixin.py:190} INFO - [2026-06-17T01:21:04.359+0000] {dag.py:4180} INFO - Setting next_dagrun for dag_ingest_instacart_local to None, run_after=None
[2026-06-17T01:21:04.378+0000] {processor.py:208} INFO - Processing /opt/airflow/dags/dag_ingest_instacart_local.py took 0.083 seconds
[2026-06-17T01:21:35.225+0000] {processor.py:186} INFO - Started process (PID=1762) to work on /opt/airflow/dags/dag_ingest_instacart_local.py
[2026-06-17T01:21:35.226+0000] {processor.py:914} INFO - Processing file /opt/airflow/dags/dag_ingest_instacart_local.py for tasks to queue
[2026-06-17T01:21:35.228+0000] {logging_mixin.py:190} INFO - [2026-06-17T01:21:35.228+0000] {dagbag.py:588} INFO - Filling up the DagBag from /opt/airflow/dags/dag_ingest_instacart_local.py
[2026-06-17T01:21:35.239+0000] {processor.py:925} INFO - DAG(s) 'dag_ingest_instacart_local' retrieved from /opt/airflow/dags/dag_ingest_instacart_local.py
[2026-06-17T01:21:35.273+0000] {logging_mixin.py:190} INFO - [2026-06-17T01:21:35.272+0000] {dag.py:3239} INFO - Sync 1 DAGs
[2026-06-17T01:21:35.288+0000] {logging_mixin.py:190} INFO - [2026-06-17T01:21:35.288+0000] {dag.py:4180} INFO - Setting next_dagrun for dag_ingest_instacart_local to None, run_after=None
[2026-06-17T01:21:35.308+0000] {processor.py:208} INFO - Processing /opt/airflow/dags/dag_ingest_instacart_local.py took 0.090 seconds
