[2026-06-17T01:15:25.359+0000] {processor.py:186} INFO - Started process (PID=259) to work on /opt/airflow/dags/dag_bronze_order_products_train.py
[2026-06-17T01:15:25.361+0000] {processor.py:914} INFO - Processing file /opt/airflow/dags/dag_bronze_order_products_train.py for tasks to queue
[2026-06-17T01:15:25.364+0000] {logging_mixin.py:190} INFO - [2026-06-17T01:15:25.364+0000] {dagbag.py:588} INFO - Filling up the DagBag from /opt/airflow/dags/dag_bronze_order_products_train.py
[2026-06-17T01:15:25.379+0000] {processor.py:925} INFO - DAG(s) 'dag_bronze_order_products_train' retrieved from /opt/airflow/dags/dag_bronze_order_products_train.py
[2026-06-17T01:15:25.439+0000] {logging_mixin.py:190} INFO - [2026-06-17T01:15:25.439+0000] {dag.py:3239} INFO - Sync 1 DAGs
[2026-06-17T01:15:25.458+0000] {logging_mixin.py:190} INFO - [2026-06-17T01:15:25.458+0000] {dag.py:4180} INFO - Setting next_dagrun for dag_bronze_order_products_train to None, run_after=None
[2026-06-17T01:15:25.503+0000] {processor.py:208} INFO - Processing /opt/airflow/dags/dag_bronze_order_products_train.py took 0.153 seconds
[2026-06-17T01:15:56.321+0000] {processor.py:186} INFO - Started process (PID=377) to work on /opt/airflow/dags/dag_bronze_order_products_train.py
[2026-06-17T01:15:56.323+0000] {processor.py:914} INFO - Processing file /opt/airflow/dags/dag_bronze_order_products_train.py for tasks to queue
[2026-06-17T01:15:56.327+0000] {logging_mixin.py:190} INFO - [2026-06-17T01:15:56.326+0000] {dagbag.py:588} INFO - Filling up the DagBag from /opt/airflow/dags/dag_bronze_order_products_train.py
[2026-06-17T01:15:56.334+0000] {processor.py:925} INFO - DAG(s) 'dag_bronze_order_products_train' retrieved from /opt/airflow/dags/dag_bronze_order_products_train.py
[2026-06-17T01:15:56.375+0000] {logging_mixin.py:190} INFO - [2026-06-17T01:15:56.375+0000] {dag.py:3239} INFO - Sync 1 DAGs
[2026-06-17T01:15:56.396+0000] {logging_mixin.py:190} INFO - [2026-06-17T01:15:56.395+0000] {dag.py:4180} INFO - Setting next_dagrun for dag_bronze_order_products_train to None, run_after=None
[2026-06-17T01:15:56.422+0000] {processor.py:208} INFO - Processing /opt/airflow/dags/dag_bronze_order_products_train.py took 0.107 seconds
[2026-06-17T01:16:26.601+0000] {processor.py:186} INFO - Started process (PID=499) to work on /opt/airflow/dags/dag_bronze_order_products_train.py
[2026-06-17T01:16:26.602+0000] {processor.py:914} INFO - Processing file /opt/airflow/dags/dag_bronze_order_products_train.py for tasks to queue
[2026-06-17T01:16:26.603+0000] {logging_mixin.py:190} INFO - [2026-06-17T01:16:26.603+0000] {dagbag.py:588} INFO - Filling up the DagBag from /opt/airflow/dags/dag_bronze_order_products_train.py
[2026-06-17T01:16:26.612+0000] {processor.py:925} INFO - DAG(s) 'dag_bronze_order_products_train' retrieved from /opt/airflow/dags/dag_bronze_order_products_train.py
[2026-06-17T01:16:26.641+0000] {logging_mixin.py:190} INFO - [2026-06-17T01:16:26.640+0000] {dag.py:3239} INFO - Sync 1 DAGs
[2026-06-17T01:16:26.654+0000] {logging_mixin.py:190} INFO - [2026-06-17T01:16:26.654+0000] {dag.py:4180} INFO - Setting next_dagrun for dag_bronze_order_products_train to None, run_after=None
[2026-06-17T01:16:26.687+0000] {processor.py:208} INFO - Processing /opt/airflow/dags/dag_bronze_order_products_train.py took 0.091 seconds
[2026-06-17T01:16:57.574+0000] {processor.py:186} INFO - Started process (PID=617) to work on /opt/airflow/dags/dag_bronze_order_products_train.py
[2026-06-17T01:16:57.575+0000] {processor.py:914} INFO - Processing file /opt/airflow/dags/dag_bronze_order_products_train.py for tasks to queue
[2026-06-17T01:16:57.577+0000] {logging_mixin.py:190} INFO - [2026-06-17T01:16:57.577+0000] {dagbag.py:588} INFO - Filling up the DagBag from /opt/airflow/dags/dag_bronze_order_products_train.py
[2026-06-17T01:16:57.585+0000] {processor.py:925} INFO - DAG(s) 'dag_bronze_order_products_train' retrieved from /opt/airflow/dags/dag_bronze_order_products_train.py
[2026-06-17T01:16:57.616+0000] {logging_mixin.py:190} INFO - [2026-06-17T01:16:57.615+0000] {dag.py:3239} INFO - Sync 1 DAGs
[2026-06-17T01:16:57.631+0000] {logging_mixin.py:190} INFO - [2026-06-17T01:16:57.631+0000] {dag.py:4180} INFO - Setting next_dagrun for dag_bronze_order_products_train to None, run_after=None
[2026-06-17T01:16:57.671+0000] {processor.py:208} INFO - Processing /opt/airflow/dags/dag_bronze_order_products_train.py took 0.103 seconds
[2026-06-17T01:17:28.493+0000] {processor.py:186} INFO - Started process (PID=737) to work on /opt/airflow/dags/dag_bronze_order_products_train.py
[2026-06-17T01:17:28.503+0000] {processor.py:914} INFO - Processing file /opt/airflow/dags/dag_bronze_order_products_train.py for tasks to queue
[2026-06-17T01:17:28.505+0000] {logging_mixin.py:190} INFO - [2026-06-17T01:17:28.505+0000] {dagbag.py:588} INFO - Filling up the DagBag from /opt/airflow/dags/dag_bronze_order_products_train.py
[2026-06-17T01:17:28.513+0000] {processor.py:925} INFO - DAG(s) 'dag_bronze_order_products_train' retrieved from /opt/airflow/dags/dag_bronze_order_products_train.py
[2026-06-17T01:17:28.546+0000] {logging_mixin.py:190} INFO - [2026-06-17T01:17:28.545+0000] {dag.py:3239} INFO - Sync 1 DAGs
[2026-06-17T01:17:28.560+0000] {logging_mixin.py:190} INFO - [2026-06-17T01:17:28.560+0000] {dag.py:4180} INFO - Setting next_dagrun for dag_bronze_order_products_train to None, run_after=None
[2026-06-17T01:17:28.580+0000] {processor.py:208} INFO - Processing /opt/airflow/dags/dag_bronze_order_products_train.py took 0.093 seconds
[2026-06-17T01:17:59.678+0000] {processor.py:186} INFO - Started process (PID=857) to work on /opt/airflow/dags/dag_bronze_order_products_train.py
[2026-06-17T01:17:59.680+0000] {processor.py:914} INFO - Processing file /opt/airflow/dags/dag_bronze_order_products_train.py for tasks to queue
[2026-06-17T01:17:59.687+0000] {logging_mixin.py:190} INFO - [2026-06-17T01:17:59.686+0000] {dagbag.py:588} INFO - Filling up the DagBag from /opt/airflow/dags/dag_bronze_order_products_train.py
[2026-06-17T01:17:59.712+0000] {processor.py:925} INFO - DAG(s) 'dag_bronze_order_products_train' retrieved from /opt/airflow/dags/dag_bronze_order_products_train.py
[2026-06-17T01:17:59.761+0000] {logging_mixin.py:190} INFO - [2026-06-17T01:17:59.761+0000] {dag.py:3239} INFO - Sync 1 DAGs
[2026-06-17T01:17:59.779+0000] {logging_mixin.py:190} INFO - [2026-06-17T01:17:59.779+0000] {dag.py:4180} INFO - Setting next_dagrun for dag_bronze_order_products_train to None, run_after=None
[2026-06-17T01:17:59.822+0000] {processor.py:208} INFO - Processing /opt/airflow/dags/dag_bronze_order_products_train.py took 0.165 seconds
[2026-06-17T01:18:30.563+0000] {processor.py:186} INFO - Started process (PID=977) to work on /opt/airflow/dags/dag_bronze_order_products_train.py
[2026-06-17T01:18:30.578+0000] {processor.py:914} INFO - Processing file /opt/airflow/dags/dag_bronze_order_products_train.py for tasks to queue
[2026-06-17T01:18:30.580+0000] {logging_mixin.py:190} INFO - [2026-06-17T01:18:30.579+0000] {dagbag.py:588} INFO - Filling up the DagBag from /opt/airflow/dags/dag_bronze_order_products_train.py
[2026-06-17T01:18:30.587+0000] {processor.py:925} INFO - DAG(s) 'dag_bronze_order_products_train' retrieved from /opt/airflow/dags/dag_bronze_order_products_train.py
[2026-06-17T01:18:30.619+0000] {logging_mixin.py:190} INFO - [2026-06-17T01:18:30.619+0000] {dag.py:3239} INFO - Sync 1 DAGs
[2026-06-17T01:18:30.635+0000] {logging_mixin.py:190} INFO - [2026-06-17T01:18:30.634+0000] {dag.py:4180} INFO - Setting next_dagrun for dag_bronze_order_products_train to None, run_after=None
[2026-06-17T01:18:30.657+0000] {processor.py:208} INFO - Processing /opt/airflow/dags/dag_bronze_order_products_train.py took 0.100 seconds
[2026-06-17T01:19:00.768+0000] {processor.py:186} INFO - Started process (PID=1097) to work on /opt/airflow/dags/dag_bronze_order_products_train.py
[2026-06-17T01:19:00.769+0000] {processor.py:914} INFO - Processing file /opt/airflow/dags/dag_bronze_order_products_train.py for tasks to queue
[2026-06-17T01:19:00.772+0000] {logging_mixin.py:190} INFO - [2026-06-17T01:19:00.771+0000] {dagbag.py:588} INFO - Filling up the DagBag from /opt/airflow/dags/dag_bronze_order_products_train.py
[2026-06-17T01:19:00.779+0000] {processor.py:925} INFO - DAG(s) 'dag_bronze_order_products_train' retrieved from /opt/airflow/dags/dag_bronze_order_products_train.py
[2026-06-17T01:19:00.810+0000] {logging_mixin.py:190} INFO - [2026-06-17T01:19:00.810+0000] {dag.py:3239} INFO - Sync 1 DAGs
[2026-06-17T01:19:00.825+0000] {logging_mixin.py:190} INFO - [2026-06-17T01:19:00.824+0000] {dag.py:4180} INFO - Setting next_dagrun for dag_bronze_order_products_train to None, run_after=None
[2026-06-17T01:19:00.843+0000] {processor.py:208} INFO - Processing /opt/airflow/dags/dag_bronze_order_products_train.py took 0.080 seconds
[2026-06-17T01:19:31.062+0000] {processor.py:186} INFO - Started process (PID=1219) to work on /opt/airflow/dags/dag_bronze_order_products_train.py
[2026-06-17T01:19:31.063+0000] {processor.py:914} INFO - Processing file /opt/airflow/dags/dag_bronze_order_products_train.py for tasks to queue
[2026-06-17T01:19:31.064+0000] {logging_mixin.py:190} INFO - [2026-06-17T01:19:31.064+0000] {dagbag.py:588} INFO - Filling up the DagBag from /opt/airflow/dags/dag_bronze_order_products_train.py
[2026-06-17T01:19:31.072+0000] {processor.py:925} INFO - DAG(s) 'dag_bronze_order_products_train' retrieved from /opt/airflow/dags/dag_bronze_order_products_train.py
[2026-06-17T01:19:31.101+0000] {logging_mixin.py:190} INFO - [2026-06-17T01:19:31.100+0000] {dag.py:3239} INFO - Sync 1 DAGs
[2026-06-17T01:19:31.114+0000] {logging_mixin.py:190} INFO - [2026-06-17T01:19:31.114+0000] {dag.py:4180} INFO - Setting next_dagrun for dag_bronze_order_products_train to None, run_after=None
[2026-06-17T01:19:31.155+0000] {processor.py:208} INFO - Processing /opt/airflow/dags/dag_bronze_order_products_train.py took 0.099 seconds
[2026-06-17T01:20:01.217+0000] {processor.py:186} INFO - Started process (PID=1337) to work on /opt/airflow/dags/dag_bronze_order_products_train.py
[2026-06-17T01:20:01.218+0000] {processor.py:914} INFO - Processing file /opt/airflow/dags/dag_bronze_order_products_train.py for tasks to queue
[2026-06-17T01:20:01.220+0000] {logging_mixin.py:190} INFO - [2026-06-17T01:20:01.220+0000] {dagbag.py:588} INFO - Filling up the DagBag from /opt/airflow/dags/dag_bronze_order_products_train.py
[2026-06-17T01:20:01.230+0000] {processor.py:925} INFO - DAG(s) 'dag_bronze_order_products_train' retrieved from /opt/airflow/dags/dag_bronze_order_products_train.py
[2026-06-17T01:20:01.269+0000] {logging_mixin.py:190} INFO - [2026-06-17T01:20:01.269+0000] {dag.py:3239} INFO - Sync 1 DAGs
[2026-06-17T01:20:01.289+0000] {logging_mixin.py:190} INFO - [2026-06-17T01:20:01.288+0000] {dag.py:4180} INFO - Setting next_dagrun for dag_bronze_order_products_train to None, run_after=None
[2026-06-17T01:20:01.322+0000] {processor.py:208} INFO - Processing /opt/airflow/dags/dag_bronze_order_products_train.py took 0.112 seconds
[2026-06-17T01:20:31.943+0000] {processor.py:186} INFO - Started process (PID=1457) to work on /opt/airflow/dags/dag_bronze_order_products_train.py
[2026-06-17T01:20:31.944+0000] {processor.py:914} INFO - Processing file /opt/airflow/dags/dag_bronze_order_products_train.py for tasks to queue
[2026-06-17T01:20:31.946+0000] {logging_mixin.py:190} INFO - [2026-06-17T01:20:31.945+0000] {dagbag.py:588} INFO - Filling up the DagBag from /opt/airflow/dags/dag_bronze_order_products_train.py
[2026-06-17T01:20:31.960+0000] {processor.py:925} INFO - DAG(s) 'dag_bronze_order_products_train' retrieved from /opt/airflow/dags/dag_bronze_order_products_train.py
[2026-06-17T01:20:32.001+0000] {logging_mixin.py:190} INFO - [2026-06-17T01:20:32.001+0000] {dag.py:3239} INFO - Sync 1 DAGs
[2026-06-17T01:20:32.021+0000] {logging_mixin.py:190} INFO - [2026-06-17T01:20:32.021+0000] {dag.py:4180} INFO - Setting next_dagrun for dag_bronze_order_products_train to None, run_after=None
[2026-06-17T01:20:32.092+0000] {processor.py:208} INFO - Processing /opt/airflow/dags/dag_bronze_order_products_train.py took 0.157 seconds
[2026-06-17T01:21:03.529+0000] {processor.py:186} INFO - Started process (PID=1579) to work on /opt/airflow/dags/dag_bronze_order_products_train.py
[2026-06-17T01:21:03.530+0000] {processor.py:914} INFO - Processing file /opt/airflow/dags/dag_bronze_order_products_train.py for tasks to queue
[2026-06-17T01:21:03.532+0000] {logging_mixin.py:190} INFO - [2026-06-17T01:21:03.531+0000] {dagbag.py:588} INFO - Filling up the DagBag from /opt/airflow/dags/dag_bronze_order_products_train.py
[2026-06-17T01:21:03.539+0000] {processor.py:925} INFO - DAG(s) 'dag_bronze_order_products_train' retrieved from /opt/airflow/dags/dag_bronze_order_products_train.py
[2026-06-17T01:21:03.571+0000] {logging_mixin.py:190} INFO - [2026-06-17T01:21:03.571+0000] {dag.py:3239} INFO - Sync 1 DAGs
[2026-06-17T01:21:03.587+0000] {logging_mixin.py:190} INFO - [2026-06-17T01:21:03.586+0000] {dag.py:4180} INFO - Setting next_dagrun for dag_bronze_order_products_train to None, run_after=None
[2026-06-17T01:21:03.606+0000] {processor.py:208} INFO - Processing /opt/airflow/dags/dag_bronze_order_products_train.py took 0.083 seconds
[2026-06-17T01:21:34.377+0000] {processor.py:186} INFO - Started process (PID=1697) to work on /opt/airflow/dags/dag_bronze_order_products_train.py
[2026-06-17T01:21:34.379+0000] {processor.py:914} INFO - Processing file /opt/airflow/dags/dag_bronze_order_products_train.py for tasks to queue
[2026-06-17T01:21:34.383+0000] {logging_mixin.py:190} INFO - [2026-06-17T01:21:34.382+0000] {dagbag.py:588} INFO - Filling up the DagBag from /opt/airflow/dags/dag_bronze_order_products_train.py
[2026-06-17T01:21:34.398+0000] {processor.py:925} INFO - DAG(s) 'dag_bronze_order_products_train' retrieved from /opt/airflow/dags/dag_bronze_order_products_train.py
[2026-06-17T01:21:34.438+0000] {logging_mixin.py:190} INFO - [2026-06-17T01:21:34.437+0000] {dag.py:3239} INFO - Sync 1 DAGs
[2026-06-17T01:21:34.454+0000] {logging_mixin.py:190} INFO - [2026-06-17T01:21:34.454+0000] {dag.py:4180} INFO - Setting next_dagrun for dag_bronze_order_products_train to None, run_after=None
[2026-06-17T01:21:34.480+0000] {processor.py:208} INFO - Processing /opt/airflow/dags/dag_bronze_order_products_train.py took 0.125 seconds
