[2026-05-04T18:46:14.210+0000] {local_task_job_runner.py:123} INFO - ::group::Pre task execution logs
[2026-05-04T18:46:14.238+0000] {taskinstance.py:2614} INFO - Dependencies all met for dep_context=non-requeueable deps ti=<TaskInstance: dag_bronze_aisles.show_bronze_aisles_context manual__2026-05-04T18:46:12.127971+00:00 [queued]>
[2026-05-04T18:46:14.251+0000] {taskinstance.py:2614} INFO - Dependencies all met for dep_context=requeueable deps ti=<TaskInstance: dag_bronze_aisles.show_bronze_aisles_context manual__2026-05-04T18:46:12.127971+00:00 [queued]>
[2026-05-04T18:46:14.252+0000] {taskinstance.py:2867} INFO - Starting attempt 1 of 1
[2026-05-04T18:46:14.299+0000] {taskinstance.py:2890} INFO - Executing <Task(PythonOperator): show_bronze_aisles_context> on 2026-05-04 18:46:12.127971+00:00
[2026-05-04T18:46:14.316+0000] {logging_mixin.py:190} WARNING - /home/***/.local/lib/python3.12/site-packages/***/task/task_runner/standard_task_runner.py:70 DeprecationWarning: This process (pid=298) is multi-threaded, use of fork() may lead to deadlocks in the child.
[2026-05-04T18:46:14.317+0000] {standard_task_runner.py:72} INFO - Started process 299 to run task
[2026-05-04T18:46:14.313+0000] {standard_task_runner.py:104} INFO - Running: ['***', 'tasks', 'run', 'dag_bronze_aisles', 'show_bronze_aisles_context', 'manual__2026-05-04T18:46:12.127971+00:00', '--job-id', '81', '--raw', '--subdir', 'DAGS_FOLDER/dag_bronze_aisles.py', '--cfg-path', '/tmp/tmpa4swl213']
[2026-05-04T18:46:14.321+0000] {standard_task_runner.py:105} INFO - Job 81: Subtask show_bronze_aisles_context
[2026-05-04T18:46:14.438+0000] {task_command.py:467} INFO - Running <TaskInstance: dag_bronze_aisles.show_bronze_aisles_context manual__2026-05-04T18:46:12.127971+00:00 [running]> on host 94d99d2c01a4
[2026-05-04T18:46:14.548+0000] {taskinstance.py:3134} INFO - Exporting env vars: AIRFLOW_CTX_DAG_OWNER='***' AIRFLOW_CTX_DAG_ID='dag_bronze_aisles' AIRFLOW_CTX_TASK_ID='show_bronze_aisles_context' AIRFLOW_CTX_EXECUTION_DATE='2026-05-04T18:46:12.127971+00:00' AIRFLOW_CTX_TRY_NUMBER='1' AIRFLOW_CTX_DAG_RUN_ID='manual__2026-05-04T18:46:12.127971+00:00'
[2026-05-04T18:46:14.549+0000] {taskinstance.py:732} INFO - ::endgroup::
[2026-05-04T18:46:14.564+0000] {logging_mixin.py:190} INFO - ==================================================
[2026-05-04T18:46:14.564+0000] {logging_mixin.py:190} INFO - Retail Lakehouse - Contexto Bronze aisles
[2026-05-04T18:46:14.564+0000] {logging_mixin.py:190} INFO - LOCAL_RAW_DIR=./data/raw
[2026-05-04T18:46:14.565+0000] {logging_mixin.py:190} INFO - LOCAL_BRONZE_DIR=./data/bronze
[2026-05-04T18:46:14.565+0000] {logging_mixin.py:190} INFO - Objetivo: transformar raw de aisles em Bronze Parquet
[2026-05-04T18:46:14.565+0000] {logging_mixin.py:190} INFO - Execução real do job: container Spark
[2026-05-04T18:46:14.565+0000] {logging_mixin.py:190} INFO - ==================================================
[2026-05-04T18:46:14.565+0000] {python.py:240} INFO - Done. Returned value was: None
[2026-05-04T18:46:14.579+0000] {taskinstance.py:341} INFO - ::group::Post task execution logs
[2026-05-04T18:46:14.579+0000] {taskinstance.py:353} INFO - Marking task as SUCCESS. dag_id=dag_bronze_aisles, task_id=show_bronze_aisles_context, run_id=manual__2026-05-04T18:46:12.127971+00:00, execution_date=20260504T184612, start_date=20260504T184614, end_date=20260504T184614
[2026-05-04T18:46:14.651+0000] {local_task_job_runner.py:266} INFO - Task exited with return code 0
[2026-05-04T18:46:14.684+0000] {taskinstance.py:3901} INFO - 1 downstream tasks scheduled from follow-on schedule check
[2026-05-04T18:46:14.712+0000] {local_task_job_runner.py:245} INFO - ::endgroup::
