[2026-04-15T15:58:48.695+0000] {local_task_job_runner.py:123} INFO - ::group::Pre task execution logs
[2026-04-15T15:58:48.721+0000] {taskinstance.py:2614} INFO - Dependencies all met for dep_context=non-requeueable deps ti=<TaskInstance: dag_prepare_instacart_source.show_prepare_source_context manual__2026-04-15T15:58:46.471204+00:00 [queued]>
[2026-04-15T15:58:48.732+0000] {taskinstance.py:2614} INFO - Dependencies all met for dep_context=requeueable deps ti=<TaskInstance: dag_prepare_instacart_source.show_prepare_source_context manual__2026-04-15T15:58:46.471204+00:00 [queued]>
[2026-04-15T15:58:48.732+0000] {taskinstance.py:2867} INFO - Starting attempt 1 of 1
[2026-04-15T15:58:48.756+0000] {taskinstance.py:2890} INFO - Executing <Task(PythonOperator): show_prepare_source_context> on 2026-04-15 15:58:46.471204+00:00
[2026-04-15T15:58:48.766+0000] {standard_task_runner.py:104} INFO - Running: ['***', 'tasks', 'run', 'dag_prepare_instacart_source', 'show_prepare_source_context', 'manual__2026-04-15T15:58:46.471204+00:00', '--job-id', '33', '--raw', '--subdir', 'DAGS_FOLDER/dag_prepare_instacart_source.py', '--cfg-path', '/tmp/tmp77g_4y__']
[2026-04-15T15:58:48.768+0000] {standard_task_runner.py:105} INFO - Job 33: Subtask show_prepare_source_context
[2026-04-15T15:58:48.769+0000] {logging_mixin.py:190} WARNING - /home/***/.local/lib/python3.12/site-packages/***/task/task_runner/standard_task_runner.py:70 DeprecationWarning: This process (pid=223) is multi-threaded, use of fork() may lead to deadlocks in the child.
[2026-04-15T15:58:48.770+0000] {standard_task_runner.py:72} INFO - Started process 224 to run task
[2026-04-15T15:58:48.830+0000] {task_command.py:467} INFO - Running <TaskInstance: dag_prepare_instacart_source.show_prepare_source_context manual__2026-04-15T15:58:46.471204+00:00 [running]> on host cb91fb8ef273
[2026-04-15T15:58:48.936+0000] {taskinstance.py:3134} INFO - Exporting env vars: AIRFLOW_CTX_DAG_OWNER='***' AIRFLOW_CTX_DAG_ID='dag_prepare_instacart_source' AIRFLOW_CTX_TASK_ID='show_prepare_source_context' AIRFLOW_CTX_EXECUTION_DATE='2026-04-15T15:58:46.471204+00:00' AIRFLOW_CTX_TRY_NUMBER='1' AIRFLOW_CTX_DAG_RUN_ID='manual__2026-04-15T15:58:46.471204+00:00'
[2026-04-15T15:58:48.937+0000] {taskinstance.py:732} INFO - ::endgroup::
[2026-04-15T15:58:48.980+0000] {logging_mixin.py:190} INFO - ==================================================
[2026-04-15T15:58:48.980+0000] {logging_mixin.py:190} INFO - Retail Lakehouse - Preparação da origem via Kaggle
[2026-04-15T15:58:48.980+0000] {logging_mixin.py:190} INFO - KAGGLE_DATASET=psparks/instacart-market-basket-analysis
[2026-04-15T15:58:48.980+0000] {logging_mixin.py:190} INFO - LOCAL_SOURCE_INSTACART_DIR=./data/source/instacart
[2026-04-15T15:58:48.980+0000] {logging_mixin.py:190} INFO - ==================================================
[2026-04-15T15:58:48.981+0000] {python.py:240} INFO - Done. Returned value was: None
[2026-04-15T15:58:48.992+0000] {taskinstance.py:341} INFO - ::group::Post task execution logs
[2026-04-15T15:58:48.993+0000] {taskinstance.py:353} INFO - Marking task as SUCCESS. dag_id=dag_prepare_instacart_source, task_id=show_prepare_source_context, run_id=manual__2026-04-15T15:58:46.471204+00:00, execution_date=20260415T155846, start_date=20260415T155848, end_date=20260415T155848
[2026-04-15T15:58:49.064+0000] {local_task_job_runner.py:266} INFO - Task exited with return code 0
[2026-04-15T15:58:49.099+0000] {taskinstance.py:3901} INFO - 1 downstream tasks scheduled from follow-on schedule check
[2026-04-15T15:58:49.102+0000] {local_task_job_runner.py:245} INFO - ::endgroup::
