[2026-04-15T14:39:02.752+0000] {local_task_job_runner.py:123} INFO - ::group::Pre task execution logs
[2026-04-15T14:39:02.792+0000] {taskinstance.py:2614} INFO - Dependencies all met for dep_context=non-requeueable deps ti=<TaskInstance: dag_ingest_instacart_local.ingest_instacart_to_local_raw manual__2026-04-15T12:18:20.526629+00:00 [queued]>
[2026-04-15T14:39:02.805+0000] {taskinstance.py:2614} INFO - Dependencies all met for dep_context=requeueable deps ti=<TaskInstance: dag_ingest_instacart_local.ingest_instacart_to_local_raw manual__2026-04-15T12:18:20.526629+00:00 [queued]>
[2026-04-15T14:39:02.805+0000] {taskinstance.py:2867} INFO - Starting attempt 4 of 4
[2026-04-15T14:39:02.841+0000] {taskinstance.py:2890} INFO - Executing <Task(PythonOperator): ingest_instacart_to_local_raw> on 2026-04-15 12:18:20.526629+00:00
[2026-04-15T14:39:02.852+0000] {standard_task_runner.py:104} INFO - Running: ['***', 'tasks', 'run', 'dag_ingest_instacart_local', 'ingest_instacart_to_local_raw', 'manual__2026-04-15T12:18:20.526629+00:00', '--job-id', '14', '--raw', '--subdir', 'DAGS_FOLDER/dag_ingest_instacart_local.py', '--cfg-path', '/tmp/tmpusiefydb']
[2026-04-15T14:39:02.854+0000] {logging_mixin.py:190} WARNING - /home/***/.local/lib/python3.12/site-packages/***/task/task_runner/standard_task_runner.py:70 DeprecationWarning: This process (pid=1170) is multi-threaded, use of fork() may lead to deadlocks in the child.
[2026-04-15T14:39:02.855+0000] {standard_task_runner.py:105} INFO - Job 14: Subtask ingest_instacart_to_local_raw
[2026-04-15T14:39:02.855+0000] {standard_task_runner.py:72} INFO - Started process 1171 to run task
[2026-04-15T14:39:02.921+0000] {task_command.py:467} INFO - Running <TaskInstance: dag_ingest_instacart_local.ingest_instacart_to_local_raw manual__2026-04-15T12:18:20.526629+00:00 [running]> on host 50721406c030
[2026-04-15T14:39:03.048+0000] {taskinstance.py:3134} INFO - Exporting env vars: AIRFLOW_CTX_DAG_OWNER='***' AIRFLOW_CTX_DAG_ID='dag_ingest_instacart_local' AIRFLOW_CTX_TASK_ID='ingest_instacart_to_local_raw' AIRFLOW_CTX_EXECUTION_DATE='2026-04-15T12:18:20.526629+00:00' AIRFLOW_CTX_TRY_NUMBER='4' AIRFLOW_CTX_DAG_RUN_ID='manual__2026-04-15T12:18:20.526629+00:00'
[2026-04-15T14:39:03.048+0000] {taskinstance.py:732} INFO - ::endgroup::
[2026-04-15T14:39:03.068+0000] {logging_mixin.py:190} INFO - ==================================================
[2026-04-15T14:39:03.068+0000] {logging_mixin.py:190} INFO - Retail Lakehouse - Ingestão local para camada raw
[2026-04-15T14:39:03.068+0000] {logging_mixin.py:190} INFO - ==================================================
[2026-04-15T14:39:03.069+0000] {logging_mixin.py:190} INFO - ==================================================
[2026-04-15T14:39:03.070+0000] {logging_mixin.py:190} INFO - Validação dos arquivos de origem do Instacart
[2026-04-15T14:39:03.070+0000] {logging_mixin.py:190} INFO - ==================================================
[2026-04-15T14:39:03.070+0000] {logging_mixin.py:190} INFO - Diretório de origem: /opt/***/data/source/instacart
[2026-04-15T14:39:03.070+0000] {taskinstance.py:3313} ERROR - Task failed with exception
Traceback (most recent call last):
  File "/home/airflow/.local/lib/python3.12/site-packages/airflow/models/taskinstance.py", line 768, in _execute_task
    result = _execute_callable(context=context, **execute_callable_kwargs)
             ^^^^^^^^^^^^^^^^^^^^^^^^^^^^^^^^^^^^^^^^^^^^^^^^^^^^^^^^^^^^^
  File "/home/airflow/.local/lib/python3.12/site-packages/airflow/models/taskinstance.py", line 734, in _execute_callable
    return ExecutionCallableRunner(
           ^^^^^^^^^^^^^^^^^^^^^^^^
  File "/home/airflow/.local/lib/python3.12/site-packages/airflow/utils/operator_helpers.py", line 252, in run
    return self.func(*args, **kwargs)
           ^^^^^^^^^^^^^^^^^^^^^^^^^^
  File "/home/airflow/.local/lib/python3.12/site-packages/airflow/models/baseoperator.py", line 424, in wrapper
    return func(self, *args, **kwargs)
           ^^^^^^^^^^^^^^^^^^^^^^^^^^^
  File "/home/airflow/.local/lib/python3.12/site-packages/airflow/operators/python.py", line 238, in execute
    return_value = self.execute_callable()
                   ^^^^^^^^^^^^^^^^^^^^^^^
  File "/home/airflow/.local/lib/python3.12/site-packages/airflow/operators/python.py", line 256, in execute_callable
    return runner.run(*self.op_args, **self.op_kwargs)
           ^^^^^^^^^^^^^^^^^^^^^^^^^^^^^^^^^^^^^^^^^^^
  File "/home/airflow/.local/lib/python3.12/site-packages/airflow/utils/operator_helpers.py", line 252, in run
    return self.func(*args, **kwargs)
           ^^^^^^^^^^^^^^^^^^^^^^^^^^
  File "/opt/airflow/ingestion/src/ingest_instacart_local.py", line 156, in run_local_raw_ingestion
    validate_source_files(source_dir=source_dir)
  File "/opt/airflow/ingestion/src/ingest_instacart_local.py", line 65, in validate_source_files
    raise FileNotFoundError(
FileNotFoundError: O diretório de origem não existe: /opt/***/data/source/instacart
[2026-04-15T14:39:03.088+0000] {taskinstance.py:1226} INFO - Marking task as FAILED. dag_id=dag_ingest_instacart_local, task_id=ingest_instacart_to_local_raw, run_id=manual__2026-04-15T12:18:20.526629+00:00, execution_date=20260415T121820, start_date=20260415T143902, end_date=20260415T143903
[2026-04-15T14:39:03.135+0000] {taskinstance.py:341} INFO - ::group::Post task execution logs
[2026-04-15T14:39:03.136+0000] {standard_task_runner.py:124} ERROR - Failed to execute job 14 for task ingest_instacart_to_local_raw (O diretório de origem não existe: /opt/***/data/source/instacart; 1171)
Traceback (most recent call last):
  File "/home/airflow/.local/lib/python3.12/site-packages/airflow/task/task_runner/standard_task_runner.py", line 117, in _start_by_fork
    ret = args.func(args, dag=self.dag)
          ^^^^^^^^^^^^^^^^^^^^^^^^^^^^^
  File "/home/airflow/.local/lib/python3.12/site-packages/airflow/cli/cli_config.py", line 49, in command
    return func(*args, **kwargs)
           ^^^^^^^^^^^^^^^^^^^^^
  File "/home/airflow/.local/lib/python3.12/site-packages/airflow/utils/cli.py", line 116, in wrapper
    return f(*args, **kwargs)
           ^^^^^^^^^^^^^^^^^^
  File "/home/airflow/.local/lib/python3.12/site-packages/airflow/cli/commands/task_command.py", line 483, in task_run
    task_return_code = _run_task_by_selected_method(args, _dag, ti)
                       ^^^^^^^^^^^^^^^^^^^^^^^^^^^^^^^^^^^^^^^^^^^^
  File "/home/airflow/.local/lib/python3.12/site-packages/airflow/cli/commands/task_command.py", line 256, in _run_task_by_selected_method
    return _run_raw_task(args, ti)
           ^^^^^^^^^^^^^^^^^^^^^^^
  File "/home/airflow/.local/lib/python3.12/site-packages/airflow/cli/commands/task_command.py", line 341, in _run_raw_task
    return ti._run_raw_task(
           ^^^^^^^^^^^^^^^^^
  File "/home/airflow/.local/lib/python3.12/site-packages/airflow/utils/session.py", line 97, in wrapper
    return func(*args, session=session, **kwargs)
           ^^^^^^^^^^^^^^^^^^^^^^^^^^^^^^^^^^^^^^
  File "/home/airflow/.local/lib/python3.12/site-packages/airflow/models/taskinstance.py", line 3006, in _run_raw_task
    return _run_raw_task(
           ^^^^^^^^^^^^^^
  File "/home/airflow/.local/lib/python3.12/site-packages/airflow/models/taskinstance.py", line 274, in _run_raw_task
    TaskInstance._execute_task_with_callbacks(
  File "/home/airflow/.local/lib/python3.12/site-packages/airflow/models/taskinstance.py", line 3161, in _execute_task_with_callbacks
    result = self._execute_task(context, task_orig)
             ^^^^^^^^^^^^^^^^^^^^^^^^^^^^^^^^^^^^^^
  File "/home/airflow/.local/lib/python3.12/site-packages/airflow/models/taskinstance.py", line 3185, in _execute_task
    return _execute_task(self, context, task_orig)
           ^^^^^^^^^^^^^^^^^^^^^^^^^^^^^^^^^^^^^^^
  File "/home/airflow/.local/lib/python3.12/site-packages/airflow/models/taskinstance.py", line 768, in _execute_task
    result = _execute_callable(context=context, **execute_callable_kwargs)
             ^^^^^^^^^^^^^^^^^^^^^^^^^^^^^^^^^^^^^^^^^^^^^^^^^^^^^^^^^^^^^
  File "/home/airflow/.local/lib/python3.12/site-packages/airflow/models/taskinstance.py", line 734, in _execute_callable
    return ExecutionCallableRunner(
           ^^^^^^^^^^^^^^^^^^^^^^^^
  File "/home/airflow/.local/lib/python3.12/site-packages/airflow/utils/operator_helpers.py", line 252, in run
    return self.func(*args, **kwargs)
           ^^^^^^^^^^^^^^^^^^^^^^^^^^
  File "/home/airflow/.local/lib/python3.12/site-packages/airflow/models/baseoperator.py", line 424, in wrapper
    return func(self, *args, **kwargs)
           ^^^^^^^^^^^^^^^^^^^^^^^^^^^
  File "/home/airflow/.local/lib/python3.12/site-packages/airflow/operators/python.py", line 238, in execute
    return_value = self.execute_callable()
                   ^^^^^^^^^^^^^^^^^^^^^^^
  File "/home/airflow/.local/lib/python3.12/site-packages/airflow/operators/python.py", line 256, in execute_callable
    return runner.run(*self.op_args, **self.op_kwargs)
           ^^^^^^^^^^^^^^^^^^^^^^^^^^^^^^^^^^^^^^^^^^^
  File "/home/airflow/.local/lib/python3.12/site-packages/airflow/utils/operator_helpers.py", line 252, in run
    return self.func(*args, **kwargs)
           ^^^^^^^^^^^^^^^^^^^^^^^^^^
  File "/opt/airflow/ingestion/src/ingest_instacart_local.py", line 156, in run_local_raw_ingestion
    validate_source_files(source_dir=source_dir)
  File "/opt/airflow/ingestion/src/ingest_instacart_local.py", line 65, in validate_source_files
    raise FileNotFoundError(
FileNotFoundError: O diretório de origem não existe: /opt/***/data/source/instacart
[2026-04-15T14:39:03.151+0000] {local_task_job_runner.py:266} INFO - Task exited with return code 1
[2026-04-15T14:39:03.184+0000] {taskinstance.py:3901} INFO - 0 downstream tasks scheduled from follow-on schedule check
[2026-04-15T14:39:03.220+0000] {local_task_job_runner.py:245} INFO - ::endgroup::
