[2026-05-06T17:25:33.020+0000] {local_task_job_runner.py:123} INFO - ::group::Pre task execution logs
[2026-05-06T17:25:33.047+0000] {taskinstance.py:2614} INFO - Dependencies all met for dep_context=non-requeueable deps ti=<TaskInstance: dag_bronze_products.run_bronze_products manual__2026-05-06T17:25:29.381064+00:00 [queued]>
[2026-05-06T17:25:33.061+0000] {taskinstance.py:2614} INFO - Dependencies all met for dep_context=requeueable deps ti=<TaskInstance: dag_bronze_products.run_bronze_products manual__2026-05-06T17:25:29.381064+00:00 [queued]>
[2026-05-06T17:25:33.061+0000] {taskinstance.py:2867} INFO - Starting attempt 1 of 1
[2026-05-06T17:25:33.078+0000] {taskinstance.py:2890} INFO - Executing <Task(BashOperator): run_bronze_products> on 2026-05-06 17:25:29.381064+00:00
[2026-05-06T17:25:33.086+0000] {standard_task_runner.py:104} INFO - Running: ['***', 'tasks', 'run', 'dag_bronze_products', 'run_bronze_products', 'manual__2026-05-06T17:25:29.381064+00:00', '--job-id', '93', '--raw', '--subdir', 'DAGS_FOLDER/dag_bronze_products.py', '--cfg-path', '/tmp/tmpcxqj24n6']
[2026-05-06T17:25:33.089+0000] {standard_task_runner.py:105} INFO - Job 93: Subtask run_bronze_products
[2026-05-06T17:25:33.091+0000] {logging_mixin.py:190} WARNING - /home/***/.local/lib/python3.12/site-packages/***/task/task_runner/standard_task_runner.py:70 DeprecationWarning: This process (pid=481) is multi-threaded, use of fork() may lead to deadlocks in the child.
[2026-05-06T17:25:33.091+0000] {standard_task_runner.py:72} INFO - Started process 482 to run task
[2026-05-06T17:25:33.155+0000] {task_command.py:467} INFO - Running <TaskInstance: dag_bronze_products.run_bronze_products manual__2026-05-06T17:25:29.381064+00:00 [running]> on host 7dc4cb1ea27d
[2026-05-06T17:25:33.246+0000] {taskinstance.py:3134} INFO - Exporting env vars: AIRFLOW_CTX_DAG_OWNER='***' AIRFLOW_CTX_DAG_ID='dag_bronze_products' AIRFLOW_CTX_TASK_ID='run_bronze_products' AIRFLOW_CTX_EXECUTION_DATE='2026-05-06T17:25:29.381064+00:00' AIRFLOW_CTX_TRY_NUMBER='1' AIRFLOW_CTX_DAG_RUN_ID='manual__2026-05-06T17:25:29.381064+00:00'
[2026-05-06T17:25:33.247+0000] {taskinstance.py:732} INFO - ::endgroup::
[2026-05-06T17:25:33.261+0000] {subprocess.py:78} INFO - Tmp dir root location: /tmp
[2026-05-06T17:25:33.261+0000] {subprocess.py:88} INFO - Running command: ['/usr/bin/bash', '-c', 'docker exec retail_lakehouse_spark /opt/spark/bin/spark-submit --master local[*] /opt/spark-apps/jobs/bronze/bronze_products.py']
[2026-05-06T17:25:33.272+0000] {subprocess.py:99} INFO - Output:
[2026-05-06T17:25:33.426+0000] {subprocess.py:106} INFO - permission denied while trying to connect to the Docker daemon socket at unix:///var/run/docker.sock: Get "http://%2Fvar%2Frun%2Fdocker.sock/v1.47/containers/retail_lakehouse_spark/json": dial unix /var/run/docker.sock: connect: permission denied
[2026-05-06T17:25:33.428+0000] {subprocess.py:110} INFO - Command exited with return code 1
[2026-05-06T17:25:33.442+0000] {taskinstance.py:3313} ERROR - Task failed with exception
Traceback (most recent call last):
  File "/home/airflow/.local/lib/python3.12/site-packages/airflow/models/taskinstance.py", line 768, in _execute_task
    result = _execute_callable(context=context, **execute_callable_kwargs)
             ^^^^^^^^^^^^^^^^^^^^^^^^^^^^^^^^^^^^^^^^^^^^^^^^^^^^^^^^^^^^^
  File "/home/airflow/.local/lib/python3.12/site-packages/airflow/models/taskinstance.py", line 734, in _execute_callable
    return ExecutionCallableRunner(
           ^^^^^^^^^^^^^^^^^^^^^^^^
  File "/home/airflow/.local/lib/python3.12/site-packages/airflow/utils/operator_helpers.py", line 252, in run
    return self.func(*args, **kwargs)
           ^^^^^^^^^^^^^^^^^^^^^^^^^^
  File "/home/airflow/.local/lib/python3.12/site-packages/airflow/models/baseoperator.py", line 424, in wrapper
    return func(self, *args, **kwargs)
           ^^^^^^^^^^^^^^^^^^^^^^^^^^^
  File "/home/airflow/.local/lib/python3.12/site-packages/airflow/operators/bash.py", line 276, in execute
    raise AirflowException(
airflow.exceptions.AirflowException: Bash command failed. The command returned a non-zero exit code 1.
[2026-05-06T17:25:33.447+0000] {taskinstance.py:1226} INFO - Marking task as FAILED. dag_id=dag_bronze_products, task_id=run_bronze_products, run_id=manual__2026-05-06T17:25:29.381064+00:00, execution_date=20260506T172529, start_date=20260506T172533, end_date=20260506T172533
[2026-05-06T17:25:33.482+0000] {taskinstance.py:341} INFO - ::group::Post task execution logs
[2026-05-06T17:25:33.482+0000] {standard_task_runner.py:124} ERROR - Failed to execute job 93 for task run_bronze_products (Bash command failed. The command returned a non-zero exit code 1.; 482)
Traceback (most recent call last):
  File "/home/airflow/.local/lib/python3.12/site-packages/airflow/task/task_runner/standard_task_runner.py", line 117, in _start_by_fork
    ret = args.func(args, dag=self.dag)
          ^^^^^^^^^^^^^^^^^^^^^^^^^^^^^
  File "/home/airflow/.local/lib/python3.12/site-packages/airflow/cli/cli_config.py", line 49, in command
    return func(*args, **kwargs)
           ^^^^^^^^^^^^^^^^^^^^^
  File "/home/airflow/.local/lib/python3.12/site-packages/airflow/utils/cli.py", line 116, in wrapper
    return f(*args, **kwargs)
           ^^^^^^^^^^^^^^^^^^
  File "/home/airflow/.local/lib/python3.12/site-packages/airflow/cli/commands/task_command.py", line 483, in task_run
    task_return_code = _run_task_by_selected_method(args, _dag, ti)
                       ^^^^^^^^^^^^^^^^^^^^^^^^^^^^^^^^^^^^^^^^^^^^
  File "/home/airflow/.local/lib/python3.12/site-packages/airflow/cli/commands/task_command.py", line 256, in _run_task_by_selected_method
    return _run_raw_task(args, ti)
           ^^^^^^^^^^^^^^^^^^^^^^^
  File "/home/airflow/.local/lib/python3.12/site-packages/airflow/cli/commands/task_command.py", line 341, in _run_raw_task
    return ti._run_raw_task(
           ^^^^^^^^^^^^^^^^^
  File "/home/airflow/.local/lib/python3.12/site-packages/airflow/utils/session.py", line 97, in wrapper
    return func(*args, session=session, **kwargs)
           ^^^^^^^^^^^^^^^^^^^^^^^^^^^^^^^^^^^^^^
  File "/home/airflow/.local/lib/python3.12/site-packages/airflow/models/taskinstance.py", line 3006, in _run_raw_task
    return _run_raw_task(
           ^^^^^^^^^^^^^^
  File "/home/airflow/.local/lib/python3.12/site-packages/airflow/models/taskinstance.py", line 274, in _run_raw_task
    TaskInstance._execute_task_with_callbacks(
  File "/home/airflow/.local/lib/python3.12/site-packages/airflow/models/taskinstance.py", line 3161, in _execute_task_with_callbacks
    result = self._execute_task(context, task_orig)
             ^^^^^^^^^^^^^^^^^^^^^^^^^^^^^^^^^^^^^^
  File "/home/airflow/.local/lib/python3.12/site-packages/airflow/models/taskinstance.py", line 3185, in _execute_task
    return _execute_task(self, context, task_orig)
           ^^^^^^^^^^^^^^^^^^^^^^^^^^^^^^^^^^^^^^^
  File "/home/airflow/.local/lib/python3.12/site-packages/airflow/models/taskinstance.py", line 768, in _execute_task
    result = _execute_callable(context=context, **execute_callable_kwargs)
             ^^^^^^^^^^^^^^^^^^^^^^^^^^^^^^^^^^^^^^^^^^^^^^^^^^^^^^^^^^^^^
  File "/home/airflow/.local/lib/python3.12/site-packages/airflow/models/taskinstance.py", line 734, in _execute_callable
    return ExecutionCallableRunner(
           ^^^^^^^^^^^^^^^^^^^^^^^^
  File "/home/airflow/.local/lib/python3.12/site-packages/airflow/utils/operator_helpers.py", line 252, in run
    return self.func(*args, **kwargs)
           ^^^^^^^^^^^^^^^^^^^^^^^^^^
  File "/home/airflow/.local/lib/python3.12/site-packages/airflow/models/baseoperator.py", line 424, in wrapper
    return func(self, *args, **kwargs)
           ^^^^^^^^^^^^^^^^^^^^^^^^^^^
  File "/home/airflow/.local/lib/python3.12/site-packages/airflow/operators/bash.py", line 276, in execute
    raise AirflowException(
airflow.exceptions.AirflowException: Bash command failed. The command returned a non-zero exit code 1.
[2026-05-06T17:25:33.506+0000] {local_task_job_runner.py:266} INFO - Task exited with return code 1
[2026-05-06T17:25:33.532+0000] {taskinstance.py:3901} INFO - 0 downstream tasks scheduled from follow-on schedule check
[2026-05-06T17:25:33.546+0000] {local_task_job_runner.py:245} INFO - ::endgroup::
