[2026-06-05T12:34:24.575+0000] {local_task_job_runner.py:123} INFO - ::group::Pre task execution logs
[2026-06-05T12:34:24.604+0000] {taskinstance.py:2614} INFO - Dependencies all met for dep_context=non-requeueable deps ti=<TaskInstance: dag_silver_orders_clean.show_silver_orders_clean_context manual__2026-06-05T12:34:22.537002+00:00 [queued]>
[2026-06-05T12:34:24.613+0000] {taskinstance.py:2614} INFO - Dependencies all met for dep_context=requeueable deps ti=<TaskInstance: dag_silver_orders_clean.show_silver_orders_clean_context manual__2026-06-05T12:34:22.537002+00:00 [queued]>
[2026-06-05T12:34:24.613+0000] {taskinstance.py:2867} INFO - Starting attempt 1 of 1
[2026-06-05T12:34:24.627+0000] {taskinstance.py:2890} INFO - Executing <Task(PythonOperator): show_silver_orders_clean_context> on 2026-06-05 12:34:22.537002+00:00
[2026-06-05T12:34:24.635+0000] {standard_task_runner.py:104} INFO - Running: ['***', 'tasks', 'run', 'dag_silver_orders_clean', 'show_silver_orders_clean_context', 'manual__2026-06-05T12:34:22.537002+00:00', '--job-id', '154', '--raw', '--subdir', 'DAGS_FOLDER/dag_silver_orders_clean.py', '--cfg-path', '/tmp/tmpqrrz1er3']
[2026-06-05T12:34:24.638+0000] {standard_task_runner.py:105} INFO - Job 154: Subtask show_silver_orders_clean_context
[2026-06-05T12:34:24.638+0000] {logging_mixin.py:190} WARNING - /home/***/.local/lib/python3.12/site-packages/***/task/task_runner/standard_task_runner.py:70 DeprecationWarning: This process (pid=902) is multi-threaded, use of fork() may lead to deadlocks in the child.
[2026-06-05T12:34:24.639+0000] {standard_task_runner.py:72} INFO - Started process 903 to run task
[2026-06-05T12:34:24.691+0000] {task_command.py:467} INFO - Running <TaskInstance: dag_silver_orders_clean.show_silver_orders_clean_context manual__2026-06-05T12:34:22.537002+00:00 [running]> on host 59de2933a3c2
[2026-06-05T12:34:24.817+0000] {taskinstance.py:3134} INFO - Exporting env vars: AIRFLOW_CTX_DAG_OWNER='***' AIRFLOW_CTX_DAG_ID='dag_silver_orders_clean' AIRFLOW_CTX_TASK_ID='show_silver_orders_clean_context' AIRFLOW_CTX_EXECUTION_DATE='2026-06-05T12:34:22.537002+00:00' AIRFLOW_CTX_TRY_NUMBER='1' AIRFLOW_CTX_DAG_RUN_ID='manual__2026-06-05T12:34:22.537002+00:00'
[2026-06-05T12:34:24.818+0000] {taskinstance.py:732} INFO - ::endgroup::
[2026-06-05T12:34:24.859+0000] {logging_mixin.py:190} INFO - ==================================================
[2026-06-05T12:34:24.859+0000] {logging_mixin.py:190} INFO - Retail Lakehouse - Contexto Silver orders_clean
[2026-06-05T12:34:24.860+0000] {logging_mixin.py:190} INFO - LOCAL_BRONZE_DIR=./data/bronze
[2026-06-05T12:34:24.860+0000] {logging_mixin.py:190} INFO - LOCAL_SILVER_DIR=./data/silver
[2026-06-05T12:34:24.860+0000] {logging_mixin.py:190} INFO - Objetivo: limpar e padronizar semanticamente a Bronze de orders
[2026-06-05T12:34:24.860+0000] {logging_mixin.py:190} INFO - Execução real do job: container Spark
[2026-06-05T12:34:24.860+0000] {logging_mixin.py:190} INFO - ==================================================
[2026-06-05T12:34:24.861+0000] {python.py:240} INFO - Done. Returned value was: None
[2026-06-05T12:34:24.874+0000] {taskinstance.py:341} INFO - ::group::Post task execution logs
[2026-06-05T12:34:24.874+0000] {taskinstance.py:353} INFO - Marking task as SUCCESS. dag_id=dag_silver_orders_clean, task_id=show_silver_orders_clean_context, run_id=manual__2026-06-05T12:34:22.537002+00:00, execution_date=20260605T123422, start_date=20260605T123424, end_date=20260605T123424
[2026-06-05T12:34:24.934+0000] {local_task_job_runner.py:266} INFO - Task exited with return code 0
[2026-06-05T12:34:24.964+0000] {taskinstance.py:3901} INFO - 1 downstream tasks scheduled from follow-on schedule check
[2026-06-05T12:34:24.979+0000] {local_task_job_runner.py:245} INFO - ::endgroup::
