[2026-05-13T00:07:47.125+0000] {processor.py:186} INFO - Started process (PID=51595) to work on /opt/airflow/dags/dag_hello_world.py
[2026-05-13T00:07:47.126+0000] {processor.py:914} INFO - Processing file /opt/airflow/dags/dag_hello_world.py for tasks to queue
[2026-05-13T00:07:47.128+0000] {logging_mixin.py:190} INFO - [2026-05-13T00:07:47.127+0000] {dagbag.py:588} INFO - Filling up the DagBag from /opt/airflow/dags/dag_hello_world.py
[2026-05-13T00:07:47.135+0000] {processor.py:925} INFO - DAG(s) 'dag_hello_world' retrieved from /opt/airflow/dags/dag_hello_world.py
[2026-05-13T00:07:47.165+0000] {logging_mixin.py:190} INFO - [2026-05-13T00:07:47.164+0000] {dag.py:3239} INFO - Sync 1 DAGs
[2026-05-13T00:07:47.179+0000] {logging_mixin.py:190} INFO - [2026-05-13T00:07:47.179+0000] {dag.py:4180} INFO - Setting next_dagrun for dag_hello_world to None, run_after=None
[2026-05-13T00:07:47.198+0000] {processor.py:208} INFO - Processing /opt/airflow/dags/dag_hello_world.py took 0.080 seconds
[2026-05-13T00:08:17.899+0000] {processor.py:186} INFO - Started process (PID=51643) to work on /opt/airflow/dags/dag_hello_world.py
[2026-05-13T00:08:17.987+0000] {processor.py:914} INFO - Processing file /opt/airflow/dags/dag_hello_world.py for tasks to queue
[2026-05-13T00:08:17.994+0000] {logging_mixin.py:190} INFO - [2026-05-13T00:08:17.994+0000] {dagbag.py:588} INFO - Filling up the DagBag from /opt/airflow/dags/dag_hello_world.py
[2026-05-13T00:08:18.016+0000] {processor.py:925} INFO - DAG(s) 'dag_hello_world' retrieved from /opt/airflow/dags/dag_hello_world.py
[2026-05-13T00:08:18.078+0000] {logging_mixin.py:190} INFO - [2026-05-13T00:08:18.077+0000] {dag.py:3239} INFO - Sync 1 DAGs
[2026-05-13T00:08:18.099+0000] {logging_mixin.py:190} INFO - [2026-05-13T00:08:18.098+0000] {dag.py:4180} INFO - Setting next_dagrun for dag_hello_world to None, run_after=None
[2026-05-13T00:08:18.156+0000] {processor.py:208} INFO - Processing /opt/airflow/dags/dag_hello_world.py took 0.265 seconds
[2026-05-13T00:08:48.313+0000] {processor.py:186} INFO - Started process (PID=51693) to work on /opt/airflow/dags/dag_hello_world.py
[2026-05-13T00:08:48.314+0000] {processor.py:914} INFO - Processing file /opt/airflow/dags/dag_hello_world.py for tasks to queue
[2026-05-13T00:08:48.320+0000] {logging_mixin.py:190} INFO - [2026-05-13T00:08:48.320+0000] {dagbag.py:588} INFO - Filling up the DagBag from /opt/airflow/dags/dag_hello_world.py
[2026-05-13T00:08:48.328+0000] {processor.py:925} INFO - DAG(s) 'dag_hello_world' retrieved from /opt/airflow/dags/dag_hello_world.py
[2026-05-13T00:08:48.371+0000] {logging_mixin.py:190} INFO - [2026-05-13T00:08:48.371+0000] {dag.py:3239} INFO - Sync 1 DAGs
[2026-05-13T00:08:48.396+0000] {logging_mixin.py:190} INFO - [2026-05-13T00:08:48.396+0000] {dag.py:4180} INFO - Setting next_dagrun for dag_hello_world to None, run_after=None
[2026-05-13T00:08:48.419+0000] {processor.py:208} INFO - Processing /opt/airflow/dags/dag_hello_world.py took 0.120 seconds
[2026-05-13T00:09:19.354+0000] {processor.py:186} INFO - Started process (PID=51743) to work on /opt/airflow/dags/dag_hello_world.py
[2026-05-13T00:09:19.355+0000] {processor.py:914} INFO - Processing file /opt/airflow/dags/dag_hello_world.py for tasks to queue
[2026-05-13T00:09:19.357+0000] {logging_mixin.py:190} INFO - [2026-05-13T00:09:19.357+0000] {dagbag.py:588} INFO - Filling up the DagBag from /opt/airflow/dags/dag_hello_world.py
[2026-05-13T00:09:19.365+0000] {processor.py:925} INFO - DAG(s) 'dag_hello_world' retrieved from /opt/airflow/dags/dag_hello_world.py
[2026-05-13T00:09:19.398+0000] {logging_mixin.py:190} INFO - [2026-05-13T00:09:19.397+0000] {dag.py:3239} INFO - Sync 1 DAGs
[2026-05-13T00:09:19.415+0000] {logging_mixin.py:190} INFO - [2026-05-13T00:09:19.415+0000] {dag.py:4180} INFO - Setting next_dagrun for dag_hello_world to None, run_after=None
[2026-05-13T00:09:19.440+0000] {processor.py:208} INFO - Processing /opt/airflow/dags/dag_hello_world.py took 0.093 seconds
[2026-05-13T00:09:49.547+0000] {processor.py:186} INFO - Started process (PID=51795) to work on /opt/airflow/dags/dag_hello_world.py
[2026-05-13T00:09:49.561+0000] {processor.py:914} INFO - Processing file /opt/airflow/dags/dag_hello_world.py for tasks to queue
[2026-05-13T00:09:49.567+0000] {logging_mixin.py:190} INFO - [2026-05-13T00:09:49.567+0000] {dagbag.py:588} INFO - Filling up the DagBag from /opt/airflow/dags/dag_hello_world.py
[2026-05-13T00:09:49.576+0000] {processor.py:925} INFO - DAG(s) 'dag_hello_world' retrieved from /opt/airflow/dags/dag_hello_world.py
[2026-05-13T00:09:49.632+0000] {logging_mixin.py:190} INFO - [2026-05-13T00:09:49.632+0000] {dag.py:3239} INFO - Sync 1 DAGs
[2026-05-13T00:09:49.653+0000] {logging_mixin.py:190} INFO - [2026-05-13T00:09:49.652+0000] {dag.py:4180} INFO - Setting next_dagrun for dag_hello_world to None, run_after=None
[2026-05-13T00:09:49.705+0000] {processor.py:208} INFO - Processing /opt/airflow/dags/dag_hello_world.py took 0.167 seconds
[2026-05-13T00:10:20.538+0000] {processor.py:186} INFO - Started process (PID=51845) to work on /opt/airflow/dags/dag_hello_world.py
[2026-05-13T00:10:20.539+0000] {processor.py:914} INFO - Processing file /opt/airflow/dags/dag_hello_world.py for tasks to queue
[2026-05-13T00:10:20.542+0000] {logging_mixin.py:190} INFO - [2026-05-13T00:10:20.542+0000] {dagbag.py:588} INFO - Filling up the DagBag from /opt/airflow/dags/dag_hello_world.py
[2026-05-13T00:10:20.558+0000] {processor.py:925} INFO - DAG(s) 'dag_hello_world' retrieved from /opt/airflow/dags/dag_hello_world.py
[2026-05-13T00:10:20.595+0000] {logging_mixin.py:190} INFO - [2026-05-13T00:10:20.594+0000] {dag.py:3239} INFO - Sync 1 DAGs
[2026-05-13T00:10:20.615+0000] {logging_mixin.py:190} INFO - [2026-05-13T00:10:20.614+0000] {dag.py:4180} INFO - Setting next_dagrun for dag_hello_world to None, run_after=None
[2026-05-13T00:10:20.641+0000] {processor.py:208} INFO - Processing /opt/airflow/dags/dag_hello_world.py took 0.111 seconds
[2026-05-13T00:10:50.922+0000] {processor.py:186} INFO - Started process (PID=51895) to work on /opt/airflow/dags/dag_hello_world.py
[2026-05-13T00:10:50.943+0000] {processor.py:914} INFO - Processing file /opt/airflow/dags/dag_hello_world.py for tasks to queue
[2026-05-13T00:10:50.946+0000] {logging_mixin.py:190} INFO - [2026-05-13T00:10:50.945+0000] {dagbag.py:588} INFO - Filling up the DagBag from /opt/airflow/dags/dag_hello_world.py
[2026-05-13T00:10:50.954+0000] {processor.py:925} INFO - DAG(s) 'dag_hello_world' retrieved from /opt/airflow/dags/dag_hello_world.py
[2026-05-13T00:10:50.988+0000] {logging_mixin.py:190} INFO - [2026-05-13T00:10:50.988+0000] {dag.py:3239} INFO - Sync 1 DAGs
[2026-05-13T00:10:51.005+0000] {logging_mixin.py:190} INFO - [2026-05-13T00:10:51.005+0000] {dag.py:4180} INFO - Setting next_dagrun for dag_hello_world to None, run_after=None
[2026-05-13T00:10:51.048+0000] {processor.py:208} INFO - Processing /opt/airflow/dags/dag_hello_world.py took 0.139 seconds
[2026-05-13T00:11:21.581+0000] {processor.py:186} INFO - Started process (PID=51943) to work on /opt/airflow/dags/dag_hello_world.py
[2026-05-13T00:11:21.598+0000] {processor.py:914} INFO - Processing file /opt/airflow/dags/dag_hello_world.py for tasks to queue
[2026-05-13T00:11:21.614+0000] {logging_mixin.py:190} INFO - [2026-05-13T00:11:21.612+0000] {dagbag.py:588} INFO - Filling up the DagBag from /opt/airflow/dags/dag_hello_world.py
[2026-05-13T00:11:21.648+0000] {processor.py:925} INFO - DAG(s) 'dag_hello_world' retrieved from /opt/airflow/dags/dag_hello_world.py
[2026-05-13T00:11:21.799+0000] {logging_mixin.py:190} INFO - [2026-05-13T00:11:21.792+0000] {dag.py:3239} INFO - Sync 1 DAGs
[2026-05-13T00:11:21.826+0000] {logging_mixin.py:190} INFO - [2026-05-13T00:11:21.825+0000] {dag.py:4180} INFO - Setting next_dagrun for dag_hello_world to None, run_after=None
[2026-05-13T00:11:21.894+0000] {processor.py:208} INFO - Processing /opt/airflow/dags/dag_hello_world.py took 0.324 seconds
[2026-05-13T00:11:52.160+0000] {processor.py:186} INFO - Started process (PID=51993) to work on /opt/airflow/dags/dag_hello_world.py
[2026-05-13T00:11:52.174+0000] {processor.py:914} INFO - Processing file /opt/airflow/dags/dag_hello_world.py for tasks to queue
[2026-05-13T00:11:52.180+0000] {logging_mixin.py:190} INFO - [2026-05-13T00:11:52.180+0000] {dagbag.py:588} INFO - Filling up the DagBag from /opt/airflow/dags/dag_hello_world.py
[2026-05-13T00:11:52.199+0000] {processor.py:925} INFO - DAG(s) 'dag_hello_world' retrieved from /opt/airflow/dags/dag_hello_world.py
[2026-05-13T00:11:52.253+0000] {logging_mixin.py:190} INFO - [2026-05-13T00:11:52.252+0000] {dag.py:3239} INFO - Sync 1 DAGs
[2026-05-13T00:11:52.270+0000] {logging_mixin.py:190} INFO - [2026-05-13T00:11:52.269+0000] {dag.py:4180} INFO - Setting next_dagrun for dag_hello_world to None, run_after=None
[2026-05-13T00:11:52.300+0000] {processor.py:208} INFO - Processing /opt/airflow/dags/dag_hello_world.py took 0.146 seconds
[2026-05-13T00:12:23.316+0000] {processor.py:186} INFO - Started process (PID=52045) to work on /opt/airflow/dags/dag_hello_world.py
[2026-05-13T00:12:23.317+0000] {processor.py:914} INFO - Processing file /opt/airflow/dags/dag_hello_world.py for tasks to queue
[2026-05-13T00:12:23.320+0000] {logging_mixin.py:190} INFO - [2026-05-13T00:12:23.319+0000] {dagbag.py:588} INFO - Filling up the DagBag from /opt/airflow/dags/dag_hello_world.py
[2026-05-13T00:12:23.328+0000] {processor.py:925} INFO - DAG(s) 'dag_hello_world' retrieved from /opt/airflow/dags/dag_hello_world.py
[2026-05-13T00:12:23.362+0000] {logging_mixin.py:190} INFO - [2026-05-13T00:12:23.362+0000] {dag.py:3239} INFO - Sync 1 DAGs
[2026-05-13T00:12:23.384+0000] {logging_mixin.py:190} INFO - [2026-05-13T00:12:23.384+0000] {dag.py:4180} INFO - Setting next_dagrun for dag_hello_world to None, run_after=None
[2026-05-13T00:12:23.432+0000] {processor.py:208} INFO - Processing /opt/airflow/dags/dag_hello_world.py took 0.122 seconds
[2026-05-13T00:12:53.661+0000] {processor.py:186} INFO - Started process (PID=52093) to work on /opt/airflow/dags/dag_hello_world.py
[2026-05-13T00:12:53.662+0000] {processor.py:914} INFO - Processing file /opt/airflow/dags/dag_hello_world.py for tasks to queue
[2026-05-13T00:12:53.666+0000] {logging_mixin.py:190} INFO - [2026-05-13T00:12:53.665+0000] {dagbag.py:588} INFO - Filling up the DagBag from /opt/airflow/dags/dag_hello_world.py
[2026-05-13T00:12:53.677+0000] {processor.py:925} INFO - DAG(s) 'dag_hello_world' retrieved from /opt/airflow/dags/dag_hello_world.py
[2026-05-13T00:12:53.716+0000] {logging_mixin.py:190} INFO - [2026-05-13T00:12:53.716+0000] {dag.py:3239} INFO - Sync 1 DAGs
[2026-05-13T00:12:53.739+0000] {logging_mixin.py:190} INFO - [2026-05-13T00:12:53.739+0000] {dag.py:4180} INFO - Setting next_dagrun for dag_hello_world to None, run_after=None
[2026-05-13T00:12:53.774+0000] {processor.py:208} INFO - Processing /opt/airflow/dags/dag_hello_world.py took 0.121 seconds
[2026-05-13T00:13:23.999+0000] {processor.py:186} INFO - Started process (PID=52143) to work on /opt/airflow/dags/dag_hello_world.py
[2026-05-13T00:13:24.000+0000] {processor.py:914} INFO - Processing file /opt/airflow/dags/dag_hello_world.py for tasks to queue
[2026-05-13T00:13:24.003+0000] {logging_mixin.py:190} INFO - [2026-05-13T00:13:24.002+0000] {dagbag.py:588} INFO - Filling up the DagBag from /opt/airflow/dags/dag_hello_world.py
[2026-05-13T00:13:24.014+0000] {processor.py:925} INFO - DAG(s) 'dag_hello_world' retrieved from /opt/airflow/dags/dag_hello_world.py
[2026-05-13T00:13:24.052+0000] {logging_mixin.py:190} INFO - [2026-05-13T00:13:24.052+0000] {dag.py:3239} INFO - Sync 1 DAGs
[2026-05-13T00:13:24.068+0000] {logging_mixin.py:190} INFO - [2026-05-13T00:13:24.068+0000] {dag.py:4180} INFO - Setting next_dagrun for dag_hello_world to None, run_after=None
[2026-05-13T00:13:24.111+0000] {processor.py:208} INFO - Processing /opt/airflow/dags/dag_hello_world.py took 0.122 seconds
[2026-05-13T00:13:54.436+0000] {processor.py:186} INFO - Started process (PID=52193) to work on /opt/airflow/dags/dag_hello_world.py
[2026-05-13T00:13:54.456+0000] {processor.py:914} INFO - Processing file /opt/airflow/dags/dag_hello_world.py for tasks to queue
[2026-05-13T00:13:54.464+0000] {logging_mixin.py:190} INFO - [2026-05-13T00:13:54.460+0000] {dagbag.py:588} INFO - Filling up the DagBag from /opt/airflow/dags/dag_hello_world.py
[2026-05-13T00:13:54.488+0000] {processor.py:925} INFO - DAG(s) 'dag_hello_world' retrieved from /opt/airflow/dags/dag_hello_world.py
[2026-05-13T00:13:54.588+0000] {logging_mixin.py:190} INFO - [2026-05-13T00:13:54.587+0000] {dag.py:3239} INFO - Sync 1 DAGs
[2026-05-13T00:13:54.615+0000] {logging_mixin.py:190} INFO - [2026-05-13T00:13:54.615+0000] {dag.py:4180} INFO - Setting next_dagrun for dag_hello_world to None, run_after=None
[2026-05-13T00:13:54.652+0000] {processor.py:208} INFO - Processing /opt/airflow/dags/dag_hello_world.py took 0.224 seconds
[2026-05-13T00:14:24.915+0000] {processor.py:186} INFO - Started process (PID=52244) to work on /opt/airflow/dags/dag_hello_world.py
[2026-05-13T00:14:24.918+0000] {processor.py:914} INFO - Processing file /opt/airflow/dags/dag_hello_world.py for tasks to queue
[2026-05-13T00:14:24.925+0000] {logging_mixin.py:190} INFO - [2026-05-13T00:14:24.924+0000] {dagbag.py:588} INFO - Filling up the DagBag from /opt/airflow/dags/dag_hello_world.py
[2026-05-13T00:14:24.933+0000] {processor.py:925} INFO - DAG(s) 'dag_hello_world' retrieved from /opt/airflow/dags/dag_hello_world.py
[2026-05-13T00:14:24.971+0000] {logging_mixin.py:190} INFO - [2026-05-13T00:14:24.971+0000] {dag.py:3239} INFO - Sync 1 DAGs
[2026-05-13T00:14:24.988+0000] {logging_mixin.py:190} INFO - [2026-05-13T00:14:24.988+0000] {dag.py:4180} INFO - Setting next_dagrun for dag_hello_world to None, run_after=None
[2026-05-13T00:14:25.034+0000] {processor.py:208} INFO - Processing /opt/airflow/dags/dag_hello_world.py took 0.132 seconds
[2026-05-13T00:14:55.293+0000] {processor.py:186} INFO - Started process (PID=52295) to work on /opt/airflow/dags/dag_hello_world.py
[2026-05-13T00:14:55.319+0000] {processor.py:914} INFO - Processing file /opt/airflow/dags/dag_hello_world.py for tasks to queue
[2026-05-13T00:14:55.322+0000] {logging_mixin.py:190} INFO - [2026-05-13T00:14:55.321+0000] {dagbag.py:588} INFO - Filling up the DagBag from /opt/airflow/dags/dag_hello_world.py
[2026-05-13T00:14:55.330+0000] {processor.py:925} INFO - DAG(s) 'dag_hello_world' retrieved from /opt/airflow/dags/dag_hello_world.py
[2026-05-13T00:14:55.380+0000] {logging_mixin.py:190} INFO - [2026-05-13T00:14:55.380+0000] {dag.py:3239} INFO - Sync 1 DAGs
[2026-05-13T00:14:55.404+0000] {logging_mixin.py:190} INFO - [2026-05-13T00:14:55.404+0000] {dag.py:4180} INFO - Setting next_dagrun for dag_hello_world to None, run_after=None
[2026-05-13T00:14:55.425+0000] {processor.py:208} INFO - Processing /opt/airflow/dags/dag_hello_world.py took 0.139 seconds
[2026-05-13T00:15:26.539+0000] {processor.py:186} INFO - Started process (PID=52345) to work on /opt/airflow/dags/dag_hello_world.py
[2026-05-13T00:15:26.540+0000] {processor.py:914} INFO - Processing file /opt/airflow/dags/dag_hello_world.py for tasks to queue
[2026-05-13T00:15:26.542+0000] {logging_mixin.py:190} INFO - [2026-05-13T00:15:26.541+0000] {dagbag.py:588} INFO - Filling up the DagBag from /opt/airflow/dags/dag_hello_world.py
[2026-05-13T00:15:26.549+0000] {processor.py:925} INFO - DAG(s) 'dag_hello_world' retrieved from /opt/airflow/dags/dag_hello_world.py
[2026-05-13T00:15:26.582+0000] {logging_mixin.py:190} INFO - [2026-05-13T00:15:26.581+0000] {dag.py:3239} INFO - Sync 1 DAGs
[2026-05-13T00:15:26.600+0000] {logging_mixin.py:190} INFO - [2026-05-13T00:15:26.599+0000] {dag.py:4180} INFO - Setting next_dagrun for dag_hello_world to None, run_after=None
[2026-05-13T00:15:26.646+0000] {processor.py:208} INFO - Processing /opt/airflow/dags/dag_hello_world.py took 0.114 seconds
[2026-05-13T00:15:56.748+0000] {processor.py:186} INFO - Started process (PID=52395) to work on /opt/airflow/dags/dag_hello_world.py
[2026-05-13T00:15:56.749+0000] {processor.py:914} INFO - Processing file /opt/airflow/dags/dag_hello_world.py for tasks to queue
[2026-05-13T00:15:56.750+0000] {logging_mixin.py:190} INFO - [2026-05-13T00:15:56.750+0000] {dagbag.py:588} INFO - Filling up the DagBag from /opt/airflow/dags/dag_hello_world.py
[2026-05-13T00:15:56.757+0000] {processor.py:925} INFO - DAG(s) 'dag_hello_world' retrieved from /opt/airflow/dags/dag_hello_world.py
[2026-05-13T00:15:56.788+0000] {logging_mixin.py:190} INFO - [2026-05-13T00:15:56.788+0000] {dag.py:3239} INFO - Sync 1 DAGs
[2026-05-13T00:15:56.802+0000] {logging_mixin.py:190} INFO - [2026-05-13T00:15:56.802+0000] {dag.py:4180} INFO - Setting next_dagrun for dag_hello_world to None, run_after=None
[2026-05-13T00:15:56.849+0000] {processor.py:208} INFO - Processing /opt/airflow/dags/dag_hello_world.py took 0.107 seconds
[2026-05-13T00:16:27.908+0000] {processor.py:186} INFO - Started process (PID=52445) to work on /opt/airflow/dags/dag_hello_world.py
[2026-05-13T00:16:27.937+0000] {processor.py:914} INFO - Processing file /opt/airflow/dags/dag_hello_world.py for tasks to queue
[2026-05-13T00:16:27.940+0000] {logging_mixin.py:190} INFO - [2026-05-13T00:16:27.940+0000] {dagbag.py:588} INFO - Filling up the DagBag from /opt/airflow/dags/dag_hello_world.py
[2026-05-13T00:16:27.949+0000] {processor.py:925} INFO - DAG(s) 'dag_hello_world' retrieved from /opt/airflow/dags/dag_hello_world.py
[2026-05-13T00:16:27.994+0000] {logging_mixin.py:190} INFO - [2026-05-13T00:16:27.994+0000] {dag.py:3239} INFO - Sync 1 DAGs
[2026-05-13T00:16:28.014+0000] {logging_mixin.py:190} INFO - [2026-05-13T00:16:28.014+0000] {dag.py:4180} INFO - Setting next_dagrun for dag_hello_world to None, run_after=None
[2026-05-13T00:16:28.044+0000] {processor.py:208} INFO - Processing /opt/airflow/dags/dag_hello_world.py took 0.143 seconds
[2026-05-13T00:16:58.450+0000] {processor.py:186} INFO - Started process (PID=52495) to work on /opt/airflow/dags/dag_hello_world.py
[2026-05-13T00:16:58.451+0000] {processor.py:914} INFO - Processing file /opt/airflow/dags/dag_hello_world.py for tasks to queue
[2026-05-13T00:16:58.453+0000] {logging_mixin.py:190} INFO - [2026-05-13T00:16:58.452+0000] {dagbag.py:588} INFO - Filling up the DagBag from /opt/airflow/dags/dag_hello_world.py
[2026-05-13T00:16:58.459+0000] {processor.py:925} INFO - DAG(s) 'dag_hello_world' retrieved from /opt/airflow/dags/dag_hello_world.py
[2026-05-13T00:16:58.488+0000] {logging_mixin.py:190} INFO - [2026-05-13T00:16:58.488+0000] {dag.py:3239} INFO - Sync 1 DAGs
[2026-05-13T00:16:58.502+0000] {logging_mixin.py:190} INFO - [2026-05-13T00:16:58.501+0000] {dag.py:4180} INFO - Setting next_dagrun for dag_hello_world to None, run_after=None
[2026-05-13T00:16:58.522+0000] {processor.py:208} INFO - Processing /opt/airflow/dags/dag_hello_world.py took 0.078 seconds
[2026-05-13T00:17:28.992+0000] {processor.py:186} INFO - Started process (PID=52545) to work on /opt/airflow/dags/dag_hello_world.py
[2026-05-13T00:17:29.080+0000] {processor.py:914} INFO - Processing file /opt/airflow/dags/dag_hello_world.py for tasks to queue
[2026-05-13T00:17:29.088+0000] {logging_mixin.py:190} INFO - [2026-05-13T00:17:29.087+0000] {dagbag.py:588} INFO - Filling up the DagBag from /opt/airflow/dags/dag_hello_world.py
[2026-05-13T00:17:29.117+0000] {processor.py:925} INFO - DAG(s) 'dag_hello_world' retrieved from /opt/airflow/dags/dag_hello_world.py
[2026-05-13T00:17:29.185+0000] {logging_mixin.py:190} INFO - [2026-05-13T00:17:29.184+0000] {dag.py:3239} INFO - Sync 1 DAGs
[2026-05-13T00:17:29.203+0000] {logging_mixin.py:190} INFO - [2026-05-13T00:17:29.203+0000] {dag.py:4180} INFO - Setting next_dagrun for dag_hello_world to None, run_after=None
[2026-05-13T00:17:29.316+0000] {processor.py:208} INFO - Processing /opt/airflow/dags/dag_hello_world.py took 0.334 seconds
[2026-05-13T00:18:00.092+0000] {processor.py:186} INFO - Started process (PID=52595) to work on /opt/airflow/dags/dag_hello_world.py
[2026-05-13T00:18:00.093+0000] {processor.py:914} INFO - Processing file /opt/airflow/dags/dag_hello_world.py for tasks to queue
[2026-05-13T00:18:00.096+0000] {logging_mixin.py:190} INFO - [2026-05-13T00:18:00.095+0000] {dagbag.py:588} INFO - Filling up the DagBag from /opt/airflow/dags/dag_hello_world.py
[2026-05-13T00:18:00.104+0000] {processor.py:925} INFO - DAG(s) 'dag_hello_world' retrieved from /opt/airflow/dags/dag_hello_world.py
[2026-05-13T00:18:00.134+0000] {logging_mixin.py:190} INFO - [2026-05-13T00:18:00.134+0000] {dag.py:3239} INFO - Sync 1 DAGs
[2026-05-13T00:18:00.150+0000] {logging_mixin.py:190} INFO - [2026-05-13T00:18:00.149+0000] {dag.py:4180} INFO - Setting next_dagrun for dag_hello_world to None, run_after=None
[2026-05-13T00:18:00.173+0000] {processor.py:208} INFO - Processing /opt/airflow/dags/dag_hello_world.py took 0.089 seconds
[2026-05-13T00:18:30.375+0000] {processor.py:186} INFO - Started process (PID=52643) to work on /opt/airflow/dags/dag_hello_world.py
[2026-05-13T00:18:30.376+0000] {processor.py:914} INFO - Processing file /opt/airflow/dags/dag_hello_world.py for tasks to queue
[2026-05-13T00:18:30.378+0000] {logging_mixin.py:190} INFO - [2026-05-13T00:18:30.378+0000] {dagbag.py:588} INFO - Filling up the DagBag from /opt/airflow/dags/dag_hello_world.py
[2026-05-13T00:18:30.386+0000] {processor.py:925} INFO - DAG(s) 'dag_hello_world' retrieved from /opt/airflow/dags/dag_hello_world.py
[2026-05-13T00:18:30.417+0000] {logging_mixin.py:190} INFO - [2026-05-13T00:18:30.417+0000] {dag.py:3239} INFO - Sync 1 DAGs
[2026-05-13T00:18:30.433+0000] {logging_mixin.py:190} INFO - [2026-05-13T00:18:30.433+0000] {dag.py:4180} INFO - Setting next_dagrun for dag_hello_world to None, run_after=None
[2026-05-13T00:18:30.461+0000] {processor.py:208} INFO - Processing /opt/airflow/dags/dag_hello_world.py took 0.094 seconds
[2026-05-13T00:19:00.818+0000] {processor.py:186} INFO - Started process (PID=52695) to work on /opt/airflow/dags/dag_hello_world.py
[2026-05-13T00:19:00.818+0000] {processor.py:914} INFO - Processing file /opt/airflow/dags/dag_hello_world.py for tasks to queue
[2026-05-13T00:19:00.821+0000] {logging_mixin.py:190} INFO - [2026-05-13T00:19:00.821+0000] {dagbag.py:588} INFO - Filling up the DagBag from /opt/airflow/dags/dag_hello_world.py
[2026-05-13T00:19:00.828+0000] {processor.py:925} INFO - DAG(s) 'dag_hello_world' retrieved from /opt/airflow/dags/dag_hello_world.py
[2026-05-13T00:19:00.858+0000] {logging_mixin.py:190} INFO - [2026-05-13T00:19:00.858+0000] {dag.py:3239} INFO - Sync 1 DAGs
[2026-05-13T00:19:00.872+0000] {logging_mixin.py:190} INFO - [2026-05-13T00:19:00.872+0000] {dag.py:4180} INFO - Setting next_dagrun for dag_hello_world to None, run_after=None
[2026-05-13T00:19:00.899+0000] {processor.py:208} INFO - Processing /opt/airflow/dags/dag_hello_world.py took 0.088 seconds
[2026-05-13T00:19:31.054+0000] {processor.py:186} INFO - Started process (PID=52745) to work on /opt/airflow/dags/dag_hello_world.py
[2026-05-13T00:19:31.054+0000] {processor.py:914} INFO - Processing file /opt/airflow/dags/dag_hello_world.py for tasks to queue
[2026-05-13T00:19:31.056+0000] {logging_mixin.py:190} INFO - [2026-05-13T00:19:31.056+0000] {dagbag.py:588} INFO - Filling up the DagBag from /opt/airflow/dags/dag_hello_world.py
[2026-05-13T00:19:31.063+0000] {processor.py:925} INFO - DAG(s) 'dag_hello_world' retrieved from /opt/airflow/dags/dag_hello_world.py
[2026-05-13T00:19:31.092+0000] {logging_mixin.py:190} INFO - [2026-05-13T00:19:31.092+0000] {dag.py:3239} INFO - Sync 1 DAGs
[2026-05-13T00:19:31.107+0000] {logging_mixin.py:190} INFO - [2026-05-13T00:19:31.107+0000] {dag.py:4180} INFO - Setting next_dagrun for dag_hello_world to None, run_after=None
[2026-05-13T00:19:31.126+0000] {processor.py:208} INFO - Processing /opt/airflow/dags/dag_hello_world.py took 0.079 seconds
[2026-05-13T00:20:01.215+0000] {processor.py:186} INFO - Started process (PID=52793) to work on /opt/airflow/dags/dag_hello_world.py
[2026-05-13T00:20:01.216+0000] {processor.py:914} INFO - Processing file /opt/airflow/dags/dag_hello_world.py for tasks to queue
[2026-05-13T00:20:01.219+0000] {logging_mixin.py:190} INFO - [2026-05-13T00:20:01.218+0000] {dagbag.py:588} INFO - Filling up the DagBag from /opt/airflow/dags/dag_hello_world.py
[2026-05-13T00:20:01.227+0000] {processor.py:925} INFO - DAG(s) 'dag_hello_world' retrieved from /opt/airflow/dags/dag_hello_world.py
[2026-05-13T00:20:01.264+0000] {logging_mixin.py:190} INFO - [2026-05-13T00:20:01.264+0000] {dag.py:3239} INFO - Sync 1 DAGs
[2026-05-13T00:20:01.282+0000] {logging_mixin.py:190} INFO - [2026-05-13T00:20:01.282+0000] {dag.py:4180} INFO - Setting next_dagrun for dag_hello_world to None, run_after=None
[2026-05-13T00:20:01.312+0000] {processor.py:208} INFO - Processing /opt/airflow/dags/dag_hello_world.py took 0.104 seconds
[2026-05-13T00:20:31.497+0000] {processor.py:186} INFO - Started process (PID=52843) to work on /opt/airflow/dags/dag_hello_world.py
[2026-05-13T00:20:31.498+0000] {processor.py:914} INFO - Processing file /opt/airflow/dags/dag_hello_world.py for tasks to queue
[2026-05-13T00:20:31.500+0000] {logging_mixin.py:190} INFO - [2026-05-13T00:20:31.500+0000] {dagbag.py:588} INFO - Filling up the DagBag from /opt/airflow/dags/dag_hello_world.py
[2026-05-13T00:20:31.507+0000] {processor.py:925} INFO - DAG(s) 'dag_hello_world' retrieved from /opt/airflow/dags/dag_hello_world.py
[2026-05-13T00:20:31.539+0000] {logging_mixin.py:190} INFO - [2026-05-13T00:20:31.538+0000] {dag.py:3239} INFO - Sync 1 DAGs
[2026-05-13T00:20:31.554+0000] {logging_mixin.py:190} INFO - [2026-05-13T00:20:31.554+0000] {dag.py:4180} INFO - Setting next_dagrun for dag_hello_world to None, run_after=None
[2026-05-13T00:20:31.595+0000] {processor.py:208} INFO - Processing /opt/airflow/dags/dag_hello_world.py took 0.105 seconds
[2026-05-13T00:21:01.709+0000] {processor.py:186} INFO - Started process (PID=52893) to work on /opt/airflow/dags/dag_hello_world.py
[2026-05-13T00:21:01.710+0000] {processor.py:914} INFO - Processing file /opt/airflow/dags/dag_hello_world.py for tasks to queue
[2026-05-13T00:21:01.712+0000] {logging_mixin.py:190} INFO - [2026-05-13T00:21:01.712+0000] {dagbag.py:588} INFO - Filling up the DagBag from /opt/airflow/dags/dag_hello_world.py
[2026-05-13T00:21:01.721+0000] {processor.py:925} INFO - DAG(s) 'dag_hello_world' retrieved from /opt/airflow/dags/dag_hello_world.py
[2026-05-13T00:21:01.752+0000] {logging_mixin.py:190} INFO - [2026-05-13T00:21:01.752+0000] {dag.py:3239} INFO - Sync 1 DAGs
[2026-05-13T00:21:01.767+0000] {logging_mixin.py:190} INFO - [2026-05-13T00:21:01.767+0000] {dag.py:4180} INFO - Setting next_dagrun for dag_hello_world to None, run_after=None
[2026-05-13T00:21:01.797+0000] {processor.py:208} INFO - Processing /opt/airflow/dags/dag_hello_world.py took 0.094 seconds
[2026-05-13T00:21:32.017+0000] {processor.py:186} INFO - Started process (PID=52943) to work on /opt/airflow/dags/dag_hello_world.py
[2026-05-13T00:21:32.018+0000] {processor.py:914} INFO - Processing file /opt/airflow/dags/dag_hello_world.py for tasks to queue
[2026-05-13T00:21:32.022+0000] {logging_mixin.py:190} INFO - [2026-05-13T00:21:32.021+0000] {dagbag.py:588} INFO - Filling up the DagBag from /opt/airflow/dags/dag_hello_world.py
[2026-05-13T00:21:32.031+0000] {processor.py:925} INFO - DAG(s) 'dag_hello_world' retrieved from /opt/airflow/dags/dag_hello_world.py
[2026-05-13T00:21:32.071+0000] {logging_mixin.py:190} INFO - [2026-05-13T00:21:32.071+0000] {dag.py:3239} INFO - Sync 1 DAGs
[2026-05-13T00:21:32.092+0000] {logging_mixin.py:190} INFO - [2026-05-13T00:21:32.091+0000] {dag.py:4180} INFO - Setting next_dagrun for dag_hello_world to None, run_after=None
[2026-05-13T00:21:32.137+0000] {processor.py:208} INFO - Processing /opt/airflow/dags/dag_hello_world.py took 0.127 seconds
[2026-05-13T00:22:02.266+0000] {processor.py:186} INFO - Started process (PID=52993) to work on /opt/airflow/dags/dag_hello_world.py
[2026-05-13T00:22:02.271+0000] {processor.py:914} INFO - Processing file /opt/airflow/dags/dag_hello_world.py for tasks to queue
[2026-05-13T00:22:02.276+0000] {logging_mixin.py:190} INFO - [2026-05-13T00:22:02.275+0000] {dagbag.py:588} INFO - Filling up the DagBag from /opt/airflow/dags/dag_hello_world.py
[2026-05-13T00:22:02.288+0000] {processor.py:925} INFO - DAG(s) 'dag_hello_world' retrieved from /opt/airflow/dags/dag_hello_world.py
[2026-05-13T00:22:02.339+0000] {logging_mixin.py:190} INFO - [2026-05-13T00:22:02.338+0000] {dag.py:3239} INFO - Sync 1 DAGs
[2026-05-13T00:22:02.365+0000] {logging_mixin.py:190} INFO - [2026-05-13T00:22:02.364+0000] {dag.py:4180} INFO - Setting next_dagrun for dag_hello_world to None, run_after=None
[2026-05-13T00:22:02.392+0000] {processor.py:208} INFO - Processing /opt/airflow/dags/dag_hello_world.py took 0.136 seconds
[2026-05-13T00:22:32.552+0000] {processor.py:186} INFO - Started process (PID=53043) to work on /opt/airflow/dags/dag_hello_world.py
[2026-05-13T00:22:32.555+0000] {processor.py:914} INFO - Processing file /opt/airflow/dags/dag_hello_world.py for tasks to queue
[2026-05-13T00:22:32.559+0000] {logging_mixin.py:190} INFO - [2026-05-13T00:22:32.558+0000] {dagbag.py:588} INFO - Filling up the DagBag from /opt/airflow/dags/dag_hello_world.py
[2026-05-13T00:22:32.580+0000] {processor.py:925} INFO - DAG(s) 'dag_hello_world' retrieved from /opt/airflow/dags/dag_hello_world.py
[2026-05-13T00:22:32.640+0000] {logging_mixin.py:190} INFO - [2026-05-13T00:22:32.639+0000] {dag.py:3239} INFO - Sync 1 DAGs
[2026-05-13T00:22:32.667+0000] {logging_mixin.py:190} INFO - [2026-05-13T00:22:32.667+0000] {dag.py:4180} INFO - Setting next_dagrun for dag_hello_world to None, run_after=None
[2026-05-13T00:22:32.762+0000] {processor.py:208} INFO - Processing /opt/airflow/dags/dag_hello_world.py took 0.225 seconds
[2026-05-13T00:23:03.056+0000] {processor.py:186} INFO - Started process (PID=53095) to work on /opt/airflow/dags/dag_hello_world.py
[2026-05-13T00:23:03.057+0000] {processor.py:914} INFO - Processing file /opt/airflow/dags/dag_hello_world.py for tasks to queue
[2026-05-13T00:23:03.059+0000] {logging_mixin.py:190} INFO - [2026-05-13T00:23:03.059+0000] {dagbag.py:588} INFO - Filling up the DagBag from /opt/airflow/dags/dag_hello_world.py
[2026-05-13T00:23:03.067+0000] {processor.py:925} INFO - DAG(s) 'dag_hello_world' retrieved from /opt/airflow/dags/dag_hello_world.py
[2026-05-13T00:23:03.102+0000] {logging_mixin.py:190} INFO - [2026-05-13T00:23:03.102+0000] {dag.py:3239} INFO - Sync 1 DAGs
[2026-05-13T00:23:03.120+0000] {logging_mixin.py:190} INFO - [2026-05-13T00:23:03.120+0000] {dag.py:4180} INFO - Setting next_dagrun for dag_hello_world to None, run_after=None
[2026-05-13T00:23:03.156+0000] {processor.py:208} INFO - Processing /opt/airflow/dags/dag_hello_world.py took 0.107 seconds
[2026-05-13T00:23:33.381+0000] {processor.py:186} INFO - Started process (PID=53145) to work on /opt/airflow/dags/dag_hello_world.py
[2026-05-13T00:23:33.382+0000] {processor.py:914} INFO - Processing file /opt/airflow/dags/dag_hello_world.py for tasks to queue
[2026-05-13T00:23:33.385+0000] {logging_mixin.py:190} INFO - [2026-05-13T00:23:33.384+0000] {dagbag.py:588} INFO - Filling up the DagBag from /opt/airflow/dags/dag_hello_world.py
[2026-05-13T00:23:33.392+0000] {processor.py:925} INFO - DAG(s) 'dag_hello_world' retrieved from /opt/airflow/dags/dag_hello_world.py
[2026-05-13T00:23:33.426+0000] {logging_mixin.py:190} INFO - [2026-05-13T00:23:33.425+0000] {dag.py:3239} INFO - Sync 1 DAGs
[2026-05-13T00:23:33.441+0000] {logging_mixin.py:190} INFO - [2026-05-13T00:23:33.441+0000] {dag.py:4180} INFO - Setting next_dagrun for dag_hello_world to None, run_after=None
[2026-05-13T00:23:33.480+0000] {processor.py:208} INFO - Processing /opt/airflow/dags/dag_hello_world.py took 0.106 seconds
[2026-05-13T00:24:03.753+0000] {processor.py:186} INFO - Started process (PID=53194) to work on /opt/airflow/dags/dag_hello_world.py
[2026-05-13T00:24:03.754+0000] {processor.py:914} INFO - Processing file /opt/airflow/dags/dag_hello_world.py for tasks to queue
[2026-05-13T00:24:03.757+0000] {logging_mixin.py:190} INFO - [2026-05-13T00:24:03.756+0000] {dagbag.py:588} INFO - Filling up the DagBag from /opt/airflow/dags/dag_hello_world.py
[2026-05-13T00:24:03.765+0000] {processor.py:925} INFO - DAG(s) 'dag_hello_world' retrieved from /opt/airflow/dags/dag_hello_world.py
[2026-05-13T00:24:03.799+0000] {logging_mixin.py:190} INFO - [2026-05-13T00:24:03.799+0000] {dag.py:3239} INFO - Sync 1 DAGs
[2026-05-13T00:24:03.816+0000] {logging_mixin.py:190} INFO - [2026-05-13T00:24:03.815+0000] {dag.py:4180} INFO - Setting next_dagrun for dag_hello_world to None, run_after=None
[2026-05-13T00:24:03.856+0000] {processor.py:208} INFO - Processing /opt/airflow/dags/dag_hello_world.py took 0.111 seconds
[2026-05-13T00:24:33.934+0000] {processor.py:186} INFO - Started process (PID=53243) to work on /opt/airflow/dags/dag_hello_world.py
[2026-05-13T00:24:33.935+0000] {processor.py:914} INFO - Processing file /opt/airflow/dags/dag_hello_world.py for tasks to queue
[2026-05-13T00:24:33.937+0000] {logging_mixin.py:190} INFO - [2026-05-13T00:24:33.937+0000] {dagbag.py:588} INFO - Filling up the DagBag from /opt/airflow/dags/dag_hello_world.py
[2026-05-13T00:24:33.947+0000] {processor.py:925} INFO - DAG(s) 'dag_hello_world' retrieved from /opt/airflow/dags/dag_hello_world.py
[2026-05-13T00:24:33.991+0000] {logging_mixin.py:190} INFO - [2026-05-13T00:24:33.991+0000] {dag.py:3239} INFO - Sync 1 DAGs
[2026-05-13T00:24:34.009+0000] {logging_mixin.py:190} INFO - [2026-05-13T00:24:34.009+0000] {dag.py:4180} INFO - Setting next_dagrun for dag_hello_world to None, run_after=None
[2026-05-13T00:24:34.034+0000] {processor.py:208} INFO - Processing /opt/airflow/dags/dag_hello_world.py took 0.109 seconds
[2026-05-13T00:25:04.405+0000] {processor.py:186} INFO - Started process (PID=53295) to work on /opt/airflow/dags/dag_hello_world.py
[2026-05-13T00:25:04.407+0000] {processor.py:914} INFO - Processing file /opt/airflow/dags/dag_hello_world.py for tasks to queue
[2026-05-13T00:25:04.409+0000] {logging_mixin.py:190} INFO - [2026-05-13T00:25:04.408+0000] {dagbag.py:588} INFO - Filling up the DagBag from /opt/airflow/dags/dag_hello_world.py
[2026-05-13T00:25:04.417+0000] {processor.py:925} INFO - DAG(s) 'dag_hello_world' retrieved from /opt/airflow/dags/dag_hello_world.py
[2026-05-13T00:25:04.454+0000] {logging_mixin.py:190} INFO - [2026-05-13T00:25:04.454+0000] {dag.py:3239} INFO - Sync 1 DAGs
[2026-05-13T00:25:04.472+0000] {logging_mixin.py:190} INFO - [2026-05-13T00:25:04.471+0000] {dag.py:4180} INFO - Setting next_dagrun for dag_hello_world to None, run_after=None
[2026-05-13T00:25:04.498+0000] {processor.py:208} INFO - Processing /opt/airflow/dags/dag_hello_world.py took 0.100 seconds
[2026-05-13T00:25:34.585+0000] {processor.py:186} INFO - Started process (PID=53345) to work on /opt/airflow/dags/dag_hello_world.py
[2026-05-13T00:25:34.586+0000] {processor.py:914} INFO - Processing file /opt/airflow/dags/dag_hello_world.py for tasks to queue
[2026-05-13T00:25:34.589+0000] {logging_mixin.py:190} INFO - [2026-05-13T00:25:34.589+0000] {dagbag.py:588} INFO - Filling up the DagBag from /opt/airflow/dags/dag_hello_world.py
[2026-05-13T00:25:34.601+0000] {processor.py:925} INFO - DAG(s) 'dag_hello_world' retrieved from /opt/airflow/dags/dag_hello_world.py
[2026-05-13T00:25:34.642+0000] {logging_mixin.py:190} INFO - [2026-05-13T00:25:34.642+0000] {dag.py:3239} INFO - Sync 1 DAGs
[2026-05-13T00:25:34.659+0000] {logging_mixin.py:190} INFO - [2026-05-13T00:25:34.659+0000] {dag.py:4180} INFO - Setting next_dagrun for dag_hello_world to None, run_after=None
[2026-05-13T00:25:34.692+0000] {processor.py:208} INFO - Processing /opt/airflow/dags/dag_hello_world.py took 0.113 seconds
[2026-05-13T00:26:04.901+0000] {processor.py:186} INFO - Started process (PID=53394) to work on /opt/airflow/dags/dag_hello_world.py
[2026-05-13T00:26:04.902+0000] {processor.py:914} INFO - Processing file /opt/airflow/dags/dag_hello_world.py for tasks to queue
[2026-05-13T00:26:04.905+0000] {logging_mixin.py:190} INFO - [2026-05-13T00:26:04.905+0000] {dagbag.py:588} INFO - Filling up the DagBag from /opt/airflow/dags/dag_hello_world.py
[2026-05-13T00:26:04.913+0000] {processor.py:925} INFO - DAG(s) 'dag_hello_world' retrieved from /opt/airflow/dags/dag_hello_world.py
[2026-05-13T00:26:04.949+0000] {logging_mixin.py:190} INFO - [2026-05-13T00:26:04.948+0000] {dag.py:3239} INFO - Sync 1 DAGs
[2026-05-13T00:26:04.967+0000] {logging_mixin.py:190} INFO - [2026-05-13T00:26:04.967+0000] {dag.py:4180} INFO - Setting next_dagrun for dag_hello_world to None, run_after=None
[2026-05-13T00:26:04.990+0000] {processor.py:208} INFO - Processing /opt/airflow/dags/dag_hello_world.py took 0.096 seconds
[2026-05-13T00:26:35.371+0000] {processor.py:186} INFO - Started process (PID=53443) to work on /opt/airflow/dags/dag_hello_world.py
[2026-05-13T00:26:35.373+0000] {processor.py:914} INFO - Processing file /opt/airflow/dags/dag_hello_world.py for tasks to queue
[2026-05-13T00:26:35.375+0000] {logging_mixin.py:190} INFO - [2026-05-13T00:26:35.375+0000] {dagbag.py:588} INFO - Filling up the DagBag from /opt/airflow/dags/dag_hello_world.py
[2026-05-13T00:26:35.384+0000] {processor.py:925} INFO - DAG(s) 'dag_hello_world' retrieved from /opt/airflow/dags/dag_hello_world.py
[2026-05-13T00:26:35.417+0000] {logging_mixin.py:190} INFO - [2026-05-13T00:26:35.416+0000] {dag.py:3239} INFO - Sync 1 DAGs
[2026-05-13T00:26:35.434+0000] {logging_mixin.py:190} INFO - [2026-05-13T00:26:35.434+0000] {dag.py:4180} INFO - Setting next_dagrun for dag_hello_world to None, run_after=None
[2026-05-13T00:26:35.475+0000] {processor.py:208} INFO - Processing /opt/airflow/dags/dag_hello_world.py took 0.110 seconds
[2026-05-13T00:27:05.622+0000] {processor.py:186} INFO - Started process (PID=53493) to work on /opt/airflow/dags/dag_hello_world.py
[2026-05-13T00:27:05.624+0000] {processor.py:914} INFO - Processing file /opt/airflow/dags/dag_hello_world.py for tasks to queue
[2026-05-13T00:27:05.626+0000] {logging_mixin.py:190} INFO - [2026-05-13T00:27:05.625+0000] {dagbag.py:588} INFO - Filling up the DagBag from /opt/airflow/dags/dag_hello_world.py
[2026-05-13T00:27:05.636+0000] {processor.py:925} INFO - DAG(s) 'dag_hello_world' retrieved from /opt/airflow/dags/dag_hello_world.py
[2026-05-13T00:27:05.673+0000] {logging_mixin.py:190} INFO - [2026-05-13T00:27:05.672+0000] {dag.py:3239} INFO - Sync 1 DAGs
[2026-05-13T00:27:05.693+0000] {logging_mixin.py:190} INFO - [2026-05-13T00:27:05.692+0000] {dag.py:4180} INFO - Setting next_dagrun for dag_hello_world to None, run_after=None
[2026-05-13T00:27:05.742+0000] {processor.py:208} INFO - Processing /opt/airflow/dags/dag_hello_world.py took 0.129 seconds
[2026-05-13T00:27:36.109+0000] {processor.py:186} INFO - Started process (PID=53545) to work on /opt/airflow/dags/dag_hello_world.py
[2026-05-13T00:27:36.134+0000] {processor.py:914} INFO - Processing file /opt/airflow/dags/dag_hello_world.py for tasks to queue
[2026-05-13T00:27:36.138+0000] {logging_mixin.py:190} INFO - [2026-05-13T00:27:36.138+0000] {dagbag.py:588} INFO - Filling up the DagBag from /opt/airflow/dags/dag_hello_world.py
[2026-05-13T00:27:36.146+0000] {processor.py:925} INFO - DAG(s) 'dag_hello_world' retrieved from /opt/airflow/dags/dag_hello_world.py
[2026-05-13T00:27:36.192+0000] {logging_mixin.py:190} INFO - [2026-05-13T00:27:36.192+0000] {dag.py:3239} INFO - Sync 1 DAGs
[2026-05-13T00:27:36.209+0000] {logging_mixin.py:190} INFO - [2026-05-13T00:27:36.209+0000] {dag.py:4180} INFO - Setting next_dagrun for dag_hello_world to None, run_after=None
[2026-05-13T00:27:36.233+0000] {processor.py:208} INFO - Processing /opt/airflow/dags/dag_hello_world.py took 0.132 seconds
[2026-05-13T00:28:06.429+0000] {processor.py:186} INFO - Started process (PID=53595) to work on /opt/airflow/dags/dag_hello_world.py
[2026-05-13T00:28:06.455+0000] {processor.py:914} INFO - Processing file /opt/airflow/dags/dag_hello_world.py for tasks to queue
[2026-05-13T00:28:06.459+0000] {logging_mixin.py:190} INFO - [2026-05-13T00:28:06.459+0000] {dagbag.py:588} INFO - Filling up the DagBag from /opt/airflow/dags/dag_hello_world.py
[2026-05-13T00:28:06.471+0000] {processor.py:925} INFO - DAG(s) 'dag_hello_world' retrieved from /opt/airflow/dags/dag_hello_world.py
[2026-05-13T00:28:06.517+0000] {logging_mixin.py:190} INFO - [2026-05-13T00:28:06.516+0000] {dag.py:3239} INFO - Sync 1 DAGs
[2026-05-13T00:28:06.535+0000] {logging_mixin.py:190} INFO - [2026-05-13T00:28:06.535+0000] {dag.py:4180} INFO - Setting next_dagrun for dag_hello_world to None, run_after=None
[2026-05-13T00:28:06.558+0000] {processor.py:208} INFO - Processing /opt/airflow/dags/dag_hello_world.py took 0.140 seconds
[2026-05-13T00:28:36.627+0000] {processor.py:186} INFO - Started process (PID=53643) to work on /opt/airflow/dags/dag_hello_world.py
[2026-05-13T00:28:36.643+0000] {processor.py:914} INFO - Processing file /opt/airflow/dags/dag_hello_world.py for tasks to queue
[2026-05-13T00:28:36.648+0000] {logging_mixin.py:190} INFO - [2026-05-13T00:28:36.647+0000] {dagbag.py:588} INFO - Filling up the DagBag from /opt/airflow/dags/dag_hello_world.py
[2026-05-13T00:28:36.660+0000] {processor.py:925} INFO - DAG(s) 'dag_hello_world' retrieved from /opt/airflow/dags/dag_hello_world.py
[2026-05-13T00:28:36.715+0000] {logging_mixin.py:190} INFO - [2026-05-13T00:28:36.715+0000] {dag.py:3239} INFO - Sync 1 DAGs
[2026-05-13T00:28:36.741+0000] {logging_mixin.py:190} INFO - [2026-05-13T00:28:36.740+0000] {dag.py:4180} INFO - Setting next_dagrun for dag_hello_world to None, run_after=None
[2026-05-13T00:28:36.768+0000] {processor.py:208} INFO - Processing /opt/airflow/dags/dag_hello_world.py took 0.151 seconds
[2026-05-13T00:29:07.729+0000] {processor.py:186} INFO - Started process (PID=53695) to work on /opt/airflow/dags/dag_hello_world.py
[2026-05-13T00:29:07.730+0000] {processor.py:914} INFO - Processing file /opt/airflow/dags/dag_hello_world.py for tasks to queue
[2026-05-13T00:29:07.732+0000] {logging_mixin.py:190} INFO - [2026-05-13T00:29:07.732+0000] {dagbag.py:588} INFO - Filling up the DagBag from /opt/airflow/dags/dag_hello_world.py
[2026-05-13T00:29:07.740+0000] {processor.py:925} INFO - DAG(s) 'dag_hello_world' retrieved from /opt/airflow/dags/dag_hello_world.py
[2026-05-13T00:29:07.778+0000] {logging_mixin.py:190} INFO - [2026-05-13T00:29:07.778+0000] {dag.py:3239} INFO - Sync 1 DAGs
[2026-05-13T00:29:07.795+0000] {logging_mixin.py:190} INFO - [2026-05-13T00:29:07.795+0000] {dag.py:4180} INFO - Setting next_dagrun for dag_hello_world to None, run_after=None
[2026-05-13T00:29:07.828+0000] {processor.py:208} INFO - Processing /opt/airflow/dags/dag_hello_world.py took 0.106 seconds
[2026-05-13T00:29:38.779+0000] {processor.py:186} INFO - Started process (PID=53745) to work on /opt/airflow/dags/dag_hello_world.py
[2026-05-13T00:29:38.780+0000] {processor.py:914} INFO - Processing file /opt/airflow/dags/dag_hello_world.py for tasks to queue
[2026-05-13T00:29:38.782+0000] {logging_mixin.py:190} INFO - [2026-05-13T00:29:38.781+0000] {dagbag.py:588} INFO - Filling up the DagBag from /opt/airflow/dags/dag_hello_world.py
[2026-05-13T00:29:38.789+0000] {processor.py:925} INFO - DAG(s) 'dag_hello_world' retrieved from /opt/airflow/dags/dag_hello_world.py
[2026-05-13T00:29:38.819+0000] {logging_mixin.py:190} INFO - [2026-05-13T00:29:38.819+0000] {dag.py:3239} INFO - Sync 1 DAGs
[2026-05-13T00:29:38.835+0000] {logging_mixin.py:190} INFO - [2026-05-13T00:29:38.834+0000] {dag.py:4180} INFO - Setting next_dagrun for dag_hello_world to None, run_after=None
[2026-05-13T00:29:38.855+0000] {processor.py:208} INFO - Processing /opt/airflow/dags/dag_hello_world.py took 0.082 seconds
[2026-05-13T00:30:08.928+0000] {processor.py:186} INFO - Started process (PID=53793) to work on /opt/airflow/dags/dag_hello_world.py
[2026-05-13T00:30:08.929+0000] {processor.py:914} INFO - Processing file /opt/airflow/dags/dag_hello_world.py for tasks to queue
[2026-05-13T00:30:08.934+0000] {logging_mixin.py:190} INFO - [2026-05-13T00:30:08.934+0000] {dagbag.py:588} INFO - Filling up the DagBag from /opt/airflow/dags/dag_hello_world.py
[2026-05-13T00:30:08.942+0000] {processor.py:925} INFO - DAG(s) 'dag_hello_world' retrieved from /opt/airflow/dags/dag_hello_world.py
[2026-05-13T00:30:08.979+0000] {logging_mixin.py:190} INFO - [2026-05-13T00:30:08.979+0000] {dag.py:3239} INFO - Sync 1 DAGs
[2026-05-13T00:30:08.996+0000] {logging_mixin.py:190} INFO - [2026-05-13T00:30:08.996+0000] {dag.py:4180} INFO - Setting next_dagrun for dag_hello_world to None, run_after=None
[2026-05-13T00:30:09.016+0000] {processor.py:208} INFO - Processing /opt/airflow/dags/dag_hello_world.py took 0.096 seconds
[2026-05-13T00:30:39.175+0000] {processor.py:186} INFO - Started process (PID=53845) to work on /opt/airflow/dags/dag_hello_world.py
[2026-05-13T00:30:39.181+0000] {processor.py:914} INFO - Processing file /opt/airflow/dags/dag_hello_world.py for tasks to queue
[2026-05-13T00:30:39.184+0000] {logging_mixin.py:190} INFO - [2026-05-13T00:30:39.184+0000] {dagbag.py:588} INFO - Filling up the DagBag from /opt/airflow/dags/dag_hello_world.py
[2026-05-13T00:30:39.191+0000] {processor.py:925} INFO - DAG(s) 'dag_hello_world' retrieved from /opt/airflow/dags/dag_hello_world.py
[2026-05-13T00:30:39.227+0000] {logging_mixin.py:190} INFO - [2026-05-13T00:30:39.226+0000] {dag.py:3239} INFO - Sync 1 DAGs
[2026-05-13T00:30:39.243+0000] {logging_mixin.py:190} INFO - [2026-05-13T00:30:39.243+0000] {dag.py:4180} INFO - Setting next_dagrun for dag_hello_world to None, run_after=None
[2026-05-13T00:30:39.280+0000] {processor.py:208} INFO - Processing /opt/airflow/dags/dag_hello_world.py took 0.120 seconds
[2026-05-13T00:31:10.156+0000] {processor.py:186} INFO - Started process (PID=53895) to work on /opt/airflow/dags/dag_hello_world.py
[2026-05-13T00:31:10.157+0000] {processor.py:914} INFO - Processing file /opt/airflow/dags/dag_hello_world.py for tasks to queue
[2026-05-13T00:31:10.160+0000] {logging_mixin.py:190} INFO - [2026-05-13T00:31:10.159+0000] {dagbag.py:588} INFO - Filling up the DagBag from /opt/airflow/dags/dag_hello_world.py
[2026-05-13T00:31:10.168+0000] {processor.py:925} INFO - DAG(s) 'dag_hello_world' retrieved from /opt/airflow/dags/dag_hello_world.py
[2026-05-13T00:31:10.205+0000] {logging_mixin.py:190} INFO - [2026-05-13T00:31:10.205+0000] {dag.py:3239} INFO - Sync 1 DAGs
[2026-05-13T00:31:10.223+0000] {logging_mixin.py:190} INFO - [2026-05-13T00:31:10.222+0000] {dag.py:4180} INFO - Setting next_dagrun for dag_hello_world to None, run_after=None
[2026-05-13T00:31:10.250+0000] {processor.py:208} INFO - Processing /opt/airflow/dags/dag_hello_world.py took 0.100 seconds
