[2026-05-13T00:07:47.005+0000] {processor.py:186} INFO - Started process (PID=51590) to work on /opt/airflow/dags/dag_ingest_instacart_local.py
[2026-05-13T00:07:47.006+0000] {processor.py:914} INFO - Processing file /opt/airflow/dags/dag_ingest_instacart_local.py for tasks to queue
[2026-05-13T00:07:47.008+0000] {logging_mixin.py:190} INFO - [2026-05-13T00:07:47.008+0000] {dagbag.py:588} INFO - Filling up the DagBag from /opt/airflow/dags/dag_ingest_instacart_local.py
[2026-05-13T00:07:47.018+0000] {processor.py:925} INFO - DAG(s) 'dag_ingest_instacart_local' retrieved from /opt/airflow/dags/dag_ingest_instacart_local.py
[2026-05-13T00:07:47.047+0000] {logging_mixin.py:190} INFO - [2026-05-13T00:07:47.047+0000] {dag.py:3239} INFO - Sync 1 DAGs
[2026-05-13T00:07:47.063+0000] {logging_mixin.py:190} INFO - [2026-05-13T00:07:47.063+0000] {dag.py:4180} INFO - Setting next_dagrun for dag_ingest_instacart_local to None, run_after=None
[2026-05-13T00:07:47.091+0000] {processor.py:208} INFO - Processing /opt/airflow/dags/dag_ingest_instacart_local.py took 0.091 seconds
[2026-05-13T00:08:17.905+0000] {processor.py:186} INFO - Started process (PID=51640) to work on /opt/airflow/dags/dag_ingest_instacart_local.py
[2026-05-13T00:08:17.987+0000] {processor.py:914} INFO - Processing file /opt/airflow/dags/dag_ingest_instacart_local.py for tasks to queue
[2026-05-13T00:08:17.989+0000] {logging_mixin.py:190} INFO - [2026-05-13T00:08:17.989+0000] {dagbag.py:588} INFO - Filling up the DagBag from /opt/airflow/dags/dag_ingest_instacart_local.py
[2026-05-13T00:08:18.012+0000] {processor.py:925} INFO - DAG(s) 'dag_ingest_instacart_local' retrieved from /opt/airflow/dags/dag_ingest_instacart_local.py
[2026-05-13T00:08:18.079+0000] {logging_mixin.py:190} INFO - [2026-05-13T00:08:18.079+0000] {dag.py:3239} INFO - Sync 1 DAGs
[2026-05-13T00:08:18.100+0000] {logging_mixin.py:190} INFO - [2026-05-13T00:08:18.100+0000] {dag.py:4180} INFO - Setting next_dagrun for dag_ingest_instacart_local to None, run_after=None
[2026-05-13T00:08:18.163+0000] {processor.py:208} INFO - Processing /opt/airflow/dags/dag_ingest_instacart_local.py took 0.282 seconds
[2026-05-13T00:08:48.289+0000] {processor.py:186} INFO - Started process (PID=51690) to work on /opt/airflow/dags/dag_ingest_instacart_local.py
[2026-05-13T00:08:48.290+0000] {processor.py:914} INFO - Processing file /opt/airflow/dags/dag_ingest_instacart_local.py for tasks to queue
[2026-05-13T00:08:48.293+0000] {logging_mixin.py:190} INFO - [2026-05-13T00:08:48.292+0000] {dagbag.py:588} INFO - Filling up the DagBag from /opt/airflow/dags/dag_ingest_instacart_local.py
[2026-05-13T00:08:48.303+0000] {processor.py:925} INFO - DAG(s) 'dag_ingest_instacart_local' retrieved from /opt/airflow/dags/dag_ingest_instacart_local.py
[2026-05-13T00:08:48.336+0000] {logging_mixin.py:190} INFO - [2026-05-13T00:08:48.335+0000] {dag.py:3239} INFO - Sync 1 DAGs
[2026-05-13T00:08:48.351+0000] {logging_mixin.py:190} INFO - [2026-05-13T00:08:48.351+0000] {dag.py:4180} INFO - Setting next_dagrun for dag_ingest_instacart_local to None, run_after=None
[2026-05-13T00:08:48.374+0000] {processor.py:208} INFO - Processing /opt/airflow/dags/dag_ingest_instacart_local.py took 0.092 seconds
[2026-05-13T00:09:19.249+0000] {processor.py:186} INFO - Started process (PID=51738) to work on /opt/airflow/dags/dag_ingest_instacart_local.py
[2026-05-13T00:09:19.250+0000] {processor.py:914} INFO - Processing file /opt/airflow/dags/dag_ingest_instacart_local.py for tasks to queue
[2026-05-13T00:09:19.252+0000] {logging_mixin.py:190} INFO - [2026-05-13T00:09:19.252+0000] {dagbag.py:588} INFO - Filling up the DagBag from /opt/airflow/dags/dag_ingest_instacart_local.py
[2026-05-13T00:09:19.263+0000] {processor.py:925} INFO - DAG(s) 'dag_ingest_instacart_local' retrieved from /opt/airflow/dags/dag_ingest_instacart_local.py
[2026-05-13T00:09:19.297+0000] {logging_mixin.py:190} INFO - [2026-05-13T00:09:19.297+0000] {dag.py:3239} INFO - Sync 1 DAGs
[2026-05-13T00:09:19.318+0000] {logging_mixin.py:190} INFO - [2026-05-13T00:09:19.318+0000] {dag.py:4180} INFO - Setting next_dagrun for dag_ingest_instacart_local to None, run_after=None
[2026-05-13T00:09:19.340+0000] {processor.py:208} INFO - Processing /opt/airflow/dags/dag_ingest_instacart_local.py took 0.098 seconds
[2026-05-13T00:09:49.382+0000] {processor.py:186} INFO - Started process (PID=51788) to work on /opt/airflow/dags/dag_ingest_instacart_local.py
[2026-05-13T00:09:49.383+0000] {processor.py:914} INFO - Processing file /opt/airflow/dags/dag_ingest_instacart_local.py for tasks to queue
[2026-05-13T00:09:49.386+0000] {logging_mixin.py:190} INFO - [2026-05-13T00:09:49.386+0000] {dagbag.py:588} INFO - Filling up the DagBag from /opt/airflow/dags/dag_ingest_instacart_local.py
[2026-05-13T00:09:49.396+0000] {processor.py:925} INFO - DAG(s) 'dag_ingest_instacart_local' retrieved from /opt/airflow/dags/dag_ingest_instacart_local.py
[2026-05-13T00:09:49.447+0000] {logging_mixin.py:190} INFO - [2026-05-13T00:09:49.446+0000] {dag.py:3239} INFO - Sync 1 DAGs
[2026-05-13T00:09:49.468+0000] {logging_mixin.py:190} INFO - [2026-05-13T00:09:49.468+0000] {dag.py:4180} INFO - Setting next_dagrun for dag_ingest_instacart_local to None, run_after=None
[2026-05-13T00:09:49.495+0000] {processor.py:208} INFO - Processing /opt/airflow/dags/dag_ingest_instacart_local.py took 0.120 seconds
[2026-05-13T00:10:20.415+0000] {processor.py:186} INFO - Started process (PID=51838) to work on /opt/airflow/dags/dag_ingest_instacart_local.py
[2026-05-13T00:10:20.416+0000] {processor.py:914} INFO - Processing file /opt/airflow/dags/dag_ingest_instacart_local.py for tasks to queue
[2026-05-13T00:10:20.419+0000] {logging_mixin.py:190} INFO - [2026-05-13T00:10:20.419+0000] {dagbag.py:588} INFO - Filling up the DagBag from /opt/airflow/dags/dag_ingest_instacart_local.py
[2026-05-13T00:10:20.430+0000] {processor.py:925} INFO - DAG(s) 'dag_ingest_instacart_local' retrieved from /opt/airflow/dags/dag_ingest_instacart_local.py
[2026-05-13T00:10:20.465+0000] {logging_mixin.py:190} INFO - [2026-05-13T00:10:20.465+0000] {dag.py:3239} INFO - Sync 1 DAGs
[2026-05-13T00:10:20.486+0000] {logging_mixin.py:190} INFO - [2026-05-13T00:10:20.486+0000] {dag.py:4180} INFO - Setting next_dagrun for dag_ingest_instacart_local to None, run_after=None
[2026-05-13T00:10:20.510+0000] {processor.py:208} INFO - Processing /opt/airflow/dags/dag_ingest_instacart_local.py took 0.101 seconds
[2026-05-13T00:10:50.778+0000] {processor.py:186} INFO - Started process (PID=51890) to work on /opt/airflow/dags/dag_ingest_instacart_local.py
[2026-05-13T00:10:50.780+0000] {processor.py:914} INFO - Processing file /opt/airflow/dags/dag_ingest_instacart_local.py for tasks to queue
[2026-05-13T00:10:50.783+0000] {logging_mixin.py:190} INFO - [2026-05-13T00:10:50.782+0000] {dagbag.py:588} INFO - Filling up the DagBag from /opt/airflow/dags/dag_ingest_instacart_local.py
[2026-05-13T00:10:50.796+0000] {processor.py:925} INFO - DAG(s) 'dag_ingest_instacart_local' retrieved from /opt/airflow/dags/dag_ingest_instacart_local.py
[2026-05-13T00:10:50.833+0000] {logging_mixin.py:190} INFO - [2026-05-13T00:10:50.833+0000] {dag.py:3239} INFO - Sync 1 DAGs
[2026-05-13T00:10:50.849+0000] {logging_mixin.py:190} INFO - [2026-05-13T00:10:50.849+0000] {dag.py:4180} INFO - Setting next_dagrun for dag_ingest_instacart_local to None, run_after=None
[2026-05-13T00:10:50.871+0000] {processor.py:208} INFO - Processing /opt/airflow/dags/dag_ingest_instacart_local.py took 0.100 seconds
[2026-05-13T00:11:21.468+0000] {processor.py:186} INFO - Started process (PID=51938) to work on /opt/airflow/dags/dag_ingest_instacart_local.py
[2026-05-13T00:11:21.474+0000] {processor.py:914} INFO - Processing file /opt/airflow/dags/dag_ingest_instacart_local.py for tasks to queue
[2026-05-13T00:11:21.478+0000] {logging_mixin.py:190} INFO - [2026-05-13T00:11:21.477+0000] {dagbag.py:588} INFO - Filling up the DagBag from /opt/airflow/dags/dag_ingest_instacart_local.py
[2026-05-13T00:11:21.523+0000] {processor.py:925} INFO - DAG(s) 'dag_ingest_instacart_local' retrieved from /opt/airflow/dags/dag_ingest_instacart_local.py
[2026-05-13T00:11:21.682+0000] {logging_mixin.py:190} INFO - [2026-05-13T00:11:21.681+0000] {dag.py:3239} INFO - Sync 1 DAGs
[2026-05-13T00:11:21.713+0000] {logging_mixin.py:190} INFO - [2026-05-13T00:11:21.712+0000] {dag.py:4180} INFO - Setting next_dagrun for dag_ingest_instacart_local to None, run_after=None
[2026-05-13T00:11:21.772+0000] {processor.py:208} INFO - Processing /opt/airflow/dags/dag_ingest_instacart_local.py took 0.312 seconds
[2026-05-13T00:11:52.148+0000] {processor.py:186} INFO - Started process (PID=51990) to work on /opt/airflow/dags/dag_ingest_instacart_local.py
[2026-05-13T00:11:52.173+0000] {processor.py:914} INFO - Processing file /opt/airflow/dags/dag_ingest_instacart_local.py for tasks to queue
[2026-05-13T00:11:52.180+0000] {logging_mixin.py:190} INFO - [2026-05-13T00:11:52.178+0000] {dagbag.py:588} INFO - Filling up the DagBag from /opt/airflow/dags/dag_ingest_instacart_local.py
[2026-05-13T00:11:52.201+0000] {processor.py:925} INFO - DAG(s) 'dag_ingest_instacart_local' retrieved from /opt/airflow/dags/dag_ingest_instacart_local.py
[2026-05-13T00:11:52.258+0000] {logging_mixin.py:190} INFO - [2026-05-13T00:11:52.258+0000] {dag.py:3239} INFO - Sync 1 DAGs
[2026-05-13T00:11:52.276+0000] {logging_mixin.py:190} INFO - [2026-05-13T00:11:52.276+0000] {dag.py:4180} INFO - Setting next_dagrun for dag_ingest_instacart_local to None, run_after=None
[2026-05-13T00:11:52.323+0000] {processor.py:208} INFO - Processing /opt/airflow/dags/dag_ingest_instacart_local.py took 0.187 seconds
[2026-05-13T00:12:23.194+0000] {processor.py:186} INFO - Started process (PID=52038) to work on /opt/airflow/dags/dag_ingest_instacart_local.py
[2026-05-13T00:12:23.195+0000] {processor.py:914} INFO - Processing file /opt/airflow/dags/dag_ingest_instacart_local.py for tasks to queue
[2026-05-13T00:12:23.201+0000] {logging_mixin.py:190} INFO - [2026-05-13T00:12:23.200+0000] {dagbag.py:588} INFO - Filling up the DagBag from /opt/airflow/dags/dag_ingest_instacart_local.py
[2026-05-13T00:12:23.222+0000] {processor.py:925} INFO - DAG(s) 'dag_ingest_instacart_local' retrieved from /opt/airflow/dags/dag_ingest_instacart_local.py
[2026-05-13T00:12:23.257+0000] {logging_mixin.py:190} INFO - [2026-05-13T00:12:23.257+0000] {dag.py:3239} INFO - Sync 1 DAGs
[2026-05-13T00:12:23.273+0000] {logging_mixin.py:190} INFO - [2026-05-13T00:12:23.273+0000] {dag.py:4180} INFO - Setting next_dagrun for dag_ingest_instacart_local to None, run_after=None
[2026-05-13T00:12:23.292+0000] {processor.py:208} INFO - Processing /opt/airflow/dags/dag_ingest_instacart_local.py took 0.113 seconds
[2026-05-13T00:12:53.645+0000] {processor.py:186} INFO - Started process (PID=52090) to work on /opt/airflow/dags/dag_ingest_instacart_local.py
[2026-05-13T00:12:53.647+0000] {processor.py:914} INFO - Processing file /opt/airflow/dags/dag_ingest_instacart_local.py for tasks to queue
[2026-05-13T00:12:53.650+0000] {logging_mixin.py:190} INFO - [2026-05-13T00:12:53.649+0000] {dagbag.py:588} INFO - Filling up the DagBag from /opt/airflow/dags/dag_ingest_instacart_local.py
[2026-05-13T00:12:53.661+0000] {processor.py:925} INFO - DAG(s) 'dag_ingest_instacart_local' retrieved from /opt/airflow/dags/dag_ingest_instacart_local.py
[2026-05-13T00:12:53.697+0000] {logging_mixin.py:190} INFO - [2026-05-13T00:12:53.697+0000] {dag.py:3239} INFO - Sync 1 DAGs
[2026-05-13T00:12:53.715+0000] {logging_mixin.py:190} INFO - [2026-05-13T00:12:53.715+0000] {dag.py:4180} INFO - Setting next_dagrun for dag_ingest_instacart_local to None, run_after=None
[2026-05-13T00:12:53.759+0000] {processor.py:208} INFO - Processing /opt/airflow/dags/dag_ingest_instacart_local.py took 0.121 seconds
[2026-05-13T00:13:23.968+0000] {processor.py:186} INFO - Started process (PID=52140) to work on /opt/airflow/dags/dag_ingest_instacart_local.py
[2026-05-13T00:13:23.970+0000] {processor.py:914} INFO - Processing file /opt/airflow/dags/dag_ingest_instacart_local.py for tasks to queue
[2026-05-13T00:13:23.972+0000] {logging_mixin.py:190} INFO - [2026-05-13T00:13:23.972+0000] {dagbag.py:588} INFO - Filling up the DagBag from /opt/airflow/dags/dag_ingest_instacart_local.py
[2026-05-13T00:13:23.987+0000] {processor.py:925} INFO - DAG(s) 'dag_ingest_instacart_local' retrieved from /opt/airflow/dags/dag_ingest_instacart_local.py
[2026-05-13T00:13:24.030+0000] {logging_mixin.py:190} INFO - [2026-05-13T00:13:24.030+0000] {dag.py:3239} INFO - Sync 1 DAGs
[2026-05-13T00:13:24.053+0000] {logging_mixin.py:190} INFO - [2026-05-13T00:13:24.052+0000] {dag.py:4180} INFO - Setting next_dagrun for dag_ingest_instacart_local to None, run_after=None
[2026-05-13T00:13:24.099+0000] {processor.py:208} INFO - Processing /opt/airflow/dags/dag_ingest_instacart_local.py took 0.142 seconds
[2026-05-13T00:13:54.426+0000] {processor.py:186} INFO - Started process (PID=52190) to work on /opt/airflow/dags/dag_ingest_instacart_local.py
[2026-05-13T00:13:54.452+0000] {processor.py:914} INFO - Processing file /opt/airflow/dags/dag_ingest_instacart_local.py for tasks to queue
[2026-05-13T00:13:54.457+0000] {logging_mixin.py:190} INFO - [2026-05-13T00:13:54.457+0000] {dagbag.py:588} INFO - Filling up the DagBag from /opt/airflow/dags/dag_ingest_instacart_local.py
[2026-05-13T00:13:54.519+0000] {processor.py:925} INFO - DAG(s) 'dag_ingest_instacart_local' retrieved from /opt/airflow/dags/dag_ingest_instacart_local.py
[2026-05-13T00:13:54.556+0000] {logging_mixin.py:190} INFO - [2026-05-13T00:13:54.556+0000] {dag.py:3239} INFO - Sync 1 DAGs
[2026-05-13T00:13:54.573+0000] {logging_mixin.py:190} INFO - [2026-05-13T00:13:54.573+0000] {dag.py:4180} INFO - Setting next_dagrun for dag_ingest_instacart_local to None, run_after=None
[2026-05-13T00:13:54.624+0000] {processor.py:208} INFO - Processing /opt/airflow/dags/dag_ingest_instacart_local.py took 0.212 seconds
[2026-05-13T00:14:24.740+0000] {processor.py:186} INFO - Started process (PID=52238) to work on /opt/airflow/dags/dag_ingest_instacart_local.py
[2026-05-13T00:14:24.749+0000] {processor.py:914} INFO - Processing file /opt/airflow/dags/dag_ingest_instacart_local.py for tasks to queue
[2026-05-13T00:14:24.751+0000] {logging_mixin.py:190} INFO - [2026-05-13T00:14:24.751+0000] {dagbag.py:588} INFO - Filling up the DagBag from /opt/airflow/dags/dag_ingest_instacart_local.py
[2026-05-13T00:14:24.765+0000] {processor.py:925} INFO - DAG(s) 'dag_ingest_instacart_local' retrieved from /opt/airflow/dags/dag_ingest_instacart_local.py
[2026-05-13T00:14:24.808+0000] {logging_mixin.py:190} INFO - [2026-05-13T00:14:24.808+0000] {dag.py:3239} INFO - Sync 1 DAGs
[2026-05-13T00:14:24.830+0000] {logging_mixin.py:190} INFO - [2026-05-13T00:14:24.829+0000] {dag.py:4180} INFO - Setting next_dagrun for dag_ingest_instacart_local to None, run_after=None
[2026-05-13T00:14:24.860+0000] {processor.py:208} INFO - Processing /opt/airflow/dags/dag_ingest_instacart_local.py took 0.132 seconds
[2026-05-13T00:14:55.091+0000] {processor.py:186} INFO - Started process (PID=52288) to work on /opt/airflow/dags/dag_ingest_instacart_local.py
[2026-05-13T00:14:55.092+0000] {processor.py:914} INFO - Processing file /opt/airflow/dags/dag_ingest_instacart_local.py for tasks to queue
[2026-05-13T00:14:55.095+0000] {logging_mixin.py:190} INFO - [2026-05-13T00:14:55.094+0000] {dagbag.py:588} INFO - Filling up the DagBag from /opt/airflow/dags/dag_ingest_instacart_local.py
[2026-05-13T00:14:55.105+0000] {processor.py:925} INFO - DAG(s) 'dag_ingest_instacart_local' retrieved from /opt/airflow/dags/dag_ingest_instacart_local.py
[2026-05-13T00:14:55.165+0000] {logging_mixin.py:190} INFO - [2026-05-13T00:14:55.165+0000] {dag.py:3239} INFO - Sync 1 DAGs
[2026-05-13T00:14:55.208+0000] {logging_mixin.py:190} INFO - [2026-05-13T00:14:55.208+0000] {dag.py:4180} INFO - Setting next_dagrun for dag_ingest_instacart_local to None, run_after=None
[2026-05-13T00:14:55.251+0000] {processor.py:208} INFO - Processing /opt/airflow/dags/dag_ingest_instacart_local.py took 0.167 seconds
[2026-05-13T00:15:26.359+0000] {processor.py:186} INFO - Started process (PID=52338) to work on /opt/airflow/dags/dag_ingest_instacart_local.py
[2026-05-13T00:15:26.362+0000] {processor.py:914} INFO - Processing file /opt/airflow/dags/dag_ingest_instacart_local.py for tasks to queue
[2026-05-13T00:15:26.369+0000] {logging_mixin.py:190} INFO - [2026-05-13T00:15:26.368+0000] {dagbag.py:588} INFO - Filling up the DagBag from /opt/airflow/dags/dag_ingest_instacart_local.py
[2026-05-13T00:15:26.384+0000] {processor.py:925} INFO - DAG(s) 'dag_ingest_instacart_local' retrieved from /opt/airflow/dags/dag_ingest_instacart_local.py
[2026-05-13T00:15:26.419+0000] {logging_mixin.py:190} INFO - [2026-05-13T00:15:26.419+0000] {dag.py:3239} INFO - Sync 1 DAGs
[2026-05-13T00:15:26.438+0000] {logging_mixin.py:190} INFO - [2026-05-13T00:15:26.437+0000] {dag.py:4180} INFO - Setting next_dagrun for dag_ingest_instacart_local to None, run_after=None
[2026-05-13T00:15:26.501+0000] {processor.py:208} INFO - Processing /opt/airflow/dags/dag_ingest_instacart_local.py took 0.168 seconds
[2026-05-13T00:15:56.618+0000] {processor.py:186} INFO - Started process (PID=52388) to work on /opt/airflow/dags/dag_ingest_instacart_local.py
[2026-05-13T00:15:56.638+0000] {processor.py:914} INFO - Processing file /opt/airflow/dags/dag_ingest_instacart_local.py for tasks to queue
[2026-05-13T00:15:56.640+0000] {logging_mixin.py:190} INFO - [2026-05-13T00:15:56.640+0000] {dagbag.py:588} INFO - Filling up the DagBag from /opt/airflow/dags/dag_ingest_instacart_local.py
[2026-05-13T00:15:56.650+0000] {processor.py:925} INFO - DAG(s) 'dag_ingest_instacart_local' retrieved from /opt/airflow/dags/dag_ingest_instacart_local.py
[2026-05-13T00:15:56.687+0000] {logging_mixin.py:190} INFO - [2026-05-13T00:15:56.687+0000] {dag.py:3239} INFO - Sync 1 DAGs
[2026-05-13T00:15:56.702+0000] {logging_mixin.py:190} INFO - [2026-05-13T00:15:56.701+0000] {dag.py:4180} INFO - Setting next_dagrun for dag_ingest_instacart_local to None, run_after=None
[2026-05-13T00:15:56.721+0000] {processor.py:208} INFO - Processing /opt/airflow/dags/dag_ingest_instacart_local.py took 0.109 seconds
[2026-05-13T00:16:27.724+0000] {processor.py:186} INFO - Started process (PID=52438) to work on /opt/airflow/dags/dag_ingest_instacart_local.py
[2026-05-13T00:16:27.725+0000] {processor.py:914} INFO - Processing file /opt/airflow/dags/dag_ingest_instacart_local.py for tasks to queue
[2026-05-13T00:16:27.727+0000] {logging_mixin.py:190} INFO - [2026-05-13T00:16:27.726+0000] {dagbag.py:588} INFO - Filling up the DagBag from /opt/airflow/dags/dag_ingest_instacart_local.py
[2026-05-13T00:16:27.737+0000] {processor.py:925} INFO - DAG(s) 'dag_ingest_instacart_local' retrieved from /opt/airflow/dags/dag_ingest_instacart_local.py
[2026-05-13T00:16:27.781+0000] {logging_mixin.py:190} INFO - [2026-05-13T00:16:27.781+0000] {dag.py:3239} INFO - Sync 1 DAGs
[2026-05-13T00:16:27.806+0000] {logging_mixin.py:190} INFO - [2026-05-13T00:16:27.805+0000] {dag.py:4180} INFO - Setting next_dagrun for dag_ingest_instacart_local to None, run_after=None
[2026-05-13T00:16:27.863+0000] {processor.py:208} INFO - Processing /opt/airflow/dags/dag_ingest_instacart_local.py took 0.148 seconds
[2026-05-13T00:16:58.339+0000] {processor.py:186} INFO - Started process (PID=52488) to work on /opt/airflow/dags/dag_ingest_instacart_local.py
[2026-05-13T00:16:58.351+0000] {processor.py:914} INFO - Processing file /opt/airflow/dags/dag_ingest_instacart_local.py for tasks to queue
[2026-05-13T00:16:58.355+0000] {logging_mixin.py:190} INFO - [2026-05-13T00:16:58.354+0000] {dagbag.py:588} INFO - Filling up the DagBag from /opt/airflow/dags/dag_ingest_instacart_local.py
[2026-05-13T00:16:58.364+0000] {processor.py:925} INFO - DAG(s) 'dag_ingest_instacart_local' retrieved from /opt/airflow/dags/dag_ingest_instacart_local.py
[2026-05-13T00:16:58.395+0000] {logging_mixin.py:190} INFO - [2026-05-13T00:16:58.395+0000] {dag.py:3239} INFO - Sync 1 DAGs
[2026-05-13T00:16:58.410+0000] {logging_mixin.py:190} INFO - [2026-05-13T00:16:58.410+0000] {dag.py:4180} INFO - Setting next_dagrun for dag_ingest_instacart_local to None, run_after=None
[2026-05-13T00:16:58.432+0000] {processor.py:208} INFO - Processing /opt/airflow/dags/dag_ingest_instacart_local.py took 0.100 seconds
[2026-05-13T00:17:28.645+0000] {processor.py:186} INFO - Started process (PID=52538) to work on /opt/airflow/dags/dag_ingest_instacart_local.py
[2026-05-13T00:17:28.716+0000] {processor.py:914} INFO - Processing file /opt/airflow/dags/dag_ingest_instacart_local.py for tasks to queue
[2026-05-13T00:17:28.728+0000] {logging_mixin.py:190} INFO - [2026-05-13T00:17:28.727+0000] {dagbag.py:588} INFO - Filling up the DagBag from /opt/airflow/dags/dag_ingest_instacart_local.py
[2026-05-13T00:17:28.762+0000] {processor.py:925} INFO - DAG(s) 'dag_ingest_instacart_local' retrieved from /opt/airflow/dags/dag_ingest_instacart_local.py
[2026-05-13T00:17:28.823+0000] {logging_mixin.py:190} INFO - [2026-05-13T00:17:28.823+0000] {dag.py:3239} INFO - Sync 1 DAGs
[2026-05-13T00:17:28.840+0000] {logging_mixin.py:190} INFO - [2026-05-13T00:17:28.840+0000] {dag.py:4180} INFO - Setting next_dagrun for dag_ingest_instacart_local to None, run_after=None
[2026-05-13T00:17:28.951+0000] {processor.py:208} INFO - Processing /opt/airflow/dags/dag_ingest_instacart_local.py took 0.313 seconds
[2026-05-13T00:17:59.933+0000] {processor.py:186} INFO - Started process (PID=52588) to work on /opt/airflow/dags/dag_ingest_instacart_local.py
[2026-05-13T00:17:59.937+0000] {processor.py:914} INFO - Processing file /opt/airflow/dags/dag_ingest_instacart_local.py for tasks to queue
[2026-05-13T00:17:59.942+0000] {logging_mixin.py:190} INFO - [2026-05-13T00:17:59.941+0000] {dagbag.py:588} INFO - Filling up the DagBag from /opt/airflow/dags/dag_ingest_instacart_local.py
[2026-05-13T00:17:59.957+0000] {processor.py:925} INFO - DAG(s) 'dag_ingest_instacart_local' retrieved from /opt/airflow/dags/dag_ingest_instacart_local.py
[2026-05-13T00:18:00.018+0000] {logging_mixin.py:190} INFO - [2026-05-13T00:18:00.018+0000] {dag.py:3239} INFO - Sync 1 DAGs
[2026-05-13T00:18:00.036+0000] {logging_mixin.py:190} INFO - [2026-05-13T00:18:00.036+0000] {dag.py:4180} INFO - Setting next_dagrun for dag_ingest_instacart_local to None, run_after=None
[2026-05-13T00:18:00.058+0000] {processor.py:208} INFO - Processing /opt/airflow/dags/dag_ingest_instacart_local.py took 0.135 seconds
[2026-05-13T00:18:30.248+0000] {processor.py:186} INFO - Started process (PID=52638) to work on /opt/airflow/dags/dag_ingest_instacart_local.py
[2026-05-13T00:18:30.249+0000] {processor.py:914} INFO - Processing file /opt/airflow/dags/dag_ingest_instacart_local.py for tasks to queue
[2026-05-13T00:18:30.252+0000] {logging_mixin.py:190} INFO - [2026-05-13T00:18:30.252+0000] {dagbag.py:588} INFO - Filling up the DagBag from /opt/airflow/dags/dag_ingest_instacart_local.py
[2026-05-13T00:18:30.265+0000] {processor.py:925} INFO - DAG(s) 'dag_ingest_instacart_local' retrieved from /opt/airflow/dags/dag_ingest_instacart_local.py
[2026-05-13T00:18:30.310+0000] {logging_mixin.py:190} INFO - [2026-05-13T00:18:30.310+0000] {dag.py:3239} INFO - Sync 1 DAGs
[2026-05-13T00:18:30.330+0000] {logging_mixin.py:190} INFO - [2026-05-13T00:18:30.330+0000] {dag.py:4180} INFO - Setting next_dagrun for dag_ingest_instacart_local to None, run_after=None
[2026-05-13T00:18:30.358+0000] {processor.py:208} INFO - Processing /opt/airflow/dags/dag_ingest_instacart_local.py took 0.125 seconds
[2026-05-13T00:19:00.653+0000] {processor.py:186} INFO - Started process (PID=52688) to work on /opt/airflow/dags/dag_ingest_instacart_local.py
[2026-05-13T00:19:00.664+0000] {processor.py:914} INFO - Processing file /opt/airflow/dags/dag_ingest_instacart_local.py for tasks to queue
[2026-05-13T00:19:00.667+0000] {logging_mixin.py:190} INFO - [2026-05-13T00:19:00.667+0000] {dagbag.py:588} INFO - Filling up the DagBag from /opt/airflow/dags/dag_ingest_instacart_local.py
[2026-05-13T00:19:00.681+0000] {processor.py:925} INFO - DAG(s) 'dag_ingest_instacart_local' retrieved from /opt/airflow/dags/dag_ingest_instacart_local.py
[2026-05-13T00:19:00.735+0000] {logging_mixin.py:190} INFO - [2026-05-13T00:19:00.735+0000] {dag.py:3239} INFO - Sync 1 DAGs
[2026-05-13T00:19:00.757+0000] {logging_mixin.py:190} INFO - [2026-05-13T00:19:00.757+0000] {dag.py:4180} INFO - Setting next_dagrun for dag_ingest_instacart_local to None, run_after=None
[2026-05-13T00:19:00.786+0000] {processor.py:208} INFO - Processing /opt/airflow/dags/dag_ingest_instacart_local.py took 0.144 seconds
[2026-05-13T00:19:30.906+0000] {processor.py:186} INFO - Started process (PID=52738) to work on /opt/airflow/dags/dag_ingest_instacart_local.py
[2026-05-13T00:19:30.914+0000] {processor.py:914} INFO - Processing file /opt/airflow/dags/dag_ingest_instacart_local.py for tasks to queue
[2026-05-13T00:19:30.918+0000] {logging_mixin.py:190} INFO - [2026-05-13T00:19:30.917+0000] {dagbag.py:588} INFO - Filling up the DagBag from /opt/airflow/dags/dag_ingest_instacart_local.py
[2026-05-13T00:19:30.934+0000] {processor.py:925} INFO - DAG(s) 'dag_ingest_instacart_local' retrieved from /opt/airflow/dags/dag_ingest_instacart_local.py
[2026-05-13T00:19:30.995+0000] {logging_mixin.py:190} INFO - [2026-05-13T00:19:30.995+0000] {dag.py:3239} INFO - Sync 1 DAGs
[2026-05-13T00:19:31.015+0000] {logging_mixin.py:190} INFO - [2026-05-13T00:19:31.015+0000] {dag.py:4180} INFO - Setting next_dagrun for dag_ingest_instacart_local to None, run_after=None
[2026-05-13T00:19:31.038+0000] {processor.py:208} INFO - Processing /opt/airflow/dags/dag_ingest_instacart_local.py took 0.144 seconds
[2026-05-13T00:20:01.205+0000] {processor.py:186} INFO - Started process (PID=52790) to work on /opt/airflow/dags/dag_ingest_instacart_local.py
[2026-05-13T00:20:01.206+0000] {processor.py:914} INFO - Processing file /opt/airflow/dags/dag_ingest_instacart_local.py for tasks to queue
[2026-05-13T00:20:01.208+0000] {logging_mixin.py:190} INFO - [2026-05-13T00:20:01.208+0000] {dagbag.py:588} INFO - Filling up the DagBag from /opt/airflow/dags/dag_ingest_instacart_local.py
[2026-05-13T00:20:01.220+0000] {processor.py:925} INFO - DAG(s) 'dag_ingest_instacart_local' retrieved from /opt/airflow/dags/dag_ingest_instacart_local.py
[2026-05-13T00:20:01.254+0000] {logging_mixin.py:190} INFO - [2026-05-13T00:20:01.253+0000] {dag.py:3239} INFO - Sync 1 DAGs
[2026-05-13T00:20:01.270+0000] {logging_mixin.py:190} INFO - [2026-05-13T00:20:01.269+0000] {dag.py:4180} INFO - Setting next_dagrun for dag_ingest_instacart_local to None, run_after=None
[2026-05-13T00:20:01.299+0000] {processor.py:208} INFO - Processing /opt/airflow/dags/dag_ingest_instacart_local.py took 0.101 seconds
[2026-05-13T00:20:31.489+0000] {processor.py:186} INFO - Started process (PID=52840) to work on /opt/airflow/dags/dag_ingest_instacart_local.py
[2026-05-13T00:20:31.490+0000] {processor.py:914} INFO - Processing file /opt/airflow/dags/dag_ingest_instacart_local.py for tasks to queue
[2026-05-13T00:20:31.493+0000] {logging_mixin.py:190} INFO - [2026-05-13T00:20:31.493+0000] {dagbag.py:588} INFO - Filling up the DagBag from /opt/airflow/dags/dag_ingest_instacart_local.py
[2026-05-13T00:20:31.502+0000] {processor.py:925} INFO - DAG(s) 'dag_ingest_instacart_local' retrieved from /opt/airflow/dags/dag_ingest_instacart_local.py
[2026-05-13T00:20:31.535+0000] {logging_mixin.py:190} INFO - [2026-05-13T00:20:31.535+0000] {dag.py:3239} INFO - Sync 1 DAGs
[2026-05-13T00:20:31.551+0000] {logging_mixin.py:190} INFO - [2026-05-13T00:20:31.551+0000] {dag.py:4180} INFO - Setting next_dagrun for dag_ingest_instacart_local to None, run_after=None
[2026-05-13T00:20:31.586+0000] {processor.py:208} INFO - Processing /opt/airflow/dags/dag_ingest_instacart_local.py took 0.103 seconds
[2026-05-13T00:21:01.701+0000] {processor.py:186} INFO - Started process (PID=52890) to work on /opt/airflow/dags/dag_ingest_instacart_local.py
[2026-05-13T00:21:01.702+0000] {processor.py:914} INFO - Processing file /opt/airflow/dags/dag_ingest_instacart_local.py for tasks to queue
[2026-05-13T00:21:01.704+0000] {logging_mixin.py:190} INFO - [2026-05-13T00:21:01.703+0000] {dagbag.py:588} INFO - Filling up the DagBag from /opt/airflow/dags/dag_ingest_instacart_local.py
[2026-05-13T00:21:01.714+0000] {processor.py:925} INFO - DAG(s) 'dag_ingest_instacart_local' retrieved from /opt/airflow/dags/dag_ingest_instacart_local.py
[2026-05-13T00:21:01.747+0000] {logging_mixin.py:190} INFO - [2026-05-13T00:21:01.747+0000] {dag.py:3239} INFO - Sync 1 DAGs
[2026-05-13T00:21:01.763+0000] {logging_mixin.py:190} INFO - [2026-05-13T00:21:01.763+0000] {dag.py:4180} INFO - Setting next_dagrun for dag_ingest_instacart_local to None, run_after=None
[2026-05-13T00:21:01.795+0000] {processor.py:208} INFO - Processing /opt/airflow/dags/dag_ingest_instacart_local.py took 0.100 seconds
[2026-05-13T00:21:32.010+0000] {processor.py:186} INFO - Started process (PID=52940) to work on /opt/airflow/dags/dag_ingest_instacart_local.py
[2026-05-13T00:21:32.011+0000] {processor.py:914} INFO - Processing file /opt/airflow/dags/dag_ingest_instacart_local.py for tasks to queue
[2026-05-13T00:21:32.013+0000] {logging_mixin.py:190} INFO - [2026-05-13T00:21:32.012+0000] {dagbag.py:588} INFO - Filling up the DagBag from /opt/airflow/dags/dag_ingest_instacart_local.py
[2026-05-13T00:21:32.026+0000] {processor.py:925} INFO - DAG(s) 'dag_ingest_instacart_local' retrieved from /opt/airflow/dags/dag_ingest_instacart_local.py
[2026-05-13T00:21:32.064+0000] {logging_mixin.py:190} INFO - [2026-05-13T00:21:32.064+0000] {dag.py:3239} INFO - Sync 1 DAGs
[2026-05-13T00:21:32.084+0000] {logging_mixin.py:190} INFO - [2026-05-13T00:21:32.084+0000] {dag.py:4180} INFO - Setting next_dagrun for dag_ingest_instacart_local to None, run_after=None
[2026-05-13T00:21:32.120+0000] {processor.py:208} INFO - Processing /opt/airflow/dags/dag_ingest_instacart_local.py took 0.119 seconds
[2026-05-13T00:22:02.257+0000] {processor.py:186} INFO - Started process (PID=52990) to work on /opt/airflow/dags/dag_ingest_instacart_local.py
[2026-05-13T00:22:02.271+0000] {processor.py:914} INFO - Processing file /opt/airflow/dags/dag_ingest_instacart_local.py for tasks to queue
[2026-05-13T00:22:02.276+0000] {logging_mixin.py:190} INFO - [2026-05-13T00:22:02.275+0000] {dagbag.py:588} INFO - Filling up the DagBag from /opt/airflow/dags/dag_ingest_instacart_local.py
[2026-05-13T00:22:02.290+0000] {processor.py:925} INFO - DAG(s) 'dag_ingest_instacart_local' retrieved from /opt/airflow/dags/dag_ingest_instacart_local.py
[2026-05-13T00:22:02.340+0000] {logging_mixin.py:190} INFO - [2026-05-13T00:22:02.339+0000] {dag.py:3239} INFO - Sync 1 DAGs
[2026-05-13T00:22:02.368+0000] {logging_mixin.py:190} INFO - [2026-05-13T00:22:02.366+0000] {dag.py:4180} INFO - Setting next_dagrun for dag_ingest_instacart_local to None, run_after=None
[2026-05-13T00:22:02.394+0000] {processor.py:208} INFO - Processing /opt/airflow/dags/dag_ingest_instacart_local.py took 0.149 seconds
[2026-05-13T00:22:32.525+0000] {processor.py:186} INFO - Started process (PID=53040) to work on /opt/airflow/dags/dag_ingest_instacart_local.py
[2026-05-13T00:22:32.527+0000] {processor.py:914} INFO - Processing file /opt/airflow/dags/dag_ingest_instacart_local.py for tasks to queue
[2026-05-13T00:22:32.529+0000] {logging_mixin.py:190} INFO - [2026-05-13T00:22:32.528+0000] {dagbag.py:588} INFO - Filling up the DagBag from /opt/airflow/dags/dag_ingest_instacart_local.py
[2026-05-13T00:22:32.541+0000] {processor.py:925} INFO - DAG(s) 'dag_ingest_instacart_local' retrieved from /opt/airflow/dags/dag_ingest_instacart_local.py
[2026-05-13T00:22:32.651+0000] {logging_mixin.py:190} INFO - [2026-05-13T00:22:32.650+0000] {dag.py:3239} INFO - Sync 1 DAGs
[2026-05-13T00:22:32.672+0000] {logging_mixin.py:190} INFO - [2026-05-13T00:22:32.672+0000] {dag.py:4180} INFO - Setting next_dagrun for dag_ingest_instacart_local to None, run_after=None
[2026-05-13T00:22:32.709+0000] {processor.py:208} INFO - Processing /opt/airflow/dags/dag_ingest_instacart_local.py took 0.191 seconds
[2026-05-13T00:23:02.901+0000] {processor.py:186} INFO - Started process (PID=53088) to work on /opt/airflow/dags/dag_ingest_instacart_local.py
[2026-05-13T00:23:02.914+0000] {processor.py:914} INFO - Processing file /opt/airflow/dags/dag_ingest_instacart_local.py for tasks to queue
[2026-05-13T00:23:02.920+0000] {logging_mixin.py:190} INFO - [2026-05-13T00:23:02.917+0000] {dagbag.py:588} INFO - Filling up the DagBag from /opt/airflow/dags/dag_ingest_instacart_local.py
[2026-05-13T00:23:02.939+0000] {processor.py:925} INFO - DAG(s) 'dag_ingest_instacart_local' retrieved from /opt/airflow/dags/dag_ingest_instacart_local.py
[2026-05-13T00:23:02.984+0000] {logging_mixin.py:190} INFO - [2026-05-13T00:23:02.984+0000] {dag.py:3239} INFO - Sync 1 DAGs
[2026-05-13T00:23:03.004+0000] {logging_mixin.py:190} INFO - [2026-05-13T00:23:03.004+0000] {dag.py:4180} INFO - Setting next_dagrun for dag_ingest_instacart_local to None, run_after=None
[2026-05-13T00:23:03.026+0000] {processor.py:208} INFO - Processing /opt/airflow/dags/dag_ingest_instacart_local.py took 0.135 seconds
[2026-05-13T00:23:33.242+0000] {processor.py:186} INFO - Started process (PID=53138) to work on /opt/airflow/dags/dag_ingest_instacart_local.py
[2026-05-13T00:23:33.243+0000] {processor.py:914} INFO - Processing file /opt/airflow/dags/dag_ingest_instacart_local.py for tasks to queue
[2026-05-13T00:23:33.245+0000] {logging_mixin.py:190} INFO - [2026-05-13T00:23:33.245+0000] {dagbag.py:588} INFO - Filling up the DagBag from /opt/airflow/dags/dag_ingest_instacart_local.py
[2026-05-13T00:23:33.255+0000] {processor.py:925} INFO - DAG(s) 'dag_ingest_instacart_local' retrieved from /opt/airflow/dags/dag_ingest_instacart_local.py
[2026-05-13T00:23:33.291+0000] {logging_mixin.py:190} INFO - [2026-05-13T00:23:33.290+0000] {dag.py:3239} INFO - Sync 1 DAGs
[2026-05-13T00:23:33.308+0000] {logging_mixin.py:190} INFO - [2026-05-13T00:23:33.308+0000] {dag.py:4180} INFO - Setting next_dagrun for dag_ingest_instacart_local to None, run_after=None
[2026-05-13T00:23:33.351+0000] {processor.py:208} INFO - Processing /opt/airflow/dags/dag_ingest_instacart_local.py took 0.118 seconds
[2026-05-13T00:24:03.591+0000] {processor.py:186} INFO - Started process (PID=53188) to work on /opt/airflow/dags/dag_ingest_instacart_local.py
[2026-05-13T00:24:03.604+0000] {processor.py:914} INFO - Processing file /opt/airflow/dags/dag_ingest_instacart_local.py for tasks to queue
[2026-05-13T00:24:03.607+0000] {logging_mixin.py:190} INFO - [2026-05-13T00:24:03.606+0000] {dagbag.py:588} INFO - Filling up the DagBag from /opt/airflow/dags/dag_ingest_instacart_local.py
[2026-05-13T00:24:03.622+0000] {processor.py:925} INFO - DAG(s) 'dag_ingest_instacart_local' retrieved from /opt/airflow/dags/dag_ingest_instacart_local.py
[2026-05-13T00:24:03.666+0000] {logging_mixin.py:190} INFO - [2026-05-13T00:24:03.665+0000] {dag.py:3239} INFO - Sync 1 DAGs
[2026-05-13T00:24:03.684+0000] {logging_mixin.py:190} INFO - [2026-05-13T00:24:03.684+0000] {dag.py:4180} INFO - Setting next_dagrun for dag_ingest_instacart_local to None, run_after=None
[2026-05-13T00:24:03.733+0000] {processor.py:208} INFO - Processing /opt/airflow/dags/dag_ingest_instacart_local.py took 0.155 seconds
[2026-05-13T00:24:33.793+0000] {processor.py:186} INFO - Started process (PID=53238) to work on /opt/airflow/dags/dag_ingest_instacart_local.py
[2026-05-13T00:24:33.795+0000] {processor.py:914} INFO - Processing file /opt/airflow/dags/dag_ingest_instacart_local.py for tasks to queue
[2026-05-13T00:24:33.800+0000] {logging_mixin.py:190} INFO - [2026-05-13T00:24:33.800+0000] {dagbag.py:588} INFO - Filling up the DagBag from /opt/airflow/dags/dag_ingest_instacart_local.py
[2026-05-13T00:24:33.812+0000] {processor.py:925} INFO - DAG(s) 'dag_ingest_instacart_local' retrieved from /opt/airflow/dags/dag_ingest_instacart_local.py
[2026-05-13T00:24:33.873+0000] {logging_mixin.py:190} INFO - [2026-05-13T00:24:33.872+0000] {dag.py:3239} INFO - Sync 1 DAGs
[2026-05-13T00:24:33.901+0000] {logging_mixin.py:190} INFO - [2026-05-13T00:24:33.901+0000] {dag.py:4180} INFO - Setting next_dagrun for dag_ingest_instacart_local to None, run_after=None
[2026-05-13T00:24:33.950+0000] {processor.py:208} INFO - Processing /opt/airflow/dags/dag_ingest_instacart_local.py took 0.172 seconds
[2026-05-13T00:25:04.253+0000] {processor.py:186} INFO - Started process (PID=53288) to work on /opt/airflow/dags/dag_ingest_instacart_local.py
[2026-05-13T00:25:04.262+0000] {processor.py:914} INFO - Processing file /opt/airflow/dags/dag_ingest_instacart_local.py for tasks to queue
[2026-05-13T00:25:04.265+0000] {logging_mixin.py:190} INFO - [2026-05-13T00:25:04.264+0000] {dagbag.py:588} INFO - Filling up the DagBag from /opt/airflow/dags/dag_ingest_instacart_local.py
[2026-05-13T00:25:04.276+0000] {processor.py:925} INFO - DAG(s) 'dag_ingest_instacart_local' retrieved from /opt/airflow/dags/dag_ingest_instacart_local.py
[2026-05-13T00:25:04.331+0000] {logging_mixin.py:190} INFO - [2026-05-13T00:25:04.330+0000] {dag.py:3239} INFO - Sync 1 DAGs
[2026-05-13T00:25:04.350+0000] {logging_mixin.py:190} INFO - [2026-05-13T00:25:04.349+0000] {dag.py:4180} INFO - Setting next_dagrun for dag_ingest_instacart_local to None, run_after=None
[2026-05-13T00:25:04.381+0000] {processor.py:208} INFO - Processing /opt/airflow/dags/dag_ingest_instacart_local.py took 0.134 seconds
[2026-05-13T00:25:34.442+0000] {processor.py:186} INFO - Started process (PID=53338) to work on /opt/airflow/dags/dag_ingest_instacart_local.py
[2026-05-13T00:25:34.443+0000] {processor.py:914} INFO - Processing file /opt/airflow/dags/dag_ingest_instacart_local.py for tasks to queue
[2026-05-13T00:25:34.445+0000] {logging_mixin.py:190} INFO - [2026-05-13T00:25:34.445+0000] {dagbag.py:588} INFO - Filling up the DagBag from /opt/airflow/dags/dag_ingest_instacart_local.py
[2026-05-13T00:25:34.456+0000] {processor.py:925} INFO - DAG(s) 'dag_ingest_instacart_local' retrieved from /opt/airflow/dags/dag_ingest_instacart_local.py
[2026-05-13T00:25:34.495+0000] {logging_mixin.py:190} INFO - [2026-05-13T00:25:34.495+0000] {dag.py:3239} INFO - Sync 1 DAGs
[2026-05-13T00:25:34.524+0000] {logging_mixin.py:190} INFO - [2026-05-13T00:25:34.523+0000] {dag.py:4180} INFO - Setting next_dagrun for dag_ingest_instacart_local to None, run_after=None
[2026-05-13T00:25:34.546+0000] {processor.py:208} INFO - Processing /opt/airflow/dags/dag_ingest_instacart_local.py took 0.114 seconds
[2026-05-13T00:26:04.757+0000] {processor.py:186} INFO - Started process (PID=53388) to work on /opt/airflow/dags/dag_ingest_instacart_local.py
[2026-05-13T00:26:04.758+0000] {processor.py:914} INFO - Processing file /opt/airflow/dags/dag_ingest_instacart_local.py for tasks to queue
[2026-05-13T00:26:04.764+0000] {logging_mixin.py:190} INFO - [2026-05-13T00:26:04.760+0000] {dagbag.py:588} INFO - Filling up the DagBag from /opt/airflow/dags/dag_ingest_instacart_local.py
[2026-05-13T00:26:04.784+0000] {processor.py:925} INFO - DAG(s) 'dag_ingest_instacart_local' retrieved from /opt/airflow/dags/dag_ingest_instacart_local.py
[2026-05-13T00:26:04.840+0000] {logging_mixin.py:190} INFO - [2026-05-13T00:26:04.839+0000] {dag.py:3239} INFO - Sync 1 DAGs
[2026-05-13T00:26:04.856+0000] {logging_mixin.py:190} INFO - [2026-05-13T00:26:04.856+0000] {dag.py:4180} INFO - Setting next_dagrun for dag_ingest_instacart_local to None, run_after=None
[2026-05-13T00:26:04.880+0000] {processor.py:208} INFO - Processing /opt/airflow/dags/dag_ingest_instacart_local.py took 0.140 seconds
[2026-05-13T00:26:35.209+0000] {processor.py:186} INFO - Started process (PID=53438) to work on /opt/airflow/dags/dag_ingest_instacart_local.py
[2026-05-13T00:26:35.210+0000] {processor.py:914} INFO - Processing file /opt/airflow/dags/dag_ingest_instacart_local.py for tasks to queue
[2026-05-13T00:26:35.217+0000] {logging_mixin.py:190} INFO - [2026-05-13T00:26:35.217+0000] {dagbag.py:588} INFO - Filling up the DagBag from /opt/airflow/dags/dag_ingest_instacart_local.py
[2026-05-13T00:26:35.241+0000] {processor.py:925} INFO - DAG(s) 'dag_ingest_instacart_local' retrieved from /opt/airflow/dags/dag_ingest_instacart_local.py
[2026-05-13T00:26:35.293+0000] {logging_mixin.py:190} INFO - [2026-05-13T00:26:35.293+0000] {dag.py:3239} INFO - Sync 1 DAGs
[2026-05-13T00:26:35.322+0000] {logging_mixin.py:190} INFO - [2026-05-13T00:26:35.322+0000] {dag.py:4180} INFO - Setting next_dagrun for dag_ingest_instacart_local to None, run_after=None
[2026-05-13T00:26:35.357+0000] {processor.py:208} INFO - Processing /opt/airflow/dags/dag_ingest_instacart_local.py took 0.160 seconds
[2026-05-13T00:27:05.454+0000] {processor.py:186} INFO - Started process (PID=53488) to work on /opt/airflow/dags/dag_ingest_instacart_local.py
[2026-05-13T00:27:05.476+0000] {processor.py:914} INFO - Processing file /opt/airflow/dags/dag_ingest_instacart_local.py for tasks to queue
[2026-05-13T00:27:05.482+0000] {logging_mixin.py:190} INFO - [2026-05-13T00:27:05.482+0000] {dagbag.py:588} INFO - Filling up the DagBag from /opt/airflow/dags/dag_ingest_instacart_local.py
[2026-05-13T00:27:05.494+0000] {processor.py:925} INFO - DAG(s) 'dag_ingest_instacart_local' retrieved from /opt/airflow/dags/dag_ingest_instacart_local.py
[2026-05-13T00:27:05.542+0000] {logging_mixin.py:190} INFO - [2026-05-13T00:27:05.541+0000] {dag.py:3239} INFO - Sync 1 DAGs
[2026-05-13T00:27:05.577+0000] {logging_mixin.py:190} INFO - [2026-05-13T00:27:05.577+0000] {dag.py:4180} INFO - Setting next_dagrun for dag_ingest_instacart_local to None, run_after=None
[2026-05-13T00:27:05.609+0000] {processor.py:208} INFO - Processing /opt/airflow/dags/dag_ingest_instacart_local.py took 0.165 seconds
[2026-05-13T00:27:35.890+0000] {processor.py:186} INFO - Started process (PID=53538) to work on /opt/airflow/dags/dag_ingest_instacart_local.py
[2026-05-13T00:27:35.897+0000] {processor.py:914} INFO - Processing file /opt/airflow/dags/dag_ingest_instacart_local.py for tasks to queue
[2026-05-13T00:27:35.904+0000] {logging_mixin.py:190} INFO - [2026-05-13T00:27:35.903+0000] {dagbag.py:588} INFO - Filling up the DagBag from /opt/airflow/dags/dag_ingest_instacart_local.py
[2026-05-13T00:27:35.917+0000] {processor.py:925} INFO - DAG(s) 'dag_ingest_instacart_local' retrieved from /opt/airflow/dags/dag_ingest_instacart_local.py
[2026-05-13T00:27:35.985+0000] {logging_mixin.py:190} INFO - [2026-05-13T00:27:35.985+0000] {dag.py:3239} INFO - Sync 1 DAGs
[2026-05-13T00:27:36.012+0000] {logging_mixin.py:190} INFO - [2026-05-13T00:27:36.012+0000] {dag.py:4180} INFO - Setting next_dagrun for dag_ingest_instacart_local to None, run_after=None
[2026-05-13T00:27:36.040+0000] {processor.py:208} INFO - Processing /opt/airflow/dags/dag_ingest_instacart_local.py took 0.163 seconds
[2026-05-13T00:28:06.237+0000] {processor.py:186} INFO - Started process (PID=53588) to work on /opt/airflow/dags/dag_ingest_instacart_local.py
[2026-05-13T00:28:06.239+0000] {processor.py:914} INFO - Processing file /opt/airflow/dags/dag_ingest_instacart_local.py for tasks to queue
[2026-05-13T00:28:06.242+0000] {logging_mixin.py:190} INFO - [2026-05-13T00:28:06.241+0000] {dagbag.py:588} INFO - Filling up the DagBag from /opt/airflow/dags/dag_ingest_instacart_local.py
[2026-05-13T00:28:06.260+0000] {processor.py:925} INFO - DAG(s) 'dag_ingest_instacart_local' retrieved from /opt/airflow/dags/dag_ingest_instacart_local.py
[2026-05-13T00:28:06.304+0000] {logging_mixin.py:190} INFO - [2026-05-13T00:28:06.303+0000] {dag.py:3239} INFO - Sync 1 DAGs
[2026-05-13T00:28:06.322+0000] {logging_mixin.py:190} INFO - [2026-05-13T00:28:06.322+0000] {dag.py:4180} INFO - Setting next_dagrun for dag_ingest_instacart_local to None, run_after=None
[2026-05-13T00:28:06.390+0000] {processor.py:208} INFO - Processing /opt/airflow/dags/dag_ingest_instacart_local.py took 0.166 seconds
[2026-05-13T00:28:36.617+0000] {processor.py:186} INFO - Started process (PID=53640) to work on /opt/airflow/dags/dag_ingest_instacart_local.py
[2026-05-13T00:28:36.643+0000] {processor.py:914} INFO - Processing file /opt/airflow/dags/dag_ingest_instacart_local.py for tasks to queue
[2026-05-13T00:28:36.647+0000] {logging_mixin.py:190} INFO - [2026-05-13T00:28:36.647+0000] {dagbag.py:588} INFO - Filling up the DagBag from /opt/airflow/dags/dag_ingest_instacart_local.py
[2026-05-13T00:28:36.662+0000] {processor.py:925} INFO - DAG(s) 'dag_ingest_instacart_local' retrieved from /opt/airflow/dags/dag_ingest_instacart_local.py
[2026-05-13T00:28:36.714+0000] {logging_mixin.py:190} INFO - [2026-05-13T00:28:36.714+0000] {dag.py:3239} INFO - Sync 1 DAGs
[2026-05-13T00:28:36.741+0000] {logging_mixin.py:190} INFO - [2026-05-13T00:28:36.740+0000] {dag.py:4180} INFO - Setting next_dagrun for dag_ingest_instacart_local to None, run_after=None
[2026-05-13T00:28:36.772+0000] {processor.py:208} INFO - Processing /opt/airflow/dags/dag_ingest_instacart_local.py took 0.165 seconds
[2026-05-13T00:29:07.366+0000] {processor.py:186} INFO - Started process (PID=53688) to work on /opt/airflow/dags/dag_ingest_instacart_local.py
[2026-05-13T00:29:07.457+0000] {processor.py:914} INFO - Processing file /opt/airflow/dags/dag_ingest_instacart_local.py for tasks to queue
[2026-05-13T00:29:07.487+0000] {logging_mixin.py:190} INFO - [2026-05-13T00:29:07.485+0000] {dagbag.py:588} INFO - Filling up the DagBag from /opt/airflow/dags/dag_ingest_instacart_local.py
[2026-05-13T00:29:07.510+0000] {processor.py:925} INFO - DAG(s) 'dag_ingest_instacart_local' retrieved from /opt/airflow/dags/dag_ingest_instacart_local.py
[2026-05-13T00:29:07.562+0000] {logging_mixin.py:190} INFO - [2026-05-13T00:29:07.561+0000] {dag.py:3239} INFO - Sync 1 DAGs
[2026-05-13T00:29:07.578+0000] {logging_mixin.py:190} INFO - [2026-05-13T00:29:07.578+0000] {dag.py:4180} INFO - Setting next_dagrun for dag_ingest_instacart_local to None, run_after=None
[2026-05-13T00:29:07.692+0000] {processor.py:208} INFO - Processing /opt/airflow/dags/dag_ingest_instacart_local.py took 0.340 seconds
[2026-05-13T00:29:38.647+0000] {processor.py:186} INFO - Started process (PID=53738) to work on /opt/airflow/dags/dag_ingest_instacart_local.py
[2026-05-13T00:29:38.648+0000] {processor.py:914} INFO - Processing file /opt/airflow/dags/dag_ingest_instacart_local.py for tasks to queue
[2026-05-13T00:29:38.650+0000] {logging_mixin.py:190} INFO - [2026-05-13T00:29:38.649+0000] {dagbag.py:588} INFO - Filling up the DagBag from /opt/airflow/dags/dag_ingest_instacart_local.py
[2026-05-13T00:29:38.661+0000] {processor.py:925} INFO - DAG(s) 'dag_ingest_instacart_local' retrieved from /opt/airflow/dags/dag_ingest_instacart_local.py
[2026-05-13T00:29:38.706+0000] {logging_mixin.py:190} INFO - [2026-05-13T00:29:38.706+0000] {dag.py:3239} INFO - Sync 1 DAGs
[2026-05-13T00:29:38.723+0000] {logging_mixin.py:190} INFO - [2026-05-13T00:29:38.722+0000] {dag.py:4180} INFO - Setting next_dagrun for dag_ingest_instacart_local to None, run_after=None
[2026-05-13T00:29:38.749+0000] {processor.py:208} INFO - Processing /opt/airflow/dags/dag_ingest_instacart_local.py took 0.109 seconds
[2026-05-13T00:30:08.805+0000] {processor.py:186} INFO - Started process (PID=53788) to work on /opt/airflow/dags/dag_ingest_instacart_local.py
[2026-05-13T00:30:08.806+0000] {processor.py:914} INFO - Processing file /opt/airflow/dags/dag_ingest_instacart_local.py for tasks to queue
[2026-05-13T00:30:08.808+0000] {logging_mixin.py:190} INFO - [2026-05-13T00:30:08.808+0000] {dagbag.py:588} INFO - Filling up the DagBag from /opt/airflow/dags/dag_ingest_instacart_local.py
[2026-05-13T00:30:08.834+0000] {processor.py:925} INFO - DAG(s) 'dag_ingest_instacart_local' retrieved from /opt/airflow/dags/dag_ingest_instacart_local.py
[2026-05-13T00:30:08.880+0000] {logging_mixin.py:190} INFO - [2026-05-13T00:30:08.877+0000] {dag.py:3239} INFO - Sync 1 DAGs
[2026-05-13T00:30:08.896+0000] {logging_mixin.py:190} INFO - [2026-05-13T00:30:08.896+0000] {dag.py:4180} INFO - Setting next_dagrun for dag_ingest_instacart_local to None, run_after=None
[2026-05-13T00:30:08.942+0000] {processor.py:208} INFO - Processing /opt/airflow/dags/dag_ingest_instacart_local.py took 0.143 seconds
[2026-05-13T00:30:39.008+0000] {processor.py:186} INFO - Started process (PID=53838) to work on /opt/airflow/dags/dag_ingest_instacart_local.py
[2026-05-13T00:30:39.008+0000] {processor.py:914} INFO - Processing file /opt/airflow/dags/dag_ingest_instacart_local.py for tasks to queue
[2026-05-13T00:30:39.010+0000] {logging_mixin.py:190} INFO - [2026-05-13T00:30:39.010+0000] {dagbag.py:588} INFO - Filling up the DagBag from /opt/airflow/dags/dag_ingest_instacart_local.py
[2026-05-13T00:30:39.020+0000] {processor.py:925} INFO - DAG(s) 'dag_ingest_instacart_local' retrieved from /opt/airflow/dags/dag_ingest_instacart_local.py
[2026-05-13T00:30:39.068+0000] {logging_mixin.py:190} INFO - [2026-05-13T00:30:39.068+0000] {dag.py:3239} INFO - Sync 1 DAGs
[2026-05-13T00:30:39.090+0000] {logging_mixin.py:190} INFO - [2026-05-13T00:30:39.090+0000] {dag.py:4180} INFO - Setting next_dagrun for dag_ingest_instacart_local to None, run_after=None
[2026-05-13T00:30:39.120+0000] {processor.py:208} INFO - Processing /opt/airflow/dags/dag_ingest_instacart_local.py took 0.121 seconds
[2026-05-13T00:31:10.020+0000] {processor.py:186} INFO - Started process (PID=53888) to work on /opt/airflow/dags/dag_ingest_instacart_local.py
[2026-05-13T00:31:10.020+0000] {processor.py:914} INFO - Processing file /opt/airflow/dags/dag_ingest_instacart_local.py for tasks to queue
[2026-05-13T00:31:10.022+0000] {logging_mixin.py:190} INFO - [2026-05-13T00:31:10.022+0000] {dagbag.py:588} INFO - Filling up the DagBag from /opt/airflow/dags/dag_ingest_instacart_local.py
[2026-05-13T00:31:10.032+0000] {processor.py:925} INFO - DAG(s) 'dag_ingest_instacart_local' retrieved from /opt/airflow/dags/dag_ingest_instacart_local.py
[2026-05-13T00:31:10.066+0000] {logging_mixin.py:190} INFO - [2026-05-13T00:31:10.066+0000] {dag.py:3239} INFO - Sync 1 DAGs
[2026-05-13T00:31:10.091+0000] {logging_mixin.py:190} INFO - [2026-05-13T00:31:10.090+0000] {dag.py:4180} INFO - Setting next_dagrun for dag_ingest_instacart_local to None, run_after=None
[2026-05-13T00:31:10.124+0000] {processor.py:208} INFO - Processing /opt/airflow/dags/dag_ingest_instacart_local.py took 0.111 seconds
