[2026-05-13T00:07:46.133+0000] {processor.py:186} INFO - Started process (PID=51553) to work on /opt/airflow/dags/dag_bronze_products.py
[2026-05-13T00:07:46.134+0000] {processor.py:914} INFO - Processing file /opt/airflow/dags/dag_bronze_products.py for tasks to queue
[2026-05-13T00:07:46.136+0000] {logging_mixin.py:190} INFO - [2026-05-13T00:07:46.136+0000] {dagbag.py:588} INFO - Filling up the DagBag from /opt/airflow/dags/dag_bronze_products.py
[2026-05-13T00:07:46.154+0000] {processor.py:925} INFO - DAG(s) 'dag_bronze_products' retrieved from /opt/airflow/dags/dag_bronze_products.py
[2026-05-13T00:07:46.193+0000] {logging_mixin.py:190} INFO - [2026-05-13T00:07:46.193+0000] {dag.py:3239} INFO - Sync 1 DAGs
[2026-05-13T00:07:46.209+0000] {logging_mixin.py:190} INFO - [2026-05-13T00:07:46.209+0000] {dag.py:4180} INFO - Setting next_dagrun for dag_bronze_products to None, run_after=None
[2026-05-13T00:07:46.229+0000] {processor.py:208} INFO - Processing /opt/airflow/dags/dag_bronze_products.py took 0.101 seconds
[2026-05-13T00:08:16.531+0000] {processor.py:186} INFO - Started process (PID=51603) to work on /opt/airflow/dags/dag_bronze_products.py
[2026-05-13T00:08:16.532+0000] {processor.py:914} INFO - Processing file /opt/airflow/dags/dag_bronze_products.py for tasks to queue
[2026-05-13T00:08:16.556+0000] {logging_mixin.py:190} INFO - [2026-05-13T00:08:16.535+0000] {dagbag.py:588} INFO - Filling up the DagBag from /opt/airflow/dags/dag_bronze_products.py
[2026-05-13T00:08:16.589+0000] {processor.py:925} INFO - DAG(s) 'dag_bronze_products' retrieved from /opt/airflow/dags/dag_bronze_products.py
[2026-05-13T00:08:16.693+0000] {logging_mixin.py:190} INFO - [2026-05-13T00:08:16.693+0000] {dag.py:3239} INFO - Sync 1 DAGs
[2026-05-13T00:08:16.714+0000] {logging_mixin.py:190} INFO - [2026-05-13T00:08:16.713+0000] {dag.py:4180} INFO - Setting next_dagrun for dag_bronze_products to None, run_after=None
[2026-05-13T00:08:16.767+0000] {processor.py:208} INFO - Processing /opt/airflow/dags/dag_bronze_products.py took 0.253 seconds
[2026-05-13T00:08:47.226+0000] {processor.py:186} INFO - Started process (PID=51653) to work on /opt/airflow/dags/dag_bronze_products.py
[2026-05-13T00:08:47.240+0000] {processor.py:914} INFO - Processing file /opt/airflow/dags/dag_bronze_products.py for tasks to queue
[2026-05-13T00:08:47.244+0000] {logging_mixin.py:190} INFO - [2026-05-13T00:08:47.243+0000] {dagbag.py:588} INFO - Filling up the DagBag from /opt/airflow/dags/dag_bronze_products.py
[2026-05-13T00:08:47.256+0000] {processor.py:925} INFO - DAG(s) 'dag_bronze_products' retrieved from /opt/airflow/dags/dag_bronze_products.py
[2026-05-13T00:08:47.305+0000] {logging_mixin.py:190} INFO - [2026-05-13T00:08:47.305+0000] {dag.py:3239} INFO - Sync 1 DAGs
[2026-05-13T00:08:47.329+0000] {logging_mixin.py:190} INFO - [2026-05-13T00:08:47.328+0000] {dag.py:4180} INFO - Setting next_dagrun for dag_bronze_products to None, run_after=None
[2026-05-13T00:08:47.372+0000] {processor.py:208} INFO - Processing /opt/airflow/dags/dag_bronze_products.py took 0.155 seconds
[2026-05-13T00:09:17.762+0000] {processor.py:186} INFO - Started process (PID=51703) to work on /opt/airflow/dags/dag_bronze_products.py
[2026-05-13T00:09:17.766+0000] {processor.py:914} INFO - Processing file /opt/airflow/dags/dag_bronze_products.py for tasks to queue
[2026-05-13T00:09:17.768+0000] {logging_mixin.py:190} INFO - [2026-05-13T00:09:17.768+0000] {dagbag.py:588} INFO - Filling up the DagBag from /opt/airflow/dags/dag_bronze_products.py
[2026-05-13T00:09:17.775+0000] {processor.py:925} INFO - DAG(s) 'dag_bronze_products' retrieved from /opt/airflow/dags/dag_bronze_products.py
[2026-05-13T00:09:17.804+0000] {logging_mixin.py:190} INFO - [2026-05-13T00:09:17.804+0000] {dag.py:3239} INFO - Sync 1 DAGs
[2026-05-13T00:09:17.818+0000] {logging_mixin.py:190} INFO - [2026-05-13T00:09:17.818+0000] {dag.py:4180} INFO - Setting next_dagrun for dag_bronze_products to None, run_after=None
[2026-05-13T00:09:17.838+0000] {processor.py:208} INFO - Processing /opt/airflow/dags/dag_bronze_products.py took 0.083 seconds
[2026-05-13T00:09:48.777+0000] {processor.py:186} INFO - Started process (PID=51753) to work on /opt/airflow/dags/dag_bronze_products.py
[2026-05-13T00:09:48.778+0000] {processor.py:914} INFO - Processing file /opt/airflow/dags/dag_bronze_products.py for tasks to queue
[2026-05-13T00:09:48.779+0000] {logging_mixin.py:190} INFO - [2026-05-13T00:09:48.779+0000] {dagbag.py:588} INFO - Filling up the DagBag from /opt/airflow/dags/dag_bronze_products.py
[2026-05-13T00:09:48.787+0000] {processor.py:925} INFO - DAG(s) 'dag_bronze_products' retrieved from /opt/airflow/dags/dag_bronze_products.py
[2026-05-13T00:09:48.818+0000] {logging_mixin.py:190} INFO - [2026-05-13T00:09:48.817+0000] {dag.py:3239} INFO - Sync 1 DAGs
[2026-05-13T00:09:48.838+0000] {logging_mixin.py:190} INFO - [2026-05-13T00:09:48.836+0000] {dag.py:4180} INFO - Setting next_dagrun for dag_bronze_products to None, run_after=None
[2026-05-13T00:09:48.869+0000] {processor.py:208} INFO - Processing /opt/airflow/dags/dag_bronze_products.py took 0.098 seconds
[2026-05-13T00:10:18.984+0000] {processor.py:186} INFO - Started process (PID=51803) to work on /opt/airflow/dags/dag_bronze_products.py
[2026-05-13T00:10:18.985+0000] {processor.py:914} INFO - Processing file /opt/airflow/dags/dag_bronze_products.py for tasks to queue
[2026-05-13T00:10:18.987+0000] {logging_mixin.py:190} INFO - [2026-05-13T00:10:18.987+0000] {dagbag.py:588} INFO - Filling up the DagBag from /opt/airflow/dags/dag_bronze_products.py
[2026-05-13T00:10:18.995+0000] {processor.py:925} INFO - DAG(s) 'dag_bronze_products' retrieved from /opt/airflow/dags/dag_bronze_products.py
[2026-05-13T00:10:19.028+0000] {logging_mixin.py:190} INFO - [2026-05-13T00:10:19.027+0000] {dag.py:3239} INFO - Sync 1 DAGs
[2026-05-13T00:10:19.043+0000] {logging_mixin.py:190} INFO - [2026-05-13T00:10:19.043+0000] {dag.py:4180} INFO - Setting next_dagrun for dag_bronze_products to None, run_after=None
[2026-05-13T00:10:19.062+0000] {processor.py:208} INFO - Processing /opt/airflow/dags/dag_bronze_products.py took 0.084 seconds
[2026-05-13T00:10:49.986+0000] {processor.py:186} INFO - Started process (PID=51853) to work on /opt/airflow/dags/dag_bronze_products.py
[2026-05-13T00:10:49.987+0000] {processor.py:914} INFO - Processing file /opt/airflow/dags/dag_bronze_products.py for tasks to queue
[2026-05-13T00:10:49.991+0000] {logging_mixin.py:190} INFO - [2026-05-13T00:10:49.990+0000] {dagbag.py:588} INFO - Filling up the DagBag from /opt/airflow/dags/dag_bronze_products.py
[2026-05-13T00:10:50.003+0000] {processor.py:925} INFO - DAG(s) 'dag_bronze_products' retrieved from /opt/airflow/dags/dag_bronze_products.py
[2026-05-13T00:10:50.064+0000] {logging_mixin.py:190} INFO - [2026-05-13T00:10:50.064+0000] {dag.py:3239} INFO - Sync 1 DAGs
[2026-05-13T00:10:50.087+0000] {logging_mixin.py:190} INFO - [2026-05-13T00:10:50.086+0000] {dag.py:4180} INFO - Setting next_dagrun for dag_bronze_products to None, run_after=None
[2026-05-13T00:10:50.116+0000] {processor.py:208} INFO - Processing /opt/airflow/dags/dag_bronze_products.py took 0.150 seconds
[2026-05-13T00:11:20.259+0000] {processor.py:186} INFO - Started process (PID=51903) to work on /opt/airflow/dags/dag_bronze_products.py
[2026-05-13T00:11:20.269+0000] {processor.py:914} INFO - Processing file /opt/airflow/dags/dag_bronze_products.py for tasks to queue
[2026-05-13T00:11:20.273+0000] {logging_mixin.py:190} INFO - [2026-05-13T00:11:20.272+0000] {dagbag.py:588} INFO - Filling up the DagBag from /opt/airflow/dags/dag_bronze_products.py
[2026-05-13T00:11:20.282+0000] {processor.py:925} INFO - DAG(s) 'dag_bronze_products' retrieved from /opt/airflow/dags/dag_bronze_products.py
[2026-05-13T00:11:20.318+0000] {logging_mixin.py:190} INFO - [2026-05-13T00:11:20.317+0000] {dag.py:3239} INFO - Sync 1 DAGs
[2026-05-13T00:11:20.335+0000] {logging_mixin.py:190} INFO - [2026-05-13T00:11:20.335+0000] {dag.py:4180} INFO - Setting next_dagrun for dag_bronze_products to None, run_after=None
[2026-05-13T00:11:20.364+0000] {processor.py:208} INFO - Processing /opt/airflow/dags/dag_bronze_products.py took 0.114 seconds
[2026-05-13T00:11:51.158+0000] {processor.py:186} INFO - Started process (PID=51953) to work on /opt/airflow/dags/dag_bronze_products.py
[2026-05-13T00:11:51.168+0000] {processor.py:914} INFO - Processing file /opt/airflow/dags/dag_bronze_products.py for tasks to queue
[2026-05-13T00:11:51.170+0000] {logging_mixin.py:190} INFO - [2026-05-13T00:11:51.170+0000] {dagbag.py:588} INFO - Filling up the DagBag from /opt/airflow/dags/dag_bronze_products.py
[2026-05-13T00:11:51.179+0000] {processor.py:925} INFO - DAG(s) 'dag_bronze_products' retrieved from /opt/airflow/dags/dag_bronze_products.py
[2026-05-13T00:11:51.218+0000] {logging_mixin.py:190} INFO - [2026-05-13T00:11:51.218+0000] {dag.py:3239} INFO - Sync 1 DAGs
[2026-05-13T00:11:51.236+0000] {logging_mixin.py:190} INFO - [2026-05-13T00:11:51.236+0000] {dag.py:4180} INFO - Setting next_dagrun for dag_bronze_products to None, run_after=None
[2026-05-13T00:11:51.259+0000] {processor.py:208} INFO - Processing /opt/airflow/dags/dag_bronze_products.py took 0.108 seconds
[2026-05-13T00:12:21.432+0000] {processor.py:186} INFO - Started process (PID=52003) to work on /opt/airflow/dags/dag_bronze_products.py
[2026-05-13T00:12:21.455+0000] {processor.py:914} INFO - Processing file /opt/airflow/dags/dag_bronze_products.py for tasks to queue
[2026-05-13T00:12:21.457+0000] {logging_mixin.py:190} INFO - [2026-05-13T00:12:21.456+0000] {dagbag.py:588} INFO - Filling up the DagBag from /opt/airflow/dags/dag_bronze_products.py
[2026-05-13T00:12:21.470+0000] {processor.py:925} INFO - DAG(s) 'dag_bronze_products' retrieved from /opt/airflow/dags/dag_bronze_products.py
[2026-05-13T00:12:21.504+0000] {logging_mixin.py:190} INFO - [2026-05-13T00:12:21.504+0000] {dag.py:3239} INFO - Sync 1 DAGs
[2026-05-13T00:12:21.520+0000] {logging_mixin.py:190} INFO - [2026-05-13T00:12:21.520+0000] {dag.py:4180} INFO - Setting next_dagrun for dag_bronze_products to None, run_after=None
[2026-05-13T00:12:21.543+0000] {processor.py:208} INFO - Processing /opt/airflow/dags/dag_bronze_products.py took 0.117 seconds
[2026-05-13T00:12:51.748+0000] {processor.py:186} INFO - Started process (PID=52053) to work on /opt/airflow/dags/dag_bronze_products.py
[2026-05-13T00:12:51.754+0000] {processor.py:914} INFO - Processing file /opt/airflow/dags/dag_bronze_products.py for tasks to queue
[2026-05-13T00:12:51.759+0000] {logging_mixin.py:190} INFO - [2026-05-13T00:12:51.758+0000] {dagbag.py:588} INFO - Filling up the DagBag from /opt/airflow/dags/dag_bronze_products.py
[2026-05-13T00:12:51.771+0000] {processor.py:925} INFO - DAG(s) 'dag_bronze_products' retrieved from /opt/airflow/dags/dag_bronze_products.py
[2026-05-13T00:12:51.824+0000] {logging_mixin.py:190} INFO - [2026-05-13T00:12:51.824+0000] {dag.py:3239} INFO - Sync 1 DAGs
[2026-05-13T00:12:51.848+0000] {logging_mixin.py:190} INFO - [2026-05-13T00:12:51.848+0000] {dag.py:4180} INFO - Setting next_dagrun for dag_bronze_products to None, run_after=None
[2026-05-13T00:12:51.893+0000] {processor.py:208} INFO - Processing /opt/airflow/dags/dag_bronze_products.py took 0.160 seconds
[2026-05-13T00:13:22.123+0000] {processor.py:186} INFO - Started process (PID=52103) to work on /opt/airflow/dags/dag_bronze_products.py
[2026-05-13T00:13:22.139+0000] {processor.py:914} INFO - Processing file /opt/airflow/dags/dag_bronze_products.py for tasks to queue
[2026-05-13T00:13:22.142+0000] {logging_mixin.py:190} INFO - [2026-05-13T00:13:22.141+0000] {dagbag.py:588} INFO - Filling up the DagBag from /opt/airflow/dags/dag_bronze_products.py
[2026-05-13T00:13:22.154+0000] {processor.py:925} INFO - DAG(s) 'dag_bronze_products' retrieved from /opt/airflow/dags/dag_bronze_products.py
[2026-05-13T00:13:22.191+0000] {logging_mixin.py:190} INFO - [2026-05-13T00:13:22.191+0000] {dag.py:3239} INFO - Sync 1 DAGs
[2026-05-13T00:13:22.211+0000] {logging_mixin.py:190} INFO - [2026-05-13T00:13:22.210+0000] {dag.py:4180} INFO - Setting next_dagrun for dag_bronze_products to None, run_after=None
[2026-05-13T00:13:22.251+0000] {processor.py:208} INFO - Processing /opt/airflow/dags/dag_bronze_products.py took 0.137 seconds
[2026-05-13T00:13:52.504+0000] {processor.py:186} INFO - Started process (PID=52153) to work on /opt/airflow/dags/dag_bronze_products.py
[2026-05-13T00:13:52.507+0000] {processor.py:914} INFO - Processing file /opt/airflow/dags/dag_bronze_products.py for tasks to queue
[2026-05-13T00:13:52.514+0000] {logging_mixin.py:190} INFO - [2026-05-13T00:13:52.514+0000] {dagbag.py:588} INFO - Filling up the DagBag from /opt/airflow/dags/dag_bronze_products.py
[2026-05-13T00:13:52.531+0000] {processor.py:925} INFO - DAG(s) 'dag_bronze_products' retrieved from /opt/airflow/dags/dag_bronze_products.py
[2026-05-13T00:13:52.569+0000] {logging_mixin.py:190} INFO - [2026-05-13T00:13:52.569+0000] {dag.py:3239} INFO - Sync 1 DAGs
[2026-05-13T00:13:52.587+0000] {logging_mixin.py:190} INFO - [2026-05-13T00:13:52.587+0000] {dag.py:4180} INFO - Setting next_dagrun for dag_bronze_products to None, run_after=None
[2026-05-13T00:13:52.648+0000] {processor.py:208} INFO - Processing /opt/airflow/dags/dag_bronze_products.py took 0.165 seconds
[2026-05-13T00:14:23.028+0000] {processor.py:186} INFO - Started process (PID=52203) to work on /opt/airflow/dags/dag_bronze_products.py
[2026-05-13T00:14:23.030+0000] {processor.py:914} INFO - Processing file /opt/airflow/dags/dag_bronze_products.py for tasks to queue
[2026-05-13T00:14:23.036+0000] {logging_mixin.py:190} INFO - [2026-05-13T00:14:23.035+0000] {dagbag.py:588} INFO - Filling up the DagBag from /opt/airflow/dags/dag_bronze_products.py
[2026-05-13T00:14:23.062+0000] {processor.py:925} INFO - DAG(s) 'dag_bronze_products' retrieved from /opt/airflow/dags/dag_bronze_products.py
[2026-05-13T00:14:23.110+0000] {logging_mixin.py:190} INFO - [2026-05-13T00:14:23.110+0000] {dag.py:3239} INFO - Sync 1 DAGs
[2026-05-13T00:14:23.126+0000] {logging_mixin.py:190} INFO - [2026-05-13T00:14:23.126+0000] {dag.py:4180} INFO - Setting next_dagrun for dag_bronze_products to None, run_after=None
[2026-05-13T00:14:23.178+0000] {processor.py:208} INFO - Processing /opt/airflow/dags/dag_bronze_products.py took 0.156 seconds
[2026-05-13T00:14:53.267+0000] {processor.py:186} INFO - Started process (PID=52253) to work on /opt/airflow/dags/dag_bronze_products.py
[2026-05-13T00:14:53.292+0000] {processor.py:914} INFO - Processing file /opt/airflow/dags/dag_bronze_products.py for tasks to queue
[2026-05-13T00:14:53.296+0000] {logging_mixin.py:190} INFO - [2026-05-13T00:14:53.295+0000] {dagbag.py:588} INFO - Filling up the DagBag from /opt/airflow/dags/dag_bronze_products.py
[2026-05-13T00:14:53.312+0000] {processor.py:925} INFO - DAG(s) 'dag_bronze_products' retrieved from /opt/airflow/dags/dag_bronze_products.py
[2026-05-13T00:14:53.391+0000] {logging_mixin.py:190} INFO - [2026-05-13T00:14:53.390+0000] {dag.py:3239} INFO - Sync 1 DAGs
[2026-05-13T00:14:53.430+0000] {logging_mixin.py:190} INFO - [2026-05-13T00:14:53.429+0000] {dag.py:4180} INFO - Setting next_dagrun for dag_bronze_products to None, run_after=None
[2026-05-13T00:14:53.504+0000] {processor.py:208} INFO - Processing /opt/airflow/dags/dag_bronze_products.py took 0.243 seconds
[2026-05-13T00:15:23.595+0000] {processor.py:186} INFO - Started process (PID=52303) to work on /opt/airflow/dags/dag_bronze_products.py
[2026-05-13T00:15:23.596+0000] {processor.py:914} INFO - Processing file /opt/airflow/dags/dag_bronze_products.py for tasks to queue
[2026-05-13T00:15:23.598+0000] {logging_mixin.py:190} INFO - [2026-05-13T00:15:23.598+0000] {dagbag.py:588} INFO - Filling up the DagBag from /opt/airflow/dags/dag_bronze_products.py
[2026-05-13T00:15:23.608+0000] {processor.py:925} INFO - DAG(s) 'dag_bronze_products' retrieved from /opt/airflow/dags/dag_bronze_products.py
[2026-05-13T00:15:23.649+0000] {logging_mixin.py:190} INFO - [2026-05-13T00:15:23.649+0000] {dag.py:3239} INFO - Sync 1 DAGs
[2026-05-13T00:15:23.667+0000] {logging_mixin.py:190} INFO - [2026-05-13T00:15:23.667+0000] {dag.py:4180} INFO - Setting next_dagrun for dag_bronze_products to None, run_after=None
[2026-05-13T00:15:23.699+0000] {processor.py:208} INFO - Processing /opt/airflow/dags/dag_bronze_products.py took 0.111 seconds
[2026-05-13T00:15:53.944+0000] {processor.py:186} INFO - Started process (PID=52353) to work on /opt/airflow/dags/dag_bronze_products.py
[2026-05-13T00:15:53.946+0000] {processor.py:914} INFO - Processing file /opt/airflow/dags/dag_bronze_products.py for tasks to queue
[2026-05-13T00:15:53.952+0000] {logging_mixin.py:190} INFO - [2026-05-13T00:15:53.952+0000] {dagbag.py:588} INFO - Filling up the DagBag from /opt/airflow/dags/dag_bronze_products.py
[2026-05-13T00:15:53.965+0000] {processor.py:925} INFO - DAG(s) 'dag_bronze_products' retrieved from /opt/airflow/dags/dag_bronze_products.py
[2026-05-13T00:15:54.034+0000] {logging_mixin.py:190} INFO - [2026-05-13T00:15:54.034+0000] {dag.py:3239} INFO - Sync 1 DAGs
[2026-05-13T00:15:54.052+0000] {logging_mixin.py:190} INFO - [2026-05-13T00:15:54.052+0000] {dag.py:4180} INFO - Setting next_dagrun for dag_bronze_products to None, run_after=None
[2026-05-13T00:15:54.084+0000] {processor.py:208} INFO - Processing /opt/airflow/dags/dag_bronze_products.py took 0.151 seconds
[2026-05-13T00:16:25.136+0000] {processor.py:186} INFO - Started process (PID=52403) to work on /opt/airflow/dags/dag_bronze_products.py
[2026-05-13T00:16:25.156+0000] {processor.py:914} INFO - Processing file /opt/airflow/dags/dag_bronze_products.py for tasks to queue
[2026-05-13T00:16:25.158+0000] {logging_mixin.py:190} INFO - [2026-05-13T00:16:25.158+0000] {dagbag.py:588} INFO - Filling up the DagBag from /opt/airflow/dags/dag_bronze_products.py
[2026-05-13T00:16:25.166+0000] {processor.py:925} INFO - DAG(s) 'dag_bronze_products' retrieved from /opt/airflow/dags/dag_bronze_products.py
[2026-05-13T00:16:25.196+0000] {logging_mixin.py:190} INFO - [2026-05-13T00:16:25.196+0000] {dag.py:3239} INFO - Sync 1 DAGs
[2026-05-13T00:16:25.211+0000] {logging_mixin.py:190} INFO - [2026-05-13T00:16:25.211+0000] {dag.py:4180} INFO - Setting next_dagrun for dag_bronze_products to None, run_after=None
[2026-05-13T00:16:25.237+0000] {processor.py:208} INFO - Processing /opt/airflow/dags/dag_bronze_products.py took 0.107 seconds
[2026-05-13T00:16:55.323+0000] {processor.py:186} INFO - Started process (PID=52453) to work on /opt/airflow/dags/dag_bronze_products.py
[2026-05-13T00:16:55.329+0000] {processor.py:914} INFO - Processing file /opt/airflow/dags/dag_bronze_products.py for tasks to queue
[2026-05-13T00:16:55.332+0000] {logging_mixin.py:190} INFO - [2026-05-13T00:16:55.332+0000] {dagbag.py:588} INFO - Filling up the DagBag from /opt/airflow/dags/dag_bronze_products.py
[2026-05-13T00:16:55.346+0000] {processor.py:925} INFO - DAG(s) 'dag_bronze_products' retrieved from /opt/airflow/dags/dag_bronze_products.py
[2026-05-13T00:16:55.398+0000] {logging_mixin.py:190} INFO - [2026-05-13T00:16:55.398+0000] {dag.py:3239} INFO - Sync 1 DAGs
[2026-05-13T00:16:55.420+0000] {logging_mixin.py:190} INFO - [2026-05-13T00:16:55.419+0000] {dag.py:4180} INFO - Setting next_dagrun for dag_bronze_products to None, run_after=None
[2026-05-13T00:16:55.464+0000] {processor.py:208} INFO - Processing /opt/airflow/dags/dag_bronze_products.py took 0.151 seconds
[2026-05-13T00:17:25.799+0000] {processor.py:186} INFO - Started process (PID=52503) to work on /opt/airflow/dags/dag_bronze_products.py
[2026-05-13T00:17:25.875+0000] {processor.py:914} INFO - Processing file /opt/airflow/dags/dag_bronze_products.py for tasks to queue
[2026-05-13T00:17:25.882+0000] {logging_mixin.py:190} INFO - [2026-05-13T00:17:25.882+0000] {dagbag.py:588} INFO - Filling up the DagBag from /opt/airflow/dags/dag_bronze_products.py
[2026-05-13T00:17:25.906+0000] {processor.py:925} INFO - DAG(s) 'dag_bronze_products' retrieved from /opt/airflow/dags/dag_bronze_products.py
[2026-05-13T00:17:25.939+0000] {logging_mixin.py:190} INFO - [2026-05-13T00:17:25.939+0000] {dag.py:3239} INFO - Sync 1 DAGs
[2026-05-13T00:17:25.956+0000] {logging_mixin.py:190} INFO - [2026-05-13T00:17:25.956+0000] {dag.py:4180} INFO - Setting next_dagrun for dag_bronze_products to None, run_after=None
[2026-05-13T00:17:26.064+0000] {processor.py:208} INFO - Processing /opt/airflow/dags/dag_bronze_products.py took 0.273 seconds
[2026-05-13T00:17:56.376+0000] {processor.py:186} INFO - Started process (PID=52553) to work on /opt/airflow/dags/dag_bronze_products.py
[2026-05-13T00:17:56.379+0000] {processor.py:914} INFO - Processing file /opt/airflow/dags/dag_bronze_products.py for tasks to queue
[2026-05-13T00:17:56.384+0000] {logging_mixin.py:190} INFO - [2026-05-13T00:17:56.383+0000] {dagbag.py:588} INFO - Filling up the DagBag from /opt/airflow/dags/dag_bronze_products.py
[2026-05-13T00:17:56.400+0000] {processor.py:925} INFO - DAG(s) 'dag_bronze_products' retrieved from /opt/airflow/dags/dag_bronze_products.py
[2026-05-13T00:17:56.439+0000] {logging_mixin.py:190} INFO - [2026-05-13T00:17:56.439+0000] {dag.py:3239} INFO - Sync 1 DAGs
[2026-05-13T00:17:56.456+0000] {logging_mixin.py:190} INFO - [2026-05-13T00:17:56.456+0000] {dag.py:4180} INFO - Setting next_dagrun for dag_bronze_products to None, run_after=None
[2026-05-13T00:17:56.495+0000] {processor.py:208} INFO - Processing /opt/airflow/dags/dag_bronze_products.py took 0.140 seconds
[2026-05-13T00:18:26.566+0000] {processor.py:186} INFO - Started process (PID=52603) to work on /opt/airflow/dags/dag_bronze_products.py
[2026-05-13T00:18:26.568+0000] {processor.py:914} INFO - Processing file /opt/airflow/dags/dag_bronze_products.py for tasks to queue
[2026-05-13T00:18:26.575+0000] {logging_mixin.py:190} INFO - [2026-05-13T00:18:26.575+0000] {dagbag.py:588} INFO - Filling up the DagBag from /opt/airflow/dags/dag_bronze_products.py
[2026-05-13T00:18:26.585+0000] {processor.py:925} INFO - DAG(s) 'dag_bronze_products' retrieved from /opt/airflow/dags/dag_bronze_products.py
[2026-05-13T00:18:26.639+0000] {logging_mixin.py:190} INFO - [2026-05-13T00:18:26.638+0000] {dag.py:3239} INFO - Sync 1 DAGs
[2026-05-13T00:18:26.656+0000] {logging_mixin.py:190} INFO - [2026-05-13T00:18:26.656+0000] {dag.py:4180} INFO - Setting next_dagrun for dag_bronze_products to None, run_after=None
[2026-05-13T00:18:26.698+0000] {processor.py:208} INFO - Processing /opt/airflow/dags/dag_bronze_products.py took 0.143 seconds
[2026-05-13T00:18:56.837+0000] {processor.py:186} INFO - Started process (PID=52653) to work on /opt/airflow/dags/dag_bronze_products.py
[2026-05-13T00:18:56.840+0000] {processor.py:914} INFO - Processing file /opt/airflow/dags/dag_bronze_products.py for tasks to queue
[2026-05-13T00:18:56.844+0000] {logging_mixin.py:190} INFO - [2026-05-13T00:18:56.842+0000] {dagbag.py:588} INFO - Filling up the DagBag from /opt/airflow/dags/dag_bronze_products.py
[2026-05-13T00:18:56.864+0000] {processor.py:925} INFO - DAG(s) 'dag_bronze_products' retrieved from /opt/airflow/dags/dag_bronze_products.py
[2026-05-13T00:18:56.967+0000] {logging_mixin.py:190} INFO - [2026-05-13T00:18:56.966+0000] {dag.py:3239} INFO - Sync 1 DAGs
[2026-05-13T00:18:57.000+0000] {logging_mixin.py:190} INFO - [2026-05-13T00:18:57.000+0000] {dag.py:4180} INFO - Setting next_dagrun for dag_bronze_products to None, run_after=None
[2026-05-13T00:18:57.033+0000] {processor.py:208} INFO - Processing /opt/airflow/dags/dag_bronze_products.py took 0.212 seconds
[2026-05-13T00:19:27.282+0000] {processor.py:186} INFO - Started process (PID=52703) to work on /opt/airflow/dags/dag_bronze_products.py
[2026-05-13T00:19:27.284+0000] {processor.py:914} INFO - Processing file /opt/airflow/dags/dag_bronze_products.py for tasks to queue
[2026-05-13T00:19:27.289+0000] {logging_mixin.py:190} INFO - [2026-05-13T00:19:27.289+0000] {dagbag.py:588} INFO - Filling up the DagBag from /opt/airflow/dags/dag_bronze_products.py
[2026-05-13T00:19:27.299+0000] {processor.py:925} INFO - DAG(s) 'dag_bronze_products' retrieved from /opt/airflow/dags/dag_bronze_products.py
[2026-05-13T00:19:27.334+0000] {logging_mixin.py:190} INFO - [2026-05-13T00:19:27.334+0000] {dag.py:3239} INFO - Sync 1 DAGs
[2026-05-13T00:19:27.356+0000] {logging_mixin.py:190} INFO - [2026-05-13T00:19:27.356+0000] {dag.py:4180} INFO - Setting next_dagrun for dag_bronze_products to None, run_after=None
[2026-05-13T00:19:27.388+0000] {processor.py:208} INFO - Processing /opt/airflow/dags/dag_bronze_products.py took 0.119 seconds
[2026-05-13T00:19:57.564+0000] {processor.py:186} INFO - Started process (PID=52753) to work on /opt/airflow/dags/dag_bronze_products.py
[2026-05-13T00:19:57.573+0000] {processor.py:914} INFO - Processing file /opt/airflow/dags/dag_bronze_products.py for tasks to queue
[2026-05-13T00:19:57.581+0000] {logging_mixin.py:190} INFO - [2026-05-13T00:19:57.581+0000] {dagbag.py:588} INFO - Filling up the DagBag from /opt/airflow/dags/dag_bronze_products.py
[2026-05-13T00:19:57.593+0000] {processor.py:925} INFO - DAG(s) 'dag_bronze_products' retrieved from /opt/airflow/dags/dag_bronze_products.py
[2026-05-13T00:19:57.628+0000] {logging_mixin.py:190} INFO - [2026-05-13T00:19:57.627+0000] {dag.py:3239} INFO - Sync 1 DAGs
[2026-05-13T00:19:57.643+0000] {logging_mixin.py:190} INFO - [2026-05-13T00:19:57.642+0000] {dag.py:4180} INFO - Setting next_dagrun for dag_bronze_products to None, run_after=None
[2026-05-13T00:19:57.668+0000] {processor.py:208} INFO - Processing /opt/airflow/dags/dag_bronze_products.py took 0.126 seconds
[2026-05-13T00:20:27.784+0000] {processor.py:186} INFO - Started process (PID=52803) to work on /opt/airflow/dags/dag_bronze_products.py
[2026-05-13T00:20:27.786+0000] {processor.py:914} INFO - Processing file /opt/airflow/dags/dag_bronze_products.py for tasks to queue
[2026-05-13T00:20:27.789+0000] {logging_mixin.py:190} INFO - [2026-05-13T00:20:27.788+0000] {dagbag.py:588} INFO - Filling up the DagBag from /opt/airflow/dags/dag_bronze_products.py
[2026-05-13T00:20:27.798+0000] {processor.py:925} INFO - DAG(s) 'dag_bronze_products' retrieved from /opt/airflow/dags/dag_bronze_products.py
[2026-05-13T00:20:27.830+0000] {logging_mixin.py:190} INFO - [2026-05-13T00:20:27.829+0000] {dag.py:3239} INFO - Sync 1 DAGs
[2026-05-13T00:20:27.847+0000] {logging_mixin.py:190} INFO - [2026-05-13T00:20:27.847+0000] {dag.py:4180} INFO - Setting next_dagrun for dag_bronze_products to None, run_after=None
[2026-05-13T00:20:27.880+0000] {processor.py:208} INFO - Processing /opt/airflow/dags/dag_bronze_products.py took 0.106 seconds
[2026-05-13T00:20:57.982+0000] {processor.py:186} INFO - Started process (PID=52853) to work on /opt/airflow/dags/dag_bronze_products.py
[2026-05-13T00:20:57.983+0000] {processor.py:914} INFO - Processing file /opt/airflow/dags/dag_bronze_products.py for tasks to queue
[2026-05-13T00:20:57.985+0000] {logging_mixin.py:190} INFO - [2026-05-13T00:20:57.985+0000] {dagbag.py:588} INFO - Filling up the DagBag from /opt/airflow/dags/dag_bronze_products.py
[2026-05-13T00:20:57.995+0000] {processor.py:925} INFO - DAG(s) 'dag_bronze_products' retrieved from /opt/airflow/dags/dag_bronze_products.py
[2026-05-13T00:20:58.033+0000] {logging_mixin.py:190} INFO - [2026-05-13T00:20:58.032+0000] {dag.py:3239} INFO - Sync 1 DAGs
[2026-05-13T00:20:58.057+0000] {logging_mixin.py:190} INFO - [2026-05-13T00:20:58.057+0000] {dag.py:4180} INFO - Setting next_dagrun for dag_bronze_products to None, run_after=None
[2026-05-13T00:20:58.094+0000] {processor.py:208} INFO - Processing /opt/airflow/dags/dag_bronze_products.py took 0.121 seconds
[2026-05-13T00:21:29.080+0000] {processor.py:186} INFO - Started process (PID=52903) to work on /opt/airflow/dags/dag_bronze_products.py
[2026-05-13T00:21:29.082+0000] {processor.py:914} INFO - Processing file /opt/airflow/dags/dag_bronze_products.py for tasks to queue
[2026-05-13T00:21:29.084+0000] {logging_mixin.py:190} INFO - [2026-05-13T00:21:29.084+0000] {dagbag.py:588} INFO - Filling up the DagBag from /opt/airflow/dags/dag_bronze_products.py
[2026-05-13T00:21:29.094+0000] {processor.py:925} INFO - DAG(s) 'dag_bronze_products' retrieved from /opt/airflow/dags/dag_bronze_products.py
[2026-05-13T00:21:29.132+0000] {logging_mixin.py:190} INFO - [2026-05-13T00:21:29.132+0000] {dag.py:3239} INFO - Sync 1 DAGs
[2026-05-13T00:21:29.150+0000] {logging_mixin.py:190} INFO - [2026-05-13T00:21:29.150+0000] {dag.py:4180} INFO - Setting next_dagrun for dag_bronze_products to None, run_after=None
[2026-05-13T00:21:29.176+0000] {processor.py:208} INFO - Processing /opt/airflow/dags/dag_bronze_products.py took 0.109 seconds
[2026-05-13T00:21:59.533+0000] {processor.py:186} INFO - Started process (PID=52953) to work on /opt/airflow/dags/dag_bronze_products.py
[2026-05-13T00:21:59.534+0000] {processor.py:914} INFO - Processing file /opt/airflow/dags/dag_bronze_products.py for tasks to queue
[2026-05-13T00:21:59.536+0000] {logging_mixin.py:190} INFO - [2026-05-13T00:21:59.536+0000] {dagbag.py:588} INFO - Filling up the DagBag from /opt/airflow/dags/dag_bronze_products.py
[2026-05-13T00:21:59.546+0000] {processor.py:925} INFO - DAG(s) 'dag_bronze_products' retrieved from /opt/airflow/dags/dag_bronze_products.py
[2026-05-13T00:21:59.598+0000] {logging_mixin.py:190} INFO - [2026-05-13T00:21:59.597+0000] {dag.py:3239} INFO - Sync 1 DAGs
[2026-05-13T00:21:59.625+0000] {logging_mixin.py:190} INFO - [2026-05-13T00:21:59.625+0000] {dag.py:4180} INFO - Setting next_dagrun for dag_bronze_products to None, run_after=None
[2026-05-13T00:21:59.657+0000] {processor.py:208} INFO - Processing /opt/airflow/dags/dag_bronze_products.py took 0.137 seconds
[2026-05-13T00:22:29.717+0000] {processor.py:186} INFO - Started process (PID=53003) to work on /opt/airflow/dags/dag_bronze_products.py
[2026-05-13T00:22:29.722+0000] {processor.py:914} INFO - Processing file /opt/airflow/dags/dag_bronze_products.py for tasks to queue
[2026-05-13T00:22:29.730+0000] {logging_mixin.py:190} INFO - [2026-05-13T00:22:29.729+0000] {dagbag.py:588} INFO - Filling up the DagBag from /opt/airflow/dags/dag_bronze_products.py
[2026-05-13T00:22:29.748+0000] {processor.py:925} INFO - DAG(s) 'dag_bronze_products' retrieved from /opt/airflow/dags/dag_bronze_products.py
[2026-05-13T00:22:29.801+0000] {logging_mixin.py:190} INFO - [2026-05-13T00:22:29.800+0000] {dag.py:3239} INFO - Sync 1 DAGs
[2026-05-13T00:22:29.817+0000] {logging_mixin.py:190} INFO - [2026-05-13T00:22:29.817+0000] {dag.py:4180} INFO - Setting next_dagrun for dag_bronze_products to None, run_after=None
[2026-05-13T00:22:29.860+0000] {processor.py:208} INFO - Processing /opt/airflow/dags/dag_bronze_products.py took 0.151 seconds
[2026-05-13T00:23:00.151+0000] {processor.py:186} INFO - Started process (PID=53053) to work on /opt/airflow/dags/dag_bronze_products.py
[2026-05-13T00:23:00.156+0000] {processor.py:914} INFO - Processing file /opt/airflow/dags/dag_bronze_products.py for tasks to queue
[2026-05-13T00:23:00.159+0000] {logging_mixin.py:190} INFO - [2026-05-13T00:23:00.159+0000] {dagbag.py:588} INFO - Filling up the DagBag from /opt/airflow/dags/dag_bronze_products.py
[2026-05-13T00:23:00.175+0000] {processor.py:925} INFO - DAG(s) 'dag_bronze_products' retrieved from /opt/airflow/dags/dag_bronze_products.py
[2026-05-13T00:23:00.225+0000] {logging_mixin.py:190} INFO - [2026-05-13T00:23:00.225+0000] {dag.py:3239} INFO - Sync 1 DAGs
[2026-05-13T00:23:00.243+0000] {logging_mixin.py:190} INFO - [2026-05-13T00:23:00.243+0000] {dag.py:4180} INFO - Setting next_dagrun for dag_bronze_products to None, run_after=None
[2026-05-13T00:23:00.265+0000] {processor.py:208} INFO - Processing /opt/airflow/dags/dag_bronze_products.py took 0.132 seconds
[2026-05-13T00:23:30.449+0000] {processor.py:186} INFO - Started process (PID=53103) to work on /opt/airflow/dags/dag_bronze_products.py
[2026-05-13T00:23:30.457+0000] {processor.py:914} INFO - Processing file /opt/airflow/dags/dag_bronze_products.py for tasks to queue
[2026-05-13T00:23:30.460+0000] {logging_mixin.py:190} INFO - [2026-05-13T00:23:30.460+0000] {dagbag.py:588} INFO - Filling up the DagBag from /opt/airflow/dags/dag_bronze_products.py
[2026-05-13T00:23:30.471+0000] {processor.py:925} INFO - DAG(s) 'dag_bronze_products' retrieved from /opt/airflow/dags/dag_bronze_products.py
[2026-05-13T00:23:30.512+0000] {logging_mixin.py:190} INFO - [2026-05-13T00:23:30.512+0000] {dag.py:3239} INFO - Sync 1 DAGs
[2026-05-13T00:23:30.530+0000] {logging_mixin.py:190} INFO - [2026-05-13T00:23:30.529+0000] {dag.py:4180} INFO - Setting next_dagrun for dag_bronze_products to None, run_after=None
[2026-05-13T00:23:30.550+0000] {processor.py:208} INFO - Processing /opt/airflow/dags/dag_bronze_products.py took 0.111 seconds
[2026-05-13T00:24:00.729+0000] {processor.py:186} INFO - Started process (PID=53153) to work on /opt/airflow/dags/dag_bronze_products.py
[2026-05-13T00:24:00.737+0000] {processor.py:914} INFO - Processing file /opt/airflow/dags/dag_bronze_products.py for tasks to queue
[2026-05-13T00:24:00.740+0000] {logging_mixin.py:190} INFO - [2026-05-13T00:24:00.740+0000] {dagbag.py:588} INFO - Filling up the DagBag from /opt/airflow/dags/dag_bronze_products.py
[2026-05-13T00:24:00.752+0000] {processor.py:925} INFO - DAG(s) 'dag_bronze_products' retrieved from /opt/airflow/dags/dag_bronze_products.py
[2026-05-13T00:24:00.794+0000] {logging_mixin.py:190} INFO - [2026-05-13T00:24:00.794+0000] {dag.py:3239} INFO - Sync 1 DAGs
[2026-05-13T00:24:00.817+0000] {logging_mixin.py:190} INFO - [2026-05-13T00:24:00.816+0000] {dag.py:4180} INFO - Setting next_dagrun for dag_bronze_products to None, run_after=None
[2026-05-13T00:24:00.848+0000] {processor.py:208} INFO - Processing /opt/airflow/dags/dag_bronze_products.py took 0.127 seconds
[2026-05-13T00:24:31.206+0000] {processor.py:186} INFO - Started process (PID=53203) to work on /opt/airflow/dags/dag_bronze_products.py
[2026-05-13T00:24:31.215+0000] {processor.py:914} INFO - Processing file /opt/airflow/dags/dag_bronze_products.py for tasks to queue
[2026-05-13T00:24:31.218+0000] {logging_mixin.py:190} INFO - [2026-05-13T00:24:31.218+0000] {dagbag.py:588} INFO - Filling up the DagBag from /opt/airflow/dags/dag_bronze_products.py
[2026-05-13T00:24:31.234+0000] {processor.py:925} INFO - DAG(s) 'dag_bronze_products' retrieved from /opt/airflow/dags/dag_bronze_products.py
[2026-05-13T00:24:31.293+0000] {logging_mixin.py:190} INFO - [2026-05-13T00:24:31.293+0000] {dag.py:3239} INFO - Sync 1 DAGs
[2026-05-13T00:24:31.311+0000] {logging_mixin.py:190} INFO - [2026-05-13T00:24:31.311+0000] {dag.py:4180} INFO - Setting next_dagrun for dag_bronze_products to None, run_after=None
[2026-05-13T00:24:31.367+0000] {processor.py:208} INFO - Processing /opt/airflow/dags/dag_bronze_products.py took 0.172 seconds
[2026-05-13T00:25:01.527+0000] {processor.py:186} INFO - Started process (PID=53253) to work on /opt/airflow/dags/dag_bronze_products.py
[2026-05-13T00:25:01.530+0000] {processor.py:914} INFO - Processing file /opt/airflow/dags/dag_bronze_products.py for tasks to queue
[2026-05-13T00:25:01.534+0000] {logging_mixin.py:190} INFO - [2026-05-13T00:25:01.533+0000] {dagbag.py:588} INFO - Filling up the DagBag from /opt/airflow/dags/dag_bronze_products.py
[2026-05-13T00:25:01.542+0000] {processor.py:925} INFO - DAG(s) 'dag_bronze_products' retrieved from /opt/airflow/dags/dag_bronze_products.py
[2026-05-13T00:25:01.596+0000] {logging_mixin.py:190} INFO - [2026-05-13T00:25:01.596+0000] {dag.py:3239} INFO - Sync 1 DAGs
[2026-05-13T00:25:01.614+0000] {logging_mixin.py:190} INFO - [2026-05-13T00:25:01.614+0000] {dag.py:4180} INFO - Setting next_dagrun for dag_bronze_products to None, run_after=None
[2026-05-13T00:25:01.659+0000] {processor.py:208} INFO - Processing /opt/airflow/dags/dag_bronze_products.py took 0.144 seconds
[2026-05-13T00:25:31.832+0000] {processor.py:186} INFO - Started process (PID=53303) to work on /opt/airflow/dags/dag_bronze_products.py
[2026-05-13T00:25:31.834+0000] {processor.py:914} INFO - Processing file /opt/airflow/dags/dag_bronze_products.py for tasks to queue
[2026-05-13T00:25:31.836+0000] {logging_mixin.py:190} INFO - [2026-05-13T00:25:31.836+0000] {dagbag.py:588} INFO - Filling up the DagBag from /opt/airflow/dags/dag_bronze_products.py
[2026-05-13T00:25:31.847+0000] {processor.py:925} INFO - DAG(s) 'dag_bronze_products' retrieved from /opt/airflow/dags/dag_bronze_products.py
[2026-05-13T00:25:31.890+0000] {logging_mixin.py:190} INFO - [2026-05-13T00:25:31.890+0000] {dag.py:3239} INFO - Sync 1 DAGs
[2026-05-13T00:25:31.913+0000] {logging_mixin.py:190} INFO - [2026-05-13T00:25:31.913+0000] {dag.py:4180} INFO - Setting next_dagrun for dag_bronze_products to None, run_after=None
[2026-05-13T00:25:31.963+0000] {processor.py:208} INFO - Processing /opt/airflow/dags/dag_bronze_products.py took 0.147 seconds
[2026-05-13T00:26:03.032+0000] {processor.py:186} INFO - Started process (PID=53353) to work on /opt/airflow/dags/dag_bronze_products.py
[2026-05-13T00:26:03.042+0000] {processor.py:914} INFO - Processing file /opt/airflow/dags/dag_bronze_products.py for tasks to queue
[2026-05-13T00:26:03.044+0000] {logging_mixin.py:190} INFO - [2026-05-13T00:26:03.044+0000] {dagbag.py:588} INFO - Filling up the DagBag from /opt/airflow/dags/dag_bronze_products.py
[2026-05-13T00:26:03.056+0000] {processor.py:925} INFO - DAG(s) 'dag_bronze_products' retrieved from /opt/airflow/dags/dag_bronze_products.py
[2026-05-13T00:26:03.098+0000] {logging_mixin.py:190} INFO - [2026-05-13T00:26:03.098+0000] {dag.py:3239} INFO - Sync 1 DAGs
[2026-05-13T00:26:03.121+0000] {logging_mixin.py:190} INFO - [2026-05-13T00:26:03.120+0000] {dag.py:4180} INFO - Setting next_dagrun for dag_bronze_products to None, run_after=None
[2026-05-13T00:26:03.144+0000] {processor.py:208} INFO - Processing /opt/airflow/dags/dag_bronze_products.py took 0.120 seconds
[2026-05-13T00:26:33.365+0000] {processor.py:186} INFO - Started process (PID=53403) to work on /opt/airflow/dags/dag_bronze_products.py
[2026-05-13T00:26:33.367+0000] {processor.py:914} INFO - Processing file /opt/airflow/dags/dag_bronze_products.py for tasks to queue
[2026-05-13T00:26:33.370+0000] {logging_mixin.py:190} INFO - [2026-05-13T00:26:33.370+0000] {dagbag.py:588} INFO - Filling up the DagBag from /opt/airflow/dags/dag_bronze_products.py
[2026-05-13T00:26:33.381+0000] {processor.py:925} INFO - DAG(s) 'dag_bronze_products' retrieved from /opt/airflow/dags/dag_bronze_products.py
[2026-05-13T00:26:33.419+0000] {logging_mixin.py:190} INFO - [2026-05-13T00:26:33.418+0000] {dag.py:3239} INFO - Sync 1 DAGs
[2026-05-13T00:26:33.436+0000] {logging_mixin.py:190} INFO - [2026-05-13T00:26:33.435+0000] {dag.py:4180} INFO - Setting next_dagrun for dag_bronze_products to None, run_after=None
[2026-05-13T00:26:33.493+0000] {processor.py:208} INFO - Processing /opt/airflow/dags/dag_bronze_products.py took 0.137 seconds
[2026-05-13T00:27:03.783+0000] {processor.py:186} INFO - Started process (PID=53453) to work on /opt/airflow/dags/dag_bronze_products.py
[2026-05-13T00:27:03.803+0000] {processor.py:914} INFO - Processing file /opt/airflow/dags/dag_bronze_products.py for tasks to queue
[2026-05-13T00:27:03.805+0000] {logging_mixin.py:190} INFO - [2026-05-13T00:27:03.804+0000] {dagbag.py:588} INFO - Filling up the DagBag from /opt/airflow/dags/dag_bronze_products.py
[2026-05-13T00:27:03.813+0000] {processor.py:925} INFO - DAG(s) 'dag_bronze_products' retrieved from /opt/airflow/dags/dag_bronze_products.py
[2026-05-13T00:27:03.846+0000] {logging_mixin.py:190} INFO - [2026-05-13T00:27:03.845+0000] {dag.py:3239} INFO - Sync 1 DAGs
[2026-05-13T00:27:03.863+0000] {logging_mixin.py:190} INFO - [2026-05-13T00:27:03.863+0000] {dag.py:4180} INFO - Setting next_dagrun for dag_bronze_products to None, run_after=None
[2026-05-13T00:27:03.887+0000] {processor.py:208} INFO - Processing /opt/airflow/dags/dag_bronze_products.py took 0.116 seconds
[2026-05-13T00:27:34.090+0000] {processor.py:186} INFO - Started process (PID=53503) to work on /opt/airflow/dags/dag_bronze_products.py
[2026-05-13T00:27:34.096+0000] {processor.py:914} INFO - Processing file /opt/airflow/dags/dag_bronze_products.py for tasks to queue
[2026-05-13T00:27:34.100+0000] {logging_mixin.py:190} INFO - [2026-05-13T00:27:34.100+0000] {dagbag.py:588} INFO - Filling up the DagBag from /opt/airflow/dags/dag_bronze_products.py
[2026-05-13T00:27:34.108+0000] {processor.py:925} INFO - DAG(s) 'dag_bronze_products' retrieved from /opt/airflow/dags/dag_bronze_products.py
[2026-05-13T00:27:34.145+0000] {logging_mixin.py:190} INFO - [2026-05-13T00:27:34.144+0000] {dag.py:3239} INFO - Sync 1 DAGs
[2026-05-13T00:27:34.162+0000] {logging_mixin.py:190} INFO - [2026-05-13T00:27:34.161+0000] {dag.py:4180} INFO - Setting next_dagrun for dag_bronze_products to None, run_after=None
[2026-05-13T00:27:34.189+0000] {processor.py:208} INFO - Processing /opt/airflow/dags/dag_bronze_products.py took 0.105 seconds
[2026-05-13T00:28:04.565+0000] {processor.py:186} INFO - Started process (PID=53553) to work on /opt/airflow/dags/dag_bronze_products.py
[2026-05-13T00:28:04.572+0000] {processor.py:914} INFO - Processing file /opt/airflow/dags/dag_bronze_products.py for tasks to queue
[2026-05-13T00:28:04.578+0000] {logging_mixin.py:190} INFO - [2026-05-13T00:28:04.577+0000] {dagbag.py:588} INFO - Filling up the DagBag from /opt/airflow/dags/dag_bronze_products.py
[2026-05-13T00:28:04.596+0000] {processor.py:925} INFO - DAG(s) 'dag_bronze_products' retrieved from /opt/airflow/dags/dag_bronze_products.py
[2026-05-13T00:28:04.665+0000] {logging_mixin.py:190} INFO - [2026-05-13T00:28:04.665+0000] {dag.py:3239} INFO - Sync 1 DAGs
[2026-05-13T00:28:04.685+0000] {logging_mixin.py:190} INFO - [2026-05-13T00:28:04.685+0000] {dag.py:4180} INFO - Setting next_dagrun for dag_bronze_products to None, run_after=None
[2026-05-13T00:28:04.708+0000] {processor.py:208} INFO - Processing /opt/airflow/dags/dag_bronze_products.py took 0.159 seconds
[2026-05-13T00:28:34.833+0000] {processor.py:186} INFO - Started process (PID=53603) to work on /opt/airflow/dags/dag_bronze_products.py
[2026-05-13T00:28:34.857+0000] {processor.py:914} INFO - Processing file /opt/airflow/dags/dag_bronze_products.py for tasks to queue
[2026-05-13T00:28:34.859+0000] {logging_mixin.py:190} INFO - [2026-05-13T00:28:34.859+0000] {dagbag.py:588} INFO - Filling up the DagBag from /opt/airflow/dags/dag_bronze_products.py
[2026-05-13T00:28:34.869+0000] {processor.py:925} INFO - DAG(s) 'dag_bronze_products' retrieved from /opt/airflow/dags/dag_bronze_products.py
[2026-05-13T00:28:34.907+0000] {logging_mixin.py:190} INFO - [2026-05-13T00:28:34.907+0000] {dag.py:3239} INFO - Sync 1 DAGs
[2026-05-13T00:28:34.925+0000] {logging_mixin.py:190} INFO - [2026-05-13T00:28:34.925+0000] {dag.py:4180} INFO - Setting next_dagrun for dag_bronze_products to None, run_after=None
[2026-05-13T00:28:34.955+0000] {processor.py:208} INFO - Processing /opt/airflow/dags/dag_bronze_products.py took 0.128 seconds
[2026-05-13T00:29:05.084+0000] {processor.py:186} INFO - Started process (PID=53653) to work on /opt/airflow/dags/dag_bronze_products.py
[2026-05-13T00:29:05.086+0000] {processor.py:914} INFO - Processing file /opt/airflow/dags/dag_bronze_products.py for tasks to queue
[2026-05-13T00:29:05.089+0000] {logging_mixin.py:190} INFO - [2026-05-13T00:29:05.088+0000] {dagbag.py:588} INFO - Filling up the DagBag from /opt/airflow/dags/dag_bronze_products.py
[2026-05-13T00:29:05.098+0000] {processor.py:925} INFO - DAG(s) 'dag_bronze_products' retrieved from /opt/airflow/dags/dag_bronze_products.py
[2026-05-13T00:29:05.131+0000] {logging_mixin.py:190} INFO - [2026-05-13T00:29:05.131+0000] {dag.py:3239} INFO - Sync 1 DAGs
[2026-05-13T00:29:05.146+0000] {logging_mixin.py:190} INFO - [2026-05-13T00:29:05.145+0000] {dag.py:4180} INFO - Setting next_dagrun for dag_bronze_products to None, run_after=None
[2026-05-13T00:29:05.171+0000] {processor.py:208} INFO - Processing /opt/airflow/dags/dag_bronze_products.py took 0.097 seconds
[2026-05-13T00:29:36.238+0000] {processor.py:186} INFO - Started process (PID=53703) to work on /opt/airflow/dags/dag_bronze_products.py
[2026-05-13T00:29:36.240+0000] {processor.py:914} INFO - Processing file /opt/airflow/dags/dag_bronze_products.py for tasks to queue
[2026-05-13T00:29:36.245+0000] {logging_mixin.py:190} INFO - [2026-05-13T00:29:36.245+0000] {dagbag.py:588} INFO - Filling up the DagBag from /opt/airflow/dags/dag_bronze_products.py
[2026-05-13T00:29:36.257+0000] {processor.py:925} INFO - DAG(s) 'dag_bronze_products' retrieved from /opt/airflow/dags/dag_bronze_products.py
[2026-05-13T00:29:36.301+0000] {logging_mixin.py:190} INFO - [2026-05-13T00:29:36.301+0000] {dag.py:3239} INFO - Sync 1 DAGs
[2026-05-13T00:29:36.317+0000] {logging_mixin.py:190} INFO - [2026-05-13T00:29:36.317+0000] {dag.py:4180} INFO - Setting next_dagrun for dag_bronze_products to None, run_after=None
[2026-05-13T00:29:36.340+0000] {processor.py:208} INFO - Processing /opt/airflow/dags/dag_bronze_products.py took 0.115 seconds
[2026-05-13T00:30:07.256+0000] {processor.py:186} INFO - Started process (PID=53753) to work on /opt/airflow/dags/dag_bronze_products.py
[2026-05-13T00:30:07.258+0000] {processor.py:914} INFO - Processing file /opt/airflow/dags/dag_bronze_products.py for tasks to queue
[2026-05-13T00:30:07.262+0000] {logging_mixin.py:190} INFO - [2026-05-13T00:30:07.260+0000] {dagbag.py:588} INFO - Filling up the DagBag from /opt/airflow/dags/dag_bronze_products.py
[2026-05-13T00:30:07.273+0000] {processor.py:925} INFO - DAG(s) 'dag_bronze_products' retrieved from /opt/airflow/dags/dag_bronze_products.py
[2026-05-13T00:30:07.306+0000] {logging_mixin.py:190} INFO - [2026-05-13T00:30:07.305+0000] {dag.py:3239} INFO - Sync 1 DAGs
[2026-05-13T00:30:07.322+0000] {logging_mixin.py:190} INFO - [2026-05-13T00:30:07.322+0000] {dag.py:4180} INFO - Setting next_dagrun for dag_bronze_products to None, run_after=None
[2026-05-13T00:30:07.346+0000] {processor.py:208} INFO - Processing /opt/airflow/dags/dag_bronze_products.py took 0.101 seconds
[2026-05-13T00:30:38.422+0000] {processor.py:186} INFO - Started process (PID=53803) to work on /opt/airflow/dags/dag_bronze_products.py
[2026-05-13T00:30:38.424+0000] {processor.py:914} INFO - Processing file /opt/airflow/dags/dag_bronze_products.py for tasks to queue
[2026-05-13T00:30:38.427+0000] {logging_mixin.py:190} INFO - [2026-05-13T00:30:38.427+0000] {dagbag.py:588} INFO - Filling up the DagBag from /opt/airflow/dags/dag_bronze_products.py
[2026-05-13T00:30:38.435+0000] {processor.py:925} INFO - DAG(s) 'dag_bronze_products' retrieved from /opt/airflow/dags/dag_bronze_products.py
[2026-05-13T00:30:38.468+0000] {logging_mixin.py:190} INFO - [2026-05-13T00:30:38.468+0000] {dag.py:3239} INFO - Sync 1 DAGs
[2026-05-13T00:30:38.486+0000] {logging_mixin.py:190} INFO - [2026-05-13T00:30:38.486+0000] {dag.py:4180} INFO - Setting next_dagrun for dag_bronze_products to None, run_after=None
[2026-05-13T00:30:38.508+0000] {processor.py:208} INFO - Processing /opt/airflow/dags/dag_bronze_products.py took 0.092 seconds
[2026-05-13T00:31:08.676+0000] {processor.py:186} INFO - Started process (PID=53855) to work on /opt/airflow/dags/dag_bronze_products.py
[2026-05-13T00:31:08.677+0000] {processor.py:914} INFO - Processing file /opt/airflow/dags/dag_bronze_products.py for tasks to queue
[2026-05-13T00:31:08.678+0000] {logging_mixin.py:190} INFO - [2026-05-13T00:31:08.678+0000] {dagbag.py:588} INFO - Filling up the DagBag from /opt/airflow/dags/dag_bronze_products.py
[2026-05-13T00:31:08.686+0000] {processor.py:925} INFO - DAG(s) 'dag_bronze_products' retrieved from /opt/airflow/dags/dag_bronze_products.py
[2026-05-13T00:31:08.717+0000] {logging_mixin.py:190} INFO - [2026-05-13T00:31:08.716+0000] {dag.py:3239} INFO - Sync 1 DAGs
[2026-05-13T00:31:08.732+0000] {logging_mixin.py:190} INFO - [2026-05-13T00:31:08.731+0000] {dag.py:4180} INFO - Setting next_dagrun for dag_bronze_products to None, run_after=None
[2026-05-13T00:31:08.756+0000] {processor.py:208} INFO - Processing /opt/airflow/dags/dag_bronze_products.py took 0.086 seconds
