[2026-05-13T00:07:46.428+0000] {processor.py:186} INFO - Started process (PID=51565) to work on /opt/airflow/dags/dag_bronze_aisles.py
[2026-05-13T00:07:46.429+0000] {processor.py:914} INFO - Processing file /opt/airflow/dags/dag_bronze_aisles.py for tasks to queue
[2026-05-13T00:07:46.434+0000] {logging_mixin.py:190} INFO - [2026-05-13T00:07:46.433+0000] {dagbag.py:588} INFO - Filling up the DagBag from /opt/airflow/dags/dag_bronze_aisles.py
[2026-05-13T00:07:46.467+0000] {processor.py:925} INFO - DAG(s) 'dag_bronze_aisles' retrieved from /opt/airflow/dags/dag_bronze_aisles.py
[2026-05-13T00:07:46.546+0000] {logging_mixin.py:190} INFO - [2026-05-13T00:07:46.545+0000] {dag.py:3239} INFO - Sync 1 DAGs
[2026-05-13T00:07:46.578+0000] {logging_mixin.py:190} INFO - [2026-05-13T00:07:46.578+0000] {dag.py:4180} INFO - Setting next_dagrun for dag_bronze_aisles to None, run_after=None
[2026-05-13T00:07:46.615+0000] {processor.py:208} INFO - Processing /opt/airflow/dags/dag_bronze_aisles.py took 0.195 seconds
[2026-05-13T00:08:17.125+0000] {processor.py:186} INFO - Started process (PID=51615) to work on /opt/airflow/dags/dag_bronze_aisles.py
[2026-05-13T00:08:17.126+0000] {processor.py:914} INFO - Processing file /opt/airflow/dags/dag_bronze_aisles.py for tasks to queue
[2026-05-13T00:08:17.129+0000] {logging_mixin.py:190} INFO - [2026-05-13T00:08:17.129+0000] {dagbag.py:588} INFO - Filling up the DagBag from /opt/airflow/dags/dag_bronze_aisles.py
[2026-05-13T00:08:17.151+0000] {processor.py:925} INFO - DAG(s) 'dag_bronze_aisles' retrieved from /opt/airflow/dags/dag_bronze_aisles.py
[2026-05-13T00:08:17.187+0000] {logging_mixin.py:190} INFO - [2026-05-13T00:08:17.186+0000] {dag.py:3239} INFO - Sync 1 DAGs
[2026-05-13T00:08:17.203+0000] {logging_mixin.py:190} INFO - [2026-05-13T00:08:17.203+0000] {dag.py:4180} INFO - Setting next_dagrun for dag_bronze_aisles to None, run_after=None
[2026-05-13T00:08:17.237+0000] {processor.py:208} INFO - Processing /opt/airflow/dags/dag_bronze_aisles.py took 0.120 seconds
[2026-05-13T00:08:47.541+0000] {processor.py:186} INFO - Started process (PID=51665) to work on /opt/airflow/dags/dag_bronze_aisles.py
[2026-05-13T00:08:47.541+0000] {processor.py:914} INFO - Processing file /opt/airflow/dags/dag_bronze_aisles.py for tasks to queue
[2026-05-13T00:08:47.544+0000] {logging_mixin.py:190} INFO - [2026-05-13T00:08:47.544+0000] {dagbag.py:588} INFO - Filling up the DagBag from /opt/airflow/dags/dag_bronze_aisles.py
[2026-05-13T00:08:47.552+0000] {processor.py:925} INFO - DAG(s) 'dag_bronze_aisles' retrieved from /opt/airflow/dags/dag_bronze_aisles.py
[2026-05-13T00:08:47.592+0000] {logging_mixin.py:190} INFO - [2026-05-13T00:08:47.592+0000] {dag.py:3239} INFO - Sync 1 DAGs
[2026-05-13T00:08:47.611+0000] {logging_mixin.py:190} INFO - [2026-05-13T00:08:47.610+0000] {dag.py:4180} INFO - Setting next_dagrun for dag_bronze_aisles to None, run_after=None
[2026-05-13T00:08:47.677+0000] {processor.py:208} INFO - Processing /opt/airflow/dags/dag_bronze_aisles.py took 0.143 seconds
[2026-05-13T00:09:17.992+0000] {processor.py:186} INFO - Started process (PID=51715) to work on /opt/airflow/dags/dag_bronze_aisles.py
[2026-05-13T00:09:17.993+0000] {processor.py:914} INFO - Processing file /opt/airflow/dags/dag_bronze_aisles.py for tasks to queue
[2026-05-13T00:09:17.996+0000] {logging_mixin.py:190} INFO - [2026-05-13T00:09:17.996+0000] {dagbag.py:588} INFO - Filling up the DagBag from /opt/airflow/dags/dag_bronze_aisles.py
[2026-05-13T00:09:18.005+0000] {processor.py:925} INFO - DAG(s) 'dag_bronze_aisles' retrieved from /opt/airflow/dags/dag_bronze_aisles.py
[2026-05-13T00:09:18.039+0000] {logging_mixin.py:190} INFO - [2026-05-13T00:09:18.038+0000] {dag.py:3239} INFO - Sync 1 DAGs
[2026-05-13T00:09:18.054+0000] {logging_mixin.py:190} INFO - [2026-05-13T00:09:18.054+0000] {dag.py:4180} INFO - Setting next_dagrun for dag_bronze_aisles to None, run_after=None
[2026-05-13T00:09:18.085+0000] {processor.py:208} INFO - Processing /opt/airflow/dags/dag_bronze_aisles.py took 0.101 seconds
[2026-05-13T00:09:49.029+0000] {processor.py:186} INFO - Started process (PID=51765) to work on /opt/airflow/dags/dag_bronze_aisles.py
[2026-05-13T00:09:49.029+0000] {processor.py:914} INFO - Processing file /opt/airflow/dags/dag_bronze_aisles.py for tasks to queue
[2026-05-13T00:09:49.032+0000] {logging_mixin.py:190} INFO - [2026-05-13T00:09:49.031+0000] {dagbag.py:588} INFO - Filling up the DagBag from /opt/airflow/dags/dag_bronze_aisles.py
[2026-05-13T00:09:49.040+0000] {processor.py:925} INFO - DAG(s) 'dag_bronze_aisles' retrieved from /opt/airflow/dags/dag_bronze_aisles.py
[2026-05-13T00:09:49.077+0000] {logging_mixin.py:190} INFO - [2026-05-13T00:09:49.076+0000] {dag.py:3239} INFO - Sync 1 DAGs
[2026-05-13T00:09:49.094+0000] {logging_mixin.py:190} INFO - [2026-05-13T00:09:49.094+0000] {dag.py:4180} INFO - Setting next_dagrun for dag_bronze_aisles to None, run_after=None
[2026-05-13T00:09:49.113+0000] {processor.py:208} INFO - Processing /opt/airflow/dags/dag_bronze_aisles.py took 0.094 seconds
[2026-05-13T00:10:20.111+0000] {processor.py:186} INFO - Started process (PID=51815) to work on /opt/airflow/dags/dag_bronze_aisles.py
[2026-05-13T00:10:20.112+0000] {processor.py:914} INFO - Processing file /opt/airflow/dags/dag_bronze_aisles.py for tasks to queue
[2026-05-13T00:10:20.114+0000] {logging_mixin.py:190} INFO - [2026-05-13T00:10:20.114+0000] {dagbag.py:588} INFO - Filling up the DagBag from /opt/airflow/dags/dag_bronze_aisles.py
[2026-05-13T00:10:20.123+0000] {processor.py:925} INFO - DAG(s) 'dag_bronze_aisles' retrieved from /opt/airflow/dags/dag_bronze_aisles.py
[2026-05-13T00:10:20.162+0000] {logging_mixin.py:190} INFO - [2026-05-13T00:10:20.161+0000] {dag.py:3239} INFO - Sync 1 DAGs
[2026-05-13T00:10:20.179+0000] {logging_mixin.py:190} INFO - [2026-05-13T00:10:20.179+0000] {dag.py:4180} INFO - Setting next_dagrun for dag_bronze_aisles to None, run_after=None
[2026-05-13T00:10:20.213+0000] {processor.py:208} INFO - Processing /opt/airflow/dags/dag_bronze_aisles.py took 0.110 seconds
[2026-05-13T00:10:50.323+0000] {processor.py:186} INFO - Started process (PID=51865) to work on /opt/airflow/dags/dag_bronze_aisles.py
[2026-05-13T00:10:50.324+0000] {processor.py:914} INFO - Processing file /opt/airflow/dags/dag_bronze_aisles.py for tasks to queue
[2026-05-13T00:10:50.328+0000] {logging_mixin.py:190} INFO - [2026-05-13T00:10:50.328+0000] {dagbag.py:588} INFO - Filling up the DagBag from /opt/airflow/dags/dag_bronze_aisles.py
[2026-05-13T00:10:50.341+0000] {processor.py:925} INFO - DAG(s) 'dag_bronze_aisles' retrieved from /opt/airflow/dags/dag_bronze_aisles.py
[2026-05-13T00:10:50.405+0000] {logging_mixin.py:190} INFO - [2026-05-13T00:10:50.405+0000] {dag.py:3239} INFO - Sync 1 DAGs
[2026-05-13T00:10:50.430+0000] {logging_mixin.py:190} INFO - [2026-05-13T00:10:50.429+0000] {dag.py:4180} INFO - Setting next_dagrun for dag_bronze_aisles to None, run_after=None
[2026-05-13T00:10:50.455+0000] {processor.py:208} INFO - Processing /opt/airflow/dags/dag_bronze_aisles.py took 0.142 seconds
[2026-05-13T00:11:20.574+0000] {processor.py:186} INFO - Started process (PID=51915) to work on /opt/airflow/dags/dag_bronze_aisles.py
[2026-05-13T00:11:20.598+0000] {processor.py:914} INFO - Processing file /opt/airflow/dags/dag_bronze_aisles.py for tasks to queue
[2026-05-13T00:11:20.605+0000] {logging_mixin.py:190} INFO - [2026-05-13T00:11:20.604+0000] {dagbag.py:588} INFO - Filling up the DagBag from /opt/airflow/dags/dag_bronze_aisles.py
[2026-05-13T00:11:20.626+0000] {processor.py:925} INFO - DAG(s) 'dag_bronze_aisles' retrieved from /opt/airflow/dags/dag_bronze_aisles.py
[2026-05-13T00:11:20.676+0000] {logging_mixin.py:190} INFO - [2026-05-13T00:11:20.676+0000] {dag.py:3239} INFO - Sync 1 DAGs
[2026-05-13T00:11:20.704+0000] {logging_mixin.py:190} INFO - [2026-05-13T00:11:20.703+0000] {dag.py:4180} INFO - Setting next_dagrun for dag_bronze_aisles to None, run_after=None
[2026-05-13T00:11:20.759+0000] {processor.py:208} INFO - Processing /opt/airflow/dags/dag_bronze_aisles.py took 0.191 seconds
[2026-05-13T00:11:51.445+0000] {processor.py:186} INFO - Started process (PID=51965) to work on /opt/airflow/dags/dag_bronze_aisles.py
[2026-05-13T00:11:51.446+0000] {processor.py:914} INFO - Processing file /opt/airflow/dags/dag_bronze_aisles.py for tasks to queue
[2026-05-13T00:11:51.448+0000] {logging_mixin.py:190} INFO - [2026-05-13T00:11:51.448+0000] {dagbag.py:588} INFO - Filling up the DagBag from /opt/airflow/dags/dag_bronze_aisles.py
[2026-05-13T00:11:51.456+0000] {processor.py:925} INFO - DAG(s) 'dag_bronze_aisles' retrieved from /opt/airflow/dags/dag_bronze_aisles.py
[2026-05-13T00:11:51.490+0000] {logging_mixin.py:190} INFO - [2026-05-13T00:11:51.489+0000] {dag.py:3239} INFO - Sync 1 DAGs
[2026-05-13T00:11:51.509+0000] {logging_mixin.py:190} INFO - [2026-05-13T00:11:51.508+0000] {dag.py:4180} INFO - Setting next_dagrun for dag_bronze_aisles to None, run_after=None
[2026-05-13T00:11:51.624+0000] {processor.py:208} INFO - Processing /opt/airflow/dags/dag_bronze_aisles.py took 0.186 seconds
[2026-05-13T00:12:21.752+0000] {processor.py:186} INFO - Started process (PID=52015) to work on /opt/airflow/dags/dag_bronze_aisles.py
[2026-05-13T00:12:21.776+0000] {processor.py:914} INFO - Processing file /opt/airflow/dags/dag_bronze_aisles.py for tasks to queue
[2026-05-13T00:12:21.780+0000] {logging_mixin.py:190} INFO - [2026-05-13T00:12:21.780+0000] {dagbag.py:588} INFO - Filling up the DagBag from /opt/airflow/dags/dag_bronze_aisles.py
[2026-05-13T00:12:21.794+0000] {processor.py:925} INFO - DAG(s) 'dag_bronze_aisles' retrieved from /opt/airflow/dags/dag_bronze_aisles.py
[2026-05-13T00:12:21.847+0000] {logging_mixin.py:190} INFO - [2026-05-13T00:12:21.846+0000] {dag.py:3239} INFO - Sync 1 DAGs
[2026-05-13T00:12:21.867+0000] {logging_mixin.py:190} INFO - [2026-05-13T00:12:21.867+0000] {dag.py:4180} INFO - Setting next_dagrun for dag_bronze_aisles to None, run_after=None
[2026-05-13T00:12:21.890+0000] {processor.py:208} INFO - Processing /opt/airflow/dags/dag_bronze_aisles.py took 0.150 seconds
[2026-05-13T00:12:52.078+0000] {processor.py:186} INFO - Started process (PID=52065) to work on /opt/airflow/dags/dag_bronze_aisles.py
[2026-05-13T00:12:52.105+0000] {processor.py:914} INFO - Processing file /opt/airflow/dags/dag_bronze_aisles.py for tasks to queue
[2026-05-13T00:12:52.107+0000] {logging_mixin.py:190} INFO - [2026-05-13T00:12:52.107+0000] {dagbag.py:588} INFO - Filling up the DagBag from /opt/airflow/dags/dag_bronze_aisles.py
[2026-05-13T00:12:52.118+0000] {processor.py:925} INFO - DAG(s) 'dag_bronze_aisles' retrieved from /opt/airflow/dags/dag_bronze_aisles.py
[2026-05-13T00:12:52.159+0000] {logging_mixin.py:190} INFO - [2026-05-13T00:12:52.159+0000] {dag.py:3239} INFO - Sync 1 DAGs
[2026-05-13T00:12:52.181+0000] {logging_mixin.py:190} INFO - [2026-05-13T00:12:52.181+0000] {dag.py:4180} INFO - Setting next_dagrun for dag_bronze_aisles to None, run_after=None
[2026-05-13T00:12:52.203+0000] {processor.py:208} INFO - Processing /opt/airflow/dags/dag_bronze_aisles.py took 0.134 seconds
[2026-05-13T00:13:22.314+0000] {processor.py:186} INFO - Started process (PID=52113) to work on /opt/airflow/dags/dag_bronze_aisles.py
[2026-05-13T00:13:22.315+0000] {processor.py:914} INFO - Processing file /opt/airflow/dags/dag_bronze_aisles.py for tasks to queue
[2026-05-13T00:13:22.318+0000] {logging_mixin.py:190} INFO - [2026-05-13T00:13:22.318+0000] {dagbag.py:588} INFO - Filling up the DagBag from /opt/airflow/dags/dag_bronze_aisles.py
[2026-05-13T00:13:22.329+0000] {processor.py:925} INFO - DAG(s) 'dag_bronze_aisles' retrieved from /opt/airflow/dags/dag_bronze_aisles.py
[2026-05-13T00:13:22.365+0000] {logging_mixin.py:190} INFO - [2026-05-13T00:13:22.364+0000] {dag.py:3239} INFO - Sync 1 DAGs
[2026-05-13T00:13:22.381+0000] {logging_mixin.py:190} INFO - [2026-05-13T00:13:22.381+0000] {dag.py:4180} INFO - Setting next_dagrun for dag_bronze_aisles to None, run_after=None
[2026-05-13T00:13:22.404+0000] {processor.py:208} INFO - Processing /opt/airflow/dags/dag_bronze_aisles.py took 0.098 seconds
[2026-05-13T00:13:52.698+0000] {processor.py:186} INFO - Started process (PID=52163) to work on /opt/airflow/dags/dag_bronze_aisles.py
[2026-05-13T00:13:52.699+0000] {processor.py:914} INFO - Processing file /opt/airflow/dags/dag_bronze_aisles.py for tasks to queue
[2026-05-13T00:13:52.702+0000] {logging_mixin.py:190} INFO - [2026-05-13T00:13:52.701+0000] {dagbag.py:588} INFO - Filling up the DagBag from /opt/airflow/dags/dag_bronze_aisles.py
[2026-05-13T00:13:52.711+0000] {processor.py:925} INFO - DAG(s) 'dag_bronze_aisles' retrieved from /opt/airflow/dags/dag_bronze_aisles.py
[2026-05-13T00:13:52.743+0000] {logging_mixin.py:190} INFO - [2026-05-13T00:13:52.743+0000] {dag.py:3239} INFO - Sync 1 DAGs
[2026-05-13T00:13:52.760+0000] {logging_mixin.py:190} INFO - [2026-05-13T00:13:52.759+0000] {dag.py:4180} INFO - Setting next_dagrun for dag_bronze_aisles to None, run_after=None
[2026-05-13T00:13:52.806+0000] {processor.py:208} INFO - Processing /opt/airflow/dags/dag_bronze_aisles.py took 0.115 seconds
[2026-05-13T00:14:23.413+0000] {processor.py:186} INFO - Started process (PID=52215) to work on /opt/airflow/dags/dag_bronze_aisles.py
[2026-05-13T00:14:23.414+0000] {processor.py:914} INFO - Processing file /opt/airflow/dags/dag_bronze_aisles.py for tasks to queue
[2026-05-13T00:14:23.418+0000] {logging_mixin.py:190} INFO - [2026-05-13T00:14:23.416+0000] {dagbag.py:588} INFO - Filling up the DagBag from /opt/airflow/dags/dag_bronze_aisles.py
[2026-05-13T00:14:23.431+0000] {processor.py:925} INFO - DAG(s) 'dag_bronze_aisles' retrieved from /opt/airflow/dags/dag_bronze_aisles.py
[2026-05-13T00:14:23.479+0000] {logging_mixin.py:190} INFO - [2026-05-13T00:14:23.479+0000] {dag.py:3239} INFO - Sync 1 DAGs
[2026-05-13T00:14:23.495+0000] {logging_mixin.py:190} INFO - [2026-05-13T00:14:23.495+0000] {dag.py:4180} INFO - Setting next_dagrun for dag_bronze_aisles to None, run_after=None
[2026-05-13T00:14:23.541+0000] {processor.py:208} INFO - Processing /opt/airflow/dags/dag_bronze_aisles.py took 0.134 seconds
[2026-05-13T00:14:53.686+0000] {processor.py:186} INFO - Started process (PID=52265) to work on /opt/airflow/dags/dag_bronze_aisles.py
[2026-05-13T00:14:53.687+0000] {processor.py:914} INFO - Processing file /opt/airflow/dags/dag_bronze_aisles.py for tasks to queue
[2026-05-13T00:14:53.689+0000] {logging_mixin.py:190} INFO - [2026-05-13T00:14:53.689+0000] {dagbag.py:588} INFO - Filling up the DagBag from /opt/airflow/dags/dag_bronze_aisles.py
[2026-05-13T00:14:53.699+0000] {processor.py:925} INFO - DAG(s) 'dag_bronze_aisles' retrieved from /opt/airflow/dags/dag_bronze_aisles.py
[2026-05-13T00:14:53.734+0000] {logging_mixin.py:190} INFO - [2026-05-13T00:14:53.733+0000] {dag.py:3239} INFO - Sync 1 DAGs
[2026-05-13T00:14:53.750+0000] {logging_mixin.py:190} INFO - [2026-05-13T00:14:53.749+0000] {dag.py:4180} INFO - Setting next_dagrun for dag_bronze_aisles to None, run_after=None
[2026-05-13T00:14:53.778+0000] {processor.py:208} INFO - Processing /opt/airflow/dags/dag_bronze_aisles.py took 0.100 seconds
[2026-05-13T00:15:23.879+0000] {processor.py:186} INFO - Started process (PID=52313) to work on /opt/airflow/dags/dag_bronze_aisles.py
[2026-05-13T00:15:23.907+0000] {processor.py:914} INFO - Processing file /opt/airflow/dags/dag_bronze_aisles.py for tasks to queue
[2026-05-13T00:15:23.909+0000] {logging_mixin.py:190} INFO - [2026-05-13T00:15:23.909+0000] {dagbag.py:588} INFO - Filling up the DagBag from /opt/airflow/dags/dag_bronze_aisles.py
[2026-05-13T00:15:23.925+0000] {processor.py:925} INFO - DAG(s) 'dag_bronze_aisles' retrieved from /opt/airflow/dags/dag_bronze_aisles.py
[2026-05-13T00:15:23.977+0000] {logging_mixin.py:190} INFO - [2026-05-13T00:15:23.977+0000] {dag.py:3239} INFO - Sync 1 DAGs
[2026-05-13T00:15:24.010+0000] {logging_mixin.py:190} INFO - [2026-05-13T00:15:24.010+0000] {dag.py:4180} INFO - Setting next_dagrun for dag_bronze_aisles to None, run_after=None
[2026-05-13T00:15:24.033+0000] {processor.py:208} INFO - Processing /opt/airflow/dags/dag_bronze_aisles.py took 0.170 seconds
[2026-05-13T00:15:54.305+0000] {processor.py:186} INFO - Started process (PID=52365) to work on /opt/airflow/dags/dag_bronze_aisles.py
[2026-05-13T00:15:54.306+0000] {processor.py:914} INFO - Processing file /opt/airflow/dags/dag_bronze_aisles.py for tasks to queue
[2026-05-13T00:15:54.309+0000] {logging_mixin.py:190} INFO - [2026-05-13T00:15:54.309+0000] {dagbag.py:588} INFO - Filling up the DagBag from /opt/airflow/dags/dag_bronze_aisles.py
[2026-05-13T00:15:54.317+0000] {processor.py:925} INFO - DAG(s) 'dag_bronze_aisles' retrieved from /opt/airflow/dags/dag_bronze_aisles.py
[2026-05-13T00:15:54.357+0000] {logging_mixin.py:190} INFO - [2026-05-13T00:15:54.356+0000] {dag.py:3239} INFO - Sync 1 DAGs
[2026-05-13T00:15:54.379+0000] {logging_mixin.py:190} INFO - [2026-05-13T00:15:54.378+0000] {dag.py:4180} INFO - Setting next_dagrun for dag_bronze_aisles to None, run_after=None
[2026-05-13T00:15:54.436+0000] {processor.py:208} INFO - Processing /opt/airflow/dags/dag_bronze_aisles.py took 0.140 seconds
[2026-05-13T00:16:25.362+0000] {processor.py:186} INFO - Started process (PID=52415) to work on /opt/airflow/dags/dag_bronze_aisles.py
[2026-05-13T00:16:25.363+0000] {processor.py:914} INFO - Processing file /opt/airflow/dags/dag_bronze_aisles.py for tasks to queue
[2026-05-13T00:16:25.365+0000] {logging_mixin.py:190} INFO - [2026-05-13T00:16:25.364+0000] {dagbag.py:588} INFO - Filling up the DagBag from /opt/airflow/dags/dag_bronze_aisles.py
[2026-05-13T00:16:25.372+0000] {processor.py:925} INFO - DAG(s) 'dag_bronze_aisles' retrieved from /opt/airflow/dags/dag_bronze_aisles.py
[2026-05-13T00:16:25.403+0000] {logging_mixin.py:190} INFO - [2026-05-13T00:16:25.402+0000] {dag.py:3239} INFO - Sync 1 DAGs
[2026-05-13T00:16:25.417+0000] {logging_mixin.py:190} INFO - [2026-05-13T00:16:25.417+0000] {dag.py:4180} INFO - Setting next_dagrun for dag_bronze_aisles to None, run_after=None
[2026-05-13T00:16:25.462+0000] {processor.py:208} INFO - Processing /opt/airflow/dags/dag_bronze_aisles.py took 0.106 seconds
[2026-05-13T00:16:55.510+0000] {processor.py:186} INFO - Started process (PID=52463) to work on /opt/airflow/dags/dag_bronze_aisles.py
[2026-05-13T00:16:55.514+0000] {processor.py:914} INFO - Processing file /opt/airflow/dags/dag_bronze_aisles.py for tasks to queue
[2026-05-13T00:16:55.520+0000] {logging_mixin.py:190} INFO - [2026-05-13T00:16:55.519+0000] {dagbag.py:588} INFO - Filling up the DagBag from /opt/airflow/dags/dag_bronze_aisles.py
[2026-05-13T00:16:55.537+0000] {processor.py:925} INFO - DAG(s) 'dag_bronze_aisles' retrieved from /opt/airflow/dags/dag_bronze_aisles.py
[2026-05-13T00:16:55.578+0000] {logging_mixin.py:190} INFO - [2026-05-13T00:16:55.578+0000] {dag.py:3239} INFO - Sync 1 DAGs
[2026-05-13T00:16:55.593+0000] {logging_mixin.py:190} INFO - [2026-05-13T00:16:55.593+0000] {dag.py:4180} INFO - Setting next_dagrun for dag_bronze_aisles to None, run_after=None
[2026-05-13T00:16:55.620+0000] {processor.py:208} INFO - Processing /opt/airflow/dags/dag_bronze_aisles.py took 0.118 seconds
[2026-05-13T00:17:26.339+0000] {processor.py:186} INFO - Started process (PID=52515) to work on /opt/airflow/dags/dag_bronze_aisles.py
[2026-05-13T00:17:26.413+0000] {processor.py:914} INFO - Processing file /opt/airflow/dags/dag_bronze_aisles.py for tasks to queue
[2026-05-13T00:17:26.417+0000] {logging_mixin.py:190} INFO - [2026-05-13T00:17:26.417+0000] {dagbag.py:588} INFO - Filling up the DagBag from /opt/airflow/dags/dag_bronze_aisles.py
[2026-05-13T00:17:26.433+0000] {processor.py:925} INFO - DAG(s) 'dag_bronze_aisles' retrieved from /opt/airflow/dags/dag_bronze_aisles.py
[2026-05-13T00:17:26.470+0000] {logging_mixin.py:190} INFO - [2026-05-13T00:17:26.470+0000] {dag.py:3239} INFO - Sync 1 DAGs
[2026-05-13T00:17:26.496+0000] {logging_mixin.py:190} INFO - [2026-05-13T00:17:26.496+0000] {dag.py:4180} INFO - Setting next_dagrun for dag_bronze_aisles to None, run_after=None
[2026-05-13T00:17:26.616+0000] {processor.py:208} INFO - Processing /opt/airflow/dags/dag_bronze_aisles.py took 0.295 seconds
[2026-05-13T00:17:57.543+0000] {processor.py:186} INFO - Started process (PID=52565) to work on /opt/airflow/dags/dag_bronze_aisles.py
[2026-05-13T00:17:57.549+0000] {processor.py:914} INFO - Processing file /opt/airflow/dags/dag_bronze_aisles.py for tasks to queue
[2026-05-13T00:17:57.554+0000] {logging_mixin.py:190} INFO - [2026-05-13T00:17:57.551+0000] {dagbag.py:588} INFO - Filling up the DagBag from /opt/airflow/dags/dag_bronze_aisles.py
[2026-05-13T00:17:57.572+0000] {processor.py:925} INFO - DAG(s) 'dag_bronze_aisles' retrieved from /opt/airflow/dags/dag_bronze_aisles.py
[2026-05-13T00:17:57.655+0000] {logging_mixin.py:190} INFO - [2026-05-13T00:17:57.651+0000] {dag.py:3239} INFO - Sync 1 DAGs
[2026-05-13T00:17:57.696+0000] {logging_mixin.py:190} INFO - [2026-05-13T00:17:57.696+0000] {dag.py:4180} INFO - Setting next_dagrun for dag_bronze_aisles to None, run_after=None
[2026-05-13T00:17:57.725+0000] {processor.py:208} INFO - Processing /opt/airflow/dags/dag_bronze_aisles.py took 0.191 seconds
[2026-05-13T00:18:27.889+0000] {processor.py:186} INFO - Started process (PID=52618) to work on /opt/airflow/dags/dag_bronze_aisles.py
[2026-05-13T00:18:27.890+0000] {processor.py:914} INFO - Processing file /opt/airflow/dags/dag_bronze_aisles.py for tasks to queue
[2026-05-13T00:18:27.893+0000] {logging_mixin.py:190} INFO - [2026-05-13T00:18:27.893+0000] {dagbag.py:588} INFO - Filling up the DagBag from /opt/airflow/dags/dag_bronze_aisles.py
[2026-05-13T00:18:27.902+0000] {processor.py:925} INFO - DAG(s) 'dag_bronze_aisles' retrieved from /opt/airflow/dags/dag_bronze_aisles.py
[2026-05-13T00:18:27.941+0000] {logging_mixin.py:190} INFO - [2026-05-13T00:18:27.941+0000] {dag.py:3239} INFO - Sync 1 DAGs
[2026-05-13T00:18:27.959+0000] {logging_mixin.py:190} INFO - [2026-05-13T00:18:27.959+0000] {dag.py:4180} INFO - Setting next_dagrun for dag_bronze_aisles to None, run_after=None
[2026-05-13T00:18:27.987+0000] {processor.py:208} INFO - Processing /opt/airflow/dags/dag_bronze_aisles.py took 0.105 seconds
[2026-05-13T00:18:58.138+0000] {processor.py:186} INFO - Started process (PID=52665) to work on /opt/airflow/dags/dag_bronze_aisles.py
[2026-05-13T00:18:58.148+0000] {processor.py:914} INFO - Processing file /opt/airflow/dags/dag_bronze_aisles.py for tasks to queue
[2026-05-13T00:18:58.152+0000] {logging_mixin.py:190} INFO - [2026-05-13T00:18:58.152+0000] {dagbag.py:588} INFO - Filling up the DagBag from /opt/airflow/dags/dag_bronze_aisles.py
[2026-05-13T00:18:58.171+0000] {processor.py:925} INFO - DAG(s) 'dag_bronze_aisles' retrieved from /opt/airflow/dags/dag_bronze_aisles.py
[2026-05-13T00:18:58.234+0000] {logging_mixin.py:190} INFO - [2026-05-13T00:18:58.234+0000] {dag.py:3239} INFO - Sync 1 DAGs
[2026-05-13T00:18:58.253+0000] {logging_mixin.py:190} INFO - [2026-05-13T00:18:58.253+0000] {dag.py:4180} INFO - Setting next_dagrun for dag_bronze_aisles to None, run_after=None
[2026-05-13T00:18:58.274+0000] {processor.py:208} INFO - Processing /opt/airflow/dags/dag_bronze_aisles.py took 0.152 seconds
[2026-05-13T00:19:28.519+0000] {processor.py:186} INFO - Started process (PID=52715) to work on /opt/airflow/dags/dag_bronze_aisles.py
[2026-05-13T00:19:28.530+0000] {processor.py:914} INFO - Processing file /opt/airflow/dags/dag_bronze_aisles.py for tasks to queue
[2026-05-13T00:19:28.554+0000] {logging_mixin.py:190} INFO - [2026-05-13T00:19:28.553+0000] {dagbag.py:588} INFO - Filling up the DagBag from /opt/airflow/dags/dag_bronze_aisles.py
[2026-05-13T00:19:28.585+0000] {processor.py:925} INFO - DAG(s) 'dag_bronze_aisles' retrieved from /opt/airflow/dags/dag_bronze_aisles.py
[2026-05-13T00:19:28.620+0000] {logging_mixin.py:190} INFO - [2026-05-13T00:19:28.620+0000] {dag.py:3239} INFO - Sync 1 DAGs
[2026-05-13T00:19:28.636+0000] {logging_mixin.py:190} INFO - [2026-05-13T00:19:28.636+0000] {dag.py:4180} INFO - Setting next_dagrun for dag_bronze_aisles to None, run_after=None
[2026-05-13T00:19:28.657+0000] {processor.py:208} INFO - Processing /opt/airflow/dags/dag_bronze_aisles.py took 0.161 seconds
[2026-05-13T00:19:58.765+0000] {processor.py:186} INFO - Started process (PID=52765) to work on /opt/airflow/dags/dag_bronze_aisles.py
[2026-05-13T00:19:58.777+0000] {processor.py:914} INFO - Processing file /opt/airflow/dags/dag_bronze_aisles.py for tasks to queue
[2026-05-13T00:19:58.783+0000] {logging_mixin.py:190} INFO - [2026-05-13T00:19:58.782+0000] {dagbag.py:588} INFO - Filling up the DagBag from /opt/airflow/dags/dag_bronze_aisles.py
[2026-05-13T00:19:58.796+0000] {processor.py:925} INFO - DAG(s) 'dag_bronze_aisles' retrieved from /opt/airflow/dags/dag_bronze_aisles.py
[2026-05-13T00:19:58.835+0000] {logging_mixin.py:190} INFO - [2026-05-13T00:19:58.835+0000] {dag.py:3239} INFO - Sync 1 DAGs
[2026-05-13T00:19:58.857+0000] {logging_mixin.py:190} INFO - [2026-05-13T00:19:58.856+0000] {dag.py:4180} INFO - Setting next_dagrun for dag_bronze_aisles to None, run_after=None
[2026-05-13T00:19:58.880+0000] {processor.py:208} INFO - Processing /opt/airflow/dags/dag_bronze_aisles.py took 0.140 seconds
[2026-05-13T00:20:28.948+0000] {processor.py:186} INFO - Started process (PID=52815) to work on /opt/airflow/dags/dag_bronze_aisles.py
[2026-05-13T00:20:28.950+0000] {processor.py:914} INFO - Processing file /opt/airflow/dags/dag_bronze_aisles.py for tasks to queue
[2026-05-13T00:20:28.954+0000] {logging_mixin.py:190} INFO - [2026-05-13T00:20:28.953+0000] {dagbag.py:588} INFO - Filling up the DagBag from /opt/airflow/dags/dag_bronze_aisles.py
[2026-05-13T00:20:28.967+0000] {processor.py:925} INFO - DAG(s) 'dag_bronze_aisles' retrieved from /opt/airflow/dags/dag_bronze_aisles.py
[2026-05-13T00:20:29.018+0000] {logging_mixin.py:190} INFO - [2026-05-13T00:20:29.018+0000] {dag.py:3239} INFO - Sync 1 DAGs
[2026-05-13T00:20:29.037+0000] {logging_mixin.py:190} INFO - [2026-05-13T00:20:29.037+0000] {dag.py:4180} INFO - Setting next_dagrun for dag_bronze_aisles to None, run_after=None
[2026-05-13T00:20:29.069+0000] {processor.py:208} INFO - Processing /opt/airflow/dags/dag_bronze_aisles.py took 0.130 seconds
[2026-05-13T00:20:59.177+0000] {processor.py:186} INFO - Started process (PID=52865) to work on /opt/airflow/dags/dag_bronze_aisles.py
[2026-05-13T00:20:59.190+0000] {processor.py:914} INFO - Processing file /opt/airflow/dags/dag_bronze_aisles.py for tasks to queue
[2026-05-13T00:20:59.194+0000] {logging_mixin.py:190} INFO - [2026-05-13T00:20:59.193+0000] {dagbag.py:588} INFO - Filling up the DagBag from /opt/airflow/dags/dag_bronze_aisles.py
[2026-05-13T00:20:59.206+0000] {processor.py:925} INFO - DAG(s) 'dag_bronze_aisles' retrieved from /opt/airflow/dags/dag_bronze_aisles.py
[2026-05-13T00:20:59.275+0000] {logging_mixin.py:190} INFO - [2026-05-13T00:20:59.275+0000] {dag.py:3239} INFO - Sync 1 DAGs
[2026-05-13T00:20:59.294+0000] {logging_mixin.py:190} INFO - [2026-05-13T00:20:59.293+0000] {dag.py:4180} INFO - Setting next_dagrun for dag_bronze_aisles to None, run_after=None
[2026-05-13T00:20:59.317+0000] {processor.py:208} INFO - Processing /opt/airflow/dags/dag_bronze_aisles.py took 0.149 seconds
[2026-05-13T00:21:29.378+0000] {processor.py:186} INFO - Started process (PID=52915) to work on /opt/airflow/dags/dag_bronze_aisles.py
[2026-05-13T00:21:29.379+0000] {processor.py:914} INFO - Processing file /opt/airflow/dags/dag_bronze_aisles.py for tasks to queue
[2026-05-13T00:21:29.382+0000] {logging_mixin.py:190} INFO - [2026-05-13T00:21:29.382+0000] {dagbag.py:588} INFO - Filling up the DagBag from /opt/airflow/dags/dag_bronze_aisles.py
[2026-05-13T00:21:29.392+0000] {processor.py:925} INFO - DAG(s) 'dag_bronze_aisles' retrieved from /opt/airflow/dags/dag_bronze_aisles.py
[2026-05-13T00:21:29.442+0000] {logging_mixin.py:190} INFO - [2026-05-13T00:21:29.442+0000] {dag.py:3239} INFO - Sync 1 DAGs
[2026-05-13T00:21:29.459+0000] {logging_mixin.py:190} INFO - [2026-05-13T00:21:29.459+0000] {dag.py:4180} INFO - Setting next_dagrun for dag_bronze_aisles to None, run_after=None
[2026-05-13T00:21:29.497+0000] {processor.py:208} INFO - Processing /opt/airflow/dags/dag_bronze_aisles.py took 0.128 seconds
[2026-05-13T00:21:59.703+0000] {processor.py:186} INFO - Started process (PID=52963) to work on /opt/airflow/dags/dag_bronze_aisles.py
[2026-05-13T00:21:59.717+0000] {processor.py:914} INFO - Processing file /opt/airflow/dags/dag_bronze_aisles.py for tasks to queue
[2026-05-13T00:21:59.719+0000] {logging_mixin.py:190} INFO - [2026-05-13T00:21:59.719+0000] {dagbag.py:588} INFO - Filling up the DagBag from /opt/airflow/dags/dag_bronze_aisles.py
[2026-05-13T00:21:59.729+0000] {processor.py:925} INFO - DAG(s) 'dag_bronze_aisles' retrieved from /opt/airflow/dags/dag_bronze_aisles.py
[2026-05-13T00:21:59.775+0000] {logging_mixin.py:190} INFO - [2026-05-13T00:21:59.774+0000] {dag.py:3239} INFO - Sync 1 DAGs
[2026-05-13T00:21:59.800+0000] {logging_mixin.py:190} INFO - [2026-05-13T00:21:59.799+0000] {dag.py:4180} INFO - Setting next_dagrun for dag_bronze_aisles to None, run_after=None
[2026-05-13T00:21:59.822+0000] {processor.py:208} INFO - Processing /opt/airflow/dags/dag_bronze_aisles.py took 0.126 seconds
[2026-05-13T00:22:29.911+0000] {processor.py:186} INFO - Started process (PID=53013) to work on /opt/airflow/dags/dag_bronze_aisles.py
[2026-05-13T00:22:29.928+0000] {processor.py:914} INFO - Processing file /opt/airflow/dags/dag_bronze_aisles.py for tasks to queue
[2026-05-13T00:22:29.933+0000] {logging_mixin.py:190} INFO - [2026-05-13T00:22:29.932+0000] {dagbag.py:588} INFO - Filling up the DagBag from /opt/airflow/dags/dag_bronze_aisles.py
[2026-05-13T00:22:29.946+0000] {processor.py:925} INFO - DAG(s) 'dag_bronze_aisles' retrieved from /opt/airflow/dags/dag_bronze_aisles.py
[2026-05-13T00:22:30.000+0000] {logging_mixin.py:190} INFO - [2026-05-13T00:22:30.000+0000] {dag.py:3239} INFO - Sync 1 DAGs
[2026-05-13T00:22:30.020+0000] {logging_mixin.py:190} INFO - [2026-05-13T00:22:30.020+0000] {dag.py:4180} INFO - Setting next_dagrun for dag_bronze_aisles to None, run_after=None
[2026-05-13T00:22:30.060+0000] {processor.py:208} INFO - Processing /opt/airflow/dags/dag_bronze_aisles.py took 0.158 seconds
[2026-05-13T00:23:00.511+0000] {processor.py:186} INFO - Started process (PID=53065) to work on /opt/airflow/dags/dag_bronze_aisles.py
[2026-05-13T00:23:00.522+0000] {processor.py:914} INFO - Processing file /opt/airflow/dags/dag_bronze_aisles.py for tasks to queue
[2026-05-13T00:23:00.525+0000] {logging_mixin.py:190} INFO - [2026-05-13T00:23:00.525+0000] {dagbag.py:588} INFO - Filling up the DagBag from /opt/airflow/dags/dag_bronze_aisles.py
[2026-05-13T00:23:00.535+0000] {processor.py:925} INFO - DAG(s) 'dag_bronze_aisles' retrieved from /opt/airflow/dags/dag_bronze_aisles.py
[2026-05-13T00:23:00.576+0000] {logging_mixin.py:190} INFO - [2026-05-13T00:23:00.576+0000] {dag.py:3239} INFO - Sync 1 DAGs
[2026-05-13T00:23:00.595+0000] {logging_mixin.py:190} INFO - [2026-05-13T00:23:00.594+0000] {dag.py:4180} INFO - Setting next_dagrun for dag_bronze_aisles to None, run_after=None
[2026-05-13T00:23:00.638+0000] {processor.py:208} INFO - Processing /opt/airflow/dags/dag_bronze_aisles.py took 0.140 seconds
[2026-05-13T00:23:30.740+0000] {processor.py:186} INFO - Started process (PID=53115) to work on /opt/airflow/dags/dag_bronze_aisles.py
[2026-05-13T00:23:30.741+0000] {processor.py:914} INFO - Processing file /opt/airflow/dags/dag_bronze_aisles.py for tasks to queue
[2026-05-13T00:23:30.746+0000] {logging_mixin.py:190} INFO - [2026-05-13T00:23:30.746+0000] {dagbag.py:588} INFO - Filling up the DagBag from /opt/airflow/dags/dag_bronze_aisles.py
[2026-05-13T00:23:30.756+0000] {processor.py:925} INFO - DAG(s) 'dag_bronze_aisles' retrieved from /opt/airflow/dags/dag_bronze_aisles.py
[2026-05-13T00:23:30.802+0000] {logging_mixin.py:190} INFO - [2026-05-13T00:23:30.801+0000] {dag.py:3239} INFO - Sync 1 DAGs
[2026-05-13T00:23:30.824+0000] {logging_mixin.py:190} INFO - [2026-05-13T00:23:30.824+0000] {dag.py:4180} INFO - Setting next_dagrun for dag_bronze_aisles to None, run_after=None
[2026-05-13T00:23:30.862+0000] {processor.py:208} INFO - Processing /opt/airflow/dags/dag_bronze_aisles.py took 0.129 seconds
[2026-05-13T00:24:01.029+0000] {processor.py:186} INFO - Started process (PID=53165) to work on /opt/airflow/dags/dag_bronze_aisles.py
[2026-05-13T00:24:01.030+0000] {processor.py:914} INFO - Processing file /opt/airflow/dags/dag_bronze_aisles.py for tasks to queue
[2026-05-13T00:24:01.032+0000] {logging_mixin.py:190} INFO - [2026-05-13T00:24:01.032+0000] {dagbag.py:588} INFO - Filling up the DagBag from /opt/airflow/dags/dag_bronze_aisles.py
[2026-05-13T00:24:01.041+0000] {processor.py:925} INFO - DAG(s) 'dag_bronze_aisles' retrieved from /opt/airflow/dags/dag_bronze_aisles.py
[2026-05-13T00:24:01.076+0000] {logging_mixin.py:190} INFO - [2026-05-13T00:24:01.075+0000] {dag.py:3239} INFO - Sync 1 DAGs
[2026-05-13T00:24:01.092+0000] {logging_mixin.py:190} INFO - [2026-05-13T00:24:01.092+0000] {dag.py:4180} INFO - Setting next_dagrun for dag_bronze_aisles to None, run_after=None
[2026-05-13T00:24:01.131+0000] {processor.py:208} INFO - Processing /opt/airflow/dags/dag_bronze_aisles.py took 0.108 seconds
[2026-05-13T00:24:31.407+0000] {processor.py:186} INFO - Started process (PID=53213) to work on /opt/airflow/dags/dag_bronze_aisles.py
[2026-05-13T00:24:31.408+0000] {processor.py:914} INFO - Processing file /opt/airflow/dags/dag_bronze_aisles.py for tasks to queue
[2026-05-13T00:24:31.410+0000] {logging_mixin.py:190} INFO - [2026-05-13T00:24:31.410+0000] {dagbag.py:588} INFO - Filling up the DagBag from /opt/airflow/dags/dag_bronze_aisles.py
[2026-05-13T00:24:31.418+0000] {processor.py:925} INFO - DAG(s) 'dag_bronze_aisles' retrieved from /opt/airflow/dags/dag_bronze_aisles.py
[2026-05-13T00:24:31.455+0000] {logging_mixin.py:190} INFO - [2026-05-13T00:24:31.454+0000] {dag.py:3239} INFO - Sync 1 DAGs
[2026-05-13T00:24:31.470+0000] {logging_mixin.py:190} INFO - [2026-05-13T00:24:31.470+0000] {dag.py:4180} INFO - Setting next_dagrun for dag_bronze_aisles to None, run_after=None
[2026-05-13T00:24:31.490+0000] {processor.py:208} INFO - Processing /opt/airflow/dags/dag_bronze_aisles.py took 0.090 seconds
[2026-05-13T00:25:01.713+0000] {processor.py:186} INFO - Started process (PID=53263) to work on /opt/airflow/dags/dag_bronze_aisles.py
[2026-05-13T00:25:01.715+0000] {processor.py:914} INFO - Processing file /opt/airflow/dags/dag_bronze_aisles.py for tasks to queue
[2026-05-13T00:25:01.717+0000] {logging_mixin.py:190} INFO - [2026-05-13T00:25:01.717+0000] {dagbag.py:588} INFO - Filling up the DagBag from /opt/airflow/dags/dag_bronze_aisles.py
[2026-05-13T00:25:01.728+0000] {processor.py:925} INFO - DAG(s) 'dag_bronze_aisles' retrieved from /opt/airflow/dags/dag_bronze_aisles.py
[2026-05-13T00:25:01.767+0000] {logging_mixin.py:190} INFO - [2026-05-13T00:25:01.767+0000] {dag.py:3239} INFO - Sync 1 DAGs
[2026-05-13T00:25:01.785+0000] {logging_mixin.py:190} INFO - [2026-05-13T00:25:01.785+0000] {dag.py:4180} INFO - Setting next_dagrun for dag_bronze_aisles to None, run_after=None
[2026-05-13T00:25:01.808+0000] {processor.py:208} INFO - Processing /opt/airflow/dags/dag_bronze_aisles.py took 0.109 seconds
[2026-05-13T00:25:32.012+0000] {processor.py:186} INFO - Started process (PID=53313) to work on /opt/airflow/dags/dag_bronze_aisles.py
[2026-05-13T00:25:32.013+0000] {processor.py:914} INFO - Processing file /opt/airflow/dags/dag_bronze_aisles.py for tasks to queue
[2026-05-13T00:25:32.015+0000] {logging_mixin.py:190} INFO - [2026-05-13T00:25:32.015+0000] {dagbag.py:588} INFO - Filling up the DagBag from /opt/airflow/dags/dag_bronze_aisles.py
[2026-05-13T00:25:32.024+0000] {processor.py:925} INFO - DAG(s) 'dag_bronze_aisles' retrieved from /opt/airflow/dags/dag_bronze_aisles.py
[2026-05-13T00:25:32.058+0000] {logging_mixin.py:190} INFO - [2026-05-13T00:25:32.058+0000] {dag.py:3239} INFO - Sync 1 DAGs
[2026-05-13T00:25:32.076+0000] {logging_mixin.py:190} INFO - [2026-05-13T00:25:32.076+0000] {dag.py:4180} INFO - Setting next_dagrun for dag_bronze_aisles to None, run_after=None
[2026-05-13T00:25:32.101+0000] {processor.py:208} INFO - Processing /opt/airflow/dags/dag_bronze_aisles.py took 0.096 seconds
[2026-05-13T00:26:03.334+0000] {processor.py:186} INFO - Started process (PID=53365) to work on /opt/airflow/dags/dag_bronze_aisles.py
[2026-05-13T00:26:03.336+0000] {processor.py:914} INFO - Processing file /opt/airflow/dags/dag_bronze_aisles.py for tasks to queue
[2026-05-13T00:26:03.340+0000] {logging_mixin.py:190} INFO - [2026-05-13T00:26:03.339+0000] {dagbag.py:588} INFO - Filling up the DagBag from /opt/airflow/dags/dag_bronze_aisles.py
[2026-05-13T00:26:03.359+0000] {processor.py:925} INFO - DAG(s) 'dag_bronze_aisles' retrieved from /opt/airflow/dags/dag_bronze_aisles.py
[2026-05-13T00:26:03.424+0000] {logging_mixin.py:190} INFO - [2026-05-13T00:26:03.424+0000] {dag.py:3239} INFO - Sync 1 DAGs
[2026-05-13T00:26:03.446+0000] {logging_mixin.py:190} INFO - [2026-05-13T00:26:03.446+0000] {dag.py:4180} INFO - Setting next_dagrun for dag_bronze_aisles to None, run_after=None
[2026-05-13T00:26:03.494+0000] {processor.py:208} INFO - Processing /opt/airflow/dags/dag_bronze_aisles.py took 0.173 seconds
[2026-05-13T00:26:33.794+0000] {processor.py:186} INFO - Started process (PID=53415) to work on /opt/airflow/dags/dag_bronze_aisles.py
[2026-05-13T00:26:33.819+0000] {processor.py:914} INFO - Processing file /opt/airflow/dags/dag_bronze_aisles.py for tasks to queue
[2026-05-13T00:26:33.824+0000] {logging_mixin.py:190} INFO - [2026-05-13T00:26:33.823+0000] {dagbag.py:588} INFO - Filling up the DagBag from /opt/airflow/dags/dag_bronze_aisles.py
[2026-05-13T00:26:33.846+0000] {processor.py:925} INFO - DAG(s) 'dag_bronze_aisles' retrieved from /opt/airflow/dags/dag_bronze_aisles.py
[2026-05-13T00:26:33.892+0000] {logging_mixin.py:190} INFO - [2026-05-13T00:26:33.892+0000] {dag.py:3239} INFO - Sync 1 DAGs
[2026-05-13T00:26:33.913+0000] {logging_mixin.py:190} INFO - [2026-05-13T00:26:33.912+0000] {dag.py:4180} INFO - Setting next_dagrun for dag_bronze_aisles to None, run_after=None
[2026-05-13T00:26:33.949+0000] {processor.py:208} INFO - Processing /opt/airflow/dags/dag_bronze_aisles.py took 0.163 seconds
[2026-05-13T00:27:04.052+0000] {processor.py:186} INFO - Started process (PID=53465) to work on /opt/airflow/dags/dag_bronze_aisles.py
[2026-05-13T00:27:04.052+0000] {processor.py:914} INFO - Processing file /opt/airflow/dags/dag_bronze_aisles.py for tasks to queue
[2026-05-13T00:27:04.055+0000] {logging_mixin.py:190} INFO - [2026-05-13T00:27:04.054+0000] {dagbag.py:588} INFO - Filling up the DagBag from /opt/airflow/dags/dag_bronze_aisles.py
[2026-05-13T00:27:04.063+0000] {processor.py:925} INFO - DAG(s) 'dag_bronze_aisles' retrieved from /opt/airflow/dags/dag_bronze_aisles.py
[2026-05-13T00:27:04.097+0000] {logging_mixin.py:190} INFO - [2026-05-13T00:27:04.096+0000] {dag.py:3239} INFO - Sync 1 DAGs
[2026-05-13T00:27:04.121+0000] {logging_mixin.py:190} INFO - [2026-05-13T00:27:04.120+0000] {dag.py:4180} INFO - Setting next_dagrun for dag_bronze_aisles to None, run_after=None
[2026-05-13T00:27:04.151+0000] {processor.py:208} INFO - Processing /opt/airflow/dags/dag_bronze_aisles.py took 0.106 seconds
[2026-05-13T00:27:34.444+0000] {processor.py:186} INFO - Started process (PID=53515) to work on /opt/airflow/dags/dag_bronze_aisles.py
[2026-05-13T00:27:34.469+0000] {processor.py:914} INFO - Processing file /opt/airflow/dags/dag_bronze_aisles.py for tasks to queue
[2026-05-13T00:27:34.471+0000] {logging_mixin.py:190} INFO - [2026-05-13T00:27:34.470+0000] {dagbag.py:588} INFO - Filling up the DagBag from /opt/airflow/dags/dag_bronze_aisles.py
[2026-05-13T00:27:34.480+0000] {processor.py:925} INFO - DAG(s) 'dag_bronze_aisles' retrieved from /opt/airflow/dags/dag_bronze_aisles.py
[2026-05-13T00:27:34.519+0000] {logging_mixin.py:190} INFO - [2026-05-13T00:27:34.518+0000] {dag.py:3239} INFO - Sync 1 DAGs
[2026-05-13T00:27:34.535+0000] {logging_mixin.py:190} INFO - [2026-05-13T00:27:34.535+0000] {dag.py:4180} INFO - Setting next_dagrun for dag_bronze_aisles to None, run_after=None
[2026-05-13T00:27:34.558+0000] {processor.py:208} INFO - Processing /opt/airflow/dags/dag_bronze_aisles.py took 0.128 seconds
[2026-05-13T00:28:04.887+0000] {processor.py:186} INFO - Started process (PID=53565) to work on /opt/airflow/dags/dag_bronze_aisles.py
[2026-05-13T00:28:04.888+0000] {processor.py:914} INFO - Processing file /opt/airflow/dags/dag_bronze_aisles.py for tasks to queue
[2026-05-13T00:28:04.890+0000] {logging_mixin.py:190} INFO - [2026-05-13T00:28:04.890+0000] {dagbag.py:588} INFO - Filling up the DagBag from /opt/airflow/dags/dag_bronze_aisles.py
[2026-05-13T00:28:04.901+0000] {processor.py:925} INFO - DAG(s) 'dag_bronze_aisles' retrieved from /opt/airflow/dags/dag_bronze_aisles.py
[2026-05-13T00:28:04.935+0000] {logging_mixin.py:190} INFO - [2026-05-13T00:28:04.935+0000] {dag.py:3239} INFO - Sync 1 DAGs
[2026-05-13T00:28:04.952+0000] {logging_mixin.py:190} INFO - [2026-05-13T00:28:04.951+0000] {dag.py:4180} INFO - Setting next_dagrun for dag_bronze_aisles to None, run_after=None
[2026-05-13T00:28:04.996+0000] {processor.py:208} INFO - Processing /opt/airflow/dags/dag_bronze_aisles.py took 0.115 seconds
[2026-05-13T00:28:35.126+0000] {processor.py:186} INFO - Started process (PID=53615) to work on /opt/airflow/dags/dag_bronze_aisles.py
[2026-05-13T00:28:35.127+0000] {processor.py:914} INFO - Processing file /opt/airflow/dags/dag_bronze_aisles.py for tasks to queue
[2026-05-13T00:28:35.129+0000] {logging_mixin.py:190} INFO - [2026-05-13T00:28:35.128+0000] {dagbag.py:588} INFO - Filling up the DagBag from /opt/airflow/dags/dag_bronze_aisles.py
[2026-05-13T00:28:35.137+0000] {processor.py:925} INFO - DAG(s) 'dag_bronze_aisles' retrieved from /opt/airflow/dags/dag_bronze_aisles.py
[2026-05-13T00:28:35.168+0000] {logging_mixin.py:190} INFO - [2026-05-13T00:28:35.168+0000] {dag.py:3239} INFO - Sync 1 DAGs
[2026-05-13T00:28:35.183+0000] {logging_mixin.py:190} INFO - [2026-05-13T00:28:35.183+0000] {dag.py:4180} INFO - Setting next_dagrun for dag_bronze_aisles to None, run_after=None
[2026-05-13T00:28:35.230+0000] {processor.py:208} INFO - Processing /opt/airflow/dags/dag_bronze_aisles.py took 0.110 seconds
[2026-05-13T00:29:05.493+0000] {processor.py:186} INFO - Started process (PID=53665) to work on /opt/airflow/dags/dag_bronze_aisles.py
[2026-05-13T00:29:05.577+0000] {processor.py:914} INFO - Processing file /opt/airflow/dags/dag_bronze_aisles.py for tasks to queue
[2026-05-13T00:29:05.580+0000] {logging_mixin.py:190} INFO - [2026-05-13T00:29:05.579+0000] {dagbag.py:588} INFO - Filling up the DagBag from /opt/airflow/dags/dag_bronze_aisles.py
[2026-05-13T00:29:05.587+0000] {processor.py:925} INFO - DAG(s) 'dag_bronze_aisles' retrieved from /opt/airflow/dags/dag_bronze_aisles.py
[2026-05-13T00:29:05.620+0000] {logging_mixin.py:190} INFO - [2026-05-13T00:29:05.620+0000] {dag.py:3239} INFO - Sync 1 DAGs
[2026-05-13T00:29:05.636+0000] {logging_mixin.py:190} INFO - [2026-05-13T00:29:05.635+0000] {dag.py:4180} INFO - Setting next_dagrun for dag_bronze_aisles to None, run_after=None
[2026-05-13T00:29:05.753+0000] {processor.py:208} INFO - Processing /opt/airflow/dags/dag_bronze_aisles.py took 0.302 seconds
[2026-05-13T00:29:36.379+0000] {processor.py:186} INFO - Started process (PID=53713) to work on /opt/airflow/dags/dag_bronze_aisles.py
[2026-05-13T00:29:36.380+0000] {processor.py:914} INFO - Processing file /opt/airflow/dags/dag_bronze_aisles.py for tasks to queue
[2026-05-13T00:29:36.382+0000] {logging_mixin.py:190} INFO - [2026-05-13T00:29:36.382+0000] {dagbag.py:588} INFO - Filling up the DagBag from /opt/airflow/dags/dag_bronze_aisles.py
[2026-05-13T00:29:36.390+0000] {processor.py:925} INFO - DAG(s) 'dag_bronze_aisles' retrieved from /opt/airflow/dags/dag_bronze_aisles.py
[2026-05-13T00:29:36.422+0000] {logging_mixin.py:190} INFO - [2026-05-13T00:29:36.422+0000] {dag.py:3239} INFO - Sync 1 DAGs
[2026-05-13T00:29:36.437+0000] {logging_mixin.py:190} INFO - [2026-05-13T00:29:36.437+0000] {dag.py:4180} INFO - Setting next_dagrun for dag_bronze_aisles to None, run_after=None
[2026-05-13T00:29:36.456+0000] {processor.py:208} INFO - Processing /opt/airflow/dags/dag_bronze_aisles.py took 0.084 seconds
[2026-05-13T00:30:07.540+0000] {processor.py:186} INFO - Started process (PID=53765) to work on /opt/airflow/dags/dag_bronze_aisles.py
[2026-05-13T00:30:07.545+0000] {processor.py:914} INFO - Processing file /opt/airflow/dags/dag_bronze_aisles.py for tasks to queue
[2026-05-13T00:30:07.547+0000] {logging_mixin.py:190} INFO - [2026-05-13T00:30:07.546+0000] {dagbag.py:588} INFO - Filling up the DagBag from /opt/airflow/dags/dag_bronze_aisles.py
[2026-05-13T00:30:07.557+0000] {processor.py:925} INFO - DAG(s) 'dag_bronze_aisles' retrieved from /opt/airflow/dags/dag_bronze_aisles.py
[2026-05-13T00:30:07.593+0000] {logging_mixin.py:190} INFO - [2026-05-13T00:30:07.593+0000] {dag.py:3239} INFO - Sync 1 DAGs
[2026-05-13T00:30:07.610+0000] {logging_mixin.py:190} INFO - [2026-05-13T00:30:07.610+0000] {dag.py:4180} INFO - Setting next_dagrun for dag_bronze_aisles to None, run_after=None
[2026-05-13T00:30:07.634+0000] {processor.py:208} INFO - Processing /opt/airflow/dags/dag_bronze_aisles.py took 0.103 seconds
[2026-05-13T00:30:38.647+0000] {processor.py:186} INFO - Started process (PID=53815) to work on /opt/airflow/dags/dag_bronze_aisles.py
[2026-05-13T00:30:38.648+0000] {processor.py:914} INFO - Processing file /opt/airflow/dags/dag_bronze_aisles.py for tasks to queue
[2026-05-13T00:30:38.651+0000] {logging_mixin.py:190} INFO - [2026-05-13T00:30:38.650+0000] {dagbag.py:588} INFO - Filling up the DagBag from /opt/airflow/dags/dag_bronze_aisles.py
[2026-05-13T00:30:38.658+0000] {processor.py:925} INFO - DAG(s) 'dag_bronze_aisles' retrieved from /opt/airflow/dags/dag_bronze_aisles.py
[2026-05-13T00:30:38.691+0000] {logging_mixin.py:190} INFO - [2026-05-13T00:30:38.691+0000] {dag.py:3239} INFO - Sync 1 DAGs
[2026-05-13T00:30:38.711+0000] {logging_mixin.py:190} INFO - [2026-05-13T00:30:38.711+0000] {dag.py:4180} INFO - Setting next_dagrun for dag_bronze_aisles to None, run_after=None
[2026-05-13T00:30:38.737+0000] {processor.py:208} INFO - Processing /opt/airflow/dags/dag_bronze_aisles.py took 0.096 seconds
[2026-05-13T00:31:08.784+0000] {processor.py:186} INFO - Started process (PID=53865) to work on /opt/airflow/dags/dag_bronze_aisles.py
[2026-05-13T00:31:08.785+0000] {processor.py:914} INFO - Processing file /opt/airflow/dags/dag_bronze_aisles.py for tasks to queue
[2026-05-13T00:31:08.787+0000] {logging_mixin.py:190} INFO - [2026-05-13T00:31:08.787+0000] {dagbag.py:588} INFO - Filling up the DagBag from /opt/airflow/dags/dag_bronze_aisles.py
[2026-05-13T00:31:08.795+0000] {processor.py:925} INFO - DAG(s) 'dag_bronze_aisles' retrieved from /opt/airflow/dags/dag_bronze_aisles.py
[2026-05-13T00:31:08.825+0000] {logging_mixin.py:190} INFO - [2026-05-13T00:31:08.825+0000] {dag.py:3239} INFO - Sync 1 DAGs
[2026-05-13T00:31:08.840+0000] {logging_mixin.py:190} INFO - [2026-05-13T00:31:08.839+0000] {dag.py:4180} INFO - Setting next_dagrun for dag_bronze_aisles to None, run_after=None
[2026-05-13T00:31:08.859+0000] {processor.py:208} INFO - Processing /opt/airflow/dags/dag_bronze_aisles.py took 0.081 seconds
