[2026-05-13T00:07:46.696+0000] {processor.py:186} INFO - Started process (PID=51575) to work on /opt/airflow/dags/dag_bronze_departments.py
[2026-05-13T00:07:46.697+0000] {processor.py:914} INFO - Processing file /opt/airflow/dags/dag_bronze_departments.py for tasks to queue
[2026-05-13T00:07:46.701+0000] {logging_mixin.py:190} INFO - [2026-05-13T00:07:46.701+0000] {dagbag.py:588} INFO - Filling up the DagBag from /opt/airflow/dags/dag_bronze_departments.py
[2026-05-13T00:07:46.710+0000] {processor.py:925} INFO - DAG(s) 'dag_bronze_departments' retrieved from /opt/airflow/dags/dag_bronze_departments.py
[2026-05-13T00:07:46.767+0000] {logging_mixin.py:190} INFO - [2026-05-13T00:07:46.767+0000] {dag.py:3239} INFO - Sync 1 DAGs
[2026-05-13T00:07:46.790+0000] {logging_mixin.py:190} INFO - [2026-05-13T00:07:46.789+0000] {dag.py:4180} INFO - Setting next_dagrun for dag_bronze_departments to None, run_after=None
[2026-05-13T00:07:46.830+0000] {processor.py:208} INFO - Processing /opt/airflow/dags/dag_bronze_departments.py took 0.140 seconds
[2026-05-13T00:08:17.285+0000] {processor.py:186} INFO - Started process (PID=51625) to work on /opt/airflow/dags/dag_bronze_departments.py
[2026-05-13T00:08:17.373+0000] {processor.py:914} INFO - Processing file /opt/airflow/dags/dag_bronze_departments.py for tasks to queue
[2026-05-13T00:08:17.380+0000] {logging_mixin.py:190} INFO - [2026-05-13T00:08:17.377+0000] {dagbag.py:588} INFO - Filling up the DagBag from /opt/airflow/dags/dag_bronze_departments.py
[2026-05-13T00:08:17.402+0000] {processor.py:925} INFO - DAG(s) 'dag_bronze_departments' retrieved from /opt/airflow/dags/dag_bronze_departments.py
[2026-05-13T00:08:17.460+0000] {logging_mixin.py:190} INFO - [2026-05-13T00:08:17.460+0000] {dag.py:3239} INFO - Sync 1 DAGs
[2026-05-13T00:08:17.476+0000] {logging_mixin.py:190} INFO - [2026-05-13T00:08:17.475+0000] {dag.py:4180} INFO - Setting next_dagrun for dag_bronze_departments to None, run_after=None
[2026-05-13T00:08:17.552+0000] {processor.py:208} INFO - Processing /opt/airflow/dags/dag_bronze_departments.py took 0.277 seconds
[2026-05-13T00:08:47.727+0000] {processor.py:186} INFO - Started process (PID=51675) to work on /opt/airflow/dags/dag_bronze_departments.py
[2026-05-13T00:08:47.728+0000] {processor.py:914} INFO - Processing file /opt/airflow/dags/dag_bronze_departments.py for tasks to queue
[2026-05-13T00:08:47.732+0000] {logging_mixin.py:190} INFO - [2026-05-13T00:08:47.731+0000] {dagbag.py:588} INFO - Filling up the DagBag from /opt/airflow/dags/dag_bronze_departments.py
[2026-05-13T00:08:47.741+0000] {processor.py:925} INFO - DAG(s) 'dag_bronze_departments' retrieved from /opt/airflow/dags/dag_bronze_departments.py
[2026-05-13T00:08:47.783+0000] {logging_mixin.py:190} INFO - [2026-05-13T00:08:47.783+0000] {dag.py:3239} INFO - Sync 1 DAGs
[2026-05-13T00:08:47.800+0000] {logging_mixin.py:190} INFO - [2026-05-13T00:08:47.800+0000] {dag.py:4180} INFO - Setting next_dagrun for dag_bronze_departments to None, run_after=None
[2026-05-13T00:08:47.829+0000] {processor.py:208} INFO - Processing /opt/airflow/dags/dag_bronze_departments.py took 0.115 seconds
[2026-05-13T00:09:18.123+0000] {processor.py:186} INFO - Started process (PID=51724) to work on /opt/airflow/dags/dag_bronze_departments.py
[2026-05-13T00:09:18.124+0000] {processor.py:914} INFO - Processing file /opt/airflow/dags/dag_bronze_departments.py for tasks to queue
[2026-05-13T00:09:18.126+0000] {logging_mixin.py:190} INFO - [2026-05-13T00:09:18.126+0000] {dagbag.py:588} INFO - Filling up the DagBag from /opt/airflow/dags/dag_bronze_departments.py
[2026-05-13T00:09:18.134+0000] {processor.py:925} INFO - DAG(s) 'dag_bronze_departments' retrieved from /opt/airflow/dags/dag_bronze_departments.py
[2026-05-13T00:09:18.163+0000] {logging_mixin.py:190} INFO - [2026-05-13T00:09:18.163+0000] {dag.py:3239} INFO - Sync 1 DAGs
[2026-05-13T00:09:18.177+0000] {logging_mixin.py:190} INFO - [2026-05-13T00:09:18.177+0000] {dag.py:4180} INFO - Setting next_dagrun for dag_bronze_departments to None, run_after=None
[2026-05-13T00:09:18.194+0000] {processor.py:208} INFO - Processing /opt/airflow/dags/dag_bronze_departments.py took 0.077 seconds
[2026-05-13T00:09:49.143+0000] {processor.py:186} INFO - Started process (PID=51775) to work on /opt/airflow/dags/dag_bronze_departments.py
[2026-05-13T00:09:49.144+0000] {processor.py:914} INFO - Processing file /opt/airflow/dags/dag_bronze_departments.py for tasks to queue
[2026-05-13T00:09:49.146+0000] {logging_mixin.py:190} INFO - [2026-05-13T00:09:49.146+0000] {dagbag.py:588} INFO - Filling up the DagBag from /opt/airflow/dags/dag_bronze_departments.py
[2026-05-13T00:09:49.153+0000] {processor.py:925} INFO - DAG(s) 'dag_bronze_departments' retrieved from /opt/airflow/dags/dag_bronze_departments.py
[2026-05-13T00:09:49.182+0000] {logging_mixin.py:190} INFO - [2026-05-13T00:09:49.181+0000] {dag.py:3239} INFO - Sync 1 DAGs
[2026-05-13T00:09:49.195+0000] {logging_mixin.py:190} INFO - [2026-05-13T00:09:49.195+0000] {dag.py:4180} INFO - Setting next_dagrun for dag_bronze_departments to None, run_after=None
[2026-05-13T00:09:49.227+0000] {processor.py:208} INFO - Processing /opt/airflow/dags/dag_bronze_departments.py took 0.089 seconds
[2026-05-13T00:10:20.250+0000] {processor.py:186} INFO - Started process (PID=51825) to work on /opt/airflow/dags/dag_bronze_departments.py
[2026-05-13T00:10:20.251+0000] {processor.py:914} INFO - Processing file /opt/airflow/dags/dag_bronze_departments.py for tasks to queue
[2026-05-13T00:10:20.253+0000] {logging_mixin.py:190} INFO - [2026-05-13T00:10:20.253+0000] {dagbag.py:588} INFO - Filling up the DagBag from /opt/airflow/dags/dag_bronze_departments.py
[2026-05-13T00:10:20.263+0000] {processor.py:925} INFO - DAG(s) 'dag_bronze_departments' retrieved from /opt/airflow/dags/dag_bronze_departments.py
[2026-05-13T00:10:20.301+0000] {logging_mixin.py:190} INFO - [2026-05-13T00:10:20.300+0000] {dag.py:3239} INFO - Sync 1 DAGs
[2026-05-13T00:10:20.320+0000] {logging_mixin.py:190} INFO - [2026-05-13T00:10:20.320+0000] {dag.py:4180} INFO - Setting next_dagrun for dag_bronze_departments to None, run_after=None
[2026-05-13T00:10:20.344+0000] {processor.py:208} INFO - Processing /opt/airflow/dags/dag_bronze_departments.py took 0.106 seconds
[2026-05-13T00:10:50.478+0000] {processor.py:186} INFO - Started process (PID=51875) to work on /opt/airflow/dags/dag_bronze_departments.py
[2026-05-13T00:10:50.479+0000] {processor.py:914} INFO - Processing file /opt/airflow/dags/dag_bronze_departments.py for tasks to queue
[2026-05-13T00:10:50.481+0000] {logging_mixin.py:190} INFO - [2026-05-13T00:10:50.481+0000] {dagbag.py:588} INFO - Filling up the DagBag from /opt/airflow/dags/dag_bronze_departments.py
[2026-05-13T00:10:50.492+0000] {processor.py:925} INFO - DAG(s) 'dag_bronze_departments' retrieved from /opt/airflow/dags/dag_bronze_departments.py
[2026-05-13T00:10:50.550+0000] {logging_mixin.py:190} INFO - [2026-05-13T00:10:50.549+0000] {dag.py:3239} INFO - Sync 1 DAGs
[2026-05-13T00:10:50.571+0000] {logging_mixin.py:190} INFO - [2026-05-13T00:10:50.570+0000] {dag.py:4180} INFO - Setting next_dagrun for dag_bronze_departments to None, run_after=None
[2026-05-13T00:10:50.598+0000] {processor.py:208} INFO - Processing /opt/airflow/dags/dag_bronze_departments.py took 0.127 seconds
[2026-05-13T00:11:20.837+0000] {processor.py:186} INFO - Started process (PID=51923) to work on /opt/airflow/dags/dag_bronze_departments.py
[2026-05-13T00:11:20.870+0000] {processor.py:914} INFO - Processing file /opt/airflow/dags/dag_bronze_departments.py for tasks to queue
[2026-05-13T00:11:20.880+0000] {logging_mixin.py:190} INFO - [2026-05-13T00:11:20.879+0000] {dagbag.py:588} INFO - Filling up the DagBag from /opt/airflow/dags/dag_bronze_departments.py
[2026-05-13T00:11:20.913+0000] {processor.py:925} INFO - DAG(s) 'dag_bronze_departments' retrieved from /opt/airflow/dags/dag_bronze_departments.py
[2026-05-13T00:11:20.972+0000] {logging_mixin.py:190} INFO - [2026-05-13T00:11:20.972+0000] {dag.py:3239} INFO - Sync 1 DAGs
[2026-05-13T00:11:21.000+0000] {logging_mixin.py:190} INFO - [2026-05-13T00:11:20.999+0000] {dag.py:4180} INFO - Setting next_dagrun for dag_bronze_departments to None, run_after=None
[2026-05-13T00:11:21.071+0000] {processor.py:208} INFO - Processing /opt/airflow/dags/dag_bronze_departments.py took 0.241 seconds
[2026-05-13T00:11:51.708+0000] {processor.py:186} INFO - Started process (PID=51975) to work on /opt/airflow/dags/dag_bronze_departments.py
[2026-05-13T00:11:51.729+0000] {processor.py:914} INFO - Processing file /opt/airflow/dags/dag_bronze_departments.py for tasks to queue
[2026-05-13T00:11:51.732+0000] {logging_mixin.py:190} INFO - [2026-05-13T00:11:51.732+0000] {dagbag.py:588} INFO - Filling up the DagBag from /opt/airflow/dags/dag_bronze_departments.py
[2026-05-13T00:11:51.741+0000] {processor.py:925} INFO - DAG(s) 'dag_bronze_departments' retrieved from /opt/airflow/dags/dag_bronze_departments.py
[2026-05-13T00:11:51.825+0000] {logging_mixin.py:190} INFO - [2026-05-13T00:11:51.824+0000] {dag.py:3239} INFO - Sync 1 DAGs
[2026-05-13T00:11:51.845+0000] {logging_mixin.py:190} INFO - [2026-05-13T00:11:51.845+0000] {dag.py:4180} INFO - Setting next_dagrun for dag_bronze_departments to None, run_after=None
[2026-05-13T00:11:51.890+0000] {processor.py:208} INFO - Processing /opt/airflow/dags/dag_bronze_departments.py took 0.203 seconds
[2026-05-13T00:12:22.946+0000] {processor.py:186} INFO - Started process (PID=52025) to work on /opt/airflow/dags/dag_bronze_departments.py
[2026-05-13T00:12:22.970+0000] {processor.py:914} INFO - Processing file /opt/airflow/dags/dag_bronze_departments.py for tasks to queue
[2026-05-13T00:12:22.977+0000] {logging_mixin.py:190} INFO - [2026-05-13T00:12:22.977+0000] {dagbag.py:588} INFO - Filling up the DagBag from /opt/airflow/dags/dag_bronze_departments.py
[2026-05-13T00:12:23.004+0000] {processor.py:925} INFO - DAG(s) 'dag_bronze_departments' retrieved from /opt/airflow/dags/dag_bronze_departments.py
[2026-05-13T00:12:23.057+0000] {logging_mixin.py:190} INFO - [2026-05-13T00:12:23.056+0000] {dag.py:3239} INFO - Sync 1 DAGs
[2026-05-13T00:12:23.083+0000] {logging_mixin.py:190} INFO - [2026-05-13T00:12:23.083+0000] {dag.py:4180} INFO - Setting next_dagrun for dag_bronze_departments to None, run_after=None
[2026-05-13T00:12:23.108+0000] {processor.py:208} INFO - Processing /opt/airflow/dags/dag_bronze_departments.py took 0.169 seconds
[2026-05-13T00:12:53.267+0000] {processor.py:186} INFO - Started process (PID=52075) to work on /opt/airflow/dags/dag_bronze_departments.py
[2026-05-13T00:12:53.269+0000] {processor.py:914} INFO - Processing file /opt/airflow/dags/dag_bronze_departments.py for tasks to queue
[2026-05-13T00:12:53.277+0000] {logging_mixin.py:190} INFO - [2026-05-13T00:12:53.274+0000] {dagbag.py:588} INFO - Filling up the DagBag from /opt/airflow/dags/dag_bronze_departments.py
[2026-05-13T00:12:53.295+0000] {processor.py:925} INFO - DAG(s) 'dag_bronze_departments' retrieved from /opt/airflow/dags/dag_bronze_departments.py
[2026-05-13T00:12:53.357+0000] {logging_mixin.py:190} INFO - [2026-05-13T00:12:53.357+0000] {dag.py:3239} INFO - Sync 1 DAGs
[2026-05-13T00:12:53.402+0000] {logging_mixin.py:190} INFO - [2026-05-13T00:12:53.402+0000] {dag.py:4180} INFO - Setting next_dagrun for dag_bronze_departments to None, run_after=None
[2026-05-13T00:12:53.459+0000] {processor.py:208} INFO - Processing /opt/airflow/dags/dag_bronze_departments.py took 0.208 seconds
[2026-05-13T00:13:23.588+0000] {processor.py:186} INFO - Started process (PID=52125) to work on /opt/airflow/dags/dag_bronze_departments.py
[2026-05-13T00:13:23.589+0000] {processor.py:914} INFO - Processing file /opt/airflow/dags/dag_bronze_departments.py for tasks to queue
[2026-05-13T00:13:23.593+0000] {logging_mixin.py:190} INFO - [2026-05-13T00:13:23.591+0000] {dagbag.py:588} INFO - Filling up the DagBag from /opt/airflow/dags/dag_bronze_departments.py
[2026-05-13T00:13:23.605+0000] {processor.py:925} INFO - DAG(s) 'dag_bronze_departments' retrieved from /opt/airflow/dags/dag_bronze_departments.py
[2026-05-13T00:13:23.689+0000] {logging_mixin.py:190} INFO - [2026-05-13T00:13:23.689+0000] {dag.py:3239} INFO - Sync 1 DAGs
[2026-05-13T00:13:23.706+0000] {logging_mixin.py:190} INFO - [2026-05-13T00:13:23.706+0000] {dag.py:4180} INFO - Setting next_dagrun for dag_bronze_departments to None, run_after=None
[2026-05-13T00:13:23.768+0000] {processor.py:208} INFO - Processing /opt/airflow/dags/dag_bronze_departments.py took 0.187 seconds
[2026-05-13T00:13:53.870+0000] {processor.py:186} INFO - Started process (PID=52175) to work on /opt/airflow/dags/dag_bronze_departments.py
[2026-05-13T00:13:53.873+0000] {processor.py:914} INFO - Processing file /opt/airflow/dags/dag_bronze_departments.py for tasks to queue
[2026-05-13T00:13:53.877+0000] {logging_mixin.py:190} INFO - [2026-05-13T00:13:53.877+0000] {dagbag.py:588} INFO - Filling up the DagBag from /opt/airflow/dags/dag_bronze_departments.py
[2026-05-13T00:13:53.891+0000] {processor.py:925} INFO - DAG(s) 'dag_bronze_departments' retrieved from /opt/airflow/dags/dag_bronze_departments.py
[2026-05-13T00:13:53.936+0000] {logging_mixin.py:190} INFO - [2026-05-13T00:13:53.932+0000] {dag.py:3239} INFO - Sync 1 DAGs
[2026-05-13T00:13:53.988+0000] {logging_mixin.py:190} INFO - [2026-05-13T00:13:53.984+0000] {dag.py:4180} INFO - Setting next_dagrun for dag_bronze_departments to None, run_after=None
[2026-05-13T00:13:54.048+0000] {processor.py:208} INFO - Processing /opt/airflow/dags/dag_bronze_departments.py took 0.189 seconds
[2026-05-13T00:14:24.444+0000] {processor.py:186} INFO - Started process (PID=52225) to work on /opt/airflow/dags/dag_bronze_departments.py
[2026-05-13T00:14:24.484+0000] {processor.py:914} INFO - Processing file /opt/airflow/dags/dag_bronze_departments.py for tasks to queue
[2026-05-13T00:14:24.487+0000] {logging_mixin.py:190} INFO - [2026-05-13T00:14:24.487+0000] {dagbag.py:588} INFO - Filling up the DagBag from /opt/airflow/dags/dag_bronze_departments.py
[2026-05-13T00:14:24.503+0000] {processor.py:925} INFO - DAG(s) 'dag_bronze_departments' retrieved from /opt/airflow/dags/dag_bronze_departments.py
[2026-05-13T00:14:24.561+0000] {logging_mixin.py:190} INFO - [2026-05-13T00:14:24.561+0000] {dag.py:3239} INFO - Sync 1 DAGs
[2026-05-13T00:14:24.610+0000] {logging_mixin.py:190} INFO - [2026-05-13T00:14:24.610+0000] {dag.py:4180} INFO - Setting next_dagrun for dag_bronze_departments to None, run_after=None
[2026-05-13T00:14:24.664+0000] {processor.py:208} INFO - Processing /opt/airflow/dags/dag_bronze_departments.py took 0.227 seconds
[2026-05-13T00:14:54.834+0000] {processor.py:186} INFO - Started process (PID=52275) to work on /opt/airflow/dags/dag_bronze_departments.py
[2026-05-13T00:14:54.861+0000] {processor.py:914} INFO - Processing file /opt/airflow/dags/dag_bronze_departments.py for tasks to queue
[2026-05-13T00:14:54.863+0000] {logging_mixin.py:190} INFO - [2026-05-13T00:14:54.862+0000] {dagbag.py:588} INFO - Filling up the DagBag from /opt/airflow/dags/dag_bronze_departments.py
[2026-05-13T00:14:54.873+0000] {processor.py:925} INFO - DAG(s) 'dag_bronze_departments' retrieved from /opt/airflow/dags/dag_bronze_departments.py
[2026-05-13T00:14:54.926+0000] {logging_mixin.py:190} INFO - [2026-05-13T00:14:54.926+0000] {dag.py:3239} INFO - Sync 1 DAGs
[2026-05-13T00:14:54.945+0000] {logging_mixin.py:190} INFO - [2026-05-13T00:14:54.945+0000] {dag.py:4180} INFO - Setting next_dagrun for dag_bronze_departments to None, run_after=None
[2026-05-13T00:14:55.018+0000] {processor.py:208} INFO - Processing /opt/airflow/dags/dag_bronze_departments.py took 0.197 seconds
[2026-05-13T00:15:25.095+0000] {processor.py:186} INFO - Started process (PID=52325) to work on /opt/airflow/dags/dag_bronze_departments.py
[2026-05-13T00:15:25.099+0000] {processor.py:914} INFO - Processing file /opt/airflow/dags/dag_bronze_departments.py for tasks to queue
[2026-05-13T00:15:25.102+0000] {logging_mixin.py:190} INFO - [2026-05-13T00:15:25.102+0000] {dagbag.py:588} INFO - Filling up the DagBag from /opt/airflow/dags/dag_bronze_departments.py
[2026-05-13T00:15:25.118+0000] {processor.py:925} INFO - DAG(s) 'dag_bronze_departments' retrieved from /opt/airflow/dags/dag_bronze_departments.py
[2026-05-13T00:15:25.172+0000] {logging_mixin.py:190} INFO - [2026-05-13T00:15:25.172+0000] {dag.py:3239} INFO - Sync 1 DAGs
[2026-05-13T00:15:25.198+0000] {logging_mixin.py:190} INFO - [2026-05-13T00:15:25.195+0000] {dag.py:4180} INFO - Setting next_dagrun for dag_bronze_departments to None, run_after=None
[2026-05-13T00:15:25.236+0000] {processor.py:208} INFO - Processing /opt/airflow/dags/dag_bronze_departments.py took 0.156 seconds
[2026-05-13T00:15:55.469+0000] {processor.py:186} INFO - Started process (PID=52375) to work on /opt/airflow/dags/dag_bronze_departments.py
[2026-05-13T00:15:55.472+0000] {processor.py:914} INFO - Processing file /opt/airflow/dags/dag_bronze_departments.py for tasks to queue
[2026-05-13T00:15:55.474+0000] {logging_mixin.py:190} INFO - [2026-05-13T00:15:55.474+0000] {dagbag.py:588} INFO - Filling up the DagBag from /opt/airflow/dags/dag_bronze_departments.py
[2026-05-13T00:15:55.490+0000] {processor.py:925} INFO - DAG(s) 'dag_bronze_departments' retrieved from /opt/airflow/dags/dag_bronze_departments.py
[2026-05-13T00:15:55.522+0000] {logging_mixin.py:190} INFO - [2026-05-13T00:15:55.522+0000] {dag.py:3239} INFO - Sync 1 DAGs
[2026-05-13T00:15:55.537+0000] {logging_mixin.py:190} INFO - [2026-05-13T00:15:55.537+0000] {dag.py:4180} INFO - Setting next_dagrun for dag_bronze_departments to None, run_after=None
[2026-05-13T00:15:55.556+0000] {processor.py:208} INFO - Processing /opt/airflow/dags/dag_bronze_departments.py took 0.098 seconds
[2026-05-13T00:16:26.513+0000] {processor.py:186} INFO - Started process (PID=52425) to work on /opt/airflow/dags/dag_bronze_departments.py
[2026-05-13T00:16:26.536+0000] {processor.py:914} INFO - Processing file /opt/airflow/dags/dag_bronze_departments.py for tasks to queue
[2026-05-13T00:16:26.543+0000] {logging_mixin.py:190} INFO - [2026-05-13T00:16:26.542+0000] {dagbag.py:588} INFO - Filling up the DagBag from /opt/airflow/dags/dag_bronze_departments.py
[2026-05-13T00:16:26.556+0000] {processor.py:925} INFO - DAG(s) 'dag_bronze_departments' retrieved from /opt/airflow/dags/dag_bronze_departments.py
[2026-05-13T00:16:26.594+0000] {logging_mixin.py:190} INFO - [2026-05-13T00:16:26.593+0000] {dag.py:3239} INFO - Sync 1 DAGs
[2026-05-13T00:16:26.611+0000] {logging_mixin.py:190} INFO - [2026-05-13T00:16:26.611+0000] {dag.py:4180} INFO - Setting next_dagrun for dag_bronze_departments to None, run_after=None
[2026-05-13T00:16:26.674+0000] {processor.py:208} INFO - Processing /opt/airflow/dags/dag_bronze_departments.py took 0.175 seconds
[2026-05-13T00:16:56.739+0000] {processor.py:186} INFO - Started process (PID=52475) to work on /opt/airflow/dags/dag_bronze_departments.py
[2026-05-13T00:16:56.852+0000] {processor.py:914} INFO - Processing file /opt/airflow/dags/dag_bronze_departments.py for tasks to queue
[2026-05-13T00:16:56.854+0000] {logging_mixin.py:190} INFO - [2026-05-13T00:16:56.854+0000] {dagbag.py:588} INFO - Filling up the DagBag from /opt/airflow/dags/dag_bronze_departments.py
[2026-05-13T00:16:56.861+0000] {processor.py:925} INFO - DAG(s) 'dag_bronze_departments' retrieved from /opt/airflow/dags/dag_bronze_departments.py
[2026-05-13T00:16:56.893+0000] {logging_mixin.py:190} INFO - [2026-05-13T00:16:56.893+0000] {dag.py:3239} INFO - Sync 1 DAGs
[2026-05-13T00:16:56.909+0000] {logging_mixin.py:190} INFO - [2026-05-13T00:16:56.908+0000] {dag.py:4180} INFO - Setting next_dagrun for dag_bronze_departments to None, run_after=None
[2026-05-13T00:16:57.265+0000] {processor.py:208} INFO - Processing /opt/airflow/dags/dag_bronze_departments.py took 0.533 seconds
[2026-05-13T00:17:27.360+0000] {processor.py:186} INFO - Started process (PID=52525) to work on /opt/airflow/dags/dag_bronze_departments.py
[2026-05-13T00:17:27.412+0000] {processor.py:914} INFO - Processing file /opt/airflow/dags/dag_bronze_departments.py for tasks to queue
[2026-05-13T00:17:27.417+0000] {logging_mixin.py:190} INFO - [2026-05-13T00:17:27.416+0000] {dagbag.py:588} INFO - Filling up the DagBag from /opt/airflow/dags/dag_bronze_departments.py
[2026-05-13T00:17:27.426+0000] {processor.py:925} INFO - DAG(s) 'dag_bronze_departments' retrieved from /opt/airflow/dags/dag_bronze_departments.py
[2026-05-13T00:17:27.460+0000] {logging_mixin.py:190} INFO - [2026-05-13T00:17:27.460+0000] {dag.py:3239} INFO - Sync 1 DAGs
[2026-05-13T00:17:27.489+0000] {logging_mixin.py:190} INFO - [2026-05-13T00:17:27.489+0000] {dag.py:4180} INFO - Setting next_dagrun for dag_bronze_departments to None, run_after=None
[2026-05-13T00:17:27.577+0000] {processor.py:208} INFO - Processing /opt/airflow/dags/dag_bronze_departments.py took 0.224 seconds
[2026-05-13T00:17:57.741+0000] {processor.py:186} INFO - Started process (PID=52573) to work on /opt/airflow/dags/dag_bronze_departments.py
[2026-05-13T00:17:57.743+0000] {processor.py:914} INFO - Processing file /opt/airflow/dags/dag_bronze_departments.py for tasks to queue
[2026-05-13T00:17:57.745+0000] {logging_mixin.py:190} INFO - [2026-05-13T00:17:57.745+0000] {dagbag.py:588} INFO - Filling up the DagBag from /opt/airflow/dags/dag_bronze_departments.py
[2026-05-13T00:17:57.754+0000] {processor.py:925} INFO - DAG(s) 'dag_bronze_departments' retrieved from /opt/airflow/dags/dag_bronze_departments.py
[2026-05-13T00:17:57.791+0000] {logging_mixin.py:190} INFO - [2026-05-13T00:17:57.790+0000] {dag.py:3239} INFO - Sync 1 DAGs
[2026-05-13T00:17:57.810+0000] {logging_mixin.py:190} INFO - [2026-05-13T00:17:57.810+0000] {dag.py:4180} INFO - Setting next_dagrun for dag_bronze_departments to None, run_after=None
[2026-05-13T00:17:57.843+0000] {processor.py:208} INFO - Processing /opt/airflow/dags/dag_bronze_departments.py took 0.108 seconds
[2026-05-13T00:18:27.982+0000] {processor.py:186} INFO - Started process (PID=52623) to work on /opt/airflow/dags/dag_bronze_departments.py
[2026-05-13T00:18:27.983+0000] {processor.py:914} INFO - Processing file /opt/airflow/dags/dag_bronze_departments.py for tasks to queue
[2026-05-13T00:18:27.991+0000] {logging_mixin.py:190} INFO - [2026-05-13T00:18:27.989+0000] {dagbag.py:588} INFO - Filling up the DagBag from /opt/airflow/dags/dag_bronze_departments.py
[2026-05-13T00:18:28.002+0000] {processor.py:925} INFO - DAG(s) 'dag_bronze_departments' retrieved from /opt/airflow/dags/dag_bronze_departments.py
[2026-05-13T00:18:28.042+0000] {logging_mixin.py:190} INFO - [2026-05-13T00:18:28.042+0000] {dag.py:3239} INFO - Sync 1 DAGs
[2026-05-13T00:18:28.068+0000] {logging_mixin.py:190} INFO - [2026-05-13T00:18:28.068+0000] {dag.py:4180} INFO - Setting next_dagrun for dag_bronze_departments to None, run_after=None
[2026-05-13T00:18:28.094+0000] {processor.py:208} INFO - Processing /opt/airflow/dags/dag_bronze_departments.py took 0.127 seconds
[2026-05-13T00:18:58.352+0000] {processor.py:186} INFO - Started process (PID=52673) to work on /opt/airflow/dags/dag_bronze_departments.py
[2026-05-13T00:18:58.363+0000] {processor.py:914} INFO - Processing file /opt/airflow/dags/dag_bronze_departments.py for tasks to queue
[2026-05-13T00:18:58.366+0000] {logging_mixin.py:190} INFO - [2026-05-13T00:18:58.365+0000] {dagbag.py:588} INFO - Filling up the DagBag from /opt/airflow/dags/dag_bronze_departments.py
[2026-05-13T00:18:58.381+0000] {processor.py:925} INFO - DAG(s) 'dag_bronze_departments' retrieved from /opt/airflow/dags/dag_bronze_departments.py
[2026-05-13T00:18:58.440+0000] {logging_mixin.py:190} INFO - [2026-05-13T00:18:58.439+0000] {dag.py:3239} INFO - Sync 1 DAGs
[2026-05-13T00:18:58.467+0000] {logging_mixin.py:190} INFO - [2026-05-13T00:18:58.467+0000] {dag.py:4180} INFO - Setting next_dagrun for dag_bronze_departments to None, run_after=None
[2026-05-13T00:18:58.499+0000] {processor.py:208} INFO - Processing /opt/airflow/dags/dag_bronze_departments.py took 0.159 seconds
[2026-05-13T00:19:28.691+0000] {processor.py:186} INFO - Started process (PID=52723) to work on /opt/airflow/dags/dag_bronze_departments.py
[2026-05-13T00:19:28.692+0000] {processor.py:914} INFO - Processing file /opt/airflow/dags/dag_bronze_departments.py for tasks to queue
[2026-05-13T00:19:28.696+0000] {logging_mixin.py:190} INFO - [2026-05-13T00:19:28.695+0000] {dagbag.py:588} INFO - Filling up the DagBag from /opt/airflow/dags/dag_bronze_departments.py
[2026-05-13T00:19:28.713+0000] {processor.py:925} INFO - DAG(s) 'dag_bronze_departments' retrieved from /opt/airflow/dags/dag_bronze_departments.py
[2026-05-13T00:19:28.763+0000] {logging_mixin.py:190} INFO - [2026-05-13T00:19:28.762+0000] {dag.py:3239} INFO - Sync 1 DAGs
[2026-05-13T00:19:28.786+0000] {logging_mixin.py:190} INFO - [2026-05-13T00:19:28.785+0000] {dag.py:4180} INFO - Setting next_dagrun for dag_bronze_departments to None, run_after=None
[2026-05-13T00:19:28.812+0000] {processor.py:208} INFO - Processing /opt/airflow/dags/dag_bronze_departments.py took 0.128 seconds
[2026-05-13T00:19:58.918+0000] {processor.py:186} INFO - Started process (PID=52773) to work on /opt/airflow/dags/dag_bronze_departments.py
[2026-05-13T00:19:58.919+0000] {processor.py:914} INFO - Processing file /opt/airflow/dags/dag_bronze_departments.py for tasks to queue
[2026-05-13T00:19:58.921+0000] {logging_mixin.py:190} INFO - [2026-05-13T00:19:58.921+0000] {dagbag.py:588} INFO - Filling up the DagBag from /opt/airflow/dags/dag_bronze_departments.py
[2026-05-13T00:19:58.929+0000] {processor.py:925} INFO - DAG(s) 'dag_bronze_departments' retrieved from /opt/airflow/dags/dag_bronze_departments.py
[2026-05-13T00:19:58.967+0000] {logging_mixin.py:190} INFO - [2026-05-13T00:19:58.966+0000] {dag.py:3239} INFO - Sync 1 DAGs
[2026-05-13T00:19:58.982+0000] {logging_mixin.py:190} INFO - [2026-05-13T00:19:58.982+0000] {dag.py:4180} INFO - Setting next_dagrun for dag_bronze_departments to None, run_after=None
[2026-05-13T00:19:59.002+0000] {processor.py:208} INFO - Processing /opt/airflow/dags/dag_bronze_departments.py took 0.095 seconds
[2026-05-13T00:20:29.101+0000] {processor.py:186} INFO - Started process (PID=52825) to work on /opt/airflow/dags/dag_bronze_departments.py
[2026-05-13T00:20:29.102+0000] {processor.py:914} INFO - Processing file /opt/airflow/dags/dag_bronze_departments.py for tasks to queue
[2026-05-13T00:20:29.104+0000] {logging_mixin.py:190} INFO - [2026-05-13T00:20:29.103+0000] {dagbag.py:588} INFO - Filling up the DagBag from /opt/airflow/dags/dag_bronze_departments.py
[2026-05-13T00:20:29.112+0000] {processor.py:925} INFO - DAG(s) 'dag_bronze_departments' retrieved from /opt/airflow/dags/dag_bronze_departments.py
[2026-05-13T00:20:29.147+0000] {logging_mixin.py:190} INFO - [2026-05-13T00:20:29.147+0000] {dag.py:3239} INFO - Sync 1 DAGs
[2026-05-13T00:20:29.166+0000] {logging_mixin.py:190} INFO - [2026-05-13T00:20:29.166+0000] {dag.py:4180} INFO - Setting next_dagrun for dag_bronze_departments to None, run_after=None
[2026-05-13T00:20:29.202+0000] {processor.py:208} INFO - Processing /opt/airflow/dags/dag_bronze_departments.py took 0.107 seconds
[2026-05-13T00:20:59.353+0000] {processor.py:186} INFO - Started process (PID=52875) to work on /opt/airflow/dags/dag_bronze_departments.py
[2026-05-13T00:20:59.354+0000] {processor.py:914} INFO - Processing file /opt/airflow/dags/dag_bronze_departments.py for tasks to queue
[2026-05-13T00:20:59.357+0000] {logging_mixin.py:190} INFO - [2026-05-13T00:20:59.357+0000] {dagbag.py:588} INFO - Filling up the DagBag from /opt/airflow/dags/dag_bronze_departments.py
[2026-05-13T00:20:59.365+0000] {processor.py:925} INFO - DAG(s) 'dag_bronze_departments' retrieved from /opt/airflow/dags/dag_bronze_departments.py
[2026-05-13T00:20:59.405+0000] {logging_mixin.py:190} INFO - [2026-05-13T00:20:59.405+0000] {dag.py:3239} INFO - Sync 1 DAGs
[2026-05-13T00:20:59.455+0000] {logging_mixin.py:190} INFO - [2026-05-13T00:20:59.454+0000] {dag.py:4180} INFO - Setting next_dagrun for dag_bronze_departments to None, run_after=None
[2026-05-13T00:20:59.491+0000] {processor.py:208} INFO - Processing /opt/airflow/dags/dag_bronze_departments.py took 0.145 seconds
[2026-05-13T00:21:29.539+0000] {processor.py:186} INFO - Started process (PID=52925) to work on /opt/airflow/dags/dag_bronze_departments.py
[2026-05-13T00:21:29.540+0000] {processor.py:914} INFO - Processing file /opt/airflow/dags/dag_bronze_departments.py for tasks to queue
[2026-05-13T00:21:29.542+0000] {logging_mixin.py:190} INFO - [2026-05-13T00:21:29.542+0000] {dagbag.py:588} INFO - Filling up the DagBag from /opt/airflow/dags/dag_bronze_departments.py
[2026-05-13T00:21:29.550+0000] {processor.py:925} INFO - DAG(s) 'dag_bronze_departments' retrieved from /opt/airflow/dags/dag_bronze_departments.py
[2026-05-13T00:21:29.586+0000] {logging_mixin.py:190} INFO - [2026-05-13T00:21:29.586+0000] {dag.py:3239} INFO - Sync 1 DAGs
[2026-05-13T00:21:29.603+0000] {logging_mixin.py:190} INFO - [2026-05-13T00:21:29.603+0000] {dag.py:4180} INFO - Setting next_dagrun for dag_bronze_departments to None, run_after=None
[2026-05-13T00:21:29.640+0000] {processor.py:208} INFO - Processing /opt/airflow/dags/dag_bronze_departments.py took 0.106 seconds
[2026-05-13T00:21:59.869+0000] {processor.py:186} INFO - Started process (PID=52973) to work on /opt/airflow/dags/dag_bronze_departments.py
[2026-05-13T00:21:59.870+0000] {processor.py:914} INFO - Processing file /opt/airflow/dags/dag_bronze_departments.py for tasks to queue
[2026-05-13T00:21:59.872+0000] {logging_mixin.py:190} INFO - [2026-05-13T00:21:59.872+0000] {dagbag.py:588} INFO - Filling up the DagBag from /opt/airflow/dags/dag_bronze_departments.py
[2026-05-13T00:21:59.883+0000] {processor.py:925} INFO - DAG(s) 'dag_bronze_departments' retrieved from /opt/airflow/dags/dag_bronze_departments.py
[2026-05-13T00:21:59.925+0000] {logging_mixin.py:190} INFO - [2026-05-13T00:21:59.924+0000] {dag.py:3239} INFO - Sync 1 DAGs
[2026-05-13T00:21:59.941+0000] {logging_mixin.py:190} INFO - [2026-05-13T00:21:59.941+0000] {dag.py:4180} INFO - Setting next_dagrun for dag_bronze_departments to None, run_after=None
[2026-05-13T00:21:59.967+0000] {processor.py:208} INFO - Processing /opt/airflow/dags/dag_bronze_departments.py took 0.107 seconds
[2026-05-13T00:22:30.123+0000] {processor.py:186} INFO - Started process (PID=53023) to work on /opt/airflow/dags/dag_bronze_departments.py
[2026-05-13T00:22:30.124+0000] {processor.py:914} INFO - Processing file /opt/airflow/dags/dag_bronze_departments.py for tasks to queue
[2026-05-13T00:22:30.130+0000] {logging_mixin.py:190} INFO - [2026-05-13T00:22:30.129+0000] {dagbag.py:588} INFO - Filling up the DagBag from /opt/airflow/dags/dag_bronze_departments.py
[2026-05-13T00:22:30.141+0000] {processor.py:925} INFO - DAG(s) 'dag_bronze_departments' retrieved from /opt/airflow/dags/dag_bronze_departments.py
[2026-05-13T00:22:30.192+0000] {logging_mixin.py:190} INFO - [2026-05-13T00:22:30.192+0000] {dag.py:3239} INFO - Sync 1 DAGs
[2026-05-13T00:22:30.213+0000] {logging_mixin.py:190} INFO - [2026-05-13T00:22:30.213+0000] {dag.py:4180} INFO - Setting next_dagrun for dag_bronze_departments to None, run_after=None
[2026-05-13T00:22:30.249+0000] {processor.py:208} INFO - Processing /opt/airflow/dags/dag_bronze_departments.py took 0.134 seconds
[2026-05-13T00:23:00.700+0000] {processor.py:186} INFO - Started process (PID=53073) to work on /opt/airflow/dags/dag_bronze_departments.py
[2026-05-13T00:23:00.704+0000] {processor.py:914} INFO - Processing file /opt/airflow/dags/dag_bronze_departments.py for tasks to queue
[2026-05-13T00:23:00.708+0000] {logging_mixin.py:190} INFO - [2026-05-13T00:23:00.708+0000] {dagbag.py:588} INFO - Filling up the DagBag from /opt/airflow/dags/dag_bronze_departments.py
[2026-05-13T00:23:00.723+0000] {processor.py:925} INFO - DAG(s) 'dag_bronze_departments' retrieved from /opt/airflow/dags/dag_bronze_departments.py
[2026-05-13T00:23:00.761+0000] {logging_mixin.py:190} INFO - [2026-05-13T00:23:00.761+0000] {dag.py:3239} INFO - Sync 1 DAGs
[2026-05-13T00:23:00.779+0000] {logging_mixin.py:190} INFO - [2026-05-13T00:23:00.779+0000] {dag.py:4180} INFO - Setting next_dagrun for dag_bronze_departments to None, run_after=None
[2026-05-13T00:23:00.807+0000] {processor.py:208} INFO - Processing /opt/airflow/dags/dag_bronze_departments.py took 0.118 seconds
[2026-05-13T00:23:30.982+0000] {processor.py:186} INFO - Started process (PID=53123) to work on /opt/airflow/dags/dag_bronze_departments.py
[2026-05-13T00:23:31.001+0000] {processor.py:914} INFO - Processing file /opt/airflow/dags/dag_bronze_departments.py for tasks to queue
[2026-05-13T00:23:31.006+0000] {logging_mixin.py:190} INFO - [2026-05-13T00:23:31.006+0000] {dagbag.py:588} INFO - Filling up the DagBag from /opt/airflow/dags/dag_bronze_departments.py
[2026-05-13T00:23:31.032+0000] {processor.py:925} INFO - DAG(s) 'dag_bronze_departments' retrieved from /opt/airflow/dags/dag_bronze_departments.py
[2026-05-13T00:23:31.091+0000] {logging_mixin.py:190} INFO - [2026-05-13T00:23:31.090+0000] {dag.py:3239} INFO - Sync 1 DAGs
[2026-05-13T00:23:31.109+0000] {logging_mixin.py:190} INFO - [2026-05-13T00:23:31.109+0000] {dag.py:4180} INFO - Setting next_dagrun for dag_bronze_departments to None, run_after=None
[2026-05-13T00:23:31.165+0000] {processor.py:208} INFO - Processing /opt/airflow/dags/dag_bronze_departments.py took 0.216 seconds
[2026-05-13T00:24:01.341+0000] {processor.py:186} INFO - Started process (PID=53175) to work on /opt/airflow/dags/dag_bronze_departments.py
[2026-05-13T00:24:01.342+0000] {processor.py:914} INFO - Processing file /opt/airflow/dags/dag_bronze_departments.py for tasks to queue
[2026-05-13T00:24:01.345+0000] {logging_mixin.py:190} INFO - [2026-05-13T00:24:01.345+0000] {dagbag.py:588} INFO - Filling up the DagBag from /opt/airflow/dags/dag_bronze_departments.py
[2026-05-13T00:24:01.355+0000] {processor.py:925} INFO - DAG(s) 'dag_bronze_departments' retrieved from /opt/airflow/dags/dag_bronze_departments.py
[2026-05-13T00:24:01.415+0000] {logging_mixin.py:190} INFO - [2026-05-13T00:24:01.415+0000] {dag.py:3239} INFO - Sync 1 DAGs
[2026-05-13T00:24:01.444+0000] {logging_mixin.py:190} INFO - [2026-05-13T00:24:01.443+0000] {dag.py:4180} INFO - Setting next_dagrun for dag_bronze_departments to None, run_after=None
[2026-05-13T00:24:01.484+0000] {processor.py:208} INFO - Processing /opt/airflow/dags/dag_bronze_departments.py took 0.153 seconds
[2026-05-13T00:24:31.618+0000] {processor.py:186} INFO - Started process (PID=53225) to work on /opt/airflow/dags/dag_bronze_departments.py
[2026-05-13T00:24:31.619+0000] {processor.py:914} INFO - Processing file /opt/airflow/dags/dag_bronze_departments.py for tasks to queue
[2026-05-13T00:24:31.622+0000] {logging_mixin.py:190} INFO - [2026-05-13T00:24:31.622+0000] {dagbag.py:588} INFO - Filling up the DagBag from /opt/airflow/dags/dag_bronze_departments.py
[2026-05-13T00:24:31.630+0000] {processor.py:925} INFO - DAG(s) 'dag_bronze_departments' retrieved from /opt/airflow/dags/dag_bronze_departments.py
[2026-05-13T00:24:31.666+0000] {logging_mixin.py:190} INFO - [2026-05-13T00:24:31.666+0000] {dag.py:3239} INFO - Sync 1 DAGs
[2026-05-13T00:24:31.682+0000] {logging_mixin.py:190} INFO - [2026-05-13T00:24:31.682+0000] {dag.py:4180} INFO - Setting next_dagrun for dag_bronze_departments to None, run_after=None
[2026-05-13T00:24:31.720+0000] {processor.py:208} INFO - Processing /opt/airflow/dags/dag_bronze_departments.py took 0.108 seconds
[2026-05-13T00:25:02.056+0000] {processor.py:186} INFO - Started process (PID=53275) to work on /opt/airflow/dags/dag_bronze_departments.py
[2026-05-13T00:25:02.057+0000] {processor.py:914} INFO - Processing file /opt/airflow/dags/dag_bronze_departments.py for tasks to queue
[2026-05-13T00:25:02.060+0000] {logging_mixin.py:190} INFO - [2026-05-13T00:25:02.059+0000] {dagbag.py:588} INFO - Filling up the DagBag from /opt/airflow/dags/dag_bronze_departments.py
[2026-05-13T00:25:02.071+0000] {processor.py:925} INFO - DAG(s) 'dag_bronze_departments' retrieved from /opt/airflow/dags/dag_bronze_departments.py
[2026-05-13T00:25:02.112+0000] {logging_mixin.py:190} INFO - [2026-05-13T00:25:02.112+0000] {dag.py:3239} INFO - Sync 1 DAGs
[2026-05-13T00:25:02.143+0000] {logging_mixin.py:190} INFO - [2026-05-13T00:25:02.143+0000] {dag.py:4180} INFO - Setting next_dagrun for dag_bronze_departments to None, run_after=None
[2026-05-13T00:25:02.194+0000] {processor.py:208} INFO - Processing /opt/airflow/dags/dag_bronze_departments.py took 0.152 seconds
[2026-05-13T00:25:32.274+0000] {processor.py:186} INFO - Started process (PID=53325) to work on /opt/airflow/dags/dag_bronze_departments.py
[2026-05-13T00:25:32.275+0000] {processor.py:914} INFO - Processing file /opt/airflow/dags/dag_bronze_departments.py for tasks to queue
[2026-05-13T00:25:32.277+0000] {logging_mixin.py:190} INFO - [2026-05-13T00:25:32.276+0000] {dagbag.py:588} INFO - Filling up the DagBag from /opt/airflow/dags/dag_bronze_departments.py
[2026-05-13T00:25:32.285+0000] {processor.py:925} INFO - DAG(s) 'dag_bronze_departments' retrieved from /opt/airflow/dags/dag_bronze_departments.py
[2026-05-13T00:25:32.321+0000] {logging_mixin.py:190} INFO - [2026-05-13T00:25:32.320+0000] {dag.py:3239} INFO - Sync 1 DAGs
[2026-05-13T00:25:32.339+0000] {logging_mixin.py:190} INFO - [2026-05-13T00:25:32.338+0000] {dag.py:4180} INFO - Setting next_dagrun for dag_bronze_departments to None, run_after=None
[2026-05-13T00:25:32.378+0000] {processor.py:208} INFO - Processing /opt/airflow/dags/dag_bronze_departments.py took 0.111 seconds
[2026-05-13T00:26:03.540+0000] {processor.py:186} INFO - Started process (PID=53375) to work on /opt/airflow/dags/dag_bronze_departments.py
[2026-05-13T00:26:03.541+0000] {processor.py:914} INFO - Processing file /opt/airflow/dags/dag_bronze_departments.py for tasks to queue
[2026-05-13T00:26:03.544+0000] {logging_mixin.py:190} INFO - [2026-05-13T00:26:03.544+0000] {dagbag.py:588} INFO - Filling up the DagBag from /opt/airflow/dags/dag_bronze_departments.py
[2026-05-13T00:26:03.553+0000] {processor.py:925} INFO - DAG(s) 'dag_bronze_departments' retrieved from /opt/airflow/dags/dag_bronze_departments.py
[2026-05-13T00:26:03.593+0000] {logging_mixin.py:190} INFO - [2026-05-13T00:26:03.592+0000] {dag.py:3239} INFO - Sync 1 DAGs
[2026-05-13T00:26:03.612+0000] {logging_mixin.py:190} INFO - [2026-05-13T00:26:03.612+0000] {dag.py:4180} INFO - Setting next_dagrun for dag_bronze_departments to None, run_after=None
[2026-05-13T00:26:03.672+0000] {processor.py:208} INFO - Processing /opt/airflow/dags/dag_bronze_departments.py took 0.139 seconds
[2026-05-13T00:26:33.987+0000] {processor.py:186} INFO - Started process (PID=53425) to work on /opt/airflow/dags/dag_bronze_departments.py
[2026-05-13T00:26:34.011+0000] {processor.py:914} INFO - Processing file /opt/airflow/dags/dag_bronze_departments.py for tasks to queue
[2026-05-13T00:26:34.013+0000] {logging_mixin.py:190} INFO - [2026-05-13T00:26:34.013+0000] {dagbag.py:588} INFO - Filling up the DagBag from /opt/airflow/dags/dag_bronze_departments.py
[2026-05-13T00:26:34.024+0000] {processor.py:925} INFO - DAG(s) 'dag_bronze_departments' retrieved from /opt/airflow/dags/dag_bronze_departments.py
[2026-05-13T00:26:34.061+0000] {logging_mixin.py:190} INFO - [2026-05-13T00:26:34.061+0000] {dag.py:3239} INFO - Sync 1 DAGs
[2026-05-13T00:26:34.080+0000] {logging_mixin.py:190} INFO - [2026-05-13T00:26:34.079+0000] {dag.py:4180} INFO - Setting next_dagrun for dag_bronze_departments to None, run_after=None
[2026-05-13T00:26:34.125+0000] {processor.py:208} INFO - Processing /opt/airflow/dags/dag_bronze_departments.py took 0.146 seconds
[2026-05-13T00:27:04.208+0000] {processor.py:186} INFO - Started process (PID=53475) to work on /opt/airflow/dags/dag_bronze_departments.py
[2026-05-13T00:27:04.209+0000] {processor.py:914} INFO - Processing file /opt/airflow/dags/dag_bronze_departments.py for tasks to queue
[2026-05-13T00:27:04.211+0000] {logging_mixin.py:190} INFO - [2026-05-13T00:27:04.211+0000] {dagbag.py:588} INFO - Filling up the DagBag from /opt/airflow/dags/dag_bronze_departments.py
[2026-05-13T00:27:04.220+0000] {processor.py:925} INFO - DAG(s) 'dag_bronze_departments' retrieved from /opt/airflow/dags/dag_bronze_departments.py
[2026-05-13T00:27:04.266+0000] {logging_mixin.py:190} INFO - [2026-05-13T00:27:04.266+0000] {dag.py:3239} INFO - Sync 1 DAGs
[2026-05-13T00:27:04.288+0000] {logging_mixin.py:190} INFO - [2026-05-13T00:27:04.288+0000] {dag.py:4180} INFO - Setting next_dagrun for dag_bronze_departments to None, run_after=None
[2026-05-13T00:27:04.338+0000] {processor.py:208} INFO - Processing /opt/airflow/dags/dag_bronze_departments.py took 0.137 seconds
[2026-05-13T00:27:34.594+0000] {processor.py:186} INFO - Started process (PID=53525) to work on /opt/airflow/dags/dag_bronze_departments.py
[2026-05-13T00:27:34.595+0000] {processor.py:914} INFO - Processing file /opt/airflow/dags/dag_bronze_departments.py for tasks to queue
[2026-05-13T00:27:34.598+0000] {logging_mixin.py:190} INFO - [2026-05-13T00:27:34.598+0000] {dagbag.py:588} INFO - Filling up the DagBag from /opt/airflow/dags/dag_bronze_departments.py
[2026-05-13T00:27:34.607+0000] {processor.py:925} INFO - DAG(s) 'dag_bronze_departments' retrieved from /opt/airflow/dags/dag_bronze_departments.py
[2026-05-13T00:27:34.639+0000] {logging_mixin.py:190} INFO - [2026-05-13T00:27:34.639+0000] {dag.py:3239} INFO - Sync 1 DAGs
[2026-05-13T00:27:34.656+0000] {logging_mixin.py:190} INFO - [2026-05-13T00:27:34.655+0000] {dag.py:4180} INFO - Setting next_dagrun for dag_bronze_departments to None, run_after=None
[2026-05-13T00:27:34.725+0000] {processor.py:208} INFO - Processing /opt/airflow/dags/dag_bronze_departments.py took 0.136 seconds
[2026-05-13T00:28:05.032+0000] {processor.py:186} INFO - Started process (PID=53575) to work on /opt/airflow/dags/dag_bronze_departments.py
[2026-05-13T00:28:05.033+0000] {processor.py:914} INFO - Processing file /opt/airflow/dags/dag_bronze_departments.py for tasks to queue
[2026-05-13T00:28:05.035+0000] {logging_mixin.py:190} INFO - [2026-05-13T00:28:05.035+0000] {dagbag.py:588} INFO - Filling up the DagBag from /opt/airflow/dags/dag_bronze_departments.py
[2026-05-13T00:28:05.044+0000] {processor.py:925} INFO - DAG(s) 'dag_bronze_departments' retrieved from /opt/airflow/dags/dag_bronze_departments.py
[2026-05-13T00:28:05.083+0000] {logging_mixin.py:190} INFO - [2026-05-13T00:28:05.083+0000] {dag.py:3239} INFO - Sync 1 DAGs
[2026-05-13T00:28:05.102+0000] {logging_mixin.py:190} INFO - [2026-05-13T00:28:05.102+0000] {dag.py:4180} INFO - Setting next_dagrun for dag_bronze_departments to None, run_after=None
[2026-05-13T00:28:05.151+0000] {processor.py:208} INFO - Processing /opt/airflow/dags/dag_bronze_departments.py took 0.127 seconds
[2026-05-13T00:28:35.267+0000] {processor.py:186} INFO - Started process (PID=53625) to work on /opt/airflow/dags/dag_bronze_departments.py
[2026-05-13T00:28:35.268+0000] {processor.py:914} INFO - Processing file /opt/airflow/dags/dag_bronze_departments.py for tasks to queue
[2026-05-13T00:28:35.270+0000] {logging_mixin.py:190} INFO - [2026-05-13T00:28:35.269+0000] {dagbag.py:588} INFO - Filling up the DagBag from /opt/airflow/dags/dag_bronze_departments.py
[2026-05-13T00:28:35.278+0000] {processor.py:925} INFO - DAG(s) 'dag_bronze_departments' retrieved from /opt/airflow/dags/dag_bronze_departments.py
[2026-05-13T00:28:35.324+0000] {logging_mixin.py:190} INFO - [2026-05-13T00:28:35.324+0000] {dag.py:3239} INFO - Sync 1 DAGs
[2026-05-13T00:28:35.340+0000] {logging_mixin.py:190} INFO - [2026-05-13T00:28:35.340+0000] {dag.py:4180} INFO - Setting next_dagrun for dag_bronze_departments to None, run_after=None
[2026-05-13T00:28:35.363+0000] {processor.py:208} INFO - Processing /opt/airflow/dags/dag_bronze_departments.py took 0.104 seconds
[2026-05-13T00:29:05.800+0000] {processor.py:186} INFO - Started process (PID=53675) to work on /opt/airflow/dags/dag_bronze_departments.py
[2026-05-13T00:29:05.886+0000] {processor.py:914} INFO - Processing file /opt/airflow/dags/dag_bronze_departments.py for tasks to queue
[2026-05-13T00:29:05.894+0000] {logging_mixin.py:190} INFO - [2026-05-13T00:29:05.893+0000] {dagbag.py:588} INFO - Filling up the DagBag from /opt/airflow/dags/dag_bronze_departments.py
[2026-05-13T00:29:05.918+0000] {processor.py:925} INFO - DAG(s) 'dag_bronze_departments' retrieved from /opt/airflow/dags/dag_bronze_departments.py
[2026-05-13T00:29:06.021+0000] {logging_mixin.py:190} INFO - [2026-05-13T00:29:06.021+0000] {dag.py:3239} INFO - Sync 1 DAGs
[2026-05-13T00:29:06.042+0000] {logging_mixin.py:190} INFO - [2026-05-13T00:29:06.041+0000] {dag.py:4180} INFO - Setting next_dagrun for dag_bronze_departments to None, run_after=None
[2026-05-13T00:29:06.222+0000] {processor.py:208} INFO - Processing /opt/airflow/dags/dag_bronze_departments.py took 0.432 seconds
[2026-05-13T00:29:36.493+0000] {processor.py:186} INFO - Started process (PID=53723) to work on /opt/airflow/dags/dag_bronze_departments.py
[2026-05-13T00:29:36.496+0000] {processor.py:914} INFO - Processing file /opt/airflow/dags/dag_bronze_departments.py for tasks to queue
[2026-05-13T00:29:36.498+0000] {logging_mixin.py:190} INFO - [2026-05-13T00:29:36.498+0000] {dagbag.py:588} INFO - Filling up the DagBag from /opt/airflow/dags/dag_bronze_departments.py
[2026-05-13T00:29:36.506+0000] {processor.py:925} INFO - DAG(s) 'dag_bronze_departments' retrieved from /opt/airflow/dags/dag_bronze_departments.py
[2026-05-13T00:29:36.541+0000] {logging_mixin.py:190} INFO - [2026-05-13T00:29:36.541+0000] {dag.py:3239} INFO - Sync 1 DAGs
[2026-05-13T00:29:36.556+0000] {logging_mixin.py:190} INFO - [2026-05-13T00:29:36.556+0000] {dag.py:4180} INFO - Setting next_dagrun for dag_bronze_departments to None, run_after=None
[2026-05-13T00:29:36.575+0000] {processor.py:208} INFO - Processing /opt/airflow/dags/dag_bronze_departments.py took 0.088 seconds
[2026-05-13T00:30:07.668+0000] {processor.py:186} INFO - Started process (PID=53775) to work on /opt/airflow/dags/dag_bronze_departments.py
[2026-05-13T00:30:07.669+0000] {processor.py:914} INFO - Processing file /opt/airflow/dags/dag_bronze_departments.py for tasks to queue
[2026-05-13T00:30:07.671+0000] {logging_mixin.py:190} INFO - [2026-05-13T00:30:07.671+0000] {dagbag.py:588} INFO - Filling up the DagBag from /opt/airflow/dags/dag_bronze_departments.py
[2026-05-13T00:30:07.679+0000] {processor.py:925} INFO - DAG(s) 'dag_bronze_departments' retrieved from /opt/airflow/dags/dag_bronze_departments.py
[2026-05-13T00:30:07.710+0000] {logging_mixin.py:190} INFO - [2026-05-13T00:30:07.710+0000] {dag.py:3239} INFO - Sync 1 DAGs
[2026-05-13T00:30:07.726+0000] {logging_mixin.py:190} INFO - [2026-05-13T00:30:07.726+0000] {dag.py:4180} INFO - Setting next_dagrun for dag_bronze_departments to None, run_after=None
[2026-05-13T00:30:07.747+0000] {processor.py:208} INFO - Processing /opt/airflow/dags/dag_bronze_departments.py took 0.086 seconds
[2026-05-13T00:30:38.771+0000] {processor.py:186} INFO - Started process (PID=53825) to work on /opt/airflow/dags/dag_bronze_departments.py
[2026-05-13T00:30:38.772+0000] {processor.py:914} INFO - Processing file /opt/airflow/dags/dag_bronze_departments.py for tasks to queue
[2026-05-13T00:30:38.774+0000] {logging_mixin.py:190} INFO - [2026-05-13T00:30:38.773+0000] {dagbag.py:588} INFO - Filling up the DagBag from /opt/airflow/dags/dag_bronze_departments.py
[2026-05-13T00:30:38.781+0000] {processor.py:925} INFO - DAG(s) 'dag_bronze_departments' retrieved from /opt/airflow/dags/dag_bronze_departments.py
[2026-05-13T00:30:38.813+0000] {logging_mixin.py:190} INFO - [2026-05-13T00:30:38.813+0000] {dag.py:3239} INFO - Sync 1 DAGs
[2026-05-13T00:30:38.828+0000] {logging_mixin.py:190} INFO - [2026-05-13T00:30:38.827+0000] {dag.py:4180} INFO - Setting next_dagrun for dag_bronze_departments to None, run_after=None
[2026-05-13T00:30:38.852+0000] {processor.py:208} INFO - Processing /opt/airflow/dags/dag_bronze_departments.py took 0.088 seconds
[2026-05-13T00:31:08.893+0000] {processor.py:186} INFO - Started process (PID=53875) to work on /opt/airflow/dags/dag_bronze_departments.py
[2026-05-13T00:31:08.894+0000] {processor.py:914} INFO - Processing file /opt/airflow/dags/dag_bronze_departments.py for tasks to queue
[2026-05-13T00:31:08.895+0000] {logging_mixin.py:190} INFO - [2026-05-13T00:31:08.895+0000] {dagbag.py:588} INFO - Filling up the DagBag from /opt/airflow/dags/dag_bronze_departments.py
[2026-05-13T00:31:08.903+0000] {processor.py:925} INFO - DAG(s) 'dag_bronze_departments' retrieved from /opt/airflow/dags/dag_bronze_departments.py
[2026-05-13T00:31:08.931+0000] {logging_mixin.py:190} INFO - [2026-05-13T00:31:08.931+0000] {dag.py:3239} INFO - Sync 1 DAGs
[2026-05-13T00:31:08.945+0000] {logging_mixin.py:190} INFO - [2026-05-13T00:31:08.945+0000] {dag.py:4180} INFO - Setting next_dagrun for dag_bronze_departments to None, run_after=None
[2026-05-13T00:31:08.968+0000] {processor.py:208} INFO - Processing /opt/airflow/dags/dag_bronze_departments.py took 0.081 seconds
