[2026-06-11T23:26:08.764+0000] {local_task_job_runner.py:123} INFO - ::group::Pre task execution logs
[2026-06-11T23:26:08.795+0000] {taskinstance.py:2614} INFO - Dependencies all met for dep_context=non-requeueable deps ti=<TaskInstance: dag_silver_order_items_train_enriched.run_silver_order_items_train_enriched manual__2026-06-11T23:26:05.471719+00:00 [queued]>
[2026-06-11T23:26:08.806+0000] {taskinstance.py:2614} INFO - Dependencies all met for dep_context=requeueable deps ti=<TaskInstance: dag_silver_order_items_train_enriched.run_silver_order_items_train_enriched manual__2026-06-11T23:26:05.471719+00:00 [queued]>
[2026-06-11T23:26:08.807+0000] {taskinstance.py:2867} INFO - Starting attempt 1 of 1
[2026-06-11T23:26:08.835+0000] {taskinstance.py:2890} INFO - Executing <Task(BashOperator): run_silver_order_items_train_enriched> on 2026-06-11 23:26:05.471719+00:00
[2026-06-11T23:26:08.843+0000] {standard_task_runner.py:104} INFO - Running: ['***', 'tasks', 'run', 'dag_silver_order_items_train_enriched', 'run_silver_order_items_train_enriched', 'manual__2026-06-11T23:26:05.471719+00:00', '--job-id', '166', '--raw', '--subdir', 'DAGS_FOLDER/dag_silver_order_items_train_enriched.py', '--cfg-path', '/tmp/tmpj7v2vk14']
[2026-06-11T23:26:08.845+0000] {standard_task_runner.py:105} INFO - Job 166: Subtask run_silver_order_items_train_enriched
[2026-06-11T23:26:08.846+0000] {logging_mixin.py:190} WARNING - /home/***/.local/lib/python3.12/site-packages/***/task/task_runner/standard_task_runner.py:70 DeprecationWarning: This process (pid=70812) is multi-threaded, use of fork() may lead to deadlocks in the child.
[2026-06-11T23:26:08.847+0000] {standard_task_runner.py:72} INFO - Started process 70813 to run task
[2026-06-11T23:26:08.899+0000] {task_command.py:467} INFO - Running <TaskInstance: dag_silver_order_items_train_enriched.run_silver_order_items_train_enriched manual__2026-06-11T23:26:05.471719+00:00 [running]> on host 70c63de930a7
[2026-06-11T23:26:09.016+0000] {taskinstance.py:3134} INFO - Exporting env vars: AIRFLOW_CTX_DAG_OWNER='***' AIRFLOW_CTX_DAG_ID='dag_silver_order_items_train_enriched' AIRFLOW_CTX_TASK_ID='run_silver_order_items_train_enriched' AIRFLOW_CTX_EXECUTION_DATE='2026-06-11T23:26:05.471719+00:00' AIRFLOW_CTX_TRY_NUMBER='1' AIRFLOW_CTX_DAG_RUN_ID='manual__2026-06-11T23:26:05.471719+00:00'
[2026-06-11T23:26:09.017+0000] {taskinstance.py:732} INFO - ::endgroup::
[2026-06-11T23:26:09.036+0000] {subprocess.py:78} INFO - Tmp dir root location: /tmp
[2026-06-11T23:26:09.036+0000] {subprocess.py:88} INFO - Running command: ['/usr/bin/bash', '-c', 'docker exec retail_lakehouse_spark /opt/spark/bin/spark-submit --master local[*] /opt/spark-apps/jobs/silver/silver_order_items_train_enriched.py']
[2026-06-11T23:26:09.052+0000] {subprocess.py:99} INFO - Output:
[2026-06-11T23:26:12.730+0000] {subprocess.py:106} INFO - ==================================================
[2026-06-11T23:26:12.731+0000] {subprocess.py:106} INFO - Retail Lakehouse - Silver de order_items_train_enriched
[2026-06-11T23:26:12.731+0000] {subprocess.py:106} INFO - ==================================================
[2026-06-11T23:26:12.836+0000] {subprocess.py:106} INFO - 26/06/11 23:26:12 INFO SparkContext: Running Spark version 3.5.1
[2026-06-11T23:26:12.838+0000] {subprocess.py:106} INFO - 26/06/11 23:26:12 INFO SparkContext: OS info Linux, 7.0.11-76070011-generic, amd64
[2026-06-11T23:26:12.839+0000] {subprocess.py:106} INFO - 26/06/11 23:26:12 INFO SparkContext: Java version 11.0.22
[2026-06-11T23:26:12.933+0000] {subprocess.py:106} INFO - 26/06/11 23:26:12 WARN NativeCodeLoader: Unable to load native-hadoop library for your platform... using builtin-java classes where applicable
[2026-06-11T23:26:13.131+0000] {subprocess.py:106} INFO - 26/06/11 23:26:13 INFO ResourceUtils: ==============================================================
[2026-06-11T23:26:13.132+0000] {subprocess.py:106} INFO - 26/06/11 23:26:13 INFO ResourceUtils: No custom resources configured for spark.driver.
[2026-06-11T23:26:13.132+0000] {subprocess.py:106} INFO - 26/06/11 23:26:13 INFO ResourceUtils: ==============================================================
[2026-06-11T23:26:13.133+0000] {subprocess.py:106} INFO - 26/06/11 23:26:13 INFO SparkContext: Submitted application: retail-lakehouse-silver-order-items-train-enriched
[2026-06-11T23:26:13.192+0000] {subprocess.py:106} INFO - 26/06/11 23:26:13 INFO ResourceProfile: Default ResourceProfile created, executor resources: Map(cores -> name: cores, amount: 1, script: , vendor: , memory -> name: memory, amount: 1024, script: , vendor: , offHeap -> name: offHeap, amount: 0, script: , vendor: ), task resources: Map(cpus -> name: cpus, amount: 1.0)
[2026-06-11T23:26:13.217+0000] {subprocess.py:106} INFO - 26/06/11 23:26:13 INFO ResourceProfile: Limiting resource is cpu
[2026-06-11T23:26:13.219+0000] {subprocess.py:106} INFO - 26/06/11 23:26:13 INFO ResourceProfileManager: Added ResourceProfile id: 0
[2026-06-11T23:26:13.362+0000] {subprocess.py:106} INFO - 26/06/11 23:26:13 INFO SecurityManager: Changing view acls to: spark
[2026-06-11T23:26:13.363+0000] {subprocess.py:106} INFO - 26/06/11 23:26:13 INFO SecurityManager: Changing modify acls to: spark
[2026-06-11T23:26:13.364+0000] {subprocess.py:106} INFO - 26/06/11 23:26:13 INFO SecurityManager: Changing view acls groups to:
[2026-06-11T23:26:13.366+0000] {subprocess.py:106} INFO - 26/06/11 23:26:13 INFO SecurityManager: Changing modify acls groups to:
[2026-06-11T23:26:13.366+0000] {subprocess.py:106} INFO - 26/06/11 23:26:13 INFO SecurityManager: SecurityManager: authentication disabled; ui acls disabled; users with view permissions: spark; groups with view permissions: EMPTY; users with modify permissions: spark; groups with modify permissions: EMPTY
[2026-06-11T23:26:13.773+0000] {subprocess.py:106} INFO - 26/06/11 23:26:13 INFO Utils: Successfully started service 'sparkDriver' on port 34263.
[2026-06-11T23:26:13.821+0000] {subprocess.py:106} INFO - 26/06/11 23:26:13 INFO SparkEnv: Registering MapOutputTracker
[2026-06-11T23:26:13.920+0000] {subprocess.py:106} INFO - 26/06/11 23:26:13 INFO SparkEnv: Registering BlockManagerMaster
[2026-06-11T23:26:13.964+0000] {subprocess.py:106} INFO - 26/06/11 23:26:13 INFO BlockManagerMasterEndpoint: Using org.apache.spark.storage.DefaultTopologyMapper for getting topology information
[2026-06-11T23:26:13.966+0000] {subprocess.py:106} INFO - 26/06/11 23:26:13 INFO BlockManagerMasterEndpoint: BlockManagerMasterEndpoint up
[2026-06-11T23:26:13.971+0000] {subprocess.py:106} INFO - 26/06/11 23:26:13 INFO SparkEnv: Registering BlockManagerMasterHeartbeat
[2026-06-11T23:26:14.028+0000] {subprocess.py:106} INFO - 26/06/11 23:26:14 INFO DiskBlockManager: Created local directory at /tmp/blockmgr-1d8a1c07-7765-4034-ae70-fba5a285029e
[2026-06-11T23:26:14.100+0000] {subprocess.py:106} INFO - 26/06/11 23:26:14 INFO MemoryStore: MemoryStore started with capacity 434.4 MiB
[2026-06-11T23:26:14.139+0000] {subprocess.py:106} INFO - 26/06/11 23:26:14 INFO SparkEnv: Registering OutputCommitCoordinator
[2026-06-11T23:26:14.367+0000] {subprocess.py:106} INFO - 26/06/11 23:26:14 INFO JettyUtils: Start Jetty 0.0.0.0:4040 for SparkUI
[2026-06-11T23:26:14.498+0000] {subprocess.py:106} INFO - 26/06/11 23:26:14 INFO Utils: Successfully started service 'SparkUI' on port 4040.
[2026-06-11T23:26:14.697+0000] {subprocess.py:106} INFO - 26/06/11 23:26:14 INFO Executor: Starting executor ID driver on host 28710f807ffb
[2026-06-11T23:26:14.697+0000] {subprocess.py:106} INFO - 26/06/11 23:26:14 INFO Executor: OS info Linux, 7.0.11-76070011-generic, amd64
[2026-06-11T23:26:14.697+0000] {subprocess.py:106} INFO - 26/06/11 23:26:14 INFO Executor: Java version 11.0.22
[2026-06-11T23:26:14.707+0000] {subprocess.py:106} INFO - 26/06/11 23:26:14 INFO Executor: Starting executor with user classpath (userClassPathFirst = false): ''
[2026-06-11T23:26:14.708+0000] {subprocess.py:106} INFO - 26/06/11 23:26:14 INFO Executor: Created or updated repl class loader org.apache.spark.util.MutableURLClassLoader@19a7fab3 for default.
[2026-06-11T23:26:14.740+0000] {subprocess.py:106} INFO - 26/06/11 23:26:14 INFO Utils: Successfully started service 'org.apache.spark.network.netty.NettyBlockTransferService' on port 33189.
[2026-06-11T23:26:14.741+0000] {subprocess.py:106} INFO - 26/06/11 23:26:14 INFO NettyBlockTransferService: Server created on 28710f807ffb:33189
[2026-06-11T23:26:14.744+0000] {subprocess.py:106} INFO - 26/06/11 23:26:14 INFO BlockManager: Using org.apache.spark.storage.RandomBlockReplicationPolicy for block replication policy
[2026-06-11T23:26:14.758+0000] {subprocess.py:106} INFO - 26/06/11 23:26:14 INFO BlockManagerMaster: Registering BlockManager BlockManagerId(driver, 28710f807ffb, 33189, None)
[2026-06-11T23:26:14.764+0000] {subprocess.py:106} INFO - 26/06/11 23:26:14 INFO BlockManagerMasterEndpoint: Registering block manager 28710f807ffb:33189 with 434.4 MiB RAM, BlockManagerId(driver, 28710f807ffb, 33189, None)
[2026-06-11T23:26:14.769+0000] {subprocess.py:106} INFO - 26/06/11 23:26:14 INFO BlockManagerMaster: Registered BlockManager BlockManagerId(driver, 28710f807ffb, 33189, None)
[2026-06-11T23:26:14.770+0000] {subprocess.py:106} INFO - 26/06/11 23:26:14 INFO BlockManager: Initialized BlockManager: BlockManagerId(driver, 28710f807ffb, 33189, None)
[2026-06-11T23:26:15.456+0000] {subprocess.py:106} INFO - ==================================================
[2026-06-11T23:26:15.457+0000] {subprocess.py:106} INFO - Leitura do dataset: order_products_train
[2026-06-11T23:26:15.457+0000] {subprocess.py:106} INFO - ==================================================
[2026-06-11T23:26:15.457+0000] {subprocess.py:106} INFO - Diretório de entrada: /data/bronze/instacart/order_products_train/ingestion_date=2026-04-15
[2026-06-11T23:26:21.194+0000] {subprocess.py:106} INFO - Schema do dataset order_products_train:
[2026-06-11T23:26:21.218+0000] {subprocess.py:106} INFO - root
[2026-06-11T23:26:21.219+0000] {subprocess.py:106} INFO -  |-- order_id: integer (nullable = true)
[2026-06-11T23:26:21.219+0000] {subprocess.py:106} INFO -  |-- product_id: integer (nullable = true)
[2026-06-11T23:26:21.219+0000] {subprocess.py:106} INFO -  |-- add_to_cart_order: integer (nullable = true)
[2026-06-11T23:26:21.219+0000] {subprocess.py:106} INFO -  |-- reordered: integer (nullable = true)
[2026-06-11T23:26:21.219+0000] {subprocess.py:106} INFO -  |-- source_file_name: string (nullable = true)
[2026-06-11T23:26:21.219+0000] {subprocess.py:106} INFO -  |-- raw_ingestion_date: string (nullable = true)
[2026-06-11T23:26:21.220+0000] {subprocess.py:106} INFO -  |-- bronze_processed_at: timestamp (nullable = true)
[2026-06-11T23:26:21.220+0000] {subprocess.py:106} INFO - 
[2026-06-11T23:26:21.220+0000] {subprocess.py:106} INFO - ==================================================
[2026-06-11T23:26:21.220+0000] {subprocess.py:106} INFO - Leitura do dataset: orders_clean
[2026-06-11T23:26:21.220+0000] {subprocess.py:106} INFO - ==================================================
[2026-06-11T23:26:21.221+0000] {subprocess.py:106} INFO - Diretório de entrada: /data/silver/instacart/orders_clean/ingestion_date=2026-04-15
[2026-06-11T23:26:21.468+0000] {subprocess.py:106} INFO - Schema do dataset orders_clean:
[2026-06-11T23:26:21.469+0000] {subprocess.py:106} INFO - root
[2026-06-11T23:26:21.469+0000] {subprocess.py:106} INFO -  |-- order_id: integer (nullable = true)
[2026-06-11T23:26:21.470+0000] {subprocess.py:106} INFO -  |-- user_id: integer (nullable = true)
[2026-06-11T23:26:21.470+0000] {subprocess.py:106} INFO -  |-- eval_set: string (nullable = true)
[2026-06-11T23:26:21.470+0000] {subprocess.py:106} INFO -  |-- order_number: integer (nullable = true)
[2026-06-11T23:26:21.470+0000] {subprocess.py:106} INFO -  |-- order_dow: integer (nullable = true)
[2026-06-11T23:26:21.470+0000] {subprocess.py:106} INFO -  |-- order_hour_of_day: integer (nullable = true)
[2026-06-11T23:26:21.470+0000] {subprocess.py:106} INFO -  |-- days_since_prior_order: double (nullable = true)
[2026-06-11T23:26:21.471+0000] {subprocess.py:106} INFO -  |-- bronze_raw_ingestion_date: string (nullable = true)
[2026-06-11T23:26:21.471+0000] {subprocess.py:106} INFO -  |-- is_first_order: boolean (nullable = true)
[2026-06-11T23:26:21.471+0000] {subprocess.py:106} INFO -  |-- silver_processed_at: timestamp (nullable = true)
[2026-06-11T23:26:21.471+0000] {subprocess.py:106} INFO - 
[2026-06-11T23:26:21.471+0000] {subprocess.py:106} INFO - ==================================================
[2026-06-11T23:26:21.471+0000] {subprocess.py:106} INFO - Leitura do dataset: products_enriched
[2026-06-11T23:26:21.472+0000] {subprocess.py:106} INFO - ==================================================
[2026-06-11T23:26:21.472+0000] {subprocess.py:106} INFO - Diretório de entrada: /data/silver/instacart/products_enriched/ingestion_date=2026-04-15
[2026-06-11T23:26:21.689+0000] {subprocess.py:106} INFO - Schema do dataset products_enriched:
[2026-06-11T23:26:21.690+0000] {subprocess.py:106} INFO - root
[2026-06-11T23:26:21.690+0000] {subprocess.py:106} INFO -  |-- product_id: integer (nullable = true)
[2026-06-11T23:26:21.690+0000] {subprocess.py:106} INFO -  |-- product_name: string (nullable = true)
[2026-06-11T23:26:21.690+0000] {subprocess.py:106} INFO -  |-- aisle_id: integer (nullable = true)
[2026-06-11T23:26:21.690+0000] {subprocess.py:106} INFO -  |-- aisle: string (nullable = true)
[2026-06-11T23:26:21.691+0000] {subprocess.py:106} INFO -  |-- department_id: integer (nullable = true)
[2026-06-11T23:26:21.691+0000] {subprocess.py:106} INFO -  |-- department: string (nullable = true)
[2026-06-11T23:26:21.691+0000] {subprocess.py:106} INFO -  |-- bronze_raw_ingestion_date: string (nullable = true)
[2026-06-11T23:26:21.691+0000] {subprocess.py:106} INFO -  |-- silver_processed_at: timestamp (nullable = true)
[2026-06-11T23:26:21.691+0000] {subprocess.py:106} INFO - 
[2026-06-11T23:26:21.691+0000] {subprocess.py:106} INFO - ==================================================
[2026-06-11T23:26:21.692+0000] {subprocess.py:106} INFO - Transformação Silver de order_items_train_enriched
[2026-06-11T23:26:21.692+0000] {subprocess.py:106} INFO - ==================================================
[2026-06-11T23:26:22.128+0000] {subprocess.py:106} INFO - Schema após enriquecimento Silver:
[2026-06-11T23:26:22.128+0000] {subprocess.py:106} INFO - root
[2026-06-11T23:26:22.129+0000] {subprocess.py:106} INFO -  |-- order_id: integer (nullable = true)
[2026-06-11T23:26:22.129+0000] {subprocess.py:106} INFO -  |-- product_id: integer (nullable = true)
[2026-06-11T23:26:22.129+0000] {subprocess.py:106} INFO -  |-- add_to_cart_order: integer (nullable = true)
[2026-06-11T23:26:22.129+0000] {subprocess.py:106} INFO -  |-- reordered: integer (nullable = true)
[2026-06-11T23:26:22.129+0000] {subprocess.py:106} INFO -  |-- user_id: integer (nullable = true)
[2026-06-11T23:26:22.129+0000] {subprocess.py:106} INFO -  |-- eval_set: string (nullable = true)
[2026-06-11T23:26:22.130+0000] {subprocess.py:106} INFO -  |-- order_number: integer (nullable = true)
[2026-06-11T23:26:22.130+0000] {subprocess.py:106} INFO -  |-- order_dow: integer (nullable = true)
[2026-06-11T23:26:22.130+0000] {subprocess.py:106} INFO -  |-- order_hour_of_day: integer (nullable = true)
[2026-06-11T23:26:22.130+0000] {subprocess.py:106} INFO -  |-- days_since_prior_order: double (nullable = true)
[2026-06-11T23:26:22.130+0000] {subprocess.py:106} INFO -  |-- is_first_order: boolean (nullable = true)
[2026-06-11T23:26:22.130+0000] {subprocess.py:106} INFO -  |-- product_name: string (nullable = true)
[2026-06-11T23:26:22.131+0000] {subprocess.py:106} INFO -  |-- aisle_id: integer (nullable = true)
[2026-06-11T23:26:22.131+0000] {subprocess.py:106} INFO -  |-- aisle: string (nullable = true)
[2026-06-11T23:26:22.131+0000] {subprocess.py:106} INFO -  |-- department_id: integer (nullable = true)
[2026-06-11T23:26:22.131+0000] {subprocess.py:106} INFO -  |-- department: string (nullable = true)
[2026-06-11T23:26:22.131+0000] {subprocess.py:106} INFO -  |-- bronze_raw_ingestion_date: string (nullable = true)
[2026-06-11T23:26:22.131+0000] {subprocess.py:106} INFO -  |-- silver_processed_at: timestamp (nullable = false)
[2026-06-11T23:26:22.132+0000] {subprocess.py:106} INFO - 
[2026-06-11T23:26:22.132+0000] {subprocess.py:106} INFO - ==================================================
[2026-06-11T23:26:22.132+0000] {subprocess.py:106} INFO - Escrita da Silver de order_items_train_enriched
[2026-06-11T23:26:22.132+0000] {subprocess.py:106} INFO - ==================================================
[2026-06-11T23:26:22.132+0000] {subprocess.py:106} INFO - Diretório de saída: /data/silver/instacart/order_items_train_enriched/ingestion_date=2026-04-15
[2026-06-11T23:26:32.825+0000] {subprocess.py:106} INFO - [OK] Silver de order_items_train_enriched escrita com sucesso em Parquet.
[2026-06-11T23:26:32.825+0000] {subprocess.py:106} INFO - ==================================================
[2026-06-11T23:26:32.825+0000] {subprocess.py:106} INFO - Resumo da Silver de order_items_train_enriched
[2026-06-11T23:26:32.825+0000] {subprocess.py:106} INFO - ==================================================
[2026-06-11T23:26:34.706+0000] {subprocess.py:106} INFO - Total de registros: 1384617
[2026-06-11T23:26:34.706+0000] {subprocess.py:106} INFO - Diretório final: /data/silver/instacart/order_items_train_enriched/ingestion_date=2026-04-15
[2026-06-11T23:26:34.706+0000] {subprocess.py:106} INFO - Prévia dos dados:
[2026-06-11T23:26:38.080+0000] {subprocess.py:106} INFO - +--------+----------+-----------------+---------+-------+--------+------------+---------+-----------------+----------------------+--------------+-----------------------------------+--------+--------------------------+-------------+---------------+-------------------------+--------------------------+
[2026-06-11T23:26:38.080+0000] {subprocess.py:106} INFO - |order_id|product_id|add_to_cart_order|reordered|user_id|eval_set|order_number|order_dow|order_hour_of_day|days_since_prior_order|is_first_order|product_name                       |aisle_id|aisle                     |department_id|department     |bronze_raw_ingestion_date|silver_processed_at       |
[2026-06-11T23:26:38.081+0000] {subprocess.py:106} INFO - +--------+----------+-----------------+---------+-------+--------+------------+---------+-----------------+----------------------+--------------+-----------------------------------+--------+--------------------------+-------------+---------------+-------------------------+--------------------------+
[2026-06-11T23:26:38.081+0000] {subprocess.py:106} INFO - |170     |39190     |17               |0        |182389 |train   |7           |0        |13               |14.0                  |false         |Vanilla Unsweetened Almond Milk    |91      |soy lactosefree           |16           |dairy eggs     |2026-04-15               |2026-06-11 23:26:34.753976|
[2026-06-11T23:26:38.081+0000] {subprocess.py:106} INFO - |170     |11182     |16               |0        |182389 |train   |7           |0        |13               |14.0                  |false         |Baby Spinach                       |123     |packaged vegetables fruits|4            |produce        |2026-04-15               |2026-06-11 23:26:34.753976|
[2026-06-11T23:26:38.081+0000] {subprocess.py:106} INFO - |170     |17794     |15               |0        |182389 |train   |7           |0        |13               |14.0                  |false         |Carrots                            |83      |fresh vegetables          |4            |produce        |2026-04-15               |2026-06-11 23:26:34.753976|
[2026-06-11T23:26:38.082+0000] {subprocess.py:106} INFO - |170     |40354     |14               |1        |182389 |train   |7           |0        |13               |14.0                  |false         |California Clementines             |24      |fresh fruits              |4            |produce        |2026-04-15               |2026-06-11 23:26:34.753976|
[2026-06-11T23:26:38.082+0000] {subprocess.py:106} INFO - |170     |21137     |13               |0        |182389 |train   |7           |0        |13               |14.0                  |false         |Organic Strawberries               |24      |fresh fruits              |4            |produce        |2026-04-15               |2026-06-11 23:26:34.753976|
[2026-06-11T23:26:38.082+0000] {subprocess.py:106} INFO - |170     |43841     |12               |0        |182389 |train   |7           |0        |13               |14.0                  |false         |Potato Spinach & Garlic            |78      |crackers                  |19           |snacks         |2026-04-15               |2026-06-11 23:26:34.753976|
[2026-06-11T23:26:38.083+0000] {subprocess.py:106} INFO - |170     |15093     |11               |0        |182389 |train   |7           |0        |13               |14.0                  |false         |Xpolsive Pizza Baked Snack Crackers|78      |crackers                  |19           |snacks         |2026-04-15               |2026-06-11 23:26:34.753976|
[2026-06-11T23:26:38.083+0000] {subprocess.py:106} INFO - |170     |49593     |10               |0        |182389 |train   |7           |0        |13               |14.0                  |false         |Classic Movie Theater Popcorn      |23      |popcorn jerky             |19           |snacks         |2026-04-15               |2026-06-11 23:26:34.753976|
[2026-06-11T23:26:38.083+0000] {subprocess.py:106} INFO - |170     |34582     |9                |0        |182389 |train   |7           |0        |13               |14.0                  |false         |Natural Creamy Peanut Butter Spread|88      |spreads                   |13           |pantry         |2026-04-15               |2026-06-11 23:26:34.753976|
[2026-06-11T23:26:38.083+0000] {subprocess.py:106} INFO - |170     |25591     |8                |0        |182389 |train   |7           |0        |13               |14.0                  |false         |Brown Rice                         |63      |grains rice dried goods   |9            |dry goods pasta|2026-04-15               |2026-06-11 23:26:34.753976|
[2026-06-11T23:26:38.083+0000] {subprocess.py:106} INFO - |170     |43772     |7                |0        |182389 |train   |7           |0        |13               |14.0                  |false         |Cherubs Heavenly Salad Tomatoes    |83      |fresh vegetables          |4            |produce        |2026-04-15               |2026-06-11 23:26:34.753976|
[2026-06-11T23:26:38.083+0000] {subprocess.py:106} INFO - |170     |8153      |6                |0        |182389 |train   |7           |0        |13               |14.0                  |false         |Plain Non-Fat Greek Yogurt         |120     |yogurt                    |16           |dairy eggs     |2026-04-15               |2026-06-11 23:26:34.753976|
[2026-06-11T23:26:38.084+0000] {subprocess.py:106} INFO - |170     |5077      |5                |1        |182389 |train   |7           |0        |13               |14.0                  |false         |100% Whole Wheat Bread             |112     |bread                     |3            |bakery         |2026-04-15               |2026-06-11 23:26:34.753976|
[2026-06-11T23:26:38.084+0000] {subprocess.py:106} INFO - |170     |6236      |4                |1        |182389 |train   |7           |0        |13               |14.0                  |false         |BBQ Ranch Chopped Salad            |123     |packaged vegetables fruits|4            |produce        |2026-04-15               |2026-06-11 23:26:34.753976|
[2026-06-11T23:26:38.084+0000] {subprocess.py:106} INFO - |170     |13176     |3                |1        |182389 |train   |7           |0        |13               |14.0                  |false         |Bag of Organic Bananas             |24      |fresh fruits              |4            |produce        |2026-04-15               |2026-06-11 23:26:34.753976|
[2026-06-11T23:26:38.084+0000] {subprocess.py:106} INFO - |170     |37766     |2                |1        |182389 |train   |7           |0        |13               |14.0                  |false         |XL Emerald White Seedless Grapes   |123     |packaged vegetables fruits|4            |produce        |2026-04-15               |2026-06-11 23:26:34.753976|
[2026-06-11T23:26:38.084+0000] {subprocess.py:106} INFO - |170     |18394     |1                |1        |182389 |train   |7           |0        |13               |14.0                  |false         |Asian Chopped Salad with Dressing  |123     |packaged vegetables fruits|4            |produce        |2026-04-15               |2026-06-11 23:26:34.753976|
[2026-06-11T23:26:38.084+0000] {subprocess.py:106} INFO - |349     |25715     |11               |0        |156353 |train   |9           |3        |16               |30.0                  |false         |Organic Green Grapes               |24      |fresh fruits              |4            |produce        |2026-04-15               |2026-06-11 23:26:34.753976|
[2026-06-11T23:26:38.084+0000] {subprocess.py:106} INFO - |349     |11520     |10               |1        |156353 |train   |9           |3        |16               |30.0                  |false         |Large Alfresco Eggs                |86      |eggs                      |16           |dairy eggs     |2026-04-15               |2026-06-11 23:26:34.753976|
[2026-06-11T23:26:38.085+0000] {subprocess.py:106} INFO - |349     |5115      |9                |1        |156353 |train   |9           |3        |16               |30.0                  |false         |Organic Medium Brown Eggs          |86      |eggs                      |16           |dairy eggs     |2026-04-15               |2026-06-11 23:26:34.753976|
[2026-06-11T23:26:38.085+0000] {subprocess.py:106} INFO - +--------+----------+-----------------+---------+-------+--------+------------+---------+-----------------+----------------------+--------------+-----------------------------------+--------+--------------------------+-------------+---------------+-------------------------+--------------------------+
[2026-06-11T23:26:38.085+0000] {subprocess.py:106} INFO - only showing top 20 rows
[2026-06-11T23:26:38.085+0000] {subprocess.py:106} INFO - 
[2026-06-11T23:26:38.085+0000] {subprocess.py:106} INFO - [OK] Job Silver de order_items_train_enriched concluído com sucesso.
[2026-06-11T23:26:38.548+0000] {subprocess.py:110} INFO - Command exited with return code 0
[2026-06-11T23:26:38.671+0000] {taskinstance.py:341} INFO - ::group::Post task execution logs
[2026-06-11T23:26:38.672+0000] {taskinstance.py:353} INFO - Marking task as SUCCESS. dag_id=dag_silver_order_items_train_enriched, task_id=run_silver_order_items_train_enriched, run_id=manual__2026-06-11T23:26:05.471719+00:00, execution_date=20260611T232605, start_date=20260611T232608, end_date=20260611T232638
[2026-06-11T23:26:38.745+0000] {local_task_job_runner.py:266} INFO - Task exited with return code 0
[2026-06-11T23:26:38.779+0000] {taskinstance.py:3901} INFO - 0 downstream tasks scheduled from follow-on schedule check
[2026-06-11T23:26:38.850+0000] {standard_task_runner.py:217} INFO - Process not found (most likely exited), stop collecting metrics
[2026-06-11T23:26:38.865+0000] {local_task_job_runner.py:245} INFO - ::endgroup::
