[2026-05-11T23:41:42.920+0000] {processor.py:186} INFO - Started process (PID=274) to work on /opt/airflow/dags/dag_prepare_instacart_source.py
[2026-05-11T23:41:42.921+0000] {processor.py:914} INFO - Processing file /opt/airflow/dags/dag_prepare_instacart_source.py for tasks to queue
[2026-05-11T23:41:42.923+0000] {logging_mixin.py:190} INFO - [2026-05-11T23:41:42.923+0000] {dagbag.py:588} INFO - Filling up the DagBag from /opt/airflow/dags/dag_prepare_instacart_source.py
[2026-05-11T23:41:42.934+0000] {processor.py:925} INFO - DAG(s) 'dag_prepare_instacart_source' retrieved from /opt/airflow/dags/dag_prepare_instacart_source.py
[2026-05-11T23:41:42.990+0000] {logging_mixin.py:190} INFO - [2026-05-11T23:41:42.986+0000] {dag.py:3239} INFO - Sync 1 DAGs
[2026-05-11T23:41:43.021+0000] {logging_mixin.py:190} INFO - [2026-05-11T23:41:43.021+0000] {dag.py:4180} INFO - Setting next_dagrun for dag_prepare_instacart_source to None, run_after=None
[2026-05-11T23:41:43.047+0000] {processor.py:208} INFO - Processing /opt/airflow/dags/dag_prepare_instacart_source.py took 0.133 seconds
[2026-05-11T23:42:13.122+0000] {processor.py:186} INFO - Started process (PID=324) to work on /opt/airflow/dags/dag_prepare_instacart_source.py
[2026-05-11T23:42:13.123+0000] {processor.py:914} INFO - Processing file /opt/airflow/dags/dag_prepare_instacart_source.py for tasks to queue
[2026-05-11T23:42:13.125+0000] {logging_mixin.py:190} INFO - [2026-05-11T23:42:13.124+0000] {dagbag.py:588} INFO - Filling up the DagBag from /opt/airflow/dags/dag_prepare_instacart_source.py
[2026-05-11T23:42:13.132+0000] {processor.py:925} INFO - DAG(s) 'dag_prepare_instacart_source' retrieved from /opt/airflow/dags/dag_prepare_instacart_source.py
[2026-05-11T23:42:13.162+0000] {logging_mixin.py:190} INFO - [2026-05-11T23:42:13.162+0000] {dag.py:3239} INFO - Sync 1 DAGs
[2026-05-11T23:42:13.180+0000] {logging_mixin.py:190} INFO - [2026-05-11T23:42:13.179+0000] {dag.py:4180} INFO - Setting next_dagrun for dag_prepare_instacart_source to None, run_after=None
[2026-05-11T23:42:13.239+0000] {processor.py:208} INFO - Processing /opt/airflow/dags/dag_prepare_instacart_source.py took 0.123 seconds
[2026-05-11T23:42:44.240+0000] {processor.py:186} INFO - Started process (PID=374) to work on /opt/airflow/dags/dag_prepare_instacart_source.py
[2026-05-11T23:42:44.241+0000] {processor.py:914} INFO - Processing file /opt/airflow/dags/dag_prepare_instacart_source.py for tasks to queue
[2026-05-11T23:42:44.243+0000] {logging_mixin.py:190} INFO - [2026-05-11T23:42:44.242+0000] {dagbag.py:588} INFO - Filling up the DagBag from /opt/airflow/dags/dag_prepare_instacart_source.py
[2026-05-11T23:42:44.250+0000] {processor.py:925} INFO - DAG(s) 'dag_prepare_instacart_source' retrieved from /opt/airflow/dags/dag_prepare_instacart_source.py
[2026-05-11T23:42:44.280+0000] {logging_mixin.py:190} INFO - [2026-05-11T23:42:44.280+0000] {dag.py:3239} INFO - Sync 1 DAGs
[2026-05-11T23:42:44.294+0000] {logging_mixin.py:190} INFO - [2026-05-11T23:42:44.294+0000] {dag.py:4180} INFO - Setting next_dagrun for dag_prepare_instacart_source to None, run_after=None
[2026-05-11T23:42:44.313+0000] {processor.py:208} INFO - Processing /opt/airflow/dags/dag_prepare_instacart_source.py took 0.078 seconds
[2026-05-11T23:43:15.143+0000] {processor.py:186} INFO - Started process (PID=424) to work on /opt/airflow/dags/dag_prepare_instacart_source.py
[2026-05-11T23:43:15.144+0000] {processor.py:914} INFO - Processing file /opt/airflow/dags/dag_prepare_instacart_source.py for tasks to queue
[2026-05-11T23:43:15.146+0000] {logging_mixin.py:190} INFO - [2026-05-11T23:43:15.145+0000] {dagbag.py:588} INFO - Filling up the DagBag from /opt/airflow/dags/dag_prepare_instacart_source.py
[2026-05-11T23:43:15.154+0000] {processor.py:925} INFO - DAG(s) 'dag_prepare_instacart_source' retrieved from /opt/airflow/dags/dag_prepare_instacart_source.py
[2026-05-11T23:43:15.186+0000] {logging_mixin.py:190} INFO - [2026-05-11T23:43:15.186+0000] {dag.py:3239} INFO - Sync 1 DAGs
[2026-05-11T23:43:15.201+0000] {logging_mixin.py:190} INFO - [2026-05-11T23:43:15.201+0000] {dag.py:4180} INFO - Setting next_dagrun for dag_prepare_instacart_source to None, run_after=None
[2026-05-11T23:43:15.221+0000] {processor.py:208} INFO - Processing /opt/airflow/dags/dag_prepare_instacart_source.py took 0.084 seconds
[2026-05-11T23:43:46.102+0000] {processor.py:186} INFO - Started process (PID=476) to work on /opt/airflow/dags/dag_prepare_instacart_source.py
[2026-05-11T23:43:46.102+0000] {processor.py:914} INFO - Processing file /opt/airflow/dags/dag_prepare_instacart_source.py for tasks to queue
[2026-05-11T23:43:46.104+0000] {logging_mixin.py:190} INFO - [2026-05-11T23:43:46.104+0000] {dagbag.py:588} INFO - Filling up the DagBag from /opt/airflow/dags/dag_prepare_instacart_source.py
[2026-05-11T23:43:46.112+0000] {processor.py:925} INFO - DAG(s) 'dag_prepare_instacart_source' retrieved from /opt/airflow/dags/dag_prepare_instacart_source.py
[2026-05-11T23:43:46.142+0000] {logging_mixin.py:190} INFO - [2026-05-11T23:43:46.142+0000] {dag.py:3239} INFO - Sync 1 DAGs
[2026-05-11T23:43:46.157+0000] {logging_mixin.py:190} INFO - [2026-05-11T23:43:46.156+0000] {dag.py:4180} INFO - Setting next_dagrun for dag_prepare_instacart_source to None, run_after=None
[2026-05-11T23:43:46.175+0000] {processor.py:208} INFO - Processing /opt/airflow/dags/dag_prepare_instacart_source.py took 0.078 seconds
[2026-05-11T23:44:17.026+0000] {processor.py:186} INFO - Started process (PID=524) to work on /opt/airflow/dags/dag_prepare_instacart_source.py
[2026-05-11T23:44:17.027+0000] {processor.py:914} INFO - Processing file /opt/airflow/dags/dag_prepare_instacart_source.py for tasks to queue
[2026-05-11T23:44:17.029+0000] {logging_mixin.py:190} INFO - [2026-05-11T23:44:17.029+0000] {dagbag.py:588} INFO - Filling up the DagBag from /opt/airflow/dags/dag_prepare_instacart_source.py
[2026-05-11T23:44:17.036+0000] {processor.py:925} INFO - DAG(s) 'dag_prepare_instacart_source' retrieved from /opt/airflow/dags/dag_prepare_instacart_source.py
[2026-05-11T23:44:17.065+0000] {logging_mixin.py:190} INFO - [2026-05-11T23:44:17.064+0000] {dag.py:3239} INFO - Sync 1 DAGs
[2026-05-11T23:44:17.079+0000] {logging_mixin.py:190} INFO - [2026-05-11T23:44:17.079+0000] {dag.py:4180} INFO - Setting next_dagrun for dag_prepare_instacart_source to None, run_after=None
[2026-05-11T23:44:17.098+0000] {processor.py:208} INFO - Processing /opt/airflow/dags/dag_prepare_instacart_source.py took 0.077 seconds
[2026-05-11T23:44:48.098+0000] {processor.py:186} INFO - Started process (PID=576) to work on /opt/airflow/dags/dag_prepare_instacart_source.py
[2026-05-11T23:44:48.099+0000] {processor.py:914} INFO - Processing file /opt/airflow/dags/dag_prepare_instacart_source.py for tasks to queue
[2026-05-11T23:44:48.100+0000] {logging_mixin.py:190} INFO - [2026-05-11T23:44:48.100+0000] {dagbag.py:588} INFO - Filling up the DagBag from /opt/airflow/dags/dag_prepare_instacart_source.py
[2026-05-11T23:44:48.107+0000] {processor.py:925} INFO - DAG(s) 'dag_prepare_instacart_source' retrieved from /opt/airflow/dags/dag_prepare_instacart_source.py
[2026-05-11T23:44:48.140+0000] {logging_mixin.py:190} INFO - [2026-05-11T23:44:48.140+0000] {dag.py:3239} INFO - Sync 1 DAGs
[2026-05-11T23:44:48.156+0000] {logging_mixin.py:190} INFO - [2026-05-11T23:44:48.155+0000] {dag.py:4180} INFO - Setting next_dagrun for dag_prepare_instacart_source to None, run_after=None
[2026-05-11T23:44:48.183+0000] {processor.py:208} INFO - Processing /opt/airflow/dags/dag_prepare_instacart_source.py took 0.091 seconds
[2026-05-11T23:45:19.065+0000] {processor.py:186} INFO - Started process (PID=624) to work on /opt/airflow/dags/dag_prepare_instacart_source.py
[2026-05-11T23:45:19.066+0000] {processor.py:914} INFO - Processing file /opt/airflow/dags/dag_prepare_instacart_source.py for tasks to queue
[2026-05-11T23:45:19.068+0000] {logging_mixin.py:190} INFO - [2026-05-11T23:45:19.068+0000] {dagbag.py:588} INFO - Filling up the DagBag from /opt/airflow/dags/dag_prepare_instacart_source.py
[2026-05-11T23:45:19.075+0000] {processor.py:925} INFO - DAG(s) 'dag_prepare_instacart_source' retrieved from /opt/airflow/dags/dag_prepare_instacart_source.py
[2026-05-11T23:45:19.105+0000] {logging_mixin.py:190} INFO - [2026-05-11T23:45:19.105+0000] {dag.py:3239} INFO - Sync 1 DAGs
[2026-05-11T23:45:19.120+0000] {logging_mixin.py:190} INFO - [2026-05-11T23:45:19.120+0000] {dag.py:4180} INFO - Setting next_dagrun for dag_prepare_instacart_source to None, run_after=None
[2026-05-11T23:45:19.157+0000] {processor.py:208} INFO - Processing /opt/airflow/dags/dag_prepare_instacart_source.py took 0.098 seconds
[2026-05-11T23:45:50.031+0000] {processor.py:186} INFO - Started process (PID=674) to work on /opt/airflow/dags/dag_prepare_instacart_source.py
[2026-05-11T23:45:50.032+0000] {processor.py:914} INFO - Processing file /opt/airflow/dags/dag_prepare_instacart_source.py for tasks to queue
[2026-05-11T23:45:50.033+0000] {logging_mixin.py:190} INFO - [2026-05-11T23:45:50.033+0000] {dagbag.py:588} INFO - Filling up the DagBag from /opt/airflow/dags/dag_prepare_instacart_source.py
[2026-05-11T23:45:50.040+0000] {processor.py:925} INFO - DAG(s) 'dag_prepare_instacart_source' retrieved from /opt/airflow/dags/dag_prepare_instacart_source.py
[2026-05-11T23:45:50.069+0000] {logging_mixin.py:190} INFO - [2026-05-11T23:45:50.069+0000] {dag.py:3239} INFO - Sync 1 DAGs
[2026-05-11T23:45:50.083+0000] {logging_mixin.py:190} INFO - [2026-05-11T23:45:50.083+0000] {dag.py:4180} INFO - Setting next_dagrun for dag_prepare_instacart_source to None, run_after=None
[2026-05-11T23:45:50.103+0000] {processor.py:208} INFO - Processing /opt/airflow/dags/dag_prepare_instacart_source.py took 0.078 seconds
[2026-05-11T23:46:21.120+0000] {processor.py:186} INFO - Started process (PID=724) to work on /opt/airflow/dags/dag_prepare_instacart_source.py
[2026-05-11T23:46:21.121+0000] {processor.py:914} INFO - Processing file /opt/airflow/dags/dag_prepare_instacart_source.py for tasks to queue
[2026-05-11T23:46:21.124+0000] {logging_mixin.py:190} INFO - [2026-05-11T23:46:21.123+0000] {dagbag.py:588} INFO - Filling up the DagBag from /opt/airflow/dags/dag_prepare_instacart_source.py
[2026-05-11T23:46:21.132+0000] {processor.py:925} INFO - DAG(s) 'dag_prepare_instacart_source' retrieved from /opt/airflow/dags/dag_prepare_instacart_source.py
[2026-05-11T23:46:21.168+0000] {logging_mixin.py:190} INFO - [2026-05-11T23:46:21.168+0000] {dag.py:3239} INFO - Sync 1 DAGs
[2026-05-11T23:46:21.184+0000] {logging_mixin.py:190} INFO - [2026-05-11T23:46:21.184+0000] {dag.py:4180} INFO - Setting next_dagrun for dag_prepare_instacart_source to None, run_after=None
[2026-05-11T23:46:21.219+0000] {processor.py:208} INFO - Processing /opt/airflow/dags/dag_prepare_instacart_source.py took 0.105 seconds
[2026-05-11T23:46:52.173+0000] {processor.py:186} INFO - Started process (PID=774) to work on /opt/airflow/dags/dag_prepare_instacart_source.py
[2026-05-11T23:46:52.174+0000] {processor.py:914} INFO - Processing file /opt/airflow/dags/dag_prepare_instacart_source.py for tasks to queue
[2026-05-11T23:46:52.176+0000] {logging_mixin.py:190} INFO - [2026-05-11T23:46:52.176+0000] {dagbag.py:588} INFO - Filling up the DagBag from /opt/airflow/dags/dag_prepare_instacart_source.py
[2026-05-11T23:46:52.183+0000] {processor.py:925} INFO - DAG(s) 'dag_prepare_instacart_source' retrieved from /opt/airflow/dags/dag_prepare_instacart_source.py
[2026-05-11T23:46:52.212+0000] {logging_mixin.py:190} INFO - [2026-05-11T23:46:52.212+0000] {dag.py:3239} INFO - Sync 1 DAGs
[2026-05-11T23:46:52.226+0000] {logging_mixin.py:190} INFO - [2026-05-11T23:46:52.226+0000] {dag.py:4180} INFO - Setting next_dagrun for dag_prepare_instacart_source to None, run_after=None
[2026-05-11T23:46:52.247+0000] {processor.py:208} INFO - Processing /opt/airflow/dags/dag_prepare_instacart_source.py took 0.080 seconds
[2026-05-11T23:47:23.153+0000] {processor.py:186} INFO - Started process (PID=824) to work on /opt/airflow/dags/dag_prepare_instacart_source.py
[2026-05-11T23:47:23.154+0000] {processor.py:914} INFO - Processing file /opt/airflow/dags/dag_prepare_instacart_source.py for tasks to queue
[2026-05-11T23:47:23.156+0000] {logging_mixin.py:190} INFO - [2026-05-11T23:47:23.156+0000] {dagbag.py:588} INFO - Filling up the DagBag from /opt/airflow/dags/dag_prepare_instacart_source.py
[2026-05-11T23:47:23.163+0000] {processor.py:925} INFO - DAG(s) 'dag_prepare_instacart_source' retrieved from /opt/airflow/dags/dag_prepare_instacart_source.py
[2026-05-11T23:47:23.191+0000] {logging_mixin.py:190} INFO - [2026-05-11T23:47:23.191+0000] {dag.py:3239} INFO - Sync 1 DAGs
[2026-05-11T23:47:23.206+0000] {logging_mixin.py:190} INFO - [2026-05-11T23:47:23.206+0000] {dag.py:4180} INFO - Setting next_dagrun for dag_prepare_instacart_source to None, run_after=None
[2026-05-11T23:47:23.225+0000] {processor.py:208} INFO - Processing /opt/airflow/dags/dag_prepare_instacart_source.py took 0.077 seconds
[2026-05-11T23:47:54.129+0000] {processor.py:186} INFO - Started process (PID=876) to work on /opt/airflow/dags/dag_prepare_instacart_source.py
[2026-05-11T23:47:54.130+0000] {processor.py:914} INFO - Processing file /opt/airflow/dags/dag_prepare_instacart_source.py for tasks to queue
[2026-05-11T23:47:54.131+0000] {logging_mixin.py:190} INFO - [2026-05-11T23:47:54.131+0000] {dagbag.py:588} INFO - Filling up the DagBag from /opt/airflow/dags/dag_prepare_instacart_source.py
[2026-05-11T23:47:54.138+0000] {processor.py:925} INFO - DAG(s) 'dag_prepare_instacart_source' retrieved from /opt/airflow/dags/dag_prepare_instacart_source.py
[2026-05-11T23:47:54.169+0000] {logging_mixin.py:190} INFO - [2026-05-11T23:47:54.168+0000] {dag.py:3239} INFO - Sync 1 DAGs
[2026-05-11T23:47:54.184+0000] {logging_mixin.py:190} INFO - [2026-05-11T23:47:54.184+0000] {dag.py:4180} INFO - Setting next_dagrun for dag_prepare_instacart_source to None, run_after=None
[2026-05-11T23:47:54.205+0000] {processor.py:208} INFO - Processing /opt/airflow/dags/dag_prepare_instacart_source.py took 0.082 seconds
[2026-05-11T23:48:25.123+0000] {processor.py:186} INFO - Started process (PID=924) to work on /opt/airflow/dags/dag_prepare_instacart_source.py
[2026-05-11T23:48:25.124+0000] {processor.py:914} INFO - Processing file /opt/airflow/dags/dag_prepare_instacart_source.py for tasks to queue
[2026-05-11T23:48:25.126+0000] {logging_mixin.py:190} INFO - [2026-05-11T23:48:25.125+0000] {dagbag.py:588} INFO - Filling up the DagBag from /opt/airflow/dags/dag_prepare_instacart_source.py
[2026-05-11T23:48:25.132+0000] {processor.py:925} INFO - DAG(s) 'dag_prepare_instacart_source' retrieved from /opt/airflow/dags/dag_prepare_instacart_source.py
[2026-05-11T23:48:25.161+0000] {logging_mixin.py:190} INFO - [2026-05-11T23:48:25.161+0000] {dag.py:3239} INFO - Sync 1 DAGs
[2026-05-11T23:48:25.175+0000] {logging_mixin.py:190} INFO - [2026-05-11T23:48:25.175+0000] {dag.py:4180} INFO - Setting next_dagrun for dag_prepare_instacart_source to None, run_after=None
[2026-05-11T23:48:25.192+0000] {processor.py:208} INFO - Processing /opt/airflow/dags/dag_prepare_instacart_source.py took 0.075 seconds
[2026-05-11T23:48:56.091+0000] {processor.py:186} INFO - Started process (PID=974) to work on /opt/airflow/dags/dag_prepare_instacart_source.py
[2026-05-11T23:48:56.092+0000] {processor.py:914} INFO - Processing file /opt/airflow/dags/dag_prepare_instacart_source.py for tasks to queue
[2026-05-11T23:48:56.094+0000] {logging_mixin.py:190} INFO - [2026-05-11T23:48:56.093+0000] {dagbag.py:588} INFO - Filling up the DagBag from /opt/airflow/dags/dag_prepare_instacart_source.py
[2026-05-11T23:48:56.101+0000] {processor.py:925} INFO - DAG(s) 'dag_prepare_instacart_source' retrieved from /opt/airflow/dags/dag_prepare_instacart_source.py
[2026-05-11T23:48:56.132+0000] {logging_mixin.py:190} INFO - [2026-05-11T23:48:56.132+0000] {dag.py:3239} INFO - Sync 1 DAGs
[2026-05-11T23:48:56.147+0000] {logging_mixin.py:190} INFO - [2026-05-11T23:48:56.146+0000] {dag.py:4180} INFO - Setting next_dagrun for dag_prepare_instacart_source to None, run_after=None
[2026-05-11T23:48:56.164+0000] {processor.py:208} INFO - Processing /opt/airflow/dags/dag_prepare_instacart_source.py took 0.078 seconds
[2026-05-11T23:49:27.213+0000] {processor.py:186} INFO - Started process (PID=1024) to work on /opt/airflow/dags/dag_prepare_instacart_source.py
[2026-05-11T23:49:27.214+0000] {processor.py:914} INFO - Processing file /opt/airflow/dags/dag_prepare_instacart_source.py for tasks to queue
[2026-05-11T23:49:27.215+0000] {logging_mixin.py:190} INFO - [2026-05-11T23:49:27.215+0000] {dagbag.py:588} INFO - Filling up the DagBag from /opt/airflow/dags/dag_prepare_instacart_source.py
[2026-05-11T23:49:27.223+0000] {processor.py:925} INFO - DAG(s) 'dag_prepare_instacart_source' retrieved from /opt/airflow/dags/dag_prepare_instacart_source.py
[2026-05-11T23:49:27.253+0000] {logging_mixin.py:190} INFO - [2026-05-11T23:49:27.253+0000] {dag.py:3239} INFO - Sync 1 DAGs
[2026-05-11T23:49:27.271+0000] {logging_mixin.py:190} INFO - [2026-05-11T23:49:27.270+0000] {dag.py:4180} INFO - Setting next_dagrun for dag_prepare_instacart_source to None, run_after=None
[2026-05-11T23:49:27.291+0000] {processor.py:208} INFO - Processing /opt/airflow/dags/dag_prepare_instacart_source.py took 0.084 seconds
[2026-05-11T23:49:57.402+0000] {processor.py:186} INFO - Started process (PID=1074) to work on /opt/airflow/dags/dag_prepare_instacart_source.py
[2026-05-11T23:49:57.403+0000] {processor.py:914} INFO - Processing file /opt/airflow/dags/dag_prepare_instacart_source.py for tasks to queue
[2026-05-11T23:49:57.405+0000] {logging_mixin.py:190} INFO - [2026-05-11T23:49:57.405+0000] {dagbag.py:588} INFO - Filling up the DagBag from /opt/airflow/dags/dag_prepare_instacart_source.py
[2026-05-11T23:49:57.412+0000] {processor.py:925} INFO - DAG(s) 'dag_prepare_instacart_source' retrieved from /opt/airflow/dags/dag_prepare_instacart_source.py
[2026-05-11T23:49:57.441+0000] {logging_mixin.py:190} INFO - [2026-05-11T23:49:57.441+0000] {dag.py:3239} INFO - Sync 1 DAGs
[2026-05-11T23:49:57.455+0000] {logging_mixin.py:190} INFO - [2026-05-11T23:49:57.455+0000] {dag.py:4180} INFO - Setting next_dagrun for dag_prepare_instacart_source to None, run_after=None
[2026-05-11T23:49:57.473+0000] {processor.py:208} INFO - Processing /opt/airflow/dags/dag_prepare_instacart_source.py took 0.076 seconds
[2026-05-11T23:50:28.380+0000] {processor.py:186} INFO - Started process (PID=1124) to work on /opt/airflow/dags/dag_prepare_instacart_source.py
[2026-05-11T23:50:28.381+0000] {processor.py:914} INFO - Processing file /opt/airflow/dags/dag_prepare_instacart_source.py for tasks to queue
[2026-05-11T23:50:28.383+0000] {logging_mixin.py:190} INFO - [2026-05-11T23:50:28.382+0000] {dagbag.py:588} INFO - Filling up the DagBag from /opt/airflow/dags/dag_prepare_instacart_source.py
[2026-05-11T23:50:28.390+0000] {processor.py:925} INFO - DAG(s) 'dag_prepare_instacart_source' retrieved from /opt/airflow/dags/dag_prepare_instacart_source.py
[2026-05-11T23:50:28.419+0000] {logging_mixin.py:190} INFO - [2026-05-11T23:50:28.419+0000] {dag.py:3239} INFO - Sync 1 DAGs
[2026-05-11T23:50:28.436+0000] {logging_mixin.py:190} INFO - [2026-05-11T23:50:28.436+0000] {dag.py:4180} INFO - Setting next_dagrun for dag_prepare_instacart_source to None, run_after=None
[2026-05-11T23:50:28.457+0000] {processor.py:208} INFO - Processing /opt/airflow/dags/dag_prepare_instacart_source.py took 0.083 seconds
[2026-05-11T23:50:59.265+0000] {processor.py:186} INFO - Started process (PID=1174) to work on /opt/airflow/dags/dag_prepare_instacart_source.py
[2026-05-11T23:50:59.266+0000] {processor.py:914} INFO - Processing file /opt/airflow/dags/dag_prepare_instacart_source.py for tasks to queue
[2026-05-11T23:50:59.268+0000] {logging_mixin.py:190} INFO - [2026-05-11T23:50:59.268+0000] {dagbag.py:588} INFO - Filling up the DagBag from /opt/airflow/dags/dag_prepare_instacart_source.py
[2026-05-11T23:50:59.275+0000] {processor.py:925} INFO - DAG(s) 'dag_prepare_instacart_source' retrieved from /opt/airflow/dags/dag_prepare_instacart_source.py
[2026-05-11T23:50:59.304+0000] {logging_mixin.py:190} INFO - [2026-05-11T23:50:59.304+0000] {dag.py:3239} INFO - Sync 1 DAGs
[2026-05-11T23:50:59.319+0000] {logging_mixin.py:190} INFO - [2026-05-11T23:50:59.319+0000] {dag.py:4180} INFO - Setting next_dagrun for dag_prepare_instacart_source to None, run_after=None
[2026-05-11T23:50:59.338+0000] {processor.py:208} INFO - Processing /opt/airflow/dags/dag_prepare_instacart_source.py took 0.078 seconds
[2026-05-11T23:51:30.177+0000] {processor.py:186} INFO - Started process (PID=1225) to work on /opt/airflow/dags/dag_prepare_instacart_source.py
[2026-05-11T23:51:30.178+0000] {processor.py:914} INFO - Processing file /opt/airflow/dags/dag_prepare_instacart_source.py for tasks to queue
[2026-05-11T23:51:30.181+0000] {logging_mixin.py:190} INFO - [2026-05-11T23:51:30.180+0000] {dagbag.py:588} INFO - Filling up the DagBag from /opt/airflow/dags/dag_prepare_instacart_source.py
[2026-05-11T23:51:30.188+0000] {processor.py:925} INFO - DAG(s) 'dag_prepare_instacart_source' retrieved from /opt/airflow/dags/dag_prepare_instacart_source.py
[2026-05-11T23:51:30.216+0000] {logging_mixin.py:190} INFO - [2026-05-11T23:51:30.216+0000] {dag.py:3239} INFO - Sync 1 DAGs
[2026-05-11T23:51:30.231+0000] {logging_mixin.py:190} INFO - [2026-05-11T23:51:30.230+0000] {dag.py:4180} INFO - Setting next_dagrun for dag_prepare_instacart_source to None, run_after=None
[2026-05-11T23:51:30.248+0000] {processor.py:208} INFO - Processing /opt/airflow/dags/dag_prepare_instacart_source.py took 0.075 seconds
[2026-05-11T23:52:01.171+0000] {processor.py:186} INFO - Started process (PID=1275) to work on /opt/airflow/dags/dag_prepare_instacart_source.py
[2026-05-11T23:52:01.172+0000] {processor.py:914} INFO - Processing file /opt/airflow/dags/dag_prepare_instacart_source.py for tasks to queue
[2026-05-11T23:52:01.174+0000] {logging_mixin.py:190} INFO - [2026-05-11T23:52:01.174+0000] {dagbag.py:588} INFO - Filling up the DagBag from /opt/airflow/dags/dag_prepare_instacart_source.py
[2026-05-11T23:52:01.181+0000] {processor.py:925} INFO - DAG(s) 'dag_prepare_instacart_source' retrieved from /opt/airflow/dags/dag_prepare_instacart_source.py
[2026-05-11T23:52:01.212+0000] {logging_mixin.py:190} INFO - [2026-05-11T23:52:01.211+0000] {dag.py:3239} INFO - Sync 1 DAGs
[2026-05-11T23:52:01.228+0000] {logging_mixin.py:190} INFO - [2026-05-11T23:52:01.228+0000] {dag.py:4180} INFO - Setting next_dagrun for dag_prepare_instacart_source to None, run_after=None
[2026-05-11T23:52:01.246+0000] {processor.py:208} INFO - Processing /opt/airflow/dags/dag_prepare_instacart_source.py took 0.080 seconds
[2026-05-11T23:52:32.242+0000] {processor.py:186} INFO - Started process (PID=1324) to work on /opt/airflow/dags/dag_prepare_instacart_source.py
[2026-05-11T23:52:32.243+0000] {processor.py:914} INFO - Processing file /opt/airflow/dags/dag_prepare_instacart_source.py for tasks to queue
[2026-05-11T23:52:32.244+0000] {logging_mixin.py:190} INFO - [2026-05-11T23:52:32.244+0000] {dagbag.py:588} INFO - Filling up the DagBag from /opt/airflow/dags/dag_prepare_instacart_source.py
[2026-05-11T23:52:32.254+0000] {processor.py:925} INFO - DAG(s) 'dag_prepare_instacart_source' retrieved from /opt/airflow/dags/dag_prepare_instacart_source.py
[2026-05-11T23:52:32.287+0000] {logging_mixin.py:190} INFO - [2026-05-11T23:52:32.287+0000] {dag.py:3239} INFO - Sync 1 DAGs
[2026-05-11T23:52:32.303+0000] {logging_mixin.py:190} INFO - [2026-05-11T23:52:32.303+0000] {dag.py:4180} INFO - Setting next_dagrun for dag_prepare_instacart_source to None, run_after=None
[2026-05-11T23:52:32.322+0000] {processor.py:208} INFO - Processing /opt/airflow/dags/dag_prepare_instacart_source.py took 0.088 seconds
[2026-05-11T23:53:03.295+0000] {processor.py:186} INFO - Started process (PID=1376) to work on /opt/airflow/dags/dag_prepare_instacart_source.py
[2026-05-11T23:53:03.296+0000] {processor.py:914} INFO - Processing file /opt/airflow/dags/dag_prepare_instacart_source.py for tasks to queue
[2026-05-11T23:53:03.298+0000] {logging_mixin.py:190} INFO - [2026-05-11T23:53:03.298+0000] {dagbag.py:588} INFO - Filling up the DagBag from /opt/airflow/dags/dag_prepare_instacart_source.py
[2026-05-11T23:53:03.306+0000] {processor.py:925} INFO - DAG(s) 'dag_prepare_instacart_source' retrieved from /opt/airflow/dags/dag_prepare_instacart_source.py
[2026-05-11T23:53:03.336+0000] {logging_mixin.py:190} INFO - [2026-05-11T23:53:03.335+0000] {dag.py:3239} INFO - Sync 1 DAGs
[2026-05-11T23:53:03.350+0000] {logging_mixin.py:190} INFO - [2026-05-11T23:53:03.349+0000] {dag.py:4180} INFO - Setting next_dagrun for dag_prepare_instacart_source to None, run_after=None
[2026-05-11T23:53:03.388+0000] {processor.py:208} INFO - Processing /opt/airflow/dags/dag_prepare_instacart_source.py took 0.098 seconds
[2026-05-11T23:53:34.302+0000] {processor.py:186} INFO - Started process (PID=1424) to work on /opt/airflow/dags/dag_prepare_instacart_source.py
[2026-05-11T23:53:34.303+0000] {processor.py:914} INFO - Processing file /opt/airflow/dags/dag_prepare_instacart_source.py for tasks to queue
[2026-05-11T23:53:34.305+0000] {logging_mixin.py:190} INFO - [2026-05-11T23:53:34.305+0000] {dagbag.py:588} INFO - Filling up the DagBag from /opt/airflow/dags/dag_prepare_instacart_source.py
[2026-05-11T23:53:34.312+0000] {processor.py:925} INFO - DAG(s) 'dag_prepare_instacart_source' retrieved from /opt/airflow/dags/dag_prepare_instacart_source.py
[2026-05-11T23:53:34.341+0000] {logging_mixin.py:190} INFO - [2026-05-11T23:53:34.340+0000] {dag.py:3239} INFO - Sync 1 DAGs
[2026-05-11T23:53:34.355+0000] {logging_mixin.py:190} INFO - [2026-05-11T23:53:34.355+0000] {dag.py:4180} INFO - Setting next_dagrun for dag_prepare_instacart_source to None, run_after=None
[2026-05-11T23:53:34.375+0000] {processor.py:208} INFO - Processing /opt/airflow/dags/dag_prepare_instacart_source.py took 0.078 seconds
[2026-05-11T23:54:05.278+0000] {processor.py:186} INFO - Started process (PID=1474) to work on /opt/airflow/dags/dag_prepare_instacart_source.py
[2026-05-11T23:54:05.279+0000] {processor.py:914} INFO - Processing file /opt/airflow/dags/dag_prepare_instacart_source.py for tasks to queue
[2026-05-11T23:54:05.280+0000] {logging_mixin.py:190} INFO - [2026-05-11T23:54:05.280+0000] {dagbag.py:588} INFO - Filling up the DagBag from /opt/airflow/dags/dag_prepare_instacart_source.py
[2026-05-11T23:54:05.287+0000] {processor.py:925} INFO - DAG(s) 'dag_prepare_instacart_source' retrieved from /opt/airflow/dags/dag_prepare_instacart_source.py
[2026-05-11T23:54:05.317+0000] {logging_mixin.py:190} INFO - [2026-05-11T23:54:05.317+0000] {dag.py:3239} INFO - Sync 1 DAGs
[2026-05-11T23:54:05.333+0000] {logging_mixin.py:190} INFO - [2026-05-11T23:54:05.333+0000] {dag.py:4180} INFO - Setting next_dagrun for dag_prepare_instacart_source to None, run_after=None
[2026-05-11T23:54:05.351+0000] {processor.py:208} INFO - Processing /opt/airflow/dags/dag_prepare_instacart_source.py took 0.078 seconds
[2026-05-11T23:54:36.224+0000] {processor.py:186} INFO - Started process (PID=1524) to work on /opt/airflow/dags/dag_prepare_instacart_source.py
[2026-05-11T23:54:36.225+0000] {processor.py:914} INFO - Processing file /opt/airflow/dags/dag_prepare_instacart_source.py for tasks to queue
[2026-05-11T23:54:36.226+0000] {logging_mixin.py:190} INFO - [2026-05-11T23:54:36.226+0000] {dagbag.py:588} INFO - Filling up the DagBag from /opt/airflow/dags/dag_prepare_instacart_source.py
[2026-05-11T23:54:36.233+0000] {processor.py:925} INFO - DAG(s) 'dag_prepare_instacart_source' retrieved from /opt/airflow/dags/dag_prepare_instacart_source.py
[2026-05-11T23:54:36.264+0000] {logging_mixin.py:190} INFO - [2026-05-11T23:54:36.264+0000] {dag.py:3239} INFO - Sync 1 DAGs
[2026-05-11T23:54:36.280+0000] {logging_mixin.py:190} INFO - [2026-05-11T23:54:36.280+0000] {dag.py:4180} INFO - Setting next_dagrun for dag_prepare_instacart_source to None, run_after=None
[2026-05-11T23:54:36.299+0000] {processor.py:208} INFO - Processing /opt/airflow/dags/dag_prepare_instacart_source.py took 0.080 seconds
[2026-05-11T23:55:07.331+0000] {processor.py:186} INFO - Started process (PID=1576) to work on /opt/airflow/dags/dag_prepare_instacart_source.py
[2026-05-11T23:55:07.332+0000] {processor.py:914} INFO - Processing file /opt/airflow/dags/dag_prepare_instacart_source.py for tasks to queue
[2026-05-11T23:55:07.334+0000] {logging_mixin.py:190} INFO - [2026-05-11T23:55:07.334+0000] {dagbag.py:588} INFO - Filling up the DagBag from /opt/airflow/dags/dag_prepare_instacart_source.py
[2026-05-11T23:55:07.344+0000] {processor.py:925} INFO - DAG(s) 'dag_prepare_instacart_source' retrieved from /opt/airflow/dags/dag_prepare_instacart_source.py
[2026-05-11T23:55:07.376+0000] {logging_mixin.py:190} INFO - [2026-05-11T23:55:07.376+0000] {dag.py:3239} INFO - Sync 1 DAGs
[2026-05-11T23:55:07.391+0000] {logging_mixin.py:190} INFO - [2026-05-11T23:55:07.391+0000] {dag.py:4180} INFO - Setting next_dagrun for dag_prepare_instacart_source to None, run_after=None
[2026-05-11T23:55:07.437+0000] {processor.py:208} INFO - Processing /opt/airflow/dags/dag_prepare_instacart_source.py took 0.114 seconds
[2026-05-11T23:55:38.399+0000] {processor.py:186} INFO - Started process (PID=1626) to work on /opt/airflow/dags/dag_prepare_instacart_source.py
[2026-05-11T23:55:38.400+0000] {processor.py:914} INFO - Processing file /opt/airflow/dags/dag_prepare_instacart_source.py for tasks to queue
[2026-05-11T23:55:38.404+0000] {logging_mixin.py:190} INFO - [2026-05-11T23:55:38.403+0000] {dagbag.py:588} INFO - Filling up the DagBag from /opt/airflow/dags/dag_prepare_instacart_source.py
[2026-05-11T23:55:38.412+0000] {processor.py:925} INFO - DAG(s) 'dag_prepare_instacart_source' retrieved from /opt/airflow/dags/dag_prepare_instacart_source.py
[2026-05-11T23:55:38.447+0000] {logging_mixin.py:190} INFO - [2026-05-11T23:55:38.446+0000] {dag.py:3239} INFO - Sync 1 DAGs
[2026-05-11T23:55:38.463+0000] {logging_mixin.py:190} INFO - [2026-05-11T23:55:38.463+0000] {dag.py:4180} INFO - Setting next_dagrun for dag_prepare_instacart_source to None, run_after=None
[2026-05-11T23:55:38.512+0000] {processor.py:208} INFO - Processing /opt/airflow/dags/dag_prepare_instacart_source.py took 0.119 seconds
[2026-05-11T23:56:09.903+0000] {processor.py:186} INFO - Started process (PID=1674) to work on /opt/airflow/dags/dag_prepare_instacart_source.py
[2026-05-11T23:56:09.904+0000] {processor.py:914} INFO - Processing file /opt/airflow/dags/dag_prepare_instacart_source.py for tasks to queue
[2026-05-11T23:56:09.907+0000] {logging_mixin.py:190} INFO - [2026-05-11T23:56:09.906+0000] {dagbag.py:588} INFO - Filling up the DagBag from /opt/airflow/dags/dag_prepare_instacart_source.py
[2026-05-11T23:56:09.916+0000] {processor.py:925} INFO - DAG(s) 'dag_prepare_instacart_source' retrieved from /opt/airflow/dags/dag_prepare_instacart_source.py
[2026-05-11T23:56:09.951+0000] {logging_mixin.py:190} INFO - [2026-05-11T23:56:09.950+0000] {dag.py:3239} INFO - Sync 1 DAGs
[2026-05-11T23:56:09.967+0000] {logging_mixin.py:190} INFO - [2026-05-11T23:56:09.967+0000] {dag.py:4180} INFO - Setting next_dagrun for dag_prepare_instacart_source to None, run_after=None
[2026-05-11T23:56:10.070+0000] {processor.py:208} INFO - Processing /opt/airflow/dags/dag_prepare_instacart_source.py took 0.173 seconds
[2026-05-11T23:56:40.178+0000] {processor.py:186} INFO - Started process (PID=1724) to work on /opt/airflow/dags/dag_prepare_instacart_source.py
[2026-05-11T23:56:40.179+0000] {processor.py:914} INFO - Processing file /opt/airflow/dags/dag_prepare_instacart_source.py for tasks to queue
[2026-05-11T23:56:40.180+0000] {logging_mixin.py:190} INFO - [2026-05-11T23:56:40.180+0000] {dagbag.py:588} INFO - Filling up the DagBag from /opt/airflow/dags/dag_prepare_instacart_source.py
[2026-05-11T23:56:40.187+0000] {processor.py:925} INFO - DAG(s) 'dag_prepare_instacart_source' retrieved from /opt/airflow/dags/dag_prepare_instacart_source.py
[2026-05-11T23:56:40.217+0000] {logging_mixin.py:190} INFO - [2026-05-11T23:56:40.216+0000] {dag.py:3239} INFO - Sync 1 DAGs
[2026-05-11T23:56:40.233+0000] {logging_mixin.py:190} INFO - [2026-05-11T23:56:40.232+0000] {dag.py:4180} INFO - Setting next_dagrun for dag_prepare_instacart_source to None, run_after=None
[2026-05-11T23:56:40.251+0000] {processor.py:208} INFO - Processing /opt/airflow/dags/dag_prepare_instacart_source.py took 0.079 seconds
[2026-05-11T23:57:11.173+0000] {processor.py:186} INFO - Started process (PID=1774) to work on /opt/airflow/dags/dag_prepare_instacart_source.py
[2026-05-11T23:57:11.174+0000] {processor.py:914} INFO - Processing file /opt/airflow/dags/dag_prepare_instacart_source.py for tasks to queue
[2026-05-11T23:57:11.176+0000] {logging_mixin.py:190} INFO - [2026-05-11T23:57:11.176+0000] {dagbag.py:588} INFO - Filling up the DagBag from /opt/airflow/dags/dag_prepare_instacart_source.py
[2026-05-11T23:57:11.184+0000] {processor.py:925} INFO - DAG(s) 'dag_prepare_instacart_source' retrieved from /opt/airflow/dags/dag_prepare_instacart_source.py
[2026-05-11T23:57:11.213+0000] {logging_mixin.py:190} INFO - [2026-05-11T23:57:11.213+0000] {dag.py:3239} INFO - Sync 1 DAGs
[2026-05-11T23:57:11.228+0000] {logging_mixin.py:190} INFO - [2026-05-11T23:57:11.228+0000] {dag.py:4180} INFO - Setting next_dagrun for dag_prepare_instacart_source to None, run_after=None
[2026-05-11T23:57:11.246+0000] {processor.py:208} INFO - Processing /opt/airflow/dags/dag_prepare_instacart_source.py took 0.079 seconds
[2026-05-11T23:57:42.090+0000] {processor.py:186} INFO - Started process (PID=1826) to work on /opt/airflow/dags/dag_prepare_instacart_source.py
[2026-05-11T23:57:42.091+0000] {processor.py:914} INFO - Processing file /opt/airflow/dags/dag_prepare_instacart_source.py for tasks to queue
[2026-05-11T23:57:42.093+0000] {logging_mixin.py:190} INFO - [2026-05-11T23:57:42.092+0000] {dagbag.py:588} INFO - Filling up the DagBag from /opt/airflow/dags/dag_prepare_instacart_source.py
[2026-05-11T23:57:42.099+0000] {processor.py:925} INFO - DAG(s) 'dag_prepare_instacart_source' retrieved from /opt/airflow/dags/dag_prepare_instacart_source.py
[2026-05-11T23:57:42.127+0000] {logging_mixin.py:190} INFO - [2026-05-11T23:57:42.127+0000] {dag.py:3239} INFO - Sync 1 DAGs
[2026-05-11T23:57:42.141+0000] {logging_mixin.py:190} INFO - [2026-05-11T23:57:42.140+0000] {dag.py:4180} INFO - Setting next_dagrun for dag_prepare_instacart_source to None, run_after=None
[2026-05-11T23:57:42.163+0000] {processor.py:208} INFO - Processing /opt/airflow/dags/dag_prepare_instacart_source.py took 0.079 seconds
[2026-05-11T23:58:12.961+0000] {processor.py:186} INFO - Started process (PID=1874) to work on /opt/airflow/dags/dag_prepare_instacart_source.py
[2026-05-11T23:58:12.962+0000] {processor.py:914} INFO - Processing file /opt/airflow/dags/dag_prepare_instacart_source.py for tasks to queue
[2026-05-11T23:58:12.964+0000] {logging_mixin.py:190} INFO - [2026-05-11T23:58:12.963+0000] {dagbag.py:588} INFO - Filling up the DagBag from /opt/airflow/dags/dag_prepare_instacart_source.py
[2026-05-11T23:58:12.970+0000] {processor.py:925} INFO - DAG(s) 'dag_prepare_instacart_source' retrieved from /opt/airflow/dags/dag_prepare_instacart_source.py
[2026-05-11T23:58:12.998+0000] {logging_mixin.py:190} INFO - [2026-05-11T23:58:12.998+0000] {dag.py:3239} INFO - Sync 1 DAGs
[2026-05-11T23:58:13.012+0000] {logging_mixin.py:190} INFO - [2026-05-11T23:58:13.012+0000] {dag.py:4180} INFO - Setting next_dagrun for dag_prepare_instacart_source to None, run_after=None
[2026-05-11T23:58:13.034+0000] {processor.py:208} INFO - Processing /opt/airflow/dags/dag_prepare_instacart_source.py took 0.079 seconds
[2026-05-11T23:58:43.841+0000] {processor.py:186} INFO - Started process (PID=1924) to work on /opt/airflow/dags/dag_prepare_instacart_source.py
[2026-05-11T23:58:43.842+0000] {processor.py:914} INFO - Processing file /opt/airflow/dags/dag_prepare_instacart_source.py for tasks to queue
[2026-05-11T23:58:43.844+0000] {logging_mixin.py:190} INFO - [2026-05-11T23:58:43.844+0000] {dagbag.py:588} INFO - Filling up the DagBag from /opt/airflow/dags/dag_prepare_instacart_source.py
[2026-05-11T23:58:43.851+0000] {processor.py:925} INFO - DAG(s) 'dag_prepare_instacart_source' retrieved from /opt/airflow/dags/dag_prepare_instacart_source.py
[2026-05-11T23:58:43.879+0000] {logging_mixin.py:190} INFO - [2026-05-11T23:58:43.879+0000] {dag.py:3239} INFO - Sync 1 DAGs
[2026-05-11T23:58:43.894+0000] {logging_mixin.py:190} INFO - [2026-05-11T23:58:43.893+0000] {dag.py:4180} INFO - Setting next_dagrun for dag_prepare_instacart_source to None, run_after=None
[2026-05-11T23:58:43.926+0000] {processor.py:208} INFO - Processing /opt/airflow/dags/dag_prepare_instacart_source.py took 0.090 seconds
[2026-05-11T23:59:14.782+0000] {processor.py:186} INFO - Started process (PID=1974) to work on /opt/airflow/dags/dag_prepare_instacart_source.py
[2026-05-11T23:59:14.782+0000] {processor.py:914} INFO - Processing file /opt/airflow/dags/dag_prepare_instacart_source.py for tasks to queue
[2026-05-11T23:59:14.785+0000] {logging_mixin.py:190} INFO - [2026-05-11T23:59:14.784+0000] {dagbag.py:588} INFO - Filling up the DagBag from /opt/airflow/dags/dag_prepare_instacart_source.py
[2026-05-11T23:59:14.791+0000] {processor.py:925} INFO - DAG(s) 'dag_prepare_instacart_source' retrieved from /opt/airflow/dags/dag_prepare_instacart_source.py
[2026-05-11T23:59:14.820+0000] {logging_mixin.py:190} INFO - [2026-05-11T23:59:14.820+0000] {dag.py:3239} INFO - Sync 1 DAGs
[2026-05-11T23:59:14.834+0000] {logging_mixin.py:190} INFO - [2026-05-11T23:59:14.834+0000] {dag.py:4180} INFO - Setting next_dagrun for dag_prepare_instacart_source to None, run_after=None
[2026-05-11T23:59:14.870+0000] {processor.py:208} INFO - Processing /opt/airflow/dags/dag_prepare_instacart_source.py took 0.094 seconds
[2026-05-11T23:59:45.710+0000] {processor.py:186} INFO - Started process (PID=2024) to work on /opt/airflow/dags/dag_prepare_instacart_source.py
[2026-05-11T23:59:45.711+0000] {processor.py:914} INFO - Processing file /opt/airflow/dags/dag_prepare_instacart_source.py for tasks to queue
[2026-05-11T23:59:45.713+0000] {logging_mixin.py:190} INFO - [2026-05-11T23:59:45.713+0000] {dagbag.py:588} INFO - Filling up the DagBag from /opt/airflow/dags/dag_prepare_instacart_source.py
[2026-05-11T23:59:45.720+0000] {processor.py:925} INFO - DAG(s) 'dag_prepare_instacart_source' retrieved from /opt/airflow/dags/dag_prepare_instacart_source.py
[2026-05-11T23:59:45.748+0000] {logging_mixin.py:190} INFO - [2026-05-11T23:59:45.748+0000] {dag.py:3239} INFO - Sync 1 DAGs
[2026-05-11T23:59:45.762+0000] {logging_mixin.py:190} INFO - [2026-05-11T23:59:45.762+0000] {dag.py:4180} INFO - Setting next_dagrun for dag_prepare_instacart_source to None, run_after=None
[2026-05-11T23:59:45.789+0000] {processor.py:208} INFO - Processing /opt/airflow/dags/dag_prepare_instacart_source.py took 0.085 seconds
