[2026-05-11T23:41:42.661+0000] {processor.py:186} INFO - Started process (PID=261) to work on /opt/airflow/dags/dag_bronze_aisles.py
[2026-05-11T23:41:42.662+0000] {processor.py:914} INFO - Processing file /opt/airflow/dags/dag_bronze_aisles.py for tasks to queue
[2026-05-11T23:41:42.665+0000] {logging_mixin.py:190} INFO - [2026-05-11T23:41:42.664+0000] {dagbag.py:588} INFO - Filling up the DagBag from /opt/airflow/dags/dag_bronze_aisles.py
[2026-05-11T23:41:42.674+0000] {processor.py:925} INFO - DAG(s) 'dag_bronze_aisles' retrieved from /opt/airflow/dags/dag_bronze_aisles.py
[2026-05-11T23:41:42.749+0000] {logging_mixin.py:190} INFO - [2026-05-11T23:41:42.749+0000] {dag.py:3239} INFO - Sync 1 DAGs
[2026-05-11T23:41:42.805+0000] {logging_mixin.py:190} INFO - [2026-05-11T23:41:42.805+0000] {dag.py:4180} INFO - Setting next_dagrun for dag_bronze_aisles to None, run_after=None
[2026-05-11T23:41:42.860+0000] {processor.py:208} INFO - Processing /opt/airflow/dags/dag_bronze_aisles.py took 0.208 seconds
[2026-05-11T23:42:12.978+0000] {processor.py:186} INFO - Started process (PID=316) to work on /opt/airflow/dags/dag_bronze_aisles.py
[2026-05-11T23:42:12.978+0000] {processor.py:914} INFO - Processing file /opt/airflow/dags/dag_bronze_aisles.py for tasks to queue
[2026-05-11T23:42:12.981+0000] {logging_mixin.py:190} INFO - [2026-05-11T23:42:12.980+0000] {dagbag.py:588} INFO - Filling up the DagBag from /opt/airflow/dags/dag_bronze_aisles.py
[2026-05-11T23:42:12.988+0000] {processor.py:925} INFO - DAG(s) 'dag_bronze_aisles' retrieved from /opt/airflow/dags/dag_bronze_aisles.py
[2026-05-11T23:42:13.018+0000] {logging_mixin.py:190} INFO - [2026-05-11T23:42:13.018+0000] {dag.py:3239} INFO - Sync 1 DAGs
[2026-05-11T23:42:13.036+0000] {logging_mixin.py:190} INFO - [2026-05-11T23:42:13.036+0000] {dag.py:4180} INFO - Setting next_dagrun for dag_bronze_aisles to None, run_after=None
[2026-05-11T23:42:13.086+0000] {processor.py:208} INFO - Processing /opt/airflow/dags/dag_bronze_aisles.py took 0.114 seconds
[2026-05-11T23:42:44.092+0000] {processor.py:186} INFO - Started process (PID=361) to work on /opt/airflow/dags/dag_bronze_aisles.py
[2026-05-11T23:42:44.092+0000] {processor.py:914} INFO - Processing file /opt/airflow/dags/dag_bronze_aisles.py for tasks to queue
[2026-05-11T23:42:44.094+0000] {logging_mixin.py:190} INFO - [2026-05-11T23:42:44.094+0000] {dagbag.py:588} INFO - Filling up the DagBag from /opt/airflow/dags/dag_bronze_aisles.py
[2026-05-11T23:42:44.101+0000] {processor.py:925} INFO - DAG(s) 'dag_bronze_aisles' retrieved from /opt/airflow/dags/dag_bronze_aisles.py
[2026-05-11T23:42:44.132+0000] {logging_mixin.py:190} INFO - [2026-05-11T23:42:44.132+0000] {dag.py:3239} INFO - Sync 1 DAGs
[2026-05-11T23:42:44.146+0000] {logging_mixin.py:190} INFO - [2026-05-11T23:42:44.146+0000] {dag.py:4180} INFO - Setting next_dagrun for dag_bronze_aisles to None, run_after=None
[2026-05-11T23:42:44.197+0000] {processor.py:208} INFO - Processing /opt/airflow/dags/dag_bronze_aisles.py took 0.111 seconds
[2026-05-11T23:43:14.947+0000] {processor.py:186} INFO - Started process (PID=409) to work on /opt/airflow/dags/dag_bronze_aisles.py
[2026-05-11T23:43:14.948+0000] {processor.py:914} INFO - Processing file /opt/airflow/dags/dag_bronze_aisles.py for tasks to queue
[2026-05-11T23:43:14.951+0000] {logging_mixin.py:190} INFO - [2026-05-11T23:43:14.950+0000] {dagbag.py:588} INFO - Filling up the DagBag from /opt/airflow/dags/dag_bronze_aisles.py
[2026-05-11T23:43:14.958+0000] {processor.py:925} INFO - DAG(s) 'dag_bronze_aisles' retrieved from /opt/airflow/dags/dag_bronze_aisles.py
[2026-05-11T23:43:14.987+0000] {logging_mixin.py:190} INFO - [2026-05-11T23:43:14.987+0000] {dag.py:3239} INFO - Sync 1 DAGs
[2026-05-11T23:43:15.002+0000] {logging_mixin.py:190} INFO - [2026-05-11T23:43:15.002+0000] {dag.py:4180} INFO - Setting next_dagrun for dag_bronze_aisles to None, run_after=None
[2026-05-11T23:43:15.034+0000] {processor.py:208} INFO - Processing /opt/airflow/dags/dag_bronze_aisles.py took 0.092 seconds
[2026-05-11T23:43:45.908+0000] {processor.py:186} INFO - Started process (PID=459) to work on /opt/airflow/dags/dag_bronze_aisles.py
[2026-05-11T23:43:45.908+0000] {processor.py:914} INFO - Processing file /opt/airflow/dags/dag_bronze_aisles.py for tasks to queue
[2026-05-11T23:43:45.910+0000] {logging_mixin.py:190} INFO - [2026-05-11T23:43:45.910+0000] {dagbag.py:588} INFO - Filling up the DagBag from /opt/airflow/dags/dag_bronze_aisles.py
[2026-05-11T23:43:45.917+0000] {processor.py:925} INFO - DAG(s) 'dag_bronze_aisles' retrieved from /opt/airflow/dags/dag_bronze_aisles.py
[2026-05-11T23:43:45.947+0000] {logging_mixin.py:190} INFO - [2026-05-11T23:43:45.947+0000] {dag.py:3239} INFO - Sync 1 DAGs
[2026-05-11T23:43:45.962+0000] {logging_mixin.py:190} INFO - [2026-05-11T23:43:45.962+0000] {dag.py:4180} INFO - Setting next_dagrun for dag_bronze_aisles to None, run_after=None
[2026-05-11T23:43:45.982+0000] {processor.py:208} INFO - Processing /opt/airflow/dags/dag_bronze_aisles.py took 0.082 seconds
[2026-05-11T23:44:16.844+0000] {processor.py:186} INFO - Started process (PID=509) to work on /opt/airflow/dags/dag_bronze_aisles.py
[2026-05-11T23:44:16.845+0000] {processor.py:914} INFO - Processing file /opt/airflow/dags/dag_bronze_aisles.py for tasks to queue
[2026-05-11T23:44:16.847+0000] {logging_mixin.py:190} INFO - [2026-05-11T23:44:16.847+0000] {dagbag.py:588} INFO - Filling up the DagBag from /opt/airflow/dags/dag_bronze_aisles.py
[2026-05-11T23:44:16.854+0000] {processor.py:925} INFO - DAG(s) 'dag_bronze_aisles' retrieved from /opt/airflow/dags/dag_bronze_aisles.py
[2026-05-11T23:44:16.884+0000] {logging_mixin.py:190} INFO - [2026-05-11T23:44:16.884+0000] {dag.py:3239} INFO - Sync 1 DAGs
[2026-05-11T23:44:16.899+0000] {logging_mixin.py:190} INFO - [2026-05-11T23:44:16.898+0000] {dag.py:4180} INFO - Setting next_dagrun for dag_bronze_aisles to None, run_after=None
[2026-05-11T23:44:16.920+0000] {processor.py:208} INFO - Processing /opt/airflow/dags/dag_bronze_aisles.py took 0.081 seconds
[2026-05-11T23:44:47.855+0000] {processor.py:186} INFO - Started process (PID=561) to work on /opt/airflow/dags/dag_bronze_aisles.py
[2026-05-11T23:44:47.856+0000] {processor.py:914} INFO - Processing file /opt/airflow/dags/dag_bronze_aisles.py for tasks to queue
[2026-05-11T23:44:47.859+0000] {logging_mixin.py:190} INFO - [2026-05-11T23:44:47.859+0000] {dagbag.py:588} INFO - Filling up the DagBag from /opt/airflow/dags/dag_bronze_aisles.py
[2026-05-11T23:44:47.868+0000] {processor.py:925} INFO - DAG(s) 'dag_bronze_aisles' retrieved from /opt/airflow/dags/dag_bronze_aisles.py
[2026-05-11T23:44:47.907+0000] {logging_mixin.py:190} INFO - [2026-05-11T23:44:47.907+0000] {dag.py:3239} INFO - Sync 1 DAGs
[2026-05-11T23:44:47.926+0000] {logging_mixin.py:190} INFO - [2026-05-11T23:44:47.925+0000] {dag.py:4180} INFO - Setting next_dagrun for dag_bronze_aisles to None, run_after=None
[2026-05-11T23:44:47.957+0000] {processor.py:208} INFO - Processing /opt/airflow/dags/dag_bronze_aisles.py took 0.108 seconds
[2026-05-11T23:45:18.859+0000] {processor.py:186} INFO - Started process (PID=609) to work on /opt/airflow/dags/dag_bronze_aisles.py
[2026-05-11T23:45:18.859+0000] {processor.py:914} INFO - Processing file /opt/airflow/dags/dag_bronze_aisles.py for tasks to queue
[2026-05-11T23:45:18.861+0000] {logging_mixin.py:190} INFO - [2026-05-11T23:45:18.861+0000] {dagbag.py:588} INFO - Filling up the DagBag from /opt/airflow/dags/dag_bronze_aisles.py
[2026-05-11T23:45:18.868+0000] {processor.py:925} INFO - DAG(s) 'dag_bronze_aisles' retrieved from /opt/airflow/dags/dag_bronze_aisles.py
[2026-05-11T23:45:18.897+0000] {logging_mixin.py:190} INFO - [2026-05-11T23:45:18.897+0000] {dag.py:3239} INFO - Sync 1 DAGs
[2026-05-11T23:45:18.913+0000] {logging_mixin.py:190} INFO - [2026-05-11T23:45:18.913+0000] {dag.py:4180} INFO - Setting next_dagrun for dag_bronze_aisles to None, run_after=None
[2026-05-11T23:45:18.932+0000] {processor.py:208} INFO - Processing /opt/airflow/dags/dag_bronze_aisles.py took 0.078 seconds
[2026-05-11T23:45:49.906+0000] {processor.py:186} INFO - Started process (PID=661) to work on /opt/airflow/dags/dag_bronze_aisles.py
[2026-05-11T23:45:49.907+0000] {processor.py:914} INFO - Processing file /opt/airflow/dags/dag_bronze_aisles.py for tasks to queue
[2026-05-11T23:45:49.908+0000] {logging_mixin.py:190} INFO - [2026-05-11T23:45:49.908+0000] {dagbag.py:588} INFO - Filling up the DagBag from /opt/airflow/dags/dag_bronze_aisles.py
[2026-05-11T23:45:49.916+0000] {processor.py:925} INFO - DAG(s) 'dag_bronze_aisles' retrieved from /opt/airflow/dags/dag_bronze_aisles.py
[2026-05-11T23:45:49.944+0000] {logging_mixin.py:190} INFO - [2026-05-11T23:45:49.944+0000] {dag.py:3239} INFO - Sync 1 DAGs
[2026-05-11T23:45:49.959+0000] {logging_mixin.py:190} INFO - [2026-05-11T23:45:49.958+0000] {dag.py:4180} INFO - Setting next_dagrun for dag_bronze_aisles to None, run_after=None
[2026-05-11T23:45:49.987+0000] {processor.py:208} INFO - Processing /opt/airflow/dags/dag_bronze_aisles.py took 0.088 seconds
[2026-05-11T23:46:20.832+0000] {processor.py:186} INFO - Started process (PID=709) to work on /opt/airflow/dags/dag_bronze_aisles.py
[2026-05-11T23:46:20.833+0000] {processor.py:914} INFO - Processing file /opt/airflow/dags/dag_bronze_aisles.py for tasks to queue
[2026-05-11T23:46:20.836+0000] {logging_mixin.py:190} INFO - [2026-05-11T23:46:20.835+0000] {dagbag.py:588} INFO - Filling up the DagBag from /opt/airflow/dags/dag_bronze_aisles.py
[2026-05-11T23:46:20.848+0000] {processor.py:925} INFO - DAG(s) 'dag_bronze_aisles' retrieved from /opt/airflow/dags/dag_bronze_aisles.py
[2026-05-11T23:46:20.889+0000] {logging_mixin.py:190} INFO - [2026-05-11T23:46:20.889+0000] {dag.py:3239} INFO - Sync 1 DAGs
[2026-05-11T23:46:20.912+0000] {logging_mixin.py:190} INFO - [2026-05-11T23:46:20.912+0000] {dag.py:4180} INFO - Setting next_dagrun for dag_bronze_aisles to None, run_after=None
[2026-05-11T23:46:20.960+0000] {processor.py:208} INFO - Processing /opt/airflow/dags/dag_bronze_aisles.py took 0.135 seconds
[2026-05-11T23:46:52.041+0000] {processor.py:186} INFO - Started process (PID=761) to work on /opt/airflow/dags/dag_bronze_aisles.py
[2026-05-11T23:46:52.041+0000] {processor.py:914} INFO - Processing file /opt/airflow/dags/dag_bronze_aisles.py for tasks to queue
[2026-05-11T23:46:52.043+0000] {logging_mixin.py:190} INFO - [2026-05-11T23:46:52.043+0000] {dagbag.py:588} INFO - Filling up the DagBag from /opt/airflow/dags/dag_bronze_aisles.py
[2026-05-11T23:46:52.052+0000] {processor.py:925} INFO - DAG(s) 'dag_bronze_aisles' retrieved from /opt/airflow/dags/dag_bronze_aisles.py
[2026-05-11T23:46:52.083+0000] {logging_mixin.py:190} INFO - [2026-05-11T23:46:52.083+0000] {dag.py:3239} INFO - Sync 1 DAGs
[2026-05-11T23:46:52.100+0000] {logging_mixin.py:190} INFO - [2026-05-11T23:46:52.099+0000] {dag.py:4180} INFO - Setting next_dagrun for dag_bronze_aisles to None, run_after=None
[2026-05-11T23:46:52.131+0000] {processor.py:208} INFO - Processing /opt/airflow/dags/dag_bronze_aisles.py took 0.096 seconds
[2026-05-11T23:47:22.973+0000] {processor.py:186} INFO - Started process (PID=809) to work on /opt/airflow/dags/dag_bronze_aisles.py
[2026-05-11T23:47:22.974+0000] {processor.py:914} INFO - Processing file /opt/airflow/dags/dag_bronze_aisles.py for tasks to queue
[2026-05-11T23:47:22.976+0000] {logging_mixin.py:190} INFO - [2026-05-11T23:47:22.976+0000] {dagbag.py:588} INFO - Filling up the DagBag from /opt/airflow/dags/dag_bronze_aisles.py
[2026-05-11T23:47:22.983+0000] {processor.py:925} INFO - DAG(s) 'dag_bronze_aisles' retrieved from /opt/airflow/dags/dag_bronze_aisles.py
[2026-05-11T23:47:23.012+0000] {logging_mixin.py:190} INFO - [2026-05-11T23:47:23.012+0000] {dag.py:3239} INFO - Sync 1 DAGs
[2026-05-11T23:47:23.027+0000] {logging_mixin.py:190} INFO - [2026-05-11T23:47:23.027+0000] {dag.py:4180} INFO - Setting next_dagrun for dag_bronze_aisles to None, run_after=None
[2026-05-11T23:47:23.045+0000] {processor.py:208} INFO - Processing /opt/airflow/dags/dag_bronze_aisles.py took 0.078 seconds
[2026-05-11T23:47:53.932+0000] {processor.py:186} INFO - Started process (PID=859) to work on /opt/airflow/dags/dag_bronze_aisles.py
[2026-05-11T23:47:53.933+0000] {processor.py:914} INFO - Processing file /opt/airflow/dags/dag_bronze_aisles.py for tasks to queue
[2026-05-11T23:47:53.934+0000] {logging_mixin.py:190} INFO - [2026-05-11T23:47:53.934+0000] {dagbag.py:588} INFO - Filling up the DagBag from /opt/airflow/dags/dag_bronze_aisles.py
[2026-05-11T23:47:53.942+0000] {processor.py:925} INFO - DAG(s) 'dag_bronze_aisles' retrieved from /opt/airflow/dags/dag_bronze_aisles.py
[2026-05-11T23:47:53.973+0000] {logging_mixin.py:190} INFO - [2026-05-11T23:47:53.972+0000] {dag.py:3239} INFO - Sync 1 DAGs
[2026-05-11T23:47:53.988+0000] {logging_mixin.py:190} INFO - [2026-05-11T23:47:53.987+0000] {dag.py:4180} INFO - Setting next_dagrun for dag_bronze_aisles to None, run_after=None
[2026-05-11T23:47:54.007+0000] {processor.py:208} INFO - Processing /opt/airflow/dags/dag_bronze_aisles.py took 0.081 seconds
[2026-05-11T23:48:24.904+0000] {processor.py:186} INFO - Started process (PID=909) to work on /opt/airflow/dags/dag_bronze_aisles.py
[2026-05-11T23:48:24.905+0000] {processor.py:914} INFO - Processing file /opt/airflow/dags/dag_bronze_aisles.py for tasks to queue
[2026-05-11T23:48:24.907+0000] {logging_mixin.py:190} INFO - [2026-05-11T23:48:24.907+0000] {dagbag.py:588} INFO - Filling up the DagBag from /opt/airflow/dags/dag_bronze_aisles.py
[2026-05-11T23:48:24.915+0000] {processor.py:925} INFO - DAG(s) 'dag_bronze_aisles' retrieved from /opt/airflow/dags/dag_bronze_aisles.py
[2026-05-11T23:48:24.948+0000] {logging_mixin.py:190} INFO - [2026-05-11T23:48:24.948+0000] {dag.py:3239} INFO - Sync 1 DAGs
[2026-05-11T23:48:24.965+0000] {logging_mixin.py:190} INFO - [2026-05-11T23:48:24.965+0000] {dag.py:4180} INFO - Setting next_dagrun for dag_bronze_aisles to None, run_after=None
[2026-05-11T23:48:25.009+0000] {processor.py:208} INFO - Processing /opt/airflow/dags/dag_bronze_aisles.py took 0.112 seconds
[2026-05-11T23:48:55.904+0000] {processor.py:186} INFO - Started process (PID=959) to work on /opt/airflow/dags/dag_bronze_aisles.py
[2026-05-11T23:48:55.905+0000] {processor.py:914} INFO - Processing file /opt/airflow/dags/dag_bronze_aisles.py for tasks to queue
[2026-05-11T23:48:55.909+0000] {logging_mixin.py:190} INFO - [2026-05-11T23:48:55.908+0000] {dagbag.py:588} INFO - Filling up the DagBag from /opt/airflow/dags/dag_bronze_aisles.py
[2026-05-11T23:48:55.917+0000] {processor.py:925} INFO - DAG(s) 'dag_bronze_aisles' retrieved from /opt/airflow/dags/dag_bronze_aisles.py
[2026-05-11T23:48:55.948+0000] {logging_mixin.py:190} INFO - [2026-05-11T23:48:55.947+0000] {dag.py:3239} INFO - Sync 1 DAGs
[2026-05-11T23:48:55.964+0000] {logging_mixin.py:190} INFO - [2026-05-11T23:48:55.964+0000] {dag.py:4180} INFO - Setting next_dagrun for dag_bronze_aisles to None, run_after=None
[2026-05-11T23:48:55.982+0000] {processor.py:208} INFO - Processing /opt/airflow/dags/dag_bronze_aisles.py took 0.086 seconds
[2026-05-11T23:49:27.073+0000] {processor.py:186} INFO - Started process (PID=1011) to work on /opt/airflow/dags/dag_bronze_aisles.py
[2026-05-11T23:49:27.074+0000] {processor.py:914} INFO - Processing file /opt/airflow/dags/dag_bronze_aisles.py for tasks to queue
[2026-05-11T23:49:27.075+0000] {logging_mixin.py:190} INFO - [2026-05-11T23:49:27.075+0000] {dagbag.py:588} INFO - Filling up the DagBag from /opt/airflow/dags/dag_bronze_aisles.py
[2026-05-11T23:49:27.083+0000] {processor.py:925} INFO - DAG(s) 'dag_bronze_aisles' retrieved from /opt/airflow/dags/dag_bronze_aisles.py
[2026-05-11T23:49:27.114+0000] {logging_mixin.py:190} INFO - [2026-05-11T23:49:27.114+0000] {dag.py:3239} INFO - Sync 1 DAGs
[2026-05-11T23:49:27.130+0000] {logging_mixin.py:190} INFO - [2026-05-11T23:49:27.130+0000] {dag.py:4180} INFO - Setting next_dagrun for dag_bronze_aisles to None, run_after=None
[2026-05-11T23:49:27.166+0000] {processor.py:208} INFO - Processing /opt/airflow/dags/dag_bronze_aisles.py took 0.099 seconds
[2026-05-11T23:49:57.270+0000] {processor.py:186} INFO - Started process (PID=1061) to work on /opt/airflow/dags/dag_bronze_aisles.py
[2026-05-11T23:49:57.271+0000] {processor.py:914} INFO - Processing file /opt/airflow/dags/dag_bronze_aisles.py for tasks to queue
[2026-05-11T23:49:57.273+0000] {logging_mixin.py:190} INFO - [2026-05-11T23:49:57.272+0000] {dagbag.py:588} INFO - Filling up the DagBag from /opt/airflow/dags/dag_bronze_aisles.py
[2026-05-11T23:49:57.280+0000] {processor.py:925} INFO - DAG(s) 'dag_bronze_aisles' retrieved from /opt/airflow/dags/dag_bronze_aisles.py
[2026-05-11T23:49:57.311+0000] {logging_mixin.py:190} INFO - [2026-05-11T23:49:57.311+0000] {dag.py:3239} INFO - Sync 1 DAGs
[2026-05-11T23:49:57.325+0000] {logging_mixin.py:190} INFO - [2026-05-11T23:49:57.325+0000] {dag.py:4180} INFO - Setting next_dagrun for dag_bronze_aisles to None, run_after=None
[2026-05-11T23:49:57.361+0000] {processor.py:208} INFO - Processing /opt/airflow/dags/dag_bronze_aisles.py took 0.097 seconds
[2026-05-11T23:50:28.188+0000] {processor.py:186} INFO - Started process (PID=1109) to work on /opt/airflow/dags/dag_bronze_aisles.py
[2026-05-11T23:50:28.189+0000] {processor.py:914} INFO - Processing file /opt/airflow/dags/dag_bronze_aisles.py for tasks to queue
[2026-05-11T23:50:28.190+0000] {logging_mixin.py:190} INFO - [2026-05-11T23:50:28.190+0000] {dagbag.py:588} INFO - Filling up the DagBag from /opt/airflow/dags/dag_bronze_aisles.py
[2026-05-11T23:50:28.198+0000] {processor.py:925} INFO - DAG(s) 'dag_bronze_aisles' retrieved from /opt/airflow/dags/dag_bronze_aisles.py
[2026-05-11T23:50:28.231+0000] {logging_mixin.py:190} INFO - [2026-05-11T23:50:28.231+0000] {dag.py:3239} INFO - Sync 1 DAGs
[2026-05-11T23:50:28.250+0000] {logging_mixin.py:190} INFO - [2026-05-11T23:50:28.249+0000] {dag.py:4180} INFO - Setting next_dagrun for dag_bronze_aisles to None, run_after=None
[2026-05-11T23:50:28.271+0000] {processor.py:208} INFO - Processing /opt/airflow/dags/dag_bronze_aisles.py took 0.089 seconds
[2026-05-11T23:50:59.084+0000] {processor.py:186} INFO - Started process (PID=1159) to work on /opt/airflow/dags/dag_bronze_aisles.py
[2026-05-11T23:50:59.084+0000] {processor.py:914} INFO - Processing file /opt/airflow/dags/dag_bronze_aisles.py for tasks to queue
[2026-05-11T23:50:59.086+0000] {logging_mixin.py:190} INFO - [2026-05-11T23:50:59.086+0000] {dagbag.py:588} INFO - Filling up the DagBag from /opt/airflow/dags/dag_bronze_aisles.py
[2026-05-11T23:50:59.094+0000] {processor.py:925} INFO - DAG(s) 'dag_bronze_aisles' retrieved from /opt/airflow/dags/dag_bronze_aisles.py
[2026-05-11T23:50:59.123+0000] {logging_mixin.py:190} INFO - [2026-05-11T23:50:59.123+0000] {dag.py:3239} INFO - Sync 1 DAGs
[2026-05-11T23:50:59.137+0000] {logging_mixin.py:190} INFO - [2026-05-11T23:50:59.137+0000] {dag.py:4180} INFO - Setting next_dagrun for dag_bronze_aisles to None, run_after=None
[2026-05-11T23:50:59.156+0000] {processor.py:208} INFO - Processing /opt/airflow/dags/dag_bronze_aisles.py took 0.078 seconds
[2026-05-11T23:51:29.993+0000] {processor.py:186} INFO - Started process (PID=1209) to work on /opt/airflow/dags/dag_bronze_aisles.py
[2026-05-11T23:51:29.994+0000] {processor.py:914} INFO - Processing file /opt/airflow/dags/dag_bronze_aisles.py for tasks to queue
[2026-05-11T23:51:29.995+0000] {logging_mixin.py:190} INFO - [2026-05-11T23:51:29.995+0000] {dagbag.py:588} INFO - Filling up the DagBag from /opt/airflow/dags/dag_bronze_aisles.py
[2026-05-11T23:51:30.003+0000] {processor.py:925} INFO - DAG(s) 'dag_bronze_aisles' retrieved from /opt/airflow/dags/dag_bronze_aisles.py
[2026-05-11T23:51:30.032+0000] {logging_mixin.py:190} INFO - [2026-05-11T23:51:30.032+0000] {dag.py:3239} INFO - Sync 1 DAGs
[2026-05-11T23:51:30.046+0000] {logging_mixin.py:190} INFO - [2026-05-11T23:51:30.046+0000] {dag.py:4180} INFO - Setting next_dagrun for dag_bronze_aisles to None, run_after=None
[2026-05-11T23:51:30.065+0000] {processor.py:208} INFO - Processing /opt/airflow/dags/dag_bronze_aisles.py took 0.078 seconds
[2026-05-11T23:52:00.979+0000] {processor.py:186} INFO - Started process (PID=1259) to work on /opt/airflow/dags/dag_bronze_aisles.py
[2026-05-11T23:52:00.980+0000] {processor.py:914} INFO - Processing file /opt/airflow/dags/dag_bronze_aisles.py for tasks to queue
[2026-05-11T23:52:00.982+0000] {logging_mixin.py:190} INFO - [2026-05-11T23:52:00.982+0000] {dagbag.py:588} INFO - Filling up the DagBag from /opt/airflow/dags/dag_bronze_aisles.py
[2026-05-11T23:52:00.989+0000] {processor.py:925} INFO - DAG(s) 'dag_bronze_aisles' retrieved from /opt/airflow/dags/dag_bronze_aisles.py
[2026-05-11T23:52:01.022+0000] {logging_mixin.py:190} INFO - [2026-05-11T23:52:01.022+0000] {dag.py:3239} INFO - Sync 1 DAGs
[2026-05-11T23:52:01.037+0000] {logging_mixin.py:190} INFO - [2026-05-11T23:52:01.037+0000] {dag.py:4180} INFO - Setting next_dagrun for dag_bronze_aisles to None, run_after=None
[2026-05-11T23:52:01.056+0000] {processor.py:208} INFO - Processing /opt/airflow/dags/dag_bronze_aisles.py took 0.082 seconds
[2026-05-11T23:52:32.086+0000] {processor.py:186} INFO - Started process (PID=1311) to work on /opt/airflow/dags/dag_bronze_aisles.py
[2026-05-11T23:52:32.087+0000] {processor.py:914} INFO - Processing file /opt/airflow/dags/dag_bronze_aisles.py for tasks to queue
[2026-05-11T23:52:32.090+0000] {logging_mixin.py:190} INFO - [2026-05-11T23:52:32.089+0000] {dagbag.py:588} INFO - Filling up the DagBag from /opt/airflow/dags/dag_bronze_aisles.py
[2026-05-11T23:52:32.104+0000] {processor.py:925} INFO - DAG(s) 'dag_bronze_aisles' retrieved from /opt/airflow/dags/dag_bronze_aisles.py
[2026-05-11T23:52:32.148+0000] {logging_mixin.py:190} INFO - [2026-05-11T23:52:32.148+0000] {dag.py:3239} INFO - Sync 1 DAGs
[2026-05-11T23:52:32.168+0000] {logging_mixin.py:190} INFO - [2026-05-11T23:52:32.168+0000] {dag.py:4180} INFO - Setting next_dagrun for dag_bronze_aisles to None, run_after=None
[2026-05-11T23:52:32.188+0000] {processor.py:208} INFO - Processing /opt/airflow/dags/dag_bronze_aisles.py took 0.112 seconds
[2026-05-11T23:53:03.095+0000] {processor.py:186} INFO - Started process (PID=1361) to work on /opt/airflow/dags/dag_bronze_aisles.py
[2026-05-11T23:53:03.096+0000] {processor.py:914} INFO - Processing file /opt/airflow/dags/dag_bronze_aisles.py for tasks to queue
[2026-05-11T23:53:03.098+0000] {logging_mixin.py:190} INFO - [2026-05-11T23:53:03.098+0000] {dagbag.py:588} INFO - Filling up the DagBag from /opt/airflow/dags/dag_bronze_aisles.py
[2026-05-11T23:53:03.105+0000] {processor.py:925} INFO - DAG(s) 'dag_bronze_aisles' retrieved from /opt/airflow/dags/dag_bronze_aisles.py
[2026-05-11T23:53:03.137+0000] {logging_mixin.py:190} INFO - [2026-05-11T23:53:03.137+0000] {dag.py:3239} INFO - Sync 1 DAGs
[2026-05-11T23:53:03.152+0000] {logging_mixin.py:190} INFO - [2026-05-11T23:53:03.151+0000] {dag.py:4180} INFO - Setting next_dagrun for dag_bronze_aisles to None, run_after=None
[2026-05-11T23:53:03.170+0000] {processor.py:208} INFO - Processing /opt/airflow/dags/dag_bronze_aisles.py took 0.080 seconds
[2026-05-11T23:53:34.165+0000] {processor.py:186} INFO - Started process (PID=1411) to work on /opt/airflow/dags/dag_bronze_aisles.py
[2026-05-11T23:53:34.166+0000] {processor.py:914} INFO - Processing file /opt/airflow/dags/dag_bronze_aisles.py for tasks to queue
[2026-05-11T23:53:34.167+0000] {logging_mixin.py:190} INFO - [2026-05-11T23:53:34.167+0000] {dagbag.py:588} INFO - Filling up the DagBag from /opt/airflow/dags/dag_bronze_aisles.py
[2026-05-11T23:53:34.174+0000] {processor.py:925} INFO - DAG(s) 'dag_bronze_aisles' retrieved from /opt/airflow/dags/dag_bronze_aisles.py
[2026-05-11T23:53:34.207+0000] {logging_mixin.py:190} INFO - [2026-05-11T23:53:34.206+0000] {dag.py:3239} INFO - Sync 1 DAGs
[2026-05-11T23:53:34.222+0000] {logging_mixin.py:190} INFO - [2026-05-11T23:53:34.221+0000] {dag.py:4180} INFO - Setting next_dagrun for dag_bronze_aisles to None, run_after=None
[2026-05-11T23:53:34.262+0000] {processor.py:208} INFO - Processing /opt/airflow/dags/dag_bronze_aisles.py took 0.102 seconds
[2026-05-11T23:54:05.143+0000] {processor.py:186} INFO - Started process (PID=1461) to work on /opt/airflow/dags/dag_bronze_aisles.py
[2026-05-11T23:54:05.144+0000] {processor.py:914} INFO - Processing file /opt/airflow/dags/dag_bronze_aisles.py for tasks to queue
[2026-05-11T23:54:05.146+0000] {logging_mixin.py:190} INFO - [2026-05-11T23:54:05.146+0000] {dagbag.py:588} INFO - Filling up the DagBag from /opt/airflow/dags/dag_bronze_aisles.py
[2026-05-11T23:54:05.153+0000] {processor.py:925} INFO - DAG(s) 'dag_bronze_aisles' retrieved from /opt/airflow/dags/dag_bronze_aisles.py
[2026-05-11T23:54:05.184+0000] {logging_mixin.py:190} INFO - [2026-05-11T23:54:05.184+0000] {dag.py:3239} INFO - Sync 1 DAGs
[2026-05-11T23:54:05.198+0000] {logging_mixin.py:190} INFO - [2026-05-11T23:54:05.198+0000] {dag.py:4180} INFO - Setting next_dagrun for dag_bronze_aisles to None, run_after=None
[2026-05-11T23:54:05.237+0000] {processor.py:208} INFO - Processing /opt/airflow/dags/dag_bronze_aisles.py took 0.099 seconds
[2026-05-11T23:54:36.084+0000] {processor.py:186} INFO - Started process (PID=1511) to work on /opt/airflow/dags/dag_bronze_aisles.py
[2026-05-11T23:54:36.085+0000] {processor.py:914} INFO - Processing file /opt/airflow/dags/dag_bronze_aisles.py for tasks to queue
[2026-05-11T23:54:36.087+0000] {logging_mixin.py:190} INFO - [2026-05-11T23:54:36.087+0000] {dagbag.py:588} INFO - Filling up the DagBag from /opt/airflow/dags/dag_bronze_aisles.py
[2026-05-11T23:54:36.094+0000] {processor.py:925} INFO - DAG(s) 'dag_bronze_aisles' retrieved from /opt/airflow/dags/dag_bronze_aisles.py
[2026-05-11T23:54:36.124+0000] {logging_mixin.py:190} INFO - [2026-05-11T23:54:36.123+0000] {dag.py:3239} INFO - Sync 1 DAGs
[2026-05-11T23:54:36.138+0000] {logging_mixin.py:190} INFO - [2026-05-11T23:54:36.138+0000] {dag.py:4180} INFO - Setting next_dagrun for dag_bronze_aisles to None, run_after=None
[2026-05-11T23:54:36.182+0000] {processor.py:208} INFO - Processing /opt/airflow/dags/dag_bronze_aisles.py took 0.103 seconds
[2026-05-11T23:55:07.064+0000] {processor.py:186} INFO - Started process (PID=1561) to work on /opt/airflow/dags/dag_bronze_aisles.py
[2026-05-11T23:55:07.091+0000] {processor.py:914} INFO - Processing file /opt/airflow/dags/dag_bronze_aisles.py for tasks to queue
[2026-05-11T23:55:07.094+0000] {logging_mixin.py:190} INFO - [2026-05-11T23:55:07.093+0000] {dagbag.py:588} INFO - Filling up the DagBag from /opt/airflow/dags/dag_bronze_aisles.py
[2026-05-11T23:55:07.105+0000] {processor.py:925} INFO - DAG(s) 'dag_bronze_aisles' retrieved from /opt/airflow/dags/dag_bronze_aisles.py
[2026-05-11T23:55:07.141+0000] {logging_mixin.py:190} INFO - [2026-05-11T23:55:07.141+0000] {dag.py:3239} INFO - Sync 1 DAGs
[2026-05-11T23:55:07.155+0000] {logging_mixin.py:190} INFO - [2026-05-11T23:55:07.155+0000] {dag.py:4180} INFO - Setting next_dagrun for dag_bronze_aisles to None, run_after=None
[2026-05-11T23:55:07.174+0000] {processor.py:208} INFO - Processing /opt/airflow/dags/dag_bronze_aisles.py took 0.119 seconds
[2026-05-11T23:55:38.196+0000] {processor.py:186} INFO - Started process (PID=1611) to work on /opt/airflow/dags/dag_bronze_aisles.py
[2026-05-11T23:55:38.197+0000] {processor.py:914} INFO - Processing file /opt/airflow/dags/dag_bronze_aisles.py for tasks to queue
[2026-05-11T23:55:38.199+0000] {logging_mixin.py:190} INFO - [2026-05-11T23:55:38.199+0000] {dagbag.py:588} INFO - Filling up the DagBag from /opt/airflow/dags/dag_bronze_aisles.py
[2026-05-11T23:55:38.206+0000] {processor.py:925} INFO - DAG(s) 'dag_bronze_aisles' retrieved from /opt/airflow/dags/dag_bronze_aisles.py
[2026-05-11T23:55:38.234+0000] {logging_mixin.py:190} INFO - [2026-05-11T23:55:38.234+0000] {dag.py:3239} INFO - Sync 1 DAGs
[2026-05-11T23:55:38.248+0000] {logging_mixin.py:190} INFO - [2026-05-11T23:55:38.248+0000] {dag.py:4180} INFO - Setting next_dagrun for dag_bronze_aisles to None, run_after=None
[2026-05-11T23:55:38.266+0000] {processor.py:208} INFO - Processing /opt/airflow/dags/dag_bronze_aisles.py took 0.075 seconds
[2026-05-11T23:56:09.568+0000] {processor.py:186} INFO - Started process (PID=1661) to work on /opt/airflow/dags/dag_bronze_aisles.py
[2026-05-11T23:56:09.657+0000] {processor.py:914} INFO - Processing file /opt/airflow/dags/dag_bronze_aisles.py for tasks to queue
[2026-05-11T23:56:09.663+0000] {logging_mixin.py:190} INFO - [2026-05-11T23:56:09.662+0000] {dagbag.py:588} INFO - Filling up the DagBag from /opt/airflow/dags/dag_bronze_aisles.py
[2026-05-11T23:56:09.690+0000] {processor.py:925} INFO - DAG(s) 'dag_bronze_aisles' retrieved from /opt/airflow/dags/dag_bronze_aisles.py
[2026-05-11T23:56:09.797+0000] {logging_mixin.py:190} INFO - [2026-05-11T23:56:09.796+0000] {dag.py:3239} INFO - Sync 1 DAGs
[2026-05-11T23:56:09.831+0000] {logging_mixin.py:190} INFO - [2026-05-11T23:56:09.830+0000] {dag.py:4180} INFO - Setting next_dagrun for dag_bronze_aisles to None, run_after=None
[2026-05-11T23:56:09.862+0000] {processor.py:208} INFO - Processing /opt/airflow/dags/dag_bronze_aisles.py took 0.303 seconds
[2026-05-11T23:56:40.060+0000] {processor.py:186} INFO - Started process (PID=1711) to work on /opt/airflow/dags/dag_bronze_aisles.py
[2026-05-11T23:56:40.061+0000] {processor.py:914} INFO - Processing file /opt/airflow/dags/dag_bronze_aisles.py for tasks to queue
[2026-05-11T23:56:40.063+0000] {logging_mixin.py:190} INFO - [2026-05-11T23:56:40.062+0000] {dagbag.py:588} INFO - Filling up the DagBag from /opt/airflow/dags/dag_bronze_aisles.py
[2026-05-11T23:56:40.070+0000] {processor.py:925} INFO - DAG(s) 'dag_bronze_aisles' retrieved from /opt/airflow/dags/dag_bronze_aisles.py
[2026-05-11T23:56:40.099+0000] {logging_mixin.py:190} INFO - [2026-05-11T23:56:40.099+0000] {dag.py:3239} INFO - Sync 1 DAGs
[2026-05-11T23:56:40.114+0000] {logging_mixin.py:190} INFO - [2026-05-11T23:56:40.113+0000] {dag.py:4180} INFO - Setting next_dagrun for dag_bronze_aisles to None, run_after=None
[2026-05-11T23:56:40.135+0000] {processor.py:208} INFO - Processing /opt/airflow/dags/dag_bronze_aisles.py took 0.080 seconds
[2026-05-11T23:57:11.053+0000] {processor.py:186} INFO - Started process (PID=1761) to work on /opt/airflow/dags/dag_bronze_aisles.py
[2026-05-11T23:57:11.054+0000] {processor.py:914} INFO - Processing file /opt/airflow/dags/dag_bronze_aisles.py for tasks to queue
[2026-05-11T23:57:11.056+0000] {logging_mixin.py:190} INFO - [2026-05-11T23:57:11.056+0000] {dagbag.py:588} INFO - Filling up the DagBag from /opt/airflow/dags/dag_bronze_aisles.py
[2026-05-11T23:57:11.063+0000] {processor.py:925} INFO - DAG(s) 'dag_bronze_aisles' retrieved from /opt/airflow/dags/dag_bronze_aisles.py
[2026-05-11T23:57:11.093+0000] {logging_mixin.py:190} INFO - [2026-05-11T23:57:11.093+0000] {dag.py:3239} INFO - Sync 1 DAGs
[2026-05-11T23:57:11.107+0000] {logging_mixin.py:190} INFO - [2026-05-11T23:57:11.107+0000] {dag.py:4180} INFO - Setting next_dagrun for dag_bronze_aisles to None, run_after=None
[2026-05-11T23:57:11.129+0000] {processor.py:208} INFO - Processing /opt/airflow/dags/dag_bronze_aisles.py took 0.082 seconds
[2026-05-11T23:57:41.909+0000] {processor.py:186} INFO - Started process (PID=1809) to work on /opt/airflow/dags/dag_bronze_aisles.py
[2026-05-11T23:57:41.910+0000] {processor.py:914} INFO - Processing file /opt/airflow/dags/dag_bronze_aisles.py for tasks to queue
[2026-05-11T23:57:41.911+0000] {logging_mixin.py:190} INFO - [2026-05-11T23:57:41.911+0000] {dagbag.py:588} INFO - Filling up the DagBag from /opt/airflow/dags/dag_bronze_aisles.py
[2026-05-11T23:57:41.919+0000] {processor.py:925} INFO - DAG(s) 'dag_bronze_aisles' retrieved from /opt/airflow/dags/dag_bronze_aisles.py
[2026-05-11T23:57:41.948+0000] {logging_mixin.py:190} INFO - [2026-05-11T23:57:41.948+0000] {dag.py:3239} INFO - Sync 1 DAGs
[2026-05-11T23:57:41.962+0000] {logging_mixin.py:190} INFO - [2026-05-11T23:57:41.962+0000] {dag.py:4180} INFO - Setting next_dagrun for dag_bronze_aisles to None, run_after=None
[2026-05-11T23:57:41.980+0000] {processor.py:208} INFO - Processing /opt/airflow/dags/dag_bronze_aisles.py took 0.076 seconds
[2026-05-11T23:58:12.778+0000] {processor.py:186} INFO - Started process (PID=1859) to work on /opt/airflow/dags/dag_bronze_aisles.py
[2026-05-11T23:58:12.779+0000] {processor.py:914} INFO - Processing file /opt/airflow/dags/dag_bronze_aisles.py for tasks to queue
[2026-05-11T23:58:12.781+0000] {logging_mixin.py:190} INFO - [2026-05-11T23:58:12.780+0000] {dagbag.py:588} INFO - Filling up the DagBag from /opt/airflow/dags/dag_bronze_aisles.py
[2026-05-11T23:58:12.788+0000] {processor.py:925} INFO - DAG(s) 'dag_bronze_aisles' retrieved from /opt/airflow/dags/dag_bronze_aisles.py
[2026-05-11T23:58:12.817+0000] {logging_mixin.py:190} INFO - [2026-05-11T23:58:12.817+0000] {dag.py:3239} INFO - Sync 1 DAGs
[2026-05-11T23:58:12.831+0000] {logging_mixin.py:190} INFO - [2026-05-11T23:58:12.831+0000] {dag.py:4180} INFO - Setting next_dagrun for dag_bronze_aisles to None, run_after=None
[2026-05-11T23:58:12.850+0000] {processor.py:208} INFO - Processing /opt/airflow/dags/dag_bronze_aisles.py took 0.077 seconds
[2026-05-11T23:58:43.647+0000] {processor.py:186} INFO - Started process (PID=1909) to work on /opt/airflow/dags/dag_bronze_aisles.py
[2026-05-11T23:58:43.648+0000] {processor.py:914} INFO - Processing file /opt/airflow/dags/dag_bronze_aisles.py for tasks to queue
[2026-05-11T23:58:43.650+0000] {logging_mixin.py:190} INFO - [2026-05-11T23:58:43.649+0000] {dagbag.py:588} INFO - Filling up the DagBag from /opt/airflow/dags/dag_bronze_aisles.py
[2026-05-11T23:58:43.658+0000] {processor.py:925} INFO - DAG(s) 'dag_bronze_aisles' retrieved from /opt/airflow/dags/dag_bronze_aisles.py
[2026-05-11T23:58:43.686+0000] {logging_mixin.py:190} INFO - [2026-05-11T23:58:43.686+0000] {dag.py:3239} INFO - Sync 1 DAGs
[2026-05-11T23:58:43.700+0000] {logging_mixin.py:190} INFO - [2026-05-11T23:58:43.700+0000] {dag.py:4180} INFO - Setting next_dagrun for dag_bronze_aisles to None, run_after=None
[2026-05-11T23:58:43.718+0000] {processor.py:208} INFO - Processing /opt/airflow/dags/dag_bronze_aisles.py took 0.077 seconds
[2026-05-11T23:59:14.579+0000] {processor.py:186} INFO - Started process (PID=1959) to work on /opt/airflow/dags/dag_bronze_aisles.py
[2026-05-11T23:59:14.580+0000] {processor.py:914} INFO - Processing file /opt/airflow/dags/dag_bronze_aisles.py for tasks to queue
[2026-05-11T23:59:14.583+0000] {logging_mixin.py:190} INFO - [2026-05-11T23:59:14.582+0000] {dagbag.py:588} INFO - Filling up the DagBag from /opt/airflow/dags/dag_bronze_aisles.py
[2026-05-11T23:59:14.590+0000] {processor.py:925} INFO - DAG(s) 'dag_bronze_aisles' retrieved from /opt/airflow/dags/dag_bronze_aisles.py
[2026-05-11T23:59:14.621+0000] {logging_mixin.py:190} INFO - [2026-05-11T23:59:14.620+0000] {dag.py:3239} INFO - Sync 1 DAGs
[2026-05-11T23:59:14.635+0000] {logging_mixin.py:190} INFO - [2026-05-11T23:59:14.635+0000] {dag.py:4180} INFO - Setting next_dagrun for dag_bronze_aisles to None, run_after=None
[2026-05-11T23:59:14.652+0000] {processor.py:208} INFO - Processing /opt/airflow/dags/dag_bronze_aisles.py took 0.079 seconds
[2026-05-11T23:59:45.531+0000] {processor.py:186} INFO - Started process (PID=2009) to work on /opt/airflow/dags/dag_bronze_aisles.py
[2026-05-11T23:59:45.532+0000] {processor.py:914} INFO - Processing file /opt/airflow/dags/dag_bronze_aisles.py for tasks to queue
[2026-05-11T23:59:45.534+0000] {logging_mixin.py:190} INFO - [2026-05-11T23:59:45.534+0000] {dagbag.py:588} INFO - Filling up the DagBag from /opt/airflow/dags/dag_bronze_aisles.py
[2026-05-11T23:59:45.541+0000] {processor.py:925} INFO - DAG(s) 'dag_bronze_aisles' retrieved from /opt/airflow/dags/dag_bronze_aisles.py
[2026-05-11T23:59:45.570+0000] {logging_mixin.py:190} INFO - [2026-05-11T23:59:45.570+0000] {dag.py:3239} INFO - Sync 1 DAGs
[2026-05-11T23:59:45.585+0000] {logging_mixin.py:190} INFO - [2026-05-11T23:59:45.585+0000] {dag.py:4180} INFO - Setting next_dagrun for dag_bronze_aisles to None, run_after=None
[2026-05-11T23:59:45.604+0000] {processor.py:208} INFO - Processing /opt/airflow/dags/dag_bronze_aisles.py took 0.078 seconds
