[2026-05-11T23:41:42.321+0000] {processor.py:186} INFO - Started process (PID=248) to work on /opt/airflow/dags/dag_bronze_products.py
[2026-05-11T23:41:42.323+0000] {processor.py:914} INFO - Processing file /opt/airflow/dags/dag_bronze_products.py for tasks to queue
[2026-05-11T23:41:42.326+0000] {logging_mixin.py:190} INFO - [2026-05-11T23:41:42.325+0000] {dagbag.py:588} INFO - Filling up the DagBag from /opt/airflow/dags/dag_bronze_products.py
[2026-05-11T23:41:42.345+0000] {processor.py:925} INFO - DAG(s) 'dag_bronze_products' retrieved from /opt/airflow/dags/dag_bronze_products.py
[2026-05-11T23:41:42.404+0000] {logging_mixin.py:190} INFO - [2026-05-11T23:41:42.403+0000] {dag.py:3239} INFO - Sync 1 DAGs
[2026-05-11T23:41:42.428+0000] {logging_mixin.py:190} INFO - [2026-05-11T23:41:42.428+0000] {dag.py:4180} INFO - Setting next_dagrun for dag_bronze_products to None, run_after=None
[2026-05-11T23:41:42.464+0000] {processor.py:208} INFO - Processing /opt/airflow/dags/dag_bronze_products.py took 0.152 seconds
[2026-05-11T23:42:12.659+0000] {processor.py:186} INFO - Started process (PID=299) to work on /opt/airflow/dags/dag_bronze_products.py
[2026-05-11T23:42:12.683+0000] {processor.py:914} INFO - Processing file /opt/airflow/dags/dag_bronze_products.py for tasks to queue
[2026-05-11T23:42:12.685+0000] {logging_mixin.py:190} INFO - [2026-05-11T23:42:12.684+0000] {dagbag.py:588} INFO - Filling up the DagBag from /opt/airflow/dags/dag_bronze_products.py
[2026-05-11T23:42:12.692+0000] {processor.py:925} INFO - DAG(s) 'dag_bronze_products' retrieved from /opt/airflow/dags/dag_bronze_products.py
[2026-05-11T23:42:12.720+0000] {logging_mixin.py:190} INFO - [2026-05-11T23:42:12.720+0000] {dag.py:3239} INFO - Sync 1 DAGs
[2026-05-11T23:42:12.737+0000] {logging_mixin.py:190} INFO - [2026-05-11T23:42:12.736+0000] {dag.py:4180} INFO - Setting next_dagrun for dag_bronze_products to None, run_after=None
[2026-05-11T23:42:12.756+0000] {processor.py:208} INFO - Processing /opt/airflow/dags/dag_bronze_products.py took 0.103 seconds
[2026-05-11T23:42:43.819+0000] {processor.py:186} INFO - Started process (PID=349) to work on /opt/airflow/dags/dag_bronze_products.py
[2026-05-11T23:42:43.845+0000] {processor.py:914} INFO - Processing file /opt/airflow/dags/dag_bronze_products.py for tasks to queue
[2026-05-11T23:42:43.848+0000] {logging_mixin.py:190} INFO - [2026-05-11T23:42:43.847+0000] {dagbag.py:588} INFO - Filling up the DagBag from /opt/airflow/dags/dag_bronze_products.py
[2026-05-11T23:42:43.858+0000] {processor.py:925} INFO - DAG(s) 'dag_bronze_products' retrieved from /opt/airflow/dags/dag_bronze_products.py
[2026-05-11T23:42:43.898+0000] {logging_mixin.py:190} INFO - [2026-05-11T23:42:43.898+0000] {dag.py:3239} INFO - Sync 1 DAGs
[2026-05-11T23:42:43.913+0000] {logging_mixin.py:190} INFO - [2026-05-11T23:42:43.913+0000] {dag.py:4180} INFO - Setting next_dagrun for dag_bronze_products to None, run_after=None
[2026-05-11T23:42:43.934+0000] {processor.py:208} INFO - Processing /opt/airflow/dags/dag_bronze_products.py took 0.122 seconds
[2026-05-11T23:43:14.829+0000] {processor.py:186} INFO - Started process (PID=399) to work on /opt/airflow/dags/dag_bronze_products.py
[2026-05-11T23:43:14.830+0000] {processor.py:914} INFO - Processing file /opt/airflow/dags/dag_bronze_products.py for tasks to queue
[2026-05-11T23:43:14.832+0000] {logging_mixin.py:190} INFO - [2026-05-11T23:43:14.832+0000] {dagbag.py:588} INFO - Filling up the DagBag from /opt/airflow/dags/dag_bronze_products.py
[2026-05-11T23:43:14.839+0000] {processor.py:925} INFO - DAG(s) 'dag_bronze_products' retrieved from /opt/airflow/dags/dag_bronze_products.py
[2026-05-11T23:43:14.869+0000] {logging_mixin.py:190} INFO - [2026-05-11T23:43:14.869+0000] {dag.py:3239} INFO - Sync 1 DAGs
[2026-05-11T23:43:14.883+0000] {logging_mixin.py:190} INFO - [2026-05-11T23:43:14.883+0000] {dag.py:4180} INFO - Setting next_dagrun for dag_bronze_products to None, run_after=None
[2026-05-11T23:43:14.917+0000] {processor.py:208} INFO - Processing /opt/airflow/dags/dag_bronze_products.py took 0.096 seconds
[2026-05-11T23:43:45.794+0000] {processor.py:186} INFO - Started process (PID=449) to work on /opt/airflow/dags/dag_bronze_products.py
[2026-05-11T23:43:45.805+0000] {processor.py:914} INFO - Processing file /opt/airflow/dags/dag_bronze_products.py for tasks to queue
[2026-05-11T23:43:45.807+0000] {logging_mixin.py:190} INFO - [2026-05-11T23:43:45.807+0000] {dagbag.py:588} INFO - Filling up the DagBag from /opt/airflow/dags/dag_bronze_products.py
[2026-05-11T23:43:45.814+0000] {processor.py:925} INFO - DAG(s) 'dag_bronze_products' retrieved from /opt/airflow/dags/dag_bronze_products.py
[2026-05-11T23:43:45.843+0000] {logging_mixin.py:190} INFO - [2026-05-11T23:43:45.842+0000] {dag.py:3239} INFO - Sync 1 DAGs
[2026-05-11T23:43:45.858+0000] {logging_mixin.py:190} INFO - [2026-05-11T23:43:45.858+0000] {dag.py:4180} INFO - Setting next_dagrun for dag_bronze_products to None, run_after=None
[2026-05-11T23:43:45.877+0000] {processor.py:208} INFO - Processing /opt/airflow/dags/dag_bronze_products.py took 0.090 seconds
[2026-05-11T23:44:16.730+0000] {processor.py:186} INFO - Started process (PID=499) to work on /opt/airflow/dags/dag_bronze_products.py
[2026-05-11T23:44:16.744+0000] {processor.py:914} INFO - Processing file /opt/airflow/dags/dag_bronze_products.py for tasks to queue
[2026-05-11T23:44:16.746+0000] {logging_mixin.py:190} INFO - [2026-05-11T23:44:16.745+0000] {dagbag.py:588} INFO - Filling up the DagBag from /opt/airflow/dags/dag_bronze_products.py
[2026-05-11T23:44:16.753+0000] {processor.py:925} INFO - DAG(s) 'dag_bronze_products' retrieved from /opt/airflow/dags/dag_bronze_products.py
[2026-05-11T23:44:16.781+0000] {logging_mixin.py:190} INFO - [2026-05-11T23:44:16.781+0000] {dag.py:3239} INFO - Sync 1 DAGs
[2026-05-11T23:44:16.796+0000] {logging_mixin.py:190} INFO - [2026-05-11T23:44:16.796+0000] {dag.py:4180} INFO - Setting next_dagrun for dag_bronze_products to None, run_after=None
[2026-05-11T23:44:16.816+0000] {processor.py:208} INFO - Processing /opt/airflow/dags/dag_bronze_products.py took 0.092 seconds
[2026-05-11T23:44:47.649+0000] {processor.py:186} INFO - Started process (PID=549) to work on /opt/airflow/dags/dag_bronze_products.py
[2026-05-11T23:44:47.652+0000] {processor.py:914} INFO - Processing file /opt/airflow/dags/dag_bronze_products.py for tasks to queue
[2026-05-11T23:44:47.654+0000] {logging_mixin.py:190} INFO - [2026-05-11T23:44:47.654+0000] {dagbag.py:588} INFO - Filling up the DagBag from /opt/airflow/dags/dag_bronze_products.py
[2026-05-11T23:44:47.661+0000] {processor.py:925} INFO - DAG(s) 'dag_bronze_products' retrieved from /opt/airflow/dags/dag_bronze_products.py
[2026-05-11T23:44:47.689+0000] {logging_mixin.py:190} INFO - [2026-05-11T23:44:47.688+0000] {dag.py:3239} INFO - Sync 1 DAGs
[2026-05-11T23:44:47.703+0000] {logging_mixin.py:190} INFO - [2026-05-11T23:44:47.703+0000] {dag.py:4180} INFO - Setting next_dagrun for dag_bronze_products to None, run_after=None
[2026-05-11T23:44:47.721+0000] {processor.py:208} INFO - Processing /opt/airflow/dags/dag_bronze_products.py took 0.078 seconds
[2026-05-11T23:45:18.748+0000] {processor.py:186} INFO - Started process (PID=599) to work on /opt/airflow/dags/dag_bronze_products.py
[2026-05-11T23:45:18.752+0000] {processor.py:914} INFO - Processing file /opt/airflow/dags/dag_bronze_products.py for tasks to queue
[2026-05-11T23:45:18.754+0000] {logging_mixin.py:190} INFO - [2026-05-11T23:45:18.753+0000] {dagbag.py:588} INFO - Filling up the DagBag from /opt/airflow/dags/dag_bronze_products.py
[2026-05-11T23:45:18.762+0000] {processor.py:925} INFO - DAG(s) 'dag_bronze_products' retrieved from /opt/airflow/dags/dag_bronze_products.py
[2026-05-11T23:45:18.793+0000] {logging_mixin.py:190} INFO - [2026-05-11T23:45:18.792+0000] {dag.py:3239} INFO - Sync 1 DAGs
[2026-05-11T23:45:18.807+0000] {logging_mixin.py:190} INFO - [2026-05-11T23:45:18.806+0000] {dag.py:4180} INFO - Setting next_dagrun for dag_bronze_products to None, run_after=None
[2026-05-11T23:45:18.826+0000] {processor.py:208} INFO - Processing /opt/airflow/dags/dag_bronze_products.py took 0.085 seconds
[2026-05-11T23:45:49.692+0000] {processor.py:186} INFO - Started process (PID=649) to work on /opt/airflow/dags/dag_bronze_products.py
[2026-05-11T23:45:49.698+0000] {processor.py:914} INFO - Processing file /opt/airflow/dags/dag_bronze_products.py for tasks to queue
[2026-05-11T23:45:49.700+0000] {logging_mixin.py:190} INFO - [2026-05-11T23:45:49.700+0000] {dagbag.py:588} INFO - Filling up the DagBag from /opt/airflow/dags/dag_bronze_products.py
[2026-05-11T23:45:49.710+0000] {processor.py:925} INFO - DAG(s) 'dag_bronze_products' retrieved from /opt/airflow/dags/dag_bronze_products.py
[2026-05-11T23:45:49.739+0000] {logging_mixin.py:190} INFO - [2026-05-11T23:45:49.739+0000] {dag.py:3239} INFO - Sync 1 DAGs
[2026-05-11T23:45:49.753+0000] {logging_mixin.py:190} INFO - [2026-05-11T23:45:49.753+0000] {dag.py:4180} INFO - Setting next_dagrun for dag_bronze_products to None, run_after=None
[2026-05-11T23:45:49.772+0000] {processor.py:208} INFO - Processing /opt/airflow/dags/dag_bronze_products.py took 0.085 seconds
[2026-05-11T23:46:20.650+0000] {processor.py:186} INFO - Started process (PID=699) to work on /opt/airflow/dags/dag_bronze_products.py
[2026-05-11T23:46:20.667+0000] {processor.py:914} INFO - Processing file /opt/airflow/dags/dag_bronze_products.py for tasks to queue
[2026-05-11T23:46:20.673+0000] {logging_mixin.py:190} INFO - [2026-05-11T23:46:20.672+0000] {dagbag.py:588} INFO - Filling up the DagBag from /opt/airflow/dags/dag_bronze_products.py
[2026-05-11T23:46:20.691+0000] {processor.py:925} INFO - DAG(s) 'dag_bronze_products' retrieved from /opt/airflow/dags/dag_bronze_products.py
[2026-05-11T23:46:20.734+0000] {logging_mixin.py:190} INFO - [2026-05-11T23:46:20.734+0000] {dag.py:3239} INFO - Sync 1 DAGs
[2026-05-11T23:46:20.752+0000] {logging_mixin.py:190} INFO - [2026-05-11T23:46:20.752+0000] {dag.py:4180} INFO - Setting next_dagrun for dag_bronze_products to None, run_after=None
[2026-05-11T23:46:20.796+0000] {processor.py:208} INFO - Processing /opt/airflow/dags/dag_bronze_products.py took 0.165 seconds
[2026-05-11T23:46:51.830+0000] {processor.py:186} INFO - Started process (PID=749) to work on /opt/airflow/dags/dag_bronze_products.py
[2026-05-11T23:46:51.838+0000] {processor.py:914} INFO - Processing file /opt/airflow/dags/dag_bronze_products.py for tasks to queue
[2026-05-11T23:46:51.839+0000] {logging_mixin.py:190} INFO - [2026-05-11T23:46:51.839+0000] {dagbag.py:588} INFO - Filling up the DagBag from /opt/airflow/dags/dag_bronze_products.py
[2026-05-11T23:46:51.848+0000] {processor.py:925} INFO - DAG(s) 'dag_bronze_products' retrieved from /opt/airflow/dags/dag_bronze_products.py
[2026-05-11T23:46:51.879+0000] {logging_mixin.py:190} INFO - [2026-05-11T23:46:51.878+0000] {dag.py:3239} INFO - Sync 1 DAGs
[2026-05-11T23:46:51.894+0000] {logging_mixin.py:190} INFO - [2026-05-11T23:46:51.894+0000] {dag.py:4180} INFO - Setting next_dagrun for dag_bronze_products to None, run_after=None
[2026-05-11T23:46:51.917+0000] {processor.py:208} INFO - Processing /opt/airflow/dags/dag_bronze_products.py took 0.094 seconds
[2026-05-11T23:47:22.827+0000] {processor.py:186} INFO - Started process (PID=799) to work on /opt/airflow/dags/dag_bronze_products.py
[2026-05-11T23:47:22.841+0000] {processor.py:914} INFO - Processing file /opt/airflow/dags/dag_bronze_products.py for tasks to queue
[2026-05-11T23:47:22.844+0000] {logging_mixin.py:190} INFO - [2026-05-11T23:47:22.843+0000] {dagbag.py:588} INFO - Filling up the DagBag from /opt/airflow/dags/dag_bronze_products.py
[2026-05-11T23:47:22.851+0000] {processor.py:925} INFO - DAG(s) 'dag_bronze_products' retrieved from /opt/airflow/dags/dag_bronze_products.py
[2026-05-11T23:47:22.883+0000] {logging_mixin.py:190} INFO - [2026-05-11T23:47:22.883+0000] {dag.py:3239} INFO - Sync 1 DAGs
[2026-05-11T23:47:22.897+0000] {logging_mixin.py:190} INFO - [2026-05-11T23:47:22.897+0000] {dag.py:4180} INFO - Setting next_dagrun for dag_bronze_products to None, run_after=None
[2026-05-11T23:47:22.944+0000] {processor.py:208} INFO - Processing /opt/airflow/dags/dag_bronze_products.py took 0.123 seconds
[2026-05-11T23:47:53.790+0000] {processor.py:186} INFO - Started process (PID=849) to work on /opt/airflow/dags/dag_bronze_products.py
[2026-05-11T23:47:53.799+0000] {processor.py:914} INFO - Processing file /opt/airflow/dags/dag_bronze_products.py for tasks to queue
[2026-05-11T23:47:53.802+0000] {logging_mixin.py:190} INFO - [2026-05-11T23:47:53.801+0000] {dagbag.py:588} INFO - Filling up the DagBag from /opt/airflow/dags/dag_bronze_products.py
[2026-05-11T23:47:53.809+0000] {processor.py:925} INFO - DAG(s) 'dag_bronze_products' retrieved from /opt/airflow/dags/dag_bronze_products.py
[2026-05-11T23:47:53.841+0000] {logging_mixin.py:190} INFO - [2026-05-11T23:47:53.841+0000] {dag.py:3239} INFO - Sync 1 DAGs
[2026-05-11T23:47:53.855+0000] {logging_mixin.py:190} INFO - [2026-05-11T23:47:53.855+0000] {dag.py:4180} INFO - Setting next_dagrun for dag_bronze_products to None, run_after=None
[2026-05-11T23:47:53.888+0000] {processor.py:208} INFO - Processing /opt/airflow/dags/dag_bronze_products.py took 0.105 seconds
[2026-05-11T23:48:24.741+0000] {processor.py:186} INFO - Started process (PID=899) to work on /opt/airflow/dags/dag_bronze_products.py
[2026-05-11T23:48:24.765+0000] {processor.py:914} INFO - Processing file /opt/airflow/dags/dag_bronze_products.py for tasks to queue
[2026-05-11T23:48:24.770+0000] {logging_mixin.py:190} INFO - [2026-05-11T23:48:24.769+0000] {dagbag.py:588} INFO - Filling up the DagBag from /opt/airflow/dags/dag_bronze_products.py
[2026-05-11T23:48:24.788+0000] {processor.py:925} INFO - DAG(s) 'dag_bronze_products' retrieved from /opt/airflow/dags/dag_bronze_products.py
[2026-05-11T23:48:24.822+0000] {logging_mixin.py:190} INFO - [2026-05-11T23:48:24.822+0000] {dag.py:3239} INFO - Sync 1 DAGs
[2026-05-11T23:48:24.837+0000] {logging_mixin.py:190} INFO - [2026-05-11T23:48:24.836+0000] {dag.py:4180} INFO - Setting next_dagrun for dag_bronze_products to None, run_after=None
[2026-05-11T23:48:24.871+0000] {processor.py:208} INFO - Processing /opt/airflow/dags/dag_bronze_products.py took 0.135 seconds
[2026-05-11T23:48:55.763+0000] {processor.py:186} INFO - Started process (PID=949) to work on /opt/airflow/dags/dag_bronze_products.py
[2026-05-11T23:48:55.773+0000] {processor.py:914} INFO - Processing file /opt/airflow/dags/dag_bronze_products.py for tasks to queue
[2026-05-11T23:48:55.775+0000] {logging_mixin.py:190} INFO - [2026-05-11T23:48:55.775+0000] {dagbag.py:588} INFO - Filling up the DagBag from /opt/airflow/dags/dag_bronze_products.py
[2026-05-11T23:48:55.782+0000] {processor.py:925} INFO - DAG(s) 'dag_bronze_products' retrieved from /opt/airflow/dags/dag_bronze_products.py
[2026-05-11T23:48:55.810+0000] {logging_mixin.py:190} INFO - [2026-05-11T23:48:55.810+0000] {dag.py:3239} INFO - Sync 1 DAGs
[2026-05-11T23:48:55.824+0000] {logging_mixin.py:190} INFO - [2026-05-11T23:48:55.823+0000] {dag.py:4180} INFO - Setting next_dagrun for dag_bronze_products to None, run_after=None
[2026-05-11T23:48:55.873+0000] {processor.py:208} INFO - Processing /opt/airflow/dags/dag_bronze_products.py took 0.118 seconds
[2026-05-11T23:49:26.718+0000] {processor.py:186} INFO - Started process (PID=999) to work on /opt/airflow/dags/dag_bronze_products.py
[2026-05-11T23:49:26.719+0000] {processor.py:914} INFO - Processing file /opt/airflow/dags/dag_bronze_products.py for tasks to queue
[2026-05-11T23:49:26.721+0000] {logging_mixin.py:190} INFO - [2026-05-11T23:49:26.720+0000] {dagbag.py:588} INFO - Filling up the DagBag from /opt/airflow/dags/dag_bronze_products.py
[2026-05-11T23:49:26.731+0000] {processor.py:925} INFO - DAG(s) 'dag_bronze_products' retrieved from /opt/airflow/dags/dag_bronze_products.py
[2026-05-11T23:49:26.763+0000] {logging_mixin.py:190} INFO - [2026-05-11T23:49:26.763+0000] {dag.py:3239} INFO - Sync 1 DAGs
[2026-05-11T23:49:26.783+0000] {logging_mixin.py:190} INFO - [2026-05-11T23:49:26.781+0000] {dag.py:4180} INFO - Setting next_dagrun for dag_bronze_products to None, run_after=None
[2026-05-11T23:49:26.810+0000] {processor.py:208} INFO - Processing /opt/airflow/dags/dag_bronze_products.py took 0.098 seconds
[2026-05-11T23:49:57.044+0000] {processor.py:186} INFO - Started process (PID=1051) to work on /opt/airflow/dags/dag_bronze_products.py
[2026-05-11T23:49:57.045+0000] {processor.py:914} INFO - Processing file /opt/airflow/dags/dag_bronze_products.py for tasks to queue
[2026-05-11T23:49:57.047+0000] {logging_mixin.py:190} INFO - [2026-05-11T23:49:57.047+0000] {dagbag.py:588} INFO - Filling up the DagBag from /opt/airflow/dags/dag_bronze_products.py
[2026-05-11T23:49:57.054+0000] {processor.py:925} INFO - DAG(s) 'dag_bronze_products' retrieved from /opt/airflow/dags/dag_bronze_products.py
[2026-05-11T23:49:57.085+0000] {logging_mixin.py:190} INFO - [2026-05-11T23:49:57.085+0000] {dag.py:3239} INFO - Sync 1 DAGs
[2026-05-11T23:49:57.100+0000] {logging_mixin.py:190} INFO - [2026-05-11T23:49:57.100+0000] {dag.py:4180} INFO - Setting next_dagrun for dag_bronze_products to None, run_after=None
[2026-05-11T23:49:57.118+0000] {processor.py:208} INFO - Processing /opt/airflow/dags/dag_bronze_products.py took 0.079 seconds
[2026-05-11T23:50:28.035+0000] {processor.py:186} INFO - Started process (PID=1099) to work on /opt/airflow/dags/dag_bronze_products.py
[2026-05-11T23:50:28.036+0000] {processor.py:914} INFO - Processing file /opt/airflow/dags/dag_bronze_products.py for tasks to queue
[2026-05-11T23:50:28.039+0000] {logging_mixin.py:190} INFO - [2026-05-11T23:50:28.038+0000] {dagbag.py:588} INFO - Filling up the DagBag from /opt/airflow/dags/dag_bronze_products.py
[2026-05-11T23:50:28.049+0000] {processor.py:925} INFO - DAG(s) 'dag_bronze_products' retrieved from /opt/airflow/dags/dag_bronze_products.py
[2026-05-11T23:50:28.091+0000] {logging_mixin.py:190} INFO - [2026-05-11T23:50:28.090+0000] {dag.py:3239} INFO - Sync 1 DAGs
[2026-05-11T23:50:28.109+0000] {logging_mixin.py:190} INFO - [2026-05-11T23:50:28.109+0000] {dag.py:4180} INFO - Setting next_dagrun for dag_bronze_products to None, run_after=None
[2026-05-11T23:50:28.157+0000] {processor.py:208} INFO - Processing /opt/airflow/dags/dag_bronze_products.py took 0.129 seconds
[2026-05-11T23:50:58.954+0000] {processor.py:186} INFO - Started process (PID=1149) to work on /opt/airflow/dags/dag_bronze_products.py
[2026-05-11T23:50:58.955+0000] {processor.py:914} INFO - Processing file /opt/airflow/dags/dag_bronze_products.py for tasks to queue
[2026-05-11T23:50:58.957+0000] {logging_mixin.py:190} INFO - [2026-05-11T23:50:58.957+0000] {dagbag.py:588} INFO - Filling up the DagBag from /opt/airflow/dags/dag_bronze_products.py
[2026-05-11T23:50:58.964+0000] {processor.py:925} INFO - DAG(s) 'dag_bronze_products' retrieved from /opt/airflow/dags/dag_bronze_products.py
[2026-05-11T23:50:58.993+0000] {logging_mixin.py:190} INFO - [2026-05-11T23:50:58.993+0000] {dag.py:3239} INFO - Sync 1 DAGs
[2026-05-11T23:50:59.007+0000] {logging_mixin.py:190} INFO - [2026-05-11T23:50:59.007+0000] {dag.py:4180} INFO - Setting next_dagrun for dag_bronze_products to None, run_after=None
[2026-05-11T23:50:59.055+0000] {processor.py:208} INFO - Processing /opt/airflow/dags/dag_bronze_products.py took 0.106 seconds
[2026-05-11T23:51:29.891+0000] {processor.py:186} INFO - Started process (PID=1199) to work on /opt/airflow/dags/dag_bronze_products.py
[2026-05-11T23:51:29.892+0000] {processor.py:914} INFO - Processing file /opt/airflow/dags/dag_bronze_products.py for tasks to queue
[2026-05-11T23:51:29.893+0000] {logging_mixin.py:190} INFO - [2026-05-11T23:51:29.893+0000] {dagbag.py:588} INFO - Filling up the DagBag from /opt/airflow/dags/dag_bronze_products.py
[2026-05-11T23:51:29.900+0000] {processor.py:925} INFO - DAG(s) 'dag_bronze_products' retrieved from /opt/airflow/dags/dag_bronze_products.py
[2026-05-11T23:51:29.930+0000] {logging_mixin.py:190} INFO - [2026-05-11T23:51:29.930+0000] {dag.py:3239} INFO - Sync 1 DAGs
[2026-05-11T23:51:29.944+0000] {logging_mixin.py:190} INFO - [2026-05-11T23:51:29.944+0000] {dag.py:4180} INFO - Setting next_dagrun for dag_bronze_products to None, run_after=None
[2026-05-11T23:51:29.964+0000] {processor.py:208} INFO - Processing /opt/airflow/dags/dag_bronze_products.py took 0.078 seconds
[2026-05-11T23:52:00.855+0000] {processor.py:186} INFO - Started process (PID=1249) to work on /opt/airflow/dags/dag_bronze_products.py
[2026-05-11T23:52:00.869+0000] {processor.py:914} INFO - Processing file /opt/airflow/dags/dag_bronze_products.py for tasks to queue
[2026-05-11T23:52:00.871+0000] {logging_mixin.py:190} INFO - [2026-05-11T23:52:00.871+0000] {dagbag.py:588} INFO - Filling up the DagBag from /opt/airflow/dags/dag_bronze_products.py
[2026-05-11T23:52:00.878+0000] {processor.py:925} INFO - DAG(s) 'dag_bronze_products' retrieved from /opt/airflow/dags/dag_bronze_products.py
[2026-05-11T23:52:00.909+0000] {logging_mixin.py:190} INFO - [2026-05-11T23:52:00.909+0000] {dag.py:3239} INFO - Sync 1 DAGs
[2026-05-11T23:52:00.925+0000] {logging_mixin.py:190} INFO - [2026-05-11T23:52:00.925+0000] {dag.py:4180} INFO - Setting next_dagrun for dag_bronze_products to None, run_after=None
[2026-05-11T23:52:00.945+0000] {processor.py:208} INFO - Processing /opt/airflow/dags/dag_bronze_products.py took 0.096 seconds
[2026-05-11T23:52:31.794+0000] {processor.py:186} INFO - Started process (PID=1299) to work on /opt/airflow/dags/dag_bronze_products.py
[2026-05-11T23:52:31.795+0000] {processor.py:914} INFO - Processing file /opt/airflow/dags/dag_bronze_products.py for tasks to queue
[2026-05-11T23:52:31.797+0000] {logging_mixin.py:190} INFO - [2026-05-11T23:52:31.797+0000] {dagbag.py:588} INFO - Filling up the DagBag from /opt/airflow/dags/dag_bronze_products.py
[2026-05-11T23:52:31.806+0000] {processor.py:925} INFO - DAG(s) 'dag_bronze_products' retrieved from /opt/airflow/dags/dag_bronze_products.py
[2026-05-11T23:52:31.844+0000] {logging_mixin.py:190} INFO - [2026-05-11T23:52:31.844+0000] {dag.py:3239} INFO - Sync 1 DAGs
[2026-05-11T23:52:31.862+0000] {logging_mixin.py:190} INFO - [2026-05-11T23:52:31.862+0000] {dag.py:4180} INFO - Setting next_dagrun for dag_bronze_products to None, run_after=None
[2026-05-11T23:52:31.910+0000] {processor.py:208} INFO - Processing /opt/airflow/dags/dag_bronze_products.py took 0.126 seconds
[2026-05-11T23:53:02.862+0000] {processor.py:186} INFO - Started process (PID=1349) to work on /opt/airflow/dags/dag_bronze_products.py
[2026-05-11T23:53:02.870+0000] {processor.py:914} INFO - Processing file /opt/airflow/dags/dag_bronze_products.py for tasks to queue
[2026-05-11T23:53:02.873+0000] {logging_mixin.py:190} INFO - [2026-05-11T23:53:02.872+0000] {dagbag.py:588} INFO - Filling up the DagBag from /opt/airflow/dags/dag_bronze_products.py
[2026-05-11T23:53:02.880+0000] {processor.py:925} INFO - DAG(s) 'dag_bronze_products' retrieved from /opt/airflow/dags/dag_bronze_products.py
[2026-05-11T23:53:02.912+0000] {logging_mixin.py:190} INFO - [2026-05-11T23:53:02.912+0000] {dag.py:3239} INFO - Sync 1 DAGs
[2026-05-11T23:53:02.927+0000] {logging_mixin.py:190} INFO - [2026-05-11T23:53:02.926+0000] {dag.py:4180} INFO - Setting next_dagrun for dag_bronze_products to None, run_after=None
[2026-05-11T23:53:02.945+0000] {processor.py:208} INFO - Processing /opt/airflow/dags/dag_bronze_products.py took 0.090 seconds
[2026-05-11T23:53:33.957+0000] {processor.py:186} INFO - Started process (PID=1399) to work on /opt/airflow/dags/dag_bronze_products.py
[2026-05-11T23:53:33.974+0000] {processor.py:914} INFO - Processing file /opt/airflow/dags/dag_bronze_products.py for tasks to queue
[2026-05-11T23:53:33.976+0000] {logging_mixin.py:190} INFO - [2026-05-11T23:53:33.976+0000] {dagbag.py:588} INFO - Filling up the DagBag from /opt/airflow/dags/dag_bronze_products.py
[2026-05-11T23:53:33.983+0000] {processor.py:925} INFO - DAG(s) 'dag_bronze_products' retrieved from /opt/airflow/dags/dag_bronze_products.py
[2026-05-11T23:53:34.012+0000] {logging_mixin.py:190} INFO - [2026-05-11T23:53:34.012+0000] {dag.py:3239} INFO - Sync 1 DAGs
[2026-05-11T23:53:34.026+0000] {logging_mixin.py:190} INFO - [2026-05-11T23:53:34.026+0000] {dag.py:4180} INFO - Setting next_dagrun for dag_bronze_products to None, run_after=None
[2026-05-11T23:53:34.046+0000] {processor.py:208} INFO - Processing /opt/airflow/dags/dag_bronze_products.py took 0.095 seconds
[2026-05-11T23:54:04.901+0000] {processor.py:186} INFO - Started process (PID=1449) to work on /opt/airflow/dags/dag_bronze_products.py
[2026-05-11T23:54:04.922+0000] {processor.py:914} INFO - Processing file /opt/airflow/dags/dag_bronze_products.py for tasks to queue
[2026-05-11T23:54:04.924+0000] {logging_mixin.py:190} INFO - [2026-05-11T23:54:04.924+0000] {dagbag.py:588} INFO - Filling up the DagBag from /opt/airflow/dags/dag_bronze_products.py
[2026-05-11T23:54:04.932+0000] {processor.py:925} INFO - DAG(s) 'dag_bronze_products' retrieved from /opt/airflow/dags/dag_bronze_products.py
[2026-05-11T23:54:04.964+0000] {logging_mixin.py:190} INFO - [2026-05-11T23:54:04.964+0000] {dag.py:3239} INFO - Sync 1 DAGs
[2026-05-11T23:54:04.978+0000] {logging_mixin.py:190} INFO - [2026-05-11T23:54:04.978+0000] {dag.py:4180} INFO - Setting next_dagrun for dag_bronze_products to None, run_after=None
[2026-05-11T23:54:04.997+0000] {processor.py:208} INFO - Processing /opt/airflow/dags/dag_bronze_products.py took 0.102 seconds
[2026-05-11T23:54:35.866+0000] {processor.py:186} INFO - Started process (PID=1499) to work on /opt/airflow/dags/dag_bronze_products.py
[2026-05-11T23:54:35.883+0000] {processor.py:914} INFO - Processing file /opt/airflow/dags/dag_bronze_products.py for tasks to queue
[2026-05-11T23:54:35.885+0000] {logging_mixin.py:190} INFO - [2026-05-11T23:54:35.885+0000] {dagbag.py:588} INFO - Filling up the DagBag from /opt/airflow/dags/dag_bronze_products.py
[2026-05-11T23:54:35.892+0000] {processor.py:925} INFO - DAG(s) 'dag_bronze_products' retrieved from /opt/airflow/dags/dag_bronze_products.py
[2026-05-11T23:54:35.929+0000] {logging_mixin.py:190} INFO - [2026-05-11T23:54:35.929+0000] {dag.py:3239} INFO - Sync 1 DAGs
[2026-05-11T23:54:35.945+0000] {logging_mixin.py:190} INFO - [2026-05-11T23:54:35.945+0000] {dag.py:4180} INFO - Setting next_dagrun for dag_bronze_products to None, run_after=None
[2026-05-11T23:54:35.967+0000] {processor.py:208} INFO - Processing /opt/airflow/dags/dag_bronze_products.py took 0.107 seconds
[2026-05-11T23:55:06.781+0000] {processor.py:186} INFO - Started process (PID=1549) to work on /opt/airflow/dags/dag_bronze_products.py
[2026-05-11T23:55:06.801+0000] {processor.py:914} INFO - Processing file /opt/airflow/dags/dag_bronze_products.py for tasks to queue
[2026-05-11T23:55:06.804+0000] {logging_mixin.py:190} INFO - [2026-05-11T23:55:06.803+0000] {dagbag.py:588} INFO - Filling up the DagBag from /opt/airflow/dags/dag_bronze_products.py
[2026-05-11T23:55:06.817+0000] {processor.py:925} INFO - DAG(s) 'dag_bronze_products' retrieved from /opt/airflow/dags/dag_bronze_products.py
[2026-05-11T23:55:06.865+0000] {logging_mixin.py:190} INFO - [2026-05-11T23:55:06.864+0000] {dag.py:3239} INFO - Sync 1 DAGs
[2026-05-11T23:55:06.880+0000] {logging_mixin.py:190} INFO - [2026-05-11T23:55:06.880+0000] {dag.py:4180} INFO - Setting next_dagrun for dag_bronze_products to None, run_after=None
[2026-05-11T23:55:06.897+0000] {processor.py:208} INFO - Processing /opt/airflow/dags/dag_bronze_products.py took 0.123 seconds
[2026-05-11T23:55:37.933+0000] {processor.py:186} INFO - Started process (PID=1599) to work on /opt/airflow/dags/dag_bronze_products.py
[2026-05-11T23:55:37.955+0000] {processor.py:914} INFO - Processing file /opt/airflow/dags/dag_bronze_products.py for tasks to queue
[2026-05-11T23:55:37.963+0000] {logging_mixin.py:190} INFO - [2026-05-11T23:55:37.960+0000] {dagbag.py:588} INFO - Filling up the DagBag from /opt/airflow/dags/dag_bronze_products.py
[2026-05-11T23:55:37.984+0000] {processor.py:925} INFO - DAG(s) 'dag_bronze_products' retrieved from /opt/airflow/dags/dag_bronze_products.py
[2026-05-11T23:55:38.017+0000] {logging_mixin.py:190} INFO - [2026-05-11T23:55:38.017+0000] {dag.py:3239} INFO - Sync 1 DAGs
[2026-05-11T23:55:38.031+0000] {logging_mixin.py:190} INFO - [2026-05-11T23:55:38.031+0000] {dag.py:4180} INFO - Setting next_dagrun for dag_bronze_products to None, run_after=None
[2026-05-11T23:55:38.050+0000] {processor.py:208} INFO - Processing /opt/airflow/dags/dag_bronze_products.py took 0.123 seconds
[2026-05-11T23:56:09.070+0000] {processor.py:186} INFO - Started process (PID=1649) to work on /opt/airflow/dags/dag_bronze_products.py
[2026-05-11T23:56:09.152+0000] {processor.py:914} INFO - Processing file /opt/airflow/dags/dag_bronze_products.py for tasks to queue
[2026-05-11T23:56:09.169+0000] {logging_mixin.py:190} INFO - [2026-05-11T23:56:09.167+0000] {dagbag.py:588} INFO - Filling up the DagBag from /opt/airflow/dags/dag_bronze_products.py
[2026-05-11T23:56:09.201+0000] {processor.py:925} INFO - DAG(s) 'dag_bronze_products' retrieved from /opt/airflow/dags/dag_bronze_products.py
[2026-05-11T23:56:09.241+0000] {logging_mixin.py:190} INFO - [2026-05-11T23:56:09.240+0000] {dag.py:3239} INFO - Sync 1 DAGs
[2026-05-11T23:56:09.256+0000] {logging_mixin.py:190} INFO - [2026-05-11T23:56:09.256+0000] {dag.py:4180} INFO - Setting next_dagrun for dag_bronze_products to None, run_after=None
[2026-05-11T23:56:09.319+0000] {processor.py:208} INFO - Processing /opt/airflow/dags/dag_bronze_products.py took 0.255 seconds
[2026-05-11T23:56:39.832+0000] {processor.py:186} INFO - Started process (PID=1699) to work on /opt/airflow/dags/dag_bronze_products.py
[2026-05-11T23:56:39.832+0000] {processor.py:914} INFO - Processing file /opt/airflow/dags/dag_bronze_products.py for tasks to queue
[2026-05-11T23:56:39.835+0000] {logging_mixin.py:190} INFO - [2026-05-11T23:56:39.834+0000] {dagbag.py:588} INFO - Filling up the DagBag from /opt/airflow/dags/dag_bronze_products.py
[2026-05-11T23:56:39.843+0000] {processor.py:925} INFO - DAG(s) 'dag_bronze_products' retrieved from /opt/airflow/dags/dag_bronze_products.py
[2026-05-11T23:56:39.877+0000] {logging_mixin.py:190} INFO - [2026-05-11T23:56:39.877+0000] {dag.py:3239} INFO - Sync 1 DAGs
[2026-05-11T23:56:39.894+0000] {logging_mixin.py:190} INFO - [2026-05-11T23:56:39.894+0000] {dag.py:4180} INFO - Setting next_dagrun for dag_bronze_products to None, run_after=None
[2026-05-11T23:56:39.928+0000] {processor.py:208} INFO - Processing /opt/airflow/dags/dag_bronze_products.py took 0.102 seconds
[2026-05-11T23:57:10.844+0000] {processor.py:186} INFO - Started process (PID=1749) to work on /opt/airflow/dags/dag_bronze_products.py
[2026-05-11T23:57:10.856+0000] {processor.py:914} INFO - Processing file /opt/airflow/dags/dag_bronze_products.py for tasks to queue
[2026-05-11T23:57:10.859+0000] {logging_mixin.py:190} INFO - [2026-05-11T23:57:10.858+0000] {dagbag.py:588} INFO - Filling up the DagBag from /opt/airflow/dags/dag_bronze_products.py
[2026-05-11T23:57:10.868+0000] {processor.py:925} INFO - DAG(s) 'dag_bronze_products' retrieved from /opt/airflow/dags/dag_bronze_products.py
[2026-05-11T23:57:10.904+0000] {logging_mixin.py:190} INFO - [2026-05-11T23:57:10.903+0000] {dag.py:3239} INFO - Sync 1 DAGs
[2026-05-11T23:57:10.919+0000] {logging_mixin.py:190} INFO - [2026-05-11T23:57:10.918+0000] {dag.py:4180} INFO - Setting next_dagrun for dag_bronze_products to None, run_after=None
[2026-05-11T23:57:10.936+0000] {processor.py:208} INFO - Processing /opt/airflow/dags/dag_bronze_products.py took 0.099 seconds
[2026-05-11T23:57:41.795+0000] {processor.py:186} INFO - Started process (PID=1799) to work on /opt/airflow/dags/dag_bronze_products.py
[2026-05-11T23:57:41.809+0000] {processor.py:914} INFO - Processing file /opt/airflow/dags/dag_bronze_products.py for tasks to queue
[2026-05-11T23:57:41.811+0000] {logging_mixin.py:190} INFO - [2026-05-11T23:57:41.810+0000] {dagbag.py:588} INFO - Filling up the DagBag from /opt/airflow/dags/dag_bronze_products.py
[2026-05-11T23:57:41.818+0000] {processor.py:925} INFO - DAG(s) 'dag_bronze_products' retrieved from /opt/airflow/dags/dag_bronze_products.py
[2026-05-11T23:57:41.846+0000] {logging_mixin.py:190} INFO - [2026-05-11T23:57:41.846+0000] {dag.py:3239} INFO - Sync 1 DAGs
[2026-05-11T23:57:41.860+0000] {logging_mixin.py:190} INFO - [2026-05-11T23:57:41.860+0000] {dag.py:4180} INFO - Setting next_dagrun for dag_bronze_products to None, run_after=None
[2026-05-11T23:57:41.880+0000] {processor.py:208} INFO - Processing /opt/airflow/dags/dag_bronze_products.py took 0.090 seconds
[2026-05-11T23:58:12.663+0000] {processor.py:186} INFO - Started process (PID=1849) to work on /opt/airflow/dags/dag_bronze_products.py
[2026-05-11T23:58:12.675+0000] {processor.py:914} INFO - Processing file /opt/airflow/dags/dag_bronze_products.py for tasks to queue
[2026-05-11T23:58:12.677+0000] {logging_mixin.py:190} INFO - [2026-05-11T23:58:12.677+0000] {dagbag.py:588} INFO - Filling up the DagBag from /opt/airflow/dags/dag_bronze_products.py
[2026-05-11T23:58:12.684+0000] {processor.py:925} INFO - DAG(s) 'dag_bronze_products' retrieved from /opt/airflow/dags/dag_bronze_products.py
[2026-05-11T23:58:12.713+0000] {logging_mixin.py:190} INFO - [2026-05-11T23:58:12.713+0000] {dag.py:3239} INFO - Sync 1 DAGs
[2026-05-11T23:58:12.727+0000] {logging_mixin.py:190} INFO - [2026-05-11T23:58:12.727+0000] {dag.py:4180} INFO - Setting next_dagrun for dag_bronze_products to None, run_after=None
[2026-05-11T23:58:12.748+0000] {processor.py:208} INFO - Processing /opt/airflow/dags/dag_bronze_products.py took 0.092 seconds
[2026-05-11T23:58:43.540+0000] {processor.py:186} INFO - Started process (PID=1899) to work on /opt/airflow/dags/dag_bronze_products.py
[2026-05-11T23:58:43.541+0000] {processor.py:914} INFO - Processing file /opt/airflow/dags/dag_bronze_products.py for tasks to queue
[2026-05-11T23:58:43.543+0000] {logging_mixin.py:190} INFO - [2026-05-11T23:58:43.543+0000] {dagbag.py:588} INFO - Filling up the DagBag from /opt/airflow/dags/dag_bronze_products.py
[2026-05-11T23:58:43.550+0000] {processor.py:925} INFO - DAG(s) 'dag_bronze_products' retrieved from /opt/airflow/dags/dag_bronze_products.py
[2026-05-11T23:58:43.579+0000] {logging_mixin.py:190} INFO - [2026-05-11T23:58:43.579+0000] {dag.py:3239} INFO - Sync 1 DAGs
[2026-05-11T23:58:43.593+0000] {logging_mixin.py:190} INFO - [2026-05-11T23:58:43.593+0000] {dag.py:4180} INFO - Setting next_dagrun for dag_bronze_products to None, run_after=None
[2026-05-11T23:58:43.613+0000] {processor.py:208} INFO - Processing /opt/airflow/dags/dag_bronze_products.py took 0.079 seconds
[2026-05-11T23:59:14.473+0000] {processor.py:186} INFO - Started process (PID=1949) to work on /opt/airflow/dags/dag_bronze_products.py
[2026-05-11T23:59:14.476+0000] {processor.py:914} INFO - Processing file /opt/airflow/dags/dag_bronze_products.py for tasks to queue
[2026-05-11T23:59:14.478+0000] {logging_mixin.py:190} INFO - [2026-05-11T23:59:14.478+0000] {dagbag.py:588} INFO - Filling up the DagBag from /opt/airflow/dags/dag_bronze_products.py
[2026-05-11T23:59:14.485+0000] {processor.py:925} INFO - DAG(s) 'dag_bronze_products' retrieved from /opt/airflow/dags/dag_bronze_products.py
[2026-05-11T23:59:14.514+0000] {logging_mixin.py:190} INFO - [2026-05-11T23:59:14.514+0000] {dag.py:3239} INFO - Sync 1 DAGs
[2026-05-11T23:59:14.527+0000] {logging_mixin.py:190} INFO - [2026-05-11T23:59:14.527+0000] {dag.py:4180} INFO - Setting next_dagrun for dag_bronze_products to None, run_after=None
[2026-05-11T23:59:14.545+0000] {processor.py:208} INFO - Processing /opt/airflow/dags/dag_bronze_products.py took 0.077 seconds
[2026-05-11T23:59:45.410+0000] {processor.py:186} INFO - Started process (PID=1999) to work on /opt/airflow/dags/dag_bronze_products.py
[2026-05-11T23:59:45.411+0000] {processor.py:914} INFO - Processing file /opt/airflow/dags/dag_bronze_products.py for tasks to queue
[2026-05-11T23:59:45.413+0000] {logging_mixin.py:190} INFO - [2026-05-11T23:59:45.413+0000] {dagbag.py:588} INFO - Filling up the DagBag from /opt/airflow/dags/dag_bronze_products.py
[2026-05-11T23:59:45.420+0000] {processor.py:925} INFO - DAG(s) 'dag_bronze_products' retrieved from /opt/airflow/dags/dag_bronze_products.py
[2026-05-11T23:59:45.449+0000] {logging_mixin.py:190} INFO - [2026-05-11T23:59:45.449+0000] {dag.py:3239} INFO - Sync 1 DAGs
[2026-05-11T23:59:45.465+0000] {logging_mixin.py:190} INFO - [2026-05-11T23:59:45.465+0000] {dag.py:4180} INFO - Setting next_dagrun for dag_bronze_products to None, run_after=None
[2026-05-11T23:59:45.501+0000] {processor.py:208} INFO - Processing /opt/airflow/dags/dag_bronze_products.py took 0.097 seconds
