[2026-05-11T23:41:42.893+0000] {processor.py:186} INFO - Started process (PID=269) to work on /opt/airflow/dags/dag_bronze_departments.py
[2026-05-11T23:41:42.894+0000] {processor.py:914} INFO - Processing file /opt/airflow/dags/dag_bronze_departments.py for tasks to queue
[2026-05-11T23:41:42.905+0000] {logging_mixin.py:190} INFO - [2026-05-11T23:41:42.903+0000] {dagbag.py:588} INFO - Filling up the DagBag from /opt/airflow/dags/dag_bronze_departments.py
[2026-05-11T23:41:42.931+0000] {processor.py:925} INFO - DAG(s) 'dag_bronze_departments' retrieved from /opt/airflow/dags/dag_bronze_departments.py
[2026-05-11T23:41:42.995+0000] {logging_mixin.py:190} INFO - [2026-05-11T23:41:42.995+0000] {dag.py:3239} INFO - Sync 1 DAGs
[2026-05-11T23:41:43.016+0000] {logging_mixin.py:190} INFO - [2026-05-11T23:41:43.016+0000] {dag.py:4180} INFO - Setting next_dagrun for dag_bronze_departments to None, run_after=None
[2026-05-11T23:41:43.052+0000] {processor.py:208} INFO - Processing /opt/airflow/dags/dag_bronze_departments.py took 0.176 seconds
[2026-05-11T23:42:13.115+0000] {processor.py:186} INFO - Started process (PID=321) to work on /opt/airflow/dags/dag_bronze_departments.py
[2026-05-11T23:42:13.116+0000] {processor.py:914} INFO - Processing file /opt/airflow/dags/dag_bronze_departments.py for tasks to queue
[2026-05-11T23:42:13.118+0000] {logging_mixin.py:190} INFO - [2026-05-11T23:42:13.118+0000] {dagbag.py:588} INFO - Filling up the DagBag from /opt/airflow/dags/dag_bronze_departments.py
[2026-05-11T23:42:13.125+0000] {processor.py:925} INFO - DAG(s) 'dag_bronze_departments' retrieved from /opt/airflow/dags/dag_bronze_departments.py
[2026-05-11T23:42:13.157+0000] {logging_mixin.py:190} INFO - [2026-05-11T23:42:13.156+0000] {dag.py:3239} INFO - Sync 1 DAGs
[2026-05-11T23:42:13.176+0000] {logging_mixin.py:190} INFO - [2026-05-11T23:42:13.175+0000] {dag.py:4180} INFO - Setting next_dagrun for dag_bronze_departments to None, run_after=None
[2026-05-11T23:42:13.225+0000] {processor.py:208} INFO - Processing /opt/airflow/dags/dag_bronze_departments.py took 0.116 seconds
[2026-05-11T23:42:44.227+0000] {processor.py:186} INFO - Started process (PID=371) to work on /opt/airflow/dags/dag_bronze_departments.py
[2026-05-11T23:42:44.228+0000] {processor.py:914} INFO - Processing file /opt/airflow/dags/dag_bronze_departments.py for tasks to queue
[2026-05-11T23:42:44.229+0000] {logging_mixin.py:190} INFO - [2026-05-11T23:42:44.229+0000] {dagbag.py:588} INFO - Filling up the DagBag from /opt/airflow/dags/dag_bronze_departments.py
[2026-05-11T23:42:44.237+0000] {processor.py:925} INFO - DAG(s) 'dag_bronze_departments' retrieved from /opt/airflow/dags/dag_bronze_departments.py
[2026-05-11T23:42:44.268+0000] {logging_mixin.py:190} INFO - [2026-05-11T23:42:44.267+0000] {dag.py:3239} INFO - Sync 1 DAGs
[2026-05-11T23:42:44.282+0000] {logging_mixin.py:190} INFO - [2026-05-11T23:42:44.282+0000] {dag.py:4180} INFO - Setting next_dagrun for dag_bronze_departments to None, run_after=None
[2026-05-11T23:42:44.300+0000] {processor.py:208} INFO - Processing /opt/airflow/dags/dag_bronze_departments.py took 0.080 seconds
[2026-05-11T23:43:15.066+0000] {processor.py:186} INFO - Started process (PID=419) to work on /opt/airflow/dags/dag_bronze_departments.py
[2026-05-11T23:43:15.067+0000] {processor.py:914} INFO - Processing file /opt/airflow/dags/dag_bronze_departments.py for tasks to queue
[2026-05-11T23:43:15.069+0000] {logging_mixin.py:190} INFO - [2026-05-11T23:43:15.069+0000] {dagbag.py:588} INFO - Filling up the DagBag from /opt/airflow/dags/dag_bronze_departments.py
[2026-05-11T23:43:15.077+0000] {processor.py:925} INFO - DAG(s) 'dag_bronze_departments' retrieved from /opt/airflow/dags/dag_bronze_departments.py
[2026-05-11T23:43:15.110+0000] {logging_mixin.py:190} INFO - [2026-05-11T23:43:15.110+0000] {dag.py:3239} INFO - Sync 1 DAGs
[2026-05-11T23:43:15.126+0000] {logging_mixin.py:190} INFO - [2026-05-11T23:43:15.125+0000] {dag.py:4180} INFO - Setting next_dagrun for dag_bronze_departments to None, run_after=None
[2026-05-11T23:43:15.146+0000] {processor.py:208} INFO - Processing /opt/airflow/dags/dag_bronze_departments.py took 0.086 seconds
[2026-05-11T23:43:46.011+0000] {processor.py:186} INFO - Started process (PID=469) to work on /opt/airflow/dags/dag_bronze_departments.py
[2026-05-11T23:43:46.012+0000] {processor.py:914} INFO - Processing file /opt/airflow/dags/dag_bronze_departments.py for tasks to queue
[2026-05-11T23:43:46.014+0000] {logging_mixin.py:190} INFO - [2026-05-11T23:43:46.013+0000] {dagbag.py:588} INFO - Filling up the DagBag from /opt/airflow/dags/dag_bronze_departments.py
[2026-05-11T23:43:46.021+0000] {processor.py:925} INFO - DAG(s) 'dag_bronze_departments' retrieved from /opt/airflow/dags/dag_bronze_departments.py
[2026-05-11T23:43:46.050+0000] {logging_mixin.py:190} INFO - [2026-05-11T23:43:46.050+0000] {dag.py:3239} INFO - Sync 1 DAGs
[2026-05-11T23:43:46.065+0000] {logging_mixin.py:190} INFO - [2026-05-11T23:43:46.065+0000] {dag.py:4180} INFO - Setting next_dagrun for dag_bronze_departments to None, run_after=None
[2026-05-11T23:43:46.087+0000] {processor.py:208} INFO - Processing /opt/airflow/dags/dag_bronze_departments.py took 0.081 seconds
[2026-05-11T23:44:16.949+0000] {processor.py:186} INFO - Started process (PID=519) to work on /opt/airflow/dags/dag_bronze_departments.py
[2026-05-11T23:44:16.950+0000] {processor.py:914} INFO - Processing file /opt/airflow/dags/dag_bronze_departments.py for tasks to queue
[2026-05-11T23:44:16.952+0000] {logging_mixin.py:190} INFO - [2026-05-11T23:44:16.952+0000] {dagbag.py:588} INFO - Filling up the DagBag from /opt/airflow/dags/dag_bronze_departments.py
[2026-05-11T23:44:16.959+0000] {processor.py:925} INFO - DAG(s) 'dag_bronze_departments' retrieved from /opt/airflow/dags/dag_bronze_departments.py
[2026-05-11T23:44:16.989+0000] {logging_mixin.py:190} INFO - [2026-05-11T23:44:16.989+0000] {dag.py:3239} INFO - Sync 1 DAGs
[2026-05-11T23:44:17.004+0000] {logging_mixin.py:190} INFO - [2026-05-11T23:44:17.004+0000] {dag.py:4180} INFO - Setting next_dagrun for dag_bronze_departments to None, run_after=None
[2026-05-11T23:44:17.022+0000] {processor.py:208} INFO - Processing /opt/airflow/dags/dag_bronze_departments.py took 0.078 seconds
[2026-05-11T23:44:47.991+0000] {processor.py:186} INFO - Started process (PID=571) to work on /opt/airflow/dags/dag_bronze_departments.py
[2026-05-11T23:44:47.992+0000] {processor.py:914} INFO - Processing file /opt/airflow/dags/dag_bronze_departments.py for tasks to queue
[2026-05-11T23:44:47.994+0000] {logging_mixin.py:190} INFO - [2026-05-11T23:44:47.993+0000] {dagbag.py:588} INFO - Filling up the DagBag from /opt/airflow/dags/dag_bronze_departments.py
[2026-05-11T23:44:48.002+0000] {processor.py:925} INFO - DAG(s) 'dag_bronze_departments' retrieved from /opt/airflow/dags/dag_bronze_departments.py
[2026-05-11T23:44:48.031+0000] {logging_mixin.py:190} INFO - [2026-05-11T23:44:48.031+0000] {dag.py:3239} INFO - Sync 1 DAGs
[2026-05-11T23:44:48.045+0000] {logging_mixin.py:190} INFO - [2026-05-11T23:44:48.045+0000] {dag.py:4180} INFO - Setting next_dagrun for dag_bronze_departments to None, run_after=None
[2026-05-11T23:44:48.072+0000] {processor.py:208} INFO - Processing /opt/airflow/dags/dag_bronze_departments.py took 0.087 seconds
[2026-05-11T23:45:19.059+0000] {processor.py:186} INFO - Started process (PID=621) to work on /opt/airflow/dags/dag_bronze_departments.py
[2026-05-11T23:45:19.060+0000] {processor.py:914} INFO - Processing file /opt/airflow/dags/dag_bronze_departments.py for tasks to queue
[2026-05-11T23:45:19.062+0000] {logging_mixin.py:190} INFO - [2026-05-11T23:45:19.062+0000] {dagbag.py:588} INFO - Filling up the DagBag from /opt/airflow/dags/dag_bronze_departments.py
[2026-05-11T23:45:19.070+0000] {processor.py:925} INFO - DAG(s) 'dag_bronze_departments' retrieved from /opt/airflow/dags/dag_bronze_departments.py
[2026-05-11T23:45:19.100+0000] {logging_mixin.py:190} INFO - [2026-05-11T23:45:19.099+0000] {dag.py:3239} INFO - Sync 1 DAGs
[2026-05-11T23:45:19.115+0000] {logging_mixin.py:190} INFO - [2026-05-11T23:45:19.114+0000] {dag.py:4180} INFO - Setting next_dagrun for dag_bronze_departments to None, run_after=None
[2026-05-11T23:45:19.145+0000] {processor.py:208} INFO - Processing /opt/airflow/dags/dag_bronze_departments.py took 0.091 seconds
[2026-05-11T23:45:50.014+0000] {processor.py:186} INFO - Started process (PID=671) to work on /opt/airflow/dags/dag_bronze_departments.py
[2026-05-11T23:45:50.015+0000] {processor.py:914} INFO - Processing file /opt/airflow/dags/dag_bronze_departments.py for tasks to queue
[2026-05-11T23:45:50.017+0000] {logging_mixin.py:190} INFO - [2026-05-11T23:45:50.017+0000] {dagbag.py:588} INFO - Filling up the DagBag from /opt/airflow/dags/dag_bronze_departments.py
[2026-05-11T23:45:50.024+0000] {processor.py:925} INFO - DAG(s) 'dag_bronze_departments' retrieved from /opt/airflow/dags/dag_bronze_departments.py
[2026-05-11T23:45:50.053+0000] {logging_mixin.py:190} INFO - [2026-05-11T23:45:50.053+0000] {dag.py:3239} INFO - Sync 1 DAGs
[2026-05-11T23:45:50.067+0000] {logging_mixin.py:190} INFO - [2026-05-11T23:45:50.067+0000] {dag.py:4180} INFO - Setting next_dagrun for dag_bronze_departments to None, run_after=None
[2026-05-11T23:45:50.084+0000] {processor.py:208} INFO - Processing /opt/airflow/dags/dag_bronze_departments.py took 0.075 seconds
[2026-05-11T23:46:21.113+0000] {processor.py:186} INFO - Started process (PID=721) to work on /opt/airflow/dags/dag_bronze_departments.py
[2026-05-11T23:46:21.114+0000] {processor.py:914} INFO - Processing file /opt/airflow/dags/dag_bronze_departments.py for tasks to queue
[2026-05-11T23:46:21.116+0000] {logging_mixin.py:190} INFO - [2026-05-11T23:46:21.116+0000] {dagbag.py:588} INFO - Filling up the DagBag from /opt/airflow/dags/dag_bronze_departments.py
[2026-05-11T23:46:21.125+0000] {processor.py:925} INFO - DAG(s) 'dag_bronze_departments' retrieved from /opt/airflow/dags/dag_bronze_departments.py
[2026-05-11T23:46:21.160+0000] {logging_mixin.py:190} INFO - [2026-05-11T23:46:21.159+0000] {dag.py:3239} INFO - Sync 1 DAGs
[2026-05-11T23:46:21.175+0000] {logging_mixin.py:190} INFO - [2026-05-11T23:46:21.175+0000] {dag.py:4180} INFO - Setting next_dagrun for dag_bronze_departments to None, run_after=None
[2026-05-11T23:46:21.205+0000] {processor.py:208} INFO - Processing /opt/airflow/dags/dag_bronze_departments.py took 0.098 seconds
[2026-05-11T23:46:52.157+0000] {processor.py:186} INFO - Started process (PID=771) to work on /opt/airflow/dags/dag_bronze_departments.py
[2026-05-11T23:46:52.158+0000] {processor.py:914} INFO - Processing file /opt/airflow/dags/dag_bronze_departments.py for tasks to queue
[2026-05-11T23:46:52.160+0000] {logging_mixin.py:190} INFO - [2026-05-11T23:46:52.160+0000] {dagbag.py:588} INFO - Filling up the DagBag from /opt/airflow/dags/dag_bronze_departments.py
[2026-05-11T23:46:52.167+0000] {processor.py:925} INFO - DAG(s) 'dag_bronze_departments' retrieved from /opt/airflow/dags/dag_bronze_departments.py
[2026-05-11T23:46:52.197+0000] {logging_mixin.py:190} INFO - [2026-05-11T23:46:52.196+0000] {dag.py:3239} INFO - Sync 1 DAGs
[2026-05-11T23:46:52.211+0000] {logging_mixin.py:190} INFO - [2026-05-11T23:46:52.211+0000] {dag.py:4180} INFO - Setting next_dagrun for dag_bronze_departments to None, run_after=None
[2026-05-11T23:46:52.229+0000] {processor.py:208} INFO - Processing /opt/airflow/dags/dag_bronze_departments.py took 0.077 seconds
[2026-05-11T23:47:23.073+0000] {processor.py:186} INFO - Started process (PID=819) to work on /opt/airflow/dags/dag_bronze_departments.py
[2026-05-11T23:47:23.074+0000] {processor.py:914} INFO - Processing file /opt/airflow/dags/dag_bronze_departments.py for tasks to queue
[2026-05-11T23:47:23.076+0000] {logging_mixin.py:190} INFO - [2026-05-11T23:47:23.076+0000] {dagbag.py:588} INFO - Filling up the DagBag from /opt/airflow/dags/dag_bronze_departments.py
[2026-05-11T23:47:23.083+0000] {processor.py:925} INFO - DAG(s) 'dag_bronze_departments' retrieved from /opt/airflow/dags/dag_bronze_departments.py
[2026-05-11T23:47:23.112+0000] {logging_mixin.py:190} INFO - [2026-05-11T23:47:23.112+0000] {dag.py:3239} INFO - Sync 1 DAGs
[2026-05-11T23:47:23.126+0000] {logging_mixin.py:190} INFO - [2026-05-11T23:47:23.126+0000] {dag.py:4180} INFO - Setting next_dagrun for dag_bronze_departments to None, run_after=None
[2026-05-11T23:47:23.144+0000] {processor.py:208} INFO - Processing /opt/airflow/dags/dag_bronze_departments.py took 0.076 seconds
[2026-05-11T23:47:54.036+0000] {processor.py:186} INFO - Started process (PID=869) to work on /opt/airflow/dags/dag_bronze_departments.py
[2026-05-11T23:47:54.037+0000] {processor.py:914} INFO - Processing file /opt/airflow/dags/dag_bronze_departments.py for tasks to queue
[2026-05-11T23:47:54.039+0000] {logging_mixin.py:190} INFO - [2026-05-11T23:47:54.038+0000] {dagbag.py:588} INFO - Filling up the DagBag from /opt/airflow/dags/dag_bronze_departments.py
[2026-05-11T23:47:54.046+0000] {processor.py:925} INFO - DAG(s) 'dag_bronze_departments' retrieved from /opt/airflow/dags/dag_bronze_departments.py
[2026-05-11T23:47:54.075+0000] {logging_mixin.py:190} INFO - [2026-05-11T23:47:54.075+0000] {dag.py:3239} INFO - Sync 1 DAGs
[2026-05-11T23:47:54.091+0000] {logging_mixin.py:190} INFO - [2026-05-11T23:47:54.091+0000] {dag.py:4180} INFO - Setting next_dagrun for dag_bronze_departments to None, run_after=None
[2026-05-11T23:47:54.111+0000] {processor.py:208} INFO - Processing /opt/airflow/dags/dag_bronze_departments.py took 0.081 seconds
[2026-05-11T23:48:25.041+0000] {processor.py:186} INFO - Started process (PID=919) to work on /opt/airflow/dags/dag_bronze_departments.py
[2026-05-11T23:48:25.041+0000] {processor.py:914} INFO - Processing file /opt/airflow/dags/dag_bronze_departments.py for tasks to queue
[2026-05-11T23:48:25.043+0000] {logging_mixin.py:190} INFO - [2026-05-11T23:48:25.043+0000] {dagbag.py:588} INFO - Filling up the DagBag from /opt/airflow/dags/dag_bronze_departments.py
[2026-05-11T23:48:25.050+0000] {processor.py:925} INFO - DAG(s) 'dag_bronze_departments' retrieved from /opt/airflow/dags/dag_bronze_departments.py
[2026-05-11T23:48:25.079+0000] {logging_mixin.py:190} INFO - [2026-05-11T23:48:25.079+0000] {dag.py:3239} INFO - Sync 1 DAGs
[2026-05-11T23:48:25.093+0000] {logging_mixin.py:190} INFO - [2026-05-11T23:48:25.093+0000] {dag.py:4180} INFO - Setting next_dagrun for dag_bronze_departments to None, run_after=None
[2026-05-11T23:48:25.113+0000] {processor.py:208} INFO - Processing /opt/airflow/dags/dag_bronze_departments.py took 0.078 seconds
[2026-05-11T23:48:56.010+0000] {processor.py:186} INFO - Started process (PID=969) to work on /opt/airflow/dags/dag_bronze_departments.py
[2026-05-11T23:48:56.011+0000] {processor.py:914} INFO - Processing file /opt/airflow/dags/dag_bronze_departments.py for tasks to queue
[2026-05-11T23:48:56.013+0000] {logging_mixin.py:190} INFO - [2026-05-11T23:48:56.013+0000] {dagbag.py:588} INFO - Filling up the DagBag from /opt/airflow/dags/dag_bronze_departments.py
[2026-05-11T23:48:56.022+0000] {processor.py:925} INFO - DAG(s) 'dag_bronze_departments' retrieved from /opt/airflow/dags/dag_bronze_departments.py
[2026-05-11T23:48:56.051+0000] {logging_mixin.py:190} INFO - [2026-05-11T23:48:56.050+0000] {dag.py:3239} INFO - Sync 1 DAGs
[2026-05-11T23:48:56.065+0000] {logging_mixin.py:190} INFO - [2026-05-11T23:48:56.065+0000] {dag.py:4180} INFO - Setting next_dagrun for dag_bronze_departments to None, run_after=None
[2026-05-11T23:48:56.083+0000] {processor.py:208} INFO - Processing /opt/airflow/dags/dag_bronze_departments.py took 0.078 seconds
[2026-05-11T23:49:27.197+0000] {processor.py:186} INFO - Started process (PID=1021) to work on /opt/airflow/dags/dag_bronze_departments.py
[2026-05-11T23:49:27.198+0000] {processor.py:914} INFO - Processing file /opt/airflow/dags/dag_bronze_departments.py for tasks to queue
[2026-05-11T23:49:27.200+0000] {logging_mixin.py:190} INFO - [2026-05-11T23:49:27.200+0000] {dagbag.py:588} INFO - Filling up the DagBag from /opt/airflow/dags/dag_bronze_departments.py
[2026-05-11T23:49:27.208+0000] {processor.py:925} INFO - DAG(s) 'dag_bronze_departments' retrieved from /opt/airflow/dags/dag_bronze_departments.py
[2026-05-11T23:49:27.239+0000] {logging_mixin.py:190} INFO - [2026-05-11T23:49:27.239+0000] {dag.py:3239} INFO - Sync 1 DAGs
[2026-05-11T23:49:27.254+0000] {logging_mixin.py:190} INFO - [2026-05-11T23:49:27.254+0000] {dag.py:4180} INFO - Setting next_dagrun for dag_bronze_departments to None, run_after=None
[2026-05-11T23:49:27.274+0000] {processor.py:208} INFO - Processing /opt/airflow/dags/dag_bronze_departments.py took 0.083 seconds
[2026-05-11T23:49:57.388+0000] {processor.py:186} INFO - Started process (PID=1071) to work on /opt/airflow/dags/dag_bronze_departments.py
[2026-05-11T23:49:57.389+0000] {processor.py:914} INFO - Processing file /opt/airflow/dags/dag_bronze_departments.py for tasks to queue
[2026-05-11T23:49:57.391+0000] {logging_mixin.py:190} INFO - [2026-05-11T23:49:57.391+0000] {dagbag.py:588} INFO - Filling up the DagBag from /opt/airflow/dags/dag_bronze_departments.py
[2026-05-11T23:49:57.398+0000] {processor.py:925} INFO - DAG(s) 'dag_bronze_departments' retrieved from /opt/airflow/dags/dag_bronze_departments.py
[2026-05-11T23:49:57.427+0000] {logging_mixin.py:190} INFO - [2026-05-11T23:49:57.427+0000] {dag.py:3239} INFO - Sync 1 DAGs
[2026-05-11T23:49:57.441+0000] {logging_mixin.py:190} INFO - [2026-05-11T23:49:57.441+0000] {dag.py:4180} INFO - Setting next_dagrun for dag_bronze_departments to None, run_after=None
[2026-05-11T23:49:57.460+0000] {processor.py:208} INFO - Processing /opt/airflow/dags/dag_bronze_departments.py took 0.077 seconds
[2026-05-11T23:50:28.302+0000] {processor.py:186} INFO - Started process (PID=1119) to work on /opt/airflow/dags/dag_bronze_departments.py
[2026-05-11T23:50:28.303+0000] {processor.py:914} INFO - Processing file /opt/airflow/dags/dag_bronze_departments.py for tasks to queue
[2026-05-11T23:50:28.305+0000] {logging_mixin.py:190} INFO - [2026-05-11T23:50:28.305+0000] {dagbag.py:588} INFO - Filling up the DagBag from /opt/airflow/dags/dag_bronze_departments.py
[2026-05-11T23:50:28.313+0000] {processor.py:925} INFO - DAG(s) 'dag_bronze_departments' retrieved from /opt/airflow/dags/dag_bronze_departments.py
[2026-05-11T23:50:28.344+0000] {logging_mixin.py:190} INFO - [2026-05-11T23:50:28.344+0000] {dag.py:3239} INFO - Sync 1 DAGs
[2026-05-11T23:50:28.359+0000] {logging_mixin.py:190} INFO - [2026-05-11T23:50:28.359+0000] {dag.py:4180} INFO - Setting next_dagrun for dag_bronze_departments to None, run_after=None
[2026-05-11T23:50:28.379+0000] {processor.py:208} INFO - Processing /opt/airflow/dags/dag_bronze_departments.py took 0.083 seconds
[2026-05-11T23:50:59.185+0000] {processor.py:186} INFO - Started process (PID=1169) to work on /opt/airflow/dags/dag_bronze_departments.py
[2026-05-11T23:50:59.186+0000] {processor.py:914} INFO - Processing file /opt/airflow/dags/dag_bronze_departments.py for tasks to queue
[2026-05-11T23:50:59.188+0000] {logging_mixin.py:190} INFO - [2026-05-11T23:50:59.188+0000] {dagbag.py:588} INFO - Filling up the DagBag from /opt/airflow/dags/dag_bronze_departments.py
[2026-05-11T23:50:59.195+0000] {processor.py:925} INFO - DAG(s) 'dag_bronze_departments' retrieved from /opt/airflow/dags/dag_bronze_departments.py
[2026-05-11T23:50:59.225+0000] {logging_mixin.py:190} INFO - [2026-05-11T23:50:59.224+0000] {dag.py:3239} INFO - Sync 1 DAGs
[2026-05-11T23:50:59.239+0000] {logging_mixin.py:190} INFO - [2026-05-11T23:50:59.239+0000] {dag.py:4180} INFO - Setting next_dagrun for dag_bronze_departments to None, run_after=None
[2026-05-11T23:50:59.258+0000] {processor.py:208} INFO - Processing /opt/airflow/dags/dag_bronze_departments.py took 0.078 seconds
[2026-05-11T23:51:30.094+0000] {processor.py:186} INFO - Started process (PID=1219) to work on /opt/airflow/dags/dag_bronze_departments.py
[2026-05-11T23:51:30.095+0000] {processor.py:914} INFO - Processing file /opt/airflow/dags/dag_bronze_departments.py for tasks to queue
[2026-05-11T23:51:30.097+0000] {logging_mixin.py:190} INFO - [2026-05-11T23:51:30.097+0000] {dagbag.py:588} INFO - Filling up the DagBag from /opt/airflow/dags/dag_bronze_departments.py
[2026-05-11T23:51:30.104+0000] {processor.py:925} INFO - DAG(s) 'dag_bronze_departments' retrieved from /opt/airflow/dags/dag_bronze_departments.py
[2026-05-11T23:51:30.134+0000] {logging_mixin.py:190} INFO - [2026-05-11T23:51:30.134+0000] {dag.py:3239} INFO - Sync 1 DAGs
[2026-05-11T23:51:30.148+0000] {logging_mixin.py:190} INFO - [2026-05-11T23:51:30.148+0000] {dag.py:4180} INFO - Setting next_dagrun for dag_bronze_departments to None, run_after=None
[2026-05-11T23:51:30.167+0000] {processor.py:208} INFO - Processing /opt/airflow/dags/dag_bronze_departments.py took 0.078 seconds
[2026-05-11T23:52:01.086+0000] {processor.py:186} INFO - Started process (PID=1269) to work on /opt/airflow/dags/dag_bronze_departments.py
[2026-05-11T23:52:01.087+0000] {processor.py:914} INFO - Processing file /opt/airflow/dags/dag_bronze_departments.py for tasks to queue
[2026-05-11T23:52:01.090+0000] {logging_mixin.py:190} INFO - [2026-05-11T23:52:01.089+0000] {dagbag.py:588} INFO - Filling up the DagBag from /opt/airflow/dags/dag_bronze_departments.py
[2026-05-11T23:52:01.096+0000] {processor.py:925} INFO - DAG(s) 'dag_bronze_departments' retrieved from /opt/airflow/dags/dag_bronze_departments.py
[2026-05-11T23:52:01.127+0000] {logging_mixin.py:190} INFO - [2026-05-11T23:52:01.126+0000] {dag.py:3239} INFO - Sync 1 DAGs
[2026-05-11T23:52:01.141+0000] {logging_mixin.py:190} INFO - [2026-05-11T23:52:01.141+0000] {dag.py:4180} INFO - Setting next_dagrun for dag_bronze_departments to None, run_after=None
[2026-05-11T23:52:01.160+0000] {processor.py:208} INFO - Processing /opt/airflow/dags/dag_bronze_departments.py took 0.081 seconds
[2026-05-11T23:52:32.220+0000] {processor.py:186} INFO - Started process (PID=1321) to work on /opt/airflow/dags/dag_bronze_departments.py
[2026-05-11T23:52:32.221+0000] {processor.py:914} INFO - Processing file /opt/airflow/dags/dag_bronze_departments.py for tasks to queue
[2026-05-11T23:52:32.224+0000] {logging_mixin.py:190} INFO - [2026-05-11T23:52:32.223+0000] {dagbag.py:588} INFO - Filling up the DagBag from /opt/airflow/dags/dag_bronze_departments.py
[2026-05-11T23:52:32.235+0000] {processor.py:925} INFO - DAG(s) 'dag_bronze_departments' retrieved from /opt/airflow/dags/dag_bronze_departments.py
[2026-05-11T23:52:32.268+0000] {logging_mixin.py:190} INFO - [2026-05-11T23:52:32.268+0000] {dag.py:3239} INFO - Sync 1 DAGs
[2026-05-11T23:52:32.283+0000] {logging_mixin.py:190} INFO - [2026-05-11T23:52:32.283+0000] {dag.py:4180} INFO - Setting next_dagrun for dag_bronze_departments to None, run_after=None
[2026-05-11T23:52:32.305+0000] {processor.py:208} INFO - Processing /opt/airflow/dags/dag_bronze_departments.py took 0.091 seconds
[2026-05-11T23:53:03.197+0000] {processor.py:186} INFO - Started process (PID=1371) to work on /opt/airflow/dags/dag_bronze_departments.py
[2026-05-11T23:53:03.198+0000] {processor.py:914} INFO - Processing file /opt/airflow/dags/dag_bronze_departments.py for tasks to queue
[2026-05-11T23:53:03.200+0000] {logging_mixin.py:190} INFO - [2026-05-11T23:53:03.200+0000] {dagbag.py:588} INFO - Filling up the DagBag from /opt/airflow/dags/dag_bronze_departments.py
[2026-05-11T23:53:03.207+0000] {processor.py:925} INFO - DAG(s) 'dag_bronze_departments' retrieved from /opt/airflow/dags/dag_bronze_departments.py
[2026-05-11T23:53:03.235+0000] {logging_mixin.py:190} INFO - [2026-05-11T23:53:03.234+0000] {dag.py:3239} INFO - Sync 1 DAGs
[2026-05-11T23:53:03.248+0000] {logging_mixin.py:190} INFO - [2026-05-11T23:53:03.248+0000] {dag.py:4180} INFO - Setting next_dagrun for dag_bronze_departments to None, run_after=None
[2026-05-11T23:53:03.268+0000] {processor.py:208} INFO - Processing /opt/airflow/dags/dag_bronze_departments.py took 0.077 seconds
[2026-05-11T23:53:34.289+0000] {processor.py:186} INFO - Started process (PID=1421) to work on /opt/airflow/dags/dag_bronze_departments.py
[2026-05-11T23:53:34.290+0000] {processor.py:914} INFO - Processing file /opt/airflow/dags/dag_bronze_departments.py for tasks to queue
[2026-05-11T23:53:34.291+0000] {logging_mixin.py:190} INFO - [2026-05-11T23:53:34.291+0000] {dagbag.py:588} INFO - Filling up the DagBag from /opt/airflow/dags/dag_bronze_departments.py
[2026-05-11T23:53:34.298+0000] {processor.py:925} INFO - DAG(s) 'dag_bronze_departments' retrieved from /opt/airflow/dags/dag_bronze_departments.py
[2026-05-11T23:53:34.327+0000] {logging_mixin.py:190} INFO - [2026-05-11T23:53:34.327+0000] {dag.py:3239} INFO - Sync 1 DAGs
[2026-05-11T23:53:34.341+0000] {logging_mixin.py:190} INFO - [2026-05-11T23:53:34.341+0000] {dag.py:4180} INFO - Setting next_dagrun for dag_bronze_departments to None, run_after=None
[2026-05-11T23:53:34.360+0000] {processor.py:208} INFO - Processing /opt/airflow/dags/dag_bronze_departments.py took 0.076 seconds
[2026-05-11T23:54:05.265+0000] {processor.py:186} INFO - Started process (PID=1471) to work on /opt/airflow/dags/dag_bronze_departments.py
[2026-05-11T23:54:05.265+0000] {processor.py:914} INFO - Processing file /opt/airflow/dags/dag_bronze_departments.py for tasks to queue
[2026-05-11T23:54:05.267+0000] {logging_mixin.py:190} INFO - [2026-05-11T23:54:05.267+0000] {dagbag.py:588} INFO - Filling up the DagBag from /opt/airflow/dags/dag_bronze_departments.py
[2026-05-11T23:54:05.274+0000] {processor.py:925} INFO - DAG(s) 'dag_bronze_departments' retrieved from /opt/airflow/dags/dag_bronze_departments.py
[2026-05-11T23:54:05.304+0000] {logging_mixin.py:190} INFO - [2026-05-11T23:54:05.304+0000] {dag.py:3239} INFO - Sync 1 DAGs
[2026-05-11T23:54:05.318+0000] {logging_mixin.py:190} INFO - [2026-05-11T23:54:05.318+0000] {dag.py:4180} INFO - Setting next_dagrun for dag_bronze_departments to None, run_after=None
[2026-05-11T23:54:05.337+0000] {processor.py:208} INFO - Processing /opt/airflow/dags/dag_bronze_departments.py took 0.078 seconds
[2026-05-11T23:54:36.209+0000] {processor.py:186} INFO - Started process (PID=1521) to work on /opt/airflow/dags/dag_bronze_departments.py
[2026-05-11T23:54:36.210+0000] {processor.py:914} INFO - Processing file /opt/airflow/dags/dag_bronze_departments.py for tasks to queue
[2026-05-11T23:54:36.212+0000] {logging_mixin.py:190} INFO - [2026-05-11T23:54:36.212+0000] {dagbag.py:588} INFO - Filling up the DagBag from /opt/airflow/dags/dag_bronze_departments.py
[2026-05-11T23:54:36.219+0000] {processor.py:925} INFO - DAG(s) 'dag_bronze_departments' retrieved from /opt/airflow/dags/dag_bronze_departments.py
[2026-05-11T23:54:36.250+0000] {logging_mixin.py:190} INFO - [2026-05-11T23:54:36.250+0000] {dag.py:3239} INFO - Sync 1 DAGs
[2026-05-11T23:54:36.266+0000] {logging_mixin.py:190} INFO - [2026-05-11T23:54:36.265+0000] {dag.py:4180} INFO - Setting next_dagrun for dag_bronze_departments to None, run_after=None
[2026-05-11T23:54:36.285+0000] {processor.py:208} INFO - Processing /opt/airflow/dags/dag_bronze_departments.py took 0.081 seconds
[2026-05-11T23:55:07.200+0000] {processor.py:186} INFO - Started process (PID=1571) to work on /opt/airflow/dags/dag_bronze_departments.py
[2026-05-11T23:55:07.200+0000] {processor.py:914} INFO - Processing file /opt/airflow/dags/dag_bronze_departments.py for tasks to queue
[2026-05-11T23:55:07.202+0000] {logging_mixin.py:190} INFO - [2026-05-11T23:55:07.202+0000] {dagbag.py:588} INFO - Filling up the DagBag from /opt/airflow/dags/dag_bronze_departments.py
[2026-05-11T23:55:07.209+0000] {processor.py:925} INFO - DAG(s) 'dag_bronze_departments' retrieved from /opt/airflow/dags/dag_bronze_departments.py
[2026-05-11T23:55:07.236+0000] {logging_mixin.py:190} INFO - [2026-05-11T23:55:07.236+0000] {dag.py:3239} INFO - Sync 1 DAGs
[2026-05-11T23:55:07.250+0000] {logging_mixin.py:190} INFO - [2026-05-11T23:55:07.249+0000] {dag.py:4180} INFO - Setting next_dagrun for dag_bronze_departments to None, run_after=None
[2026-05-11T23:55:07.295+0000] {processor.py:208} INFO - Processing /opt/airflow/dags/dag_bronze_departments.py took 0.100 seconds
[2026-05-11T23:55:38.293+0000] {processor.py:186} INFO - Started process (PID=1621) to work on /opt/airflow/dags/dag_bronze_departments.py
[2026-05-11T23:55:38.293+0000] {processor.py:914} INFO - Processing file /opt/airflow/dags/dag_bronze_departments.py for tasks to queue
[2026-05-11T23:55:38.296+0000] {logging_mixin.py:190} INFO - [2026-05-11T23:55:38.295+0000] {dagbag.py:588} INFO - Filling up the DagBag from /opt/airflow/dags/dag_bronze_departments.py
[2026-05-11T23:55:38.303+0000] {processor.py:925} INFO - DAG(s) 'dag_bronze_departments' retrieved from /opt/airflow/dags/dag_bronze_departments.py
[2026-05-11T23:55:38.333+0000] {logging_mixin.py:190} INFO - [2026-05-11T23:55:38.333+0000] {dag.py:3239} INFO - Sync 1 DAGs
[2026-05-11T23:55:38.347+0000] {logging_mixin.py:190} INFO - [2026-05-11T23:55:38.347+0000] {dag.py:4180} INFO - Setting next_dagrun for dag_bronze_departments to None, run_after=None
[2026-05-11T23:55:38.367+0000] {processor.py:208} INFO - Processing /opt/airflow/dags/dag_bronze_departments.py took 0.079 seconds
[2026-05-11T23:56:09.894+0000] {processor.py:186} INFO - Started process (PID=1671) to work on /opt/airflow/dags/dag_bronze_departments.py
[2026-05-11T23:56:09.895+0000] {processor.py:914} INFO - Processing file /opt/airflow/dags/dag_bronze_departments.py for tasks to queue
[2026-05-11T23:56:09.897+0000] {logging_mixin.py:190} INFO - [2026-05-11T23:56:09.897+0000] {dagbag.py:588} INFO - Filling up the DagBag from /opt/airflow/dags/dag_bronze_departments.py
[2026-05-11T23:56:09.906+0000] {processor.py:925} INFO - DAG(s) 'dag_bronze_departments' retrieved from /opt/airflow/dags/dag_bronze_departments.py
[2026-05-11T23:56:09.942+0000] {logging_mixin.py:190} INFO - [2026-05-11T23:56:09.942+0000] {dag.py:3239} INFO - Sync 1 DAGs
[2026-05-11T23:56:09.959+0000] {logging_mixin.py:190} INFO - [2026-05-11T23:56:09.959+0000] {dag.py:4180} INFO - Setting next_dagrun for dag_bronze_departments to None, run_after=None
[2026-05-11T23:56:10.069+0000] {processor.py:208} INFO - Processing /opt/airflow/dags/dag_bronze_departments.py took 0.182 seconds
[2026-05-11T23:56:40.162+0000] {processor.py:186} INFO - Started process (PID=1721) to work on /opt/airflow/dags/dag_bronze_departments.py
[2026-05-11T23:56:40.162+0000] {processor.py:914} INFO - Processing file /opt/airflow/dags/dag_bronze_departments.py for tasks to queue
[2026-05-11T23:56:40.164+0000] {logging_mixin.py:190} INFO - [2026-05-11T23:56:40.164+0000] {dagbag.py:588} INFO - Filling up the DagBag from /opt/airflow/dags/dag_bronze_departments.py
[2026-05-11T23:56:40.171+0000] {processor.py:925} INFO - DAG(s) 'dag_bronze_departments' retrieved from /opt/airflow/dags/dag_bronze_departments.py
[2026-05-11T23:56:40.199+0000] {logging_mixin.py:190} INFO - [2026-05-11T23:56:40.199+0000] {dag.py:3239} INFO - Sync 1 DAGs
[2026-05-11T23:56:40.215+0000] {logging_mixin.py:190} INFO - [2026-05-11T23:56:40.215+0000] {dag.py:4180} INFO - Setting next_dagrun for dag_bronze_departments to None, run_after=None
[2026-05-11T23:56:40.236+0000] {processor.py:208} INFO - Processing /opt/airflow/dags/dag_bronze_departments.py took 0.080 seconds
[2026-05-11T23:57:11.156+0000] {processor.py:186} INFO - Started process (PID=1771) to work on /opt/airflow/dags/dag_bronze_departments.py
[2026-05-11T23:57:11.157+0000] {processor.py:914} INFO - Processing file /opt/airflow/dags/dag_bronze_departments.py for tasks to queue
[2026-05-11T23:57:11.159+0000] {logging_mixin.py:190} INFO - [2026-05-11T23:57:11.159+0000] {dagbag.py:588} INFO - Filling up the DagBag from /opt/airflow/dags/dag_bronze_departments.py
[2026-05-11T23:57:11.166+0000] {processor.py:925} INFO - DAG(s) 'dag_bronze_departments' retrieved from /opt/airflow/dags/dag_bronze_departments.py
[2026-05-11T23:57:11.196+0000] {logging_mixin.py:190} INFO - [2026-05-11T23:57:11.196+0000] {dag.py:3239} INFO - Sync 1 DAGs
[2026-05-11T23:57:11.211+0000] {logging_mixin.py:190} INFO - [2026-05-11T23:57:11.211+0000] {dag.py:4180} INFO - Setting next_dagrun for dag_bronze_departments to None, run_after=None
[2026-05-11T23:57:11.228+0000] {processor.py:208} INFO - Processing /opt/airflow/dags/dag_bronze_departments.py took 0.077 seconds
[2026-05-11T23:57:42.008+0000] {processor.py:186} INFO - Started process (PID=1819) to work on /opt/airflow/dags/dag_bronze_departments.py
[2026-05-11T23:57:42.009+0000] {processor.py:914} INFO - Processing file /opt/airflow/dags/dag_bronze_departments.py for tasks to queue
[2026-05-11T23:57:42.010+0000] {logging_mixin.py:190} INFO - [2026-05-11T23:57:42.010+0000] {dagbag.py:588} INFO - Filling up the DagBag from /opt/airflow/dags/dag_bronze_departments.py
[2026-05-11T23:57:42.018+0000] {processor.py:925} INFO - DAG(s) 'dag_bronze_departments' retrieved from /opt/airflow/dags/dag_bronze_departments.py
[2026-05-11T23:57:42.047+0000] {logging_mixin.py:190} INFO - [2026-05-11T23:57:42.046+0000] {dag.py:3239} INFO - Sync 1 DAGs
[2026-05-11T23:57:42.061+0000] {logging_mixin.py:190} INFO - [2026-05-11T23:57:42.061+0000] {dag.py:4180} INFO - Setting next_dagrun for dag_bronze_departments to None, run_after=None
[2026-05-11T23:57:42.078+0000] {processor.py:208} INFO - Processing /opt/airflow/dags/dag_bronze_departments.py took 0.076 seconds
[2026-05-11T23:58:12.879+0000] {processor.py:186} INFO - Started process (PID=1869) to work on /opt/airflow/dags/dag_bronze_departments.py
[2026-05-11T23:58:12.880+0000] {processor.py:914} INFO - Processing file /opt/airflow/dags/dag_bronze_departments.py for tasks to queue
[2026-05-11T23:58:12.881+0000] {logging_mixin.py:190} INFO - [2026-05-11T23:58:12.881+0000] {dagbag.py:588} INFO - Filling up the DagBag from /opt/airflow/dags/dag_bronze_departments.py
[2026-05-11T23:58:12.888+0000] {processor.py:925} INFO - DAG(s) 'dag_bronze_departments' retrieved from /opt/airflow/dags/dag_bronze_departments.py
[2026-05-11T23:58:12.919+0000] {logging_mixin.py:190} INFO - [2026-05-11T23:58:12.919+0000] {dag.py:3239} INFO - Sync 1 DAGs
[2026-05-11T23:58:12.933+0000] {logging_mixin.py:190} INFO - [2026-05-11T23:58:12.933+0000] {dag.py:4180} INFO - Setting next_dagrun for dag_bronze_departments to None, run_after=None
[2026-05-11T23:58:12.952+0000] {processor.py:208} INFO - Processing /opt/airflow/dags/dag_bronze_departments.py took 0.079 seconds
[2026-05-11T23:58:43.835+0000] {processor.py:186} INFO - Started process (PID=1921) to work on /opt/airflow/dags/dag_bronze_departments.py
[2026-05-11T23:58:43.836+0000] {processor.py:914} INFO - Processing file /opt/airflow/dags/dag_bronze_departments.py for tasks to queue
[2026-05-11T23:58:43.838+0000] {logging_mixin.py:190} INFO - [2026-05-11T23:58:43.838+0000] {dagbag.py:588} INFO - Filling up the DagBag from /opt/airflow/dags/dag_bronze_departments.py
[2026-05-11T23:58:43.845+0000] {processor.py:925} INFO - DAG(s) 'dag_bronze_departments' retrieved from /opt/airflow/dags/dag_bronze_departments.py
[2026-05-11T23:58:43.874+0000] {logging_mixin.py:190} INFO - [2026-05-11T23:58:43.874+0000] {dag.py:3239} INFO - Sync 1 DAGs
[2026-05-11T23:58:43.888+0000] {logging_mixin.py:190} INFO - [2026-05-11T23:58:43.888+0000] {dag.py:4180} INFO - Setting next_dagrun for dag_bronze_departments to None, run_after=None
[2026-05-11T23:58:43.912+0000] {processor.py:208} INFO - Processing /opt/airflow/dags/dag_bronze_departments.py took 0.082 seconds
[2026-05-11T23:59:14.775+0000] {processor.py:186} INFO - Started process (PID=1971) to work on /opt/airflow/dags/dag_bronze_departments.py
[2026-05-11T23:59:14.776+0000] {processor.py:914} INFO - Processing file /opt/airflow/dags/dag_bronze_departments.py for tasks to queue
[2026-05-11T23:59:14.778+0000] {logging_mixin.py:190} INFO - [2026-05-11T23:59:14.778+0000] {dagbag.py:588} INFO - Filling up the DagBag from /opt/airflow/dags/dag_bronze_departments.py
[2026-05-11T23:59:14.785+0000] {processor.py:925} INFO - DAG(s) 'dag_bronze_departments' retrieved from /opt/airflow/dags/dag_bronze_departments.py
[2026-05-11T23:59:14.814+0000] {logging_mixin.py:190} INFO - [2026-05-11T23:59:14.814+0000] {dag.py:3239} INFO - Sync 1 DAGs
[2026-05-11T23:59:14.828+0000] {logging_mixin.py:190} INFO - [2026-05-11T23:59:14.828+0000] {dag.py:4180} INFO - Setting next_dagrun for dag_bronze_departments to None, run_after=None
[2026-05-11T23:59:14.855+0000] {processor.py:208} INFO - Processing /opt/airflow/dags/dag_bronze_departments.py took 0.085 seconds
[2026-05-11T23:59:45.632+0000] {processor.py:186} INFO - Started process (PID=2019) to work on /opt/airflow/dags/dag_bronze_departments.py
[2026-05-11T23:59:45.633+0000] {processor.py:914} INFO - Processing file /opt/airflow/dags/dag_bronze_departments.py for tasks to queue
[2026-05-11T23:59:45.635+0000] {logging_mixin.py:190} INFO - [2026-05-11T23:59:45.635+0000] {dagbag.py:588} INFO - Filling up the DagBag from /opt/airflow/dags/dag_bronze_departments.py
[2026-05-11T23:59:45.642+0000] {processor.py:925} INFO - DAG(s) 'dag_bronze_departments' retrieved from /opt/airflow/dags/dag_bronze_departments.py
[2026-05-11T23:59:45.671+0000] {logging_mixin.py:190} INFO - [2026-05-11T23:59:45.671+0000] {dag.py:3239} INFO - Sync 1 DAGs
[2026-05-11T23:59:45.686+0000] {logging_mixin.py:190} INFO - [2026-05-11T23:59:45.686+0000] {dag.py:4180} INFO - Setting next_dagrun for dag_bronze_departments to None, run_after=None
[2026-05-11T23:59:45.705+0000] {processor.py:208} INFO - Processing /opt/airflow/dags/dag_bronze_departments.py took 0.078 seconds
