[2026-05-11T23:41:43.225+0000] {processor.py:186} INFO - Started process (PID=286) to work on /opt/airflow/dags/dag_ingest_instacart_local.py
[2026-05-11T23:41:43.226+0000] {processor.py:914} INFO - Processing file /opt/airflow/dags/dag_ingest_instacart_local.py for tasks to queue
[2026-05-11T23:41:43.228+0000] {logging_mixin.py:190} INFO - [2026-05-11T23:41:43.228+0000] {dagbag.py:588} INFO - Filling up the DagBag from /opt/airflow/dags/dag_ingest_instacart_local.py
[2026-05-11T23:41:43.244+0000] {processor.py:925} INFO - DAG(s) 'dag_ingest_instacart_local' retrieved from /opt/airflow/dags/dag_ingest_instacart_local.py
[2026-05-11T23:41:43.294+0000] {logging_mixin.py:190} INFO - [2026-05-11T23:41:43.294+0000] {dag.py:3239} INFO - Sync 1 DAGs
[2026-05-11T23:41:43.314+0000] {logging_mixin.py:190} INFO - [2026-05-11T23:41:43.314+0000] {dag.py:4180} INFO - Setting next_dagrun for dag_ingest_instacart_local to None, run_after=None
[2026-05-11T23:41:43.341+0000] {processor.py:208} INFO - Processing /opt/airflow/dags/dag_ingest_instacart_local.py took 0.121 seconds
[2026-05-11T23:42:13.392+0000] {processor.py:186} INFO - Started process (PID=336) to work on /opt/airflow/dags/dag_ingest_instacart_local.py
[2026-05-11T23:42:13.393+0000] {processor.py:914} INFO - Processing file /opt/airflow/dags/dag_ingest_instacart_local.py for tasks to queue
[2026-05-11T23:42:13.395+0000] {logging_mixin.py:190} INFO - [2026-05-11T23:42:13.394+0000] {dagbag.py:588} INFO - Filling up the DagBag from /opt/airflow/dags/dag_ingest_instacart_local.py
[2026-05-11T23:42:13.404+0000] {processor.py:925} INFO - DAG(s) 'dag_ingest_instacart_local' retrieved from /opt/airflow/dags/dag_ingest_instacart_local.py
[2026-05-11T23:42:13.437+0000] {logging_mixin.py:190} INFO - [2026-05-11T23:42:13.437+0000] {dag.py:3239} INFO - Sync 1 DAGs
[2026-05-11T23:42:13.455+0000] {logging_mixin.py:190} INFO - [2026-05-11T23:42:13.454+0000] {dag.py:4180} INFO - Setting next_dagrun for dag_ingest_instacart_local to None, run_after=None
[2026-05-11T23:42:13.473+0000] {processor.py:208} INFO - Processing /opt/airflow/dags/dag_ingest_instacart_local.py took 0.087 seconds
[2026-05-11T23:42:44.341+0000] {processor.py:186} INFO - Started process (PID=384) to work on /opt/airflow/dags/dag_ingest_instacart_local.py
[2026-05-11T23:42:44.342+0000] {processor.py:914} INFO - Processing file /opt/airflow/dags/dag_ingest_instacart_local.py for tasks to queue
[2026-05-11T23:42:44.344+0000] {logging_mixin.py:190} INFO - [2026-05-11T23:42:44.344+0000] {dagbag.py:588} INFO - Filling up the DagBag from /opt/airflow/dags/dag_ingest_instacart_local.py
[2026-05-11T23:42:44.353+0000] {processor.py:925} INFO - DAG(s) 'dag_ingest_instacart_local' retrieved from /opt/airflow/dags/dag_ingest_instacart_local.py
[2026-05-11T23:42:44.384+0000] {logging_mixin.py:190} INFO - [2026-05-11T23:42:44.384+0000] {dag.py:3239} INFO - Sync 1 DAGs
[2026-05-11T23:42:44.399+0000] {logging_mixin.py:190} INFO - [2026-05-11T23:42:44.398+0000] {dag.py:4180} INFO - Setting next_dagrun for dag_ingest_instacart_local to None, run_after=None
[2026-05-11T23:42:44.417+0000] {processor.py:208} INFO - Processing /opt/airflow/dags/dag_ingest_instacart_local.py took 0.081 seconds
[2026-05-11T23:43:15.251+0000] {processor.py:186} INFO - Started process (PID=434) to work on /opt/airflow/dags/dag_ingest_instacart_local.py
[2026-05-11T23:43:15.252+0000] {processor.py:914} INFO - Processing file /opt/airflow/dags/dag_ingest_instacart_local.py for tasks to queue
[2026-05-11T23:43:15.254+0000] {logging_mixin.py:190} INFO - [2026-05-11T23:43:15.253+0000] {dagbag.py:588} INFO - Filling up the DagBag from /opt/airflow/dags/dag_ingest_instacart_local.py
[2026-05-11T23:43:15.264+0000] {processor.py:925} INFO - DAG(s) 'dag_ingest_instacart_local' retrieved from /opt/airflow/dags/dag_ingest_instacart_local.py
[2026-05-11T23:43:15.293+0000] {logging_mixin.py:190} INFO - [2026-05-11T23:43:15.293+0000] {dag.py:3239} INFO - Sync 1 DAGs
[2026-05-11T23:43:15.308+0000] {logging_mixin.py:190} INFO - [2026-05-11T23:43:15.308+0000] {dag.py:4180} INFO - Setting next_dagrun for dag_ingest_instacart_local to None, run_after=None
[2026-05-11T23:43:15.329+0000] {processor.py:208} INFO - Processing /opt/airflow/dags/dag_ingest_instacart_local.py took 0.083 seconds
[2026-05-11T23:43:46.206+0000] {processor.py:186} INFO - Started process (PID=484) to work on /opt/airflow/dags/dag_ingest_instacart_local.py
[2026-05-11T23:43:46.207+0000] {processor.py:914} INFO - Processing file /opt/airflow/dags/dag_ingest_instacart_local.py for tasks to queue
[2026-05-11T23:43:46.209+0000] {logging_mixin.py:190} INFO - [2026-05-11T23:43:46.209+0000] {dagbag.py:588} INFO - Filling up the DagBag from /opt/airflow/dags/dag_ingest_instacart_local.py
[2026-05-11T23:43:46.219+0000] {processor.py:925} INFO - DAG(s) 'dag_ingest_instacart_local' retrieved from /opt/airflow/dags/dag_ingest_instacart_local.py
[2026-05-11T23:43:46.247+0000] {logging_mixin.py:190} INFO - [2026-05-11T23:43:46.247+0000] {dag.py:3239} INFO - Sync 1 DAGs
[2026-05-11T23:43:46.261+0000] {logging_mixin.py:190} INFO - [2026-05-11T23:43:46.261+0000] {dag.py:4180} INFO - Setting next_dagrun for dag_ingest_instacart_local to None, run_after=None
[2026-05-11T23:43:46.279+0000] {processor.py:208} INFO - Processing /opt/airflow/dags/dag_ingest_instacart_local.py took 0.081 seconds
[2026-05-11T23:44:17.126+0000] {processor.py:186} INFO - Started process (PID=534) to work on /opt/airflow/dags/dag_ingest_instacart_local.py
[2026-05-11T23:44:17.127+0000] {processor.py:914} INFO - Processing file /opt/airflow/dags/dag_ingest_instacart_local.py for tasks to queue
[2026-05-11T23:44:17.129+0000] {logging_mixin.py:190} INFO - [2026-05-11T23:44:17.129+0000] {dagbag.py:588} INFO - Filling up the DagBag from /opt/airflow/dags/dag_ingest_instacart_local.py
[2026-05-11T23:44:17.137+0000] {processor.py:925} INFO - DAG(s) 'dag_ingest_instacart_local' retrieved from /opt/airflow/dags/dag_ingest_instacart_local.py
[2026-05-11T23:44:17.166+0000] {logging_mixin.py:190} INFO - [2026-05-11T23:44:17.166+0000] {dag.py:3239} INFO - Sync 1 DAGs
[2026-05-11T23:44:17.180+0000] {logging_mixin.py:190} INFO - [2026-05-11T23:44:17.179+0000] {dag.py:4180} INFO - Setting next_dagrun for dag_ingest_instacart_local to None, run_after=None
[2026-05-11T23:44:17.200+0000] {processor.py:208} INFO - Processing /opt/airflow/dags/dag_ingest_instacart_local.py took 0.079 seconds
[2026-05-11T23:44:48.210+0000] {processor.py:186} INFO - Started process (PID=586) to work on /opt/airflow/dags/dag_ingest_instacart_local.py
[2026-05-11T23:44:48.211+0000] {processor.py:914} INFO - Processing file /opt/airflow/dags/dag_ingest_instacart_local.py for tasks to queue
[2026-05-11T23:44:48.212+0000] {logging_mixin.py:190} INFO - [2026-05-11T23:44:48.212+0000] {dagbag.py:588} INFO - Filling up the DagBag from /opt/airflow/dags/dag_ingest_instacart_local.py
[2026-05-11T23:44:48.221+0000] {processor.py:925} INFO - DAG(s) 'dag_ingest_instacart_local' retrieved from /opt/airflow/dags/dag_ingest_instacart_local.py
[2026-05-11T23:44:48.251+0000] {logging_mixin.py:190} INFO - [2026-05-11T23:44:48.251+0000] {dag.py:3239} INFO - Sync 1 DAGs
[2026-05-11T23:44:48.266+0000] {logging_mixin.py:190} INFO - [2026-05-11T23:44:48.266+0000] {dag.py:4180} INFO - Setting next_dagrun for dag_ingest_instacart_local to None, run_after=None
[2026-05-11T23:44:48.283+0000] {processor.py:208} INFO - Processing /opt/airflow/dags/dag_ingest_instacart_local.py took 0.079 seconds
[2026-05-11T23:45:19.187+0000] {processor.py:186} INFO - Started process (PID=634) to work on /opt/airflow/dags/dag_ingest_instacart_local.py
[2026-05-11T23:45:19.188+0000] {processor.py:914} INFO - Processing file /opt/airflow/dags/dag_ingest_instacart_local.py for tasks to queue
[2026-05-11T23:45:19.190+0000] {logging_mixin.py:190} INFO - [2026-05-11T23:45:19.190+0000] {dagbag.py:588} INFO - Filling up the DagBag from /opt/airflow/dags/dag_ingest_instacart_local.py
[2026-05-11T23:45:19.198+0000] {processor.py:925} INFO - DAG(s) 'dag_ingest_instacart_local' retrieved from /opt/airflow/dags/dag_ingest_instacart_local.py
[2026-05-11T23:45:19.227+0000] {logging_mixin.py:190} INFO - [2026-05-11T23:45:19.226+0000] {dag.py:3239} INFO - Sync 1 DAGs
[2026-05-11T23:45:19.241+0000] {logging_mixin.py:190} INFO - [2026-05-11T23:45:19.241+0000] {dag.py:4180} INFO - Setting next_dagrun for dag_ingest_instacart_local to None, run_after=None
[2026-05-11T23:45:19.259+0000] {processor.py:208} INFO - Processing /opt/airflow/dags/dag_ingest_instacart_local.py took 0.078 seconds
[2026-05-11T23:45:50.132+0000] {processor.py:186} INFO - Started process (PID=684) to work on /opt/airflow/dags/dag_ingest_instacart_local.py
[2026-05-11T23:45:50.133+0000] {processor.py:914} INFO - Processing file /opt/airflow/dags/dag_ingest_instacart_local.py for tasks to queue
[2026-05-11T23:45:50.134+0000] {logging_mixin.py:190} INFO - [2026-05-11T23:45:50.134+0000] {dagbag.py:588} INFO - Filling up the DagBag from /opt/airflow/dags/dag_ingest_instacart_local.py
[2026-05-11T23:45:50.143+0000] {processor.py:925} INFO - DAG(s) 'dag_ingest_instacart_local' retrieved from /opt/airflow/dags/dag_ingest_instacart_local.py
[2026-05-11T23:45:50.174+0000] {logging_mixin.py:190} INFO - [2026-05-11T23:45:50.174+0000] {dag.py:3239} INFO - Sync 1 DAGs
[2026-05-11T23:45:50.189+0000] {logging_mixin.py:190} INFO - [2026-05-11T23:45:50.189+0000] {dag.py:4180} INFO - Setting next_dagrun for dag_ingest_instacart_local to None, run_after=None
[2026-05-11T23:45:50.210+0000] {processor.py:208} INFO - Processing /opt/airflow/dags/dag_ingest_instacart_local.py took 0.084 seconds
[2026-05-11T23:46:21.252+0000] {processor.py:186} INFO - Started process (PID=734) to work on /opt/airflow/dags/dag_ingest_instacart_local.py
[2026-05-11T23:46:21.253+0000] {processor.py:914} INFO - Processing file /opt/airflow/dags/dag_ingest_instacart_local.py for tasks to queue
[2026-05-11T23:46:21.255+0000] {logging_mixin.py:190} INFO - [2026-05-11T23:46:21.255+0000] {dagbag.py:588} INFO - Filling up the DagBag from /opt/airflow/dags/dag_ingest_instacart_local.py
[2026-05-11T23:46:21.264+0000] {processor.py:925} INFO - DAG(s) 'dag_ingest_instacart_local' retrieved from /opt/airflow/dags/dag_ingest_instacart_local.py
[2026-05-11T23:46:21.293+0000] {logging_mixin.py:190} INFO - [2026-05-11T23:46:21.293+0000] {dag.py:3239} INFO - Sync 1 DAGs
[2026-05-11T23:46:21.308+0000] {logging_mixin.py:190} INFO - [2026-05-11T23:46:21.307+0000] {dag.py:4180} INFO - Setting next_dagrun for dag_ingest_instacart_local to None, run_after=None
[2026-05-11T23:46:21.325+0000] {processor.py:208} INFO - Processing /opt/airflow/dags/dag_ingest_instacart_local.py took 0.079 seconds
[2026-05-11T23:46:52.278+0000] {processor.py:186} INFO - Started process (PID=784) to work on /opt/airflow/dags/dag_ingest_instacart_local.py
[2026-05-11T23:46:52.279+0000] {processor.py:914} INFO - Processing file /opt/airflow/dags/dag_ingest_instacart_local.py for tasks to queue
[2026-05-11T23:46:52.280+0000] {logging_mixin.py:190} INFO - [2026-05-11T23:46:52.280+0000] {dagbag.py:588} INFO - Filling up the DagBag from /opt/airflow/dags/dag_ingest_instacart_local.py
[2026-05-11T23:46:52.289+0000] {processor.py:925} INFO - DAG(s) 'dag_ingest_instacart_local' retrieved from /opt/airflow/dags/dag_ingest_instacart_local.py
[2026-05-11T23:46:52.317+0000] {logging_mixin.py:190} INFO - [2026-05-11T23:46:52.317+0000] {dag.py:3239} INFO - Sync 1 DAGs
[2026-05-11T23:46:52.334+0000] {logging_mixin.py:190} INFO - [2026-05-11T23:46:52.333+0000] {dag.py:4180} INFO - Setting next_dagrun for dag_ingest_instacart_local to None, run_after=None
[2026-05-11T23:46:52.352+0000] {processor.py:208} INFO - Processing /opt/airflow/dags/dag_ingest_instacart_local.py took 0.080 seconds
[2026-05-11T23:47:23.254+0000] {processor.py:186} INFO - Started process (PID=834) to work on /opt/airflow/dags/dag_ingest_instacart_local.py
[2026-05-11T23:47:23.255+0000] {processor.py:914} INFO - Processing file /opt/airflow/dags/dag_ingest_instacart_local.py for tasks to queue
[2026-05-11T23:47:23.257+0000] {logging_mixin.py:190} INFO - [2026-05-11T23:47:23.257+0000] {dagbag.py:588} INFO - Filling up the DagBag from /opt/airflow/dags/dag_ingest_instacart_local.py
[2026-05-11T23:47:23.265+0000] {processor.py:925} INFO - DAG(s) 'dag_ingest_instacart_local' retrieved from /opt/airflow/dags/dag_ingest_instacart_local.py
[2026-05-11T23:47:23.294+0000] {logging_mixin.py:190} INFO - [2026-05-11T23:47:23.294+0000] {dag.py:3239} INFO - Sync 1 DAGs
[2026-05-11T23:47:23.309+0000] {logging_mixin.py:190} INFO - [2026-05-11T23:47:23.309+0000] {dag.py:4180} INFO - Setting next_dagrun for dag_ingest_instacart_local to None, run_after=None
[2026-05-11T23:47:23.327+0000] {processor.py:208} INFO - Processing /opt/airflow/dags/dag_ingest_instacart_local.py took 0.078 seconds
[2026-05-11T23:47:54.235+0000] {processor.py:186} INFO - Started process (PID=884) to work on /opt/airflow/dags/dag_ingest_instacart_local.py
[2026-05-11T23:47:54.236+0000] {processor.py:914} INFO - Processing file /opt/airflow/dags/dag_ingest_instacart_local.py for tasks to queue
[2026-05-11T23:47:54.238+0000] {logging_mixin.py:190} INFO - [2026-05-11T23:47:54.238+0000] {dagbag.py:588} INFO - Filling up the DagBag from /opt/airflow/dags/dag_ingest_instacart_local.py
[2026-05-11T23:47:54.248+0000] {processor.py:925} INFO - DAG(s) 'dag_ingest_instacart_local' retrieved from /opt/airflow/dags/dag_ingest_instacart_local.py
[2026-05-11T23:47:54.280+0000] {logging_mixin.py:190} INFO - [2026-05-11T23:47:54.279+0000] {dag.py:3239} INFO - Sync 1 DAGs
[2026-05-11T23:47:54.297+0000] {logging_mixin.py:190} INFO - [2026-05-11T23:47:54.297+0000] {dag.py:4180} INFO - Setting next_dagrun for dag_ingest_instacart_local to None, run_after=None
[2026-05-11T23:47:54.318+0000] {processor.py:208} INFO - Processing /opt/airflow/dags/dag_ingest_instacart_local.py took 0.088 seconds
[2026-05-11T23:48:25.220+0000] {processor.py:186} INFO - Started process (PID=934) to work on /opt/airflow/dags/dag_ingest_instacart_local.py
[2026-05-11T23:48:25.221+0000] {processor.py:914} INFO - Processing file /opt/airflow/dags/dag_ingest_instacart_local.py for tasks to queue
[2026-05-11T23:48:25.223+0000] {logging_mixin.py:190} INFO - [2026-05-11T23:48:25.222+0000] {dagbag.py:588} INFO - Filling up the DagBag from /opt/airflow/dags/dag_ingest_instacart_local.py
[2026-05-11T23:48:25.231+0000] {processor.py:925} INFO - DAG(s) 'dag_ingest_instacart_local' retrieved from /opt/airflow/dags/dag_ingest_instacart_local.py
[2026-05-11T23:48:25.259+0000] {logging_mixin.py:190} INFO - [2026-05-11T23:48:25.259+0000] {dag.py:3239} INFO - Sync 1 DAGs
[2026-05-11T23:48:25.274+0000] {logging_mixin.py:190} INFO - [2026-05-11T23:48:25.273+0000] {dag.py:4180} INFO - Setting next_dagrun for dag_ingest_instacart_local to None, run_after=None
[2026-05-11T23:48:25.292+0000] {processor.py:208} INFO - Processing /opt/airflow/dags/dag_ingest_instacart_local.py took 0.077 seconds
[2026-05-11T23:48:56.193+0000] {processor.py:186} INFO - Started process (PID=984) to work on /opt/airflow/dags/dag_ingest_instacart_local.py
[2026-05-11T23:48:56.194+0000] {processor.py:914} INFO - Processing file /opt/airflow/dags/dag_ingest_instacart_local.py for tasks to queue
[2026-05-11T23:48:56.196+0000] {logging_mixin.py:190} INFO - [2026-05-11T23:48:56.196+0000] {dagbag.py:588} INFO - Filling up the DagBag from /opt/airflow/dags/dag_ingest_instacart_local.py
[2026-05-11T23:48:56.206+0000] {processor.py:925} INFO - DAG(s) 'dag_ingest_instacart_local' retrieved from /opt/airflow/dags/dag_ingest_instacart_local.py
[2026-05-11T23:48:56.235+0000] {logging_mixin.py:190} INFO - [2026-05-11T23:48:56.235+0000] {dag.py:3239} INFO - Sync 1 DAGs
[2026-05-11T23:48:56.250+0000] {logging_mixin.py:190} INFO - [2026-05-11T23:48:56.250+0000] {dag.py:4180} INFO - Setting next_dagrun for dag_ingest_instacart_local to None, run_after=None
[2026-05-11T23:48:56.277+0000] {processor.py:208} INFO - Processing /opt/airflow/dags/dag_ingest_instacart_local.py took 0.089 seconds
[2026-05-11T23:49:27.322+0000] {processor.py:186} INFO - Started process (PID=1034) to work on /opt/airflow/dags/dag_ingest_instacart_local.py
[2026-05-11T23:49:27.323+0000] {processor.py:914} INFO - Processing file /opt/airflow/dags/dag_ingest_instacart_local.py for tasks to queue
[2026-05-11T23:49:27.325+0000] {logging_mixin.py:190} INFO - [2026-05-11T23:49:27.324+0000] {dagbag.py:588} INFO - Filling up the DagBag from /opt/airflow/dags/dag_ingest_instacart_local.py
[2026-05-11T23:49:27.335+0000] {processor.py:925} INFO - DAG(s) 'dag_ingest_instacart_local' retrieved from /opt/airflow/dags/dag_ingest_instacart_local.py
[2026-05-11T23:49:27.371+0000] {logging_mixin.py:190} INFO - [2026-05-11T23:49:27.371+0000] {dag.py:3239} INFO - Sync 1 DAGs
[2026-05-11T23:49:27.387+0000] {logging_mixin.py:190} INFO - [2026-05-11T23:49:27.387+0000] {dag.py:4180} INFO - Setting next_dagrun for dag_ingest_instacart_local to None, run_after=None
[2026-05-11T23:49:27.441+0000] {processor.py:208} INFO - Processing /opt/airflow/dags/dag_ingest_instacart_local.py took 0.125 seconds
[2026-05-11T23:49:57.502+0000] {processor.py:186} INFO - Started process (PID=1084) to work on /opt/airflow/dags/dag_ingest_instacart_local.py
[2026-05-11T23:49:57.503+0000] {processor.py:914} INFO - Processing file /opt/airflow/dags/dag_ingest_instacart_local.py for tasks to queue
[2026-05-11T23:49:57.505+0000] {logging_mixin.py:190} INFO - [2026-05-11T23:49:57.505+0000] {dagbag.py:588} INFO - Filling up the DagBag from /opt/airflow/dags/dag_ingest_instacart_local.py
[2026-05-11T23:49:57.513+0000] {processor.py:925} INFO - DAG(s) 'dag_ingest_instacart_local' retrieved from /opt/airflow/dags/dag_ingest_instacart_local.py
[2026-05-11T23:49:57.542+0000] {logging_mixin.py:190} INFO - [2026-05-11T23:49:57.542+0000] {dag.py:3239} INFO - Sync 1 DAGs
[2026-05-11T23:49:57.556+0000] {logging_mixin.py:190} INFO - [2026-05-11T23:49:57.556+0000] {dag.py:4180} INFO - Setting next_dagrun for dag_ingest_instacart_local to None, run_after=None
[2026-05-11T23:49:57.574+0000] {processor.py:208} INFO - Processing /opt/airflow/dags/dag_ingest_instacart_local.py took 0.078 seconds
[2026-05-11T23:50:28.487+0000] {processor.py:186} INFO - Started process (PID=1134) to work on /opt/airflow/dags/dag_ingest_instacart_local.py
[2026-05-11T23:50:28.487+0000] {processor.py:914} INFO - Processing file /opt/airflow/dags/dag_ingest_instacart_local.py for tasks to queue
[2026-05-11T23:50:28.490+0000] {logging_mixin.py:190} INFO - [2026-05-11T23:50:28.489+0000] {dagbag.py:588} INFO - Filling up the DagBag from /opt/airflow/dags/dag_ingest_instacart_local.py
[2026-05-11T23:50:28.499+0000] {processor.py:925} INFO - DAG(s) 'dag_ingest_instacart_local' retrieved from /opt/airflow/dags/dag_ingest_instacart_local.py
[2026-05-11T23:50:28.529+0000] {logging_mixin.py:190} INFO - [2026-05-11T23:50:28.529+0000] {dag.py:3239} INFO - Sync 1 DAGs
[2026-05-11T23:50:28.545+0000] {logging_mixin.py:190} INFO - [2026-05-11T23:50:28.545+0000] {dag.py:4180} INFO - Setting next_dagrun for dag_ingest_instacart_local to None, run_after=None
[2026-05-11T23:50:28.565+0000] {processor.py:208} INFO - Processing /opt/airflow/dags/dag_ingest_instacart_local.py took 0.084 seconds
[2026-05-11T23:50:59.366+0000] {processor.py:186} INFO - Started process (PID=1184) to work on /opt/airflow/dags/dag_ingest_instacart_local.py
[2026-05-11T23:50:59.367+0000] {processor.py:914} INFO - Processing file /opt/airflow/dags/dag_ingest_instacart_local.py for tasks to queue
[2026-05-11T23:50:59.369+0000] {logging_mixin.py:190} INFO - [2026-05-11T23:50:59.369+0000] {dagbag.py:588} INFO - Filling up the DagBag from /opt/airflow/dags/dag_ingest_instacart_local.py
[2026-05-11T23:50:59.378+0000] {processor.py:925} INFO - DAG(s) 'dag_ingest_instacart_local' retrieved from /opt/airflow/dags/dag_ingest_instacart_local.py
[2026-05-11T23:50:59.407+0000] {logging_mixin.py:190} INFO - [2026-05-11T23:50:59.407+0000] {dag.py:3239} INFO - Sync 1 DAGs
[2026-05-11T23:50:59.422+0000] {logging_mixin.py:190} INFO - [2026-05-11T23:50:59.422+0000] {dag.py:4180} INFO - Setting next_dagrun for dag_ingest_instacart_local to None, run_after=None
[2026-05-11T23:50:59.440+0000] {processor.py:208} INFO - Processing /opt/airflow/dags/dag_ingest_instacart_local.py took 0.080 seconds
[2026-05-11T23:51:30.279+0000] {processor.py:186} INFO - Started process (PID=1234) to work on /opt/airflow/dags/dag_ingest_instacart_local.py
[2026-05-11T23:51:30.280+0000] {processor.py:914} INFO - Processing file /opt/airflow/dags/dag_ingest_instacart_local.py for tasks to queue
[2026-05-11T23:51:30.282+0000] {logging_mixin.py:190} INFO - [2026-05-11T23:51:30.282+0000] {dagbag.py:588} INFO - Filling up the DagBag from /opt/airflow/dags/dag_ingest_instacart_local.py
[2026-05-11T23:51:30.292+0000] {processor.py:925} INFO - DAG(s) 'dag_ingest_instacart_local' retrieved from /opt/airflow/dags/dag_ingest_instacart_local.py
[2026-05-11T23:51:30.321+0000] {logging_mixin.py:190} INFO - [2026-05-11T23:51:30.321+0000] {dag.py:3239} INFO - Sync 1 DAGs
[2026-05-11T23:51:30.336+0000] {logging_mixin.py:190} INFO - [2026-05-11T23:51:30.336+0000] {dag.py:4180} INFO - Setting next_dagrun for dag_ingest_instacart_local to None, run_after=None
[2026-05-11T23:51:30.355+0000] {processor.py:208} INFO - Processing /opt/airflow/dags/dag_ingest_instacart_local.py took 0.082 seconds
[2026-05-11T23:52:01.279+0000] {processor.py:186} INFO - Started process (PID=1284) to work on /opt/airflow/dags/dag_ingest_instacart_local.py
[2026-05-11T23:52:01.280+0000] {processor.py:914} INFO - Processing file /opt/airflow/dags/dag_ingest_instacart_local.py for tasks to queue
[2026-05-11T23:52:01.282+0000] {logging_mixin.py:190} INFO - [2026-05-11T23:52:01.281+0000] {dagbag.py:588} INFO - Filling up the DagBag from /opt/airflow/dags/dag_ingest_instacart_local.py
[2026-05-11T23:52:01.291+0000] {processor.py:925} INFO - DAG(s) 'dag_ingest_instacart_local' retrieved from /opt/airflow/dags/dag_ingest_instacart_local.py
[2026-05-11T23:52:01.321+0000] {logging_mixin.py:190} INFO - [2026-05-11T23:52:01.321+0000] {dag.py:3239} INFO - Sync 1 DAGs
[2026-05-11T23:52:01.338+0000] {logging_mixin.py:190} INFO - [2026-05-11T23:52:01.338+0000] {dag.py:4180} INFO - Setting next_dagrun for dag_ingest_instacart_local to None, run_after=None
[2026-05-11T23:52:01.358+0000] {processor.py:208} INFO - Processing /opt/airflow/dags/dag_ingest_instacart_local.py took 0.085 seconds
[2026-05-11T23:52:32.351+0000] {processor.py:186} INFO - Started process (PID=1334) to work on /opt/airflow/dags/dag_ingest_instacart_local.py
[2026-05-11T23:52:32.352+0000] {processor.py:914} INFO - Processing file /opt/airflow/dags/dag_ingest_instacart_local.py for tasks to queue
[2026-05-11T23:52:32.353+0000] {logging_mixin.py:190} INFO - [2026-05-11T23:52:32.353+0000] {dagbag.py:588} INFO - Filling up the DagBag from /opt/airflow/dags/dag_ingest_instacart_local.py
[2026-05-11T23:52:32.363+0000] {processor.py:925} INFO - DAG(s) 'dag_ingest_instacart_local' retrieved from /opt/airflow/dags/dag_ingest_instacart_local.py
[2026-05-11T23:52:32.392+0000] {logging_mixin.py:190} INFO - [2026-05-11T23:52:32.392+0000] {dag.py:3239} INFO - Sync 1 DAGs
[2026-05-11T23:52:32.407+0000] {logging_mixin.py:190} INFO - [2026-05-11T23:52:32.407+0000] {dag.py:4180} INFO - Setting next_dagrun for dag_ingest_instacart_local to None, run_after=None
[2026-05-11T23:52:32.425+0000] {processor.py:208} INFO - Processing /opt/airflow/dags/dag_ingest_instacart_local.py took 0.080 seconds
[2026-05-11T23:53:03.415+0000] {processor.py:186} INFO - Started process (PID=1384) to work on /opt/airflow/dags/dag_ingest_instacart_local.py
[2026-05-11T23:53:03.416+0000] {processor.py:914} INFO - Processing file /opt/airflow/dags/dag_ingest_instacart_local.py for tasks to queue
[2026-05-11T23:53:03.418+0000] {logging_mixin.py:190} INFO - [2026-05-11T23:53:03.418+0000] {dagbag.py:588} INFO - Filling up the DagBag from /opt/airflow/dags/dag_ingest_instacart_local.py
[2026-05-11T23:53:03.427+0000] {processor.py:925} INFO - DAG(s) 'dag_ingest_instacart_local' retrieved from /opt/airflow/dags/dag_ingest_instacart_local.py
[2026-05-11T23:53:03.455+0000] {logging_mixin.py:190} INFO - [2026-05-11T23:53:03.455+0000] {dag.py:3239} INFO - Sync 1 DAGs
[2026-05-11T23:53:03.470+0000] {logging_mixin.py:190} INFO - [2026-05-11T23:53:03.470+0000] {dag.py:4180} INFO - Setting next_dagrun for dag_ingest_instacart_local to None, run_after=None
[2026-05-11T23:53:03.487+0000] {processor.py:208} INFO - Processing /opt/airflow/dags/dag_ingest_instacart_local.py took 0.077 seconds
[2026-05-11T23:53:34.404+0000] {processor.py:186} INFO - Started process (PID=1434) to work on /opt/airflow/dags/dag_ingest_instacart_local.py
[2026-05-11T23:53:34.405+0000] {processor.py:914} INFO - Processing file /opt/airflow/dags/dag_ingest_instacart_local.py for tasks to queue
[2026-05-11T23:53:34.407+0000] {logging_mixin.py:190} INFO - [2026-05-11T23:53:34.407+0000] {dagbag.py:588} INFO - Filling up the DagBag from /opt/airflow/dags/dag_ingest_instacart_local.py
[2026-05-11T23:53:34.416+0000] {processor.py:925} INFO - DAG(s) 'dag_ingest_instacart_local' retrieved from /opt/airflow/dags/dag_ingest_instacart_local.py
[2026-05-11T23:53:34.444+0000] {logging_mixin.py:190} INFO - [2026-05-11T23:53:34.444+0000] {dag.py:3239} INFO - Sync 1 DAGs
[2026-05-11T23:53:34.461+0000] {logging_mixin.py:190} INFO - [2026-05-11T23:53:34.461+0000] {dag.py:4180} INFO - Setting next_dagrun for dag_ingest_instacart_local to None, run_after=None
[2026-05-11T23:53:34.479+0000] {processor.py:208} INFO - Processing /opt/airflow/dags/dag_ingest_instacart_local.py took 0.081 seconds
[2026-05-11T23:54:05.382+0000] {processor.py:186} INFO - Started process (PID=1484) to work on /opt/airflow/dags/dag_ingest_instacart_local.py
[2026-05-11T23:54:05.383+0000] {processor.py:914} INFO - Processing file /opt/airflow/dags/dag_ingest_instacart_local.py for tasks to queue
[2026-05-11T23:54:05.385+0000] {logging_mixin.py:190} INFO - [2026-05-11T23:54:05.384+0000] {dagbag.py:588} INFO - Filling up the DagBag from /opt/airflow/dags/dag_ingest_instacart_local.py
[2026-05-11T23:54:05.393+0000] {processor.py:925} INFO - DAG(s) 'dag_ingest_instacart_local' retrieved from /opt/airflow/dags/dag_ingest_instacart_local.py
[2026-05-11T23:54:05.422+0000] {logging_mixin.py:190} INFO - [2026-05-11T23:54:05.422+0000] {dag.py:3239} INFO - Sync 1 DAGs
[2026-05-11T23:54:05.436+0000] {logging_mixin.py:190} INFO - [2026-05-11T23:54:05.436+0000] {dag.py:4180} INFO - Setting next_dagrun for dag_ingest_instacart_local to None, run_after=None
[2026-05-11T23:54:05.454+0000] {processor.py:208} INFO - Processing /opt/airflow/dags/dag_ingest_instacart_local.py took 0.078 seconds
[2026-05-11T23:54:36.329+0000] {processor.py:186} INFO - Started process (PID=1534) to work on /opt/airflow/dags/dag_ingest_instacart_local.py
[2026-05-11T23:54:36.330+0000] {processor.py:914} INFO - Processing file /opt/airflow/dags/dag_ingest_instacart_local.py for tasks to queue
[2026-05-11T23:54:36.332+0000] {logging_mixin.py:190} INFO - [2026-05-11T23:54:36.332+0000] {dagbag.py:588} INFO - Filling up the DagBag from /opt/airflow/dags/dag_ingest_instacart_local.py
[2026-05-11T23:54:36.342+0000] {processor.py:925} INFO - DAG(s) 'dag_ingest_instacart_local' retrieved from /opt/airflow/dags/dag_ingest_instacart_local.py
[2026-05-11T23:54:36.373+0000] {logging_mixin.py:190} INFO - [2026-05-11T23:54:36.373+0000] {dag.py:3239} INFO - Sync 1 DAGs
[2026-05-11T23:54:36.388+0000] {logging_mixin.py:190} INFO - [2026-05-11T23:54:36.388+0000] {dag.py:4180} INFO - Setting next_dagrun for dag_ingest_instacart_local to None, run_after=None
[2026-05-11T23:54:36.409+0000] {processor.py:208} INFO - Processing /opt/airflow/dags/dag_ingest_instacart_local.py took 0.086 seconds
[2026-05-11T23:55:07.465+0000] {processor.py:186} INFO - Started process (PID=1586) to work on /opt/airflow/dags/dag_ingest_instacart_local.py
[2026-05-11T23:55:07.466+0000] {processor.py:914} INFO - Processing file /opt/airflow/dags/dag_ingest_instacart_local.py for tasks to queue
[2026-05-11T23:55:07.468+0000] {logging_mixin.py:190} INFO - [2026-05-11T23:55:07.467+0000] {dagbag.py:588} INFO - Filling up the DagBag from /opt/airflow/dags/dag_ingest_instacart_local.py
[2026-05-11T23:55:07.477+0000] {processor.py:925} INFO - DAG(s) 'dag_ingest_instacart_local' retrieved from /opt/airflow/dags/dag_ingest_instacart_local.py
[2026-05-11T23:55:07.507+0000] {logging_mixin.py:190} INFO - [2026-05-11T23:55:07.506+0000] {dag.py:3239} INFO - Sync 1 DAGs
[2026-05-11T23:55:07.521+0000] {logging_mixin.py:190} INFO - [2026-05-11T23:55:07.521+0000] {dag.py:4180} INFO - Setting next_dagrun for dag_ingest_instacart_local to None, run_after=None
[2026-05-11T23:55:07.541+0000] {processor.py:208} INFO - Processing /opt/airflow/dags/dag_ingest_instacart_local.py took 0.082 seconds
[2026-05-11T23:55:38.544+0000] {processor.py:186} INFO - Started process (PID=1636) to work on /opt/airflow/dags/dag_ingest_instacart_local.py
[2026-05-11T23:55:38.544+0000] {processor.py:914} INFO - Processing file /opt/airflow/dags/dag_ingest_instacart_local.py for tasks to queue
[2026-05-11T23:55:38.547+0000] {logging_mixin.py:190} INFO - [2026-05-11T23:55:38.546+0000] {dagbag.py:588} INFO - Filling up the DagBag from /opt/airflow/dags/dag_ingest_instacart_local.py
[2026-05-11T23:55:38.555+0000] {processor.py:925} INFO - DAG(s) 'dag_ingest_instacart_local' retrieved from /opt/airflow/dags/dag_ingest_instacart_local.py
[2026-05-11T23:55:38.586+0000] {logging_mixin.py:190} INFO - [2026-05-11T23:55:38.585+0000] {dag.py:3239} INFO - Sync 1 DAGs
[2026-05-11T23:55:38.600+0000] {logging_mixin.py:190} INFO - [2026-05-11T23:55:38.600+0000] {dag.py:4180} INFO - Setting next_dagrun for dag_ingest_instacart_local to None, run_after=None
[2026-05-11T23:55:38.617+0000] {processor.py:208} INFO - Processing /opt/airflow/dags/dag_ingest_instacart_local.py took 0.079 seconds
[2026-05-11T23:56:10.476+0000] {processor.py:186} INFO - Started process (PID=1686) to work on /opt/airflow/dags/dag_ingest_instacart_local.py
[2026-05-11T23:56:10.563+0000] {processor.py:914} INFO - Processing file /opt/airflow/dags/dag_ingest_instacart_local.py for tasks to queue
[2026-05-11T23:56:10.569+0000] {logging_mixin.py:190} INFO - [2026-05-11T23:56:10.568+0000] {dagbag.py:588} INFO - Filling up the DagBag from /opt/airflow/dags/dag_ingest_instacart_local.py
[2026-05-11T23:56:10.595+0000] {processor.py:925} INFO - DAG(s) 'dag_ingest_instacart_local' retrieved from /opt/airflow/dags/dag_ingest_instacart_local.py
[2026-05-11T23:56:10.628+0000] {logging_mixin.py:190} INFO - [2026-05-11T23:56:10.627+0000] {dag.py:3239} INFO - Sync 1 DAGs
[2026-05-11T23:56:10.641+0000] {logging_mixin.py:190} INFO - [2026-05-11T23:56:10.641+0000] {dag.py:4180} INFO - Setting next_dagrun for dag_ingest_instacart_local to None, run_after=None
[2026-05-11T23:56:10.739+0000] {processor.py:208} INFO - Processing /opt/airflow/dags/dag_ingest_instacart_local.py took 0.271 seconds
[2026-05-11T23:56:41.311+0000] {processor.py:186} INFO - Started process (PID=1734) to work on /opt/airflow/dags/dag_ingest_instacart_local.py
[2026-05-11T23:56:41.324+0000] {processor.py:914} INFO - Processing file /opt/airflow/dags/dag_ingest_instacart_local.py for tasks to queue
[2026-05-11T23:56:41.326+0000] {logging_mixin.py:190} INFO - [2026-05-11T23:56:41.325+0000] {dagbag.py:588} INFO - Filling up the DagBag from /opt/airflow/dags/dag_ingest_instacart_local.py
[2026-05-11T23:56:41.335+0000] {processor.py:925} INFO - DAG(s) 'dag_ingest_instacart_local' retrieved from /opt/airflow/dags/dag_ingest_instacart_local.py
[2026-05-11T23:56:41.365+0000] {logging_mixin.py:190} INFO - [2026-05-11T23:56:41.365+0000] {dag.py:3239} INFO - Sync 1 DAGs
[2026-05-11T23:56:41.380+0000] {logging_mixin.py:190} INFO - [2026-05-11T23:56:41.380+0000] {dag.py:4180} INFO - Setting next_dagrun for dag_ingest_instacart_local to None, run_after=None
[2026-05-11T23:56:41.402+0000] {processor.py:208} INFO - Processing /opt/airflow/dags/dag_ingest_instacart_local.py took 0.097 seconds
[2026-05-11T23:57:12.294+0000] {processor.py:186} INFO - Started process (PID=1784) to work on /opt/airflow/dags/dag_ingest_instacart_local.py
[2026-05-11T23:57:12.295+0000] {processor.py:914} INFO - Processing file /opt/airflow/dags/dag_ingest_instacart_local.py for tasks to queue
[2026-05-11T23:57:12.297+0000] {logging_mixin.py:190} INFO - [2026-05-11T23:57:12.296+0000] {dagbag.py:588} INFO - Filling up the DagBag from /opt/airflow/dags/dag_ingest_instacart_local.py
[2026-05-11T23:57:12.305+0000] {processor.py:925} INFO - DAG(s) 'dag_ingest_instacart_local' retrieved from /opt/airflow/dags/dag_ingest_instacart_local.py
[2026-05-11T23:57:12.333+0000] {logging_mixin.py:190} INFO - [2026-05-11T23:57:12.333+0000] {dag.py:3239} INFO - Sync 1 DAGs
[2026-05-11T23:57:12.348+0000] {logging_mixin.py:190} INFO - [2026-05-11T23:57:12.348+0000] {dag.py:4180} INFO - Setting next_dagrun for dag_ingest_instacart_local to None, run_after=None
[2026-05-11T23:57:12.381+0000] {processor.py:208} INFO - Processing /opt/airflow/dags/dag_ingest_instacart_local.py took 0.093 seconds
[2026-05-11T23:57:43.150+0000] {processor.py:186} INFO - Started process (PID=1834) to work on /opt/airflow/dags/dag_ingest_instacart_local.py
[2026-05-11T23:57:43.161+0000] {processor.py:914} INFO - Processing file /opt/airflow/dags/dag_ingest_instacart_local.py for tasks to queue
[2026-05-11T23:57:43.164+0000] {logging_mixin.py:190} INFO - [2026-05-11T23:57:43.163+0000] {dagbag.py:588} INFO - Filling up the DagBag from /opt/airflow/dags/dag_ingest_instacart_local.py
[2026-05-11T23:57:43.172+0000] {processor.py:925} INFO - DAG(s) 'dag_ingest_instacart_local' retrieved from /opt/airflow/dags/dag_ingest_instacart_local.py
[2026-05-11T23:57:43.201+0000] {logging_mixin.py:190} INFO - [2026-05-11T23:57:43.201+0000] {dag.py:3239} INFO - Sync 1 DAGs
[2026-05-11T23:57:43.215+0000] {logging_mixin.py:190} INFO - [2026-05-11T23:57:43.215+0000] {dag.py:4180} INFO - Setting next_dagrun for dag_ingest_instacart_local to None, run_after=None
[2026-05-11T23:57:43.234+0000] {processor.py:208} INFO - Processing /opt/airflow/dags/dag_ingest_instacart_local.py took 0.091 seconds
[2026-05-11T23:58:14.023+0000] {processor.py:186} INFO - Started process (PID=1884) to work on /opt/airflow/dags/dag_ingest_instacart_local.py
[2026-05-11T23:58:14.035+0000] {processor.py:914} INFO - Processing file /opt/airflow/dags/dag_ingest_instacart_local.py for tasks to queue
[2026-05-11T23:58:14.037+0000] {logging_mixin.py:190} INFO - [2026-05-11T23:58:14.037+0000] {dagbag.py:588} INFO - Filling up the DagBag from /opt/airflow/dags/dag_ingest_instacart_local.py
[2026-05-11T23:58:14.046+0000] {processor.py:925} INFO - DAG(s) 'dag_ingest_instacart_local' retrieved from /opt/airflow/dags/dag_ingest_instacart_local.py
[2026-05-11T23:58:14.074+0000] {logging_mixin.py:190} INFO - [2026-05-11T23:58:14.074+0000] {dag.py:3239} INFO - Sync 1 DAGs
[2026-05-11T23:58:14.088+0000] {logging_mixin.py:190} INFO - [2026-05-11T23:58:14.088+0000] {dag.py:4180} INFO - Setting next_dagrun for dag_ingest_instacart_local to None, run_after=None
[2026-05-11T23:58:14.108+0000] {processor.py:208} INFO - Processing /opt/airflow/dags/dag_ingest_instacart_local.py took 0.092 seconds
[2026-05-11T23:58:44.968+0000] {processor.py:186} INFO - Started process (PID=1934) to work on /opt/airflow/dags/dag_ingest_instacart_local.py
[2026-05-11T23:58:44.979+0000] {processor.py:914} INFO - Processing file /opt/airflow/dags/dag_ingest_instacart_local.py for tasks to queue
[2026-05-11T23:58:44.981+0000] {logging_mixin.py:190} INFO - [2026-05-11T23:58:44.981+0000] {dagbag.py:588} INFO - Filling up the DagBag from /opt/airflow/dags/dag_ingest_instacart_local.py
[2026-05-11T23:58:44.991+0000] {processor.py:925} INFO - DAG(s) 'dag_ingest_instacart_local' retrieved from /opt/airflow/dags/dag_ingest_instacart_local.py
[2026-05-11T23:58:45.019+0000] {logging_mixin.py:190} INFO - [2026-05-11T23:58:45.019+0000] {dag.py:3239} INFO - Sync 1 DAGs
[2026-05-11T23:58:45.033+0000] {logging_mixin.py:190} INFO - [2026-05-11T23:58:45.033+0000] {dag.py:4180} INFO - Setting next_dagrun for dag_ingest_instacart_local to None, run_after=None
[2026-05-11T23:58:45.052+0000] {processor.py:208} INFO - Processing /opt/airflow/dags/dag_ingest_instacart_local.py took 0.092 seconds
[2026-05-11T23:59:15.913+0000] {processor.py:186} INFO - Started process (PID=1984) to work on /opt/airflow/dags/dag_ingest_instacart_local.py
[2026-05-11T23:59:15.927+0000] {processor.py:914} INFO - Processing file /opt/airflow/dags/dag_ingest_instacart_local.py for tasks to queue
[2026-05-11T23:59:15.929+0000] {logging_mixin.py:190} INFO - [2026-05-11T23:59:15.929+0000] {dagbag.py:588} INFO - Filling up the DagBag from /opt/airflow/dags/dag_ingest_instacart_local.py
[2026-05-11T23:59:15.937+0000] {processor.py:925} INFO - DAG(s) 'dag_ingest_instacart_local' retrieved from /opt/airflow/dags/dag_ingest_instacart_local.py
[2026-05-11T23:59:15.967+0000] {logging_mixin.py:190} INFO - [2026-05-11T23:59:15.967+0000] {dag.py:3239} INFO - Sync 1 DAGs
[2026-05-11T23:59:15.982+0000] {logging_mixin.py:190} INFO - [2026-05-11T23:59:15.982+0000] {dag.py:4180} INFO - Setting next_dagrun for dag_ingest_instacart_local to None, run_after=None
[2026-05-11T23:59:16.000+0000] {processor.py:208} INFO - Processing /opt/airflow/dags/dag_ingest_instacart_local.py took 0.092 seconds
[2026-05-11T23:59:46.779+0000] {processor.py:186} INFO - Started process (PID=2034) to work on /opt/airflow/dags/dag_ingest_instacart_local.py
[2026-05-11T23:59:46.781+0000] {processor.py:914} INFO - Processing file /opt/airflow/dags/dag_ingest_instacart_local.py for tasks to queue
[2026-05-11T23:59:46.783+0000] {logging_mixin.py:190} INFO - [2026-05-11T23:59:46.783+0000] {dagbag.py:588} INFO - Filling up the DagBag from /opt/airflow/dags/dag_ingest_instacart_local.py
[2026-05-11T23:59:46.792+0000] {processor.py:925} INFO - DAG(s) 'dag_ingest_instacart_local' retrieved from /opt/airflow/dags/dag_ingest_instacart_local.py
[2026-05-11T23:59:46.821+0000] {logging_mixin.py:190} INFO - [2026-05-11T23:59:46.821+0000] {dag.py:3239} INFO - Sync 1 DAGs
[2026-05-11T23:59:46.836+0000] {logging_mixin.py:190} INFO - [2026-05-11T23:59:46.835+0000] {dag.py:4180} INFO - Setting next_dagrun for dag_ingest_instacart_local to None, run_after=None
[2026-05-11T23:59:46.855+0000] {processor.py:208} INFO - Processing /opt/airflow/dags/dag_ingest_instacart_local.py took 0.083 seconds
