[2026-05-11T23:41:43.242+0000] {processor.py:186} INFO - Started process (PID=289) to work on /opt/airflow/dags/dag_hello_world.py
[2026-05-11T23:41:43.243+0000] {processor.py:914} INFO - Processing file /opt/airflow/dags/dag_hello_world.py for tasks to queue
[2026-05-11T23:41:43.245+0000] {logging_mixin.py:190} INFO - [2026-05-11T23:41:43.245+0000] {dagbag.py:588} INFO - Filling up the DagBag from /opt/airflow/dags/dag_hello_world.py
[2026-05-11T23:41:43.254+0000] {processor.py:925} INFO - DAG(s) 'dag_hello_world' retrieved from /opt/airflow/dags/dag_hello_world.py
[2026-05-11T23:41:43.295+0000] {logging_mixin.py:190} INFO - [2026-05-11T23:41:43.295+0000] {dag.py:3239} INFO - Sync 1 DAGs
[2026-05-11T23:41:43.311+0000] {logging_mixin.py:190} INFO - [2026-05-11T23:41:43.311+0000] {dag.py:4180} INFO - Setting next_dagrun for dag_hello_world to None, run_after=None
[2026-05-11T23:41:43.343+0000] {processor.py:208} INFO - Processing /opt/airflow/dags/dag_hello_world.py took 0.113 seconds
[2026-05-11T23:42:13.399+0000] {processor.py:186} INFO - Started process (PID=339) to work on /opt/airflow/dags/dag_hello_world.py
[2026-05-11T23:42:13.399+0000] {processor.py:914} INFO - Processing file /opt/airflow/dags/dag_hello_world.py for tasks to queue
[2026-05-11T23:42:13.401+0000] {logging_mixin.py:190} INFO - [2026-05-11T23:42:13.401+0000] {dagbag.py:588} INFO - Filling up the DagBag from /opt/airflow/dags/dag_hello_world.py
[2026-05-11T23:42:13.409+0000] {processor.py:925} INFO - DAG(s) 'dag_hello_world' retrieved from /opt/airflow/dags/dag_hello_world.py
[2026-05-11T23:42:13.438+0000] {logging_mixin.py:190} INFO - [2026-05-11T23:42:13.438+0000] {dag.py:3239} INFO - Sync 1 DAGs
[2026-05-11T23:42:13.454+0000] {logging_mixin.py:190} INFO - [2026-05-11T23:42:13.454+0000] {dag.py:4180} INFO - Setting next_dagrun for dag_hello_world to None, run_after=None
[2026-05-11T23:42:13.473+0000] {processor.py:208} INFO - Processing /opt/airflow/dags/dag_hello_world.py took 0.080 seconds
[2026-05-11T23:42:44.432+0000] {processor.py:186} INFO - Started process (PID=391) to work on /opt/airflow/dags/dag_hello_world.py
[2026-05-11T23:42:44.432+0000] {processor.py:914} INFO - Processing file /opt/airflow/dags/dag_hello_world.py for tasks to queue
[2026-05-11T23:42:44.434+0000] {logging_mixin.py:190} INFO - [2026-05-11T23:42:44.434+0000] {dagbag.py:588} INFO - Filling up the DagBag from /opt/airflow/dags/dag_hello_world.py
[2026-05-11T23:42:44.441+0000] {processor.py:925} INFO - DAG(s) 'dag_hello_world' retrieved from /opt/airflow/dags/dag_hello_world.py
[2026-05-11T23:42:44.470+0000] {logging_mixin.py:190} INFO - [2026-05-11T23:42:44.470+0000] {dag.py:3239} INFO - Sync 1 DAGs
[2026-05-11T23:42:44.483+0000] {logging_mixin.py:190} INFO - [2026-05-11T23:42:44.483+0000] {dag.py:4180} INFO - Setting next_dagrun for dag_hello_world to None, run_after=None
[2026-05-11T23:42:44.534+0000] {processor.py:208} INFO - Processing /opt/airflow/dags/dag_hello_world.py took 0.108 seconds
[2026-05-11T23:43:15.286+0000] {processor.py:186} INFO - Started process (PID=439) to work on /opt/airflow/dags/dag_hello_world.py
[2026-05-11T23:43:15.288+0000] {processor.py:914} INFO - Processing file /opt/airflow/dags/dag_hello_world.py for tasks to queue
[2026-05-11T23:43:15.290+0000] {logging_mixin.py:190} INFO - [2026-05-11T23:43:15.289+0000] {dagbag.py:588} INFO - Filling up the DagBag from /opt/airflow/dags/dag_hello_world.py
[2026-05-11T23:43:15.297+0000] {processor.py:925} INFO - DAG(s) 'dag_hello_world' retrieved from /opt/airflow/dags/dag_hello_world.py
[2026-05-11T23:43:15.328+0000] {logging_mixin.py:190} INFO - [2026-05-11T23:43:15.328+0000] {dag.py:3239} INFO - Sync 1 DAGs
[2026-05-11T23:43:15.344+0000] {logging_mixin.py:190} INFO - [2026-05-11T23:43:15.344+0000] {dag.py:4180} INFO - Setting next_dagrun for dag_hello_world to None, run_after=None
[2026-05-11T23:43:15.363+0000] {processor.py:208} INFO - Processing /opt/airflow/dags/dag_hello_world.py took 0.082 seconds
[2026-05-11T23:43:46.226+0000] {processor.py:186} INFO - Started process (PID=489) to work on /opt/airflow/dags/dag_hello_world.py
[2026-05-11T23:43:46.227+0000] {processor.py:914} INFO - Processing file /opt/airflow/dags/dag_hello_world.py for tasks to queue
[2026-05-11T23:43:46.228+0000] {logging_mixin.py:190} INFO - [2026-05-11T23:43:46.228+0000] {dagbag.py:588} INFO - Filling up the DagBag from /opt/airflow/dags/dag_hello_world.py
[2026-05-11T23:43:46.235+0000] {processor.py:925} INFO - DAG(s) 'dag_hello_world' retrieved from /opt/airflow/dags/dag_hello_world.py
[2026-05-11T23:43:46.263+0000] {logging_mixin.py:190} INFO - [2026-05-11T23:43:46.263+0000] {dag.py:3239} INFO - Sync 1 DAGs
[2026-05-11T23:43:46.278+0000] {logging_mixin.py:190} INFO - [2026-05-11T23:43:46.277+0000] {dag.py:4180} INFO - Setting next_dagrun for dag_hello_world to None, run_after=None
[2026-05-11T23:43:46.295+0000] {processor.py:208} INFO - Processing /opt/airflow/dags/dag_hello_world.py took 0.075 seconds
[2026-05-11T23:44:17.152+0000] {processor.py:186} INFO - Started process (PID=539) to work on /opt/airflow/dags/dag_hello_world.py
[2026-05-11T23:44:17.153+0000] {processor.py:914} INFO - Processing file /opt/airflow/dags/dag_hello_world.py for tasks to queue
[2026-05-11T23:44:17.154+0000] {logging_mixin.py:190} INFO - [2026-05-11T23:44:17.154+0000] {dagbag.py:588} INFO - Filling up the DagBag from /opt/airflow/dags/dag_hello_world.py
[2026-05-11T23:44:17.161+0000] {processor.py:925} INFO - DAG(s) 'dag_hello_world' retrieved from /opt/airflow/dags/dag_hello_world.py
[2026-05-11T23:44:17.190+0000] {logging_mixin.py:190} INFO - [2026-05-11T23:44:17.189+0000] {dag.py:3239} INFO - Sync 1 DAGs
[2026-05-11T23:44:17.206+0000] {logging_mixin.py:190} INFO - [2026-05-11T23:44:17.206+0000] {dag.py:4180} INFO - Setting next_dagrun for dag_hello_world to None, run_after=None
[2026-05-11T23:44:17.223+0000] {processor.py:208} INFO - Processing /opt/airflow/dags/dag_hello_world.py took 0.077 seconds
[2026-05-11T23:44:48.227+0000] {processor.py:186} INFO - Started process (PID=589) to work on /opt/airflow/dags/dag_hello_world.py
[2026-05-11T23:44:48.228+0000] {processor.py:914} INFO - Processing file /opt/airflow/dags/dag_hello_world.py for tasks to queue
[2026-05-11T23:44:48.229+0000] {logging_mixin.py:190} INFO - [2026-05-11T23:44:48.229+0000] {dagbag.py:588} INFO - Filling up the DagBag from /opt/airflow/dags/dag_hello_world.py
[2026-05-11T23:44:48.237+0000] {processor.py:925} INFO - DAG(s) 'dag_hello_world' retrieved from /opt/airflow/dags/dag_hello_world.py
[2026-05-11T23:44:48.266+0000] {logging_mixin.py:190} INFO - [2026-05-11T23:44:48.266+0000] {dag.py:3239} INFO - Sync 1 DAGs
[2026-05-11T23:44:48.281+0000] {logging_mixin.py:190} INFO - [2026-05-11T23:44:48.281+0000] {dag.py:4180} INFO - Setting next_dagrun for dag_hello_world to None, run_after=None
[2026-05-11T23:44:48.302+0000] {processor.py:208} INFO - Processing /opt/airflow/dags/dag_hello_world.py took 0.080 seconds
[2026-05-11T23:45:19.275+0000] {processor.py:186} INFO - Started process (PID=641) to work on /opt/airflow/dags/dag_hello_world.py
[2026-05-11T23:45:19.276+0000] {processor.py:914} INFO - Processing file /opt/airflow/dags/dag_hello_world.py for tasks to queue
[2026-05-11T23:45:19.278+0000] {logging_mixin.py:190} INFO - [2026-05-11T23:45:19.278+0000] {dagbag.py:588} INFO - Filling up the DagBag from /opt/airflow/dags/dag_hello_world.py
[2026-05-11T23:45:19.284+0000] {processor.py:925} INFO - DAG(s) 'dag_hello_world' retrieved from /opt/airflow/dags/dag_hello_world.py
[2026-05-11T23:45:19.313+0000] {logging_mixin.py:190} INFO - [2026-05-11T23:45:19.312+0000] {dag.py:3239} INFO - Sync 1 DAGs
[2026-05-11T23:45:19.327+0000] {logging_mixin.py:190} INFO - [2026-05-11T23:45:19.326+0000] {dag.py:4180} INFO - Setting next_dagrun for dag_hello_world to None, run_after=None
[2026-05-11T23:45:19.354+0000] {processor.py:208} INFO - Processing /opt/airflow/dags/dag_hello_world.py took 0.084 seconds
[2026-05-11T23:45:50.217+0000] {processor.py:186} INFO - Started process (PID=689) to work on /opt/airflow/dags/dag_hello_world.py
[2026-05-11T23:45:50.218+0000] {processor.py:914} INFO - Processing file /opt/airflow/dags/dag_hello_world.py for tasks to queue
[2026-05-11T23:45:50.220+0000] {logging_mixin.py:190} INFO - [2026-05-11T23:45:50.219+0000] {dagbag.py:588} INFO - Filling up the DagBag from /opt/airflow/dags/dag_hello_world.py
[2026-05-11T23:45:50.230+0000] {processor.py:925} INFO - DAG(s) 'dag_hello_world' retrieved from /opt/airflow/dags/dag_hello_world.py
[2026-05-11T23:45:50.258+0000] {logging_mixin.py:190} INFO - [2026-05-11T23:45:50.258+0000] {dag.py:3239} INFO - Sync 1 DAGs
[2026-05-11T23:45:50.272+0000] {logging_mixin.py:190} INFO - [2026-05-11T23:45:50.272+0000] {dag.py:4180} INFO - Setting next_dagrun for dag_hello_world to None, run_after=None
[2026-05-11T23:45:50.290+0000] {processor.py:208} INFO - Processing /opt/airflow/dags/dag_hello_world.py took 0.079 seconds
[2026-05-11T23:46:21.336+0000] {processor.py:186} INFO - Started process (PID=739) to work on /opt/airflow/dags/dag_hello_world.py
[2026-05-11T23:46:21.336+0000] {processor.py:914} INFO - Processing file /opt/airflow/dags/dag_hello_world.py for tasks to queue
[2026-05-11T23:46:21.339+0000] {logging_mixin.py:190} INFO - [2026-05-11T23:46:21.338+0000] {dagbag.py:588} INFO - Filling up the DagBag from /opt/airflow/dags/dag_hello_world.py
[2026-05-11T23:46:21.345+0000] {processor.py:925} INFO - DAG(s) 'dag_hello_world' retrieved from /opt/airflow/dags/dag_hello_world.py
[2026-05-11T23:46:21.373+0000] {logging_mixin.py:190} INFO - [2026-05-11T23:46:21.372+0000] {dag.py:3239} INFO - Sync 1 DAGs
[2026-05-11T23:46:21.386+0000] {logging_mixin.py:190} INFO - [2026-05-11T23:46:21.386+0000] {dag.py:4180} INFO - Setting next_dagrun for dag_hello_world to None, run_after=None
[2026-05-11T23:46:21.416+0000] {processor.py:208} INFO - Processing /opt/airflow/dags/dag_hello_world.py took 0.086 seconds
[2026-05-11T23:46:52.364+0000] {processor.py:186} INFO - Started process (PID=790) to work on /opt/airflow/dags/dag_hello_world.py
[2026-05-11T23:46:52.365+0000] {processor.py:914} INFO - Processing file /opt/airflow/dags/dag_hello_world.py for tasks to queue
[2026-05-11T23:46:52.367+0000] {logging_mixin.py:190} INFO - [2026-05-11T23:46:52.367+0000] {dagbag.py:588} INFO - Filling up the DagBag from /opt/airflow/dags/dag_hello_world.py
[2026-05-11T23:46:52.374+0000] {processor.py:925} INFO - DAG(s) 'dag_hello_world' retrieved from /opt/airflow/dags/dag_hello_world.py
[2026-05-11T23:46:52.401+0000] {logging_mixin.py:190} INFO - [2026-05-11T23:46:52.401+0000] {dag.py:3239} INFO - Sync 1 DAGs
[2026-05-11T23:46:52.414+0000] {logging_mixin.py:190} INFO - [2026-05-11T23:46:52.414+0000] {dag.py:4180} INFO - Setting next_dagrun for dag_hello_world to None, run_after=None
[2026-05-11T23:46:52.450+0000] {processor.py:208} INFO - Processing /opt/airflow/dags/dag_hello_world.py took 0.090 seconds
[2026-05-11T23:47:23.275+0000] {processor.py:186} INFO - Started process (PID=839) to work on /opt/airflow/dags/dag_hello_world.py
[2026-05-11T23:47:23.276+0000] {processor.py:914} INFO - Processing file /opt/airflow/dags/dag_hello_world.py for tasks to queue
[2026-05-11T23:47:23.278+0000] {logging_mixin.py:190} INFO - [2026-05-11T23:47:23.278+0000] {dagbag.py:588} INFO - Filling up the DagBag from /opt/airflow/dags/dag_hello_world.py
[2026-05-11T23:47:23.285+0000] {processor.py:925} INFO - DAG(s) 'dag_hello_world' retrieved from /opt/airflow/dags/dag_hello_world.py
[2026-05-11T23:47:23.313+0000] {logging_mixin.py:190} INFO - [2026-05-11T23:47:23.313+0000] {dag.py:3239} INFO - Sync 1 DAGs
[2026-05-11T23:47:23.328+0000] {logging_mixin.py:190} INFO - [2026-05-11T23:47:23.328+0000] {dag.py:4180} INFO - Setting next_dagrun for dag_hello_world to None, run_after=None
[2026-05-11T23:47:23.345+0000] {processor.py:208} INFO - Processing /opt/airflow/dags/dag_hello_world.py took 0.075 seconds
[2026-05-11T23:47:54.266+0000] {processor.py:186} INFO - Started process (PID=889) to work on /opt/airflow/dags/dag_hello_world.py
[2026-05-11T23:47:54.267+0000] {processor.py:914} INFO - Processing file /opt/airflow/dags/dag_hello_world.py for tasks to queue
[2026-05-11T23:47:54.269+0000] {logging_mixin.py:190} INFO - [2026-05-11T23:47:54.269+0000] {dagbag.py:588} INFO - Filling up the DagBag from /opt/airflow/dags/dag_hello_world.py
[2026-05-11T23:47:54.276+0000] {processor.py:925} INFO - DAG(s) 'dag_hello_world' retrieved from /opt/airflow/dags/dag_hello_world.py
[2026-05-11T23:47:54.311+0000] {logging_mixin.py:190} INFO - [2026-05-11T23:47:54.310+0000] {dag.py:3239} INFO - Sync 1 DAGs
[2026-05-11T23:47:54.327+0000] {logging_mixin.py:190} INFO - [2026-05-11T23:47:54.326+0000] {dag.py:4180} INFO - Setting next_dagrun for dag_hello_world to None, run_after=None
[2026-05-11T23:47:54.345+0000] {processor.py:208} INFO - Processing /opt/airflow/dags/dag_hello_world.py took 0.088 seconds
[2026-05-11T23:48:25.244+0000] {processor.py:186} INFO - Started process (PID=939) to work on /opt/airflow/dags/dag_hello_world.py
[2026-05-11T23:48:25.245+0000] {processor.py:914} INFO - Processing file /opt/airflow/dags/dag_hello_world.py for tasks to queue
[2026-05-11T23:48:25.247+0000] {logging_mixin.py:190} INFO - [2026-05-11T23:48:25.246+0000] {dagbag.py:588} INFO - Filling up the DagBag from /opt/airflow/dags/dag_hello_world.py
[2026-05-11T23:48:25.253+0000] {processor.py:925} INFO - DAG(s) 'dag_hello_world' retrieved from /opt/airflow/dags/dag_hello_world.py
[2026-05-11T23:48:25.282+0000] {logging_mixin.py:190} INFO - [2026-05-11T23:48:25.282+0000] {dag.py:3239} INFO - Sync 1 DAGs
[2026-05-11T23:48:25.299+0000] {logging_mixin.py:190} INFO - [2026-05-11T23:48:25.299+0000] {dag.py:4180} INFO - Setting next_dagrun for dag_hello_world to None, run_after=None
[2026-05-11T23:48:25.319+0000] {processor.py:208} INFO - Processing /opt/airflow/dags/dag_hello_world.py took 0.081 seconds
[2026-05-11T23:48:56.222+0000] {processor.py:186} INFO - Started process (PID=989) to work on /opt/airflow/dags/dag_hello_world.py
[2026-05-11T23:48:56.223+0000] {processor.py:914} INFO - Processing file /opt/airflow/dags/dag_hello_world.py for tasks to queue
[2026-05-11T23:48:56.224+0000] {logging_mixin.py:190} INFO - [2026-05-11T23:48:56.224+0000] {dagbag.py:588} INFO - Filling up the DagBag from /opt/airflow/dags/dag_hello_world.py
[2026-05-11T23:48:56.232+0000] {processor.py:925} INFO - DAG(s) 'dag_hello_world' retrieved from /opt/airflow/dags/dag_hello_world.py
[2026-05-11T23:48:56.263+0000] {logging_mixin.py:190} INFO - [2026-05-11T23:48:56.263+0000] {dag.py:3239} INFO - Sync 1 DAGs
[2026-05-11T23:48:56.280+0000] {logging_mixin.py:190} INFO - [2026-05-11T23:48:56.279+0000] {dag.py:4180} INFO - Setting next_dagrun for dag_hello_world to None, run_after=None
[2026-05-11T23:48:56.302+0000] {processor.py:208} INFO - Processing /opt/airflow/dags/dag_hello_world.py took 0.086 seconds
[2026-05-11T23:49:27.459+0000] {processor.py:186} INFO - Started process (PID=1041) to work on /opt/airflow/dags/dag_hello_world.py
[2026-05-11T23:49:27.460+0000] {processor.py:914} INFO - Processing file /opt/airflow/dags/dag_hello_world.py for tasks to queue
[2026-05-11T23:49:27.462+0000] {logging_mixin.py:190} INFO - [2026-05-11T23:49:27.462+0000] {dagbag.py:588} INFO - Filling up the DagBag from /opt/airflow/dags/dag_hello_world.py
[2026-05-11T23:49:27.469+0000] {processor.py:925} INFO - DAG(s) 'dag_hello_world' retrieved from /opt/airflow/dags/dag_hello_world.py
[2026-05-11T23:49:27.500+0000] {logging_mixin.py:190} INFO - [2026-05-11T23:49:27.500+0000] {dag.py:3239} INFO - Sync 1 DAGs
[2026-05-11T23:49:27.518+0000] {logging_mixin.py:190} INFO - [2026-05-11T23:49:27.518+0000] {dag.py:4180} INFO - Setting next_dagrun for dag_hello_world to None, run_after=None
[2026-05-11T23:49:27.556+0000] {processor.py:208} INFO - Processing /opt/airflow/dags/dag_hello_world.py took 0.103 seconds
[2026-05-11T23:49:57.588+0000] {processor.py:186} INFO - Started process (PID=1091) to work on /opt/airflow/dags/dag_hello_world.py
[2026-05-11T23:49:57.589+0000] {processor.py:914} INFO - Processing file /opt/airflow/dags/dag_hello_world.py for tasks to queue
[2026-05-11T23:49:57.591+0000] {logging_mixin.py:190} INFO - [2026-05-11T23:49:57.590+0000] {dagbag.py:588} INFO - Filling up the DagBag from /opt/airflow/dags/dag_hello_world.py
[2026-05-11T23:49:57.597+0000] {processor.py:925} INFO - DAG(s) 'dag_hello_world' retrieved from /opt/airflow/dags/dag_hello_world.py
[2026-05-11T23:49:57.625+0000] {logging_mixin.py:190} INFO - [2026-05-11T23:49:57.624+0000] {dag.py:3239} INFO - Sync 1 DAGs
[2026-05-11T23:49:57.638+0000] {logging_mixin.py:190} INFO - [2026-05-11T23:49:57.638+0000] {dag.py:4180} INFO - Setting next_dagrun for dag_hello_world to None, run_after=None
[2026-05-11T23:49:57.674+0000] {processor.py:208} INFO - Processing /opt/airflow/dags/dag_hello_world.py took 0.091 seconds
[2026-05-11T23:50:28.517+0000] {processor.py:186} INFO - Started process (PID=1139) to work on /opt/airflow/dags/dag_hello_world.py
[2026-05-11T23:50:28.518+0000] {processor.py:914} INFO - Processing file /opt/airflow/dags/dag_hello_world.py for tasks to queue
[2026-05-11T23:50:28.520+0000] {logging_mixin.py:190} INFO - [2026-05-11T23:50:28.519+0000] {dagbag.py:588} INFO - Filling up the DagBag from /opt/airflow/dags/dag_hello_world.py
[2026-05-11T23:50:28.527+0000] {processor.py:925} INFO - DAG(s) 'dag_hello_world' retrieved from /opt/airflow/dags/dag_hello_world.py
[2026-05-11T23:50:28.559+0000] {logging_mixin.py:190} INFO - [2026-05-11T23:50:28.559+0000] {dag.py:3239} INFO - Sync 1 DAGs
[2026-05-11T23:50:28.575+0000] {logging_mixin.py:190} INFO - [2026-05-11T23:50:28.575+0000] {dag.py:4180} INFO - Setting next_dagrun for dag_hello_world to None, run_after=None
[2026-05-11T23:50:28.593+0000] {processor.py:208} INFO - Processing /opt/airflow/dags/dag_hello_world.py took 0.082 seconds
[2026-05-11T23:50:59.392+0000] {processor.py:186} INFO - Started process (PID=1189) to work on /opt/airflow/dags/dag_hello_world.py
[2026-05-11T23:50:59.393+0000] {processor.py:914} INFO - Processing file /opt/airflow/dags/dag_hello_world.py for tasks to queue
[2026-05-11T23:50:59.395+0000] {logging_mixin.py:190} INFO - [2026-05-11T23:50:59.395+0000] {dagbag.py:588} INFO - Filling up the DagBag from /opt/airflow/dags/dag_hello_world.py
[2026-05-11T23:50:59.402+0000] {processor.py:925} INFO - DAG(s) 'dag_hello_world' retrieved from /opt/airflow/dags/dag_hello_world.py
[2026-05-11T23:50:59.432+0000] {logging_mixin.py:190} INFO - [2026-05-11T23:50:59.432+0000] {dag.py:3239} INFO - Sync 1 DAGs
[2026-05-11T23:50:59.447+0000] {logging_mixin.py:190} INFO - [2026-05-11T23:50:59.446+0000] {dag.py:4180} INFO - Setting next_dagrun for dag_hello_world to None, run_after=None
[2026-05-11T23:50:59.463+0000] {processor.py:208} INFO - Processing /opt/airflow/dags/dag_hello_world.py took 0.076 seconds
[2026-05-11T23:51:30.304+0000] {processor.py:186} INFO - Started process (PID=1239) to work on /opt/airflow/dags/dag_hello_world.py
[2026-05-11T23:51:30.305+0000] {processor.py:914} INFO - Processing file /opt/airflow/dags/dag_hello_world.py for tasks to queue
[2026-05-11T23:51:30.307+0000] {logging_mixin.py:190} INFO - [2026-05-11T23:51:30.307+0000] {dagbag.py:588} INFO - Filling up the DagBag from /opt/airflow/dags/dag_hello_world.py
[2026-05-11T23:51:30.314+0000] {processor.py:925} INFO - DAG(s) 'dag_hello_world' retrieved from /opt/airflow/dags/dag_hello_world.py
[2026-05-11T23:51:30.344+0000] {logging_mixin.py:190} INFO - [2026-05-11T23:51:30.344+0000] {dag.py:3239} INFO - Sync 1 DAGs
[2026-05-11T23:51:30.360+0000] {logging_mixin.py:190} INFO - [2026-05-11T23:51:30.360+0000] {dag.py:4180} INFO - Setting next_dagrun for dag_hello_world to None, run_after=None
[2026-05-11T23:51:30.379+0000] {processor.py:208} INFO - Processing /opt/airflow/dags/dag_hello_world.py took 0.081 seconds
[2026-05-11T23:52:01.299+0000] {processor.py:186} INFO - Started process (PID=1289) to work on /opt/airflow/dags/dag_hello_world.py
[2026-05-11T23:52:01.300+0000] {processor.py:914} INFO - Processing file /opt/airflow/dags/dag_hello_world.py for tasks to queue
[2026-05-11T23:52:01.302+0000] {logging_mixin.py:190} INFO - [2026-05-11T23:52:01.302+0000] {dagbag.py:588} INFO - Filling up the DagBag from /opt/airflow/dags/dag_hello_world.py
[2026-05-11T23:52:01.310+0000] {processor.py:925} INFO - DAG(s) 'dag_hello_world' retrieved from /opt/airflow/dags/dag_hello_world.py
[2026-05-11T23:52:01.342+0000] {logging_mixin.py:190} INFO - [2026-05-11T23:52:01.342+0000] {dag.py:3239} INFO - Sync 1 DAGs
[2026-05-11T23:52:01.359+0000] {logging_mixin.py:190} INFO - [2026-05-11T23:52:01.359+0000] {dag.py:4180} INFO - Setting next_dagrun for dag_hello_world to None, run_after=None
[2026-05-11T23:52:01.384+0000] {processor.py:208} INFO - Processing /opt/airflow/dags/dag_hello_world.py took 0.090 seconds
[2026-05-11T23:52:32.437+0000] {processor.py:186} INFO - Started process (PID=1341) to work on /opt/airflow/dags/dag_hello_world.py
[2026-05-11T23:52:32.438+0000] {processor.py:914} INFO - Processing file /opt/airflow/dags/dag_hello_world.py for tasks to queue
[2026-05-11T23:52:32.440+0000] {logging_mixin.py:190} INFO - [2026-05-11T23:52:32.439+0000] {dagbag.py:588} INFO - Filling up the DagBag from /opt/airflow/dags/dag_hello_world.py
[2026-05-11T23:52:32.446+0000] {processor.py:925} INFO - DAG(s) 'dag_hello_world' retrieved from /opt/airflow/dags/dag_hello_world.py
[2026-05-11T23:52:32.477+0000] {logging_mixin.py:190} INFO - [2026-05-11T23:52:32.477+0000] {dag.py:3239} INFO - Sync 1 DAGs
[2026-05-11T23:52:32.494+0000] {logging_mixin.py:190} INFO - [2026-05-11T23:52:32.493+0000] {dag.py:4180} INFO - Setting next_dagrun for dag_hello_world to None, run_after=None
[2026-05-11T23:52:32.538+0000] {processor.py:208} INFO - Processing /opt/airflow/dags/dag_hello_world.py took 0.106 seconds
[2026-05-11T23:53:03.436+0000] {processor.py:186} INFO - Started process (PID=1389) to work on /opt/airflow/dags/dag_hello_world.py
[2026-05-11T23:53:03.437+0000] {processor.py:914} INFO - Processing file /opt/airflow/dags/dag_hello_world.py for tasks to queue
[2026-05-11T23:53:03.439+0000] {logging_mixin.py:190} INFO - [2026-05-11T23:53:03.439+0000] {dagbag.py:588} INFO - Filling up the DagBag from /opt/airflow/dags/dag_hello_world.py
[2026-05-11T23:53:03.445+0000] {processor.py:925} INFO - DAG(s) 'dag_hello_world' retrieved from /opt/airflow/dags/dag_hello_world.py
[2026-05-11T23:53:03.475+0000] {logging_mixin.py:190} INFO - [2026-05-11T23:53:03.475+0000] {dag.py:3239} INFO - Sync 1 DAGs
[2026-05-11T23:53:03.489+0000] {logging_mixin.py:190} INFO - [2026-05-11T23:53:03.489+0000] {dag.py:4180} INFO - Setting next_dagrun for dag_hello_world to None, run_after=None
[2026-05-11T23:53:03.507+0000] {processor.py:208} INFO - Processing /opt/airflow/dags/dag_hello_world.py took 0.077 seconds
[2026-05-11T23:53:34.493+0000] {processor.py:186} INFO - Started process (PID=1441) to work on /opt/airflow/dags/dag_hello_world.py
[2026-05-11T23:53:34.494+0000] {processor.py:914} INFO - Processing file /opt/airflow/dags/dag_hello_world.py for tasks to queue
[2026-05-11T23:53:34.496+0000] {logging_mixin.py:190} INFO - [2026-05-11T23:53:34.495+0000] {dagbag.py:588} INFO - Filling up the DagBag from /opt/airflow/dags/dag_hello_world.py
[2026-05-11T23:53:34.503+0000] {processor.py:925} INFO - DAG(s) 'dag_hello_world' retrieved from /opt/airflow/dags/dag_hello_world.py
[2026-05-11T23:53:34.531+0000] {logging_mixin.py:190} INFO - [2026-05-11T23:53:34.531+0000] {dag.py:3239} INFO - Sync 1 DAGs
[2026-05-11T23:53:34.545+0000] {logging_mixin.py:190} INFO - [2026-05-11T23:53:34.544+0000] {dag.py:4180} INFO - Setting next_dagrun for dag_hello_world to None, run_after=None
[2026-05-11T23:53:34.583+0000] {processor.py:208} INFO - Processing /opt/airflow/dags/dag_hello_world.py took 0.096 seconds
[2026-05-11T23:54:05.467+0000] {processor.py:186} INFO - Started process (PID=1491) to work on /opt/airflow/dags/dag_hello_world.py
[2026-05-11T23:54:05.468+0000] {processor.py:914} INFO - Processing file /opt/airflow/dags/dag_hello_world.py for tasks to queue
[2026-05-11T23:54:05.470+0000] {logging_mixin.py:190} INFO - [2026-05-11T23:54:05.470+0000] {dagbag.py:588} INFO - Filling up the DagBag from /opt/airflow/dags/dag_hello_world.py
[2026-05-11T23:54:05.477+0000] {processor.py:925} INFO - DAG(s) 'dag_hello_world' retrieved from /opt/airflow/dags/dag_hello_world.py
[2026-05-11T23:54:05.507+0000] {logging_mixin.py:190} INFO - [2026-05-11T23:54:05.507+0000] {dag.py:3239} INFO - Sync 1 DAGs
[2026-05-11T23:54:05.521+0000] {logging_mixin.py:190} INFO - [2026-05-11T23:54:05.521+0000] {dag.py:4180} INFO - Setting next_dagrun for dag_hello_world to None, run_after=None
[2026-05-11T23:54:05.561+0000] {processor.py:208} INFO - Processing /opt/airflow/dags/dag_hello_world.py took 0.100 seconds
[2026-05-11T23:54:36.427+0000] {processor.py:186} INFO - Started process (PID=1541) to work on /opt/airflow/dags/dag_hello_world.py
[2026-05-11T23:54:36.427+0000] {processor.py:914} INFO - Processing file /opt/airflow/dags/dag_hello_world.py for tasks to queue
[2026-05-11T23:54:36.429+0000] {logging_mixin.py:190} INFO - [2026-05-11T23:54:36.429+0000] {dagbag.py:588} INFO - Filling up the DagBag from /opt/airflow/dags/dag_hello_world.py
[2026-05-11T23:54:36.436+0000] {processor.py:925} INFO - DAG(s) 'dag_hello_world' retrieved from /opt/airflow/dags/dag_hello_world.py
[2026-05-11T23:54:36.467+0000] {logging_mixin.py:190} INFO - [2026-05-11T23:54:36.467+0000] {dag.py:3239} INFO - Sync 1 DAGs
[2026-05-11T23:54:36.482+0000] {logging_mixin.py:190} INFO - [2026-05-11T23:54:36.481+0000] {dag.py:4180} INFO - Setting next_dagrun for dag_hello_world to None, run_after=None
[2026-05-11T23:54:36.524+0000] {processor.py:208} INFO - Processing /opt/airflow/dags/dag_hello_world.py took 0.103 seconds
[2026-05-11T23:55:07.480+0000] {processor.py:186} INFO - Started process (PID=1589) to work on /opt/airflow/dags/dag_hello_world.py
[2026-05-11T23:55:07.481+0000] {processor.py:914} INFO - Processing file /opt/airflow/dags/dag_hello_world.py for tasks to queue
[2026-05-11T23:55:07.483+0000] {logging_mixin.py:190} INFO - [2026-05-11T23:55:07.482+0000] {dagbag.py:588} INFO - Filling up the DagBag from /opt/airflow/dags/dag_hello_world.py
[2026-05-11T23:55:07.490+0000] {processor.py:925} INFO - DAG(s) 'dag_hello_world' retrieved from /opt/airflow/dags/dag_hello_world.py
[2026-05-11T23:55:07.527+0000] {logging_mixin.py:190} INFO - [2026-05-11T23:55:07.527+0000] {dag.py:3239} INFO - Sync 1 DAGs
[2026-05-11T23:55:07.543+0000] {logging_mixin.py:190} INFO - [2026-05-11T23:55:07.543+0000] {dag.py:4180} INFO - Setting next_dagrun for dag_hello_world to None, run_after=None
[2026-05-11T23:55:07.565+0000] {processor.py:208} INFO - Processing /opt/airflow/dags/dag_hello_world.py took 0.091 seconds
[2026-05-11T23:55:38.643+0000] {processor.py:186} INFO - Started process (PID=1641) to work on /opt/airflow/dags/dag_hello_world.py
[2026-05-11T23:55:38.644+0000] {processor.py:914} INFO - Processing file /opt/airflow/dags/dag_hello_world.py for tasks to queue
[2026-05-11T23:55:38.646+0000] {logging_mixin.py:190} INFO - [2026-05-11T23:55:38.645+0000] {dagbag.py:588} INFO - Filling up the DagBag from /opt/airflow/dags/dag_hello_world.py
[2026-05-11T23:55:38.652+0000] {processor.py:925} INFO - DAG(s) 'dag_hello_world' retrieved from /opt/airflow/dags/dag_hello_world.py
[2026-05-11T23:55:38.679+0000] {logging_mixin.py:190} INFO - [2026-05-11T23:55:38.679+0000] {dag.py:3239} INFO - Sync 1 DAGs
[2026-05-11T23:55:38.692+0000] {logging_mixin.py:190} INFO - [2026-05-11T23:55:38.692+0000] {dag.py:4180} INFO - Setting next_dagrun for dag_hello_world to None, run_after=None
[2026-05-11T23:55:38.737+0000] {processor.py:208} INFO - Processing /opt/airflow/dags/dag_hello_world.py took 0.099 seconds
[2026-05-11T23:56:10.484+0000] {processor.py:186} INFO - Started process (PID=1689) to work on /opt/airflow/dags/dag_hello_world.py
[2026-05-11T23:56:10.563+0000] {processor.py:914} INFO - Processing file /opt/airflow/dags/dag_hello_world.py for tasks to queue
[2026-05-11T23:56:10.569+0000] {logging_mixin.py:190} INFO - [2026-05-11T23:56:10.568+0000] {dagbag.py:588} INFO - Filling up the DagBag from /opt/airflow/dags/dag_hello_world.py
[2026-05-11T23:56:10.592+0000] {processor.py:925} INFO - DAG(s) 'dag_hello_world' retrieved from /opt/airflow/dags/dag_hello_world.py
[2026-05-11T23:56:10.627+0000] {logging_mixin.py:190} INFO - [2026-05-11T23:56:10.627+0000] {dag.py:3239} INFO - Sync 1 DAGs
[2026-05-11T23:56:10.641+0000] {logging_mixin.py:190} INFO - [2026-05-11T23:56:10.641+0000] {dag.py:4180} INFO - Setting next_dagrun for dag_hello_world to None, run_after=None
[2026-05-11T23:56:10.739+0000] {processor.py:208} INFO - Processing /opt/airflow/dags/dag_hello_world.py took 0.262 seconds
[2026-05-11T23:56:41.414+0000] {processor.py:186} INFO - Started process (PID=1741) to work on /opt/airflow/dags/dag_hello_world.py
[2026-05-11T23:56:41.415+0000] {processor.py:914} INFO - Processing file /opt/airflow/dags/dag_hello_world.py for tasks to queue
[2026-05-11T23:56:41.416+0000] {logging_mixin.py:190} INFO - [2026-05-11T23:56:41.416+0000] {dagbag.py:588} INFO - Filling up the DagBag from /opt/airflow/dags/dag_hello_world.py
[2026-05-11T23:56:41.423+0000] {processor.py:925} INFO - DAG(s) 'dag_hello_world' retrieved from /opt/airflow/dags/dag_hello_world.py
[2026-05-11T23:56:41.450+0000] {logging_mixin.py:190} INFO - [2026-05-11T23:56:41.450+0000] {dag.py:3239} INFO - Sync 1 DAGs
[2026-05-11T23:56:41.463+0000] {logging_mixin.py:190} INFO - [2026-05-11T23:56:41.463+0000] {dag.py:4180} INFO - Setting next_dagrun for dag_hello_world to None, run_after=None
[2026-05-11T23:56:41.484+0000] {processor.py:208} INFO - Processing /opt/airflow/dags/dag_hello_world.py took 0.076 seconds
[2026-05-11T23:57:12.393+0000] {processor.py:186} INFO - Started process (PID=1791) to work on /opt/airflow/dags/dag_hello_world.py
[2026-05-11T23:57:12.394+0000] {processor.py:914} INFO - Processing file /opt/airflow/dags/dag_hello_world.py for tasks to queue
[2026-05-11T23:57:12.395+0000] {logging_mixin.py:190} INFO - [2026-05-11T23:57:12.395+0000] {dagbag.py:588} INFO - Filling up the DagBag from /opt/airflow/dags/dag_hello_world.py
[2026-05-11T23:57:12.402+0000] {processor.py:925} INFO - DAG(s) 'dag_hello_world' retrieved from /opt/airflow/dags/dag_hello_world.py
[2026-05-11T23:57:12.429+0000] {logging_mixin.py:190} INFO - [2026-05-11T23:57:12.429+0000] {dag.py:3239} INFO - Sync 1 DAGs
[2026-05-11T23:57:12.444+0000] {logging_mixin.py:190} INFO - [2026-05-11T23:57:12.443+0000] {dag.py:4180} INFO - Setting next_dagrun for dag_hello_world to None, run_after=None
[2026-05-11T23:57:12.467+0000] {processor.py:208} INFO - Processing /opt/airflow/dags/dag_hello_world.py took 0.079 seconds
[2026-05-11T23:57:43.249+0000] {processor.py:186} INFO - Started process (PID=1841) to work on /opt/airflow/dags/dag_hello_world.py
[2026-05-11T23:57:43.250+0000] {processor.py:914} INFO - Processing file /opt/airflow/dags/dag_hello_world.py for tasks to queue
[2026-05-11T23:57:43.252+0000] {logging_mixin.py:190} INFO - [2026-05-11T23:57:43.252+0000] {dagbag.py:588} INFO - Filling up the DagBag from /opt/airflow/dags/dag_hello_world.py
[2026-05-11T23:57:43.258+0000] {processor.py:925} INFO - DAG(s) 'dag_hello_world' retrieved from /opt/airflow/dags/dag_hello_world.py
[2026-05-11T23:57:43.286+0000] {logging_mixin.py:190} INFO - [2026-05-11T23:57:43.285+0000] {dag.py:3239} INFO - Sync 1 DAGs
[2026-05-11T23:57:43.299+0000] {logging_mixin.py:190} INFO - [2026-05-11T23:57:43.299+0000] {dag.py:4180} INFO - Setting next_dagrun for dag_hello_world to None, run_after=None
[2026-05-11T23:57:43.322+0000] {processor.py:208} INFO - Processing /opt/airflow/dags/dag_hello_world.py took 0.079 seconds
[2026-05-11T23:58:14.121+0000] {processor.py:186} INFO - Started process (PID=1891) to work on /opt/airflow/dags/dag_hello_world.py
[2026-05-11T23:58:14.121+0000] {processor.py:914} INFO - Processing file /opt/airflow/dags/dag_hello_world.py for tasks to queue
[2026-05-11T23:58:14.123+0000] {logging_mixin.py:190} INFO - [2026-05-11T23:58:14.123+0000] {dagbag.py:588} INFO - Filling up the DagBag from /opt/airflow/dags/dag_hello_world.py
[2026-05-11T23:58:14.130+0000] {processor.py:925} INFO - DAG(s) 'dag_hello_world' retrieved from /opt/airflow/dags/dag_hello_world.py
[2026-05-11T23:58:14.157+0000] {logging_mixin.py:190} INFO - [2026-05-11T23:58:14.156+0000] {dag.py:3239} INFO - Sync 1 DAGs
[2026-05-11T23:58:14.170+0000] {logging_mixin.py:190} INFO - [2026-05-11T23:58:14.170+0000] {dag.py:4180} INFO - Setting next_dagrun for dag_hello_world to None, run_after=None
[2026-05-11T23:58:14.193+0000] {processor.py:208} INFO - Processing /opt/airflow/dags/dag_hello_world.py took 0.077 seconds
[2026-05-11T23:58:45.067+0000] {processor.py:186} INFO - Started process (PID=1941) to work on /opt/airflow/dags/dag_hello_world.py
[2026-05-11T23:58:45.068+0000] {processor.py:914} INFO - Processing file /opt/airflow/dags/dag_hello_world.py for tasks to queue
[2026-05-11T23:58:45.070+0000] {logging_mixin.py:190} INFO - [2026-05-11T23:58:45.070+0000] {dagbag.py:588} INFO - Filling up the DagBag from /opt/airflow/dags/dag_hello_world.py
[2026-05-11T23:58:45.077+0000] {processor.py:925} INFO - DAG(s) 'dag_hello_world' retrieved from /opt/airflow/dags/dag_hello_world.py
[2026-05-11T23:58:45.104+0000] {logging_mixin.py:190} INFO - [2026-05-11T23:58:45.104+0000] {dag.py:3239} INFO - Sync 1 DAGs
[2026-05-11T23:58:45.117+0000] {logging_mixin.py:190} INFO - [2026-05-11T23:58:45.117+0000] {dag.py:4180} INFO - Setting next_dagrun for dag_hello_world to None, run_after=None
[2026-05-11T23:58:45.141+0000] {processor.py:208} INFO - Processing /opt/airflow/dags/dag_hello_world.py took 0.079 seconds
[2026-05-11T23:59:16.015+0000] {processor.py:186} INFO - Started process (PID=1991) to work on /opt/airflow/dags/dag_hello_world.py
[2026-05-11T23:59:16.015+0000] {processor.py:914} INFO - Processing file /opt/airflow/dags/dag_hello_world.py for tasks to queue
[2026-05-11T23:59:16.017+0000] {logging_mixin.py:190} INFO - [2026-05-11T23:59:16.017+0000] {dagbag.py:588} INFO - Filling up the DagBag from /opt/airflow/dags/dag_hello_world.py
[2026-05-11T23:59:16.023+0000] {processor.py:925} INFO - DAG(s) 'dag_hello_world' retrieved from /opt/airflow/dags/dag_hello_world.py
[2026-05-11T23:59:16.050+0000] {logging_mixin.py:190} INFO - [2026-05-11T23:59:16.050+0000] {dag.py:3239} INFO - Sync 1 DAGs
[2026-05-11T23:59:16.064+0000] {logging_mixin.py:190} INFO - [2026-05-11T23:59:16.064+0000] {dag.py:4180} INFO - Setting next_dagrun for dag_hello_world to None, run_after=None
[2026-05-11T23:59:16.082+0000] {processor.py:208} INFO - Processing /opt/airflow/dags/dag_hello_world.py took 0.072 seconds
[2026-05-11T23:59:46.881+0000] {processor.py:186} INFO - Started process (PID=2041) to work on /opt/airflow/dags/dag_hello_world.py
[2026-05-11T23:59:46.882+0000] {processor.py:914} INFO - Processing file /opt/airflow/dags/dag_hello_world.py for tasks to queue
[2026-05-11T23:59:46.884+0000] {logging_mixin.py:190} INFO - [2026-05-11T23:59:46.883+0000] {dagbag.py:588} INFO - Filling up the DagBag from /opt/airflow/dags/dag_hello_world.py
[2026-05-11T23:59:46.890+0000] {processor.py:925} INFO - DAG(s) 'dag_hello_world' retrieved from /opt/airflow/dags/dag_hello_world.py
[2026-05-11T23:59:46.918+0000] {logging_mixin.py:190} INFO - [2026-05-11T23:59:46.918+0000] {dag.py:3239} INFO - Sync 1 DAGs
[2026-05-11T23:59:46.933+0000] {logging_mixin.py:190} INFO - [2026-05-11T23:59:46.932+0000] {dag.py:4180} INFO - Setting next_dagrun for dag_hello_world to None, run_after=None
[2026-05-11T23:59:46.958+0000] {processor.py:208} INFO - Processing /opt/airflow/dags/dag_hello_world.py took 0.082 seconds
