[2026-04-15T15:48:51.136+0000] {local_task_job_runner.py:123} INFO - ::group::Pre task execution logs
[2026-04-15T15:48:51.159+0000] {taskinstance.py:2614} INFO - Dependencies all met for dep_context=non-requeueable deps ti=<TaskInstance: dag_prepare_instacart_source.prepare_instacart_source_from_kaggle manual__2026-04-15T15:48:48.039572+00:00 [queued]>
[2026-04-15T15:48:51.169+0000] {taskinstance.py:2614} INFO - Dependencies all met for dep_context=requeueable deps ti=<TaskInstance: dag_prepare_instacart_source.prepare_instacart_source_from_kaggle manual__2026-04-15T15:48:48.039572+00:00 [queued]>
[2026-04-15T15:48:51.169+0000] {taskinstance.py:2867} INFO - Starting attempt 1 of 1
[2026-04-15T15:48:51.202+0000] {taskinstance.py:2890} INFO - Executing <Task(PythonOperator): prepare_instacart_source_from_kaggle> on 2026-04-15 15:48:48.039572+00:00
[2026-04-15T15:48:51.211+0000] {standard_task_runner.py:104} INFO - Running: ['***', 'tasks', 'run', 'dag_prepare_instacart_source', 'prepare_instacart_source_from_kaggle', 'manual__2026-04-15T15:48:48.039572+00:00', '--job-id', '31', '--raw', '--subdir', 'DAGS_FOLDER/dag_prepare_instacart_source.py', '--cfg-path', '/tmp/tmp_6j6__5u']
[2026-04-15T15:48:51.213+0000] {standard_task_runner.py:105} INFO - Job 31: Subtask prepare_instacart_source_from_kaggle
[2026-04-15T15:48:51.214+0000] {logging_mixin.py:190} WARNING - /home/***/.local/lib/python3.12/site-packages/***/task/task_runner/standard_task_runner.py:70 DeprecationWarning: This process (pid=497) is multi-threaded, use of fork() may lead to deadlocks in the child.
[2026-04-15T15:48:51.215+0000] {standard_task_runner.py:72} INFO - Started process 498 to run task
[2026-04-15T15:48:51.264+0000] {task_command.py:467} INFO - Running <TaskInstance: dag_prepare_instacart_source.prepare_instacart_source_from_kaggle manual__2026-04-15T15:48:48.039572+00:00 [running]> on host 8b936dda90f9
[2026-04-15T15:48:51.377+0000] {taskinstance.py:3134} INFO - Exporting env vars: AIRFLOW_CTX_DAG_OWNER='***' AIRFLOW_CTX_DAG_ID='dag_prepare_instacart_source' AIRFLOW_CTX_TASK_ID='prepare_instacart_source_from_kaggle' AIRFLOW_CTX_EXECUTION_DATE='2026-04-15T15:48:48.039572+00:00' AIRFLOW_CTX_TRY_NUMBER='1' AIRFLOW_CTX_DAG_RUN_ID='manual__2026-04-15T15:48:48.039572+00:00'
[2026-04-15T15:48:51.378+0000] {taskinstance.py:732} INFO - ::endgroup::
[2026-04-15T15:48:51.393+0000] {logging_mixin.py:190} INFO - ==================================================
[2026-04-15T15:48:51.394+0000] {logging_mixin.py:190} INFO - Retail Lakehouse - Preparação da origem via Kaggle
[2026-04-15T15:48:51.394+0000] {logging_mixin.py:190} INFO - ==================================================
[2026-04-15T15:48:51.395+0000] {logging_mixin.py:190} INFO - ==================================================
[2026-04-15T15:48:51.395+0000] {logging_mixin.py:190} INFO - Validação de credenciais Kaggle
[2026-04-15T15:48:51.395+0000] {logging_mixin.py:190} INFO - ==================================================
[2026-04-15T15:48:51.395+0000] {logging_mixin.py:190} INFO - [OK] kaggle.json encontrado em: /opt/***/secrets/kaggle.json
[2026-04-15T15:48:51.395+0000] {logging_mixin.py:190} INFO - [OK] KAGGLE_CONFIG_DIR definido como: /opt/***/secrets
[2026-04-15T15:48:51.396+0000] {logging_mixin.py:190} INFO - ==================================================
[2026-04-15T15:48:51.396+0000] {logging_mixin.py:190} INFO - Autenticação na API do Kaggle
[2026-04-15T15:48:51.396+0000] {logging_mixin.py:190} INFO - ==================================================
[2026-04-15T15:48:51.396+0000] {logging_mixin.py:190} INFO - Warning: Your Kaggle API key is readable by other users on this system! To fix this, you can run 'chmod 600 /opt/***/secrets/kaggle.json'
[2026-04-15T15:48:51.397+0000] {logging_mixin.py:190} INFO - [OK] Autenticação no Kaggle realizada com sucesso.
[2026-04-15T15:48:51.398+0000] {logging_mixin.py:190} INFO - ==================================================
[2026-04-15T15:48:51.398+0000] {logging_mixin.py:190} INFO - Download do dataset do Kaggle
[2026-04-15T15:48:51.398+0000] {logging_mixin.py:190} INFO - ==================================================
[2026-04-15T15:48:51.398+0000] {taskinstance.py:3313} ERROR - Task failed with exception
Traceback (most recent call last):
  File "/home/airflow/.local/lib/python3.12/site-packages/airflow/models/taskinstance.py", line 768, in _execute_task
    result = _execute_callable(context=context, **execute_callable_kwargs)
             ^^^^^^^^^^^^^^^^^^^^^^^^^^^^^^^^^^^^^^^^^^^^^^^^^^^^^^^^^^^^^
  File "/home/airflow/.local/lib/python3.12/site-packages/airflow/models/taskinstance.py", line 734, in _execute_callable
    return ExecutionCallableRunner(
           ^^^^^^^^^^^^^^^^^^^^^^^^
  File "/home/airflow/.local/lib/python3.12/site-packages/airflow/utils/operator_helpers.py", line 252, in run
    return self.func(*args, **kwargs)
           ^^^^^^^^^^^^^^^^^^^^^^^^^^
  File "/home/airflow/.local/lib/python3.12/site-packages/airflow/models/baseoperator.py", line 424, in wrapper
    return func(self, *args, **kwargs)
           ^^^^^^^^^^^^^^^^^^^^^^^^^^^
  File "/home/airflow/.local/lib/python3.12/site-packages/airflow/operators/python.py", line 238, in execute
    return_value = self.execute_callable()
                   ^^^^^^^^^^^^^^^^^^^^^^^
  File "/home/airflow/.local/lib/python3.12/site-packages/airflow/operators/python.py", line 256, in execute_callable
    return runner.run(*self.op_args, **self.op_kwargs)
           ^^^^^^^^^^^^^^^^^^^^^^^^^^^^^^^^^^^^^^^^^^^
  File "/home/airflow/.local/lib/python3.12/site-packages/airflow/utils/operator_helpers.py", line 252, in run
    return self.func(*args, **kwargs)
           ^^^^^^^^^^^^^^^^^^^^^^^^^^
  File "/opt/airflow/ingestion/src/download_instacart_kaggle.py", line 171, in prepare_instacart_source_from_kaggle
    zip_path = download_dataset_zip(
               ^^^^^^^^^^^^^^^^^^^^^
  File "/opt/airflow/ingestion/src/download_instacart_kaggle.py", line 89, in download_dataset_zip
    download_dir.mkdir(parents=True, exist_ok=True)
  File "/usr/local/lib/python3.12/pathlib.py", line 1311, in mkdir
    os.mkdir(self, mode)
PermissionError: [Errno 13] Permission denied: '/opt/airflow/data/downloads'
[2026-04-15T15:48:51.411+0000] {taskinstance.py:1226} INFO - Marking task as FAILED. dag_id=dag_prepare_instacart_source, task_id=prepare_instacart_source_from_kaggle, run_id=manual__2026-04-15T15:48:48.039572+00:00, execution_date=20260415T154848, start_date=20260415T154851, end_date=20260415T154851
[2026-04-15T15:48:51.443+0000] {taskinstance.py:341} INFO - ::group::Post task execution logs
[2026-04-15T15:48:51.444+0000] {standard_task_runner.py:124} ERROR - Failed to execute job 31 for task prepare_instacart_source_from_kaggle ([Errno 13] Permission denied: '/opt/airflow/data/downloads'; 498)
Traceback (most recent call last):
  File "/home/airflow/.local/lib/python3.12/site-packages/airflow/task/task_runner/standard_task_runner.py", line 117, in _start_by_fork
    ret = args.func(args, dag=self.dag)
          ^^^^^^^^^^^^^^^^^^^^^^^^^^^^^
  File "/home/airflow/.local/lib/python3.12/site-packages/airflow/cli/cli_config.py", line 49, in command
    return func(*args, **kwargs)
           ^^^^^^^^^^^^^^^^^^^^^
  File "/home/airflow/.local/lib/python3.12/site-packages/airflow/utils/cli.py", line 116, in wrapper
    return f(*args, **kwargs)
           ^^^^^^^^^^^^^^^^^^
  File "/home/airflow/.local/lib/python3.12/site-packages/airflow/cli/commands/task_command.py", line 483, in task_run
    task_return_code = _run_task_by_selected_method(args, _dag, ti)
                       ^^^^^^^^^^^^^^^^^^^^^^^^^^^^^^^^^^^^^^^^^^^^
  File "/home/airflow/.local/lib/python3.12/site-packages/airflow/cli/commands/task_command.py", line 256, in _run_task_by_selected_method
    return _run_raw_task(args, ti)
           ^^^^^^^^^^^^^^^^^^^^^^^
  File "/home/airflow/.local/lib/python3.12/site-packages/airflow/cli/commands/task_command.py", line 341, in _run_raw_task
    return ti._run_raw_task(
           ^^^^^^^^^^^^^^^^^
  File "/home/airflow/.local/lib/python3.12/site-packages/airflow/utils/session.py", line 97, in wrapper
    return func(*args, session=session, **kwargs)
           ^^^^^^^^^^^^^^^^^^^^^^^^^^^^^^^^^^^^^^
  File "/home/airflow/.local/lib/python3.12/site-packages/airflow/models/taskinstance.py", line 3006, in _run_raw_task
    return _run_raw_task(
           ^^^^^^^^^^^^^^
  File "/home/airflow/.local/lib/python3.12/site-packages/airflow/models/taskinstance.py", line 274, in _run_raw_task
    TaskInstance._execute_task_with_callbacks(
  File "/home/airflow/.local/lib/python3.12/site-packages/airflow/models/taskinstance.py", line 3161, in _execute_task_with_callbacks
    result = self._execute_task(context, task_orig)
             ^^^^^^^^^^^^^^^^^^^^^^^^^^^^^^^^^^^^^^
  File "/home/airflow/.local/lib/python3.12/site-packages/airflow/models/taskinstance.py", line 3185, in _execute_task
    return _execute_task(self, context, task_orig)
           ^^^^^^^^^^^^^^^^^^^^^^^^^^^^^^^^^^^^^^^
  File "/home/airflow/.local/lib/python3.12/site-packages/airflow/models/taskinstance.py", line 768, in _execute_task
    result = _execute_callable(context=context, **execute_callable_kwargs)
             ^^^^^^^^^^^^^^^^^^^^^^^^^^^^^^^^^^^^^^^^^^^^^^^^^^^^^^^^^^^^^
  File "/home/airflow/.local/lib/python3.12/site-packages/airflow/models/taskinstance.py", line 734, in _execute_callable
    return ExecutionCallableRunner(
           ^^^^^^^^^^^^^^^^^^^^^^^^
  File "/home/airflow/.local/lib/python3.12/site-packages/airflow/utils/operator_helpers.py", line 252, in run
    return self.func(*args, **kwargs)
           ^^^^^^^^^^^^^^^^^^^^^^^^^^
  File "/home/airflow/.local/lib/python3.12/site-packages/airflow/models/baseoperator.py", line 424, in wrapper
    return func(self, *args, **kwargs)
           ^^^^^^^^^^^^^^^^^^^^^^^^^^^
  File "/home/airflow/.local/lib/python3.12/site-packages/airflow/operators/python.py", line 238, in execute
    return_value = self.execute_callable()
                   ^^^^^^^^^^^^^^^^^^^^^^^
  File "/home/airflow/.local/lib/python3.12/site-packages/airflow/operators/python.py", line 256, in execute_callable
    return runner.run(*self.op_args, **self.op_kwargs)
           ^^^^^^^^^^^^^^^^^^^^^^^^^^^^^^^^^^^^^^^^^^^
  File "/home/airflow/.local/lib/python3.12/site-packages/airflow/utils/operator_helpers.py", line 252, in run
    return self.func(*args, **kwargs)
           ^^^^^^^^^^^^^^^^^^^^^^^^^^
  File "/opt/airflow/ingestion/src/download_instacart_kaggle.py", line 171, in prepare_instacart_source_from_kaggle
    zip_path = download_dataset_zip(
               ^^^^^^^^^^^^^^^^^^^^^
  File "/opt/airflow/ingestion/src/download_instacart_kaggle.py", line 89, in download_dataset_zip
    download_dir.mkdir(parents=True, exist_ok=True)
  File "/usr/local/lib/python3.12/pathlib.py", line 1311, in mkdir
    os.mkdir(self, mode)
PermissionError: [Errno 13] Permission denied: '/opt/airflow/data/downloads'
[2026-04-15T15:48:51.469+0000] {local_task_job_runner.py:266} INFO - Task exited with return code 1
[2026-04-15T15:48:51.495+0000] {taskinstance.py:3901} INFO - 0 downstream tasks scheduled from follow-on schedule check
[2026-04-15T15:48:51.518+0000] {local_task_job_runner.py:245} INFO - ::endgroup::
