[2026-04-13T18:19:43.841+0000] {local_task_job_runner.py:123} INFO - ::group::Pre task execution logs
[2026-04-13T18:19:43.871+0000] {taskinstance.py:2614} INFO - Dependencies all met for dep_context=non-requeueable deps ti=<TaskInstance: dag_hello_world.show_next_steps manual__2026-04-13T18:19:40.948714+00:00 [queued]>
[2026-04-13T18:19:43.882+0000] {taskinstance.py:2614} INFO - Dependencies all met for dep_context=requeueable deps ti=<TaskInstance: dag_hello_world.show_next_steps manual__2026-04-13T18:19:40.948714+00:00 [queued]>
[2026-04-13T18:19:43.883+0000] {taskinstance.py:2867} INFO - Starting attempt 1 of 1
[2026-04-13T18:19:43.914+0000] {taskinstance.py:2890} INFO - Executing <Task(PythonOperator): show_next_steps> on 2026-04-13 18:19:40.948714+00:00
[2026-04-13T18:19:43.922+0000] {standard_task_runner.py:104} INFO - Running: ['***', 'tasks', 'run', 'dag_hello_world', 'show_next_steps', 'manual__2026-04-13T18:19:40.948714+00:00', '--job-id', '5', '--raw', '--subdir', 'DAGS_FOLDER/dag_hello_world.py', '--cfg-path', '/tmp/tmpf33oifo4']
[2026-04-13T18:19:43.923+0000] {standard_task_runner.py:105} INFO - Job 5: Subtask show_next_steps
[2026-04-13T18:19:43.925+0000] {logging_mixin.py:190} WARNING - /home/***/.local/lib/python3.12/site-packages/***/task/task_runner/standard_task_runner.py:70 DeprecationWarning: This process (pid=177) is multi-threaded, use of fork() may lead to deadlocks in the child.
[2026-04-13T18:19:43.925+0000] {standard_task_runner.py:72} INFO - Started process 178 to run task
[2026-04-13T18:19:43.975+0000] {task_command.py:467} INFO - Running <TaskInstance: dag_hello_world.show_next_steps manual__2026-04-13T18:19:40.948714+00:00 [running]> on host bede126cee20
[2026-04-13T18:19:44.077+0000] {taskinstance.py:3134} INFO - Exporting env vars: AIRFLOW_CTX_DAG_OWNER='***' AIRFLOW_CTX_DAG_ID='dag_hello_world' AIRFLOW_CTX_TASK_ID='show_next_steps' AIRFLOW_CTX_EXECUTION_DATE='2026-04-13T18:19:40.948714+00:00' AIRFLOW_CTX_TRY_NUMBER='1' AIRFLOW_CTX_DAG_RUN_ID='manual__2026-04-13T18:19:40.948714+00:00'
[2026-04-13T18:19:44.078+0000] {taskinstance.py:732} INFO - ::endgroup::
[2026-04-13T18:19:44.092+0000] {logging_mixin.py:190} INFO - Próximos passos do projeto:
[2026-04-13T18:19:44.092+0000] {logging_mixin.py:190} INFO - 1. Validar leitura de arquivos pelo Airflow
[2026-04-13T18:19:44.092+0000] {logging_mixin.py:190} INFO - 2. Criar DAG de ingestão do dataset Instacart
[2026-04-13T18:19:44.093+0000] {logging_mixin.py:190} INFO - 3. Enviar dados para camada raw
[2026-04-13T18:19:44.093+0000] {logging_mixin.py:190} INFO - 4. Iniciar processamento bronze com PySpark
[2026-04-13T18:19:44.093+0000] {python.py:240} INFO - Done. Returned value was: None
[2026-04-13T18:19:44.105+0000] {taskinstance.py:341} INFO - ::group::Post task execution logs
[2026-04-13T18:19:44.105+0000] {taskinstance.py:353} INFO - Marking task as SUCCESS. dag_id=dag_hello_world, task_id=show_next_steps, run_id=manual__2026-04-13T18:19:40.948714+00:00, execution_date=20260413T181940, start_date=20260413T181943, end_date=20260413T181944
[2026-04-13T18:19:44.179+0000] {local_task_job_runner.py:266} INFO - Task exited with return code 0
[2026-04-13T18:19:44.228+0000] {taskinstance.py:3901} INFO - 0 downstream tasks scheduled from follow-on schedule check
[2026-04-13T18:19:44.248+0000] {local_task_job_runner.py:245} INFO - ::endgroup::
