[2026-06-11T23:22:46.231+0000] {processor.py:186} INFO - Started process (PID=69959) to work on /opt/airflow/dags/dag_silver_order_items_train_enriched.py
[2026-06-11T23:22:46.232+0000] {processor.py:914} INFO - Processing file /opt/airflow/dags/dag_silver_order_items_train_enriched.py for tasks to queue
[2026-06-11T23:22:46.239+0000] {logging_mixin.py:190} INFO - [2026-06-11T23:22:46.238+0000] {dagbag.py:588} INFO - Filling up the DagBag from /opt/airflow/dags/dag_silver_order_items_train_enriched.py
[2026-06-11T23:22:46.249+0000] {processor.py:925} INFO - DAG(s) 'dag_silver_order_items_train_enriched' retrieved from /opt/airflow/dags/dag_silver_order_items_train_enriched.py
[2026-06-11T23:22:46.502+0000] {logging_mixin.py:190} INFO - [2026-06-11T23:22:46.501+0000] {override.py:1912} INFO - Created Permission View: can delete on DAG:dag_silver_order_items_train_enriched
[2026-06-11T23:22:46.516+0000] {logging_mixin.py:190} INFO - [2026-06-11T23:22:46.515+0000] {override.py:1912} INFO - Created Permission View: can read on DAG:dag_silver_order_items_train_enriched
[2026-06-11T23:22:46.526+0000] {logging_mixin.py:190} INFO - [2026-06-11T23:22:46.525+0000] {override.py:1912} INFO - Created Permission View: can edit on DAG:dag_silver_order_items_train_enriched
[2026-06-11T23:22:46.538+0000] {logging_mixin.py:190} INFO - [2026-06-11T23:22:46.538+0000] {override.py:1912} INFO - Created Permission View: can delete on DAG Run:dag_silver_order_items_train_enriched
[2026-06-11T23:22:46.546+0000] {logging_mixin.py:190} INFO - [2026-06-11T23:22:46.546+0000] {override.py:1912} INFO - Created Permission View: can read on DAG Run:dag_silver_order_items_train_enriched
[2026-06-11T23:22:46.556+0000] {logging_mixin.py:190} INFO - [2026-06-11T23:22:46.556+0000] {override.py:1912} INFO - Created Permission View: can create on DAG Run:dag_silver_order_items_train_enriched
[2026-06-11T23:22:46.564+0000] {logging_mixin.py:190} INFO - [2026-06-11T23:22:46.564+0000] {override.py:1912} INFO - Created Permission View: menu access on DAG Run:dag_silver_order_items_train_enriched
[2026-06-11T23:22:46.565+0000] {logging_mixin.py:190} INFO - [2026-06-11T23:22:46.564+0000] {dag.py:3239} INFO - Sync 1 DAGs
[2026-06-11T23:22:46.581+0000] {logging_mixin.py:190} INFO - [2026-06-11T23:22:46.581+0000] {dag.py:3262} INFO - Creating ORM DAG for dag_silver_order_items_train_enriched
[2026-06-11T23:22:46.582+0000] {logging_mixin.py:190} INFO - [2026-06-11T23:22:46.582+0000] {dag.py:4180} INFO - Setting next_dagrun for dag_silver_order_items_train_enriched to None, run_after=None
[2026-06-11T23:22:46.606+0000] {processor.py:208} INFO - Processing /opt/airflow/dags/dag_silver_order_items_train_enriched.py took 0.384 seconds
[2026-06-11T23:23:17.585+0000] {processor.py:186} INFO - Started process (PID=70092) to work on /opt/airflow/dags/dag_silver_order_items_train_enriched.py
[2026-06-11T23:23:17.603+0000] {processor.py:914} INFO - Processing file /opt/airflow/dags/dag_silver_order_items_train_enriched.py for tasks to queue
[2026-06-11T23:23:17.609+0000] {logging_mixin.py:190} INFO - [2026-06-11T23:23:17.609+0000] {dagbag.py:588} INFO - Filling up the DagBag from /opt/airflow/dags/dag_silver_order_items_train_enriched.py
[2026-06-11T23:23:17.620+0000] {processor.py:925} INFO - DAG(s) 'dag_silver_order_items_train_enriched' retrieved from /opt/airflow/dags/dag_silver_order_items_train_enriched.py
[2026-06-11T23:23:17.655+0000] {logging_mixin.py:190} INFO - [2026-06-11T23:23:17.654+0000] {dag.py:3239} INFO - Sync 1 DAGs
[2026-06-11T23:23:17.673+0000] {logging_mixin.py:190} INFO - [2026-06-11T23:23:17.673+0000] {dag.py:4180} INFO - Setting next_dagrun for dag_silver_order_items_train_enriched to None, run_after=None
[2026-06-11T23:23:17.734+0000] {processor.py:208} INFO - Processing /opt/airflow/dags/dag_silver_order_items_train_enriched.py took 0.156 seconds
[2026-06-11T23:23:48.133+0000] {processor.py:186} INFO - Started process (PID=70212) to work on /opt/airflow/dags/dag_silver_order_items_train_enriched.py
[2026-06-11T23:23:48.134+0000] {processor.py:914} INFO - Processing file /opt/airflow/dags/dag_silver_order_items_train_enriched.py for tasks to queue
[2026-06-11T23:23:48.137+0000] {logging_mixin.py:190} INFO - [2026-06-11T23:23:48.136+0000] {dagbag.py:588} INFO - Filling up the DagBag from /opt/airflow/dags/dag_silver_order_items_train_enriched.py
[2026-06-11T23:23:48.146+0000] {processor.py:925} INFO - DAG(s) 'dag_silver_order_items_train_enriched' retrieved from /opt/airflow/dags/dag_silver_order_items_train_enriched.py
[2026-06-11T23:23:48.187+0000] {logging_mixin.py:190} INFO - [2026-06-11T23:23:48.187+0000] {dag.py:3239} INFO - Sync 1 DAGs
[2026-06-11T23:23:48.205+0000] {logging_mixin.py:190} INFO - [2026-06-11T23:23:48.204+0000] {dag.py:4180} INFO - Setting next_dagrun for dag_silver_order_items_train_enriched to None, run_after=None
[2026-06-11T23:23:48.319+0000] {processor.py:208} INFO - Processing /opt/airflow/dags/dag_silver_order_items_train_enriched.py took 0.197 seconds
[2026-06-11T23:24:18.627+0000] {processor.py:186} INFO - Started process (PID=70332) to work on /opt/airflow/dags/dag_silver_order_items_train_enriched.py
[2026-06-11T23:24:18.627+0000] {processor.py:914} INFO - Processing file /opt/airflow/dags/dag_silver_order_items_train_enriched.py for tasks to queue
[2026-06-11T23:24:18.630+0000] {logging_mixin.py:190} INFO - [2026-06-11T23:24:18.630+0000] {dagbag.py:588} INFO - Filling up the DagBag from /opt/airflow/dags/dag_silver_order_items_train_enriched.py
[2026-06-11T23:24:18.639+0000] {processor.py:925} INFO - DAG(s) 'dag_silver_order_items_train_enriched' retrieved from /opt/airflow/dags/dag_silver_order_items_train_enriched.py
[2026-06-11T23:24:18.671+0000] {logging_mixin.py:190} INFO - [2026-06-11T23:24:18.670+0000] {dag.py:3239} INFO - Sync 1 DAGs
[2026-06-11T23:24:18.686+0000] {logging_mixin.py:190} INFO - [2026-06-11T23:24:18.686+0000] {dag.py:4180} INFO - Setting next_dagrun for dag_silver_order_items_train_enriched to None, run_after=None
[2026-06-11T23:24:18.720+0000] {processor.py:208} INFO - Processing /opt/airflow/dags/dag_silver_order_items_train_enriched.py took 0.101 seconds
[2026-06-11T23:24:48.847+0000] {processor.py:186} INFO - Started process (PID=70452) to work on /opt/airflow/dags/dag_silver_order_items_train_enriched.py
[2026-06-11T23:24:48.850+0000] {processor.py:914} INFO - Processing file /opt/airflow/dags/dag_silver_order_items_train_enriched.py for tasks to queue
[2026-06-11T23:24:48.852+0000] {logging_mixin.py:190} INFO - [2026-06-11T23:24:48.852+0000] {dagbag.py:588} INFO - Filling up the DagBag from /opt/airflow/dags/dag_silver_order_items_train_enriched.py
[2026-06-11T23:24:48.872+0000] {processor.py:925} INFO - DAG(s) 'dag_silver_order_items_train_enriched' retrieved from /opt/airflow/dags/dag_silver_order_items_train_enriched.py
[2026-06-11T23:24:48.931+0000] {logging_mixin.py:190} INFO - [2026-06-11T23:24:48.931+0000] {dag.py:3239} INFO - Sync 1 DAGs
[2026-06-11T23:24:48.955+0000] {logging_mixin.py:190} INFO - [2026-06-11T23:24:48.954+0000] {dag.py:4180} INFO - Setting next_dagrun for dag_silver_order_items_train_enriched to None, run_after=None
[2026-06-11T23:24:48.975+0000] {processor.py:208} INFO - Processing /opt/airflow/dags/dag_silver_order_items_train_enriched.py took 0.134 seconds
[2026-06-11T23:25:19.216+0000] {processor.py:186} INFO - Started process (PID=70572) to work on /opt/airflow/dags/dag_silver_order_items_train_enriched.py
[2026-06-11T23:25:19.225+0000] {processor.py:914} INFO - Processing file /opt/airflow/dags/dag_silver_order_items_train_enriched.py for tasks to queue
[2026-06-11T23:25:19.230+0000] {logging_mixin.py:190} INFO - [2026-06-11T23:25:19.229+0000] {dagbag.py:588} INFO - Filling up the DagBag from /opt/airflow/dags/dag_silver_order_items_train_enriched.py
[2026-06-11T23:25:19.240+0000] {processor.py:925} INFO - DAG(s) 'dag_silver_order_items_train_enriched' retrieved from /opt/airflow/dags/dag_silver_order_items_train_enriched.py
[2026-06-11T23:25:19.276+0000] {logging_mixin.py:190} INFO - [2026-06-11T23:25:19.275+0000] {dag.py:3239} INFO - Sync 1 DAGs
[2026-06-11T23:25:19.291+0000] {logging_mixin.py:190} INFO - [2026-06-11T23:25:19.291+0000] {dag.py:4180} INFO - Setting next_dagrun for dag_silver_order_items_train_enriched to None, run_after=None
[2026-06-11T23:25:19.311+0000] {processor.py:208} INFO - Processing /opt/airflow/dags/dag_silver_order_items_train_enriched.py took 0.101 seconds
[2026-06-11T23:25:49.699+0000] {processor.py:186} INFO - Started process (PID=70692) to work on /opt/airflow/dags/dag_silver_order_items_train_enriched.py
[2026-06-11T23:25:49.710+0000] {processor.py:914} INFO - Processing file /opt/airflow/dags/dag_silver_order_items_train_enriched.py for tasks to queue
[2026-06-11T23:25:49.713+0000] {logging_mixin.py:190} INFO - [2026-06-11T23:25:49.713+0000] {dagbag.py:588} INFO - Filling up the DagBag from /opt/airflow/dags/dag_silver_order_items_train_enriched.py
[2026-06-11T23:25:49.722+0000] {processor.py:925} INFO - DAG(s) 'dag_silver_order_items_train_enriched' retrieved from /opt/airflow/dags/dag_silver_order_items_train_enriched.py
[2026-06-11T23:25:49.779+0000] {logging_mixin.py:190} INFO - [2026-06-11T23:25:49.778+0000] {dag.py:3239} INFO - Sync 1 DAGs
[2026-06-11T23:25:49.796+0000] {logging_mixin.py:190} INFO - [2026-06-11T23:25:49.795+0000] {dag.py:4180} INFO - Setting next_dagrun for dag_silver_order_items_train_enriched to None, run_after=None
[2026-06-11T23:25:49.848+0000] {processor.py:208} INFO - Processing /opt/airflow/dags/dag_silver_order_items_train_enriched.py took 0.155 seconds
[2026-06-11T23:26:20.215+0000] {processor.py:186} INFO - Started process (PID=70827) to work on /opt/airflow/dags/dag_silver_order_items_train_enriched.py
[2026-06-11T23:26:20.217+0000] {processor.py:914} INFO - Processing file /opt/airflow/dags/dag_silver_order_items_train_enriched.py for tasks to queue
[2026-06-11T23:26:20.219+0000] {logging_mixin.py:190} INFO - [2026-06-11T23:26:20.218+0000] {dagbag.py:588} INFO - Filling up the DagBag from /opt/airflow/dags/dag_silver_order_items_train_enriched.py
[2026-06-11T23:26:20.275+0000] {processor.py:925} INFO - DAG(s) 'dag_silver_order_items_train_enriched' retrieved from /opt/airflow/dags/dag_silver_order_items_train_enriched.py
[2026-06-11T23:26:20.335+0000] {logging_mixin.py:190} INFO - [2026-06-11T23:26:20.335+0000] {dag.py:3239} INFO - Sync 1 DAGs
[2026-06-11T23:26:20.353+0000] {logging_mixin.py:190} INFO - [2026-06-11T23:26:20.353+0000] {dag.py:4180} INFO - Setting next_dagrun for dag_silver_order_items_train_enriched to None, run_after=None
[2026-06-11T23:26:20.392+0000] {processor.py:208} INFO - Processing /opt/airflow/dags/dag_silver_order_items_train_enriched.py took 0.183 seconds
[2026-06-11T23:26:50.749+0000] {processor.py:186} INFO - Started process (PID=70947) to work on /opt/airflow/dags/dag_silver_order_items_train_enriched.py
[2026-06-11T23:26:50.750+0000] {processor.py:914} INFO - Processing file /opt/airflow/dags/dag_silver_order_items_train_enriched.py for tasks to queue
[2026-06-11T23:26:50.753+0000] {logging_mixin.py:190} INFO - [2026-06-11T23:26:50.752+0000] {dagbag.py:588} INFO - Filling up the DagBag from /opt/airflow/dags/dag_silver_order_items_train_enriched.py
[2026-06-11T23:26:50.763+0000] {processor.py:925} INFO - DAG(s) 'dag_silver_order_items_train_enriched' retrieved from /opt/airflow/dags/dag_silver_order_items_train_enriched.py
[2026-06-11T23:26:50.796+0000] {logging_mixin.py:190} INFO - [2026-06-11T23:26:50.796+0000] {dag.py:3239} INFO - Sync 1 DAGs
[2026-06-11T23:26:50.813+0000] {logging_mixin.py:190} INFO - [2026-06-11T23:26:50.813+0000] {dag.py:4180} INFO - Setting next_dagrun for dag_silver_order_items_train_enriched to None, run_after=None
[2026-06-11T23:26:50.840+0000] {processor.py:208} INFO - Processing /opt/airflow/dags/dag_silver_order_items_train_enriched.py took 0.098 seconds
[2026-06-11T23:27:21.817+0000] {processor.py:186} INFO - Started process (PID=71082) to work on /opt/airflow/dags/dag_silver_order_items_train_enriched.py
[2026-06-11T23:27:21.820+0000] {processor.py:914} INFO - Processing file /opt/airflow/dags/dag_silver_order_items_train_enriched.py for tasks to queue
[2026-06-11T23:27:21.823+0000] {logging_mixin.py:190} INFO - [2026-06-11T23:27:21.823+0000] {dagbag.py:588} INFO - Filling up the DagBag from /opt/airflow/dags/dag_silver_order_items_train_enriched.py
[2026-06-11T23:27:21.836+0000] {processor.py:925} INFO - DAG(s) 'dag_silver_order_items_train_enriched' retrieved from /opt/airflow/dags/dag_silver_order_items_train_enriched.py
[2026-06-11T23:27:21.870+0000] {logging_mixin.py:190} INFO - [2026-06-11T23:27:21.870+0000] {dag.py:3239} INFO - Sync 1 DAGs
[2026-06-11T23:27:21.888+0000] {logging_mixin.py:190} INFO - [2026-06-11T23:27:21.888+0000] {dag.py:4180} INFO - Setting next_dagrun for dag_silver_order_items_train_enriched to None, run_after=None
[2026-06-11T23:27:21.912+0000] {processor.py:208} INFO - Processing /opt/airflow/dags/dag_silver_order_items_train_enriched.py took 0.104 seconds
[2026-06-11T23:27:52.179+0000] {processor.py:186} INFO - Started process (PID=71202) to work on /opt/airflow/dags/dag_silver_order_items_train_enriched.py
[2026-06-11T23:27:52.179+0000] {processor.py:914} INFO - Processing file /opt/airflow/dags/dag_silver_order_items_train_enriched.py for tasks to queue
[2026-06-11T23:27:52.181+0000] {logging_mixin.py:190} INFO - [2026-06-11T23:27:52.181+0000] {dagbag.py:588} INFO - Filling up the DagBag from /opt/airflow/dags/dag_silver_order_items_train_enriched.py
[2026-06-11T23:27:52.190+0000] {processor.py:925} INFO - DAG(s) 'dag_silver_order_items_train_enriched' retrieved from /opt/airflow/dags/dag_silver_order_items_train_enriched.py
[2026-06-11T23:27:52.220+0000] {logging_mixin.py:190} INFO - [2026-06-11T23:27:52.220+0000] {dag.py:3239} INFO - Sync 1 DAGs
[2026-06-11T23:27:52.236+0000] {logging_mixin.py:190} INFO - [2026-06-11T23:27:52.236+0000] {dag.py:4180} INFO - Setting next_dagrun for dag_silver_order_items_train_enriched to None, run_after=None
[2026-06-11T23:27:52.256+0000] {processor.py:208} INFO - Processing /opt/airflow/dags/dag_silver_order_items_train_enriched.py took 0.084 seconds
[2026-06-11T23:28:23.086+0000] {processor.py:186} INFO - Started process (PID=71322) to work on /opt/airflow/dags/dag_silver_order_items_train_enriched.py
[2026-06-11T23:28:23.087+0000] {processor.py:914} INFO - Processing file /opt/airflow/dags/dag_silver_order_items_train_enriched.py for tasks to queue
[2026-06-11T23:28:23.089+0000] {logging_mixin.py:190} INFO - [2026-06-11T23:28:23.088+0000] {dagbag.py:588} INFO - Filling up the DagBag from /opt/airflow/dags/dag_silver_order_items_train_enriched.py
[2026-06-11T23:28:23.097+0000] {processor.py:925} INFO - DAG(s) 'dag_silver_order_items_train_enriched' retrieved from /opt/airflow/dags/dag_silver_order_items_train_enriched.py
[2026-06-11T23:28:23.132+0000] {logging_mixin.py:190} INFO - [2026-06-11T23:28:23.132+0000] {dag.py:3239} INFO - Sync 1 DAGs
[2026-06-11T23:28:23.148+0000] {logging_mixin.py:190} INFO - [2026-06-11T23:28:23.148+0000] {dag.py:4180} INFO - Setting next_dagrun for dag_silver_order_items_train_enriched to None, run_after=None
[2026-06-11T23:28:23.193+0000] {processor.py:208} INFO - Processing /opt/airflow/dags/dag_silver_order_items_train_enriched.py took 0.114 seconds
[2026-06-11T23:28:54.015+0000] {processor.py:186} INFO - Started process (PID=71442) to work on /opt/airflow/dags/dag_silver_order_items_train_enriched.py
[2026-06-11T23:28:54.018+0000] {processor.py:914} INFO - Processing file /opt/airflow/dags/dag_silver_order_items_train_enriched.py for tasks to queue
[2026-06-11T23:28:54.021+0000] {logging_mixin.py:190} INFO - [2026-06-11T23:28:54.021+0000] {dagbag.py:588} INFO - Filling up the DagBag from /opt/airflow/dags/dag_silver_order_items_train_enriched.py
[2026-06-11T23:28:54.039+0000] {processor.py:925} INFO - DAG(s) 'dag_silver_order_items_train_enriched' retrieved from /opt/airflow/dags/dag_silver_order_items_train_enriched.py
[2026-06-11T23:28:54.098+0000] {logging_mixin.py:190} INFO - [2026-06-11T23:28:54.097+0000] {dag.py:3239} INFO - Sync 1 DAGs
[2026-06-11T23:28:54.116+0000] {logging_mixin.py:190} INFO - [2026-06-11T23:28:54.116+0000] {dag.py:4180} INFO - Setting next_dagrun for dag_silver_order_items_train_enriched to None, run_after=None
[2026-06-11T23:28:54.142+0000] {processor.py:208} INFO - Processing /opt/airflow/dags/dag_silver_order_items_train_enriched.py took 0.144 seconds
[2026-06-11T23:29:24.877+0000] {processor.py:186} INFO - Started process (PID=71562) to work on /opt/airflow/dags/dag_silver_order_items_train_enriched.py
[2026-06-11T23:29:24.887+0000] {processor.py:914} INFO - Processing file /opt/airflow/dags/dag_silver_order_items_train_enriched.py for tasks to queue
[2026-06-11T23:29:24.890+0000] {logging_mixin.py:190} INFO - [2026-06-11T23:29:24.889+0000] {dagbag.py:588} INFO - Filling up the DagBag from /opt/airflow/dags/dag_silver_order_items_train_enriched.py
[2026-06-11T23:29:24.896+0000] {processor.py:925} INFO - DAG(s) 'dag_silver_order_items_train_enriched' retrieved from /opt/airflow/dags/dag_silver_order_items_train_enriched.py
[2026-06-11T23:29:24.929+0000] {logging_mixin.py:190} INFO - [2026-06-11T23:29:24.929+0000] {dag.py:3239} INFO - Sync 1 DAGs
[2026-06-11T23:29:24.944+0000] {logging_mixin.py:190} INFO - [2026-06-11T23:29:24.943+0000] {dag.py:4180} INFO - Setting next_dagrun for dag_silver_order_items_train_enriched to None, run_after=None
[2026-06-11T23:29:24.965+0000] {processor.py:208} INFO - Processing /opt/airflow/dags/dag_silver_order_items_train_enriched.py took 0.094 seconds
[2026-06-11T23:29:55.847+0000] {processor.py:186} INFO - Started process (PID=71682) to work on /opt/airflow/dags/dag_silver_order_items_train_enriched.py
[2026-06-11T23:29:55.866+0000] {processor.py:914} INFO - Processing file /opt/airflow/dags/dag_silver_order_items_train_enriched.py for tasks to queue
[2026-06-11T23:29:55.868+0000] {logging_mixin.py:190} INFO - [2026-06-11T23:29:55.868+0000] {dagbag.py:588} INFO - Filling up the DagBag from /opt/airflow/dags/dag_silver_order_items_train_enriched.py
[2026-06-11T23:29:55.876+0000] {processor.py:925} INFO - DAG(s) 'dag_silver_order_items_train_enriched' retrieved from /opt/airflow/dags/dag_silver_order_items_train_enriched.py
[2026-06-11T23:29:55.905+0000] {logging_mixin.py:190} INFO - [2026-06-11T23:29:55.905+0000] {dag.py:3239} INFO - Sync 1 DAGs
[2026-06-11T23:29:55.919+0000] {logging_mixin.py:190} INFO - [2026-06-11T23:29:55.919+0000] {dag.py:4180} INFO - Setting next_dagrun for dag_silver_order_items_train_enriched to None, run_after=None
[2026-06-11T23:29:55.942+0000] {processor.py:208} INFO - Processing /opt/airflow/dags/dag_silver_order_items_train_enriched.py took 0.101 seconds
[2026-06-11T23:30:26.670+0000] {processor.py:186} INFO - Started process (PID=71802) to work on /opt/airflow/dags/dag_silver_order_items_train_enriched.py
[2026-06-11T23:30:26.682+0000] {processor.py:914} INFO - Processing file /opt/airflow/dags/dag_silver_order_items_train_enriched.py for tasks to queue
[2026-06-11T23:30:26.684+0000] {logging_mixin.py:190} INFO - [2026-06-11T23:30:26.684+0000] {dagbag.py:588} INFO - Filling up the DagBag from /opt/airflow/dags/dag_silver_order_items_train_enriched.py
[2026-06-11T23:30:26.693+0000] {processor.py:925} INFO - DAG(s) 'dag_silver_order_items_train_enriched' retrieved from /opt/airflow/dags/dag_silver_order_items_train_enriched.py
[2026-06-11T23:30:26.725+0000] {logging_mixin.py:190} INFO - [2026-06-11T23:30:26.725+0000] {dag.py:3239} INFO - Sync 1 DAGs
[2026-06-11T23:30:26.741+0000] {logging_mixin.py:190} INFO - [2026-06-11T23:30:26.740+0000] {dag.py:4180} INFO - Setting next_dagrun for dag_silver_order_items_train_enriched to None, run_after=None
[2026-06-11T23:30:26.766+0000] {processor.py:208} INFO - Processing /opt/airflow/dags/dag_silver_order_items_train_enriched.py took 0.103 seconds
[2026-06-11T23:30:56.948+0000] {processor.py:186} INFO - Started process (PID=71922) to work on /opt/airflow/dags/dag_silver_order_items_train_enriched.py
[2026-06-11T23:30:56.963+0000] {processor.py:914} INFO - Processing file /opt/airflow/dags/dag_silver_order_items_train_enriched.py for tasks to queue
[2026-06-11T23:30:56.965+0000] {logging_mixin.py:190} INFO - [2026-06-11T23:30:56.965+0000] {dagbag.py:588} INFO - Filling up the DagBag from /opt/airflow/dags/dag_silver_order_items_train_enriched.py
[2026-06-11T23:30:56.974+0000] {processor.py:925} INFO - DAG(s) 'dag_silver_order_items_train_enriched' retrieved from /opt/airflow/dags/dag_silver_order_items_train_enriched.py
[2026-06-11T23:30:57.013+0000] {logging_mixin.py:190} INFO - [2026-06-11T23:30:57.013+0000] {dag.py:3239} INFO - Sync 1 DAGs
[2026-06-11T23:30:57.032+0000] {logging_mixin.py:190} INFO - [2026-06-11T23:30:57.032+0000] {dag.py:4180} INFO - Setting next_dagrun for dag_silver_order_items_train_enriched to None, run_after=None
[2026-06-11T23:30:57.058+0000] {processor.py:208} INFO - Processing /opt/airflow/dags/dag_silver_order_items_train_enriched.py took 0.118 seconds
[2026-06-11T23:31:27.247+0000] {processor.py:186} INFO - Started process (PID=72042) to work on /opt/airflow/dags/dag_silver_order_items_train_enriched.py
[2026-06-11T23:31:27.265+0000] {processor.py:914} INFO - Processing file /opt/airflow/dags/dag_silver_order_items_train_enriched.py for tasks to queue
[2026-06-11T23:31:27.267+0000] {logging_mixin.py:190} INFO - [2026-06-11T23:31:27.267+0000] {dagbag.py:588} INFO - Filling up the DagBag from /opt/airflow/dags/dag_silver_order_items_train_enriched.py
[2026-06-11T23:31:27.275+0000] {processor.py:925} INFO - DAG(s) 'dag_silver_order_items_train_enriched' retrieved from /opt/airflow/dags/dag_silver_order_items_train_enriched.py
[2026-06-11T23:31:27.307+0000] {logging_mixin.py:190} INFO - [2026-06-11T23:31:27.307+0000] {dag.py:3239} INFO - Sync 1 DAGs
[2026-06-11T23:31:27.322+0000] {logging_mixin.py:190} INFO - [2026-06-11T23:31:27.322+0000] {dag.py:4180} INFO - Setting next_dagrun for dag_silver_order_items_train_enriched to None, run_after=None
[2026-06-11T23:31:27.343+0000] {processor.py:208} INFO - Processing /opt/airflow/dags/dag_silver_order_items_train_enriched.py took 0.102 seconds
[2026-06-11T23:31:57.892+0000] {processor.py:186} INFO - Started process (PID=72162) to work on /opt/airflow/dags/dag_silver_order_items_train_enriched.py
[2026-06-11T23:31:57.911+0000] {processor.py:914} INFO - Processing file /opt/airflow/dags/dag_silver_order_items_train_enriched.py for tasks to queue
[2026-06-11T23:31:57.913+0000] {logging_mixin.py:190} INFO - [2026-06-11T23:31:57.912+0000] {dagbag.py:588} INFO - Filling up the DagBag from /opt/airflow/dags/dag_silver_order_items_train_enriched.py
[2026-06-11T23:31:57.921+0000] {processor.py:925} INFO - DAG(s) 'dag_silver_order_items_train_enriched' retrieved from /opt/airflow/dags/dag_silver_order_items_train_enriched.py
[2026-06-11T23:31:57.954+0000] {logging_mixin.py:190} INFO - [2026-06-11T23:31:57.954+0000] {dag.py:3239} INFO - Sync 1 DAGs
[2026-06-11T23:31:57.969+0000] {logging_mixin.py:190} INFO - [2026-06-11T23:31:57.968+0000] {dag.py:4180} INFO - Setting next_dagrun for dag_silver_order_items_train_enriched to None, run_after=None
[2026-06-11T23:31:57.990+0000] {processor.py:208} INFO - Processing /opt/airflow/dags/dag_silver_order_items_train_enriched.py took 0.105 seconds
[2026-06-11T23:32:28.634+0000] {processor.py:186} INFO - Started process (PID=72282) to work on /opt/airflow/dags/dag_silver_order_items_train_enriched.py
[2026-06-11T23:32:28.651+0000] {processor.py:914} INFO - Processing file /opt/airflow/dags/dag_silver_order_items_train_enriched.py for tasks to queue
[2026-06-11T23:32:28.653+0000] {logging_mixin.py:190} INFO - [2026-06-11T23:32:28.652+0000] {dagbag.py:588} INFO - Filling up the DagBag from /opt/airflow/dags/dag_silver_order_items_train_enriched.py
[2026-06-11T23:32:28.662+0000] {processor.py:925} INFO - DAG(s) 'dag_silver_order_items_train_enriched' retrieved from /opt/airflow/dags/dag_silver_order_items_train_enriched.py
[2026-06-11T23:32:28.699+0000] {logging_mixin.py:190} INFO - [2026-06-11T23:32:28.699+0000] {dag.py:3239} INFO - Sync 1 DAGs
[2026-06-11T23:32:28.724+0000] {logging_mixin.py:190} INFO - [2026-06-11T23:32:28.723+0000] {dag.py:4180} INFO - Setting next_dagrun for dag_silver_order_items_train_enriched to None, run_after=None
[2026-06-11T23:32:28.750+0000] {processor.py:208} INFO - Processing /opt/airflow/dags/dag_silver_order_items_train_enriched.py took 0.123 seconds
[2026-06-11T23:32:59.391+0000] {processor.py:186} INFO - Started process (PID=72402) to work on /opt/airflow/dags/dag_silver_order_items_train_enriched.py
[2026-06-11T23:32:59.405+0000] {processor.py:914} INFO - Processing file /opt/airflow/dags/dag_silver_order_items_train_enriched.py for tasks to queue
[2026-06-11T23:32:59.407+0000] {logging_mixin.py:190} INFO - [2026-06-11T23:32:59.407+0000] {dagbag.py:588} INFO - Filling up the DagBag from /opt/airflow/dags/dag_silver_order_items_train_enriched.py
[2026-06-11T23:32:59.415+0000] {processor.py:925} INFO - DAG(s) 'dag_silver_order_items_train_enriched' retrieved from /opt/airflow/dags/dag_silver_order_items_train_enriched.py
[2026-06-11T23:32:59.445+0000] {logging_mixin.py:190} INFO - [2026-06-11T23:32:59.444+0000] {dag.py:3239} INFO - Sync 1 DAGs
[2026-06-11T23:32:59.460+0000] {logging_mixin.py:190} INFO - [2026-06-11T23:32:59.460+0000] {dag.py:4180} INFO - Setting next_dagrun for dag_silver_order_items_train_enriched to None, run_after=None
[2026-06-11T23:32:59.479+0000] {processor.py:208} INFO - Processing /opt/airflow/dags/dag_silver_order_items_train_enriched.py took 0.095 seconds
[2026-06-11T23:33:30.234+0000] {processor.py:186} INFO - Started process (PID=72522) to work on /opt/airflow/dags/dag_silver_order_items_train_enriched.py
[2026-06-11T23:33:30.235+0000] {processor.py:914} INFO - Processing file /opt/airflow/dags/dag_silver_order_items_train_enriched.py for tasks to queue
[2026-06-11T23:33:30.237+0000] {logging_mixin.py:190} INFO - [2026-06-11T23:33:30.237+0000] {dagbag.py:588} INFO - Filling up the DagBag from /opt/airflow/dags/dag_silver_order_items_train_enriched.py
[2026-06-11T23:33:30.246+0000] {processor.py:925} INFO - DAG(s) 'dag_silver_order_items_train_enriched' retrieved from /opt/airflow/dags/dag_silver_order_items_train_enriched.py
[2026-06-11T23:33:30.278+0000] {logging_mixin.py:190} INFO - [2026-06-11T23:33:30.277+0000] {dag.py:3239} INFO - Sync 1 DAGs
[2026-06-11T23:33:30.295+0000] {logging_mixin.py:190} INFO - [2026-06-11T23:33:30.294+0000] {dag.py:4180} INFO - Setting next_dagrun for dag_silver_order_items_train_enriched to None, run_after=None
[2026-06-11T23:33:30.340+0000] {processor.py:208} INFO - Processing /opt/airflow/dags/dag_silver_order_items_train_enriched.py took 0.113 seconds
[2026-06-11T23:34:01.360+0000] {processor.py:186} INFO - Started process (PID=72642) to work on /opt/airflow/dags/dag_silver_order_items_train_enriched.py
[2026-06-11T23:34:01.366+0000] {processor.py:914} INFO - Processing file /opt/airflow/dags/dag_silver_order_items_train_enriched.py for tasks to queue
[2026-06-11T23:34:01.368+0000] {logging_mixin.py:190} INFO - [2026-06-11T23:34:01.368+0000] {dagbag.py:588} INFO - Filling up the DagBag from /opt/airflow/dags/dag_silver_order_items_train_enriched.py
[2026-06-11T23:34:01.376+0000] {processor.py:925} INFO - DAG(s) 'dag_silver_order_items_train_enriched' retrieved from /opt/airflow/dags/dag_silver_order_items_train_enriched.py
[2026-06-11T23:34:01.408+0000] {logging_mixin.py:190} INFO - [2026-06-11T23:34:01.408+0000] {dag.py:3239} INFO - Sync 1 DAGs
[2026-06-11T23:34:01.424+0000] {logging_mixin.py:190} INFO - [2026-06-11T23:34:01.424+0000] {dag.py:4180} INFO - Setting next_dagrun for dag_silver_order_items_train_enriched to None, run_after=None
[2026-06-11T23:34:01.457+0000] {processor.py:208} INFO - Processing /opt/airflow/dags/dag_silver_order_items_train_enriched.py took 0.104 seconds
[2026-06-11T23:34:31.512+0000] {processor.py:186} INFO - Started process (PID=72759) to work on /opt/airflow/dags/dag_silver_order_items_train_enriched.py
[2026-06-11T23:34:31.527+0000] {processor.py:914} INFO - Processing file /opt/airflow/dags/dag_silver_order_items_train_enriched.py for tasks to queue
[2026-06-11T23:34:31.531+0000] {logging_mixin.py:190} INFO - [2026-06-11T23:34:31.531+0000] {dagbag.py:588} INFO - Filling up the DagBag from /opt/airflow/dags/dag_silver_order_items_train_enriched.py
[2026-06-11T23:34:31.543+0000] {processor.py:925} INFO - DAG(s) 'dag_silver_order_items_train_enriched' retrieved from /opt/airflow/dags/dag_silver_order_items_train_enriched.py
[2026-06-11T23:34:31.593+0000] {logging_mixin.py:190} INFO - [2026-06-11T23:34:31.593+0000] {dag.py:3239} INFO - Sync 1 DAGs
[2026-06-11T23:34:31.617+0000] {logging_mixin.py:190} INFO - [2026-06-11T23:34:31.617+0000] {dag.py:4180} INFO - Setting next_dagrun for dag_silver_order_items_train_enriched to None, run_after=None
[2026-06-11T23:34:31.656+0000] {processor.py:208} INFO - Processing /opt/airflow/dags/dag_silver_order_items_train_enriched.py took 0.151 seconds
[2026-06-11T23:35:01.881+0000] {processor.py:186} INFO - Started process (PID=72879) to work on /opt/airflow/dags/dag_silver_order_items_train_enriched.py
[2026-06-11T23:35:01.900+0000] {processor.py:914} INFO - Processing file /opt/airflow/dags/dag_silver_order_items_train_enriched.py for tasks to queue
[2026-06-11T23:35:01.902+0000] {logging_mixin.py:190} INFO - [2026-06-11T23:35:01.902+0000] {dagbag.py:588} INFO - Filling up the DagBag from /opt/airflow/dags/dag_silver_order_items_train_enriched.py
[2026-06-11T23:35:01.911+0000] {processor.py:925} INFO - DAG(s) 'dag_silver_order_items_train_enriched' retrieved from /opt/airflow/dags/dag_silver_order_items_train_enriched.py
[2026-06-11T23:35:01.944+0000] {logging_mixin.py:190} INFO - [2026-06-11T23:35:01.944+0000] {dag.py:3239} INFO - Sync 1 DAGs
[2026-06-11T23:35:01.961+0000] {logging_mixin.py:190} INFO - [2026-06-11T23:35:01.960+0000] {dag.py:4180} INFO - Setting next_dagrun for dag_silver_order_items_train_enriched to None, run_after=None
[2026-06-11T23:35:01.983+0000] {processor.py:208} INFO - Processing /opt/airflow/dags/dag_silver_order_items_train_enriched.py took 0.110 seconds
[2026-06-11T23:35:32.113+0000] {processor.py:186} INFO - Started process (PID=72999) to work on /opt/airflow/dags/dag_silver_order_items_train_enriched.py
[2026-06-11T23:35:32.135+0000] {processor.py:914} INFO - Processing file /opt/airflow/dags/dag_silver_order_items_train_enriched.py for tasks to queue
[2026-06-11T23:35:32.138+0000] {logging_mixin.py:190} INFO - [2026-06-11T23:35:32.137+0000] {dagbag.py:588} INFO - Filling up the DagBag from /opt/airflow/dags/dag_silver_order_items_train_enriched.py
[2026-06-11T23:35:32.146+0000] {processor.py:925} INFO - DAG(s) 'dag_silver_order_items_train_enriched' retrieved from /opt/airflow/dags/dag_silver_order_items_train_enriched.py
[2026-06-11T23:35:32.183+0000] {logging_mixin.py:190} INFO - [2026-06-11T23:35:32.183+0000] {dag.py:3239} INFO - Sync 1 DAGs
[2026-06-11T23:35:32.199+0000] {logging_mixin.py:190} INFO - [2026-06-11T23:35:32.198+0000] {dag.py:4180} INFO - Setting next_dagrun for dag_silver_order_items_train_enriched to None, run_after=None
[2026-06-11T23:35:32.223+0000] {processor.py:208} INFO - Processing /opt/airflow/dags/dag_silver_order_items_train_enriched.py took 0.117 seconds
[2026-06-11T23:36:02.406+0000] {processor.py:186} INFO - Started process (PID=73119) to work on /opt/airflow/dags/dag_silver_order_items_train_enriched.py
[2026-06-11T23:36:02.431+0000] {processor.py:914} INFO - Processing file /opt/airflow/dags/dag_silver_order_items_train_enriched.py for tasks to queue
[2026-06-11T23:36:02.433+0000] {logging_mixin.py:190} INFO - [2026-06-11T23:36:02.433+0000] {dagbag.py:588} INFO - Filling up the DagBag from /opt/airflow/dags/dag_silver_order_items_train_enriched.py
[2026-06-11T23:36:02.443+0000] {processor.py:925} INFO - DAG(s) 'dag_silver_order_items_train_enriched' retrieved from /opt/airflow/dags/dag_silver_order_items_train_enriched.py
[2026-06-11T23:36:02.481+0000] {logging_mixin.py:190} INFO - [2026-06-11T23:36:02.481+0000] {dag.py:3239} INFO - Sync 1 DAGs
[2026-06-11T23:36:02.496+0000] {logging_mixin.py:190} INFO - [2026-06-11T23:36:02.496+0000] {dag.py:4180} INFO - Setting next_dagrun for dag_silver_order_items_train_enriched to None, run_after=None
[2026-06-11T23:36:02.516+0000] {processor.py:208} INFO - Processing /opt/airflow/dags/dag_silver_order_items_train_enriched.py took 0.119 seconds
[2026-06-11T23:36:33.528+0000] {processor.py:186} INFO - Started process (PID=73239) to work on /opt/airflow/dags/dag_silver_order_items_train_enriched.py
[2026-06-11T23:36:33.548+0000] {processor.py:914} INFO - Processing file /opt/airflow/dags/dag_silver_order_items_train_enriched.py for tasks to queue
[2026-06-11T23:36:33.550+0000] {logging_mixin.py:190} INFO - [2026-06-11T23:36:33.549+0000] {dagbag.py:588} INFO - Filling up the DagBag from /opt/airflow/dags/dag_silver_order_items_train_enriched.py
[2026-06-11T23:36:33.557+0000] {processor.py:925} INFO - DAG(s) 'dag_silver_order_items_train_enriched' retrieved from /opt/airflow/dags/dag_silver_order_items_train_enriched.py
[2026-06-11T23:36:33.586+0000] {logging_mixin.py:190} INFO - [2026-06-11T23:36:33.586+0000] {dag.py:3239} INFO - Sync 1 DAGs
[2026-06-11T23:36:33.600+0000] {logging_mixin.py:190} INFO - [2026-06-11T23:36:33.600+0000] {dag.py:4180} INFO - Setting next_dagrun for dag_silver_order_items_train_enriched to None, run_after=None
[2026-06-11T23:36:33.626+0000] {processor.py:208} INFO - Processing /opt/airflow/dags/dag_silver_order_items_train_enriched.py took 0.107 seconds
[2026-06-11T23:37:03.749+0000] {processor.py:186} INFO - Started process (PID=73359) to work on /opt/airflow/dags/dag_silver_order_items_train_enriched.py
[2026-06-11T23:37:03.750+0000] {processor.py:914} INFO - Processing file /opt/airflow/dags/dag_silver_order_items_train_enriched.py for tasks to queue
[2026-06-11T23:37:03.753+0000] {logging_mixin.py:190} INFO - [2026-06-11T23:37:03.753+0000] {dagbag.py:588} INFO - Filling up the DagBag from /opt/airflow/dags/dag_silver_order_items_train_enriched.py
[2026-06-11T23:37:03.762+0000] {processor.py:925} INFO - DAG(s) 'dag_silver_order_items_train_enriched' retrieved from /opt/airflow/dags/dag_silver_order_items_train_enriched.py
[2026-06-11T23:37:03.794+0000] {logging_mixin.py:190} INFO - [2026-06-11T23:37:03.793+0000] {dag.py:3239} INFO - Sync 1 DAGs
[2026-06-11T23:37:03.808+0000] {logging_mixin.py:190} INFO - [2026-06-11T23:37:03.808+0000] {dag.py:4180} INFO - Setting next_dagrun for dag_silver_order_items_train_enriched to None, run_after=None
[2026-06-11T23:37:03.829+0000] {processor.py:208} INFO - Processing /opt/airflow/dags/dag_silver_order_items_train_enriched.py took 0.087 seconds
[2026-06-11T23:37:34.632+0000] {processor.py:186} INFO - Started process (PID=73482) to work on /opt/airflow/dags/dag_silver_order_items_train_enriched.py
[2026-06-11T23:37:34.643+0000] {processor.py:914} INFO - Processing file /opt/airflow/dags/dag_silver_order_items_train_enriched.py for tasks to queue
[2026-06-11T23:37:34.648+0000] {logging_mixin.py:190} INFO - [2026-06-11T23:37:34.648+0000] {dagbag.py:588} INFO - Filling up the DagBag from /opt/airflow/dags/dag_silver_order_items_train_enriched.py
[2026-06-11T23:37:34.662+0000] {processor.py:925} INFO - DAG(s) 'dag_silver_order_items_train_enriched' retrieved from /opt/airflow/dags/dag_silver_order_items_train_enriched.py
[2026-06-11T23:37:34.721+0000] {logging_mixin.py:190} INFO - [2026-06-11T23:37:34.720+0000] {dag.py:3239} INFO - Sync 1 DAGs
[2026-06-11T23:37:34.740+0000] {logging_mixin.py:190} INFO - [2026-06-11T23:37:34.740+0000] {dag.py:4180} INFO - Setting next_dagrun for dag_silver_order_items_train_enriched to None, run_after=None
[2026-06-11T23:37:34.763+0000] {processor.py:208} INFO - Processing /opt/airflow/dags/dag_silver_order_items_train_enriched.py took 0.142 seconds
[2026-06-11T23:38:05.681+0000] {processor.py:186} INFO - Started process (PID=73602) to work on /opt/airflow/dags/dag_silver_order_items_train_enriched.py
[2026-06-11T23:38:05.686+0000] {processor.py:914} INFO - Processing file /opt/airflow/dags/dag_silver_order_items_train_enriched.py for tasks to queue
[2026-06-11T23:38:05.693+0000] {logging_mixin.py:190} INFO - [2026-06-11T23:38:05.692+0000] {dagbag.py:588} INFO - Filling up the DagBag from /opt/airflow/dags/dag_silver_order_items_train_enriched.py
[2026-06-11T23:38:05.712+0000] {processor.py:925} INFO - DAG(s) 'dag_silver_order_items_train_enriched' retrieved from /opt/airflow/dags/dag_silver_order_items_train_enriched.py
[2026-06-11T23:38:05.751+0000] {logging_mixin.py:190} INFO - [2026-06-11T23:38:05.750+0000] {dag.py:3239} INFO - Sync 1 DAGs
[2026-06-11T23:38:05.768+0000] {logging_mixin.py:190} INFO - [2026-06-11T23:38:05.767+0000] {dag.py:4180} INFO - Setting next_dagrun for dag_silver_order_items_train_enriched to None, run_after=None
[2026-06-11T23:38:05.789+0000] {processor.py:208} INFO - Processing /opt/airflow/dags/dag_silver_order_items_train_enriched.py took 0.130 seconds
[2026-06-11T23:38:35.896+0000] {processor.py:186} INFO - Started process (PID=73722) to work on /opt/airflow/dags/dag_silver_order_items_train_enriched.py
[2026-06-11T23:38:35.909+0000] {processor.py:914} INFO - Processing file /opt/airflow/dags/dag_silver_order_items_train_enriched.py for tasks to queue
[2026-06-11T23:38:35.912+0000] {logging_mixin.py:190} INFO - [2026-06-11T23:38:35.911+0000] {dagbag.py:588} INFO - Filling up the DagBag from /opt/airflow/dags/dag_silver_order_items_train_enriched.py
[2026-06-11T23:38:35.924+0000] {processor.py:925} INFO - DAG(s) 'dag_silver_order_items_train_enriched' retrieved from /opt/airflow/dags/dag_silver_order_items_train_enriched.py
[2026-06-11T23:38:35.958+0000] {logging_mixin.py:190} INFO - [2026-06-11T23:38:35.958+0000] {dag.py:3239} INFO - Sync 1 DAGs
[2026-06-11T23:38:35.974+0000] {logging_mixin.py:190} INFO - [2026-06-11T23:38:35.974+0000] {dag.py:4180} INFO - Setting next_dagrun for dag_silver_order_items_train_enriched to None, run_after=None
[2026-06-11T23:38:35.997+0000] {processor.py:208} INFO - Processing /opt/airflow/dags/dag_silver_order_items_train_enriched.py took 0.107 seconds
[2026-06-11T23:39:07.042+0000] {processor.py:186} INFO - Started process (PID=73842) to work on /opt/airflow/dags/dag_silver_order_items_train_enriched.py
[2026-06-11T23:39:07.043+0000] {processor.py:914} INFO - Processing file /opt/airflow/dags/dag_silver_order_items_train_enriched.py for tasks to queue
[2026-06-11T23:39:07.045+0000] {logging_mixin.py:190} INFO - [2026-06-11T23:39:07.045+0000] {dagbag.py:588} INFO - Filling up the DagBag from /opt/airflow/dags/dag_silver_order_items_train_enriched.py
[2026-06-11T23:39:07.055+0000] {processor.py:925} INFO - DAG(s) 'dag_silver_order_items_train_enriched' retrieved from /opt/airflow/dags/dag_silver_order_items_train_enriched.py
[2026-06-11T23:39:07.091+0000] {logging_mixin.py:190} INFO - [2026-06-11T23:39:07.091+0000] {dag.py:3239} INFO - Sync 1 DAGs
[2026-06-11T23:39:07.109+0000] {logging_mixin.py:190} INFO - [2026-06-11T23:39:07.108+0000] {dag.py:4180} INFO - Setting next_dagrun for dag_silver_order_items_train_enriched to None, run_after=None
[2026-06-11T23:39:07.131+0000] {processor.py:208} INFO - Processing /opt/airflow/dags/dag_silver_order_items_train_enriched.py took 0.096 seconds
[2026-06-11T23:39:37.962+0000] {processor.py:186} INFO - Started process (PID=73962) to work on /opt/airflow/dags/dag_silver_order_items_train_enriched.py
[2026-06-11T23:39:37.966+0000] {processor.py:914} INFO - Processing file /opt/airflow/dags/dag_silver_order_items_train_enriched.py for tasks to queue
[2026-06-11T23:39:37.969+0000] {logging_mixin.py:190} INFO - [2026-06-11T23:39:37.968+0000] {dagbag.py:588} INFO - Filling up the DagBag from /opt/airflow/dags/dag_silver_order_items_train_enriched.py
[2026-06-11T23:39:37.976+0000] {processor.py:925} INFO - DAG(s) 'dag_silver_order_items_train_enriched' retrieved from /opt/airflow/dags/dag_silver_order_items_train_enriched.py
[2026-06-11T23:39:38.011+0000] {logging_mixin.py:190} INFO - [2026-06-11T23:39:38.010+0000] {dag.py:3239} INFO - Sync 1 DAGs
[2026-06-11T23:39:38.027+0000] {logging_mixin.py:190} INFO - [2026-06-11T23:39:38.027+0000] {dag.py:4180} INFO - Setting next_dagrun for dag_silver_order_items_train_enriched to None, run_after=None
[2026-06-11T23:39:38.053+0000] {processor.py:208} INFO - Processing /opt/airflow/dags/dag_silver_order_items_train_enriched.py took 0.098 seconds
[2026-06-11T23:40:09.009+0000] {processor.py:186} INFO - Started process (PID=74082) to work on /opt/airflow/dags/dag_silver_order_items_train_enriched.py
[2026-06-11T23:40:09.021+0000] {processor.py:914} INFO - Processing file /opt/airflow/dags/dag_silver_order_items_train_enriched.py for tasks to queue
[2026-06-11T23:40:09.025+0000] {logging_mixin.py:190} INFO - [2026-06-11T23:40:09.024+0000] {dagbag.py:588} INFO - Filling up the DagBag from /opt/airflow/dags/dag_silver_order_items_train_enriched.py
[2026-06-11T23:40:09.040+0000] {processor.py:925} INFO - DAG(s) 'dag_silver_order_items_train_enriched' retrieved from /opt/airflow/dags/dag_silver_order_items_train_enriched.py
[2026-06-11T23:40:09.081+0000] {logging_mixin.py:190} INFO - [2026-06-11T23:40:09.080+0000] {dag.py:3239} INFO - Sync 1 DAGs
[2026-06-11T23:40:09.099+0000] {logging_mixin.py:190} INFO - [2026-06-11T23:40:09.099+0000] {dag.py:4180} INFO - Setting next_dagrun for dag_silver_order_items_train_enriched to None, run_after=None
[2026-06-11T23:40:09.123+0000] {processor.py:208} INFO - Processing /opt/airflow/dags/dag_silver_order_items_train_enriched.py took 0.128 seconds
[2026-06-11T23:40:39.186+0000] {processor.py:186} INFO - Started process (PID=74199) to work on /opt/airflow/dags/dag_silver_order_items_train_enriched.py
[2026-06-11T23:40:39.187+0000] {processor.py:914} INFO - Processing file /opt/airflow/dags/dag_silver_order_items_train_enriched.py for tasks to queue
[2026-06-11T23:40:39.190+0000] {logging_mixin.py:190} INFO - [2026-06-11T23:40:39.190+0000] {dagbag.py:588} INFO - Filling up the DagBag from /opt/airflow/dags/dag_silver_order_items_train_enriched.py
[2026-06-11T23:40:39.198+0000] {processor.py:925} INFO - DAG(s) 'dag_silver_order_items_train_enriched' retrieved from /opt/airflow/dags/dag_silver_order_items_train_enriched.py
[2026-06-11T23:40:39.230+0000] {logging_mixin.py:190} INFO - [2026-06-11T23:40:39.230+0000] {dag.py:3239} INFO - Sync 1 DAGs
[2026-06-11T23:40:39.245+0000] {logging_mixin.py:190} INFO - [2026-06-11T23:40:39.245+0000] {dag.py:4180} INFO - Setting next_dagrun for dag_silver_order_items_train_enriched to None, run_after=None
[2026-06-11T23:40:39.265+0000] {processor.py:208} INFO - Processing /opt/airflow/dags/dag_silver_order_items_train_enriched.py took 0.087 seconds
[2026-06-11T23:41:09.377+0000] {processor.py:186} INFO - Started process (PID=74322) to work on /opt/airflow/dags/dag_silver_order_items_train_enriched.py
[2026-06-11T23:41:09.388+0000] {processor.py:914} INFO - Processing file /opt/airflow/dags/dag_silver_order_items_train_enriched.py for tasks to queue
[2026-06-11T23:41:09.392+0000] {logging_mixin.py:190} INFO - [2026-06-11T23:41:09.391+0000] {dagbag.py:588} INFO - Filling up the DagBag from /opt/airflow/dags/dag_silver_order_items_train_enriched.py
[2026-06-11T23:41:09.404+0000] {processor.py:925} INFO - DAG(s) 'dag_silver_order_items_train_enriched' retrieved from /opt/airflow/dags/dag_silver_order_items_train_enriched.py
[2026-06-11T23:41:09.465+0000] {logging_mixin.py:190} INFO - [2026-06-11T23:41:09.465+0000] {dag.py:3239} INFO - Sync 1 DAGs
[2026-06-11T23:41:09.489+0000] {logging_mixin.py:190} INFO - [2026-06-11T23:41:09.488+0000] {dag.py:4180} INFO - Setting next_dagrun for dag_silver_order_items_train_enriched to None, run_after=None
[2026-06-11T23:41:09.536+0000] {processor.py:208} INFO - Processing /opt/airflow/dags/dag_silver_order_items_train_enriched.py took 0.167 seconds
[2026-06-11T23:41:40.267+0000] {processor.py:186} INFO - Started process (PID=74442) to work on /opt/airflow/dags/dag_silver_order_items_train_enriched.py
[2026-06-11T23:41:40.269+0000] {processor.py:914} INFO - Processing file /opt/airflow/dags/dag_silver_order_items_train_enriched.py for tasks to queue
[2026-06-11T23:41:40.274+0000] {logging_mixin.py:190} INFO - [2026-06-11T23:41:40.273+0000] {dagbag.py:588} INFO - Filling up the DagBag from /opt/airflow/dags/dag_silver_order_items_train_enriched.py
[2026-06-11T23:41:40.288+0000] {processor.py:925} INFO - DAG(s) 'dag_silver_order_items_train_enriched' retrieved from /opt/airflow/dags/dag_silver_order_items_train_enriched.py
[2026-06-11T23:41:40.329+0000] {logging_mixin.py:190} INFO - [2026-06-11T23:41:40.329+0000] {dag.py:3239} INFO - Sync 1 DAGs
[2026-06-11T23:41:40.348+0000] {logging_mixin.py:190} INFO - [2026-06-11T23:41:40.347+0000] {dag.py:4180} INFO - Setting next_dagrun for dag_silver_order_items_train_enriched to None, run_after=None
[2026-06-11T23:41:40.369+0000] {processor.py:208} INFO - Processing /opt/airflow/dags/dag_silver_order_items_train_enriched.py took 0.125 seconds
[2026-06-11T23:42:10.470+0000] {processor.py:186} INFO - Started process (PID=74562) to work on /opt/airflow/dags/dag_silver_order_items_train_enriched.py
[2026-06-11T23:42:10.484+0000] {processor.py:914} INFO - Processing file /opt/airflow/dags/dag_silver_order_items_train_enriched.py for tasks to queue
[2026-06-11T23:42:10.491+0000] {logging_mixin.py:190} INFO - [2026-06-11T23:42:10.490+0000] {dagbag.py:588} INFO - Filling up the DagBag from /opt/airflow/dags/dag_silver_order_items_train_enriched.py
[2026-06-11T23:42:10.513+0000] {processor.py:925} INFO - DAG(s) 'dag_silver_order_items_train_enriched' retrieved from /opt/airflow/dags/dag_silver_order_items_train_enriched.py
[2026-06-11T23:42:10.551+0000] {logging_mixin.py:190} INFO - [2026-06-11T23:42:10.550+0000] {dag.py:3239} INFO - Sync 1 DAGs
[2026-06-11T23:42:10.569+0000] {logging_mixin.py:190} INFO - [2026-06-11T23:42:10.568+0000] {dag.py:4180} INFO - Setting next_dagrun for dag_silver_order_items_train_enriched to None, run_after=None
[2026-06-11T23:42:10.596+0000] {processor.py:208} INFO - Processing /opt/airflow/dags/dag_silver_order_items_train_enriched.py took 0.141 seconds
[2026-06-11T23:42:40.766+0000] {processor.py:186} INFO - Started process (PID=74682) to work on /opt/airflow/dags/dag_silver_order_items_train_enriched.py
[2026-06-11T23:42:40.772+0000] {processor.py:914} INFO - Processing file /opt/airflow/dags/dag_silver_order_items_train_enriched.py for tasks to queue
[2026-06-11T23:42:40.779+0000] {logging_mixin.py:190} INFO - [2026-06-11T23:42:40.778+0000] {dagbag.py:588} INFO - Filling up the DagBag from /opt/airflow/dags/dag_silver_order_items_train_enriched.py
[2026-06-11T23:42:40.798+0000] {processor.py:925} INFO - DAG(s) 'dag_silver_order_items_train_enriched' retrieved from /opt/airflow/dags/dag_silver_order_items_train_enriched.py
[2026-06-11T23:42:40.878+0000] {logging_mixin.py:190} INFO - [2026-06-11T23:42:40.877+0000] {dag.py:3239} INFO - Sync 1 DAGs
[2026-06-11T23:42:40.900+0000] {logging_mixin.py:190} INFO - [2026-06-11T23:42:40.900+0000] {dag.py:4180} INFO - Setting next_dagrun for dag_silver_order_items_train_enriched to None, run_after=None
[2026-06-11T23:42:40.922+0000] {processor.py:208} INFO - Processing /opt/airflow/dags/dag_silver_order_items_train_enriched.py took 0.178 seconds
[2026-06-11T23:43:11.107+0000] {processor.py:186} INFO - Started process (PID=74802) to work on /opt/airflow/dags/dag_silver_order_items_train_enriched.py
[2026-06-11T23:43:11.116+0000] {processor.py:914} INFO - Processing file /opt/airflow/dags/dag_silver_order_items_train_enriched.py for tasks to queue
[2026-06-11T23:43:11.125+0000] {logging_mixin.py:190} INFO - [2026-06-11T23:43:11.124+0000] {dagbag.py:588} INFO - Filling up the DagBag from /opt/airflow/dags/dag_silver_order_items_train_enriched.py
[2026-06-11T23:43:11.152+0000] {processor.py:925} INFO - DAG(s) 'dag_silver_order_items_train_enriched' retrieved from /opt/airflow/dags/dag_silver_order_items_train_enriched.py
[2026-06-11T23:43:11.215+0000] {logging_mixin.py:190} INFO - [2026-06-11T23:43:11.215+0000] {dag.py:3239} INFO - Sync 1 DAGs
[2026-06-11T23:43:11.239+0000] {logging_mixin.py:190} INFO - [2026-06-11T23:43:11.239+0000] {dag.py:4180} INFO - Setting next_dagrun for dag_silver_order_items_train_enriched to None, run_after=None
[2026-06-11T23:43:11.263+0000] {processor.py:208} INFO - Processing /opt/airflow/dags/dag_silver_order_items_train_enriched.py took 0.176 seconds
[2026-06-11T23:43:41.527+0000] {processor.py:186} INFO - Started process (PID=74922) to work on /opt/airflow/dags/dag_silver_order_items_train_enriched.py
[2026-06-11T23:43:41.533+0000] {processor.py:914} INFO - Processing file /opt/airflow/dags/dag_silver_order_items_train_enriched.py for tasks to queue
[2026-06-11T23:43:41.536+0000] {logging_mixin.py:190} INFO - [2026-06-11T23:43:41.536+0000] {dagbag.py:588} INFO - Filling up the DagBag from /opt/airflow/dags/dag_silver_order_items_train_enriched.py
[2026-06-11T23:43:41.545+0000] {processor.py:925} INFO - DAG(s) 'dag_silver_order_items_train_enriched' retrieved from /opt/airflow/dags/dag_silver_order_items_train_enriched.py
[2026-06-11T23:43:41.577+0000] {logging_mixin.py:190} INFO - [2026-06-11T23:43:41.577+0000] {dag.py:3239} INFO - Sync 1 DAGs
[2026-06-11T23:43:41.592+0000] {logging_mixin.py:190} INFO - [2026-06-11T23:43:41.592+0000] {dag.py:4180} INFO - Setting next_dagrun for dag_silver_order_items_train_enriched to None, run_after=None
[2026-06-11T23:43:41.614+0000] {processor.py:208} INFO - Processing /opt/airflow/dags/dag_silver_order_items_train_enriched.py took 0.097 seconds
[2026-06-11T23:44:11.714+0000] {processor.py:186} INFO - Started process (PID=75042) to work on /opt/airflow/dags/dag_silver_order_items_train_enriched.py
[2026-06-11T23:44:11.727+0000] {processor.py:914} INFO - Processing file /opt/airflow/dags/dag_silver_order_items_train_enriched.py for tasks to queue
[2026-06-11T23:44:11.730+0000] {logging_mixin.py:190} INFO - [2026-06-11T23:44:11.729+0000] {dagbag.py:588} INFO - Filling up the DagBag from /opt/airflow/dags/dag_silver_order_items_train_enriched.py
[2026-06-11T23:44:11.737+0000] {processor.py:925} INFO - DAG(s) 'dag_silver_order_items_train_enriched' retrieved from /opt/airflow/dags/dag_silver_order_items_train_enriched.py
[2026-06-11T23:44:11.769+0000] {logging_mixin.py:190} INFO - [2026-06-11T23:44:11.768+0000] {dag.py:3239} INFO - Sync 1 DAGs
[2026-06-11T23:44:11.784+0000] {logging_mixin.py:190} INFO - [2026-06-11T23:44:11.784+0000] {dag.py:4180} INFO - Setting next_dagrun for dag_silver_order_items_train_enriched to None, run_after=None
[2026-06-11T23:44:11.805+0000] {processor.py:208} INFO - Processing /opt/airflow/dags/dag_silver_order_items_train_enriched.py took 0.098 seconds
[2026-06-11T23:44:41.845+0000] {processor.py:186} INFO - Started process (PID=75162) to work on /opt/airflow/dags/dag_silver_order_items_train_enriched.py
[2026-06-11T23:44:41.846+0000] {processor.py:914} INFO - Processing file /opt/airflow/dags/dag_silver_order_items_train_enriched.py for tasks to queue
[2026-06-11T23:44:41.848+0000] {logging_mixin.py:190} INFO - [2026-06-11T23:44:41.848+0000] {dagbag.py:588} INFO - Filling up the DagBag from /opt/airflow/dags/dag_silver_order_items_train_enriched.py
[2026-06-11T23:44:41.857+0000] {processor.py:925} INFO - DAG(s) 'dag_silver_order_items_train_enriched' retrieved from /opt/airflow/dags/dag_silver_order_items_train_enriched.py
[2026-06-11T23:44:41.898+0000] {logging_mixin.py:190} INFO - [2026-06-11T23:44:41.898+0000] {dag.py:3239} INFO - Sync 1 DAGs
[2026-06-11T23:44:41.917+0000] {logging_mixin.py:190} INFO - [2026-06-11T23:44:41.917+0000] {dag.py:4180} INFO - Setting next_dagrun for dag_silver_order_items_train_enriched to None, run_after=None
[2026-06-11T23:44:41.963+0000] {processor.py:208} INFO - Processing /opt/airflow/dags/dag_silver_order_items_train_enriched.py took 0.126 seconds
[2026-06-11T23:45:12.097+0000] {processor.py:186} INFO - Started process (PID=75282) to work on /opt/airflow/dags/dag_silver_order_items_train_enriched.py
[2026-06-11T23:45:12.099+0000] {processor.py:914} INFO - Processing file /opt/airflow/dags/dag_silver_order_items_train_enriched.py for tasks to queue
[2026-06-11T23:45:12.103+0000] {logging_mixin.py:190} INFO - [2026-06-11T23:45:12.103+0000] {dagbag.py:588} INFO - Filling up the DagBag from /opt/airflow/dags/dag_silver_order_items_train_enriched.py
[2026-06-11T23:45:12.123+0000] {processor.py:925} INFO - DAG(s) 'dag_silver_order_items_train_enriched' retrieved from /opt/airflow/dags/dag_silver_order_items_train_enriched.py
[2026-06-11T23:45:12.167+0000] {logging_mixin.py:190} INFO - [2026-06-11T23:45:12.167+0000] {dag.py:3239} INFO - Sync 1 DAGs
[2026-06-11T23:45:12.182+0000] {logging_mixin.py:190} INFO - [2026-06-11T23:45:12.182+0000] {dag.py:4180} INFO - Setting next_dagrun for dag_silver_order_items_train_enriched to None, run_after=None
[2026-06-11T23:45:12.223+0000] {processor.py:208} INFO - Processing /opt/airflow/dags/dag_silver_order_items_train_enriched.py took 0.136 seconds
[2026-06-11T23:45:42.483+0000] {processor.py:186} INFO - Started process (PID=75404) to work on /opt/airflow/dags/dag_silver_order_items_train_enriched.py
[2026-06-11T23:45:42.484+0000] {processor.py:914} INFO - Processing file /opt/airflow/dags/dag_silver_order_items_train_enriched.py for tasks to queue
[2026-06-11T23:45:42.486+0000] {logging_mixin.py:190} INFO - [2026-06-11T23:45:42.486+0000] {dagbag.py:588} INFO - Filling up the DagBag from /opt/airflow/dags/dag_silver_order_items_train_enriched.py
[2026-06-11T23:45:42.494+0000] {processor.py:925} INFO - DAG(s) 'dag_silver_order_items_train_enriched' retrieved from /opt/airflow/dags/dag_silver_order_items_train_enriched.py
[2026-06-11T23:45:42.527+0000] {logging_mixin.py:190} INFO - [2026-06-11T23:45:42.527+0000] {dag.py:3239} INFO - Sync 1 DAGs
[2026-06-11T23:45:42.542+0000] {logging_mixin.py:190} INFO - [2026-06-11T23:45:42.542+0000] {dag.py:4180} INFO - Setting next_dagrun for dag_silver_order_items_train_enriched to None, run_after=None
[2026-06-11T23:45:42.580+0000] {processor.py:208} INFO - Processing /opt/airflow/dags/dag_silver_order_items_train_enriched.py took 0.103 seconds
[2026-06-11T23:46:12.668+0000] {processor.py:186} INFO - Started process (PID=75524) to work on /opt/airflow/dags/dag_silver_order_items_train_enriched.py
[2026-06-11T23:46:12.669+0000] {processor.py:914} INFO - Processing file /opt/airflow/dags/dag_silver_order_items_train_enriched.py for tasks to queue
[2026-06-11T23:46:12.671+0000] {logging_mixin.py:190} INFO - [2026-06-11T23:46:12.671+0000] {dagbag.py:588} INFO - Filling up the DagBag from /opt/airflow/dags/dag_silver_order_items_train_enriched.py
[2026-06-11T23:46:12.682+0000] {processor.py:925} INFO - DAG(s) 'dag_silver_order_items_train_enriched' retrieved from /opt/airflow/dags/dag_silver_order_items_train_enriched.py
[2026-06-11T23:46:12.725+0000] {logging_mixin.py:190} INFO - [2026-06-11T23:46:12.724+0000] {dag.py:3239} INFO - Sync 1 DAGs
[2026-06-11T23:46:12.740+0000] {logging_mixin.py:190} INFO - [2026-06-11T23:46:12.740+0000] {dag.py:4180} INFO - Setting next_dagrun for dag_silver_order_items_train_enriched to None, run_after=None
[2026-06-11T23:46:12.760+0000] {processor.py:208} INFO - Processing /opt/airflow/dags/dag_silver_order_items_train_enriched.py took 0.098 seconds
[2026-06-11T23:46:43.296+0000] {processor.py:186} INFO - Started process (PID=75642) to work on /opt/airflow/dags/dag_silver_order_items_train_enriched.py
[2026-06-11T23:46:43.302+0000] {processor.py:914} INFO - Processing file /opt/airflow/dags/dag_silver_order_items_train_enriched.py for tasks to queue
[2026-06-11T23:46:43.307+0000] {logging_mixin.py:190} INFO - [2026-06-11T23:46:43.307+0000] {dagbag.py:588} INFO - Filling up the DagBag from /opt/airflow/dags/dag_silver_order_items_train_enriched.py
[2026-06-11T23:46:43.326+0000] {processor.py:925} INFO - DAG(s) 'dag_silver_order_items_train_enriched' retrieved from /opt/airflow/dags/dag_silver_order_items_train_enriched.py
[2026-06-11T23:46:43.362+0000] {logging_mixin.py:190} INFO - [2026-06-11T23:46:43.361+0000] {dag.py:3239} INFO - Sync 1 DAGs
[2026-06-11T23:46:43.379+0000] {logging_mixin.py:190} INFO - [2026-06-11T23:46:43.378+0000] {dag.py:4180} INFO - Setting next_dagrun for dag_silver_order_items_train_enriched to None, run_after=None
[2026-06-11T23:46:43.401+0000] {processor.py:208} INFO - Processing /opt/airflow/dags/dag_silver_order_items_train_enriched.py took 0.116 seconds
[2026-06-11T23:47:13.529+0000] {processor.py:186} INFO - Started process (PID=75762) to work on /opt/airflow/dags/dag_silver_order_items_train_enriched.py
[2026-06-11T23:47:13.530+0000] {processor.py:914} INFO - Processing file /opt/airflow/dags/dag_silver_order_items_train_enriched.py for tasks to queue
[2026-06-11T23:47:13.534+0000] {logging_mixin.py:190} INFO - [2026-06-11T23:47:13.534+0000] {dagbag.py:588} INFO - Filling up the DagBag from /opt/airflow/dags/dag_silver_order_items_train_enriched.py
[2026-06-11T23:47:13.545+0000] {processor.py:925} INFO - DAG(s) 'dag_silver_order_items_train_enriched' retrieved from /opt/airflow/dags/dag_silver_order_items_train_enriched.py
[2026-06-11T23:47:13.583+0000] {logging_mixin.py:190} INFO - [2026-06-11T23:47:13.582+0000] {dag.py:3239} INFO - Sync 1 DAGs
[2026-06-11T23:47:13.599+0000] {logging_mixin.py:190} INFO - [2026-06-11T23:47:13.599+0000] {dag.py:4180} INFO - Setting next_dagrun for dag_silver_order_items_train_enriched to None, run_after=None
[2026-06-11T23:47:13.634+0000] {processor.py:208} INFO - Processing /opt/airflow/dags/dag_silver_order_items_train_enriched.py took 0.112 seconds
[2026-06-11T23:47:43.808+0000] {processor.py:186} INFO - Started process (PID=75882) to work on /opt/airflow/dags/dag_silver_order_items_train_enriched.py
[2026-06-11T23:47:43.809+0000] {processor.py:914} INFO - Processing file /opt/airflow/dags/dag_silver_order_items_train_enriched.py for tasks to queue
[2026-06-11T23:47:43.815+0000] {logging_mixin.py:190} INFO - [2026-06-11T23:47:43.814+0000] {dagbag.py:588} INFO - Filling up the DagBag from /opt/airflow/dags/dag_silver_order_items_train_enriched.py
[2026-06-11T23:47:43.826+0000] {processor.py:925} INFO - DAG(s) 'dag_silver_order_items_train_enriched' retrieved from /opt/airflow/dags/dag_silver_order_items_train_enriched.py
[2026-06-11T23:47:43.869+0000] {logging_mixin.py:190} INFO - [2026-06-11T23:47:43.869+0000] {dag.py:3239} INFO - Sync 1 DAGs
[2026-06-11T23:47:43.888+0000] {logging_mixin.py:190} INFO - [2026-06-11T23:47:43.887+0000] {dag.py:4180} INFO - Setting next_dagrun for dag_silver_order_items_train_enriched to None, run_after=None
[2026-06-11T23:47:43.913+0000] {processor.py:208} INFO - Processing /opt/airflow/dags/dag_silver_order_items_train_enriched.py took 0.116 seconds
[2026-06-11T23:48:14.034+0000] {processor.py:186} INFO - Started process (PID=76002) to work on /opt/airflow/dags/dag_silver_order_items_train_enriched.py
[2026-06-11T23:48:14.043+0000] {processor.py:914} INFO - Processing file /opt/airflow/dags/dag_silver_order_items_train_enriched.py for tasks to queue
[2026-06-11T23:48:14.045+0000] {logging_mixin.py:190} INFO - [2026-06-11T23:48:14.045+0000] {dagbag.py:588} INFO - Filling up the DagBag from /opt/airflow/dags/dag_silver_order_items_train_enriched.py
[2026-06-11T23:48:14.056+0000] {processor.py:925} INFO - DAG(s) 'dag_silver_order_items_train_enriched' retrieved from /opt/airflow/dags/dag_silver_order_items_train_enriched.py
[2026-06-11T23:48:14.110+0000] {logging_mixin.py:190} INFO - [2026-06-11T23:48:14.109+0000] {dag.py:3239} INFO - Sync 1 DAGs
[2026-06-11T23:48:14.135+0000] {logging_mixin.py:190} INFO - [2026-06-11T23:48:14.134+0000] {dag.py:4180} INFO - Setting next_dagrun for dag_silver_order_items_train_enriched to None, run_after=None
[2026-06-11T23:48:14.162+0000] {processor.py:208} INFO - Processing /opt/airflow/dags/dag_silver_order_items_train_enriched.py took 0.135 seconds
[2026-06-11T23:48:44.238+0000] {processor.py:186} INFO - Started process (PID=76122) to work on /opt/airflow/dags/dag_silver_order_items_train_enriched.py
[2026-06-11T23:48:44.253+0000] {processor.py:914} INFO - Processing file /opt/airflow/dags/dag_silver_order_items_train_enriched.py for tasks to queue
[2026-06-11T23:48:44.256+0000] {logging_mixin.py:190} INFO - [2026-06-11T23:48:44.255+0000] {dagbag.py:588} INFO - Filling up the DagBag from /opt/airflow/dags/dag_silver_order_items_train_enriched.py
[2026-06-11T23:48:44.265+0000] {processor.py:925} INFO - DAG(s) 'dag_silver_order_items_train_enriched' retrieved from /opt/airflow/dags/dag_silver_order_items_train_enriched.py
[2026-06-11T23:48:44.298+0000] {logging_mixin.py:190} INFO - [2026-06-11T23:48:44.298+0000] {dag.py:3239} INFO - Sync 1 DAGs
[2026-06-11T23:48:44.315+0000] {logging_mixin.py:190} INFO - [2026-06-11T23:48:44.314+0000] {dag.py:4180} INFO - Setting next_dagrun for dag_silver_order_items_train_enriched to None, run_after=None
[2026-06-11T23:48:44.335+0000] {processor.py:208} INFO - Processing /opt/airflow/dags/dag_silver_order_items_train_enriched.py took 0.103 seconds
[2026-06-11T23:49:14.399+0000] {processor.py:186} INFO - Started process (PID=76242) to work on /opt/airflow/dags/dag_silver_order_items_train_enriched.py
[2026-06-11T23:49:14.412+0000] {processor.py:914} INFO - Processing file /opt/airflow/dags/dag_silver_order_items_train_enriched.py for tasks to queue
[2026-06-11T23:49:14.415+0000] {logging_mixin.py:190} INFO - [2026-06-11T23:49:14.415+0000] {dagbag.py:588} INFO - Filling up the DagBag from /opt/airflow/dags/dag_silver_order_items_train_enriched.py
[2026-06-11T23:49:14.424+0000] {processor.py:925} INFO - DAG(s) 'dag_silver_order_items_train_enriched' retrieved from /opt/airflow/dags/dag_silver_order_items_train_enriched.py
[2026-06-11T23:49:14.455+0000] {logging_mixin.py:190} INFO - [2026-06-11T23:49:14.455+0000] {dag.py:3239} INFO - Sync 1 DAGs
[2026-06-11T23:49:14.469+0000] {logging_mixin.py:190} INFO - [2026-06-11T23:49:14.469+0000] {dag.py:4180} INFO - Setting next_dagrun for dag_silver_order_items_train_enriched to None, run_after=None
[2026-06-11T23:49:14.489+0000] {processor.py:208} INFO - Processing /opt/airflow/dags/dag_silver_order_items_train_enriched.py took 0.099 seconds
[2026-06-11T23:49:44.680+0000] {processor.py:186} INFO - Started process (PID=76362) to work on /opt/airflow/dags/dag_silver_order_items_train_enriched.py
[2026-06-11T23:49:44.765+0000] {processor.py:914} INFO - Processing file /opt/airflow/dags/dag_silver_order_items_train_enriched.py for tasks to queue
[2026-06-11T23:49:44.771+0000] {logging_mixin.py:190} INFO - [2026-06-11T23:49:44.770+0000] {dagbag.py:588} INFO - Filling up the DagBag from /opt/airflow/dags/dag_silver_order_items_train_enriched.py
[2026-06-11T23:49:44.784+0000] {processor.py:925} INFO - DAG(s) 'dag_silver_order_items_train_enriched' retrieved from /opt/airflow/dags/dag_silver_order_items_train_enriched.py
[2026-06-11T23:49:44.815+0000] {logging_mixin.py:190} INFO - [2026-06-11T23:49:44.815+0000] {dag.py:3239} INFO - Sync 1 DAGs
[2026-06-11T23:49:44.829+0000] {logging_mixin.py:190} INFO - [2026-06-11T23:49:44.829+0000] {dag.py:4180} INFO - Setting next_dagrun for dag_silver_order_items_train_enriched to None, run_after=None
[2026-06-11T23:49:44.979+0000] {processor.py:208} INFO - Processing /opt/airflow/dags/dag_silver_order_items_train_enriched.py took 0.307 seconds
[2026-06-11T23:50:15.401+0000] {processor.py:186} INFO - Started process (PID=76482) to work on /opt/airflow/dags/dag_silver_order_items_train_enriched.py
[2026-06-11T23:50:15.412+0000] {processor.py:914} INFO - Processing file /opt/airflow/dags/dag_silver_order_items_train_enriched.py for tasks to queue
[2026-06-11T23:50:15.414+0000] {logging_mixin.py:190} INFO - [2026-06-11T23:50:15.414+0000] {dagbag.py:588} INFO - Filling up the DagBag from /opt/airflow/dags/dag_silver_order_items_train_enriched.py
[2026-06-11T23:50:15.421+0000] {processor.py:925} INFO - DAG(s) 'dag_silver_order_items_train_enriched' retrieved from /opt/airflow/dags/dag_silver_order_items_train_enriched.py
[2026-06-11T23:50:15.451+0000] {logging_mixin.py:190} INFO - [2026-06-11T23:50:15.450+0000] {dag.py:3239} INFO - Sync 1 DAGs
[2026-06-11T23:50:15.468+0000] {logging_mixin.py:190} INFO - [2026-06-11T23:50:15.468+0000] {dag.py:4180} INFO - Setting next_dagrun for dag_silver_order_items_train_enriched to None, run_after=None
[2026-06-11T23:50:15.566+0000] {processor.py:208} INFO - Processing /opt/airflow/dags/dag_silver_order_items_train_enriched.py took 0.171 seconds
[2026-06-11T23:50:46.065+0000] {processor.py:186} INFO - Started process (PID=76602) to work on /opt/airflow/dags/dag_silver_order_items_train_enriched.py
[2026-06-11T23:50:46.068+0000] {processor.py:914} INFO - Processing file /opt/airflow/dags/dag_silver_order_items_train_enriched.py for tasks to queue
[2026-06-11T23:50:46.070+0000] {logging_mixin.py:190} INFO - [2026-06-11T23:50:46.069+0000] {dagbag.py:588} INFO - Filling up the DagBag from /opt/airflow/dags/dag_silver_order_items_train_enriched.py
[2026-06-11T23:50:46.077+0000] {processor.py:925} INFO - DAG(s) 'dag_silver_order_items_train_enriched' retrieved from /opt/airflow/dags/dag_silver_order_items_train_enriched.py
[2026-06-11T23:50:46.107+0000] {logging_mixin.py:190} INFO - [2026-06-11T23:50:46.107+0000] {dag.py:3239} INFO - Sync 1 DAGs
[2026-06-11T23:50:46.122+0000] {logging_mixin.py:190} INFO - [2026-06-11T23:50:46.121+0000] {dag.py:4180} INFO - Setting next_dagrun for dag_silver_order_items_train_enriched to None, run_after=None
[2026-06-11T23:50:46.142+0000] {processor.py:208} INFO - Processing /opt/airflow/dags/dag_silver_order_items_train_enriched.py took 0.084 seconds
[2026-06-11T23:51:16.794+0000] {processor.py:186} INFO - Started process (PID=76722) to work on /opt/airflow/dags/dag_silver_order_items_train_enriched.py
[2026-06-11T23:51:16.806+0000] {processor.py:914} INFO - Processing file /opt/airflow/dags/dag_silver_order_items_train_enriched.py for tasks to queue
[2026-06-11T23:51:16.808+0000] {logging_mixin.py:190} INFO - [2026-06-11T23:51:16.808+0000] {dagbag.py:588} INFO - Filling up the DagBag from /opt/airflow/dags/dag_silver_order_items_train_enriched.py
[2026-06-11T23:51:16.815+0000] {processor.py:925} INFO - DAG(s) 'dag_silver_order_items_train_enriched' retrieved from /opt/airflow/dags/dag_silver_order_items_train_enriched.py
[2026-06-11T23:51:16.845+0000] {logging_mixin.py:190} INFO - [2026-06-11T23:51:16.845+0000] {dag.py:3239} INFO - Sync 1 DAGs
[2026-06-11T23:51:16.860+0000] {logging_mixin.py:190} INFO - [2026-06-11T23:51:16.860+0000] {dag.py:4180} INFO - Setting next_dagrun for dag_silver_order_items_train_enriched to None, run_after=None
[2026-06-11T23:51:16.878+0000] {processor.py:208} INFO - Processing /opt/airflow/dags/dag_silver_order_items_train_enriched.py took 0.091 seconds
[2026-06-11T23:51:47.546+0000] {processor.py:186} INFO - Started process (PID=76842) to work on /opt/airflow/dags/dag_silver_order_items_train_enriched.py
[2026-06-11T23:51:47.547+0000] {processor.py:914} INFO - Processing file /opt/airflow/dags/dag_silver_order_items_train_enriched.py for tasks to queue
[2026-06-11T23:51:47.549+0000] {logging_mixin.py:190} INFO - [2026-06-11T23:51:47.549+0000] {dagbag.py:588} INFO - Filling up the DagBag from /opt/airflow/dags/dag_silver_order_items_train_enriched.py
[2026-06-11T23:51:47.557+0000] {processor.py:925} INFO - DAG(s) 'dag_silver_order_items_train_enriched' retrieved from /opt/airflow/dags/dag_silver_order_items_train_enriched.py
[2026-06-11T23:51:47.586+0000] {logging_mixin.py:190} INFO - [2026-06-11T23:51:47.585+0000] {dag.py:3239} INFO - Sync 1 DAGs
[2026-06-11T23:51:47.600+0000] {logging_mixin.py:190} INFO - [2026-06-11T23:51:47.600+0000] {dag.py:4180} INFO - Setting next_dagrun for dag_silver_order_items_train_enriched to None, run_after=None
[2026-06-11T23:51:47.643+0000] {processor.py:208} INFO - Processing /opt/airflow/dags/dag_silver_order_items_train_enriched.py took 0.103 seconds
[2026-06-11T23:52:18.420+0000] {processor.py:186} INFO - Started process (PID=76962) to work on /opt/airflow/dags/dag_silver_order_items_train_enriched.py
[2026-06-11T23:52:18.428+0000] {processor.py:914} INFO - Processing file /opt/airflow/dags/dag_silver_order_items_train_enriched.py for tasks to queue
[2026-06-11T23:52:18.431+0000] {logging_mixin.py:190} INFO - [2026-06-11T23:52:18.431+0000] {dagbag.py:588} INFO - Filling up the DagBag from /opt/airflow/dags/dag_silver_order_items_train_enriched.py
[2026-06-11T23:52:18.438+0000] {processor.py:925} INFO - DAG(s) 'dag_silver_order_items_train_enriched' retrieved from /opt/airflow/dags/dag_silver_order_items_train_enriched.py
[2026-06-11T23:52:18.468+0000] {logging_mixin.py:190} INFO - [2026-06-11T23:52:18.468+0000] {dag.py:3239} INFO - Sync 1 DAGs
[2026-06-11T23:52:18.483+0000] {logging_mixin.py:190} INFO - [2026-06-11T23:52:18.483+0000] {dag.py:4180} INFO - Setting next_dagrun for dag_silver_order_items_train_enriched to None, run_after=None
[2026-06-11T23:52:18.504+0000] {processor.py:208} INFO - Processing /opt/airflow/dags/dag_silver_order_items_train_enriched.py took 0.091 seconds
[2026-06-11T23:52:49.239+0000] {processor.py:186} INFO - Started process (PID=77082) to work on /opt/airflow/dags/dag_silver_order_items_train_enriched.py
[2026-06-11T23:52:49.252+0000] {processor.py:914} INFO - Processing file /opt/airflow/dags/dag_silver_order_items_train_enriched.py for tasks to queue
[2026-06-11T23:52:49.254+0000] {logging_mixin.py:190} INFO - [2026-06-11T23:52:49.254+0000] {dagbag.py:588} INFO - Filling up the DagBag from /opt/airflow/dags/dag_silver_order_items_train_enriched.py
[2026-06-11T23:52:49.262+0000] {processor.py:925} INFO - DAG(s) 'dag_silver_order_items_train_enriched' retrieved from /opt/airflow/dags/dag_silver_order_items_train_enriched.py
[2026-06-11T23:52:49.293+0000] {logging_mixin.py:190} INFO - [2026-06-11T23:52:49.292+0000] {dag.py:3239} INFO - Sync 1 DAGs
[2026-06-11T23:52:49.308+0000] {logging_mixin.py:190} INFO - [2026-06-11T23:52:49.308+0000] {dag.py:4180} INFO - Setting next_dagrun for dag_silver_order_items_train_enriched to None, run_after=None
[2026-06-11T23:52:49.334+0000] {processor.py:208} INFO - Processing /opt/airflow/dags/dag_silver_order_items_train_enriched.py took 0.102 seconds
[2026-06-11T23:53:20.060+0000] {processor.py:186} INFO - Started process (PID=77202) to work on /opt/airflow/dags/dag_silver_order_items_train_enriched.py
[2026-06-11T23:53:20.067+0000] {processor.py:914} INFO - Processing file /opt/airflow/dags/dag_silver_order_items_train_enriched.py for tasks to queue
[2026-06-11T23:53:20.069+0000] {logging_mixin.py:190} INFO - [2026-06-11T23:53:20.069+0000] {dagbag.py:588} INFO - Filling up the DagBag from /opt/airflow/dags/dag_silver_order_items_train_enriched.py
[2026-06-11T23:53:20.077+0000] {processor.py:925} INFO - DAG(s) 'dag_silver_order_items_train_enriched' retrieved from /opt/airflow/dags/dag_silver_order_items_train_enriched.py
[2026-06-11T23:53:20.106+0000] {logging_mixin.py:190} INFO - [2026-06-11T23:53:20.106+0000] {dag.py:3239} INFO - Sync 1 DAGs
[2026-06-11T23:53:20.121+0000] {logging_mixin.py:190} INFO - [2026-06-11T23:53:20.121+0000] {dag.py:4180} INFO - Setting next_dagrun for dag_silver_order_items_train_enriched to None, run_after=None
[2026-06-11T23:53:20.152+0000] {processor.py:208} INFO - Processing /opt/airflow/dags/dag_silver_order_items_train_enriched.py took 0.098 seconds
[2026-06-11T23:53:50.930+0000] {processor.py:186} INFO - Started process (PID=77322) to work on /opt/airflow/dags/dag_silver_order_items_train_enriched.py
[2026-06-11T23:53:50.936+0000] {processor.py:914} INFO - Processing file /opt/airflow/dags/dag_silver_order_items_train_enriched.py for tasks to queue
[2026-06-11T23:53:50.939+0000] {logging_mixin.py:190} INFO - [2026-06-11T23:53:50.939+0000] {dagbag.py:588} INFO - Filling up the DagBag from /opt/airflow/dags/dag_silver_order_items_train_enriched.py
[2026-06-11T23:53:50.946+0000] {processor.py:925} INFO - DAG(s) 'dag_silver_order_items_train_enriched' retrieved from /opt/airflow/dags/dag_silver_order_items_train_enriched.py
[2026-06-11T23:53:50.976+0000] {logging_mixin.py:190} INFO - [2026-06-11T23:53:50.976+0000] {dag.py:3239} INFO - Sync 1 DAGs
[2026-06-11T23:53:50.991+0000] {logging_mixin.py:190} INFO - [2026-06-11T23:53:50.991+0000] {dag.py:4180} INFO - Setting next_dagrun for dag_silver_order_items_train_enriched to None, run_after=None
[2026-06-11T23:53:51.010+0000] {processor.py:208} INFO - Processing /opt/airflow/dags/dag_silver_order_items_train_enriched.py took 0.088 seconds
[2026-06-11T23:54:21.705+0000] {processor.py:186} INFO - Started process (PID=77442) to work on /opt/airflow/dags/dag_silver_order_items_train_enriched.py
[2026-06-11T23:54:21.714+0000] {processor.py:914} INFO - Processing file /opt/airflow/dags/dag_silver_order_items_train_enriched.py for tasks to queue
[2026-06-11T23:54:21.716+0000] {logging_mixin.py:190} INFO - [2026-06-11T23:54:21.715+0000] {dagbag.py:588} INFO - Filling up the DagBag from /opt/airflow/dags/dag_silver_order_items_train_enriched.py
[2026-06-11T23:54:21.723+0000] {processor.py:925} INFO - DAG(s) 'dag_silver_order_items_train_enriched' retrieved from /opt/airflow/dags/dag_silver_order_items_train_enriched.py
[2026-06-11T23:54:21.752+0000] {logging_mixin.py:190} INFO - [2026-06-11T23:54:21.752+0000] {dag.py:3239} INFO - Sync 1 DAGs
[2026-06-11T23:54:21.767+0000] {logging_mixin.py:190} INFO - [2026-06-11T23:54:21.766+0000] {dag.py:4180} INFO - Setting next_dagrun for dag_silver_order_items_train_enriched to None, run_after=None
[2026-06-11T23:54:21.786+0000] {processor.py:208} INFO - Processing /opt/airflow/dags/dag_silver_order_items_train_enriched.py took 0.087 seconds
[2026-06-11T23:54:52.455+0000] {processor.py:186} INFO - Started process (PID=77562) to work on /opt/airflow/dags/dag_silver_order_items_train_enriched.py
[2026-06-11T23:54:52.456+0000] {processor.py:914} INFO - Processing file /opt/airflow/dags/dag_silver_order_items_train_enriched.py for tasks to queue
[2026-06-11T23:54:52.457+0000] {logging_mixin.py:190} INFO - [2026-06-11T23:54:52.457+0000] {dagbag.py:588} INFO - Filling up the DagBag from /opt/airflow/dags/dag_silver_order_items_train_enriched.py
[2026-06-11T23:54:52.465+0000] {processor.py:925} INFO - DAG(s) 'dag_silver_order_items_train_enriched' retrieved from /opt/airflow/dags/dag_silver_order_items_train_enriched.py
[2026-06-11T23:54:52.495+0000] {logging_mixin.py:190} INFO - [2026-06-11T23:54:52.495+0000] {dag.py:3239} INFO - Sync 1 DAGs
[2026-06-11T23:54:52.510+0000] {logging_mixin.py:190} INFO - [2026-06-11T23:54:52.509+0000] {dag.py:4180} INFO - Setting next_dagrun for dag_silver_order_items_train_enriched to None, run_after=None
[2026-06-11T23:54:52.547+0000] {processor.py:208} INFO - Processing /opt/airflow/dags/dag_silver_order_items_train_enriched.py took 0.098 seconds
[2026-06-11T23:55:23.187+0000] {processor.py:186} INFO - Started process (PID=77682) to work on /opt/airflow/dags/dag_silver_order_items_train_enriched.py
[2026-06-11T23:55:23.197+0000] {processor.py:914} INFO - Processing file /opt/airflow/dags/dag_silver_order_items_train_enriched.py for tasks to queue
[2026-06-11T23:55:23.199+0000] {logging_mixin.py:190} INFO - [2026-06-11T23:55:23.199+0000] {dagbag.py:588} INFO - Filling up the DagBag from /opt/airflow/dags/dag_silver_order_items_train_enriched.py
[2026-06-11T23:55:23.206+0000] {processor.py:925} INFO - DAG(s) 'dag_silver_order_items_train_enriched' retrieved from /opt/airflow/dags/dag_silver_order_items_train_enriched.py
[2026-06-11T23:55:23.239+0000] {logging_mixin.py:190} INFO - [2026-06-11T23:55:23.238+0000] {dag.py:3239} INFO - Sync 1 DAGs
[2026-06-11T23:55:23.254+0000] {logging_mixin.py:190} INFO - [2026-06-11T23:55:23.254+0000] {dag.py:4180} INFO - Setting next_dagrun for dag_silver_order_items_train_enriched to None, run_after=None
[2026-06-11T23:55:23.279+0000] {processor.py:208} INFO - Processing /opt/airflow/dags/dag_silver_order_items_train_enriched.py took 0.097 seconds
[2026-06-11T23:55:54.093+0000] {processor.py:186} INFO - Started process (PID=77802) to work on /opt/airflow/dags/dag_silver_order_items_train_enriched.py
[2026-06-11T23:55:54.103+0000] {processor.py:914} INFO - Processing file /opt/airflow/dags/dag_silver_order_items_train_enriched.py for tasks to queue
[2026-06-11T23:55:54.105+0000] {logging_mixin.py:190} INFO - [2026-06-11T23:55:54.104+0000] {dagbag.py:588} INFO - Filling up the DagBag from /opt/airflow/dags/dag_silver_order_items_train_enriched.py
[2026-06-11T23:55:54.113+0000] {processor.py:925} INFO - DAG(s) 'dag_silver_order_items_train_enriched' retrieved from /opt/airflow/dags/dag_silver_order_items_train_enriched.py
[2026-06-11T23:55:54.144+0000] {logging_mixin.py:190} INFO - [2026-06-11T23:55:54.143+0000] {dag.py:3239} INFO - Sync 1 DAGs
[2026-06-11T23:55:54.159+0000] {logging_mixin.py:190} INFO - [2026-06-11T23:55:54.159+0000] {dag.py:4180} INFO - Setting next_dagrun for dag_silver_order_items_train_enriched to None, run_after=None
[2026-06-11T23:55:54.179+0000] {processor.py:208} INFO - Processing /opt/airflow/dags/dag_silver_order_items_train_enriched.py took 0.092 seconds
[2026-06-11T23:56:24.799+0000] {processor.py:186} INFO - Started process (PID=77922) to work on /opt/airflow/dags/dag_silver_order_items_train_enriched.py
[2026-06-11T23:56:24.813+0000] {processor.py:914} INFO - Processing file /opt/airflow/dags/dag_silver_order_items_train_enriched.py for tasks to queue
[2026-06-11T23:56:24.815+0000] {logging_mixin.py:190} INFO - [2026-06-11T23:56:24.815+0000] {dagbag.py:588} INFO - Filling up the DagBag from /opt/airflow/dags/dag_silver_order_items_train_enriched.py
[2026-06-11T23:56:24.827+0000] {processor.py:925} INFO - DAG(s) 'dag_silver_order_items_train_enriched' retrieved from /opt/airflow/dags/dag_silver_order_items_train_enriched.py
[2026-06-11T23:56:24.869+0000] {logging_mixin.py:190} INFO - [2026-06-11T23:56:24.868+0000] {dag.py:3239} INFO - Sync 1 DAGs
[2026-06-11T23:56:24.898+0000] {logging_mixin.py:190} INFO - [2026-06-11T23:56:24.898+0000] {dag.py:4180} INFO - Setting next_dagrun for dag_silver_order_items_train_enriched to None, run_after=None
[2026-06-11T23:56:24.936+0000] {processor.py:208} INFO - Processing /opt/airflow/dags/dag_silver_order_items_train_enriched.py took 0.145 seconds
[2026-06-11T23:56:55.939+0000] {processor.py:186} INFO - Started process (PID=78042) to work on /opt/airflow/dags/dag_silver_order_items_train_enriched.py
[2026-06-11T23:56:55.951+0000] {processor.py:914} INFO - Processing file /opt/airflow/dags/dag_silver_order_items_train_enriched.py for tasks to queue
[2026-06-11T23:56:55.958+0000] {logging_mixin.py:190} INFO - [2026-06-11T23:56:55.957+0000] {dagbag.py:588} INFO - Filling up the DagBag from /opt/airflow/dags/dag_silver_order_items_train_enriched.py
[2026-06-11T23:56:55.979+0000] {processor.py:925} INFO - DAG(s) 'dag_silver_order_items_train_enriched' retrieved from /opt/airflow/dags/dag_silver_order_items_train_enriched.py
[2026-06-11T23:56:56.012+0000] {logging_mixin.py:190} INFO - [2026-06-11T23:56:56.011+0000] {dag.py:3239} INFO - Sync 1 DAGs
[2026-06-11T23:56:56.026+0000] {logging_mixin.py:190} INFO - [2026-06-11T23:56:56.025+0000] {dag.py:4180} INFO - Setting next_dagrun for dag_silver_order_items_train_enriched to None, run_after=None
[2026-06-11T23:56:56.047+0000] {processor.py:208} INFO - Processing /opt/airflow/dags/dag_silver_order_items_train_enriched.py took 0.115 seconds
[2026-06-11T23:57:26.095+0000] {processor.py:186} INFO - Started process (PID=78159) to work on /opt/airflow/dags/dag_silver_order_items_train_enriched.py
[2026-06-11T23:57:26.128+0000] {processor.py:914} INFO - Processing file /opt/airflow/dags/dag_silver_order_items_train_enriched.py for tasks to queue
[2026-06-11T23:57:26.131+0000] {logging_mixin.py:190} INFO - [2026-06-11T23:57:26.131+0000] {dagbag.py:588} INFO - Filling up the DagBag from /opt/airflow/dags/dag_silver_order_items_train_enriched.py
[2026-06-11T23:57:26.139+0000] {processor.py:925} INFO - DAG(s) 'dag_silver_order_items_train_enriched' retrieved from /opt/airflow/dags/dag_silver_order_items_train_enriched.py
[2026-06-11T23:57:26.174+0000] {logging_mixin.py:190} INFO - [2026-06-11T23:57:26.174+0000] {dag.py:3239} INFO - Sync 1 DAGs
[2026-06-11T23:57:26.190+0000] {logging_mixin.py:190} INFO - [2026-06-11T23:57:26.189+0000] {dag.py:4180} INFO - Setting next_dagrun for dag_silver_order_items_train_enriched to None, run_after=None
[2026-06-11T23:57:26.231+0000] {processor.py:208} INFO - Processing /opt/airflow/dags/dag_silver_order_items_train_enriched.py took 0.145 seconds
[2026-06-11T23:57:56.421+0000] {processor.py:186} INFO - Started process (PID=78279) to work on /opt/airflow/dags/dag_silver_order_items_train_enriched.py
[2026-06-11T23:57:56.440+0000] {processor.py:914} INFO - Processing file /opt/airflow/dags/dag_silver_order_items_train_enriched.py for tasks to queue
[2026-06-11T23:57:56.443+0000] {logging_mixin.py:190} INFO - [2026-06-11T23:57:56.443+0000] {dagbag.py:588} INFO - Filling up the DagBag from /opt/airflow/dags/dag_silver_order_items_train_enriched.py
[2026-06-11T23:57:56.452+0000] {processor.py:925} INFO - DAG(s) 'dag_silver_order_items_train_enriched' retrieved from /opt/airflow/dags/dag_silver_order_items_train_enriched.py
[2026-06-11T23:57:56.490+0000] {logging_mixin.py:190} INFO - [2026-06-11T23:57:56.490+0000] {dag.py:3239} INFO - Sync 1 DAGs
[2026-06-11T23:57:56.507+0000] {logging_mixin.py:190} INFO - [2026-06-11T23:57:56.507+0000] {dag.py:4180} INFO - Setting next_dagrun for dag_silver_order_items_train_enriched to None, run_after=None
[2026-06-11T23:57:56.526+0000] {processor.py:208} INFO - Processing /opt/airflow/dags/dag_silver_order_items_train_enriched.py took 0.113 seconds
[2026-06-11T23:58:27.315+0000] {processor.py:186} INFO - Started process (PID=78402) to work on /opt/airflow/dags/dag_silver_order_items_train_enriched.py
[2026-06-11T23:58:27.332+0000] {processor.py:914} INFO - Processing file /opt/airflow/dags/dag_silver_order_items_train_enriched.py for tasks to queue
[2026-06-11T23:58:27.334+0000] {logging_mixin.py:190} INFO - [2026-06-11T23:58:27.334+0000] {dagbag.py:588} INFO - Filling up the DagBag from /opt/airflow/dags/dag_silver_order_items_train_enriched.py
[2026-06-11T23:58:27.341+0000] {processor.py:925} INFO - DAG(s) 'dag_silver_order_items_train_enriched' retrieved from /opt/airflow/dags/dag_silver_order_items_train_enriched.py
[2026-06-11T23:58:27.373+0000] {logging_mixin.py:190} INFO - [2026-06-11T23:58:27.372+0000] {dag.py:3239} INFO - Sync 1 DAGs
[2026-06-11T23:58:27.387+0000] {logging_mixin.py:190} INFO - [2026-06-11T23:58:27.387+0000] {dag.py:4180} INFO - Setting next_dagrun for dag_silver_order_items_train_enriched to None, run_after=None
[2026-06-11T23:58:27.409+0000] {processor.py:208} INFO - Processing /opt/airflow/dags/dag_silver_order_items_train_enriched.py took 0.100 seconds
[2026-06-11T23:58:58.150+0000] {processor.py:186} INFO - Started process (PID=78522) to work on /opt/airflow/dags/dag_silver_order_items_train_enriched.py
[2026-06-11T23:58:58.156+0000] {processor.py:914} INFO - Processing file /opt/airflow/dags/dag_silver_order_items_train_enriched.py for tasks to queue
[2026-06-11T23:58:58.165+0000] {logging_mixin.py:190} INFO - [2026-06-11T23:58:58.163+0000] {dagbag.py:588} INFO - Filling up the DagBag from /opt/airflow/dags/dag_silver_order_items_train_enriched.py
[2026-06-11T23:58:58.177+0000] {processor.py:925} INFO - DAG(s) 'dag_silver_order_items_train_enriched' retrieved from /opt/airflow/dags/dag_silver_order_items_train_enriched.py
[2026-06-11T23:58:58.208+0000] {logging_mixin.py:190} INFO - [2026-06-11T23:58:58.208+0000] {dag.py:3239} INFO - Sync 1 DAGs
[2026-06-11T23:58:58.223+0000] {logging_mixin.py:190} INFO - [2026-06-11T23:58:58.222+0000] {dag.py:4180} INFO - Setting next_dagrun for dag_silver_order_items_train_enriched to None, run_after=None
[2026-06-11T23:58:58.267+0000] {processor.py:208} INFO - Processing /opt/airflow/dags/dag_silver_order_items_train_enriched.py took 0.122 seconds
[2026-06-11T23:59:28.951+0000] {processor.py:186} INFO - Started process (PID=78642) to work on /opt/airflow/dags/dag_silver_order_items_train_enriched.py
[2026-06-11T23:59:28.958+0000] {processor.py:914} INFO - Processing file /opt/airflow/dags/dag_silver_order_items_train_enriched.py for tasks to queue
[2026-06-11T23:59:28.961+0000] {logging_mixin.py:190} INFO - [2026-06-11T23:59:28.960+0000] {dagbag.py:588} INFO - Filling up the DagBag from /opt/airflow/dags/dag_silver_order_items_train_enriched.py
[2026-06-11T23:59:28.970+0000] {processor.py:925} INFO - DAG(s) 'dag_silver_order_items_train_enriched' retrieved from /opt/airflow/dags/dag_silver_order_items_train_enriched.py
[2026-06-11T23:59:29.003+0000] {logging_mixin.py:190} INFO - [2026-06-11T23:59:29.003+0000] {dag.py:3239} INFO - Sync 1 DAGs
[2026-06-11T23:59:29.018+0000] {logging_mixin.py:190} INFO - [2026-06-11T23:59:29.018+0000] {dag.py:4180} INFO - Setting next_dagrun for dag_silver_order_items_train_enriched to None, run_after=None
[2026-06-11T23:59:29.039+0000] {processor.py:208} INFO - Processing /opt/airflow/dags/dag_silver_order_items_train_enriched.py took 0.095 seconds
[2026-06-11T23:59:59.741+0000] {processor.py:186} INFO - Started process (PID=78762) to work on /opt/airflow/dags/dag_silver_order_items_train_enriched.py
[2026-06-11T23:59:59.745+0000] {processor.py:914} INFO - Processing file /opt/airflow/dags/dag_silver_order_items_train_enriched.py for tasks to queue
[2026-06-11T23:59:59.747+0000] {logging_mixin.py:190} INFO - [2026-06-11T23:59:59.747+0000] {dagbag.py:588} INFO - Filling up the DagBag from /opt/airflow/dags/dag_silver_order_items_train_enriched.py
[2026-06-11T23:59:59.754+0000] {processor.py:925} INFO - DAG(s) 'dag_silver_order_items_train_enriched' retrieved from /opt/airflow/dags/dag_silver_order_items_train_enriched.py
[2026-06-11T23:59:59.783+0000] {logging_mixin.py:190} INFO - [2026-06-11T23:59:59.783+0000] {dag.py:3239} INFO - Sync 1 DAGs
[2026-06-11T23:59:59.798+0000] {logging_mixin.py:190} INFO - [2026-06-11T23:59:59.798+0000] {dag.py:4180} INFO - Setting next_dagrun for dag_silver_order_items_train_enriched to None, run_after=None
[2026-06-11T23:59:59.847+0000] {processor.py:208} INFO - Processing /opt/airflow/dags/dag_silver_order_items_train_enriched.py took 0.112 seconds
