[2026-04-15T14:40:12.165+0000] {local_task_job_runner.py:123} INFO - ::group::Pre task execution logs
[2026-04-15T14:40:12.191+0000] {taskinstance.py:2614} INFO - Dependencies all met for dep_context=non-requeueable deps ti=<TaskInstance: dag_ingest_instacart_local.show_ingestion_context manual__2026-04-15T12:18:20.526629+00:00 [queued]>
[2026-04-15T14:40:12.201+0000] {taskinstance.py:2614} INFO - Dependencies all met for dep_context=requeueable deps ti=<TaskInstance: dag_ingest_instacart_local.show_ingestion_context manual__2026-04-15T12:18:20.526629+00:00 [queued]>
[2026-04-15T14:40:12.202+0000] {taskinstance.py:2867} INFO - Starting attempt 5 of 5
[2026-04-15T14:40:12.238+0000] {taskinstance.py:2890} INFO - Executing <Task(PythonOperator): show_ingestion_context> on 2026-04-15 12:18:20.526629+00:00
[2026-04-15T14:40:12.248+0000] {standard_task_runner.py:104} INFO - Running: ['***', 'tasks', 'run', 'dag_ingest_instacart_local', 'show_ingestion_context', 'manual__2026-04-15T12:18:20.526629+00:00', '--job-id', '17', '--raw', '--subdir', 'DAGS_FOLDER/dag_ingest_instacart_local.py', '--cfg-path', '/tmp/tmp1eb_qr16']
[2026-04-15T14:40:12.251+0000] {standard_task_runner.py:105} INFO - Job 17: Subtask show_ingestion_context
[2026-04-15T14:40:12.251+0000] {logging_mixin.py:190} WARNING - /home/***/.local/lib/python3.12/site-packages/***/task/task_runner/standard_task_runner.py:70 DeprecationWarning: This process (pid=1224) is multi-threaded, use of fork() may lead to deadlocks in the child.
[2026-04-15T14:40:12.252+0000] {standard_task_runner.py:72} INFO - Started process 1225 to run task
[2026-04-15T14:40:12.308+0000] {task_command.py:467} INFO - Running <TaskInstance: dag_ingest_instacart_local.show_ingestion_context manual__2026-04-15T12:18:20.526629+00:00 [running]> on host 50721406c030
[2026-04-15T14:40:12.425+0000] {taskinstance.py:3134} INFO - Exporting env vars: AIRFLOW_CTX_DAG_OWNER='***' AIRFLOW_CTX_DAG_ID='dag_ingest_instacart_local' AIRFLOW_CTX_TASK_ID='show_ingestion_context' AIRFLOW_CTX_EXECUTION_DATE='2026-04-15T12:18:20.526629+00:00' AIRFLOW_CTX_TRY_NUMBER='5' AIRFLOW_CTX_DAG_RUN_ID='manual__2026-04-15T12:18:20.526629+00:00'
[2026-04-15T14:40:12.425+0000] {taskinstance.py:732} INFO - ::endgroup::
[2026-04-15T14:40:12.440+0000] {logging_mixin.py:190} INFO - ==================================================
[2026-04-15T14:40:12.440+0000] {logging_mixin.py:190} INFO - Retail Lakehouse - DAG de ingestão local
[2026-04-15T14:40:12.440+0000] {logging_mixin.py:190} INFO - Objetivo: copiar o dataset Instacart para a camada raw local
[2026-04-15T14:40:12.441+0000] {logging_mixin.py:190} INFO - LOCAL_SOURCE_INSTACART_DIR=./data/source/instacart
[2026-04-15T14:40:12.441+0000] {logging_mixin.py:190} INFO - LOCAL_RAW_DIR=./data/raw
[2026-04-15T14:40:12.441+0000] {logging_mixin.py:190} INFO - ==================================================
[2026-04-15T14:40:12.441+0000] {python.py:240} INFO - Done. Returned value was: None
[2026-04-15T14:40:12.453+0000] {taskinstance.py:341} INFO - ::group::Post task execution logs
[2026-04-15T14:40:12.454+0000] {taskinstance.py:353} INFO - Marking task as SUCCESS. dag_id=dag_ingest_instacart_local, task_id=show_ingestion_context, run_id=manual__2026-04-15T12:18:20.526629+00:00, execution_date=20260415T121820, start_date=20260415T144012, end_date=20260415T144012
[2026-04-15T14:40:12.506+0000] {local_task_job_runner.py:266} INFO - Task exited with return code 0
[2026-04-15T14:40:12.538+0000] {taskinstance.py:3901} INFO - 1 downstream tasks scheduled from follow-on schedule check
[2026-04-15T14:40:12.574+0000] {local_task_job_runner.py:245} INFO - ::endgroup::
