[2026-04-15T14:38:38.966+0000] {local_task_job_runner.py:123} INFO - ::group::Pre task execution logs
[2026-04-15T14:38:39.056+0000] {taskinstance.py:2614} INFO - Dependencies all met for dep_context=non-requeueable deps ti=<TaskInstance: dag_ingest_instacart_local.show_ingestion_context manual__2026-04-15T12:18:20.526629+00:00 [queued]>
[2026-04-15T14:38:39.075+0000] {taskinstance.py:2614} INFO - Dependencies all met for dep_context=requeueable deps ti=<TaskInstance: dag_ingest_instacart_local.show_ingestion_context manual__2026-04-15T12:18:20.526629+00:00 [queued]>
[2026-04-15T14:38:39.075+0000] {taskinstance.py:2867} INFO - Starting attempt 2 of 2
[2026-04-15T14:38:39.101+0000] {taskinstance.py:2890} INFO - Executing <Task(PythonOperator): show_ingestion_context> on 2026-04-15 12:18:20.526629+00:00
[2026-04-15T14:38:39.128+0000] {standard_task_runner.py:104} INFO - Running: ['***', 'tasks', 'run', 'dag_ingest_instacart_local', 'show_ingestion_context', 'manual__2026-04-15T12:18:20.526629+00:00', '--job-id', '11', '--raw', '--subdir', 'DAGS_FOLDER/dag_ingest_instacart_local.py', '--cfg-path', '/tmp/tmpdlp0hxw6']
[2026-04-15T14:38:39.133+0000] {standard_task_runner.py:105} INFO - Job 11: Subtask show_ingestion_context
[2026-04-15T14:38:39.133+0000] {logging_mixin.py:190} WARNING - /home/***/.local/lib/python3.12/site-packages/***/task/task_runner/standard_task_runner.py:70 DeprecationWarning: This process (pid=1146) is multi-threaded, use of fork() may lead to deadlocks in the child.
[2026-04-15T14:38:39.142+0000] {standard_task_runner.py:72} INFO - Started process 1156 to run task
[2026-04-15T14:38:39.239+0000] {task_command.py:467} INFO - Running <TaskInstance: dag_ingest_instacart_local.show_ingestion_context manual__2026-04-15T12:18:20.526629+00:00 [running]> on host 50721406c030
[2026-04-15T14:38:39.420+0000] {taskinstance.py:3134} INFO - Exporting env vars: AIRFLOW_CTX_DAG_OWNER='***' AIRFLOW_CTX_DAG_ID='dag_ingest_instacart_local' AIRFLOW_CTX_TASK_ID='show_ingestion_context' AIRFLOW_CTX_EXECUTION_DATE='2026-04-15T12:18:20.526629+00:00' AIRFLOW_CTX_TRY_NUMBER='2' AIRFLOW_CTX_DAG_RUN_ID='manual__2026-04-15T12:18:20.526629+00:00'
[2026-04-15T14:38:39.420+0000] {taskinstance.py:732} INFO - ::endgroup::
[2026-04-15T14:38:39.439+0000] {logging_mixin.py:190} INFO - ==================================================
[2026-04-15T14:38:39.439+0000] {logging_mixin.py:190} INFO - Retail Lakehouse - DAG de ingestão local
[2026-04-15T14:38:39.440+0000] {logging_mixin.py:190} INFO - Objetivo: copiar o dataset Instacart para a camada raw local
[2026-04-15T14:38:39.440+0000] {logging_mixin.py:190} INFO - LOCAL_SOURCE_INSTACART_DIR=./data/source/instacart
[2026-04-15T14:38:39.440+0000] {logging_mixin.py:190} INFO - LOCAL_RAW_DIR=./data/raw
[2026-04-15T14:38:39.440+0000] {logging_mixin.py:190} INFO - ==================================================
[2026-04-15T14:38:39.440+0000] {python.py:240} INFO - Done. Returned value was: None
[2026-04-15T14:38:39.458+0000] {taskinstance.py:341} INFO - ::group::Post task execution logs
[2026-04-15T14:38:39.459+0000] {taskinstance.py:353} INFO - Marking task as SUCCESS. dag_id=dag_ingest_instacart_local, task_id=show_ingestion_context, run_id=manual__2026-04-15T12:18:20.526629+00:00, execution_date=20260415T121820, start_date=20260415T143839, end_date=20260415T143839
[2026-04-15T14:38:39.540+0000] {local_task_job_runner.py:266} INFO - Task exited with return code 0
[2026-04-15T14:38:39.573+0000] {taskinstance.py:3901} INFO - 1 downstream tasks scheduled from follow-on schedule check
[2026-04-15T14:38:39.591+0000] {local_task_job_runner.py:245} INFO - ::endgroup::
