[2026-06-06T17:45:33.608+0000] {local_task_job_runner.py:123} INFO - ::group::Pre task execution logs
[2026-06-06T17:45:33.634+0000] {taskinstance.py:2614} INFO - Dependencies all met for dep_context=non-requeueable deps ti=<TaskInstance: dag_silver_order_items_prior_enriched.run_silver_order_items_prior_enriched manual__2026-06-06T17:45:29.939917+00:00 [queued]>
[2026-06-06T17:45:33.646+0000] {taskinstance.py:2614} INFO - Dependencies all met for dep_context=requeueable deps ti=<TaskInstance: dag_silver_order_items_prior_enriched.run_silver_order_items_prior_enriched manual__2026-06-06T17:45:29.939917+00:00 [queued]>
[2026-06-06T17:45:33.646+0000] {taskinstance.py:2867} INFO - Starting attempt 1 of 1
[2026-06-06T17:45:33.692+0000] {taskinstance.py:2890} INFO - Executing <Task(BashOperator): run_silver_order_items_prior_enriched> on 2026-06-06 17:45:29.939917+00:00
[2026-06-06T17:45:33.701+0000] {standard_task_runner.py:104} INFO - Running: ['***', 'tasks', 'run', 'dag_silver_order_items_prior_enriched', 'run_silver_order_items_prior_enriched', 'manual__2026-06-06T17:45:29.939917+00:00', '--job-id', '161', '--raw', '--subdir', 'DAGS_FOLDER/dag_silver_order_items_prior_enriched.py', '--cfg-path', '/tmp/tmp28w7na6_']
[2026-06-06T17:45:33.704+0000] {standard_task_runner.py:105} INFO - Job 161: Subtask run_silver_order_items_prior_enriched
[2026-06-06T17:45:33.707+0000] {logging_mixin.py:190} WARNING - /home/***/.local/lib/python3.12/site-packages/***/task/task_runner/standard_task_runner.py:70 DeprecationWarning: This process (pid=644) is multi-threaded, use of fork() may lead to deadlocks in the child.
[2026-06-06T17:45:33.710+0000] {standard_task_runner.py:72} INFO - Started process 645 to run task
[2026-06-06T17:45:33.782+0000] {task_command.py:467} INFO - Running <TaskInstance: dag_silver_order_items_prior_enriched.run_silver_order_items_prior_enriched manual__2026-06-06T17:45:29.939917+00:00 [running]> on host 70c63de930a7
[2026-06-06T17:45:33.878+0000] {taskinstance.py:3134} INFO - Exporting env vars: AIRFLOW_CTX_DAG_OWNER='***' AIRFLOW_CTX_DAG_ID='dag_silver_order_items_prior_enriched' AIRFLOW_CTX_TASK_ID='run_silver_order_items_prior_enriched' AIRFLOW_CTX_EXECUTION_DATE='2026-06-06T17:45:29.939917+00:00' AIRFLOW_CTX_TRY_NUMBER='1' AIRFLOW_CTX_DAG_RUN_ID='manual__2026-06-06T17:45:29.939917+00:00'
[2026-06-06T17:45:33.879+0000] {taskinstance.py:732} INFO - ::endgroup::
[2026-06-06T17:45:33.892+0000] {subprocess.py:78} INFO - Tmp dir root location: /tmp
[2026-06-06T17:45:33.892+0000] {subprocess.py:88} INFO - Running command: ['/usr/bin/bash', '-c', 'docker exec retail_lakehouse_spark /opt/spark/bin/spark-submit --master local[*] /opt/spark-apps/jobs/silver/silver_order_items_prior_enriched.py']
[2026-06-06T17:45:33.907+0000] {subprocess.py:99} INFO - Output:
[2026-06-06T17:45:37.864+0000] {subprocess.py:106} INFO - ==================================================
[2026-06-06T17:45:37.864+0000] {subprocess.py:106} INFO - Retail Lakehouse - Silver de order_items_prior_enriched
[2026-06-06T17:45:37.864+0000] {subprocess.py:106} INFO - ==================================================
[2026-06-06T17:45:37.940+0000] {subprocess.py:106} INFO - 26/06/06 17:45:37 INFO SparkContext: Running Spark version 3.5.1
[2026-06-06T17:45:37.942+0000] {subprocess.py:106} INFO - 26/06/06 17:45:37 INFO SparkContext: OS info Linux, 6.17.9-76061709-generic, amd64
[2026-06-06T17:45:37.943+0000] {subprocess.py:106} INFO - 26/06/06 17:45:37 INFO SparkContext: Java version 11.0.22
[2026-06-06T17:45:38.029+0000] {subprocess.py:106} INFO - 26/06/06 17:45:38 WARN NativeCodeLoader: Unable to load native-hadoop library for your platform... using builtin-java classes where applicable
[2026-06-06T17:45:38.138+0000] {subprocess.py:106} INFO - 26/06/06 17:45:38 INFO ResourceUtils: ==============================================================
[2026-06-06T17:45:38.139+0000] {subprocess.py:106} INFO - 26/06/06 17:45:38 INFO ResourceUtils: No custom resources configured for spark.driver.
[2026-06-06T17:45:38.139+0000] {subprocess.py:106} INFO - 26/06/06 17:45:38 INFO ResourceUtils: ==============================================================
[2026-06-06T17:45:38.139+0000] {subprocess.py:106} INFO - 26/06/06 17:45:38 INFO SparkContext: Submitted application: retail-lakehouse-silver-order-items-prior-enriched
[2026-06-06T17:45:38.165+0000] {subprocess.py:106} INFO - 26/06/06 17:45:38 INFO ResourceProfile: Default ResourceProfile created, executor resources: Map(cores -> name: cores, amount: 1, script: , vendor: , memory -> name: memory, amount: 1024, script: , vendor: , offHeap -> name: offHeap, amount: 0, script: , vendor: ), task resources: Map(cpus -> name: cpus, amount: 1.0)
[2026-06-06T17:45:38.177+0000] {subprocess.py:106} INFO - 26/06/06 17:45:38 INFO ResourceProfile: Limiting resource is cpu
[2026-06-06T17:45:38.177+0000] {subprocess.py:106} INFO - 26/06/06 17:45:38 INFO ResourceProfileManager: Added ResourceProfile id: 0
[2026-06-06T17:45:38.252+0000] {subprocess.py:106} INFO - 26/06/06 17:45:38 INFO SecurityManager: Changing view acls to: spark
[2026-06-06T17:45:38.252+0000] {subprocess.py:106} INFO - 26/06/06 17:45:38 INFO SecurityManager: Changing modify acls to: spark
[2026-06-06T17:45:38.253+0000] {subprocess.py:106} INFO - 26/06/06 17:45:38 INFO SecurityManager: Changing view acls groups to:
[2026-06-06T17:45:38.253+0000] {subprocess.py:106} INFO - 26/06/06 17:45:38 INFO SecurityManager: Changing modify acls groups to:
[2026-06-06T17:45:38.254+0000] {subprocess.py:106} INFO - 26/06/06 17:45:38 INFO SecurityManager: SecurityManager: authentication disabled; ui acls disabled; users with view permissions: spark; groups with view permissions: EMPTY; users with modify permissions: spark; groups with modify permissions: EMPTY
[2026-06-06T17:45:38.542+0000] {subprocess.py:106} INFO - 26/06/06 17:45:38 INFO Utils: Successfully started service 'sparkDriver' on port 34141.
[2026-06-06T17:45:38.579+0000] {subprocess.py:106} INFO - 26/06/06 17:45:38 INFO SparkEnv: Registering MapOutputTracker
[2026-06-06T17:45:38.621+0000] {subprocess.py:106} INFO - 26/06/06 17:45:38 INFO SparkEnv: Registering BlockManagerMaster
[2026-06-06T17:45:38.648+0000] {subprocess.py:106} INFO - 26/06/06 17:45:38 INFO BlockManagerMasterEndpoint: Using org.apache.spark.storage.DefaultTopologyMapper for getting topology information
[2026-06-06T17:45:38.649+0000] {subprocess.py:106} INFO - 26/06/06 17:45:38 INFO BlockManagerMasterEndpoint: BlockManagerMasterEndpoint up
[2026-06-06T17:45:38.652+0000] {subprocess.py:106} INFO - 26/06/06 17:45:38 INFO SparkEnv: Registering BlockManagerMasterHeartbeat
[2026-06-06T17:45:38.699+0000] {subprocess.py:106} INFO - 26/06/06 17:45:38 INFO DiskBlockManager: Created local directory at /tmp/blockmgr-2f8539fe-755e-4b83-be06-297f110ec7cc
[2026-06-06T17:45:38.726+0000] {subprocess.py:106} INFO - 26/06/06 17:45:38 INFO MemoryStore: MemoryStore started with capacity 434.4 MiB
[2026-06-06T17:45:38.751+0000] {subprocess.py:106} INFO - 26/06/06 17:45:38 INFO SparkEnv: Registering OutputCommitCoordinator
[2026-06-06T17:45:39.010+0000] {subprocess.py:106} INFO - 26/06/06 17:45:39 INFO JettyUtils: Start Jetty 0.0.0.0:4040 for SparkUI
[2026-06-06T17:45:39.097+0000] {subprocess.py:106} INFO - 26/06/06 17:45:39 INFO Utils: Successfully started service 'SparkUI' on port 4040.
[2026-06-06T17:45:39.211+0000] {subprocess.py:106} INFO - 26/06/06 17:45:39 INFO Executor: Starting executor ID driver on host 28710f807ffb
[2026-06-06T17:45:39.212+0000] {subprocess.py:106} INFO - 26/06/06 17:45:39 INFO Executor: OS info Linux, 6.17.9-76061709-generic, amd64
[2026-06-06T17:45:39.212+0000] {subprocess.py:106} INFO - 26/06/06 17:45:39 INFO Executor: Java version 11.0.22
[2026-06-06T17:45:39.220+0000] {subprocess.py:106} INFO - 26/06/06 17:45:39 INFO Executor: Starting executor with user classpath (userClassPathFirst = false): ''
[2026-06-06T17:45:39.220+0000] {subprocess.py:106} INFO - 26/06/06 17:45:39 INFO Executor: Created or updated repl class loader org.apache.spark.util.MutableURLClassLoader@761a6d2e for default.
[2026-06-06T17:45:39.244+0000] {subprocess.py:106} INFO - 26/06/06 17:45:39 INFO Utils: Successfully started service 'org.apache.spark.network.netty.NettyBlockTransferService' on port 36679.
[2026-06-06T17:45:39.245+0000] {subprocess.py:106} INFO - 26/06/06 17:45:39 INFO NettyBlockTransferService: Server created on 28710f807ffb:36679
[2026-06-06T17:45:39.247+0000] {subprocess.py:106} INFO - 26/06/06 17:45:39 INFO BlockManager: Using org.apache.spark.storage.RandomBlockReplicationPolicy for block replication policy
[2026-06-06T17:45:39.255+0000] {subprocess.py:106} INFO - 26/06/06 17:45:39 INFO BlockManagerMaster: Registering BlockManager BlockManagerId(driver, 28710f807ffb, 36679, None)
[2026-06-06T17:45:39.259+0000] {subprocess.py:106} INFO - 26/06/06 17:45:39 INFO BlockManagerMasterEndpoint: Registering block manager 28710f807ffb:36679 with 434.4 MiB RAM, BlockManagerId(driver, 28710f807ffb, 36679, None)
[2026-06-06T17:45:39.261+0000] {subprocess.py:106} INFO - 26/06/06 17:45:39 INFO BlockManagerMaster: Registered BlockManager BlockManagerId(driver, 28710f807ffb, 36679, None)
[2026-06-06T17:45:39.262+0000] {subprocess.py:106} INFO - 26/06/06 17:45:39 INFO BlockManager: Initialized BlockManager: BlockManagerId(driver, 28710f807ffb, 36679, None)
[2026-06-06T17:45:39.731+0000] {subprocess.py:106} INFO - ==================================================
[2026-06-06T17:45:39.731+0000] {subprocess.py:106} INFO - Leitura do dataset: order_products_prior
[2026-06-06T17:45:39.732+0000] {subprocess.py:106} INFO - ==================================================
[2026-06-06T17:45:39.732+0000] {subprocess.py:106} INFO - Diretório de entrada: /data/bronze/instacart/order_products_prior/ingestion_date=2026-04-15
[2026-06-06T17:45:43.435+0000] {subprocess.py:106} INFO - Schema do dataset order_products_prior:
[2026-06-06T17:45:43.453+0000] {subprocess.py:106} INFO - root
[2026-06-06T17:45:43.454+0000] {subprocess.py:106} INFO -  |-- order_id: integer (nullable = true)
[2026-06-06T17:45:43.454+0000] {subprocess.py:106} INFO -  |-- product_id: integer (nullable = true)
[2026-06-06T17:45:43.454+0000] {subprocess.py:106} INFO -  |-- add_to_cart_order: integer (nullable = true)
[2026-06-06T17:45:43.454+0000] {subprocess.py:106} INFO -  |-- reordered: integer (nullable = true)
[2026-06-06T17:45:43.455+0000] {subprocess.py:106} INFO -  |-- source_file_name: string (nullable = true)
[2026-06-06T17:45:43.455+0000] {subprocess.py:106} INFO -  |-- raw_ingestion_date: string (nullable = true)
[2026-06-06T17:45:43.455+0000] {subprocess.py:106} INFO -  |-- bronze_processed_at: timestamp (nullable = true)
[2026-06-06T17:45:43.456+0000] {subprocess.py:106} INFO - 
[2026-06-06T17:45:43.456+0000] {subprocess.py:106} INFO - ==================================================
[2026-06-06T17:45:43.456+0000] {subprocess.py:106} INFO - Leitura do dataset: orders_clean
[2026-06-06T17:45:43.456+0000] {subprocess.py:106} INFO - ==================================================
[2026-06-06T17:45:43.456+0000] {subprocess.py:106} INFO - Diretório de entrada: /data/silver/instacart/orders_clean/ingestion_date=2026-04-15
[2026-06-06T17:45:43.630+0000] {subprocess.py:106} INFO - Schema do dataset orders_clean:
[2026-06-06T17:45:43.630+0000] {subprocess.py:106} INFO - root
[2026-06-06T17:45:43.630+0000] {subprocess.py:106} INFO -  |-- order_id: integer (nullable = true)
[2026-06-06T17:45:43.631+0000] {subprocess.py:106} INFO -  |-- user_id: integer (nullable = true)
[2026-06-06T17:45:43.631+0000] {subprocess.py:106} INFO -  |-- eval_set: string (nullable = true)
[2026-06-06T17:45:43.631+0000] {subprocess.py:106} INFO -  |-- order_number: integer (nullable = true)
[2026-06-06T17:45:43.631+0000] {subprocess.py:106} INFO -  |-- order_dow: integer (nullable = true)
[2026-06-06T17:45:43.631+0000] {subprocess.py:106} INFO -  |-- order_hour_of_day: integer (nullable = true)
[2026-06-06T17:45:43.631+0000] {subprocess.py:106} INFO -  |-- days_since_prior_order: double (nullable = true)
[2026-06-06T17:45:43.632+0000] {subprocess.py:106} INFO -  |-- bronze_raw_ingestion_date: string (nullable = true)
[2026-06-06T17:45:43.632+0000] {subprocess.py:106} INFO -  |-- is_first_order: boolean (nullable = true)
[2026-06-06T17:45:43.632+0000] {subprocess.py:106} INFO -  |-- silver_processed_at: timestamp (nullable = true)
[2026-06-06T17:45:43.632+0000] {subprocess.py:106} INFO - 
[2026-06-06T17:45:43.632+0000] {subprocess.py:106} INFO - ==================================================
[2026-06-06T17:45:43.632+0000] {subprocess.py:106} INFO - Leitura do dataset: products_enriched
[2026-06-06T17:45:43.632+0000] {subprocess.py:106} INFO - ==================================================
[2026-06-06T17:45:43.633+0000] {subprocess.py:106} INFO - Diretório de entrada: /data/silver/instacart/products_enriched/ingestion_date=2026-04-15
[2026-06-06T17:45:43.817+0000] {subprocess.py:106} INFO - Schema do dataset products_enriched:
[2026-06-06T17:45:43.818+0000] {subprocess.py:106} INFO - root
[2026-06-06T17:45:43.818+0000] {subprocess.py:106} INFO -  |-- product_id: integer (nullable = true)
[2026-06-06T17:45:43.818+0000] {subprocess.py:106} INFO -  |-- product_name: string (nullable = true)
[2026-06-06T17:45:43.819+0000] {subprocess.py:106} INFO -  |-- aisle_id: integer (nullable = true)
[2026-06-06T17:45:43.819+0000] {subprocess.py:106} INFO -  |-- aisle: string (nullable = true)
[2026-06-06T17:45:43.819+0000] {subprocess.py:106} INFO -  |-- department_id: integer (nullable = true)
[2026-06-06T17:45:43.819+0000] {subprocess.py:106} INFO -  |-- department: string (nullable = true)
[2026-06-06T17:45:43.819+0000] {subprocess.py:106} INFO -  |-- bronze_raw_ingestion_date: string (nullable = true)
[2026-06-06T17:45:43.819+0000] {subprocess.py:106} INFO -  |-- silver_processed_at: timestamp (nullable = true)
[2026-06-06T17:45:43.819+0000] {subprocess.py:106} INFO - 
[2026-06-06T17:45:43.820+0000] {subprocess.py:106} INFO - ==================================================
[2026-06-06T17:45:43.820+0000] {subprocess.py:106} INFO - Transformação Silver de order_items_prior_enriched
[2026-06-06T17:45:43.820+0000] {subprocess.py:106} INFO - ==================================================
[2026-06-06T17:45:44.083+0000] {subprocess.py:106} INFO - Schema após enriquecimento Silver:
[2026-06-06T17:45:44.083+0000] {subprocess.py:106} INFO - root
[2026-06-06T17:45:44.084+0000] {subprocess.py:106} INFO -  |-- order_id: integer (nullable = true)
[2026-06-06T17:45:44.084+0000] {subprocess.py:106} INFO -  |-- product_id: integer (nullable = true)
[2026-06-06T17:45:44.084+0000] {subprocess.py:106} INFO -  |-- add_to_cart_order: integer (nullable = true)
[2026-06-06T17:45:44.084+0000] {subprocess.py:106} INFO -  |-- reordered: integer (nullable = true)
[2026-06-06T17:45:44.084+0000] {subprocess.py:106} INFO -  |-- user_id: integer (nullable = true)
[2026-06-06T17:45:44.084+0000] {subprocess.py:106} INFO -  |-- eval_set: string (nullable = true)
[2026-06-06T17:45:44.085+0000] {subprocess.py:106} INFO -  |-- order_number: integer (nullable = true)
[2026-06-06T17:45:44.085+0000] {subprocess.py:106} INFO -  |-- order_dow: integer (nullable = true)
[2026-06-06T17:45:44.085+0000] {subprocess.py:106} INFO -  |-- order_hour_of_day: integer (nullable = true)
[2026-06-06T17:45:44.085+0000] {subprocess.py:106} INFO -  |-- days_since_prior_order: double (nullable = true)
[2026-06-06T17:45:44.085+0000] {subprocess.py:106} INFO -  |-- is_first_order: boolean (nullable = true)
[2026-06-06T17:45:44.085+0000] {subprocess.py:106} INFO -  |-- product_name: string (nullable = true)
[2026-06-06T17:45:44.085+0000] {subprocess.py:106} INFO -  |-- aisle_id: integer (nullable = true)
[2026-06-06T17:45:44.086+0000] {subprocess.py:106} INFO -  |-- aisle: string (nullable = true)
[2026-06-06T17:45:44.086+0000] {subprocess.py:106} INFO -  |-- department_id: integer (nullable = true)
[2026-06-06T17:45:44.086+0000] {subprocess.py:106} INFO -  |-- department: string (nullable = true)
[2026-06-06T17:45:44.086+0000] {subprocess.py:106} INFO -  |-- bronze_raw_ingestion_date: string (nullable = true)
[2026-06-06T17:45:44.086+0000] {subprocess.py:106} INFO -  |-- silver_processed_at: timestamp (nullable = false)
[2026-06-06T17:45:44.086+0000] {subprocess.py:106} INFO - 
[2026-06-06T17:45:44.086+0000] {subprocess.py:106} INFO - ==================================================
[2026-06-06T17:45:44.087+0000] {subprocess.py:106} INFO - Escrita da Silver de order_items_prior_enriched
[2026-06-06T17:45:44.087+0000] {subprocess.py:106} INFO - ==================================================
[2026-06-06T17:45:44.087+0000] {subprocess.py:106} INFO - Diretório de saída: /data/silver/instacart/order_items_prior_enriched/ingestion_date=2026-04-15
[2026-06-06T17:46:02.488+0000] {subprocess.py:106} INFO - [27.778s][warning][gc,alloc] Executor task launch worker for task 1.0 in stage 8.0 (TID 14): Retried waiting for GCLocker too often allocating 524290 words
[2026-06-06T17:46:02.675+0000] {subprocess.py:106} INFO - 26/06/06 17:46:02 WARN TaskMemoryManager: Failed to allocate a page (4194304 bytes), try again.
[2026-06-06T17:46:56.662+0000] {job.py:229} INFO - Heartbeat recovered after 11.70 seconds
[2026-06-06T17:47:01.029+0000] {subprocess.py:106} INFO - [OK] Silver de order_items_prior_enriched escrita com sucesso em Parquet.
[2026-06-06T17:47:01.029+0000] {subprocess.py:106} INFO - ==================================================
[2026-06-06T17:47:01.029+0000] {subprocess.py:106} INFO - Resumo da Silver de order_items_prior_enriched
[2026-06-06T17:47:01.029+0000] {subprocess.py:106} INFO - ==================================================
[2026-06-06T17:47:02.315+0000] {job.py:229} INFO - Heartbeat recovered after 11.05 seconds
[2026-06-06T17:47:04.870+0000] {subprocess.py:106} INFO - Total de registros: 32434489
[2026-06-06T17:47:04.871+0000] {subprocess.py:106} INFO - Diretório final: /data/silver/instacart/order_items_prior_enriched/ingestion_date=2026-04-15
[2026-06-06T17:47:04.871+0000] {subprocess.py:106} INFO - Prévia dos dados:
[2026-06-06T17:47:29.499+0000] {job.py:229} INFO - Heartbeat recovered after 16.64 seconds
[2026-06-06T17:47:34.774+0000] {job.py:229} INFO - Heartbeat recovered after 16.81 seconds
[2026-06-06T17:47:43.244+0000] {subprocess.py:106} INFO - +--------+----------+-----------------+---------+-------+--------+------------+---------+-----------------+----------------------+--------------+------------------------------------+--------+--------------------------+-------------+------------+-------------------------+--------------------------+
[2026-06-06T17:47:43.244+0000] {subprocess.py:106} INFO - |order_id|product_id|add_to_cart_order|reordered|user_id|eval_set|order_number|order_dow|order_hour_of_day|days_since_prior_order|is_first_order|product_name                        |aisle_id|aisle                     |department_id|department  |bronze_raw_ingestion_date|silver_processed_at       |
[2026-06-06T17:47:43.245+0000] {subprocess.py:106} INFO - +--------+----------+-----------------+---------+-------+--------+------------+---------+-----------------+----------------------+--------------+------------------------------------+--------+--------------------------+-------------+------------+-------------------------+--------------------------+
[2026-06-06T17:47:43.245+0000] {subprocess.py:106} INFO - |26      |35951     |1                |0        |153404 |prior   |2           |0        |16               |7.0                   |false         |Organic Unsweetened Almond Milk     |91      |soy lactosefree           |16           |dairy eggs  |2026-04-15               |2026-06-06 17:47:05.257839|
[2026-06-06T17:47:43.245+0000] {subprocess.py:106} INFO - |26      |24852     |2                |1        |153404 |prior   |2           |0        |16               |7.0                   |false         |Banana                              |24      |fresh fruits              |4            |produce     |2026-04-15               |2026-06-06 17:47:05.257839|
[2026-06-06T17:47:43.245+0000] {subprocess.py:106} INFO - |26      |46206     |3                |0        |153404 |prior   |2           |0        |16               |7.0                   |false         |Red Grapefruit                      |24      |fresh fruits              |4            |produce     |2026-04-15               |2026-06-06 17:47:05.257839|
[2026-06-06T17:47:43.245+0000] {subprocess.py:106} INFO - |26      |25890     |4                |0        |153404 |prior   |2           |0        |16               |7.0                   |false         |Boneless Skinless Chicken Breasts   |49      |packaged poultry          |12           |meat seafood|2026-04-15               |2026-06-06 17:47:05.257839|
[2026-06-06T17:47:43.246+0000] {subprocess.py:106} INFO - |26      |33120     |5                |0        |153404 |prior   |2           |0        |16               |7.0                   |false         |Organic Egg Whites                  |86      |eggs                      |16           |dairy eggs  |2026-04-15               |2026-06-06 17:47:05.257839|
[2026-06-06T17:47:43.246+0000] {subprocess.py:106} INFO - |26      |21903     |6                |0        |153404 |prior   |2           |0        |16               |7.0                   |false         |Organic Baby Spinach                |123     |packaged vegetables fruits|4            |produce     |2026-04-15               |2026-06-06 17:47:05.257839|
[2026-06-06T17:47:43.246+0000] {subprocess.py:106} INFO - |26      |40545     |7                |0        |153404 |prior   |2           |0        |16               |7.0                   |false         |Berry Medley                        |116     |frozen produce            |1            |frozen      |2026-04-15               |2026-06-06 17:47:05.257839|
[2026-06-06T17:47:43.246+0000] {subprocess.py:106} INFO - |26      |47766     |8                |1        |153404 |prior   |2           |0        |16               |7.0                   |false         |Organic Avocado                     |24      |fresh fruits              |4            |produce     |2026-04-15               |2026-06-06 17:47:05.257839|
[2026-06-06T17:47:43.246+0000] {subprocess.py:106} INFO - |27      |13176     |1                |1        |129389 |prior   |16          |6        |20               |14.0                  |false         |Bag of Organic Bananas              |24      |fresh fruits              |4            |produce     |2026-04-15               |2026-06-06 17:47:05.257839|
[2026-06-06T17:47:43.247+0000] {subprocess.py:106} INFO - |27      |30442     |2                |1        |129389 |prior   |16          |6        |20               |14.0                  |false         |Low Fat Vanilla Yogurt              |120     |yogurt                    |16           |dairy eggs  |2026-04-15               |2026-06-06 17:47:05.257839|
[2026-06-06T17:47:43.249+0000] {subprocess.py:106} INFO - |27      |13646     |3                |1        |129389 |prior   |16          |6        |20               |14.0                  |false         |Lemon Hummus                        |67      |fresh dips tapenades      |20           |deli        |2026-04-15               |2026-06-06 17:47:05.257839|
[2026-06-06T17:47:43.249+0000] {subprocess.py:106} INFO - |27      |21019     |4                |0        |129389 |prior   |16          |6        |20               |14.0                  |false         |Roasted Red Pepper Hummus           |67      |fresh dips tapenades      |20           |deli        |2026-04-15               |2026-06-06 17:47:05.257839|
[2026-06-06T17:47:43.249+0000] {subprocess.py:106} INFO - |27      |38226     |5                |0        |129389 |prior   |16          |6        |20               |14.0                  |false         |Dark Chocolate Chips                |45      |candy chocolate           |19           |snacks      |2026-04-15               |2026-06-06 17:47:05.257839|
[2026-06-06T17:47:43.249+0000] {subprocess.py:106} INFO - |27      |18479     |6                |1        |129389 |prior   |16          |6        |20               |14.0                  |false         |Organic Low Sodium Vegetable Broth  |69      |soup broth bouillon       |15           |canned goods|2026-04-15               |2026-06-06 17:47:05.257839|
[2026-06-06T17:47:43.250+0000] {subprocess.py:106} INFO - |27      |47766     |7                |1        |129389 |prior   |16          |6        |20               |14.0                  |false         |Organic Avocado                     |24      |fresh fruits              |4            |produce     |2026-04-15               |2026-06-06 17:47:05.257839|
[2026-06-06T17:47:43.250+0000] {subprocess.py:106} INFO - |27      |17794     |8                |1        |129389 |prior   |16          |6        |20               |14.0                  |false         |Carrots                             |83      |fresh vegetables          |4            |produce     |2026-04-15               |2026-06-06 17:47:05.257839|
[2026-06-06T17:47:43.250+0000] {subprocess.py:106} INFO - |27      |42701     |9                |1        |129389 |prior   |16          |6        |20               |14.0                  |false         |Organic Sour Cream                  |108     |other creams cheeses      |16           |dairy eggs  |2026-04-15               |2026-06-06 17:47:05.257839|
[2026-06-06T17:47:43.250+0000] {subprocess.py:106} INFO - |27      |21938     |10               |0        |129389 |prior   |16          |6        |20               |14.0                  |false         |Green Bell Pepper                   |83      |fresh vegetables          |4            |produce     |2026-04-15               |2026-06-06 17:47:05.257839|
[2026-06-06T17:47:43.250+0000] {subprocess.py:106} INFO - |27      |5373      |11               |1        |129389 |prior   |16          |6        |20               |14.0                  |false         |Organic No Salt Added Diced Tomatoes|81      |canned jarred vegetables  |15           |canned goods|2026-04-15               |2026-06-06 17:47:05.257839|
[2026-06-06T17:47:43.250+0000] {subprocess.py:106} INFO - |27      |28849     |12               |1        |129389 |prior   |16          |6        |20               |14.0                  |false         |No Salt Added Black Beans           |59      |canned meals beans        |15           |canned goods|2026-04-15               |2026-06-06 17:47:05.257839|
[2026-06-06T17:47:43.251+0000] {subprocess.py:106} INFO - +--------+----------+-----------------+---------+-------+--------+------------+---------+-----------------+----------------------+--------------+------------------------------------+--------+--------------------------+-------------+------------+-------------------------+--------------------------+
[2026-06-06T17:47:43.251+0000] {subprocess.py:106} INFO - only showing top 20 rows
[2026-06-06T17:47:43.251+0000] {subprocess.py:106} INFO - 
[2026-06-06T17:47:43.252+0000] {subprocess.py:106} INFO - [OK] Job Silver de order_items_prior_enriched concluído com sucesso.
[2026-06-06T17:47:43.957+0000] {subprocess.py:110} INFO - Command exited with return code 0
[2026-06-06T17:47:44.321+0000] {taskinstance.py:341} INFO - ::group::Post task execution logs
[2026-06-06T17:47:44.322+0000] {taskinstance.py:353} INFO - Marking task as SUCCESS. dag_id=dag_silver_order_items_prior_enriched, task_id=run_silver_order_items_prior_enriched, run_id=manual__2026-06-06T17:45:29.939917+00:00, execution_date=20260606T174529, start_date=20260606T174533, end_date=20260606T174744
[2026-06-06T17:47:44.390+0000] {local_task_job_runner.py:266} INFO - Task exited with return code 0
[2026-06-06T17:47:44.416+0000] {taskinstance.py:3901} INFO - 0 downstream tasks scheduled from follow-on schedule check
[2026-06-06T17:47:44.418+0000] {local_task_job_runner.py:245} INFO - ::endgroup::
