[2026-06-04T19:47:04.270+0000] {local_task_job_runner.py:123} INFO - ::group::Pre task execution logs
[2026-06-04T19:47:04.296+0000] {taskinstance.py:2614} INFO - Dependencies all met for dep_context=non-requeueable deps ti=<TaskInstance: dag_silver_products_enriched.run_silver_products_enriched manual__2026-06-04T19:47:00.947217+00:00 [queued]>
[2026-06-04T19:47:04.307+0000] {taskinstance.py:2614} INFO - Dependencies all met for dep_context=requeueable deps ti=<TaskInstance: dag_silver_products_enriched.run_silver_products_enriched manual__2026-06-04T19:47:00.947217+00:00 [queued]>
[2026-06-04T19:47:04.307+0000] {taskinstance.py:2867} INFO - Starting attempt 1 of 1
[2026-06-04T19:47:04.344+0000] {taskinstance.py:2890} INFO - Executing <Task(BashOperator): run_silver_products_enriched> on 2026-06-04 19:47:00.947217+00:00
[2026-06-04T19:47:04.352+0000] {standard_task_runner.py:104} INFO - Running: ['***', 'tasks', 'run', 'dag_silver_products_enriched', 'run_silver_products_enriched', 'manual__2026-06-04T19:47:00.947217+00:00', '--job-id', '149', '--raw', '--subdir', 'DAGS_FOLDER/dag_silver_products_enriched.py', '--cfg-path', '/tmp/tmp31h7lau4']
[2026-06-04T19:47:04.355+0000] {standard_task_runner.py:105} INFO - Job 149: Subtask run_silver_products_enriched
[2026-06-04T19:47:04.356+0000] {logging_mixin.py:190} WARNING - /home/***/.local/lib/python3.12/site-packages/***/task/task_runner/standard_task_runner.py:70 DeprecationWarning: This process (pid=1261) is multi-threaded, use of fork() may lead to deadlocks in the child.
[2026-06-04T19:47:04.357+0000] {standard_task_runner.py:72} INFO - Started process 1262 to run task
[2026-06-04T19:47:04.411+0000] {task_command.py:467} INFO - Running <TaskInstance: dag_silver_products_enriched.run_silver_products_enriched manual__2026-06-04T19:47:00.947217+00:00 [running]> on host 71f672a92783
[2026-06-04T19:47:04.530+0000] {taskinstance.py:3134} INFO - Exporting env vars: AIRFLOW_CTX_DAG_OWNER='***' AIRFLOW_CTX_DAG_ID='dag_silver_products_enriched' AIRFLOW_CTX_TASK_ID='run_silver_products_enriched' AIRFLOW_CTX_EXECUTION_DATE='2026-06-04T19:47:00.947217+00:00' AIRFLOW_CTX_TRY_NUMBER='1' AIRFLOW_CTX_DAG_RUN_ID='manual__2026-06-04T19:47:00.947217+00:00'
[2026-06-04T19:47:04.531+0000] {taskinstance.py:732} INFO - ::endgroup::
[2026-06-04T19:47:04.557+0000] {subprocess.py:78} INFO - Tmp dir root location: /tmp
[2026-06-04T19:47:04.558+0000] {subprocess.py:88} INFO - Running command: ['/usr/bin/bash', '-c', 'docker exec retail_lakehouse_spark /opt/spark/bin/spark-submit --master local[*] /opt/spark-apps/jobs/silver/silver_products_enriched.py']
[2026-06-04T19:47:04.573+0000] {subprocess.py:99} INFO - Output:
[2026-06-04T19:47:07.281+0000] {subprocess.py:106} INFO - ==================================================
[2026-06-04T19:47:07.281+0000] {subprocess.py:106} INFO - Retail Lakehouse - Silver de products_enriched
[2026-06-04T19:47:07.281+0000] {subprocess.py:106} INFO - ==================================================
[2026-06-04T19:47:07.353+0000] {subprocess.py:106} INFO - 26/06/04 19:47:07 INFO SparkContext: Running Spark version 3.5.1
[2026-06-04T19:47:07.357+0000] {subprocess.py:106} INFO - 26/06/04 19:47:07 INFO SparkContext: OS info Linux, 6.17.9-76061709-generic, amd64
[2026-06-04T19:47:07.357+0000] {subprocess.py:106} INFO - 26/06/04 19:47:07 INFO SparkContext: Java version 11.0.22
[2026-06-04T19:47:07.422+0000] {subprocess.py:106} INFO - 26/06/04 19:47:07 WARN NativeCodeLoader: Unable to load native-hadoop library for your platform... using builtin-java classes where applicable
[2026-06-04T19:47:07.514+0000] {subprocess.py:106} INFO - 26/06/04 19:47:07 INFO ResourceUtils: ==============================================================
[2026-06-04T19:47:07.515+0000] {subprocess.py:106} INFO - 26/06/04 19:47:07 INFO ResourceUtils: No custom resources configured for spark.driver.
[2026-06-04T19:47:07.515+0000] {subprocess.py:106} INFO - 26/06/04 19:47:07 INFO ResourceUtils: ==============================================================
[2026-06-04T19:47:07.516+0000] {subprocess.py:106} INFO - 26/06/04 19:47:07 INFO SparkContext: Submitted application: retail-lakehouse-spark-silver-products-enriched
[2026-06-04T19:47:07.553+0000] {subprocess.py:106} INFO - 26/06/04 19:47:07 INFO ResourceProfile: Default ResourceProfile created, executor resources: Map(cores -> name: cores, amount: 1, script: , vendor: , memory -> name: memory, amount: 1024, script: , vendor: , offHeap -> name: offHeap, amount: 0, script: , vendor: ), task resources: Map(cpus -> name: cpus, amount: 1.0)
[2026-06-04T19:47:07.568+0000] {subprocess.py:106} INFO - 26/06/04 19:47:07 INFO ResourceProfile: Limiting resource is cpu
[2026-06-04T19:47:07.569+0000] {subprocess.py:106} INFO - 26/06/04 19:47:07 INFO ResourceProfileManager: Added ResourceProfile id: 0
[2026-06-04T19:47:07.631+0000] {subprocess.py:106} INFO - 26/06/04 19:47:07 INFO SecurityManager: Changing view acls to: spark
[2026-06-04T19:47:07.632+0000] {subprocess.py:106} INFO - 26/06/04 19:47:07 INFO SecurityManager: Changing modify acls to: spark
[2026-06-04T19:47:07.635+0000] {subprocess.py:106} INFO - 26/06/04 19:47:07 INFO SecurityManager: Changing view acls groups to:
[2026-06-04T19:47:07.638+0000] {subprocess.py:106} INFO - 26/06/04 19:47:07 INFO SecurityManager: Changing modify acls groups to:
[2026-06-04T19:47:07.638+0000] {subprocess.py:106} INFO - 26/06/04 19:47:07 INFO SecurityManager: SecurityManager: authentication disabled; ui acls disabled; users with view permissions: spark; groups with view permissions: EMPTY; users with modify permissions: spark; groups with modify permissions: EMPTY
[2026-06-04T19:47:07.962+0000] {subprocess.py:106} INFO - 26/06/04 19:47:07 INFO Utils: Successfully started service 'sparkDriver' on port 37487.
[2026-06-04T19:47:08.012+0000] {subprocess.py:106} INFO - 26/06/04 19:47:08 INFO SparkEnv: Registering MapOutputTracker
[2026-06-04T19:47:08.138+0000] {subprocess.py:106} INFO - 26/06/04 19:47:08 INFO SparkEnv: Registering BlockManagerMaster
[2026-06-04T19:47:08.191+0000] {subprocess.py:106} INFO - 26/06/04 19:47:08 INFO BlockManagerMasterEndpoint: Using org.apache.spark.storage.DefaultTopologyMapper for getting topology information
[2026-06-04T19:47:08.193+0000] {subprocess.py:106} INFO - 26/06/04 19:47:08 INFO BlockManagerMasterEndpoint: BlockManagerMasterEndpoint up
[2026-06-04T19:47:08.199+0000] {subprocess.py:106} INFO - 26/06/04 19:47:08 INFO SparkEnv: Registering BlockManagerMasterHeartbeat
[2026-06-04T19:47:08.229+0000] {subprocess.py:106} INFO - 26/06/04 19:47:08 INFO DiskBlockManager: Created local directory at /tmp/blockmgr-b57bfba2-afc1-4dc6-a46f-46548fd30844
[2026-06-04T19:47:08.254+0000] {subprocess.py:106} INFO - 26/06/04 19:47:08 INFO MemoryStore: MemoryStore started with capacity 434.4 MiB
[2026-06-04T19:47:08.310+0000] {subprocess.py:106} INFO - 26/06/04 19:47:08 INFO SparkEnv: Registering OutputCommitCoordinator
[2026-06-04T19:47:08.523+0000] {subprocess.py:106} INFO - 26/06/04 19:47:08 INFO JettyUtils: Start Jetty 0.0.0.0:4040 for SparkUI
[2026-06-04T19:47:08.646+0000] {subprocess.py:106} INFO - 26/06/04 19:47:08 INFO Utils: Successfully started service 'SparkUI' on port 4040.
[2026-06-04T19:47:08.785+0000] {subprocess.py:106} INFO - 26/06/04 19:47:08 INFO Executor: Starting executor ID driver on host 3784657b4992
[2026-06-04T19:47:08.785+0000] {subprocess.py:106} INFO - 26/06/04 19:47:08 INFO Executor: OS info Linux, 6.17.9-76061709-generic, amd64
[2026-06-04T19:47:08.786+0000] {subprocess.py:106} INFO - 26/06/04 19:47:08 INFO Executor: Java version 11.0.22
[2026-06-04T19:47:08.793+0000] {subprocess.py:106} INFO - 26/06/04 19:47:08 INFO Executor: Starting executor with user classpath (userClassPathFirst = false): ''
[2026-06-04T19:47:08.794+0000] {subprocess.py:106} INFO - 26/06/04 19:47:08 INFO Executor: Created or updated repl class loader org.apache.spark.util.MutableURLClassLoader@41672577 for default.
[2026-06-04T19:47:08.827+0000] {subprocess.py:106} INFO - 26/06/04 19:47:08 INFO Utils: Successfully started service 'org.apache.spark.network.netty.NettyBlockTransferService' on port 42857.
[2026-06-04T19:47:08.828+0000] {subprocess.py:106} INFO - 26/06/04 19:47:08 INFO NettyBlockTransferService: Server created on 3784657b4992:42857
[2026-06-04T19:47:08.830+0000] {subprocess.py:106} INFO - 26/06/04 19:47:08 INFO BlockManager: Using org.apache.spark.storage.RandomBlockReplicationPolicy for block replication policy
[2026-06-04T19:47:08.837+0000] {subprocess.py:106} INFO - 26/06/04 19:47:08 INFO BlockManagerMaster: Registering BlockManager BlockManagerId(driver, 3784657b4992, 42857, None)
[2026-06-04T19:47:08.846+0000] {subprocess.py:106} INFO - 26/06/04 19:47:08 INFO BlockManagerMasterEndpoint: Registering block manager 3784657b4992:42857 with 434.4 MiB RAM, BlockManagerId(driver, 3784657b4992, 42857, None)
[2026-06-04T19:47:08.854+0000] {subprocess.py:106} INFO - 26/06/04 19:47:08 INFO BlockManagerMaster: Registered BlockManager BlockManagerId(driver, 3784657b4992, 42857, None)
[2026-06-04T19:47:08.857+0000] {subprocess.py:106} INFO - 26/06/04 19:47:08 INFO BlockManager: Initialized BlockManager: BlockManagerId(driver, 3784657b4992, 42857, None)
[2026-06-04T19:47:09.352+0000] {subprocess.py:106} INFO - ==================================================
[2026-06-04T19:47:09.352+0000] {subprocess.py:106} INFO - Leitura da Bronze de products
[2026-06-04T19:47:09.353+0000] {subprocess.py:106} INFO - ==================================================
[2026-06-04T19:47:09.353+0000] {subprocess.py:106} INFO - Diretório de entrada: /data/bronze/instacart/products/ingestion_date=2026-04-15
[2026-06-04T19:47:12.664+0000] {subprocess.py:106} INFO - Schema da Bronze de products:
[2026-06-04T19:47:12.691+0000] {subprocess.py:106} INFO - root
[2026-06-04T19:47:12.691+0000] {subprocess.py:106} INFO -  |-- product_id: integer (nullable = true)
[2026-06-04T19:47:12.692+0000] {subprocess.py:106} INFO -  |-- product_name: string (nullable = true)
[2026-06-04T19:47:12.692+0000] {subprocess.py:106} INFO -  |-- aisle_id: integer (nullable = true)
[2026-06-04T19:47:12.692+0000] {subprocess.py:106} INFO -  |-- department_id: integer (nullable = true)
[2026-06-04T19:47:12.692+0000] {subprocess.py:106} INFO -  |-- source_file_name: string (nullable = true)
[2026-06-04T19:47:12.692+0000] {subprocess.py:106} INFO -  |-- raw_ingestion_date: string (nullable = true)
[2026-06-04T19:47:12.692+0000] {subprocess.py:106} INFO -  |-- bronze_processed_at: timestamp (nullable = true)
[2026-06-04T19:47:12.693+0000] {subprocess.py:106} INFO - 
[2026-06-04T19:47:12.693+0000] {subprocess.py:106} INFO - ==================================================
[2026-06-04T19:47:12.693+0000] {subprocess.py:106} INFO - Leitura da Bronze de aisles
[2026-06-04T19:47:12.693+0000] {subprocess.py:106} INFO - ==================================================
[2026-06-04T19:47:12.693+0000] {subprocess.py:106} INFO - Diretório de entrada: /data/bronze/instacart/aisles/ingestion_date=2026-04-15
[2026-06-04T19:47:12.822+0000] {subprocess.py:106} INFO - Schema da Bronze de aisles:
[2026-06-04T19:47:12.822+0000] {subprocess.py:106} INFO - root
[2026-06-04T19:47:12.824+0000] {subprocess.py:106} INFO -  |-- aisle_id: integer (nullable = true)
[2026-06-04T19:47:12.824+0000] {subprocess.py:106} INFO -  |-- aisle: string (nullable = true)
[2026-06-04T19:47:12.824+0000] {subprocess.py:106} INFO -  |-- source_file_name: string (nullable = true)
[2026-06-04T19:47:12.825+0000] {subprocess.py:106} INFO -  |-- raw_ingestion_date: string (nullable = true)
[2026-06-04T19:47:12.825+0000] {subprocess.py:106} INFO -  |-- bronze_processed_at: timestamp (nullable = true)
[2026-06-04T19:47:12.825+0000] {subprocess.py:106} INFO - 
[2026-06-04T19:47:12.825+0000] {subprocess.py:106} INFO - ==================================================
[2026-06-04T19:47:12.825+0000] {subprocess.py:106} INFO - Leitura da Bronze de departments
[2026-06-04T19:47:12.825+0000] {subprocess.py:106} INFO - ==================================================
[2026-06-04T19:47:12.826+0000] {subprocess.py:106} INFO - Diretório de entrada: /data/bronze/instacart/departments/ingestion_date=2026-04-15
[2026-06-04T19:47:12.938+0000] {subprocess.py:106} INFO - Schema da Bronze de departments:
[2026-06-04T19:47:12.941+0000] {subprocess.py:106} INFO - root
[2026-06-04T19:47:12.942+0000] {subprocess.py:106} INFO -  |-- department_id: integer (nullable = true)
[2026-06-04T19:47:12.942+0000] {subprocess.py:106} INFO -  |-- department: string (nullable = true)
[2026-06-04T19:47:12.942+0000] {subprocess.py:106} INFO -  |-- source_file_name: string (nullable = true)
[2026-06-04T19:47:12.942+0000] {subprocess.py:106} INFO -  |-- raw_ingestion_date: string (nullable = true)
[2026-06-04T19:47:12.942+0000] {subprocess.py:106} INFO -  |-- bronze_processed_at: timestamp (nullable = true)
[2026-06-04T19:47:12.942+0000] {subprocess.py:106} INFO - 
[2026-06-04T19:47:12.943+0000] {subprocess.py:106} INFO - ==================================================
[2026-06-04T19:47:12.943+0000] {subprocess.py:106} INFO - Transformação Silver de products_enriched
[2026-06-04T19:47:12.943+0000] {subprocess.py:106} INFO - ==================================================
[2026-06-04T19:47:13.242+0000] {subprocess.py:106} INFO - Schema após enriquecimento Silver:
[2026-06-04T19:47:13.242+0000] {subprocess.py:106} INFO - root
[2026-06-04T19:47:13.243+0000] {subprocess.py:106} INFO -  |-- product_id: integer (nullable = true)
[2026-06-04T19:47:13.243+0000] {subprocess.py:106} INFO -  |-- product_name: string (nullable = true)
[2026-06-04T19:47:13.243+0000] {subprocess.py:106} INFO -  |-- aisle_id: integer (nullable = true)
[2026-06-04T19:47:13.243+0000] {subprocess.py:106} INFO -  |-- aisle: string (nullable = true)
[2026-06-04T19:47:13.244+0000] {subprocess.py:106} INFO -  |-- department_id: integer (nullable = true)
[2026-06-04T19:47:13.244+0000] {subprocess.py:106} INFO -  |-- department: string (nullable = true)
[2026-06-04T19:47:13.244+0000] {subprocess.py:106} INFO -  |-- bronze_raw_ingestion_date: string (nullable = true)
[2026-06-04T19:47:13.244+0000] {subprocess.py:106} INFO -  |-- silver_processed_at: timestamp (nullable = false)
[2026-06-04T19:47:13.244+0000] {subprocess.py:106} INFO - 
[2026-06-04T19:47:13.244+0000] {subprocess.py:106} INFO - ==================================================
[2026-06-04T19:47:13.244+0000] {subprocess.py:106} INFO - Escrita da Silver de products_enriched
[2026-06-04T19:47:13.245+0000] {subprocess.py:106} INFO - ==================================================
[2026-06-04T19:47:13.245+0000] {subprocess.py:106} INFO - Diretório de saída: /data/silver/instacart/products_enriched/ingestion_date=2026-04-15
[2026-06-04T19:47:16.555+0000] {subprocess.py:106} INFO - [OK] Silver de products_enriched escrita com sucesso em Parquet.
[2026-06-04T19:47:16.555+0000] {subprocess.py:106} INFO - ==================================================
[2026-06-04T19:47:16.555+0000] {subprocess.py:106} INFO - Resumo da Silver de products_enriched
[2026-06-04T19:47:16.555+0000] {subprocess.py:106} INFO - ==================================================
[2026-06-04T19:47:17.223+0000] {subprocess.py:106} INFO - Total de registros: 49688
[2026-06-04T19:47:17.224+0000] {subprocess.py:106} INFO - Diretório final: /data/silver/instacart/products_enriched/ingestion_date=2026-04-15
[2026-06-04T19:47:17.224+0000] {subprocess.py:106} INFO - Prévia dos dados:
[2026-06-04T19:47:18.596+0000] {subprocess.py:106} INFO - +----------+-----------------------------------------------------------------+--------+-----------------------------+-------------+---------------+-------------------------+--------------------------+
[2026-06-04T19:47:18.596+0000] {subprocess.py:106} INFO - |product_id|product_name                                                     |aisle_id|aisle                        |department_id|department     |bronze_raw_ingestion_date|silver_processed_at       |
[2026-06-04T19:47:18.596+0000] {subprocess.py:106} INFO - +----------+-----------------------------------------------------------------+--------+-----------------------------+-------------+---------------+-------------------------+--------------------------+
[2026-06-04T19:47:18.599+0000] {subprocess.py:106} INFO - |1         |Chocolate Sandwich Cookies                                       |61      |cookies cakes                |19           |snacks         |2026-04-15               |2026-06-04 19:47:17.264391|
[2026-06-04T19:47:18.599+0000] {subprocess.py:106} INFO - |2         |All-Seasons Salt                                                 |104     |spices seasonings            |13           |pantry         |2026-04-15               |2026-06-04 19:47:17.264391|
[2026-06-04T19:47:18.599+0000] {subprocess.py:106} INFO - |3         |Robust Golden Unsweetened Oolong Tea                             |94      |tea                          |7            |beverages      |2026-04-15               |2026-06-04 19:47:17.264391|
[2026-06-04T19:47:18.599+0000] {subprocess.py:106} INFO - |4         |Smart Ones Classic Favorites Mini Rigatoni With Vodka Cream Sauce|38      |frozen meals                 |1            |frozen         |2026-04-15               |2026-06-04 19:47:17.264391|
[2026-06-04T19:47:18.599+0000] {subprocess.py:106} INFO - |5         |Green Chile Anytime Sauce                                        |5       |marinades meat preparation   |13           |pantry         |2026-04-15               |2026-06-04 19:47:17.264391|
[2026-06-04T19:47:18.600+0000] {subprocess.py:106} INFO - |6         |Dry Nose Oil                                                     |11      |cold flu allergy             |11           |personal care  |2026-04-15               |2026-06-04 19:47:17.264391|
[2026-06-04T19:47:18.600+0000] {subprocess.py:106} INFO - |7         |Pure Coconut Water With Orange                                   |98      |juice nectars                |7            |beverages      |2026-04-15               |2026-06-04 19:47:17.264391|
[2026-06-04T19:47:18.600+0000] {subprocess.py:106} INFO - |8         |Cut Russet Potatoes Steam N' Mash                                |116     |frozen produce               |1            |frozen         |2026-04-15               |2026-06-04 19:47:17.264391|
[2026-06-04T19:47:18.600+0000] {subprocess.py:106} INFO - |9         |Light Strawberry Blueberry Yogurt                                |120     |yogurt                       |16           |dairy eggs     |2026-04-15               |2026-06-04 19:47:17.264391|
[2026-06-04T19:47:18.600+0000] {subprocess.py:106} INFO - |10        |Sparkling Orange Juice & Prickly Pear Beverage                   |115     |water seltzer sparkling water|7            |beverages      |2026-04-15               |2026-06-04 19:47:17.264391|
[2026-06-04T19:47:18.600+0000] {subprocess.py:106} INFO - |11        |Peach Mango Juice                                                |31      |refrigerated                 |7            |beverages      |2026-04-15               |2026-06-04 19:47:17.264391|
[2026-06-04T19:47:18.601+0000] {subprocess.py:106} INFO - |12        |Chocolate Fudge Layer Cake                                       |119     |frozen dessert               |1            |frozen         |2026-04-15               |2026-06-04 19:47:17.264391|
[2026-06-04T19:47:18.601+0000] {subprocess.py:106} INFO - |13        |Saline Nasal Mist                                                |11      |cold flu allergy             |11           |personal care  |2026-04-15               |2026-06-04 19:47:17.264391|
[2026-06-04T19:47:18.601+0000] {subprocess.py:106} INFO - |14        |Fresh Scent Dishwasher Cleaner                                   |74      |dish detergents              |17           |household      |2026-04-15               |2026-06-04 19:47:17.264391|
[2026-06-04T19:47:18.601+0000] {subprocess.py:106} INFO - |15        |Overnight Diapers Size 6                                         |56      |diapers wipes                |18           |babies         |2026-04-15               |2026-06-04 19:47:17.264391|
[2026-06-04T19:47:18.601+0000] {subprocess.py:106} INFO - |16        |Mint Chocolate Flavored Syrup                                    |103     |ice cream toppings           |19           |snacks         |2026-04-15               |2026-06-04 19:47:17.264391|
[2026-06-04T19:47:18.601+0000] {subprocess.py:106} INFO - |17        |Rendered Duck Fat                                                |35      |poultry counter              |12           |meat seafood   |2026-04-15               |2026-06-04 19:47:17.264391|
[2026-06-04T19:47:18.601+0000] {subprocess.py:106} INFO - |18        |Pizza for One Suprema  Frozen Pizza                              |79      |frozen pizza                 |1            |frozen         |2026-04-15               |2026-06-04 19:47:17.264391|
[2026-06-04T19:47:18.602+0000] {subprocess.py:106} INFO - |19        |Gluten Free Quinoa Three Cheese & Mushroom Blend                 |63      |grains rice dried goods      |9            |dry goods pasta|2026-04-15               |2026-06-04 19:47:17.264391|
[2026-06-04T19:47:18.602+0000] {subprocess.py:106} INFO - |20        |Pomegranate Cranberry & Aloe Vera Enrich Drink                   |98      |juice nectars                |7            |beverages      |2026-04-15               |2026-06-04 19:47:17.264391|
[2026-06-04T19:47:18.602+0000] {subprocess.py:106} INFO - +----------+-----------------------------------------------------------------+--------+-----------------------------+-------------+---------------+-------------------------+--------------------------+
[2026-06-04T19:47:18.602+0000] {subprocess.py:106} INFO - only showing top 20 rows
[2026-06-04T19:47:18.602+0000] {subprocess.py:106} INFO - 
[2026-06-04T19:47:18.602+0000] {subprocess.py:106} INFO - [OK] Job Silver de products_enriched concluído com sucesso.
[2026-06-04T19:47:18.941+0000] {subprocess.py:110} INFO - Command exited with return code 0
[2026-06-04T19:47:18.972+0000] {taskinstance.py:341} INFO - ::group::Post task execution logs
[2026-06-04T19:47:18.973+0000] {taskinstance.py:353} INFO - Marking task as SUCCESS. dag_id=dag_silver_products_enriched, task_id=run_silver_products_enriched, run_id=manual__2026-06-04T19:47:00.947217+00:00, execution_date=20260604T194700, start_date=20260604T194704, end_date=20260604T194718
[2026-06-04T19:47:19.017+0000] {local_task_job_runner.py:266} INFO - Task exited with return code 0
[2026-06-04T19:47:19.036+0000] {taskinstance.py:3901} INFO - 0 downstream tasks scheduled from follow-on schedule check
[2026-06-04T19:47:19.038+0000] {local_task_job_runner.py:245} INFO - ::endgroup::
