[2026-06-01T14:16:08.404+0000] {local_task_job_runner.py:123} INFO - ::group::Pre task execution logs
[2026-06-01T14:16:08.428+0000] {taskinstance.py:2614} INFO - Dependencies all met for dep_context=non-requeueable deps ti=<TaskInstance: dag_bronze_order_products_train.run_bronze_order_products_train manual__2026-06-01T14:16:05.956709+00:00 [queued]>
[2026-06-01T14:16:08.437+0000] {taskinstance.py:2614} INFO - Dependencies all met for dep_context=requeueable deps ti=<TaskInstance: dag_bronze_order_products_train.run_bronze_order_products_train manual__2026-06-01T14:16:05.956709+00:00 [queued]>
[2026-06-01T14:16:08.438+0000] {taskinstance.py:2867} INFO - Starting attempt 1 of 1
[2026-06-01T14:16:08.471+0000] {taskinstance.py:2890} INFO - Executing <Task(BashOperator): run_bronze_order_products_train> on 2026-06-01 14:16:05.956709+00:00
[2026-06-01T14:16:08.479+0000] {standard_task_runner.py:104} INFO - Running: ['***', 'tasks', 'run', 'dag_bronze_order_products_train', 'run_bronze_order_products_train', 'manual__2026-06-01T14:16:05.956709+00:00', '--job-id', '141', '--raw', '--subdir', 'DAGS_FOLDER/dag_bronze_order_products_train.py', '--cfg-path', '/tmp/tmpss_egiwz']
[2026-06-01T14:16:08.481+0000] {standard_task_runner.py:105} INFO - Job 141: Subtask run_bronze_order_products_train
[2026-06-01T14:16:08.482+0000] {logging_mixin.py:190} WARNING - /home/***/.local/lib/python3.12/site-packages/***/task/task_runner/standard_task_runner.py:70 DeprecationWarning: This process (pid=3381) is multi-threaded, use of fork() may lead to deadlocks in the child.
[2026-06-01T14:16:08.483+0000] {standard_task_runner.py:72} INFO - Started process 3382 to run task
[2026-06-01T14:16:08.533+0000] {task_command.py:467} INFO - Running <TaskInstance: dag_bronze_order_products_train.run_bronze_order_products_train manual__2026-06-01T14:16:05.956709+00:00 [running]> on host 71f672a92783
[2026-06-01T14:16:08.634+0000] {taskinstance.py:3134} INFO - Exporting env vars: AIRFLOW_CTX_DAG_OWNER='***' AIRFLOW_CTX_DAG_ID='dag_bronze_order_products_train' AIRFLOW_CTX_TASK_ID='run_bronze_order_products_train' AIRFLOW_CTX_EXECUTION_DATE='2026-06-01T14:16:05.956709+00:00' AIRFLOW_CTX_TRY_NUMBER='1' AIRFLOW_CTX_DAG_RUN_ID='manual__2026-06-01T14:16:05.956709+00:00'
[2026-06-01T14:16:08.634+0000] {taskinstance.py:732} INFO - ::endgroup::
[2026-06-01T14:16:08.649+0000] {subprocess.py:78} INFO - Tmp dir root location: /tmp
[2026-06-01T14:16:08.650+0000] {subprocess.py:88} INFO - Running command: ['/usr/bin/bash', '-c', 'docker exec retail_lakehouse_spark /opt/spark/bin/spark-submit --master local[*] /opt/spark-apps/jobs/bronze/bronze_order_products_train.py']
[2026-06-01T14:16:08.662+0000] {subprocess.py:99} INFO - Output:
[2026-06-01T14:16:10.967+0000] {subprocess.py:106} INFO - ==================================================
[2026-06-01T14:16:10.967+0000] {subprocess.py:106} INFO - Retail Lakehouse - Bronze de order_products_train
[2026-06-01T14:16:10.968+0000] {subprocess.py:106} INFO - ==================================================
[2026-06-01T14:16:11.035+0000] {subprocess.py:106} INFO - 26/06/01 14:16:11 INFO SparkContext: Running Spark version 3.5.1
[2026-06-01T14:16:11.037+0000] {subprocess.py:106} INFO - 26/06/01 14:16:11 INFO SparkContext: OS info Linux, 6.17.9-76061709-generic, amd64
[2026-06-01T14:16:11.038+0000] {subprocess.py:106} INFO - 26/06/01 14:16:11 INFO SparkContext: Java version 11.0.22
[2026-06-01T14:16:11.097+0000] {subprocess.py:106} INFO - 26/06/01 14:16:11 WARN NativeCodeLoader: Unable to load native-hadoop library for your platform... using builtin-java classes where applicable
[2026-06-01T14:16:11.177+0000] {subprocess.py:106} INFO - 26/06/01 14:16:11 INFO ResourceUtils: ==============================================================
[2026-06-01T14:16:11.178+0000] {subprocess.py:106} INFO - 26/06/01 14:16:11 INFO ResourceUtils: No custom resources configured for spark.driver.
[2026-06-01T14:16:11.178+0000] {subprocess.py:106} INFO - 26/06/01 14:16:11 INFO ResourceUtils: ==============================================================
[2026-06-01T14:16:11.178+0000] {subprocess.py:106} INFO - 26/06/01 14:16:11 INFO SparkContext: Submitted application: retail-lakehouse-spark-bronze-order-products-train
[2026-06-01T14:16:11.201+0000] {subprocess.py:106} INFO - 26/06/01 14:16:11 INFO ResourceProfile: Default ResourceProfile created, executor resources: Map(cores -> name: cores, amount: 1, script: , vendor: , memory -> name: memory, amount: 1024, script: , vendor: , offHeap -> name: offHeap, amount: 0, script: , vendor: ), task resources: Map(cpus -> name: cpus, amount: 1.0)
[2026-06-01T14:16:11.215+0000] {subprocess.py:106} INFO - 26/06/01 14:16:11 INFO ResourceProfile: Limiting resource is cpu
[2026-06-01T14:16:11.216+0000] {subprocess.py:106} INFO - 26/06/01 14:16:11 INFO ResourceProfileManager: Added ResourceProfile id: 0
[2026-06-01T14:16:11.278+0000] {subprocess.py:106} INFO - 26/06/01 14:16:11 INFO SecurityManager: Changing view acls to: spark
[2026-06-01T14:16:11.279+0000] {subprocess.py:106} INFO - 26/06/01 14:16:11 INFO SecurityManager: Changing modify acls to: spark
[2026-06-01T14:16:11.280+0000] {subprocess.py:106} INFO - 26/06/01 14:16:11 INFO SecurityManager: Changing view acls groups to:
[2026-06-01T14:16:11.280+0000] {subprocess.py:106} INFO - 26/06/01 14:16:11 INFO SecurityManager: Changing modify acls groups to:
[2026-06-01T14:16:11.281+0000] {subprocess.py:106} INFO - 26/06/01 14:16:11 INFO SecurityManager: SecurityManager: authentication disabled; ui acls disabled; users with view permissions: spark; groups with view permissions: EMPTY; users with modify permissions: spark; groups with modify permissions: EMPTY
[2026-06-01T14:16:11.557+0000] {subprocess.py:106} INFO - 26/06/01 14:16:11 INFO Utils: Successfully started service 'sparkDriver' on port 33395.
[2026-06-01T14:16:11.592+0000] {subprocess.py:106} INFO - 26/06/01 14:16:11 INFO SparkEnv: Registering MapOutputTracker
[2026-06-01T14:16:11.635+0000] {subprocess.py:106} INFO - 26/06/01 14:16:11 INFO SparkEnv: Registering BlockManagerMaster
[2026-06-01T14:16:11.660+0000] {subprocess.py:106} INFO - 26/06/01 14:16:11 INFO BlockManagerMasterEndpoint: Using org.apache.spark.storage.DefaultTopologyMapper for getting topology information
[2026-06-01T14:16:11.660+0000] {subprocess.py:106} INFO - 26/06/01 14:16:11 INFO BlockManagerMasterEndpoint: BlockManagerMasterEndpoint up
[2026-06-01T14:16:11.664+0000] {subprocess.py:106} INFO - 26/06/01 14:16:11 INFO SparkEnv: Registering BlockManagerMasterHeartbeat
[2026-06-01T14:16:11.690+0000] {subprocess.py:106} INFO - 26/06/01 14:16:11 INFO DiskBlockManager: Created local directory at /tmp/blockmgr-2cb26253-dd2c-4276-a4a2-c8525e2f4046
[2026-06-01T14:16:11.725+0000] {subprocess.py:106} INFO - 26/06/01 14:16:11 INFO MemoryStore: MemoryStore started with capacity 434.4 MiB
[2026-06-01T14:16:11.746+0000] {subprocess.py:106} INFO - 26/06/01 14:16:11 INFO SparkEnv: Registering OutputCommitCoordinator
[2026-06-01T14:16:11.901+0000] {subprocess.py:106} INFO - 26/06/01 14:16:11 INFO JettyUtils: Start Jetty 0.0.0.0:4040 for SparkUI
[2026-06-01T14:16:11.975+0000] {subprocess.py:106} INFO - 26/06/01 14:16:11 INFO Utils: Successfully started service 'SparkUI' on port 4040.
[2026-06-01T14:16:12.100+0000] {subprocess.py:106} INFO - 26/06/01 14:16:12 INFO Executor: Starting executor ID driver on host 3784657b4992
[2026-06-01T14:16:12.100+0000] {subprocess.py:106} INFO - 26/06/01 14:16:12 INFO Executor: OS info Linux, 6.17.9-76061709-generic, amd64
[2026-06-01T14:16:12.101+0000] {subprocess.py:106} INFO - 26/06/01 14:16:12 INFO Executor: Java version 11.0.22
[2026-06-01T14:16:12.107+0000] {subprocess.py:106} INFO - 26/06/01 14:16:12 INFO Executor: Starting executor with user classpath (userClassPathFirst = false): ''
[2026-06-01T14:16:12.108+0000] {subprocess.py:106} INFO - 26/06/01 14:16:12 INFO Executor: Created or updated repl class loader org.apache.spark.util.MutableURLClassLoader@6c946543 for default.
[2026-06-01T14:16:12.134+0000] {subprocess.py:106} INFO - 26/06/01 14:16:12 INFO Utils: Successfully started service 'org.apache.spark.network.netty.NettyBlockTransferService' on port 46231.
[2026-06-01T14:16:12.134+0000] {subprocess.py:106} INFO - 26/06/01 14:16:12 INFO NettyBlockTransferService: Server created on 3784657b4992:46231
[2026-06-01T14:16:12.136+0000] {subprocess.py:106} INFO - 26/06/01 14:16:12 INFO BlockManager: Using org.apache.spark.storage.RandomBlockReplicationPolicy for block replication policy
[2026-06-01T14:16:12.143+0000] {subprocess.py:106} INFO - 26/06/01 14:16:12 INFO BlockManagerMaster: Registering BlockManager BlockManagerId(driver, 3784657b4992, 46231, None)
[2026-06-01T14:16:12.146+0000] {subprocess.py:106} INFO - 26/06/01 14:16:12 INFO BlockManagerMasterEndpoint: Registering block manager 3784657b4992:46231 with 434.4 MiB RAM, BlockManagerId(driver, 3784657b4992, 46231, None)
[2026-06-01T14:16:12.148+0000] {subprocess.py:106} INFO - 26/06/01 14:16:12 INFO BlockManagerMaster: Registered BlockManager BlockManagerId(driver, 3784657b4992, 46231, None)
[2026-06-01T14:16:12.150+0000] {subprocess.py:106} INFO - 26/06/01 14:16:12 INFO BlockManager: Initialized BlockManager: BlockManagerId(driver, 3784657b4992, 46231, None)
[2026-06-01T14:16:12.574+0000] {subprocess.py:106} INFO - ==================================================
[2026-06-01T14:16:12.574+0000] {subprocess.py:106} INFO - Leitura da raw de order_products_train
[2026-06-01T14:16:12.575+0000] {subprocess.py:106} INFO - ==================================================
[2026-06-01T14:16:12.575+0000] {subprocess.py:106} INFO - Arquivo de entrada: /data/raw/instacart/order_products_train/ingestion_date=2026-04-15/order_products__train.csv
[2026-06-01T14:16:18.672+0000] {subprocess.py:106} INFO - Schema lido da raw:
[2026-06-01T14:16:18.674+0000] {subprocess.py:106} INFO - root
[2026-06-01T14:16:18.674+0000] {subprocess.py:106} INFO -  |-- order_id: string (nullable = true)
[2026-06-01T14:16:18.675+0000] {subprocess.py:106} INFO -  |-- product_id: string (nullable = true)
[2026-06-01T14:16:18.675+0000] {subprocess.py:106} INFO -  |-- add_to_cart_order: string (nullable = true)
[2026-06-01T14:16:18.675+0000] {subprocess.py:106} INFO -  |-- reordered: string (nullable = true)
[2026-06-01T14:16:18.675+0000] {subprocess.py:106} INFO - 
[2026-06-01T14:16:18.675+0000] {subprocess.py:106} INFO - ==================================================
[2026-06-01T14:16:18.675+0000] {subprocess.py:106} INFO - Transformação Bronze de order_products_train
[2026-06-01T14:16:18.676+0000] {subprocess.py:106} INFO - ==================================================
[2026-06-01T14:16:18.869+0000] {subprocess.py:106} INFO - Schema após transformação Bronze:
[2026-06-01T14:16:18.870+0000] {subprocess.py:106} INFO - root
[2026-06-01T14:16:18.872+0000] {subprocess.py:106} INFO -  |-- order_id: integer (nullable = true)
[2026-06-01T14:16:18.872+0000] {subprocess.py:106} INFO -  |-- product_id: integer (nullable = true)
[2026-06-01T14:16:18.872+0000] {subprocess.py:106} INFO -  |-- add_to_cart_order: integer (nullable = true)
[2026-06-01T14:16:18.872+0000] {subprocess.py:106} INFO -  |-- reordered: integer (nullable = true)
[2026-06-01T14:16:18.873+0000] {subprocess.py:106} INFO -  |-- source_file_name: string (nullable = false)
[2026-06-01T14:16:18.873+0000] {subprocess.py:106} INFO -  |-- raw_ingestion_date: string (nullable = false)
[2026-06-01T14:16:18.873+0000] {subprocess.py:106} INFO -  |-- bronze_processed_at: timestamp (nullable = false)
[2026-06-01T14:16:18.873+0000] {subprocess.py:106} INFO - 
[2026-06-01T14:16:18.873+0000] {subprocess.py:106} INFO - ==================================================
[2026-06-01T14:16:18.873+0000] {subprocess.py:106} INFO - Escrita da Bronze de order_products_train
[2026-06-01T14:16:18.874+0000] {subprocess.py:106} INFO - ==================================================
[2026-06-01T14:16:18.874+0000] {subprocess.py:106} INFO - Diretório de saída: /data/bronze/instacart/order_products_train/ingestion_date=2026-04-15
[2026-06-01T14:16:25.774+0000] {subprocess.py:106} INFO - [OK] Bronze de order_products_train escrita com sucesso em Parquet.
[2026-06-01T14:16:25.775+0000] {subprocess.py:106} INFO - ==================================================
[2026-06-01T14:16:25.775+0000] {subprocess.py:106} INFO - Resumo da Bronze de order_products_train
[2026-06-01T14:16:25.775+0000] {subprocess.py:106} INFO - ==================================================
[2026-06-01T14:16:27.341+0000] {subprocess.py:106} INFO - Total de registros: 1384617
[2026-06-01T14:16:27.342+0000] {subprocess.py:106} INFO - Diretório final: /data/bronze/instacart/order_products_train/ingestion_date=2026-04-15
[2026-06-01T14:16:27.342+0000] {subprocess.py:106} INFO - Prévia dos dados:
[2026-06-01T14:16:27.559+0000] {subprocess.py:106} INFO - +--------+----------+-----------------+---------+---------------------------------------------------------------------------------------------------+------------------+--------------------------+
[2026-06-01T14:16:27.559+0000] {subprocess.py:106} INFO - |order_id|product_id|add_to_cart_order|reordered|source_file_name                                                                                   |raw_ingestion_date|bronze_processed_at       |
[2026-06-01T14:16:27.559+0000] {subprocess.py:106} INFO - +--------+----------+-----------------+---------+---------------------------------------------------------------------------------------------------+------------------+--------------------------+
[2026-06-01T14:16:27.559+0000] {subprocess.py:106} INFO - |1       |49302     |1                |1        |file:///data/raw/instacart/order_products_train/ingestion_date=2026-04-15/order_products__train.csv|2026-04-15        |2026-06-01 14:16:27.373047|
[2026-06-01T14:16:27.559+0000] {subprocess.py:106} INFO - |1       |11109     |2                |1        |file:///data/raw/instacart/order_products_train/ingestion_date=2026-04-15/order_products__train.csv|2026-04-15        |2026-06-01 14:16:27.373047|
[2026-06-01T14:16:27.560+0000] {subprocess.py:106} INFO - |1       |10246     |3                |0        |file:///data/raw/instacart/order_products_train/ingestion_date=2026-04-15/order_products__train.csv|2026-04-15        |2026-06-01 14:16:27.373047|
[2026-06-01T14:16:27.560+0000] {subprocess.py:106} INFO - |1       |49683     |4                |0        |file:///data/raw/instacart/order_products_train/ingestion_date=2026-04-15/order_products__train.csv|2026-04-15        |2026-06-01 14:16:27.373047|
[2026-06-01T14:16:27.560+0000] {subprocess.py:106} INFO - |1       |43633     |5                |1        |file:///data/raw/instacart/order_products_train/ingestion_date=2026-04-15/order_products__train.csv|2026-04-15        |2026-06-01 14:16:27.373047|
[2026-06-01T14:16:27.560+0000] {subprocess.py:106} INFO - |1       |13176     |6                |0        |file:///data/raw/instacart/order_products_train/ingestion_date=2026-04-15/order_products__train.csv|2026-04-15        |2026-06-01 14:16:27.373047|
[2026-06-01T14:16:27.560+0000] {subprocess.py:106} INFO - |1       |47209     |7                |0        |file:///data/raw/instacart/order_products_train/ingestion_date=2026-04-15/order_products__train.csv|2026-04-15        |2026-06-01 14:16:27.373047|
[2026-06-01T14:16:27.560+0000] {subprocess.py:106} INFO - |1       |22035     |8                |1        |file:///data/raw/instacart/order_products_train/ingestion_date=2026-04-15/order_products__train.csv|2026-04-15        |2026-06-01 14:16:27.373047|
[2026-06-01T14:16:27.560+0000] {subprocess.py:106} INFO - |36      |39612     |1                |0        |file:///data/raw/instacart/order_products_train/ingestion_date=2026-04-15/order_products__train.csv|2026-04-15        |2026-06-01 14:16:27.373047|
[2026-06-01T14:16:27.561+0000] {subprocess.py:106} INFO - |36      |19660     |2                |1        |file:///data/raw/instacart/order_products_train/ingestion_date=2026-04-15/order_products__train.csv|2026-04-15        |2026-06-01 14:16:27.373047|
[2026-06-01T14:16:27.561+0000] {subprocess.py:106} INFO - |36      |49235     |3                |0        |file:///data/raw/instacart/order_products_train/ingestion_date=2026-04-15/order_products__train.csv|2026-04-15        |2026-06-01 14:16:27.373047|
[2026-06-01T14:16:27.561+0000] {subprocess.py:106} INFO - |36      |43086     |4                |1        |file:///data/raw/instacart/order_products_train/ingestion_date=2026-04-15/order_products__train.csv|2026-04-15        |2026-06-01 14:16:27.373047|
[2026-06-01T14:16:27.561+0000] {subprocess.py:106} INFO - |36      |46620     |5                |1        |file:///data/raw/instacart/order_products_train/ingestion_date=2026-04-15/order_products__train.csv|2026-04-15        |2026-06-01 14:16:27.373047|
[2026-06-01T14:16:27.561+0000] {subprocess.py:106} INFO - |36      |34497     |6                |1        |file:///data/raw/instacart/order_products_train/ingestion_date=2026-04-15/order_products__train.csv|2026-04-15        |2026-06-01 14:16:27.373047|
[2026-06-01T14:16:27.561+0000] {subprocess.py:106} INFO - |36      |48679     |7                |1        |file:///data/raw/instacart/order_products_train/ingestion_date=2026-04-15/order_products__train.csv|2026-04-15        |2026-06-01 14:16:27.373047|
[2026-06-01T14:16:27.562+0000] {subprocess.py:106} INFO - |36      |46979     |8                |1        |file:///data/raw/instacart/order_products_train/ingestion_date=2026-04-15/order_products__train.csv|2026-04-15        |2026-06-01 14:16:27.373047|
[2026-06-01T14:16:27.562+0000] {subprocess.py:106} INFO - |38      |11913     |1                |0        |file:///data/raw/instacart/order_products_train/ingestion_date=2026-04-15/order_products__train.csv|2026-04-15        |2026-06-01 14:16:27.373047|
[2026-06-01T14:16:27.562+0000] {subprocess.py:106} INFO - |38      |18159     |2                |0        |file:///data/raw/instacart/order_products_train/ingestion_date=2026-04-15/order_products__train.csv|2026-04-15        |2026-06-01 14:16:27.373047|
[2026-06-01T14:16:27.562+0000] {subprocess.py:106} INFO - |38      |4461      |3                |0        |file:///data/raw/instacart/order_products_train/ingestion_date=2026-04-15/order_products__train.csv|2026-04-15        |2026-06-01 14:16:27.373047|
[2026-06-01T14:16:27.562+0000] {subprocess.py:106} INFO - |38      |21616     |4                |1        |file:///data/raw/instacart/order_products_train/ingestion_date=2026-04-15/order_products__train.csv|2026-04-15        |2026-06-01 14:16:27.373047|
[2026-06-01T14:16:27.562+0000] {subprocess.py:106} INFO - +--------+----------+-----------------+---------+---------------------------------------------------------------------------------------------------+------------------+--------------------------+
[2026-06-01T14:16:27.562+0000] {subprocess.py:106} INFO - only showing top 20 rows
[2026-06-01T14:16:27.563+0000] {subprocess.py:106} INFO - 
[2026-06-01T14:16:27.563+0000] {subprocess.py:106} INFO - [OK] Job Bronze de order_products_train concluído com sucesso.
[2026-06-01T14:16:28.219+0000] {subprocess.py:110} INFO - Command exited with return code 0
[2026-06-01T14:16:28.255+0000] {taskinstance.py:341} INFO - ::group::Post task execution logs
[2026-06-01T14:16:28.255+0000] {taskinstance.py:353} INFO - Marking task as SUCCESS. dag_id=dag_bronze_order_products_train, task_id=run_bronze_order_products_train, run_id=manual__2026-06-01T14:16:05.956709+00:00, execution_date=20260601T141605, start_date=20260601T141608, end_date=20260601T141628
[2026-06-01T14:16:28.312+0000] {local_task_job_runner.py:266} INFO - Task exited with return code 0
[2026-06-01T14:16:28.345+0000] {taskinstance.py:3901} INFO - 0 downstream tasks scheduled from follow-on schedule check
[2026-06-01T14:16:28.368+0000] {local_task_job_runner.py:245} INFO - ::endgroup::
