[2026-04-15T15:17:06.529+0000] {local_task_job_runner.py:123} INFO - ::group::Pre task execution logs
[2026-04-15T15:17:06.557+0000] {taskinstance.py:2614} INFO - Dependencies all met for dep_context=non-requeueable deps ti=<TaskInstance: dag_ingest_instacart_local.show_ingestion_context manual__2026-04-15T15:17:04.100015+00:00 [queued]>
[2026-04-15T15:17:06.568+0000] {taskinstance.py:2614} INFO - Dependencies all met for dep_context=requeueable deps ti=<TaskInstance: dag_ingest_instacart_local.show_ingestion_context manual__2026-04-15T15:17:04.100015+00:00 [queued]>
[2026-04-15T15:17:06.568+0000] {taskinstance.py:2867} INFO - Starting attempt 1 of 1
[2026-04-15T15:17:06.669+0000] {taskinstance.py:2890} INFO - Executing <Task(PythonOperator): show_ingestion_context> on 2026-04-15 15:17:04.100015+00:00
[2026-04-15T15:17:06.706+0000] {standard_task_runner.py:104} INFO - Running: ['***', 'tasks', 'run', 'dag_ingest_instacart_local', 'show_ingestion_context', 'manual__2026-04-15T15:17:04.100015+00:00', '--job-id', '27', '--raw', '--subdir', 'DAGS_FOLDER/dag_ingest_instacart_local.py', '--cfg-path', '/tmp/tmp7vu45www']
[2026-04-15T15:17:06.715+0000] {standard_task_runner.py:105} INFO - Job 27: Subtask show_ingestion_context
[2026-04-15T15:17:06.718+0000] {logging_mixin.py:190} WARNING - /home/***/.local/lib/python3.12/site-packages/***/task/task_runner/standard_task_runner.py:70 DeprecationWarning: This process (pid=296) is multi-threaded, use of fork() may lead to deadlocks in the child.
[2026-04-15T15:17:06.721+0000] {standard_task_runner.py:72} INFO - Started process 297 to run task
[2026-04-15T15:17:06.879+0000] {task_command.py:467} INFO - Running <TaskInstance: dag_ingest_instacart_local.show_ingestion_context manual__2026-04-15T15:17:04.100015+00:00 [running]> on host cb1b6ff48ed9
[2026-04-15T15:17:07.058+0000] {taskinstance.py:3134} INFO - Exporting env vars: AIRFLOW_CTX_DAG_OWNER='***' AIRFLOW_CTX_DAG_ID='dag_ingest_instacart_local' AIRFLOW_CTX_TASK_ID='show_ingestion_context' AIRFLOW_CTX_EXECUTION_DATE='2026-04-15T15:17:04.100015+00:00' AIRFLOW_CTX_TRY_NUMBER='1' AIRFLOW_CTX_DAG_RUN_ID='manual__2026-04-15T15:17:04.100015+00:00'
[2026-04-15T15:17:07.059+0000] {taskinstance.py:732} INFO - ::endgroup::
[2026-04-15T15:17:07.074+0000] {logging_mixin.py:190} INFO - ==================================================
[2026-04-15T15:17:07.075+0000] {logging_mixin.py:190} INFO - Retail Lakehouse - DAG de ingestão local
[2026-04-15T15:17:07.075+0000] {logging_mixin.py:190} INFO - Objetivo: copiar o dataset Instacart para a camada raw local
[2026-04-15T15:17:07.075+0000] {logging_mixin.py:190} INFO - LOCAL_SOURCE_INSTACART_DIR=./data/source/instacart
[2026-04-15T15:17:07.075+0000] {logging_mixin.py:190} INFO - LOCAL_RAW_DIR=./data/raw
[2026-04-15T15:17:07.075+0000] {logging_mixin.py:190} INFO - ==================================================
[2026-04-15T15:17:07.076+0000] {python.py:240} INFO - Done. Returned value was: None
[2026-04-15T15:17:07.090+0000] {taskinstance.py:341} INFO - ::group::Post task execution logs
[2026-04-15T15:17:07.090+0000] {taskinstance.py:353} INFO - Marking task as SUCCESS. dag_id=dag_ingest_instacart_local, task_id=show_ingestion_context, run_id=manual__2026-04-15T15:17:04.100015+00:00, execution_date=20260415T151704, start_date=20260415T151706, end_date=20260415T151707
[2026-04-15T15:17:07.145+0000] {local_task_job_runner.py:266} INFO - Task exited with return code 0
[2026-04-15T15:17:07.175+0000] {taskinstance.py:3901} INFO - 1 downstream tasks scheduled from follow-on schedule check
[2026-04-15T15:17:07.268+0000] {local_task_job_runner.py:245} INFO - ::endgroup::
