[2026-05-18T13:32:17.892+0000] {local_task_job_runner.py:123} INFO - ::group::Pre task execution logs
[2026-05-18T13:32:17.922+0000] {taskinstance.py:2614} INFO - Dependencies all met for dep_context=non-requeueable deps ti=<TaskInstance: dag_bronze_orders.show_bronze_orders_context manual__2026-05-18T13:32:16.234561+00:00 [queued]>
[2026-05-18T13:32:17.934+0000] {taskinstance.py:2614} INFO - Dependencies all met for dep_context=requeueable deps ti=<TaskInstance: dag_bronze_orders.show_bronze_orders_context manual__2026-05-18T13:32:16.234561+00:00 [queued]>
[2026-05-18T13:32:17.934+0000] {taskinstance.py:2867} INFO - Starting attempt 1 of 1
[2026-05-18T13:32:17.952+0000] {taskinstance.py:2890} INFO - Executing <Task(PythonOperator): show_bronze_orders_context> on 2026-05-18 13:32:16.234561+00:00
[2026-05-18T13:32:17.967+0000] {logging_mixin.py:190} WARNING - /home/***/.local/lib/python3.12/site-packages/***/task/task_runner/standard_task_runner.py:70 DeprecationWarning: This process (pid=311) is multi-threaded, use of fork() may lead to deadlocks in the child.
[2026-05-18T13:32:17.968+0000] {standard_task_runner.py:72} INFO - Started process 327 to run task
[2026-05-18T13:32:17.991+0000] {standard_task_runner.py:104} INFO - Running: ['***', 'tasks', 'run', 'dag_bronze_orders', 'show_bronze_orders_context', 'manual__2026-05-18T13:32:16.234561+00:00', '--job-id', '115', '--raw', '--subdir', 'DAGS_FOLDER/dag_bronze_orders.py', '--cfg-path', '/tmp/tmpih6blh5k']
[2026-05-18T13:32:17.992+0000] {standard_task_runner.py:105} INFO - Job 115: Subtask show_bronze_orders_context
[2026-05-18T13:32:18.070+0000] {task_command.py:467} INFO - Running <TaskInstance: dag_bronze_orders.show_bronze_orders_context manual__2026-05-18T13:32:16.234561+00:00 [running]> on host 2a11bd5bb9e9
[2026-05-18T13:32:18.192+0000] {taskinstance.py:3134} INFO - Exporting env vars: AIRFLOW_CTX_DAG_OWNER='***' AIRFLOW_CTX_DAG_ID='dag_bronze_orders' AIRFLOW_CTX_TASK_ID='show_bronze_orders_context' AIRFLOW_CTX_EXECUTION_DATE='2026-05-18T13:32:16.234561+00:00' AIRFLOW_CTX_TRY_NUMBER='1' AIRFLOW_CTX_DAG_RUN_ID='manual__2026-05-18T13:32:16.234561+00:00'
[2026-05-18T13:32:18.193+0000] {taskinstance.py:732} INFO - ::endgroup::
[2026-05-18T13:32:18.217+0000] {logging_mixin.py:190} INFO - ==================================================
[2026-05-18T13:32:18.217+0000] {logging_mixin.py:190} INFO - Retail Lakehouse - Contexto Bronze orders
[2026-05-18T13:32:18.218+0000] {logging_mixin.py:190} INFO - LOCAL_RAW_DIR=./data/raw
[2026-05-18T13:32:18.218+0000] {logging_mixin.py:190} INFO - LOCAL_BRONZE_DIR=./data/bronze
[2026-05-18T13:32:18.218+0000] {logging_mixin.py:190} INFO - Objetivo: transformar raw de orders em Bronze Parquet
[2026-05-18T13:32:18.218+0000] {logging_mixin.py:190} INFO - Execução real do job: container Spark
[2026-05-18T13:32:18.218+0000] {logging_mixin.py:190} INFO - ==================================================
[2026-05-18T13:32:18.218+0000] {python.py:240} INFO - Done. Returned value was: None
[2026-05-18T13:32:18.235+0000] {taskinstance.py:341} INFO - ::group::Post task execution logs
[2026-05-18T13:32:18.236+0000] {taskinstance.py:353} INFO - Marking task as SUCCESS. dag_id=dag_bronze_orders, task_id=show_bronze_orders_context, run_id=manual__2026-05-18T13:32:16.234561+00:00, execution_date=20260518T133216, start_date=20260518T133217, end_date=20260518T133218
[2026-05-18T13:32:18.333+0000] {local_task_job_runner.py:266} INFO - Task exited with return code 0
[2026-05-18T13:32:18.370+0000] {taskinstance.py:3901} INFO - 1 downstream tasks scheduled from follow-on schedule check
[2026-05-18T13:32:18.374+0000] {local_task_job_runner.py:245} INFO - ::endgroup::
